============================================================
CONFIGURATION
============================================================
Device     : cuda:0
Dataset    : weather
Pred len   : 192
Seed       : 2024

--- Data ---
enc_in     : 21
seq_len    : 96
cycle      : 144
use_revin  : 1
batch_size : 256

--- Model ---
model_type : mlp
d_model    : 512
mrt_layers : 1
freq_layers: 0
fusion     : mode=serial, gate=0, sparsity=0.0

--- Training ---
base_lr    : 0.005
Stage1     : epochs=30, patience=15
Stage2     : epochs=3, patience=3, freeze_backbone=1
Stage3 FreDF: True
Stage3a    : epochs=12, patience=6
Stage3b    : epochs=20, patience=10, freq×0.67 model×0.33 mrt×0.10
============================================================

============================================================
STAGE 1: Train MRT only (freq_layers=0)
============================================================
train 36600
val 5079
test 10348
    iters: 100, epoch: 1 | loss: 0.6108654 | speed: 0.0559s/iter; left: 232s
Epoch: 1, Steps: 142 | Train: 0.6027733 Vali: 0.5600999 Test: 0.2426417
Validation loss decreased (inf --> 0.560100).  Saving model ...
Updating learning rate to 0.005
    iters: 100, epoch: 2 | loss: 0.5058381 | speed: 0.0433s/iter; left: 174s
Epoch: 2, Steps: 142 | Train: 0.5282456 Vali: 0.4896514 Test: 0.2138380
Validation loss decreased (0.560100 --> 0.489651).  Saving model ...
Updating learning rate to 0.005
    iters: 100, epoch: 3 | loss: 0.4623815 | speed: 0.0280s/iter; left: 109s
Epoch: 3, Steps: 142 | Train: 0.4976809 Vali: 0.4823456 Test: 0.2076636
Validation loss decreased (0.489651 --> 0.482346).  Saving model ...
Updating learning rate to 0.005
    iters: 100, epoch: 4 | loss: 0.4330544 | speed: 0.0337s/iter; left: 126s
Epoch: 4, Steps: 142 | Train: 0.4890270 Vali: 0.4757573 Test: 0.2064701
Validation loss decreased (0.482346 --> 0.475757).  Saving model ...
Updating learning rate to 0.004
    iters: 100, epoch: 5 | loss: 0.4430596 | speed: 0.0263s/iter; left: 94s
Epoch: 5, Steps: 142 | Train: 0.4809215 Vali: 0.4752613 Test: 0.2049861
Validation loss decreased (0.475757 --> 0.475261).  Saving model ...
Updating learning rate to 0.0032000000000000006
    iters: 100, epoch: 6 | loss: 0.5137811 | speed: 0.0276s/iter; left: 95s
Epoch: 6, Steps: 142 | Train: 0.4778044 Vali: 0.4731057 Test: 0.2044177
Validation loss decreased (0.475261 --> 0.473106).  Saving model ...
Updating learning rate to 0.0025600000000000006
    iters: 100, epoch: 7 | loss: 0.4557194 | speed: 0.0328s/iter; left: 108s
Epoch: 7, Steps: 142 | Train: 0.4750199 Vali: 0.4684101 Test: 0.2054488
Validation loss decreased (0.473106 --> 0.468410).  Saving model ...
Updating learning rate to 0.0020480000000000003
    iters: 100, epoch: 8 | loss: 0.4209474 | speed: 0.0268s/iter; left: 85s
Epoch: 8, Steps: 142 | Train: 0.4728510 Vali: 0.4722163 Test: 0.2033031
EarlyStopping counter: 1 out of 15
Updating learning rate to 0.0016384000000000004
    iters: 100, epoch: 9 | loss: 0.6109670 | speed: 0.0256s/iter; left: 78s
Epoch: 9, Steps: 142 | Train: 0.4705248 Vali: 0.4674208 Test: 0.2035562
Validation loss decreased (0.468410 --> 0.467421).  Saving model ...
Updating learning rate to 0.0013107200000000005
    iters: 100, epoch: 10 | loss: 0.5156938 | speed: 0.0317s/iter; left: 91s
Epoch: 10, Steps: 142 | Train: 0.4685615 Vali: 0.4618020 Test: 0.2027186
Validation loss decreased (0.467421 --> 0.461802).  Saving model ...
Updating learning rate to 0.0010485760000000005
    iters: 100, epoch: 11 | loss: 0.4605627 | speed: 0.0417s/iter; left: 114s
Epoch: 11, Steps: 142 | Train: 0.4673602 Vali: 0.4630214 Test: 0.2033200
EarlyStopping counter: 1 out of 15
Updating learning rate to 0.0008388608000000005
    iters: 100, epoch: 12 | loss: 0.5263965 | speed: 0.0399s/iter; left: 104s
Epoch: 12, Steps: 142 | Train: 0.4659158 Vali: 0.4623233 Test: 0.2026355
EarlyStopping counter: 2 out of 15
Updating learning rate to 0.0006710886400000003
    iters: 100, epoch: 13 | loss: 0.4647105 | speed: 0.0419s/iter; left: 103s
Epoch: 13, Steps: 142 | Train: 0.4647603 Vali: 0.4580258 Test: 0.2033126
Validation loss decreased (0.461802 --> 0.458026).  Saving model ...
Updating learning rate to 0.0005368709120000003
    iters: 100, epoch: 14 | loss: 0.4082888 | speed: 0.0396s/iter; left: 92s
Epoch: 14, Steps: 142 | Train: 0.4647920 Vali: 0.4654591 Test: 0.2035499
EarlyStopping counter: 1 out of 15
Updating learning rate to 0.0004294967296000003
    iters: 100, epoch: 15 | loss: 0.5354674 | speed: 0.0388s/iter; left: 84s
Epoch: 15, Steps: 142 | Train: 0.4638194 Vali: 0.4595975 Test: 0.2034247
EarlyStopping counter: 2 out of 15
Updating learning rate to 0.0003435973836800002
    iters: 100, epoch: 16 | loss: 0.3643117 | speed: 0.0402s/iter; left: 82s
Epoch: 16, Steps: 142 | Train: 0.4626483 Vali: 0.4638376 Test: 0.2029792
EarlyStopping counter: 3 out of 15
Updating learning rate to 0.0002748779069440002
    iters: 100, epoch: 17 | loss: 0.5406288 | speed: 0.0274s/iter; left: 52s
Epoch: 17, Steps: 142 | Train: 0.4626319 Vali: 0.4593061 Test: 0.2029629
EarlyStopping counter: 4 out of 15
Updating learning rate to 0.00021990232555520019
    iters: 100, epoch: 18 | loss: 0.5625479 | speed: 0.0294s/iter; left: 51s
Epoch: 18, Steps: 142 | Train: 0.4622500 Vali: 0.4607294 Test: 0.2026813
EarlyStopping counter: 5 out of 15
Updating learning rate to 0.00017592186044416015
    iters: 100, epoch: 19 | loss: 0.5769745 | speed: 0.0281s/iter; left: 45s
Epoch: 19, Steps: 142 | Train: 0.4616067 Vali: 0.4639011 Test: 0.2031876
EarlyStopping counter: 6 out of 15
Updating learning rate to 0.00014073748835532812
    iters: 100, epoch: 20 | loss: 0.4198607 | speed: 0.0330s/iter; left: 48s
Epoch: 20, Steps: 142 | Train: 0.4607077 Vali: 0.4614245 Test: 0.2031904
EarlyStopping counter: 7 out of 15
Updating learning rate to 0.00011258999068426252
    iters: 100, epoch: 21 | loss: 0.3572787 | speed: 0.0427s/iter; left: 56s
Epoch: 21, Steps: 142 | Train: 0.4622719 Vali: 0.4622388 Test: 0.2031598
EarlyStopping counter: 8 out of 15
Updating learning rate to 9.007199254741001e-05
    iters: 100, epoch: 22 | loss: 0.4706200 | speed: 0.0316s/iter; left: 37s
Epoch: 22, Steps: 142 | Train: 0.4619837 Vali: 0.4604390 Test: 0.2029433
EarlyStopping counter: 9 out of 15
Updating learning rate to 7.205759403792801e-05
    iters: 100, epoch: 23 | loss: 0.5404348 | speed: 0.0264s/iter; left: 27s
Epoch: 23, Steps: 142 | Train: 0.4609170 Vali: 0.4611925 Test: 0.2027515
EarlyStopping counter: 10 out of 15
Updating learning rate to 5.764607523034242e-05
    iters: 100, epoch: 24 | loss: 0.4685592 | speed: 0.0320s/iter; left: 29s
Epoch: 24, Steps: 142 | Train: 0.4610612 Vali: 0.4592811 Test: 0.2028798
EarlyStopping counter: 11 out of 15
Updating learning rate to 4.611686018427394e-05
    iters: 100, epoch: 25 | loss: 0.3945787 | speed: 0.0263s/iter; left: 20s
Epoch: 25, Steps: 142 | Train: 0.4607118 Vali: 0.4620652 Test: 0.2028798
EarlyStopping counter: 12 out of 15
Updating learning rate to 3.689348814741915e-05
    iters: 100, epoch: 26 | loss: 0.4374488 | speed: 0.0218s/iter; left: 13s
Epoch: 26, Steps: 142 | Train: 0.4607482 Vali: 0.4622357 Test: 0.2028785
EarlyStopping counter: 13 out of 15
Updating learning rate to 2.951479051793532e-05
    iters: 100, epoch: 27 | loss: 0.5520322 | speed: 0.0225s/iter; left: 11s
Epoch: 27, Steps: 142 | Train: 0.4611920 Vali: 0.4582691 Test: 0.2027766
EarlyStopping counter: 14 out of 15
Updating learning rate to 2.361183241434826e-05
    iters: 100, epoch: 28 | loss: 0.5521182 | speed: 0.0222s/iter; left: 7s
Epoch: 28, Steps: 142 | Train: 0.4600689 Vali: 0.4607368 Test: 0.2028572
EarlyStopping counter: 15 out of 15
Early stopping at epoch 28
STAGE 1 RESULT: mse=0.2053, mae=0.2476, smape=60.2789

============================================================
STAGE 2: Load MRT + add Freq branch (frozen backbone/MRT/cycle, max_epochs=3, patience=3)
============================================================
train 36600
val 5079
test 10348
Loaded 10 params from stage1, 0 new (Freq branch)
Trainable: 1,030 / 152,467 (0.7%)  freeze_backbone=1
    iters: 100, epoch: 1 | loss: 1.0125041 | speed: 0.0225s/iter; left: 7s
Epoch: 1, Train: 0.9684373 Vali: 0.4644057
[diag s2-1]  freq.rs=-0.0069 mask.mean=0.438 mask.std=0.141  mrt.rs=+0.7534
Validation loss decreased (inf --> 0.464406).  Saving model ...
    iters: 100, epoch: 2 | loss: 0.9835843 | speed: 0.0222s/iter; left: 4s
Epoch: 2, Train: 0.9686362 Vali: 0.4631491
[diag s2-2]  freq.rs=-0.0113 mask.mean=0.438 mask.std=0.141  mrt.rs=+0.7534
Validation loss decreased (0.464406 --> 0.463149).  Saving model ...
    iters: 100, epoch: 3 | loss: 1.0179207 | speed: 0.0262s/iter; left: 1s
Epoch: 3, Train: 0.9685498 Vali: 0.4586470
[diag s2-3]  freq.rs=-0.0162 mask.mean=0.438 mask.std=0.141  mrt.rs=+0.7534
Validation loss decreased (0.463149 --> 0.458647).  Saving model ...
STAGE 2 complete.

============================================================
SKIPPING Stage 3a (--no_stage3a): Stage 2 -> Stage 3b directly
============================================================

============================================================
STAGE 3b: Unfreeze all, group-wise LR (base=0.001500, max_epochs=20, patience=10) + FreDF(α=0.8)
  LR groups: freq/gate ×0.67, model ×0.33, mrt/cycle ×0.10
============================================================
train 36600
val 5079
test 10348
Loaded stage3a checkpoint, unfreezing all parameters.
  Group freq/gate: 1,030 params, LR=0.001005
  Group model: 148,160 params, LR=0.000495
  Group mrt/cycle: 3,277 params, LR=0.000150
    iters: 100, epoch: 1 | loss: 0.8910859 | speed: 0.0286s/iter; left: 78s
Epoch: 1, Steps: 142 | Train: 0.9666480 Vali: 0.4597518 Test: 0.2027440
[diag 3b-1]  freq.rs=-0.0174 mask.mean=0.438 mask.std=0.141  mrt.rs=+0.7557
Validation loss decreased (inf --> 0.459752).  Saving model ...
Updating learning rate to 0.005
    iters: 100, epoch: 2 | loss: 0.9158739 | speed: 0.0438s/iter; left: 114s
Epoch: 2, Steps: 142 | Train: 0.9738641 Vali: 0.4621773 Test: 0.2021937
[diag 3b-2]  freq.rs=-0.2327 mask.mean=0.426 mask.std=0.154  mrt.rs=+0.7407
EarlyStopping counter: 1 out of 10
Updating learning rate to 0.005
    iters: 100, epoch: 3 | loss: 0.8964617 | speed: 0.0396s/iter; left: 97s
Epoch: 3, Steps: 142 | Train: 0.9673493 Vali: 0.4549353 Test: 0.2010508
[diag 3b-3]  freq.rs=-0.4039 mask.mean=0.413 mask.std=0.184  mrt.rs=+0.7559
Validation loss decreased (0.459752 --> 0.454935).  Saving model ...
Updating learning rate to 0.005
    iters: 100, epoch: 4 | loss: 1.0230403 | speed: 0.0416s/iter; left: 96s
Epoch: 4, Steps: 142 | Train: 0.9656086 Vali: 0.4583052 Test: 0.2023398
[diag 3b-4]  freq.rs=-0.5589 mask.mean=0.403 mask.std=0.209  mrt.rs=+0.7530
EarlyStopping counter: 1 out of 10
Updating learning rate to 0.004
    iters: 100, epoch: 5 | loss: 0.9098328 | speed: 0.0426s/iter; left: 92s
Epoch: 5, Steps: 142 | Train: 0.9613136 Vali: 0.4598903 Test: 0.2009639
[diag 3b-5]  freq.rs=-0.6387 mask.mean=0.397 mask.std=0.223  mrt.rs=+0.7584
EarlyStopping counter: 2 out of 10
Updating learning rate to 0.0032000000000000006
    iters: 100, epoch: 6 | loss: 1.0221090 | speed: 0.0438s/iter; left: 89s
Epoch: 6, Steps: 142 | Train: 0.9585196 Vali: 0.4576003 Test: 0.2007438
[diag 3b-6]  freq.rs=-0.7000 mask.mean=0.395 mask.std=0.231  mrt.rs=+0.7587
EarlyStopping counter: 3 out of 10
Updating learning rate to 0.0025600000000000006
    iters: 100, epoch: 7 | loss: 1.0212492 | speed: 0.0433s/iter; left: 82s
Epoch: 7, Steps: 142 | Train: 0.9557434 Vali: 0.4582701 Test: 0.2015781
[diag 3b-7]  freq.rs=-0.7345 mask.mean=0.394 mask.std=0.236  mrt.rs=+0.7567
EarlyStopping counter: 4 out of 10
Updating learning rate to 0.0020480000000000003
    iters: 100, epoch: 8 | loss: 1.0369940 | speed: 0.0288s/iter; left: 50s
Epoch: 8, Steps: 142 | Train: 0.9532126 Vali: 0.4568303 Test: 0.2025371
[diag 3b-8]  freq.rs=-0.7451 mask.mean=0.392 mask.std=0.240  mrt.rs=+0.7541
EarlyStopping counter: 5 out of 10
Updating learning rate to 0.0016384000000000004
    iters: 100, epoch: 9 | loss: 1.1639252 | speed: 0.0295s/iter; left: 47s
Epoch: 9, Steps: 142 | Train: 0.9523619 Vali: 0.4567499 Test: 0.2014670
[diag 3b-9]  freq.rs=-0.7578 mask.mean=0.392 mask.std=0.242  mrt.rs=+0.7606
EarlyStopping counter: 6 out of 10
Updating learning rate to 0.0013107200000000005
    iters: 100, epoch: 10 | loss: 0.8789967 | speed: 0.0282s/iter; left: 41s
Epoch: 10, Steps: 142 | Train: 0.9502592 Vali: 0.4577431 Test: 0.2016729
[diag 3b-10]  freq.rs=-0.7646 mask.mean=0.391 mask.std=0.244  mrt.rs=+0.7611
EarlyStopping counter: 7 out of 10
Updating learning rate to 0.0010485760000000005
    iters: 100, epoch: 11 | loss: 1.0380813 | speed: 0.0296s/iter; left: 39s
Epoch: 11, Steps: 142 | Train: 0.9487099 Vali: 0.4588339 Test: 0.2014491
[diag 3b-11]  freq.rs=-0.7651 mask.mean=0.391 mask.std=0.246  mrt.rs=+0.7624
EarlyStopping counter: 8 out of 10
Updating learning rate to 0.0008388608000000005
    iters: 100, epoch: 12 | loss: 1.0249873 | speed: 0.0462s/iter; left: 54s
Epoch: 12, Steps: 142 | Train: 0.9466766 Vali: 0.4588578 Test: 0.2020228
[diag 3b-12]  freq.rs=-0.7653 mask.mean=0.390 mask.std=0.247  mrt.rs=+0.7633
EarlyStopping counter: 9 out of 10
Updating learning rate to 0.0006710886400000003
    iters: 100, epoch: 13 | loss: 0.8532932 | speed: 0.0300s/iter; left: 31s
Epoch: 13, Steps: 142 | Train: 0.9454743 Vali: 0.4555042 Test: 0.2020883
[diag 3b-13]  freq.rs=-0.7676 mask.mean=0.390 mask.std=0.248  mrt.rs=+0.7645
EarlyStopping counter: 10 out of 10
Early stopping at epoch 13

============================================================
FINAL RESULT (Stage 3b): mse=0.2030, mae=0.2448, smape=59.4500
============================================================
[diag 3b-final]  freq.rs=-0.4039 mask.mean=0.413 mask.std=0.184  mrt.rs=+0.7559
