============================================================
CONFIGURATION
============================================================
Device     : cuda:0
Dataset    : weather
Pred len   : 192
Seed       : 2024

--- Data ---
enc_in     : 21
seq_len    : 96
cycle      : 144
use_revin  : 1
batch_size : 256

--- Model ---
model_type : mlp
d_model    : 512
mrt_layers : 1
freq_layers: 0
fusion     : mode=serial, gate=0, sparsity=0.0

--- Training ---
base_lr    : 0.005
Stage1     : epochs=30, patience=15
Stage2     : epochs=3, patience=3, freeze_backbone=0
Stage3     : SKIPPED (stage2_only)
============================================================

============================================================
STAGE 1: Train MRT only (freq_layers=0)
============================================================
train 36600
val 5079
test 10348
    iters: 100, epoch: 1 | loss: 0.6108654 | speed: 0.0320s/iter; left: 133s
Epoch: 1, Steps: 142 | Train: 0.6027733 Vali: 0.5600999 Test: 0.2426417
Validation loss decreased (inf --> 0.560100).  Saving model ...
Updating learning rate to 0.005
    iters: 100, epoch: 2 | loss: 0.5058297 | speed: 0.0255s/iter; left: 102s
Epoch: 2, Steps: 142 | Train: 0.5282421 Vali: 0.4896479 Test: 0.2138215
Validation loss decreased (0.560100 --> 0.489648).  Saving model ...
Updating learning rate to 0.005
    iters: 100, epoch: 3 | loss: 0.4624867 | speed: 0.0209s/iter; left: 81s
Epoch: 3, Steps: 142 | Train: 0.4977109 Vali: 0.4815700 Test: 0.2078336
Validation loss decreased (0.489648 --> 0.481570).  Saving model ...
Updating learning rate to 0.005
    iters: 100, epoch: 4 | loss: 0.4324861 | speed: 0.0208s/iter; left: 78s
Epoch: 4, Steps: 142 | Train: 0.4890560 Vali: 0.4754783 Test: 0.2064578
Validation loss decreased (0.481570 --> 0.475478).  Saving model ...
Updating learning rate to 0.004
    iters: 100, epoch: 5 | loss: 0.4428278 | speed: 0.0217s/iter; left: 78s
Epoch: 5, Steps: 142 | Train: 0.4809304 Vali: 0.4755436 Test: 0.2049502
EarlyStopping counter: 1 out of 15
Updating learning rate to 0.0032000000000000006
    iters: 100, epoch: 6 | loss: 0.5137451 | speed: 0.0209s/iter; left: 72s
Epoch: 6, Steps: 142 | Train: 0.4778718 Vali: 0.4730122 Test: 0.2043054
Validation loss decreased (0.475478 --> 0.473012).  Saving model ...
Updating learning rate to 0.0025600000000000006
    iters: 100, epoch: 7 | loss: 0.4554529 | speed: 0.0208s/iter; left: 69s
Epoch: 7, Steps: 142 | Train: 0.4750392 Vali: 0.4682164 Test: 0.2054354
Validation loss decreased (0.473012 --> 0.468216).  Saving model ...
Updating learning rate to 0.0020480000000000003
    iters: 100, epoch: 8 | loss: 0.4204434 | speed: 0.0207s/iter; left: 66s
Epoch: 8, Steps: 142 | Train: 0.4728304 Vali: 0.4723235 Test: 0.2030857
EarlyStopping counter: 1 out of 15
Updating learning rate to 0.0016384000000000004
    iters: 100, epoch: 9 | loss: 0.6110268 | speed: 0.0214s/iter; left: 65s
Epoch: 9, Steps: 142 | Train: 0.4704872 Vali: 0.4672958 Test: 0.2034230
Validation loss decreased (0.468216 --> 0.467296).  Saving model ...
Updating learning rate to 0.0013107200000000005
    iters: 100, epoch: 10 | loss: 0.5154974 | speed: 0.0204s/iter; left: 59s
Epoch: 10, Steps: 142 | Train: 0.4684843 Vali: 0.4618143 Test: 0.2025293
Validation loss decreased (0.467296 --> 0.461814).  Saving model ...
Updating learning rate to 0.0010485760000000005
    iters: 100, epoch: 11 | loss: 0.4606377 | speed: 0.0220s/iter; left: 60s
Epoch: 11, Steps: 142 | Train: 0.4672904 Vali: 0.4629065 Test: 0.2031207
EarlyStopping counter: 1 out of 15
Updating learning rate to 0.0008388608000000005
    iters: 100, epoch: 12 | loss: 0.5259397 | speed: 0.0207s/iter; left: 54s
Epoch: 12, Steps: 142 | Train: 0.4658785 Vali: 0.4620956 Test: 0.2023994
EarlyStopping counter: 2 out of 15
Updating learning rate to 0.0006710886400000003
    iters: 100, epoch: 13 | loss: 0.4643140 | speed: 0.0222s/iter; left: 55s
Epoch: 13, Steps: 142 | Train: 0.4646869 Vali: 0.4578759 Test: 0.2031060
Validation loss decreased (0.461814 --> 0.457876).  Saving model ...
Updating learning rate to 0.0005368709120000003
    iters: 100, epoch: 14 | loss: 0.4080380 | speed: 0.0207s/iter; left: 48s
Epoch: 14, Steps: 142 | Train: 0.4647451 Vali: 0.4655422 Test: 0.2032645
EarlyStopping counter: 1 out of 15
Updating learning rate to 0.0004294967296000003
    iters: 100, epoch: 15 | loss: 0.5356789 | speed: 0.0204s/iter; left: 44s
Epoch: 15, Steps: 142 | Train: 0.4637817 Vali: 0.4597040 Test: 0.2032644
EarlyStopping counter: 2 out of 15
Updating learning rate to 0.0003435973836800002
    iters: 100, epoch: 16 | loss: 0.3645541 | speed: 0.0203s/iter; left: 41s
Epoch: 16, Steps: 142 | Train: 0.4626215 Vali: 0.4640653 Test: 0.2027378
EarlyStopping counter: 3 out of 15
Updating learning rate to 0.0002748779069440002
    iters: 100, epoch: 17 | loss: 0.5403354 | speed: 0.0209s/iter; left: 39s
Epoch: 17, Steps: 142 | Train: 0.4626166 Vali: 0.4593670 Test: 0.2027863
EarlyStopping counter: 4 out of 15
Updating learning rate to 0.00021990232555520019
    iters: 100, epoch: 18 | loss: 0.5632983 | speed: 0.0212s/iter; left: 37s
Epoch: 18, Steps: 142 | Train: 0.4622387 Vali: 0.4607634 Test: 0.2025187
EarlyStopping counter: 5 out of 15
Updating learning rate to 0.00017592186044416015
    iters: 100, epoch: 19 | loss: 0.5765321 | speed: 0.0259s/iter; left: 42s
Epoch: 19, Steps: 142 | Train: 0.4616139 Vali: 0.4640171 Test: 0.2029982
EarlyStopping counter: 6 out of 15
Updating learning rate to 0.00014073748835532812
    iters: 100, epoch: 20 | loss: 0.4197595 | speed: 0.0286s/iter; left: 42s
Epoch: 20, Steps: 142 | Train: 0.4607058 Vali: 0.4614164 Test: 0.2030355
EarlyStopping counter: 7 out of 15
Updating learning rate to 0.00011258999068426252
    iters: 100, epoch: 21 | loss: 0.3572071 | speed: 0.0284s/iter; left: 38s
Epoch: 21, Steps: 142 | Train: 0.4622854 Vali: 0.4622900 Test: 0.2029583
EarlyStopping counter: 8 out of 15
Updating learning rate to 9.007199254741001e-05
    iters: 100, epoch: 22 | loss: 0.4715651 | speed: 0.0270s/iter; left: 32s
Epoch: 22, Steps: 142 | Train: 0.4619898 Vali: 0.4604640 Test: 0.2027529
EarlyStopping counter: 9 out of 15
Updating learning rate to 7.205759403792801e-05
    iters: 100, epoch: 23 | loss: 0.5404573 | speed: 0.0253s/iter; left: 26s
Epoch: 23, Steps: 142 | Train: 0.4609217 Vali: 0.4612986 Test: 0.2025590
EarlyStopping counter: 10 out of 15
Updating learning rate to 5.764607523034242e-05
    iters: 100, epoch: 24 | loss: 0.4681995 | speed: 0.0260s/iter; left: 23s
Epoch: 24, Steps: 142 | Train: 0.4610814 Vali: 0.4594877 Test: 0.2027126
EarlyStopping counter: 11 out of 15
Updating learning rate to 4.611686018427394e-05
    iters: 100, epoch: 25 | loss: 0.3944702 | speed: 0.0271s/iter; left: 20s
Epoch: 25, Steps: 142 | Train: 0.4607283 Vali: 0.4622561 Test: 0.2027136
EarlyStopping counter: 12 out of 15
Updating learning rate to 3.689348814741915e-05
    iters: 100, epoch: 26 | loss: 0.4372889 | speed: 0.0270s/iter; left: 17s
Epoch: 26, Steps: 142 | Train: 0.4607658 Vali: 0.4623589 Test: 0.2027022
EarlyStopping counter: 13 out of 15
Updating learning rate to 2.951479051793532e-05
    iters: 100, epoch: 27 | loss: 0.5523257 | speed: 0.0266s/iter; left: 12s
Epoch: 27, Steps: 142 | Train: 0.4612122 Vali: 0.4584599 Test: 0.2026098
EarlyStopping counter: 14 out of 15
Updating learning rate to 2.361183241434826e-05
    iters: 100, epoch: 28 | loss: 0.5526959 | speed: 0.0244s/iter; left: 8s
Epoch: 28, Steps: 142 | Train: 0.4600932 Vali: 0.4608911 Test: 0.2026889
EarlyStopping counter: 15 out of 15
Early stopping at epoch 28
STAGE 1 RESULT: mse=0.2051, mae=0.2473, smape=60.2421

============================================================
STAGE 2: Load MRT + add Freq branch (frozen backbone/MRT/cycle, max_epochs=3, patience=3)
============================================================
train 36600
val 5079
test 10348
Loaded 10 params from stage1, 0 new (Freq branch)
Trainable: 149,190 / 152,467 (97.9%)  freeze_backbone=0
    iters: 100, epoch: 1 | loss: 1.0098091 | speed: 0.0254s/iter; left: 8s
Epoch: 1, Train: 0.9665556 Vali: 0.4641840
[diag s2-1]  freq.rs=-0.0038 mask.mean=0.438 mask.std=0.141  mrt.rs=+0.7549
Validation loss decreased (inf --> 0.464184).  Saving model ...
    iters: 100, epoch: 2 | loss: 0.9812802 | speed: 0.0261s/iter; left: 5s
Epoch: 2, Train: 0.9656610 Vali: 0.4624722
[diag s2-2]  freq.rs=-0.0019 mask.mean=0.438 mask.std=0.141  mrt.rs=+0.7549
Validation loss decreased (0.464184 --> 0.462472).  Saving model ...
    iters: 100, epoch: 3 | loss: 1.0178878 | speed: 0.0251s/iter; left: 1s
Epoch: 3, Train: 0.9651448 Vali: 0.4582316
[diag s2-3]  freq.rs=+0.0005 mask.mean=0.438 mask.std=0.141  mrt.rs=+0.7549
Validation loss decreased (0.462472 --> 0.458232).  Saving model ...
STAGE 2 complete.

============================================================
STAGE 2 ONLY: Testing from Stage 2 checkpoint
============================================================
train 36600
val 5079
test 10348
[diag stage2-final]  freq.rs=+0.0005 mask.mean=0.438 mask.std=0.141  mrt.rs=+0.7549

============================================================
FINAL RESULT (Stage 2 only): mse=0.2044, mae=0.2463, smape=59.9986
============================================================
