============================================================
CONFIGURATION
============================================================
Device     : cuda:0
Dataset    : weather
Pred len   : 336
Seed       : 2024

--- Data ---
enc_in     : 21
seq_len    : 96
cycle      : 144
use_revin  : 1
batch_size : 256

--- Model ---
model_type : mlp
d_model    : 512
mrt_layers : 1
freq_layers: 0
fusion     : mode=serial, gate=0, sparsity=0.0

--- Training ---
base_lr    : 0.005
Stage1     : epochs=30, patience=15
Stage2     : epochs=3, patience=3, freeze_backbone=1
Stage3 FreDF: True
Stage3a    : epochs=12, patience=6
Stage3b    : epochs=20, patience=10, freq×0.67 model×0.33 mrt×0.10
============================================================

============================================================
STAGE 1: Train MRT only (freq_layers=0)
============================================================
train 36456
val 4935
test 10204
    iters: 100, epoch: 1 | loss: 0.6556793 | speed: 0.0399s/iter; left: 166s
Epoch: 1, Steps: 142 | Train: 0.6707283 Vali: 0.6439173 Test: 0.2951865
Validation loss decreased (inf --> 0.643917).  Saving model ...
Updating learning rate to 0.005
    iters: 100, epoch: 2 | loss: 0.5120794 | speed: 0.0297s/iter; left: 119s
Epoch: 2, Steps: 142 | Train: 0.5971805 Vali: 0.5743526 Test: 0.2700820
Validation loss decreased (0.643917 --> 0.574353).  Saving model ...
Updating learning rate to 0.005
    iters: 100, epoch: 3 | loss: 0.5064638 | speed: 0.0296s/iter; left: 115s
Epoch: 3, Steps: 142 | Train: 0.5672325 Vali: 0.5642345 Test: 0.2665085
Validation loss decreased (0.574353 --> 0.564235).  Saving model ...
Updating learning rate to 0.005
    iters: 100, epoch: 4 | loss: 0.6186046 | speed: 0.0299s/iter; left: 112s
Epoch: 4, Steps: 142 | Train: 0.5579026 Vali: 0.5632292 Test: 0.2647126
Validation loss decreased (0.564235 --> 0.563229).  Saving model ...
Updating learning rate to 0.004
    iters: 100, epoch: 5 | loss: 0.5361620 | speed: 0.0429s/iter; left: 154s
Epoch: 5, Steps: 142 | Train: 0.5518746 Vali: 0.5556848 Test: 0.2632835
Validation loss decreased (0.563229 --> 0.555685).  Saving model ...
Updating learning rate to 0.0032000000000000006
    iters: 100, epoch: 6 | loss: 0.5694375 | speed: 0.0418s/iter; left: 144s
Epoch: 6, Steps: 142 | Train: 0.5464830 Vali: 0.5544707 Test: 0.2622230
Validation loss decreased (0.555685 --> 0.554471).  Saving model ...
Updating learning rate to 0.0025600000000000006
    iters: 100, epoch: 7 | loss: 0.5470785 | speed: 0.0432s/iter; left: 143s
Epoch: 7, Steps: 142 | Train: 0.5435099 Vali: 0.5539568 Test: 0.2623941
Validation loss decreased (0.554471 --> 0.553957).  Saving model ...
Updating learning rate to 0.0020480000000000003
    iters: 100, epoch: 8 | loss: 0.6050424 | speed: 0.0436s/iter; left: 138s
Epoch: 8, Steps: 142 | Train: 0.5408181 Vali: 0.5492045 Test: 0.2620791
Validation loss decreased (0.553957 --> 0.549205).  Saving model ...
Updating learning rate to 0.0016384000000000004
    iters: 100, epoch: 9 | loss: 0.5285535 | speed: 0.0424s/iter; left: 128s
Epoch: 9, Steps: 142 | Train: 0.5389982 Vali: 0.5515652 Test: 0.2615377
EarlyStopping counter: 1 out of 15
Updating learning rate to 0.0013107200000000005
    iters: 100, epoch: 10 | loss: 0.4637599 | speed: 0.0414s/iter; left: 119s
Epoch: 10, Steps: 142 | Train: 0.5372731 Vali: 0.5493692 Test: 0.2617980
EarlyStopping counter: 2 out of 15
Updating learning rate to 0.0010485760000000005
    iters: 100, epoch: 11 | loss: 0.4734404 | speed: 0.0464s/iter; left: 127s
Epoch: 11, Steps: 142 | Train: 0.5355773 Vali: 0.5495300 Test: 0.2614125
EarlyStopping counter: 3 out of 15
Updating learning rate to 0.0008388608000000005
    iters: 100, epoch: 12 | loss: 0.6582844 | speed: 0.0397s/iter; left: 103s
Epoch: 12, Steps: 142 | Train: 0.5340112 Vali: 0.5492287 Test: 0.2619721
EarlyStopping counter: 4 out of 15
Updating learning rate to 0.0006710886400000003
    iters: 100, epoch: 13 | loss: 0.5192698 | speed: 0.0409s/iter; left: 101s
Epoch: 13, Steps: 142 | Train: 0.5332289 Vali: 0.5492922 Test: 0.2613583
EarlyStopping counter: 5 out of 15
Updating learning rate to 0.0005368709120000003
    iters: 100, epoch: 14 | loss: 0.6102998 | speed: 0.0448s/iter; left: 104s
Epoch: 14, Steps: 142 | Train: 0.5325036 Vali: 0.5492715 Test: 0.2615830
EarlyStopping counter: 6 out of 15
Updating learning rate to 0.0004294967296000003
    iters: 100, epoch: 15 | loss: 0.6446671 | speed: 0.0418s/iter; left: 91s
Epoch: 15, Steps: 142 | Train: 0.5312179 Vali: 0.5462186 Test: 0.2614083
Validation loss decreased (0.549205 --> 0.546219).  Saving model ...
Updating learning rate to 0.0003435973836800002
    iters: 100, epoch: 16 | loss: 0.4754675 | speed: 0.0404s/iter; left: 82s
Epoch: 16, Steps: 142 | Train: 0.5313636 Vali: 0.5473783 Test: 0.2616965
EarlyStopping counter: 1 out of 15
Updating learning rate to 0.0002748779069440002
    iters: 100, epoch: 17 | loss: 0.4810846 | speed: 0.0488s/iter; left: 92s
Epoch: 17, Steps: 142 | Train: 0.5309111 Vali: 0.5454544 Test: 0.2613604
Validation loss decreased (0.546219 --> 0.545454).  Saving model ...
Updating learning rate to 0.00021990232555520019
    iters: 100, epoch: 18 | loss: 0.5426623 | speed: 0.0426s/iter; left: 74s
Epoch: 18, Steps: 142 | Train: 0.5302529 Vali: 0.5453529 Test: 0.2612971
Validation loss decreased (0.545454 --> 0.545353).  Saving model ...
Updating learning rate to 0.00017592186044416015
    iters: 100, epoch: 19 | loss: 0.5071134 | speed: 0.0433s/iter; left: 70s
Epoch: 19, Steps: 142 | Train: 0.5297485 Vali: 0.5433661 Test: 0.2614704
Validation loss decreased (0.545353 --> 0.543366).  Saving model ...
Updating learning rate to 0.00014073748835532812
    iters: 100, epoch: 20 | loss: 0.5385445 | speed: 0.0445s/iter; left: 65s
Epoch: 20, Steps: 142 | Train: 0.5294685 Vali: 0.5453303 Test: 0.2615128
EarlyStopping counter: 1 out of 15
Updating learning rate to 0.00011258999068426252
    iters: 100, epoch: 21 | loss: 0.5500278 | speed: 0.0442s/iter; left: 58s
Epoch: 21, Steps: 142 | Train: 0.5290785 Vali: 0.5437914 Test: 0.2610366
EarlyStopping counter: 2 out of 15
Updating learning rate to 9.007199254741001e-05
    iters: 100, epoch: 22 | loss: 0.5320568 | speed: 0.0417s/iter; left: 49s
Epoch: 22, Steps: 142 | Train: 0.5292032 Vali: 0.5446122 Test: 0.2612995
EarlyStopping counter: 3 out of 15
Updating learning rate to 7.205759403792801e-05
    iters: 100, epoch: 23 | loss: 0.4497615 | speed: 0.0443s/iter; left: 46s
Epoch: 23, Steps: 142 | Train: 0.5291556 Vali: 0.5440300 Test: 0.2613553
EarlyStopping counter: 4 out of 15
Updating learning rate to 5.764607523034242e-05
    iters: 100, epoch: 24 | loss: 0.6198621 | speed: 0.0438s/iter; left: 39s
Epoch: 24, Steps: 142 | Train: 0.5291763 Vali: 0.5462578 Test: 0.2613227
EarlyStopping counter: 5 out of 15
Updating learning rate to 4.611686018427394e-05
    iters: 100, epoch: 25 | loss: 0.4883795 | speed: 0.0437s/iter; left: 33s
Epoch: 25, Steps: 142 | Train: 0.5288244 Vali: 0.5458290 Test: 0.2614141
EarlyStopping counter: 6 out of 15
Updating learning rate to 3.689348814741915e-05
    iters: 100, epoch: 26 | loss: 0.6164006 | speed: 0.0435s/iter; left: 27s
Epoch: 26, Steps: 142 | Train: 0.5289640 Vali: 0.5450154 Test: 0.2611762
EarlyStopping counter: 7 out of 15
Updating learning rate to 2.951479051793532e-05
    iters: 100, epoch: 27 | loss: 0.5541052 | speed: 0.0461s/iter; left: 22s
Epoch: 27, Steps: 142 | Train: 0.5283871 Vali: 0.5466059 Test: 0.2613182
EarlyStopping counter: 8 out of 15
Updating learning rate to 2.361183241434826e-05
    iters: 100, epoch: 28 | loss: 0.6105985 | speed: 0.0436s/iter; left: 14s
Epoch: 28, Steps: 142 | Train: 0.5284135 Vali: 0.5439761 Test: 0.2613450
EarlyStopping counter: 9 out of 15
Updating learning rate to 1.888946593147861e-05
    iters: 100, epoch: 29 | loss: 0.5321518 | speed: 0.0413s/iter; left: 8s
Epoch: 29, Steps: 142 | Train: 0.5285240 Vali: 0.5444514 Test: 0.2613084
EarlyStopping counter: 10 out of 15
Updating learning rate to 1.5111572745182888e-05
    iters: 100, epoch: 30 | loss: 0.5580988 | speed: 0.0467s/iter; left: 2s
Epoch: 30, Steps: 142 | Train: 0.5284797 Vali: 0.5460211 Test: 0.2613289
EarlyStopping counter: 11 out of 15
Updating learning rate to 1.208925819614631e-05
STAGE 1 RESULT: mse=0.2614, mae=0.2896, smape=65.8188

============================================================
STAGE 2: Load MRT + add Freq branch (frozen backbone/MRT/cycle, max_epochs=3, patience=3)
============================================================
train 36456
val 4935
test 10204
Loaded 10 params from stage1, 0 new (Freq branch)
Trainable: 1,030 / 226,339 (0.5%)  freeze_backbone=1
    iters: 100, epoch: 1 | loss: 1.1707337 | speed: 0.0480s/iter; left: 16s
Epoch: 1, Train: 1.2500140 Vali: 0.5456972
[diag s2-1]  freq.rs=-0.0133 mask.mean=0.438 mask.std=0.141  mrt.rs=+0.8132
Validation loss decreased (inf --> 0.545697).  Saving model ...
    iters: 100, epoch: 2 | loss: 1.3946664 | speed: 0.0416s/iter; left: 8s
Epoch: 2, Train: 1.2499566 Vali: 0.5460000
[diag s2-2]  freq.rs=-0.0211 mask.mean=0.438 mask.std=0.141  mrt.rs=+0.8132
EarlyStopping counter: 1 out of 3
    iters: 100, epoch: 3 | loss: 1.1383703 | speed: 0.0438s/iter; left: 2s
Epoch: 3, Train: 1.2497941 Vali: 0.5449990
[diag s2-3]  freq.rs=-0.0265 mask.mean=0.439 mask.std=0.141  mrt.rs=+0.8132
Validation loss decreased (0.545697 --> 0.544999).  Saving model ...
STAGE 2 complete.

============================================================
SKIPPING Stage 3a (--no_stage3a): Stage 2 -> Stage 3b directly
============================================================

============================================================
STAGE 3b: Unfreeze all, group-wise LR (base=0.001500, max_epochs=20, patience=10) + FreDF(α=0.8)
  LR groups: freq/gate ×0.67, model ×0.33, mrt/cycle ×0.10
============================================================
train 36456
val 4935
test 10204
Loaded stage3a checkpoint, unfreezing all parameters.
  Group freq/gate: 1,030 params, LR=0.001005
  Group model: 222,032 params, LR=0.000495
  Group mrt/cycle: 3,277 params, LR=0.000150
    iters: 100, epoch: 1 | loss: 1.2898605 | speed: 0.0476s/iter; left: 130s
Epoch: 1, Steps: 142 | Train: 1.2494337 Vali: 0.5440359 Test: 0.2609429
[diag 3b-1]  freq.rs=-0.0266 mask.mean=0.439 mask.std=0.141  mrt.rs=+0.8133
Validation loss decreased (inf --> 0.544036).  Saving model ...
Updating learning rate to 0.005
    iters: 100, epoch: 2 | loss: 1.2713032 | speed: 0.0462s/iter; left: 120s
Epoch: 2, Steps: 142 | Train: 1.2575064 Vali: 0.5439301 Test: 0.2606196
[diag 3b-2]  freq.rs=-0.3028 mask.mean=0.429 mask.std=0.158  mrt.rs=+0.7945
Validation loss decreased (0.544036 --> 0.543930).  Saving model ...
Updating learning rate to 0.005
    iters: 100, epoch: 3 | loss: 1.2620441 | speed: 0.0449s/iter; left: 110s
Epoch: 3, Steps: 142 | Train: 1.2513585 Vali: 0.5428364 Test: 0.2592403
[diag 3b-3]  freq.rs=-0.5327 mask.mean=0.415 mask.std=0.191  mrt.rs=+0.8002
Validation loss decreased (0.543930 --> 0.542836).  Saving model ...
Updating learning rate to 0.005
    iters: 100, epoch: 4 | loss: 1.2259585 | speed: 0.0451s/iter; left: 104s
Epoch: 4, Steps: 142 | Train: 1.2476346 Vali: 0.5431430 Test: 0.2597755
[diag 3b-4]  freq.rs=-0.7250 mask.mean=0.406 mask.std=0.212  mrt.rs=+0.7919
EarlyStopping counter: 1 out of 10
Updating learning rate to 0.004
    iters: 100, epoch: 5 | loss: 1.1935115 | speed: 0.0430s/iter; left: 94s
Epoch: 5, Steps: 142 | Train: 1.2438637 Vali: 0.5420448 Test: 0.2594725
[diag 3b-5]  freq.rs=-0.7944 mask.mean=0.400 mask.std=0.222  mrt.rs=+0.7996
Validation loss decreased (0.542836 --> 0.542045).  Saving model ...
Updating learning rate to 0.0032000000000000006
    iters: 100, epoch: 6 | loss: 1.1789502 | speed: 0.0448s/iter; left: 91s
Epoch: 6, Steps: 142 | Train: 1.2409175 Vali: 0.5409890 Test: 0.2601540
[diag 3b-6]  freq.rs=-0.8579 mask.mean=0.398 mask.std=0.229  mrt.rs=+0.7972
Validation loss decreased (0.542045 --> 0.540989).  Saving model ...
Updating learning rate to 0.0025600000000000006
    iters: 100, epoch: 7 | loss: 1.1719406 | speed: 0.0506s/iter; left: 96s
Epoch: 7, Steps: 142 | Train: 1.2383489 Vali: 0.5407998 Test: 0.2603919
[diag 3b-7]  freq.rs=-0.8755 mask.mean=0.396 mask.std=0.233  mrt.rs=+0.8019
Validation loss decreased (0.540989 --> 0.540800).  Saving model ...
Updating learning rate to 0.0020480000000000003
    iters: 100, epoch: 8 | loss: 1.2397994 | speed: 0.0434s/iter; left: 76s
Epoch: 8, Steps: 142 | Train: 1.2352632 Vali: 0.5408160 Test: 0.2601676
[diag 3b-8]  freq.rs=-0.8909 mask.mean=0.394 mask.std=0.236  mrt.rs=+0.8052
EarlyStopping counter: 1 out of 10
Updating learning rate to 0.0016384000000000004
    iters: 100, epoch: 9 | loss: 1.1183841 | speed: 0.0432s/iter; left: 69s
Epoch: 9, Steps: 142 | Train: 1.2327460 Vali: 0.5377470 Test: 0.2604564
[diag 3b-9]  freq.rs=-0.8976 mask.mean=0.394 mask.std=0.238  mrt.rs=+0.8114
Validation loss decreased (0.540800 --> 0.537747).  Saving model ...
Updating learning rate to 0.0013107200000000005
    iters: 100, epoch: 10 | loss: 1.1271067 | speed: 0.0495s/iter; left: 72s
Epoch: 10, Steps: 142 | Train: 1.2310412 Vali: 0.5396314 Test: 0.2609613
[diag 3b-10]  freq.rs=-0.9002 mask.mean=0.393 mask.std=0.240  mrt.rs=+0.8134
EarlyStopping counter: 1 out of 10
Updating learning rate to 0.0010485760000000005
    iters: 100, epoch: 11 | loss: 1.2330321 | speed: 0.0442s/iter; left: 58s
Epoch: 11, Steps: 142 | Train: 1.2301116 Vali: 0.5407761 Test: 0.2614969
[diag 3b-11]  freq.rs=-0.9004 mask.mean=0.392 mask.std=0.241  mrt.rs=+0.8181
EarlyStopping counter: 2 out of 10
Updating learning rate to 0.0008388608000000005
    iters: 100, epoch: 12 | loss: 1.2489346 | speed: 0.0445s/iter; left: 52s
Epoch: 12, Steps: 142 | Train: 1.2284090 Vali: 0.5393657 Test: 0.2607938
[diag 3b-12]  freq.rs=-0.9037 mask.mean=0.392 mask.std=0.243  mrt.rs=+0.8203
EarlyStopping counter: 3 out of 10
Updating learning rate to 0.0006710886400000003
    iters: 100, epoch: 13 | loss: 1.3590579 | speed: 0.0484s/iter; left: 50s
Epoch: 13, Steps: 142 | Train: 1.2274999 Vali: 0.5407511 Test: 0.2613770
[diag 3b-13]  freq.rs=-0.9029 mask.mean=0.392 mask.std=0.243  mrt.rs=+0.8238
EarlyStopping counter: 4 out of 10
Updating learning rate to 0.0005368709120000003
    iters: 100, epoch: 14 | loss: 1.2092339 | speed: 0.0431s/iter; left: 39s
Epoch: 14, Steps: 142 | Train: 1.2259921 Vali: 0.5403136 Test: 0.2613181
[diag 3b-14]  freq.rs=-0.9026 mask.mean=0.391 mask.std=0.244  mrt.rs=+0.8272
EarlyStopping counter: 5 out of 10
Updating learning rate to 0.0004294967296000003
    iters: 100, epoch: 15 | loss: 1.1516255 | speed: 0.0323s/iter; left: 24s
Epoch: 15, Steps: 142 | Train: 1.2258244 Vali: 0.5382600 Test: 0.2610344
[diag 3b-15]  freq.rs=-0.9020 mask.mean=0.391 mask.std=0.245  mrt.rs=+0.8287
EarlyStopping counter: 6 out of 10
Updating learning rate to 0.0003435973836800002
    iters: 100, epoch: 16 | loss: 1.3165522 | speed: 0.0361s/iter; left: 22s
Epoch: 16, Steps: 142 | Train: 1.2249972 Vali: 0.5397329 Test: 0.2609951
[diag 3b-16]  freq.rs=-0.9017 mask.mean=0.391 mask.std=0.245  mrt.rs=+0.8303
EarlyStopping counter: 7 out of 10
Updating learning rate to 0.0002748779069440002
    iters: 100, epoch: 17 | loss: 1.1932132 | speed: 0.0347s/iter; left: 16s
Epoch: 17, Steps: 142 | Train: 1.2239580 Vali: 0.5405720 Test: 0.2612017
[diag 3b-17]  freq.rs=-0.9013 mask.mean=0.391 mask.std=0.246  mrt.rs=+0.8323
EarlyStopping counter: 8 out of 10
Updating learning rate to 0.00021990232555520019
    iters: 100, epoch: 18 | loss: 1.2985311 | speed: 0.0404s/iter; left: 13s
Epoch: 18, Steps: 142 | Train: 1.2238046 Vali: 0.5408896 Test: 0.2614594
[diag 3b-18]  freq.rs=-0.9018 mask.mean=0.391 mask.std=0.246  mrt.rs=+0.8335
EarlyStopping counter: 9 out of 10
Updating learning rate to 0.00017592186044416015
    iters: 100, epoch: 19 | loss: 1.2659786 | speed: 0.0329s/iter; left: 6s
Epoch: 19, Steps: 142 | Train: 1.2237664 Vali: 0.5390639 Test: 0.2613619
[diag 3b-19]  freq.rs=-0.9015 mask.mean=0.391 mask.std=0.246  mrt.rs=+0.8347
EarlyStopping counter: 10 out of 10
Early stopping at epoch 19

============================================================
FINAL RESULT (Stage 3b): mse=0.2605, mae=0.2878, smape=65.5028
============================================================
[diag 3b-final]  freq.rs=-0.8976 mask.mean=0.394 mask.std=0.238  mrt.rs=+0.8114
