============================================================
CONFIGURATION
============================================================
Device     : cuda:0
Dataset    : weather
Pred len   : 96
Seed       : 2024

--- Data ---
enc_in     : 21
seq_len    : 96
cycle      : 144
use_revin  : 1
batch_size : 256

--- Model ---
model_type : mlp
d_model    : 512
mrt_layers : 1
freq_layers: 0
fusion     : mode=serial, gate=0, sparsity=0.0

--- Training ---
base_lr    : 0.005
Stage1     : epochs=30, patience=15
Stage2     : epochs=3, patience=3, freeze_backbone=1
Stage3 FreDF: False
Stage3a    : epochs=12, patience=6
Stage3b    : epochs=20, patience=10, freq×0.67 model×0.33 mrt×0.10
============================================================

============================================================
STAGE 1: Train MRT only (freq_layers=0)
============================================================
train 36696
val 5175
test 10444
    iters: 100, epoch: 1 | loss: 0.5140238 | speed: 0.0347s/iter; left: 145s
Epoch: 1, Steps: 143 | Train: 0.5415982 Vali: 0.4897792 Test: 0.1971491
Validation loss decreased (inf --> 0.489779).  Saving model ...
Updating learning rate to 0.005
    iters: 100, epoch: 2 | loss: 0.5859046 | speed: 0.0235s/iter; left: 95s
Epoch: 2, Steps: 143 | Train: 0.4632356 Vali: 0.4160136 Test: 0.1668402
Validation loss decreased (0.489779 --> 0.416014).  Saving model ...
Updating learning rate to 0.005
    iters: 100, epoch: 3 | loss: 0.3102191 | speed: 0.0245s/iter; left: 96s
Epoch: 3, Steps: 143 | Train: 0.4275076 Vali: 0.3969696 Test: 0.1624742
Validation loss decreased (0.416014 --> 0.396970).  Saving model ...
Updating learning rate to 0.005
    iters: 100, epoch: 4 | loss: 0.4395433 | speed: 0.0246s/iter; left: 92s
Epoch: 4, Steps: 143 | Train: 0.4192402 Vali: 0.3982880 Test: 0.1579013
EarlyStopping counter: 1 out of 15
Updating learning rate to 0.004
    iters: 100, epoch: 5 | loss: 0.3360050 | speed: 0.0237s/iter; left: 86s
Epoch: 5, Steps: 143 | Train: 0.4141163 Vali: 0.3945689 Test: 0.1579696
Validation loss decreased (0.396970 --> 0.394569).  Saving model ...
Updating learning rate to 0.0032000000000000006
    iters: 100, epoch: 6 | loss: 0.4502494 | speed: 0.0226s/iter; left: 79s
Epoch: 6, Steps: 143 | Train: 0.4076684 Vali: 0.3938367 Test: 0.1568520
Validation loss decreased (0.394569 --> 0.393837).  Saving model ...
Updating learning rate to 0.0025600000000000006
    iters: 100, epoch: 7 | loss: 0.4724152 | speed: 0.0255s/iter; left: 85s
Epoch: 7, Steps: 143 | Train: 0.4050620 Vali: 0.3905533 Test: 0.1568862
Validation loss decreased (0.393837 --> 0.390553).  Saving model ...
Updating learning rate to 0.0020480000000000003
    iters: 100, epoch: 8 | loss: 0.4593528 | speed: 0.0182s/iter; left: 58s
Epoch: 8, Steps: 143 | Train: 0.4017867 Vali: 0.3916920 Test: 0.1561831
EarlyStopping counter: 1 out of 15
Updating learning rate to 0.0016384000000000004
    iters: 100, epoch: 9 | loss: 0.3352503 | speed: 0.0185s/iter; left: 56s
Epoch: 9, Steps: 143 | Train: 0.4006079 Vali: 0.3906038 Test: 0.1556528
EarlyStopping counter: 2 out of 15
Updating learning rate to 0.0013107200000000005
    iters: 100, epoch: 10 | loss: 0.5865331 | speed: 0.0185s/iter; left: 54s
Epoch: 10, Steps: 143 | Train: 0.3985479 Vali: 0.3917921 Test: 0.1558116
EarlyStopping counter: 3 out of 15
Updating learning rate to 0.0010485760000000005
    iters: 100, epoch: 11 | loss: 0.2759670 | speed: 0.0266s/iter; left: 73s
Epoch: 11, Steps: 143 | Train: 0.3964337 Vali: 0.3905452 Test: 0.1558605
Validation loss decreased (0.390553 --> 0.390545).  Saving model ...
Updating learning rate to 0.0008388608000000005
    iters: 100, epoch: 12 | loss: 0.4085965 | speed: 0.0257s/iter; left: 67s
Epoch: 12, Steps: 143 | Train: 0.3944620 Vali: 0.3886953 Test: 0.1557903
Validation loss decreased (0.390545 --> 0.388695).  Saving model ...
Updating learning rate to 0.0006710886400000003
    iters: 100, epoch: 13 | loss: 0.3240132 | speed: 0.0242s/iter; left: 60s
Epoch: 13, Steps: 143 | Train: 0.3957682 Vali: 0.3922730 Test: 0.1554909
EarlyStopping counter: 1 out of 15
Updating learning rate to 0.0005368709120000003
    iters: 100, epoch: 14 | loss: 0.2787292 | speed: 0.0289s/iter; left: 67s
Epoch: 14, Steps: 143 | Train: 0.3946247 Vali: 0.3856286 Test: 0.1558531
Validation loss decreased (0.388695 --> 0.385629).  Saving model ...
Updating learning rate to 0.0004294967296000003
    iters: 100, epoch: 15 | loss: 0.4875125 | speed: 0.0256s/iter; left: 56s
Epoch: 15, Steps: 143 | Train: 0.3938288 Vali: 0.3890971 Test: 0.1559731
EarlyStopping counter: 1 out of 15
Updating learning rate to 0.0003435973836800002
    iters: 100, epoch: 16 | loss: 0.3894762 | speed: 0.0247s/iter; left: 51s
Epoch: 16, Steps: 143 | Train: 0.3932958 Vali: 0.3872498 Test: 0.1558491
EarlyStopping counter: 2 out of 15
Updating learning rate to 0.0002748779069440002
    iters: 100, epoch: 17 | loss: 0.2919559 | speed: 0.0255s/iter; left: 48s
Epoch: 17, Steps: 143 | Train: 0.3927652 Vali: 0.3863250 Test: 0.1558103
EarlyStopping counter: 3 out of 15
Updating learning rate to 0.00021990232555520019
    iters: 100, epoch: 18 | loss: 0.3670141 | speed: 0.0253s/iter; left: 44s
Epoch: 18, Steps: 143 | Train: 0.3923190 Vali: 0.3895852 Test: 0.1559477
EarlyStopping counter: 4 out of 15
Updating learning rate to 0.00017592186044416015
    iters: 100, epoch: 19 | loss: 0.3371176 | speed: 0.0261s/iter; left: 42s
Epoch: 19, Steps: 143 | Train: 0.3919910 Vali: 0.3916349 Test: 0.1557134
EarlyStopping counter: 5 out of 15
Updating learning rate to 0.00014073748835532812
    iters: 100, epoch: 20 | loss: 0.3903030 | speed: 0.0237s/iter; left: 35s
Epoch: 20, Steps: 143 | Train: 0.3920291 Vali: 0.3870807 Test: 0.1557035
EarlyStopping counter: 6 out of 15
Updating learning rate to 0.00011258999068426252
    iters: 100, epoch: 21 | loss: 0.5211726 | speed: 0.0252s/iter; left: 33s
Epoch: 21, Steps: 143 | Train: 0.3914574 Vali: 0.3900504 Test: 0.1557951
EarlyStopping counter: 7 out of 15
Updating learning rate to 9.007199254741001e-05
    iters: 100, epoch: 22 | loss: 0.4215822 | speed: 0.0245s/iter; left: 29s
Epoch: 22, Steps: 143 | Train: 0.3915003 Vali: 0.3885257 Test: 0.1557198
EarlyStopping counter: 8 out of 15
Updating learning rate to 7.205759403792801e-05
    iters: 100, epoch: 23 | loss: 0.4221440 | speed: 0.0239s/iter; left: 25s
Epoch: 23, Steps: 143 | Train: 0.3913343 Vali: 0.3885835 Test: 0.1558440
EarlyStopping counter: 9 out of 15
Updating learning rate to 5.764607523034242e-05
    iters: 100, epoch: 24 | loss: 0.2781718 | speed: 0.0236s/iter; left: 21s
Epoch: 24, Steps: 143 | Train: 0.3908989 Vali: 0.3904514 Test: 0.1558868
EarlyStopping counter: 10 out of 15
Updating learning rate to 4.611686018427394e-05
    iters: 100, epoch: 25 | loss: 0.3255445 | speed: 0.0262s/iter; left: 20s
Epoch: 25, Steps: 143 | Train: 0.3903454 Vali: 0.3886819 Test: 0.1560376
EarlyStopping counter: 11 out of 15
Updating learning rate to 3.689348814741915e-05
    iters: 100, epoch: 26 | loss: 0.4180753 | speed: 0.0243s/iter; left: 15s
Epoch: 26, Steps: 143 | Train: 0.3909333 Vali: 0.3897856 Test: 0.1558126
EarlyStopping counter: 12 out of 15
Updating learning rate to 2.951479051793532e-05
    iters: 100, epoch: 27 | loss: 0.5320758 | speed: 0.0270s/iter; left: 13s
Epoch: 27, Steps: 143 | Train: 0.3909747 Vali: 0.3876863 Test: 0.1559381
EarlyStopping counter: 13 out of 15
Updating learning rate to 2.361183241434826e-05
    iters: 100, epoch: 28 | loss: 0.2650119 | speed: 0.0166s/iter; left: 5s
Epoch: 28, Steps: 143 | Train: 0.3907123 Vali: 0.3874289 Test: 0.1558193
EarlyStopping counter: 14 out of 15
Updating learning rate to 1.888946593147861e-05
    iters: 100, epoch: 29 | loss: 0.5164204 | speed: 0.0247s/iter; left: 5s
Epoch: 29, Steps: 143 | Train: 0.3906775 Vali: 0.3848159 Test: 0.1558255
Validation loss decreased (0.385629 --> 0.384816).  Saving model ...
Updating learning rate to 1.5111572745182888e-05
    iters: 100, epoch: 30 | loss: 0.3887000 | speed: 0.0224s/iter; left: 1s
Epoch: 30, Steps: 143 | Train: 0.3898711 Vali: 0.3862363 Test: 0.1558816
EarlyStopping counter: 1 out of 15
Updating learning rate to 1.208925819614631e-05
STAGE 1 RESULT: mse=0.1564, mae=0.2031, smape=53.5333

============================================================
STAGE 2: Load MRT + add Freq branch (frozen backbone/MRT/cycle, max_epochs=3, patience=3)
============================================================
train 36696
val 5175
test 10444
Loaded 10 params from stage1, 0 new (Freq branch)
Trainable: 1,030 / 103,219 (1.0%)  freeze_backbone=1
    iters: 100, epoch: 1 | loss: 0.2978573 | speed: 0.0162s/iter; left: 5s
Epoch: 1, Train: 0.3894737 Vali: 0.3886202
[diag s2-1]  freq.rs=+0.0065 mask.mean=0.438 mask.std=0.141  mrt.rs=+0.7092
Validation loss decreased (inf --> 0.388620).  Saving model ...
    iters: 100, epoch: 2 | loss: 0.3027510 | speed: 0.0167s/iter; left: 3s
Epoch: 2, Train: 0.3908314 Vali: 0.3864178
[diag s2-2]  freq.rs=+0.0095 mask.mean=0.438 mask.std=0.141  mrt.rs=+0.7092
Validation loss decreased (0.388620 --> 0.386418).  Saving model ...
    iters: 100, epoch: 3 | loss: 0.5497771 | speed: 0.0182s/iter; left: 1s
Epoch: 3, Train: 0.3899254 Vali: 0.3892095
[diag s2-3]  freq.rs=+0.0117 mask.mean=0.439 mask.std=0.141  mrt.rs=+0.7092
EarlyStopping counter: 1 out of 3
STAGE 2 complete.

============================================================
SKIPPING Stage 3a (--no_stage3a): Stage 2 -> Stage 3b directly
============================================================

============================================================
STAGE 3b: Unfreeze all, group-wise LR (base=0.001500, max_epochs=20, patience=10) (pure MSE)
  LR groups: freq/gate ×0.67, model ×0.33, mrt/cycle ×0.10
============================================================
train 36696
val 5175
test 10444
Loaded stage3a checkpoint, unfreezing all parameters.
  Group freq/gate: 1,030 params, LR=0.001005
  Group model: 98,912 params, LR=0.000495
  Group mrt/cycle: 3,277 params, LR=0.000150
    iters: 100, epoch: 1 | loss: 0.3048553 | speed: 0.0259s/iter; left: 71s
Epoch: 1, Steps: 143 | Train: 0.3909546 Vali: 0.3879010 Test: 0.1558444
[diag 3b-1]  freq.rs=+0.0115 mask.mean=0.439 mask.std=0.141  mrt.rs=+0.7097
Validation loss decreased (inf --> 0.387901).  Saving model ...
Updating learning rate to 0.005
    iters: 100, epoch: 2 | loss: 0.3626340 | speed: 0.0271s/iter; left: 71s
Epoch: 2, Steps: 143 | Train: 0.4008751 Vali: 0.3908903 Test: 0.1566078
[diag 3b-2]  freq.rs=-0.1217 mask.mean=0.431 mask.std=0.142  mrt.rs=+0.6988
EarlyStopping counter: 1 out of 10
Updating learning rate to 0.005
    iters: 100, epoch: 3 | loss: 0.2804964 | speed: 0.0258s/iter; left: 64s
Epoch: 3, Steps: 143 | Train: 0.3996500 Vali: 0.3895839 Test: 0.1566399
[diag 3b-3]  freq.rs=-0.2653 mask.mean=0.411 mask.std=0.158  mrt.rs=+0.7243
EarlyStopping counter: 2 out of 10
Updating learning rate to 0.005
    iters: 100, epoch: 4 | loss: 0.5489889 | speed: 0.0259s/iter; left: 60s
Epoch: 4, Steps: 143 | Train: 0.3958473 Vali: 0.3923558 Test: 0.1565688
[diag 3b-4]  freq.rs=-0.4296 mask.mean=0.395 mask.std=0.181  mrt.rs=+0.7162
EarlyStopping counter: 3 out of 10
Updating learning rate to 0.004
    iters: 100, epoch: 5 | loss: 0.3430990 | speed: 0.0270s/iter; left: 59s
Epoch: 5, Steps: 143 | Train: 0.3934604 Vali: 0.3920325 Test: 0.1562245
[diag 3b-5]  freq.rs=-0.5319 mask.mean=0.385 mask.std=0.196  mrt.rs=+0.7210
EarlyStopping counter: 4 out of 10
Updating learning rate to 0.0032000000000000006
    iters: 100, epoch: 6 | loss: 0.4185146 | speed: 0.0248s/iter; left: 51s
Epoch: 6, Steps: 143 | Train: 0.3902298 Vali: 0.3862936 Test: 0.1557851
[diag 3b-6]  freq.rs=-0.5970 mask.mean=0.378 mask.std=0.204  mrt.rs=+0.7259
Validation loss decreased (0.387901 --> 0.386294).  Saving model ...
Updating learning rate to 0.0025600000000000006
    iters: 100, epoch: 7 | loss: 0.3802926 | speed: 0.0258s/iter; left: 49s
Epoch: 7, Steps: 143 | Train: 0.3881223 Vali: 0.3900036 Test: 0.1558163
[diag 3b-7]  freq.rs=-0.6270 mask.mean=0.374 mask.std=0.210  mrt.rs=+0.7191
EarlyStopping counter: 1 out of 10
Updating learning rate to 0.0020480000000000003
    iters: 100, epoch: 8 | loss: 0.5114557 | speed: 0.0252s/iter; left: 44s
Epoch: 8, Steps: 143 | Train: 0.3858029 Vali: 0.3909386 Test: 0.1562584
[diag 3b-8]  freq.rs=-0.6516 mask.mean=0.372 mask.std=0.214  mrt.rs=+0.7206
EarlyStopping counter: 2 out of 10
Updating learning rate to 0.0016384000000000004
    iters: 100, epoch: 9 | loss: 0.3338054 | speed: 0.0244s/iter; left: 39s
Epoch: 9, Steps: 143 | Train: 0.3848836 Vali: 0.3897717 Test: 0.1561608
[diag 3b-9]  freq.rs=-0.6639 mask.mean=0.370 mask.std=0.217  mrt.rs=+0.7208
EarlyStopping counter: 3 out of 10
Updating learning rate to 0.0013107200000000005
    iters: 100, epoch: 10 | loss: 0.4705552 | speed: 0.0267s/iter; left: 39s
Epoch: 10, Steps: 143 | Train: 0.3828760 Vali: 0.3883331 Test: 0.1565504
[diag 3b-10]  freq.rs=-0.6643 mask.mean=0.368 mask.std=0.219  mrt.rs=+0.7173
EarlyStopping counter: 4 out of 10
Updating learning rate to 0.0010485760000000005
    iters: 100, epoch: 11 | loss: 0.3042701 | speed: 0.0245s/iter; left: 33s
Epoch: 11, Steps: 143 | Train: 0.3819013 Vali: 0.3919044 Test: 0.1569552
[diag 3b-11]  freq.rs=-0.6684 mask.mean=0.367 mask.std=0.221  mrt.rs=+0.7167
EarlyStopping counter: 5 out of 10
Updating learning rate to 0.0008388608000000005
    iters: 100, epoch: 12 | loss: 0.2763086 | speed: 0.0253s/iter; left: 30s
Epoch: 12, Steps: 143 | Train: 0.3801700 Vali: 0.3886840 Test: 0.1569763
[diag 3b-12]  freq.rs=-0.6702 mask.mean=0.366 mask.std=0.222  mrt.rs=+0.7174
EarlyStopping counter: 6 out of 10
Updating learning rate to 0.0006710886400000003
    iters: 100, epoch: 13 | loss: 0.2865848 | speed: 0.0257s/iter; left: 27s
Epoch: 13, Steps: 143 | Train: 0.3797594 Vali: 0.3894325 Test: 0.1567929
[diag 3b-13]  freq.rs=-0.6701 mask.mean=0.365 mask.std=0.223  mrt.rs=+0.7164
EarlyStopping counter: 7 out of 10
Updating learning rate to 0.0005368709120000003
    iters: 100, epoch: 14 | loss: 0.3935711 | speed: 0.0249s/iter; left: 22s
Epoch: 14, Steps: 143 | Train: 0.3794649 Vali: 0.3897176 Test: 0.1570940
[diag 3b-14]  freq.rs=-0.6730 mask.mean=0.365 mask.std=0.224  mrt.rs=+0.7183
EarlyStopping counter: 8 out of 10
Updating learning rate to 0.0004294967296000003
    iters: 100, epoch: 15 | loss: 0.3320264 | speed: 0.0246s/iter; left: 19s
Epoch: 15, Steps: 143 | Train: 0.3788686 Vali: 0.3913419 Test: 0.1568673
[diag 3b-15]  freq.rs=-0.6734 mask.mean=0.365 mask.std=0.224  mrt.rs=+0.7177
EarlyStopping counter: 9 out of 10
Updating learning rate to 0.0003435973836800002
    iters: 100, epoch: 16 | loss: 0.2653835 | speed: 0.0252s/iter; left: 16s
Epoch: 16, Steps: 143 | Train: 0.3773459 Vali: 0.3887605 Test: 0.1571877
[diag 3b-16]  freq.rs=-0.6723 mask.mean=0.364 mask.std=0.225  mrt.rs=+0.7175
EarlyStopping counter: 10 out of 10
Early stopping at epoch 16

============================================================
FINAL RESULT (Stage 3b): mse=0.1563, mae=0.2031, smape=53.5073
============================================================
[diag 3b-final]  freq.rs=-0.5970 mask.mean=0.378 mask.std=0.204  mrt.rs=+0.7259
