============================================================
CONFIGURATION
============================================================
Device     : cuda:0
Dataset    : ettm1
Pred len   : 336
Seed       : 2024

--- Data ---
enc_in     : 7
seq_len    : 96
cycle      : 96
use_revin  : 1
batch_size : 256

--- Model ---
model_type : mlp
d_model    : 512
mrt_layers : 1
freq_layers: 0
fusion     : mode=serial, gate=0, sparsity=0.0

--- Training ---
base_lr    : 0.005
Stage1     : epochs=30, patience=15
Stage2     : epochs=3, patience=3, freeze_backbone=1
Stage3 FreDF: False
Stage3a    : epochs=12, patience=6
Stage3b    : epochs=20, patience=10, freq×0.67 model×0.33 mrt×0.10
============================================================

============================================================
STAGE 1: Train MRT only (freq_layers=0)
============================================================
train 34129
val 11185
test 11185
    iters: 100, epoch: 1 | loss: 0.4131836 | speed: 0.0335s/iter; left: 130s
Epoch: 1, Steps: 133 | Train: 0.4486127 Vali: 0.6921597 Test: 0.4284741
Validation loss decreased (inf --> 0.692160).  Saving model ...
Updating learning rate to 0.005
    iters: 100, epoch: 2 | loss: 0.4231795 | speed: 0.0249s/iter; left: 94s
Epoch: 2, Steps: 133 | Train: 0.3990567 Vali: 0.6714321 Test: 0.4050857
Validation loss decreased (0.692160 --> 0.671432).  Saving model ...
Updating learning rate to 0.005
    iters: 100, epoch: 3 | loss: 0.3817265 | speed: 0.0207s/iter; left: 75s
Epoch: 3, Steps: 133 | Train: 0.3752737 Vali: 0.6554862 Test: 0.3972283
Validation loss decreased (0.671432 --> 0.655486).  Saving model ...
Updating learning rate to 0.005
    iters: 100, epoch: 4 | loss: 0.3712705 | speed: 0.0208s/iter; left: 73s
Epoch: 4, Steps: 133 | Train: 0.3643478 Vali: 0.6455137 Test: 0.3902950
Validation loss decreased (0.655486 --> 0.645514).  Saving model ...
Updating learning rate to 0.004
    iters: 100, epoch: 5 | loss: 0.3274149 | speed: 0.0245s/iter; left: 82s
Epoch: 5, Steps: 133 | Train: 0.3578611 Vali: 0.6445450 Test: 0.3873091
Validation loss decreased (0.645514 --> 0.644545).  Saving model ...
Updating learning rate to 0.0032000000000000006
    iters: 100, epoch: 6 | loss: 0.3299232 | speed: 0.0234s/iter; left: 75s
Epoch: 6, Steps: 133 | Train: 0.3534348 Vali: 0.6449642 Test: 0.3864177
EarlyStopping counter: 1 out of 15
Updating learning rate to 0.0025600000000000006
    iters: 100, epoch: 7 | loss: 0.3414165 | speed: 0.0229s/iter; left: 71s
Epoch: 7, Steps: 133 | Train: 0.3501954 Vali: 0.6456294 Test: 0.3872123
EarlyStopping counter: 2 out of 15
Updating learning rate to 0.0020480000000000003
    iters: 100, epoch: 8 | loss: 0.3379360 | speed: 0.0227s/iter; left: 67s
Epoch: 8, Steps: 133 | Train: 0.3474700 Vali: 0.6444197 Test: 0.3880730
Validation loss decreased (0.644545 --> 0.644420).  Saving model ...
Updating learning rate to 0.0016384000000000004
    iters: 100, epoch: 9 | loss: 0.3236423 | speed: 0.0265s/iter; left: 75s
Epoch: 9, Steps: 133 | Train: 0.3450550 Vali: 0.6456893 Test: 0.3881781
EarlyStopping counter: 1 out of 15
Updating learning rate to 0.0013107200000000005
    iters: 100, epoch: 10 | loss: 0.3714128 | speed: 0.0233s/iter; left: 63s
Epoch: 10, Steps: 133 | Train: 0.3431119 Vali: 0.6432093 Test: 0.3895679
Validation loss decreased (0.644420 --> 0.643209).  Saving model ...
Updating learning rate to 0.0010485760000000005
    iters: 100, epoch: 11 | loss: 0.3559361 | speed: 0.0219s/iter; left: 56s
Epoch: 11, Steps: 133 | Train: 0.3411724 Vali: 0.6415853 Test: 0.3875141
Validation loss decreased (0.643209 --> 0.641585).  Saving model ...
Updating learning rate to 0.0008388608000000005
    iters: 100, epoch: 12 | loss: 0.3589073 | speed: 0.0226s/iter; left: 55s
Epoch: 12, Steps: 133 | Train: 0.3397796 Vali: 0.6436321 Test: 0.3880617
EarlyStopping counter: 1 out of 15
Updating learning rate to 0.0006710886400000003
    iters: 100, epoch: 13 | loss: 0.3414693 | speed: 0.0521s/iter; left: 120s
Epoch: 13, Steps: 133 | Train: 0.3382542 Vali: 0.6428674 Test: 0.3880254
EarlyStopping counter: 2 out of 15
Updating learning rate to 0.0005368709120000003
    iters: 100, epoch: 14 | loss: 0.3317613 | speed: 0.0260s/iter; left: 56s
Epoch: 14, Steps: 133 | Train: 0.3373220 Vali: 0.6440247 Test: 0.3873131
EarlyStopping counter: 3 out of 15
Updating learning rate to 0.0004294967296000003
    iters: 100, epoch: 15 | loss: 0.3271897 | speed: 0.0243s/iter; left: 49s
Epoch: 15, Steps: 133 | Train: 0.3364104 Vali: 0.6446109 Test: 0.3882118
EarlyStopping counter: 4 out of 15
Updating learning rate to 0.0003435973836800002
    iters: 100, epoch: 16 | loss: 0.3165137 | speed: 0.0242s/iter; left: 46s
Epoch: 16, Steps: 133 | Train: 0.3356143 Vali: 0.6452669 Test: 0.3884518
EarlyStopping counter: 5 out of 15
Updating learning rate to 0.0002748779069440002
    iters: 100, epoch: 17 | loss: 0.3126984 | speed: 0.0178s/iter; left: 31s
Epoch: 17, Steps: 133 | Train: 0.3350161 Vali: 0.6456854 Test: 0.3877513
EarlyStopping counter: 6 out of 15
Updating learning rate to 0.00021990232555520019
    iters: 100, epoch: 18 | loss: 0.3532894 | speed: 0.0185s/iter; left: 30s
Epoch: 18, Steps: 133 | Train: 0.3344798 Vali: 0.6454356 Test: 0.3877772
EarlyStopping counter: 7 out of 15
Updating learning rate to 0.00017592186044416015
    iters: 100, epoch: 19 | loss: 0.3316233 | speed: 0.0173s/iter; left: 26s
Epoch: 19, Steps: 133 | Train: 0.3341675 Vali: 0.6466030 Test: 0.3887733
EarlyStopping counter: 8 out of 15
Updating learning rate to 0.00014073748835532812
    iters: 100, epoch: 20 | loss: 0.3000633 | speed: 0.0217s/iter; left: 30s
Epoch: 20, Steps: 133 | Train: 0.3335460 Vali: 0.6441124 Test: 0.3885761
EarlyStopping counter: 9 out of 15
Updating learning rate to 0.00011258999068426252
    iters: 100, epoch: 21 | loss: 0.3297004 | speed: 0.0253s/iter; left: 31s
Epoch: 21, Steps: 133 | Train: 0.3334808 Vali: 0.6454700 Test: 0.3884604
EarlyStopping counter: 10 out of 15
Updating learning rate to 9.007199254741001e-05
    iters: 100, epoch: 22 | loss: 0.3347769 | speed: 0.0228s/iter; left: 25s
Epoch: 22, Steps: 133 | Train: 0.3332034 Vali: 0.6448793 Test: 0.3888435
EarlyStopping counter: 11 out of 15
Updating learning rate to 7.205759403792801e-05
    iters: 100, epoch: 23 | loss: 0.3526210 | speed: 0.0217s/iter; left: 21s
Epoch: 23, Steps: 133 | Train: 0.3329260 Vali: 0.6446776 Test: 0.3888896
EarlyStopping counter: 12 out of 15
Updating learning rate to 5.764607523034242e-05
    iters: 100, epoch: 24 | loss: 0.3180228 | speed: 0.0224s/iter; left: 19s
Epoch: 24, Steps: 133 | Train: 0.3327503 Vali: 0.6453934 Test: 0.3889696
EarlyStopping counter: 13 out of 15
Updating learning rate to 4.611686018427394e-05
    iters: 100, epoch: 25 | loss: 0.3233909 | speed: 0.0248s/iter; left: 17s
Epoch: 25, Steps: 133 | Train: 0.3327029 Vali: 0.6458397 Test: 0.3888281
EarlyStopping counter: 14 out of 15
Updating learning rate to 3.689348814741915e-05
    iters: 100, epoch: 26 | loss: 0.3260793 | speed: 0.0239s/iter; left: 14s
Epoch: 26, Steps: 133 | Train: 0.3326435 Vali: 0.6455669 Test: 0.3887450
EarlyStopping counter: 15 out of 15
Early stopping at epoch 26
STAGE 1 RESULT: mse=0.3869, mae=0.4015, smape=75.2111

============================================================
STAGE 2: Load MRT + add Freq branch (frozen backbone/MRT/cycle, max_epochs=3, patience=3)
============================================================
train 34129
val 11185
test 11185
Loaded 10 params from stage1, 0 new (Freq branch)
Trainable: 344 / 223,133 (0.2%)  freeze_backbone=1
    iters: 100, epoch: 1 | loss: 0.3629048 | speed: 0.0230s/iter; left: 7s
Epoch: 1, Train: 0.3394593 Vali: 0.6426646
[diag s2-1]  freq.rs=+0.0103 mask.mean=0.438 mask.std=0.141  mrt.rs=+0.4107
Validation loss decreased (inf --> 0.642665).  Saving model ...
    iters: 100, epoch: 2 | loss: 0.3226749 | speed: 0.0219s/iter; left: 4s
Epoch: 2, Train: 0.3396048 Vali: 0.6429954
[diag s2-2]  freq.rs=+0.0195 mask.mean=0.439 mask.std=0.142  mrt.rs=+0.4107
EarlyStopping counter: 1 out of 3
    iters: 100, epoch: 3 | loss: 0.3542784 | speed: 0.0180s/iter; left: 1s
Epoch: 3, Train: 0.3396052 Vali: 0.6428364
[diag s2-3]  freq.rs=+0.0260 mask.mean=0.440 mask.std=0.142  mrt.rs=+0.4107
EarlyStopping counter: 2 out of 3
STAGE 2 complete.

============================================================
SKIPPING Stage 3a (--no_stage3a): Stage 2 -> Stage 3b directly
============================================================

============================================================
STAGE 3b: Unfreeze all, group-wise LR (base=0.001500, max_epochs=20, patience=10) (pure MSE)
  LR groups: freq/gate ×0.67, model ×0.33, mrt/cycle ×0.10
============================================================
train 34129
val 11185
test 11185
Loaded stage3a checkpoint, unfreezing all parameters.
  Group freq/gate: 344 params, LR=0.001005
  Group model: 222,032 params, LR=0.000495
  Group mrt/cycle: 757 params, LR=0.000150
    iters: 100, epoch: 1 | loss: 0.3438733 | speed: 0.0264s/iter; left: 68s
Epoch: 1, Steps: 133 | Train: 0.3382307 Vali: 0.6423038 Test: 0.3854968
[diag 3b-1]  freq.rs=+0.0153 mask.mean=0.438 mask.std=0.141  mrt.rs=+0.4093
Validation loss decreased (inf --> 0.642304).  Saving model ...
Updating learning rate to 0.005
    iters: 100, epoch: 2 | loss: 0.3326977 | speed: 0.0187s/iter; left: 45s
Epoch: 2, Steps: 133 | Train: 0.3480357 Vali: 0.6454969 Test: 0.3938980
[diag 3b-2]  freq.rs=-0.1179 mask.mean=0.445 mask.std=0.146  mrt.rs=+0.4493
EarlyStopping counter: 1 out of 10
Updating learning rate to 0.005
    iters: 100, epoch: 3 | loss: 0.3391149 | speed: 0.0186s/iter; left: 43s
Epoch: 3, Steps: 133 | Train: 0.3452933 Vali: 0.6477462 Test: 0.3926421
[diag 3b-3]  freq.rs=-0.2417 mask.mean=0.456 mask.std=0.167  mrt.rs=+0.4575
EarlyStopping counter: 2 out of 10
Updating learning rate to 0.005
    iters: 100, epoch: 4 | loss: 0.3538219 | speed: 0.0256s/iter; left: 55s
Epoch: 4, Steps: 133 | Train: 0.3428301 Vali: 0.6457906 Test: 0.3901714
[diag 3b-4]  freq.rs=-0.4314 mask.mean=0.463 mask.std=0.201  mrt.rs=+0.4705
EarlyStopping counter: 3 out of 10
Updating learning rate to 0.004
    iters: 100, epoch: 5 | loss: 0.3506357 | speed: 0.0294s/iter; left: 60s
Epoch: 5, Steps: 133 | Train: 0.3385406 Vali: 0.6471080 Test: 0.3945477
[diag 3b-5]  freq.rs=-0.4973 mask.mean=0.462 mask.std=0.219  mrt.rs=+0.4686
EarlyStopping counter: 4 out of 10
Updating learning rate to 0.0032000000000000006
    iters: 100, epoch: 6 | loss: 0.3561828 | speed: 0.0255s/iter; left: 48s
Epoch: 6, Steps: 133 | Train: 0.3355358 Vali: 0.6443619 Test: 0.3936336
[diag 3b-6]  freq.rs=-0.5379 mask.mean=0.461 mask.std=0.228  mrt.rs=+0.4751
EarlyStopping counter: 5 out of 10
Updating learning rate to 0.0025600000000000006
    iters: 100, epoch: 7 | loss: 0.3452615 | speed: 0.0258s/iter; left: 45s
Epoch: 7, Steps: 133 | Train: 0.3326739 Vali: 0.6501318 Test: 0.3954632
[diag 3b-7]  freq.rs=-0.5468 mask.mean=0.459 mask.std=0.234  mrt.rs=+0.4745
EarlyStopping counter: 6 out of 10
Updating learning rate to 0.0020480000000000003
    iters: 100, epoch: 8 | loss: 0.3293325 | speed: 0.0262s/iter; left: 43s
Epoch: 8, Steps: 133 | Train: 0.3298801 Vali: 0.6462269 Test: 0.3978497
[diag 3b-8]  freq.rs=-0.5522 mask.mean=0.458 mask.std=0.239  mrt.rs=+0.4758
EarlyStopping counter: 7 out of 10
Updating learning rate to 0.0016384000000000004
    iters: 100, epoch: 9 | loss: 0.3280522 | speed: 0.0245s/iter; left: 37s
Epoch: 9, Steps: 133 | Train: 0.3280208 Vali: 0.6484079 Test: 0.3945401
[diag 3b-9]  freq.rs=-0.5554 mask.mean=0.457 mask.std=0.242  mrt.rs=+0.4763
EarlyStopping counter: 8 out of 10
Updating learning rate to 0.0013107200000000005
    iters: 100, epoch: 10 | loss: 0.3336102 | speed: 0.0241s/iter; left: 33s
Epoch: 10, Steps: 133 | Train: 0.3261277 Vali: 0.6498866 Test: 0.3962884
[diag 3b-10]  freq.rs=-0.5580 mask.mean=0.457 mask.std=0.245  mrt.rs=+0.4739
EarlyStopping counter: 9 out of 10
Updating learning rate to 0.0010485760000000005
    iters: 100, epoch: 11 | loss: 0.3153256 | speed: 0.0266s/iter; left: 33s
Epoch: 11, Steps: 133 | Train: 0.3247255 Vali: 0.6505815 Test: 0.3971302
[diag 3b-11]  freq.rs=-0.5526 mask.mean=0.456 mask.std=0.247  mrt.rs=+0.4749
EarlyStopping counter: 10 out of 10
Early stopping at epoch 11

============================================================
FINAL RESULT (Stage 3b): mse=0.3849, mae=0.4004, smape=74.7359
============================================================
[diag 3b-final]  freq.rs=+0.0153 mask.mean=0.438 mask.std=0.141  mrt.rs=+0.4093
