============================================================
CONFIGURATION
============================================================
Device     : cuda:0
Dataset    : ettm1
Pred len   : 96
Seed       : 2024

--- Data ---
enc_in     : 7
seq_len    : 96
cycle      : 96
use_revin  : 1
batch_size : 256

--- Model ---
model_type : mlp
d_model    : 512
mrt_layers : 1
freq_layers: 0
fusion     : mode=serial, gate=0, sparsity=0.0

--- Training ---
base_lr    : 0.005
Stage1     : epochs=30, patience=15
Stage2     : epochs=3, patience=3, freeze_backbone=1
Stage3     : SKIPPED (stage2_only)
============================================================

============================================================
STAGE 1: Train MRT only (freq_layers=0)
============================================================
train 34369
val 11425
test 11425
    iters: 100, epoch: 1 | loss: 0.3186371 | speed: 0.0244s/iter; left: 96s
Epoch: 1, Steps: 134 | Train: 0.3730252 Vali: 0.4188791 Test: 0.3572427
Validation loss decreased (inf --> 0.418879).  Saving model ...
Updating learning rate to 0.005
    iters: 100, epoch: 2 | loss: 0.2956142 | speed: 0.0155s/iter; left: 59s
Epoch: 2, Steps: 134 | Train: 0.3072096 Vali: 0.4079471 Test: 0.3277991
Validation loss decreased (0.418879 --> 0.407947).  Saving model ...
Updating learning rate to 0.005
    iters: 100, epoch: 3 | loss: 0.2612136 | speed: 0.0153s/iter; left: 56s
Epoch: 3, Steps: 134 | Train: 0.2739870 Vali: 0.3859023 Test: 0.3175356
Validation loss decreased (0.407947 --> 0.385902).  Saving model ...
Updating learning rate to 0.005
    iters: 100, epoch: 4 | loss: 0.2709621 | speed: 0.0147s/iter; left: 52s
Epoch: 4, Steps: 134 | Train: 0.2629540 Vali: 0.3871853 Test: 0.3164120
EarlyStopping counter: 1 out of 15
Updating learning rate to 0.004
    iters: 100, epoch: 5 | loss: 0.2386308 | speed: 0.0163s/iter; left: 55s
Epoch: 5, Steps: 134 | Train: 0.2549200 Vali: 0.3877352 Test: 0.3139495
EarlyStopping counter: 2 out of 15
Updating learning rate to 0.0032000000000000006
    iters: 100, epoch: 6 | loss: 0.2568725 | speed: 0.0195s/iter; left: 64s
Epoch: 6, Steps: 134 | Train: 0.2506969 Vali: 0.3856199 Test: 0.3145908
Validation loss decreased (0.385902 --> 0.385620).  Saving model ...
Updating learning rate to 0.0025600000000000006
    iters: 100, epoch: 7 | loss: 0.2441202 | speed: 0.0204s/iter; left: 64s
Epoch: 7, Steps: 134 | Train: 0.2471504 Vali: 0.3934780 Test: 0.3189790
EarlyStopping counter: 1 out of 15
Updating learning rate to 0.0020480000000000003
    iters: 100, epoch: 8 | loss: 0.2433703 | speed: 0.0197s/iter; left: 59s
Epoch: 8, Steps: 134 | Train: 0.2442094 Vali: 0.3888509 Test: 0.3123783
EarlyStopping counter: 2 out of 15
Updating learning rate to 0.0016384000000000004
    iters: 100, epoch: 9 | loss: 0.2322124 | speed: 0.0196s/iter; left: 56s
Epoch: 9, Steps: 134 | Train: 0.2421463 Vali: 0.3903044 Test: 0.3135992
EarlyStopping counter: 3 out of 15
Updating learning rate to 0.0013107200000000005
    iters: 100, epoch: 10 | loss: 0.2506246 | speed: 0.0207s/iter; left: 56s
Epoch: 10, Steps: 134 | Train: 0.2396100 Vali: 0.3884872 Test: 0.3124522
EarlyStopping counter: 4 out of 15
Updating learning rate to 0.0010485760000000005
    iters: 100, epoch: 11 | loss: 0.2301322 | speed: 0.0209s/iter; left: 54s
Epoch: 11, Steps: 134 | Train: 0.2379101 Vali: 0.3920581 Test: 0.3153642
EarlyStopping counter: 5 out of 15
Updating learning rate to 0.0008388608000000005
    iters: 100, epoch: 12 | loss: 0.2351121 | speed: 0.0205s/iter; left: 50s
Epoch: 12, Steps: 134 | Train: 0.2363417 Vali: 0.3912587 Test: 0.3117343
EarlyStopping counter: 6 out of 15
Updating learning rate to 0.0006710886400000003
    iters: 100, epoch: 13 | loss: 0.2215580 | speed: 0.0222s/iter; left: 51s
Epoch: 13, Steps: 134 | Train: 0.2350555 Vali: 0.3919129 Test: 0.3143835
EarlyStopping counter: 7 out of 15
Updating learning rate to 0.0005368709120000003
    iters: 100, epoch: 14 | loss: 0.2326557 | speed: 0.0206s/iter; left: 45s
Epoch: 14, Steps: 134 | Train: 0.2340669 Vali: 0.3923348 Test: 0.3131601
EarlyStopping counter: 8 out of 15
Updating learning rate to 0.0004294967296000003
    iters: 100, epoch: 15 | loss: 0.2598718 | speed: 0.0206s/iter; left: 42s
Epoch: 15, Steps: 134 | Train: 0.2330576 Vali: 0.3942412 Test: 0.3138360
EarlyStopping counter: 9 out of 15
Updating learning rate to 0.0003435973836800002
    iters: 100, epoch: 16 | loss: 0.2408197 | speed: 0.0208s/iter; left: 40s
Epoch: 16, Steps: 134 | Train: 0.2323350 Vali: 0.3961748 Test: 0.3148100
EarlyStopping counter: 10 out of 15
Updating learning rate to 0.0002748779069440002
    iters: 100, epoch: 17 | loss: 0.2442768 | speed: 0.0198s/iter; left: 35s
Epoch: 17, Steps: 134 | Train: 0.2316099 Vali: 0.3951484 Test: 0.3146631
EarlyStopping counter: 11 out of 15
Updating learning rate to 0.00021990232555520019
    iters: 100, epoch: 18 | loss: 0.2442650 | speed: 0.0206s/iter; left: 34s
Epoch: 18, Steps: 134 | Train: 0.2312176 Vali: 0.3954028 Test: 0.3131699
EarlyStopping counter: 12 out of 15
Updating learning rate to 0.00017592186044416015
    iters: 100, epoch: 19 | loss: 0.2577493 | speed: 0.0205s/iter; left: 31s
Epoch: 19, Steps: 134 | Train: 0.2307849 Vali: 0.3953564 Test: 0.3137148
EarlyStopping counter: 13 out of 15
Updating learning rate to 0.00014073748835532812
    iters: 100, epoch: 20 | loss: 0.2217125 | speed: 0.0233s/iter; left: 32s
Epoch: 20, Steps: 134 | Train: 0.2303698 Vali: 0.3951351 Test: 0.3139302
EarlyStopping counter: 14 out of 15
Updating learning rate to 0.00011258999068426252
    iters: 100, epoch: 21 | loss: 0.2213463 | speed: 0.0215s/iter; left: 27s
Epoch: 21, Steps: 134 | Train: 0.2300303 Vali: 0.3959686 Test: 0.3138399
EarlyStopping counter: 15 out of 15
Early stopping at epoch 21
STAGE 1 RESULT: mse=0.3159, mae=0.3550, smape=68.9851

============================================================
STAGE 2: Load MRT + add Freq branch (frozen backbone/MRT/cycle, max_epochs=3, patience=3)
============================================================
train 34369
val 11425
test 11425
Loaded 10 params from stage1, 0 new (Freq branch)
Trainable: 344 / 100,013 (0.3%)  freeze_backbone=1
    iters: 100, epoch: 1 | loss: 0.6452801 | speed: 0.0204s/iter; left: 6s
Epoch: 1, Train: 0.6708317 Vali: 0.3853732
[diag s2-1]  freq.rs=-0.0219 mask.mean=0.439 mask.std=0.141  mrt.rs=-0.5230
Validation loss decreased (inf --> 0.385373).  Saving model ...
    iters: 100, epoch: 2 | loss: 0.6781018 | speed: 0.0194s/iter; left: 3s
Epoch: 2, Train: 0.6707956 Vali: 0.3849927
[diag s2-2]  freq.rs=-0.0418 mask.mean=0.439 mask.std=0.141  mrt.rs=-0.5230
Validation loss decreased (0.385373 --> 0.384993).  Saving model ...
    iters: 100, epoch: 3 | loss: 0.6432869 | speed: 0.0197s/iter; left: 1s
Epoch: 3, Train: 0.6706576 Vali: 0.3860709
[diag s2-3]  freq.rs=-0.0604 mask.mean=0.440 mask.std=0.140  mrt.rs=-0.5230
EarlyStopping counter: 1 out of 3
STAGE 2 complete.

============================================================
STAGE 2 ONLY: Testing from Stage 2 checkpoint
============================================================
train 34369
val 11425
test 11425
[diag stage2-final]  freq.rs=-0.0418 mask.mean=0.439 mask.std=0.141  mrt.rs=-0.5230

============================================================
FINAL RESULT (Stage 2 only): mse=0.3156, mae=0.3548, smape=68.9729
============================================================
