============================================================
CONFIGURATION
============================================================
Device     : cuda:0
Dataset    : ettm1
Pred len   : 192
Seed       : 2024

--- Data ---
enc_in     : 7
seq_len    : 96
cycle      : 96
use_revin  : 1
batch_size : 256

--- Model ---
model_type : mlp
d_model    : 512
mrt_layers : 1
freq_layers: 0
fusion     : mode=serial, gate=0, sparsity=0.0

--- Training ---
base_lr    : 0.005
Stage1     : epochs=30, patience=15
Stage2     : epochs=3, patience=3, freeze_backbone=1
Stage3 FreDF: True
Stage3a    : epochs=12, patience=6
Stage3b    : epochs=20, patience=10, freq×0.67 model×0.33 mrt×0.10
============================================================

============================================================
STAGE 1: Train MRT only (freq_layers=0)
============================================================
train 34273
val 11329
test 11329
    iters: 100, epoch: 1 | loss: 0.3805581 | speed: 0.0338s/iter; left: 132s
Epoch: 1, Steps: 133 | Train: 0.4015851 Vali: 0.5427077 Test: 0.3951090
Validation loss decreased (inf --> 0.542708).  Saving model ...
Updating learning rate to 0.005
    iters: 100, epoch: 2 | loss: 0.3554740 | speed: 0.0238s/iter; left: 89s
Epoch: 2, Steps: 133 | Train: 0.3488590 Vali: 0.5239193 Test: 0.3687024
Validation loss decreased (0.542708 --> 0.523919).  Saving model ...
Updating learning rate to 0.005
    iters: 100, epoch: 3 | loss: 0.3419105 | speed: 0.0247s/iter; left: 90s
Epoch: 3, Steps: 133 | Train: 0.3244951 Vali: 0.5080860 Test: 0.3580394
Validation loss decreased (0.523919 --> 0.508086).  Saving model ...
Updating learning rate to 0.005
    iters: 100, epoch: 4 | loss: 0.3314256 | speed: 0.0215s/iter; left: 75s
Epoch: 4, Steps: 133 | Train: 0.3140577 Vali: 0.5083684 Test: 0.3601823
EarlyStopping counter: 1 out of 15
Updating learning rate to 0.004
    iters: 100, epoch: 5 | loss: 0.3175779 | speed: 0.0254s/iter; left: 85s
Epoch: 5, Steps: 133 | Train: 0.3074248 Vali: 0.5021368 Test: 0.3554962
Validation loss decreased (0.508086 --> 0.502137).  Saving model ...
Updating learning rate to 0.0032000000000000006
    iters: 100, epoch: 6 | loss: 0.3084883 | speed: 0.0245s/iter; left: 79s
Epoch: 6, Steps: 133 | Train: 0.3030916 Vali: 0.5014795 Test: 0.3562684
Validation loss decreased (0.502137 --> 0.501480).  Saving model ...
Updating learning rate to 0.0025600000000000006
    iters: 100, epoch: 7 | loss: 0.3177697 | speed: 0.0223s/iter; left: 69s
Epoch: 7, Steps: 133 | Train: 0.3003497 Vali: 0.4992496 Test: 0.3526593
Validation loss decreased (0.501480 --> 0.499250).  Saving model ...
Updating learning rate to 0.0020480000000000003
    iters: 100, epoch: 8 | loss: 0.3074998 | speed: 0.0231s/iter; left: 68s
Epoch: 8, Steps: 133 | Train: 0.2973689 Vali: 0.4998607 Test: 0.3550630
EarlyStopping counter: 1 out of 15
Updating learning rate to 0.0016384000000000004
    iters: 100, epoch: 9 | loss: 0.2988065 | speed: 0.0262s/iter; left: 74s
Epoch: 9, Steps: 133 | Train: 0.2947318 Vali: 0.4998997 Test: 0.3561509
EarlyStopping counter: 2 out of 15
Updating learning rate to 0.0013107200000000005
    iters: 100, epoch: 10 | loss: 0.2949499 | speed: 0.0218s/iter; left: 59s
Epoch: 10, Steps: 133 | Train: 0.2931172 Vali: 0.4994385 Test: 0.3554865
EarlyStopping counter: 3 out of 15
Updating learning rate to 0.0010485760000000005
    iters: 100, epoch: 11 | loss: 0.2803851 | speed: 0.0230s/iter; left: 59s
Epoch: 11, Steps: 133 | Train: 0.2912484 Vali: 0.5028934 Test: 0.3551369
EarlyStopping counter: 4 out of 15
Updating learning rate to 0.0008388608000000005
    iters: 100, epoch: 12 | loss: 0.3098288 | speed: 0.0228s/iter; left: 55s
Epoch: 12, Steps: 133 | Train: 0.2895852 Vali: 0.5027696 Test: 0.3539676
EarlyStopping counter: 5 out of 15
Updating learning rate to 0.0006710886400000003
    iters: 100, epoch: 13 | loss: 0.2785198 | speed: 0.0231s/iter; left: 53s
Epoch: 13, Steps: 133 | Train: 0.2881677 Vali: 0.5014699 Test: 0.3544331
EarlyStopping counter: 6 out of 15
Updating learning rate to 0.0005368709120000003
    iters: 100, epoch: 14 | loss: 0.3159355 | speed: 0.0233s/iter; left: 50s
Epoch: 14, Steps: 133 | Train: 0.2870398 Vali: 0.5012025 Test: 0.3554139
EarlyStopping counter: 7 out of 15
Updating learning rate to 0.0004294967296000003
    iters: 100, epoch: 15 | loss: 0.2711684 | speed: 0.0227s/iter; left: 46s
Epoch: 15, Steps: 133 | Train: 0.2862656 Vali: 0.5022521 Test: 0.3551616
EarlyStopping counter: 8 out of 15
Updating learning rate to 0.0003435973836800002
    iters: 100, epoch: 16 | loss: 0.2877873 | speed: 0.0232s/iter; left: 44s
Epoch: 16, Steps: 133 | Train: 0.2852051 Vali: 0.5027595 Test: 0.3560845
EarlyStopping counter: 9 out of 15
Updating learning rate to 0.0002748779069440002
    iters: 100, epoch: 17 | loss: 0.2695654 | speed: 0.0222s/iter; left: 39s
Epoch: 17, Steps: 133 | Train: 0.2849254 Vali: 0.5031696 Test: 0.3553486
EarlyStopping counter: 10 out of 15
Updating learning rate to 0.00021990232555520019
    iters: 100, epoch: 18 | loss: 0.2976890 | speed: 0.0275s/iter; left: 45s
Epoch: 18, Steps: 133 | Train: 0.2843301 Vali: 0.5023141 Test: 0.3557266
EarlyStopping counter: 11 out of 15
Updating learning rate to 0.00017592186044416015
    iters: 100, epoch: 19 | loss: 0.3057930 | speed: 0.0233s/iter; left: 35s
Epoch: 19, Steps: 133 | Train: 0.2840152 Vali: 0.5039694 Test: 0.3555524
EarlyStopping counter: 12 out of 15
Updating learning rate to 0.00014073748835532812
    iters: 100, epoch: 20 | loss: 0.2714876 | speed: 0.0233s/iter; left: 32s
Epoch: 20, Steps: 133 | Train: 0.2836593 Vali: 0.5031297 Test: 0.3558779
EarlyStopping counter: 13 out of 15
Updating learning rate to 0.00011258999068426252
    iters: 100, epoch: 21 | loss: 0.2645207 | speed: 0.0234s/iter; left: 29s
Epoch: 21, Steps: 133 | Train: 0.2831388 Vali: 0.5025118 Test: 0.3559357
EarlyStopping counter: 14 out of 15
Updating learning rate to 9.007199254741001e-05
    iters: 100, epoch: 22 | loss: 0.2949228 | speed: 0.0272s/iter; left: 30s
Epoch: 22, Steps: 133 | Train: 0.2833118 Vali: 0.5031729 Test: 0.3557712
EarlyStopping counter: 15 out of 15
Early stopping at epoch 22
STAGE 1 RESULT: mse=0.3534, mae=0.3753, smape=71.7968

============================================================
STAGE 2: Load MRT + add Freq branch (frozen backbone/MRT/cycle, max_epochs=3, patience=3)
============================================================
train 34273
val 11329
test 11329
Loaded 10 params from stage1, 0 new (Freq branch)
Trainable: 344 / 149,261 (0.2%)  freeze_backbone=1
    iters: 100, epoch: 1 | loss: 0.9049903 | speed: 0.0156s/iter; left: 5s
Epoch: 1, Train: 0.9074367 Vali: 0.4996775
[diag s2-1]  freq.rs=-0.0098 mask.mean=0.438 mask.std=0.141  mrt.rs=+0.4509
Validation loss decreased (inf --> 0.499678).  Saving model ...
    iters: 100, epoch: 2 | loss: 0.8977396 | speed: 0.0181s/iter; left: 3s
Epoch: 2, Train: 0.9070977 Vali: 0.5004623
[diag s2-2]  freq.rs=-0.0171 mask.mean=0.439 mask.std=0.141  mrt.rs=+0.4509
EarlyStopping counter: 1 out of 3
    iters: 100, epoch: 3 | loss: 0.9099694 | speed: 0.0168s/iter; left: 1s
Epoch: 3, Train: 0.9072091 Vali: 0.4998903
[diag s2-3]  freq.rs=-0.0238 mask.mean=0.439 mask.std=0.141  mrt.rs=+0.4509
EarlyStopping counter: 2 out of 3
STAGE 2 complete.

============================================================
SKIPPING Stage 3a (--no_stage3a): Stage 2 -> Stage 3b directly
============================================================

============================================================
STAGE 3b: Unfreeze all, group-wise LR (base=0.001500, max_epochs=20, patience=10) + FreDF(α=0.8)
  LR groups: freq/gate ×0.67, model ×0.33, mrt/cycle ×0.10
============================================================
train 34273
val 11329
test 11329
Loaded stage3a checkpoint, unfreezing all parameters.
  Group freq/gate: 344 params, LR=0.001005
  Group model: 148,160 params, LR=0.000495
  Group mrt/cycle: 757 params, LR=0.000150
    iters: 100, epoch: 1 | loss: 0.9110965 | speed: 0.0194s/iter; left: 50s
Epoch: 1, Steps: 133 | Train: 0.9044655 Vali: 0.4981752 Test: 0.3512408
[diag 3b-1]  freq.rs=-0.0082 mask.mean=0.438 mask.std=0.141  mrt.rs=+0.4490
Validation loss decreased (inf --> 0.498175).  Saving model ...
Updating learning rate to 0.005
    iters: 100, epoch: 2 | loss: 0.8897493 | speed: 0.0211s/iter; left: 51s
Epoch: 2, Steps: 133 | Train: 0.9144140 Vali: 0.5029679 Test: 0.3551906
[diag 3b-2]  freq.rs=-0.3071 mask.mean=0.451 mask.std=0.161  mrt.rs=+0.4788
EarlyStopping counter: 1 out of 10
Updating learning rate to 0.005
    iters: 100, epoch: 3 | loss: 0.9424696 | speed: 0.0186s/iter; left: 43s
Epoch: 3, Steps: 133 | Train: 0.9074363 Vali: 0.5044804 Test: 0.3555183
[diag 3b-3]  freq.rs=-0.5007 mask.mean=0.451 mask.std=0.198  mrt.rs=+0.4892
EarlyStopping counter: 2 out of 10
Updating learning rate to 0.005
    iters: 100, epoch: 4 | loss: 0.8588143 | speed: 0.0196s/iter; left: 42s
Epoch: 4, Steps: 133 | Train: 0.9037981 Vali: 0.5057195 Test: 0.3571480
[diag 3b-4]  freq.rs=-0.6548 mask.mean=0.453 mask.std=0.222  mrt.rs=+0.4974
EarlyStopping counter: 3 out of 10
Updating learning rate to 0.004
    iters: 100, epoch: 5 | loss: 0.9275597 | speed: 0.0199s/iter; left: 40s
Epoch: 5, Steps: 133 | Train: 0.8983009 Vali: 0.5027028 Test: 0.3543755
[diag 3b-5]  freq.rs=-0.6978 mask.mean=0.452 mask.std=0.231  mrt.rs=+0.4978
EarlyStopping counter: 4 out of 10
Updating learning rate to 0.0032000000000000006
    iters: 100, epoch: 6 | loss: 0.8647994 | speed: 0.0212s/iter; left: 40s
Epoch: 6, Steps: 133 | Train: 0.8937846 Vali: 0.5014110 Test: 0.3573633
[diag 3b-6]  freq.rs=-0.7278 mask.mean=0.451 mask.std=0.235  mrt.rs=+0.4969
EarlyStopping counter: 5 out of 10
Updating learning rate to 0.0025600000000000006
    iters: 100, epoch: 7 | loss: 0.9154928 | speed: 0.0194s/iter; left: 34s
Epoch: 7, Steps: 133 | Train: 0.8900830 Vali: 0.5060961 Test: 0.3576377
[diag 3b-7]  freq.rs=-0.7424 mask.mean=0.451 mask.std=0.238  mrt.rs=+0.5001
EarlyStopping counter: 6 out of 10
Updating learning rate to 0.0020480000000000003
    iters: 100, epoch: 8 | loss: 0.9093404 | speed: 0.0203s/iter; left: 33s
Epoch: 8, Steps: 133 | Train: 0.8868221 Vali: 0.5017557 Test: 0.3561189
[diag 3b-8]  freq.rs=-0.7448 mask.mean=0.450 mask.std=0.241  mrt.rs=+0.4986
EarlyStopping counter: 7 out of 10
Updating learning rate to 0.0016384000000000004
    iters: 100, epoch: 9 | loss: 0.8924132 | speed: 0.0195s/iter; left: 29s
Epoch: 9, Steps: 133 | Train: 0.8845371 Vali: 0.5066964 Test: 0.3579604
[diag 3b-9]  freq.rs=-0.7441 mask.mean=0.449 mask.std=0.242  mrt.rs=+0.5005
EarlyStopping counter: 8 out of 10
Updating learning rate to 0.0013107200000000005
    iters: 100, epoch: 10 | loss: 0.8972264 | speed: 0.0182s/iter; left: 25s
Epoch: 10, Steps: 133 | Train: 0.8820579 Vali: 0.5072944 Test: 0.3580150
[diag 3b-10]  freq.rs=-0.7444 mask.mean=0.448 mask.std=0.244  mrt.rs=+0.4988
EarlyStopping counter: 9 out of 10
Updating learning rate to 0.0010485760000000005
    iters: 100, epoch: 11 | loss: 0.8661103 | speed: 0.0203s/iter; left: 25s
Epoch: 11, Steps: 133 | Train: 0.8802468 Vali: 0.5067058 Test: 0.3572594
[diag 3b-11]  freq.rs=-0.7388 mask.mean=0.447 mask.std=0.245  mrt.rs=+0.4969
EarlyStopping counter: 10 out of 10
Early stopping at epoch 11

============================================================
FINAL RESULT (Stage 3b): mse=0.3521, mae=0.3744, smape=71.4186
============================================================
[diag 3b-final]  freq.rs=-0.0082 mask.mean=0.438 mask.std=0.141  mrt.rs=+0.4490
