============================================================
CONFIGURATION
============================================================
Device     : cuda:0
Dataset    : ettm1
Pred len   : 720
Seed       : 2024

--- Data ---
enc_in     : 7
seq_len    : 96
cycle      : 96
use_revin  : 1
batch_size : 256

--- Model ---
model_type : mlp
d_model    : 512
mrt_layers : 1
freq_layers: 0
fusion     : mode=serial, gate=0, sparsity=0.0

--- Training ---
base_lr    : 0.005
Stage1     : epochs=30, patience=15
Stage2     : epochs=3, patience=3, freeze_backbone=1
Stage3 FreDF: True
Stage3a    : epochs=12, patience=6
Stage3b    : epochs=20, patience=10, freq×0.67 model×0.33 mrt×0.10
============================================================

============================================================
STAGE 1: Train MRT only (freq_layers=0)
============================================================
train 33745
val 10801
test 10801
    iters: 100, epoch: 1 | loss: 0.4881021 | speed: 0.0316s/iter; left: 121s
Epoch: 1, Steps: 131 | Train: 0.5180449 Vali: 1.0101967 Test: 0.4975588
Validation loss decreased (inf --> 1.010197).  Saving model ...
Updating learning rate to 0.005
    iters: 100, epoch: 2 | loss: 0.4699166 | speed: 0.0281s/iter; left: 104s
Epoch: 2, Steps: 131 | Train: 0.4692990 Vali: 0.9929471 Test: 0.4719661
Validation loss decreased (1.010197 --> 0.992947).  Saving model ...
Updating learning rate to 0.005
    iters: 100, epoch: 3 | loss: 0.4672186 | speed: 0.0245s/iter; left: 87s
Epoch: 3, Steps: 131 | Train: 0.4464271 Vali: 0.9685184 Test: 0.4565485
Validation loss decreased (0.992947 --> 0.968518).  Saving model ...
Updating learning rate to 0.005
    iters: 100, epoch: 4 | loss: 0.4380001 | speed: 0.0244s/iter; left: 84s
Epoch: 4, Steps: 131 | Train: 0.4355279 Vali: 0.9675550 Test: 0.4569421
Validation loss decreased (0.968518 --> 0.967555).  Saving model ...
Updating learning rate to 0.004
    iters: 100, epoch: 5 | loss: 0.4186603 | speed: 0.0282s/iter; left: 93s
Epoch: 5, Steps: 131 | Train: 0.4299645 Vali: 0.9602772 Test: 0.4524926
Validation loss decreased (0.967555 --> 0.960277).  Saving model ...
Updating learning rate to 0.0032000000000000006
    iters: 100, epoch: 6 | loss: 0.4171252 | speed: 0.0259s/iter; left: 82s
Epoch: 6, Steps: 131 | Train: 0.4260091 Vali: 0.9599807 Test: 0.4526405
Validation loss decreased (0.960277 --> 0.959981).  Saving model ...
Updating learning rate to 0.0025600000000000006
    iters: 100, epoch: 7 | loss: 0.4483643 | speed: 0.0248s/iter; left: 75s
Epoch: 7, Steps: 131 | Train: 0.4222872 Vali: 0.9638115 Test: 0.4494605
EarlyStopping counter: 1 out of 15
Updating learning rate to 0.0020480000000000003
    iters: 100, epoch: 8 | loss: 0.4034433 | speed: 0.0244s/iter; left: 71s
Epoch: 8, Steps: 131 | Train: 0.4192722 Vali: 0.9606288 Test: 0.4501320
EarlyStopping counter: 2 out of 15
Updating learning rate to 0.0016384000000000004
    iters: 100, epoch: 9 | loss: 0.4236166 | speed: 0.0267s/iter; left: 74s
Epoch: 9, Steps: 131 | Train: 0.4168414 Vali: 0.9606046 Test: 0.4505608
EarlyStopping counter: 3 out of 15
Updating learning rate to 0.0013107200000000005
    iters: 100, epoch: 10 | loss: 0.4105673 | speed: 0.0287s/iter; left: 76s
Epoch: 10, Steps: 131 | Train: 0.4147151 Vali: 0.9628863 Test: 0.4492591
EarlyStopping counter: 4 out of 15
Updating learning rate to 0.0010485760000000005
    iters: 100, epoch: 11 | loss: 0.4402990 | speed: 0.0300s/iter; left: 76s
Epoch: 11, Steps: 131 | Train: 0.4128464 Vali: 0.9624939 Test: 0.4481494
EarlyStopping counter: 5 out of 15
Updating learning rate to 0.0008388608000000005
    iters: 100, epoch: 12 | loss: 0.3879834 | speed: 0.0263s/iter; left: 63s
Epoch: 12, Steps: 131 | Train: 0.4111411 Vali: 0.9617764 Test: 0.4490798
EarlyStopping counter: 6 out of 15
Updating learning rate to 0.0006710886400000003
    iters: 100, epoch: 13 | loss: 0.3940466 | speed: 0.0279s/iter; left: 63s
Epoch: 13, Steps: 131 | Train: 0.4094298 Vali: 0.9632477 Test: 0.4502589
EarlyStopping counter: 7 out of 15
Updating learning rate to 0.0005368709120000003
    iters: 100, epoch: 14 | loss: 0.3998229 | speed: 0.0278s/iter; left: 59s
Epoch: 14, Steps: 131 | Train: 0.4084114 Vali: 0.9632451 Test: 0.4493743
EarlyStopping counter: 8 out of 15
Updating learning rate to 0.0004294967296000003
    iters: 100, epoch: 15 | loss: 0.3818225 | speed: 0.0270s/iter; left: 54s
Epoch: 15, Steps: 131 | Train: 0.4073128 Vali: 0.9619967 Test: 0.4485335
EarlyStopping counter: 9 out of 15
Updating learning rate to 0.0003435973836800002
    iters: 100, epoch: 16 | loss: 0.3900398 | speed: 0.0289s/iter; left: 54s
Epoch: 16, Steps: 131 | Train: 0.4064333 Vali: 0.9622547 Test: 0.4494460
EarlyStopping counter: 10 out of 15
Updating learning rate to 0.0002748779069440002
    iters: 100, epoch: 17 | loss: 0.3934604 | speed: 0.0291s/iter; left: 50s
Epoch: 17, Steps: 131 | Train: 0.4057103 Vali: 0.9620609 Test: 0.4493563
EarlyStopping counter: 11 out of 15
Updating learning rate to 0.00021990232555520019
    iters: 100, epoch: 18 | loss: 0.4137572 | speed: 0.0270s/iter; left: 43s
Epoch: 18, Steps: 131 | Train: 0.4051890 Vali: 0.9619002 Test: 0.4488973
EarlyStopping counter: 12 out of 15
Updating learning rate to 0.00017592186044416015
    iters: 100, epoch: 19 | loss: 0.3874788 | speed: 0.0280s/iter; left: 41s
Epoch: 19, Steps: 131 | Train: 0.4046067 Vali: 0.9627160 Test: 0.4491885
EarlyStopping counter: 13 out of 15
Updating learning rate to 0.00014073748835532812
    iters: 100, epoch: 20 | loss: 0.4002337 | speed: 0.0294s/iter; left: 39s
Epoch: 20, Steps: 131 | Train: 0.4040600 Vali: 0.9624405 Test: 0.4487649
EarlyStopping counter: 14 out of 15
Updating learning rate to 0.00011258999068426252
    iters: 100, epoch: 21 | loss: 0.4224147 | speed: 0.0280s/iter; left: 34s
Epoch: 21, Steps: 131 | Train: 0.4040285 Vali: 0.9626726 Test: 0.4489440
EarlyStopping counter: 15 out of 15
Early stopping at epoch 21
STAGE 1 RESULT: mse=0.4504, mae=0.4396, smape=79.0793

============================================================
STAGE 2: Load MRT + add Freq branch (frozen backbone/MRT/cycle, max_epochs=3, patience=3)
============================================================
train 33745
val 10801
test 10801
Loaded 10 params from stage1, 0 new (Freq branch)
Trainable: 344 / 420,125 (0.1%)  freeze_backbone=1
    iters: 100, epoch: 1 | loss: 1.6420056 | speed: 0.0285s/iter; left: 8s
Epoch: 1, Train: 1.6537105 Vali: 0.9600889
[diag s2-1]  freq.rs=-0.0232 mask.mean=0.439 mask.std=0.141  mrt.rs=+0.4146
Validation loss decreased (inf --> 0.960089).  Saving model ...
    iters: 100, epoch: 2 | loss: 1.7223420 | speed: 0.0275s/iter; left: 4s
Epoch: 2, Train: 1.6534174 Vali: 0.9606885
[diag s2-2]  freq.rs=-0.0461 mask.mean=0.440 mask.std=0.141  mrt.rs=+0.4146
EarlyStopping counter: 1 out of 3
    iters: 100, epoch: 3 | loss: 1.6511450 | speed: 0.0254s/iter; left: 1s
Epoch: 3, Train: 1.6537171 Vali: 0.9609394
[diag s2-3]  freq.rs=-0.0671 mask.mean=0.441 mask.std=0.141  mrt.rs=+0.4146
EarlyStopping counter: 2 out of 3
STAGE 2 complete.

============================================================
SKIPPING Stage 3a (--no_stage3a): Stage 2 -> Stage 3b directly
============================================================

============================================================
STAGE 3b: Unfreeze all, group-wise LR (base=0.001500, max_epochs=20, patience=10) + FreDF(α=0.8)
  LR groups: freq/gate ×0.67, model ×0.33, mrt/cycle ×0.10
============================================================
train 33745
val 10801
test 10801
Loaded stage3a checkpoint, unfreezing all parameters.
  Group freq/gate: 344 params, LR=0.001005
  Group model: 419,024 params, LR=0.000495
  Group mrt/cycle: 757 params, LR=0.000150
    iters: 100, epoch: 1 | loss: 1.6272966 | speed: 0.0288s/iter; left: 73s
Epoch: 1, Steps: 131 | Train: 1.6499082 Vali: 0.9588744 Test: 0.4473223
[diag 3b-1]  freq.rs=-0.0268 mask.mean=0.439 mask.std=0.141  mrt.rs=+0.4172
Validation loss decreased (inf --> 0.958874).  Saving model ...
Updating learning rate to 0.005
    iters: 100, epoch: 2 | loss: 1.6386230 | speed: 0.0291s/iter; left: 69s
Epoch: 2, Steps: 131 | Train: 1.6583994 Vali: 0.9603500 Test: 0.4468534
[diag 3b-2]  freq.rs=-0.3721 mask.mean=0.465 mask.std=0.164  mrt.rs=+0.4399
EarlyStopping counter: 1 out of 10
Updating learning rate to 0.005
    iters: 100, epoch: 3 | loss: 1.6331844 | speed: 0.0298s/iter; left: 67s
Epoch: 3, Steps: 131 | Train: 1.6511082 Vali: 0.9591015 Test: 0.4466460
[diag 3b-3]  freq.rs=-0.5870 mask.mean=0.464 mask.std=0.197  mrt.rs=+0.4460
EarlyStopping counter: 2 out of 10
Updating learning rate to 0.005
    iters: 100, epoch: 4 | loss: 1.6328347 | speed: 0.0305s/iter; left: 65s
Epoch: 4, Steps: 131 | Train: 1.6464746 Vali: 0.9576204 Test: 0.4480954
[diag 3b-4]  freq.rs=-0.7400 mask.mean=0.459 mask.std=0.225  mrt.rs=+0.4538
Validation loss decreased (0.958874 --> 0.957620).  Saving model ...
Updating learning rate to 0.004
    iters: 100, epoch: 5 | loss: 1.6564974 | speed: 0.0333s/iter; left: 66s
Epoch: 5, Steps: 131 | Train: 1.6401357 Vali: 0.9568795 Test: 0.4453890
[diag 3b-5]  freq.rs=-0.7779 mask.mean=0.454 mask.std=0.240  mrt.rs=+0.4560
Validation loss decreased (0.957620 --> 0.956880).  Saving model ...
Updating learning rate to 0.0032000000000000006
    iters: 100, epoch: 6 | loss: 1.5999300 | speed: 0.0269s/iter; left: 50s
Epoch: 6, Steps: 131 | Train: 1.6346306 Vali: 0.9564513 Test: 0.4471927
[diag 3b-6]  freq.rs=-0.8181 mask.mean=0.452 mask.std=0.249  mrt.rs=+0.4564
Validation loss decreased (0.956880 --> 0.956451).  Saving model ...
Updating learning rate to 0.0025600000000000006
    iters: 100, epoch: 7 | loss: 1.6187891 | speed: 0.0316s/iter; left: 55s
Epoch: 7, Steps: 131 | Train: 1.6303700 Vali: 0.9561139 Test: 0.4446029
[diag 3b-7]  freq.rs=-0.8400 mask.mean=0.451 mask.std=0.254  mrt.rs=+0.4571
Validation loss decreased (0.956451 --> 0.956114).  Saving model ...
Updating learning rate to 0.0020480000000000003
    iters: 100, epoch: 8 | loss: 1.6408494 | speed: 0.0229s/iter; left: 37s
Epoch: 8, Steps: 131 | Train: 1.6261043 Vali: 0.9563084 Test: 0.4470736
[diag 3b-8]  freq.rs=-0.8474 mask.mean=0.450 mask.std=0.257  mrt.rs=+0.4565
EarlyStopping counter: 1 out of 10
Updating learning rate to 0.0016384000000000004
    iters: 100, epoch: 9 | loss: 1.6031775 | speed: 0.0234s/iter; left: 35s
Epoch: 9, Steps: 131 | Train: 1.6226221 Vali: 0.9571134 Test: 0.4470826
[diag 3b-9]  freq.rs=-0.8519 mask.mean=0.449 mask.std=0.260  mrt.rs=+0.4542
EarlyStopping counter: 2 out of 10
Updating learning rate to 0.0013107200000000005
    iters: 100, epoch: 10 | loss: 1.5805622 | speed: 0.0236s/iter; left: 32s
Epoch: 10, Steps: 131 | Train: 1.6200343 Vali: 0.9567047 Test: 0.4463203
[diag 3b-10]  freq.rs=-0.8528 mask.mean=0.448 mask.std=0.262  mrt.rs=+0.4556
EarlyStopping counter: 3 out of 10
Updating learning rate to 0.0010485760000000005
    iters: 100, epoch: 11 | loss: 1.6107428 | speed: 0.0244s/iter; left: 30s
Epoch: 11, Steps: 131 | Train: 1.6175096 Vali: 0.9555686 Test: 0.4473735
[diag 3b-11]  freq.rs=-0.8584 mask.mean=0.447 mask.std=0.263  mrt.rs=+0.4525
Validation loss decreased (0.956114 --> 0.955569).  Saving model ...
Updating learning rate to 0.0008388608000000005
    iters: 100, epoch: 12 | loss: 1.6351368 | speed: 0.0235s/iter; left: 25s
Epoch: 12, Steps: 131 | Train: 1.6154219 Vali: 0.9558234 Test: 0.4479158
[diag 3b-12]  freq.rs=-0.8581 mask.mean=0.447 mask.std=0.265  mrt.rs=+0.4517
EarlyStopping counter: 1 out of 10
Updating learning rate to 0.0006710886400000003
    iters: 100, epoch: 13 | loss: 1.6336777 | speed: 0.0231s/iter; left: 22s
Epoch: 13, Steps: 131 | Train: 1.6140721 Vali: 0.9556506 Test: 0.4485641
[diag 3b-13]  freq.rs=-0.8563 mask.mean=0.446 mask.std=0.266  mrt.rs=+0.4510
EarlyStopping counter: 2 out of 10
Updating learning rate to 0.0005368709120000003
    iters: 100, epoch: 14 | loss: 1.6353806 | speed: 0.0226s/iter; left: 18s
Epoch: 14, Steps: 131 | Train: 1.6128089 Vali: 0.9565416 Test: 0.4480642
[diag 3b-14]  freq.rs=-0.8567 mask.mean=0.446 mask.std=0.266  mrt.rs=+0.4505
EarlyStopping counter: 3 out of 10
Updating learning rate to 0.0004294967296000003
    iters: 100, epoch: 15 | loss: 1.6252403 | speed: 0.0237s/iter; left: 16s
Epoch: 15, Steps: 131 | Train: 1.6113765 Vali: 0.9564190 Test: 0.4475517
[diag 3b-15]  freq.rs=-0.8563 mask.mean=0.446 mask.std=0.267  mrt.rs=+0.4502
EarlyStopping counter: 4 out of 10
Updating learning rate to 0.0003435973836800002
    iters: 100, epoch: 16 | loss: 1.5934265 | speed: 0.0235s/iter; left: 13s
Epoch: 16, Steps: 131 | Train: 1.6105250 Vali: 0.9562520 Test: 0.4484298
[diag 3b-16]  freq.rs=-0.8548 mask.mean=0.445 mask.std=0.267  mrt.rs=+0.4489
EarlyStopping counter: 5 out of 10
Updating learning rate to 0.0002748779069440002
    iters: 100, epoch: 17 | loss: 1.6283879 | speed: 0.0223s/iter; left: 9s
Epoch: 17, Steps: 131 | Train: 1.6096347 Vali: 0.9568604 Test: 0.4487160
[diag 3b-17]  freq.rs=-0.8543 mask.mean=0.445 mask.std=0.268  mrt.rs=+0.4483
EarlyStopping counter: 6 out of 10
Updating learning rate to 0.00021990232555520019
    iters: 100, epoch: 18 | loss: 1.6389030 | speed: 0.0233s/iter; left: 7s
Epoch: 18, Steps: 131 | Train: 1.6088758 Vali: 0.9559901 Test: 0.4485782
[diag 3b-18]  freq.rs=-0.8534 mask.mean=0.445 mask.std=0.268  mrt.rs=+0.4478
EarlyStopping counter: 7 out of 10
Updating learning rate to 0.00017592186044416015
    iters: 100, epoch: 19 | loss: 1.6236371 | speed: 0.0221s/iter; left: 4s
Epoch: 19, Steps: 131 | Train: 1.6088139 Vali: 0.9567329 Test: 0.4485336
[diag 3b-19]  freq.rs=-0.8537 mask.mean=0.445 mask.std=0.268  mrt.rs=+0.4480
EarlyStopping counter: 8 out of 10
Updating learning rate to 0.00014073748835532812
    iters: 100, epoch: 20 | loss: 1.6378672 | speed: 0.0237s/iter; left: 1s
Epoch: 20, Steps: 131 | Train: 1.6083074 Vali: 0.9572125 Test: 0.4487934
[diag 3b-20]  freq.rs=-0.8532 mask.mean=0.445 mask.std=0.268  mrt.rs=+0.4473
EarlyStopping counter: 9 out of 10
Updating learning rate to 0.00011258999068426252

============================================================
FINAL RESULT (Stage 3b): mse=0.4437, mae=0.4375, smape=78.8962
============================================================
[diag 3b-final]  freq.rs=-0.8584 mask.mean=0.447 mask.std=0.263  mrt.rs=+0.4525
