============================================================
CONFIGURATION
============================================================
Device     : cuda:0
Dataset    : ettm1
Pred len   : 336
Seed       : 2024

--- Data ---
enc_in     : 7
seq_len    : 96
cycle      : 96
use_revin  : 1
batch_size : 256

--- Model ---
model_type : mlp
d_model    : 512
mrt_layers : 1
freq_layers: 0
fusion     : mode=serial, gate=0, sparsity=0.0

--- Training ---
base_lr    : 0.005
Stage1     : epochs=30, patience=15
Stage2     : epochs=3, patience=3, freeze_backbone=1
Stage3     : SKIPPED (stage2_only)
============================================================

============================================================
STAGE 1: Train MRT only (freq_layers=0)
============================================================
train 34129
val 11185
test 11185
    iters: 100, epoch: 1 | loss: 0.4131836 | speed: 0.0324s/iter; left: 126s
Epoch: 1, Steps: 133 | Train: 0.4486127 Vali: 0.6921597 Test: 0.4284741
Validation loss decreased (inf --> 0.692160).  Saving model ...
Updating learning rate to 0.005
    iters: 100, epoch: 2 | loss: 0.4231693 | speed: 0.0226s/iter; left: 85s
Epoch: 2, Steps: 133 | Train: 0.3990553 Vali: 0.6714968 Test: 0.4051013
Validation loss decreased (0.692160 --> 0.671497).  Saving model ...
Updating learning rate to 0.005
    iters: 100, epoch: 3 | loss: 0.3815321 | speed: 0.0220s/iter; left: 80s
Epoch: 3, Steps: 133 | Train: 0.3752964 Vali: 0.6559085 Test: 0.3976470
Validation loss decreased (0.671497 --> 0.655908).  Saving model ...
Updating learning rate to 0.005
    iters: 100, epoch: 4 | loss: 0.3714393 | speed: 0.0240s/iter; left: 84s
Epoch: 4, Steps: 133 | Train: 0.3643196 Vali: 0.6462408 Test: 0.3905993
Validation loss decreased (0.655908 --> 0.646241).  Saving model ...
Updating learning rate to 0.004
    iters: 100, epoch: 5 | loss: 0.3273474 | speed: 0.0220s/iter; left: 74s
Epoch: 5, Steps: 133 | Train: 0.3578897 Vali: 0.6450677 Test: 0.3875423
Validation loss decreased (0.646241 --> 0.645068).  Saving model ...
Updating learning rate to 0.0032000000000000006
    iters: 100, epoch: 6 | loss: 0.3301771 | speed: 0.0206s/iter; left: 66s
Epoch: 6, Steps: 133 | Train: 0.3534524 Vali: 0.6449139 Test: 0.3865480
Validation loss decreased (0.645068 --> 0.644914).  Saving model ...
Updating learning rate to 0.0025600000000000006
    iters: 100, epoch: 7 | loss: 0.3413152 | speed: 0.0226s/iter; left: 70s
Epoch: 7, Steps: 133 | Train: 0.3501097 Vali: 0.6459526 Test: 0.3874957
EarlyStopping counter: 1 out of 15
Updating learning rate to 0.0020480000000000003
    iters: 100, epoch: 8 | loss: 0.3376993 | speed: 0.0232s/iter; left: 69s
Epoch: 8, Steps: 133 | Train: 0.3474251 Vali: 0.6446262 Test: 0.3880947
Validation loss decreased (0.644914 --> 0.644626).  Saving model ...
Updating learning rate to 0.0016384000000000004
    iters: 100, epoch: 9 | loss: 0.3231217 | speed: 0.0260s/iter; left: 73s
Epoch: 9, Steps: 133 | Train: 0.3449888 Vali: 0.6455393 Test: 0.3885981
EarlyStopping counter: 1 out of 15
Updating learning rate to 0.0013107200000000005
    iters: 100, epoch: 10 | loss: 0.3711033 | speed: 0.0248s/iter; left: 67s
Epoch: 10, Steps: 133 | Train: 0.3430464 Vali: 0.6436393 Test: 0.3906481
Validation loss decreased (0.644626 --> 0.643639).  Saving model ...
Updating learning rate to 0.0010485760000000005
    iters: 100, epoch: 11 | loss: 0.3548717 | speed: 0.0215s/iter; left: 55s
Epoch: 11, Steps: 133 | Train: 0.3411395 Vali: 0.6411698 Test: 0.3878413
Validation loss decreased (0.643639 --> 0.641170).  Saving model ...
Updating learning rate to 0.0008388608000000005
    iters: 100, epoch: 12 | loss: 0.3588083 | speed: 0.0186s/iter; left: 45s
Epoch: 12, Steps: 133 | Train: 0.3397057 Vali: 0.6433433 Test: 0.3889387
EarlyStopping counter: 1 out of 15
Updating learning rate to 0.0006710886400000003
    iters: 100, epoch: 13 | loss: 0.3414814 | speed: 0.0281s/iter; left: 65s
Epoch: 13, Steps: 133 | Train: 0.3382016 Vali: 0.6420577 Test: 0.3887413
EarlyStopping counter: 2 out of 15
Updating learning rate to 0.0005368709120000003
    iters: 100, epoch: 14 | loss: 0.3315605 | speed: 0.0184s/iter; left: 40s
Epoch: 14, Steps: 133 | Train: 0.3372778 Vali: 0.6433504 Test: 0.3876732
EarlyStopping counter: 3 out of 15
Updating learning rate to 0.0004294967296000003
    iters: 100, epoch: 15 | loss: 0.3274727 | speed: 0.0226s/iter; left: 46s
Epoch: 15, Steps: 133 | Train: 0.3363695 Vali: 0.6438833 Test: 0.3887956
EarlyStopping counter: 4 out of 15
Updating learning rate to 0.0003435973836800002
    iters: 100, epoch: 16 | loss: 0.3165419 | speed: 0.0248s/iter; left: 47s
Epoch: 16, Steps: 133 | Train: 0.3355854 Vali: 0.6446444 Test: 0.3889033
EarlyStopping counter: 5 out of 15
Updating learning rate to 0.0002748779069440002
    iters: 100, epoch: 17 | loss: 0.3124077 | speed: 0.0229s/iter; left: 40s
Epoch: 17, Steps: 133 | Train: 0.3349598 Vali: 0.6448551 Test: 0.3884852
EarlyStopping counter: 6 out of 15
Updating learning rate to 0.00021990232555520019
    iters: 100, epoch: 18 | loss: 0.3537134 | speed: 0.0214s/iter; left: 35s
Epoch: 18, Steps: 133 | Train: 0.3344372 Vali: 0.6447254 Test: 0.3883207
EarlyStopping counter: 7 out of 15
Updating learning rate to 0.00017592186044416015
    iters: 100, epoch: 19 | loss: 0.3316851 | speed: 0.0263s/iter; left: 39s
Epoch: 19, Steps: 133 | Train: 0.3341436 Vali: 0.6457705 Test: 0.3894414
EarlyStopping counter: 8 out of 15
Updating learning rate to 0.00014073748835532812
    iters: 100, epoch: 20 | loss: 0.2991423 | speed: 0.0247s/iter; left: 34s
Epoch: 20, Steps: 133 | Train: 0.3335203 Vali: 0.6432239 Test: 0.3893700
EarlyStopping counter: 9 out of 15
Updating learning rate to 0.00011258999068426252
    iters: 100, epoch: 21 | loss: 0.3291491 | speed: 0.0219s/iter; left: 27s
Epoch: 21, Steps: 133 | Train: 0.3334712 Vali: 0.6447428 Test: 0.3891540
EarlyStopping counter: 10 out of 15
Updating learning rate to 9.007199254741001e-05
    iters: 100, epoch: 22 | loss: 0.3342530 | speed: 0.0225s/iter; left: 25s
Epoch: 22, Steps: 133 | Train: 0.3331951 Vali: 0.6441093 Test: 0.3895651
EarlyStopping counter: 11 out of 15
Updating learning rate to 7.205759403792801e-05
    iters: 100, epoch: 23 | loss: 0.3525455 | speed: 0.0210s/iter; left: 20s
Epoch: 23, Steps: 133 | Train: 0.3329126 Vali: 0.6439760 Test: 0.3895724
EarlyStopping counter: 12 out of 15
Updating learning rate to 5.764607523034242e-05
    iters: 100, epoch: 24 | loss: 0.3185330 | speed: 0.0244s/iter; left: 20s
Epoch: 24, Steps: 133 | Train: 0.3327443 Vali: 0.6446768 Test: 0.3895958
EarlyStopping counter: 13 out of 15
Updating learning rate to 4.611686018427394e-05
    iters: 100, epoch: 25 | loss: 0.3231393 | speed: 0.0260s/iter; left: 18s
Epoch: 25, Steps: 133 | Train: 0.3326942 Vali: 0.6450761 Test: 0.3895025
EarlyStopping counter: 14 out of 15
Updating learning rate to 3.689348814741915e-05
    iters: 100, epoch: 26 | loss: 0.3273456 | speed: 0.0226s/iter; left: 13s
Epoch: 26, Steps: 133 | Train: 0.3326390 Vali: 0.6448564 Test: 0.3894368
EarlyStopping counter: 15 out of 15
Early stopping at epoch 26
STAGE 1 RESULT: mse=0.3873, mae=0.4017, smape=75.2870

============================================================
STAGE 2: Load MRT + add Freq branch (frozen backbone/MRT/cycle, max_epochs=3, patience=3)
============================================================
train 34129
val 11185
test 11185
Loaded 10 params from stage1, 0 new (Freq branch)
Trainable: 344 / 223,133 (0.2%)  freeze_backbone=1
    iters: 100, epoch: 1 | loss: 0.3632461 | speed: 0.0217s/iter; left: 7s
Epoch: 1, Train: 0.3394773 Vali: 0.6423027
[diag s2-1]  freq.rs=+0.0097 mask.mean=0.438 mask.std=0.141  mrt.rs=+0.4107
Validation loss decreased (inf --> 0.642303).  Saving model ...
    iters: 100, epoch: 2 | loss: 0.3227913 | speed: 0.0251s/iter; left: 4s
Epoch: 2, Train: 0.3396254 Vali: 0.6425815
[diag s2-2]  freq.rs=+0.0180 mask.mean=0.439 mask.std=0.142  mrt.rs=+0.4107
EarlyStopping counter: 1 out of 3
    iters: 100, epoch: 3 | loss: 0.3548296 | speed: 0.0229s/iter; left: 1s
Epoch: 3, Train: 0.3396245 Vali: 0.6424480
[diag s2-3]  freq.rs=+0.0236 mask.mean=0.440 mask.std=0.142  mrt.rs=+0.4107
EarlyStopping counter: 2 out of 3
STAGE 2 complete.

============================================================
STAGE 2 ONLY: Testing from Stage 2 checkpoint
============================================================
train 34129
val 11185
test 11185
[diag stage2-final]  freq.rs=+0.0097 mask.mean=0.438 mask.std=0.141  mrt.rs=+0.4107

============================================================
FINAL RESULT (Stage 2 only): mse=0.3873, mae=0.4017, smape=75.2813
============================================================
