Args in experiment:
Namespace(random_seed=2024, is_training=1, model_id='traffic_96_192', model='CycleNet', data='custom', root_path='./dataset/traffic/', data_path='traffic.csv', features='M', target='OT', freq='h', checkpoints='./checkpoints/', seq_len=96, label_len=0, pred_len=192, cycle=168, model_type='mlp', use_revin=1, msc_layers=0, freq_layers=0, channel_attn_layers=0, mrt_layers=2, modern_layers=0, fc_dropout=0.05, head_dropout=0.0, patch_len=16, stride=8, padding_patch='end', revin=0, affine=0, subtract_last=0, decomposition=0, kernel_size=25, individual=0, rnn_type='gru', dec_way='pmf', seg_len=48, channel_id=1, period_len=24, embed_type=0, enc_in=862, dec_in=7, c_out=7, d_model=512, n_heads=8, e_layers=2, d_layers=1, d_ff=2048, moving_avg=25, factor=1, distil=True, dropout=0, embed='timeF', activation='gelu', output_attention=False, do_predict=False, num_workers=10, itr=1, train_epochs=30, batch_size=64, patience=5, learning_rate=0.002, des='test', loss='mse', lradj='type3', pct_start=0.3, use_amp=False, use_gpu=True, gpu=0, use_multi_gpu=False, devices='0,1', test_flop=False)
Use GPU: cuda:0
>>>>>>>start training : traffic_96_192_CycleNet_custom_ftM_sl96_pl192_cycle168_mlp_mrt2_seed2024>>>>>>>>>>>>>>>>>>>>>>>>>>
train 11993
val 1565
test 3317
	iters: 100, epoch: 1 | loss: 0.5495062
	speed: 0.2078s/iter; left time: 1145.1496s
Epoch: 1 cost time: 36.18514680862427
Epoch: 1, Steps: 187 | Train Loss: 0.6296790 Vali Loss: 0.6053778 Test Loss: 0.7411293
Validation loss decreased (inf --> 0.605378).  Saving model ...
Updating learning rate to 0.002
	iters: 100, epoch: 2 | loss: 0.3122497
	speed: 0.5339s/iter; left time: 2842.6939s
Epoch: 2 cost time: 33.89970779418945
Epoch: 2, Steps: 187 | Train Loss: 0.3161089 Vali Loss: 0.4022675 Test Loss: 0.4885049
Validation loss decreased (0.605378 --> 0.402268).  Saving model ...
Updating learning rate to 0.002
	iters: 100, epoch: 3 | loss: 0.2392263
	speed: 0.5351s/iter; left time: 2748.7547s
Epoch: 3 cost time: 33.85747194290161
Epoch: 3, Steps: 187 | Train Loss: 0.2468749 Vali Loss: 0.3933974 Test Loss: 0.4764593
Validation loss decreased (0.402268 --> 0.393397).  Saving model ...
Updating learning rate to 0.002
	iters: 100, epoch: 4 | loss: 0.2298705
	speed: 0.5384s/iter; left time: 2665.1121s
Epoch: 4 cost time: 33.94911551475525
Epoch: 4, Steps: 187 | Train Loss: 0.2265627 Vali Loss: 0.3969019 Test Loss: 0.4839038
EarlyStopping counter: 1 out of 5
Updating learning rate to 0.0016
	iters: 100, epoch: 5 | loss: 0.2043339
	speed: 0.5359s/iter; left time: 2552.6269s
Epoch: 5 cost time: 33.78749918937683
Epoch: 5, Steps: 187 | Train Loss: 0.2106384 Vali Loss: 0.4043762 Test Loss: 0.4873533
EarlyStopping counter: 2 out of 5
Updating learning rate to 0.0012800000000000003
	iters: 100, epoch: 6 | loss: 0.1987335
	speed: 0.5342s/iter; left time: 2444.5756s
Epoch: 6 cost time: 33.89660382270813
Epoch: 6, Steps: 187 | Train Loss: 0.1999574 Vali Loss: 0.4128059 Test Loss: 0.5050671
EarlyStopping counter: 3 out of 5
Updating learning rate to 0.0010240000000000002
	iters: 100, epoch: 7 | loss: 0.1893197
	speed: 0.5377s/iter; left time: 2359.8686s
Epoch: 7 cost time: 33.84353828430176
Epoch: 7, Steps: 187 | Train Loss: 0.1927332 Vali Loss: 0.4204297 Test Loss: 0.5203404
EarlyStopping counter: 4 out of 5
Updating learning rate to 0.0008192000000000002
	iters: 100, epoch: 8 | loss: 0.1874995
	speed: 0.5374s/iter; left time: 2258.2742s
Epoch: 8 cost time: 34.006423234939575
Epoch: 8, Steps: 187 | Train Loss: 0.1877630 Vali Loss: 0.4290121 Test Loss: 0.5354899
EarlyStopping counter: 5 out of 5
Early stopping
>>>>>>>testing : traffic_96_192_CycleNet_custom_ftM_sl96_pl192_cycle168_mlp_mrt2_seed2024<<<<<<<<<<<<<<<<<<<<<<<<<<<<<<<<<
test 3317
mse:0.47613275051116943, mae:0.3251285254955292
