Args in experiment:
Namespace(random_seed=2024, is_training=1, model_id='Traffic_96_336', model='CycleNet', data='custom', root_path='./dataset/traffic/', data_path='traffic.csv', features='M', target='OT', freq='h', checkpoints='./checkpoints/', seq_len=96, label_len=0, pred_len=336, cycle=168, cycle_mode='lowrank', cycle_rank=6, model_type='mlp', use_revin=1, mrt_layers=1, freq_layers=0, freq_v2_layers=0, freq_v3_layers=0, freq_v4_layers=0, sgf_layers=0, sgf_prior_path='', freq_loss_alpha=1.0, fusion_mode='serial', fc_dropout=0.05, head_dropout=0.0, patch_len=16, stride=8, padding_patch='end', revin=0, affine=0, subtract_last=0, decomposition=0, kernel_size=25, individual=0, rnn_type='gru', dec_way='pmf', seg_len=48, channel_id=1, period_len=24, embed_type=0, enc_in=862, dec_in=7, c_out=7, d_model=512, n_heads=8, e_layers=2, d_layers=1, d_ff=2048, moving_avg=25, factor=1, distil=True, dropout=0, embed='timeF', activation='gelu', output_attention=False, do_predict=False, num_workers=10, itr=1, train_epochs=30, batch_size=64, patience=15, learning_rate=0.002, des='test', loss='mse', lradj='type3', pct_start=0.3, use_amp=False, use_gpu=True, gpu=0, use_multi_gpu=False, devices='0,1', test_flop=False)
Use GPU: cuda:0
>>>>>>>start training : Traffic_96_336_CycleNet_custom_ftM_sl96_pl336_cycle168_mlp_lowrank6_mrt1_seed2024>>>>>>>>>>>>>>>>>>>>>>>>>>
train 11849
val 1421
test 3173
	iters: 100, epoch: 1 | loss: 0.5399190
	speed: 0.2544s/iter; left time: 1386.8629s
Epoch: 1 cost time: 46.762293338775635
Epoch: 1, Steps: 185 | Train Loss: 0.6449132 Vali Loss: 0.6188257 Test Loss: 0.7696849
Validation loss decreased (inf --> 0.618826).  Saving model ...
Updating learning rate to 0.002
	iters: 100, epoch: 2 | loss: 0.3061571
	speed: 0.9496s/iter; left time: 5000.7295s
Epoch: 2 cost time: 44.28835391998291
Epoch: 2, Steps: 185 | Train Loss: 0.3282001 Vali Loss: 0.4060027 Test Loss: 0.4833215
Validation loss decreased (0.618826 --> 0.406003).  Saving model ...
Updating learning rate to 0.002
	iters: 100, epoch: 3 | loss: 0.2765785
	speed: 0.8711s/iter; left time: 4426.1849s
Epoch: 3 cost time: 48.57384896278381
Epoch: 3, Steps: 185 | Train Loss: 0.2776751 Vali Loss: 0.3988924 Test Loss: 0.4754964
Validation loss decreased (0.406003 --> 0.398892).  Saving model ...
Updating learning rate to 0.002
	iters: 100, epoch: 4 | loss: 0.2682483
	speed: 0.9508s/iter; left time: 4655.3088s
Epoch: 4 cost time: 47.81064820289612
Epoch: 4, Steps: 185 | Train Loss: 0.2706299 Vali Loss: 0.3947288 Test Loss: 0.4709320
Validation loss decreased (0.398892 --> 0.394729).  Saving model ...
Updating learning rate to 0.0016
	iters: 100, epoch: 5 | loss: 0.2655374
	speed: 0.9084s/iter; left time: 4279.2829s
Epoch: 5 cost time: 44.331528425216675
Epoch: 5, Steps: 185 | Train Loss: 0.2655519 Vali Loss: 0.3935190 Test Loss: 0.4714938
Validation loss decreased (0.394729 --> 0.393519).  Saving model ...
Updating learning rate to 0.0012800000000000003
	iters: 100, epoch: 6 | loss: 0.2646849
	speed: 0.8425s/iter; left time: 3813.2270s
Epoch: 6 cost time: 39.37054657936096
Epoch: 6, Steps: 185 | Train Loss: 0.2627853 Vali Loss: 0.3918303 Test Loss: 0.4694701
Validation loss decreased (0.393519 --> 0.391830).  Saving model ...
Updating learning rate to 0.0010240000000000002
	iters: 100, epoch: 7 | loss: 0.2667989
	speed: 0.7855s/iter; left time: 3409.8130s
Epoch: 7 cost time: 38.23028779029846
Epoch: 7, Steps: 185 | Train Loss: 0.2612417 Vali Loss: 0.3895796 Test Loss: 0.4678917
Validation loss decreased (0.391830 --> 0.389580).  Saving model ...
Updating learning rate to 0.0008192000000000002
	iters: 100, epoch: 8 | loss: 0.2538776
	speed: 0.7816s/iter; left time: 3248.2900s
Epoch: 8 cost time: 39.04591345787048
Epoch: 8, Steps: 185 | Train Loss: 0.2602678 Vali Loss: 0.3890989 Test Loss: 0.4679068
Validation loss decreased (0.389580 --> 0.389099).  Saving model ...
Updating learning rate to 0.0006553600000000002
	iters: 100, epoch: 9 | loss: 0.2611882
	speed: 0.7848s/iter; left time: 3116.3917s
Epoch: 9 cost time: 38.40972971916199
Epoch: 9, Steps: 185 | Train Loss: 0.2594901 Vali Loss: 0.3883739 Test Loss: 0.4675052
Validation loss decreased (0.389099 --> 0.388374).  Saving model ...
Updating learning rate to 0.0005242880000000002
	iters: 100, epoch: 10 | loss: 0.2567618
	speed: 0.7834s/iter; left time: 2965.9387s
Epoch: 10 cost time: 39.16185522079468
Epoch: 10, Steps: 185 | Train Loss: 0.2589212 Vali Loss: 0.3880422 Test Loss: 0.4668108
Validation loss decreased (0.388374 --> 0.388042).  Saving model ...
Updating learning rate to 0.0004194304000000002
	iters: 100, epoch: 11 | loss: 0.2533838
	speed: 0.7574s/iter; left time: 2727.4033s
Epoch: 11 cost time: 37.753257751464844
Epoch: 11, Steps: 185 | Train Loss: 0.2584049 Vali Loss: 0.3874080 Test Loss: 0.4665698
Validation loss decreased (0.388042 --> 0.387408).  Saving model ...
Updating learning rate to 0.0003355443200000002
	iters: 100, epoch: 12 | loss: 0.2511774
	speed: 0.7609s/iter; left time: 2599.1345s
Epoch: 12 cost time: 41.02821612358093
Epoch: 12, Steps: 185 | Train Loss: 0.2580216 Vali Loss: 0.3871027 Test Loss: 0.4661898
Validation loss decreased (0.387408 --> 0.387103).  Saving model ...
Updating learning rate to 0.00026843545600000016
	iters: 100, epoch: 13 | loss: 0.2563107
	speed: 0.8520s/iter; left time: 2752.7821s
Epoch: 13 cost time: 45.79939603805542
Epoch: 13, Steps: 185 | Train Loss: 0.2577265 Vali Loss: 0.3869052 Test Loss: 0.4662773
Validation loss decreased (0.387103 --> 0.386905).  Saving model ...
Updating learning rate to 0.00021474836480000011
	iters: 100, epoch: 14 | loss: 0.2544139
	speed: 0.9053s/iter; left time: 2757.6301s
Epoch: 14 cost time: 45.341665506362915
Epoch: 14, Steps: 185 | Train Loss: 0.2574922 Vali Loss: 0.3871942 Test Loss: 0.4662095
EarlyStopping counter: 1 out of 15
Updating learning rate to 0.0001717986918400001
	iters: 100, epoch: 15 | loss: 0.2544188
	speed: 0.9046s/iter; left time: 2587.9705s
Epoch: 15 cost time: 43.887552976608276
Epoch: 15, Steps: 185 | Train Loss: 0.2572833 Vali Loss: 0.3873304 Test Loss: 0.4659693
EarlyStopping counter: 2 out of 15
Updating learning rate to 0.0001374389534720001
	iters: 100, epoch: 16 | loss: 0.2676807
	speed: 0.8757s/iter; left time: 2343.3119s
Epoch: 16 cost time: 42.61281895637512
Epoch: 16, Steps: 185 | Train Loss: 0.2571467 Vali Loss: 0.3866840 Test Loss: 0.4660597
Validation loss decreased (0.386905 --> 0.386684).  Saving model ...
Updating learning rate to 0.00010995116277760008
	iters: 100, epoch: 17 | loss: 0.2567333
	speed: 0.8413s/iter; left time: 2095.6308s
Epoch: 17 cost time: 42.41472411155701
Epoch: 17, Steps: 185 | Train Loss: 0.2569943 Vali Loss: 0.3864965 Test Loss: 0.4659398
Validation loss decreased (0.386684 --> 0.386497).  Saving model ...
Updating learning rate to 8.796093022208007e-05
	iters: 100, epoch: 18 | loss: 0.2462223
	speed: 0.8589s/iter; left time: 1980.6470s
Epoch: 18 cost time: 43.40118718147278
Epoch: 18, Steps: 185 | Train Loss: 0.2568590 Vali Loss: 0.3865070 Test Loss: 0.4660071
EarlyStopping counter: 1 out of 15
Updating learning rate to 7.036874417766406e-05
	iters: 100, epoch: 19 | loss: 0.2585846
	speed: 0.8600s/iter; left time: 1824.1628s
Epoch: 19 cost time: 43.93632960319519
Epoch: 19, Steps: 185 | Train Loss: 0.2567541 Vali Loss: 0.3862616 Test Loss: 0.4657766
Validation loss decreased (0.386497 --> 0.386262).  Saving model ...
Updating learning rate to 5.6294995342131246e-05
	iters: 100, epoch: 20 | loss: 0.2627700
	speed: 0.8736s/iter; left time: 1691.2786s
Epoch: 20 cost time: 43.67917013168335
Epoch: 20, Steps: 185 | Train Loss: 0.2566816 Vali Loss: 0.3865173 Test Loss: 0.4658532
EarlyStopping counter: 1 out of 15
Updating learning rate to 4.5035996273705005e-05
	iters: 100, epoch: 21 | loss: 0.2482631
	speed: 0.8940s/iter; left time: 1565.4109s
Epoch: 21 cost time: 46.86840796470642
Epoch: 21, Steps: 185 | Train Loss: 0.2566375 Vali Loss: 0.3866284 Test Loss: 0.4658892
EarlyStopping counter: 2 out of 15
Updating learning rate to 3.6028797018964005e-05
	iters: 100, epoch: 22 | loss: 0.2571968
	speed: 0.9132s/iter; left time: 1430.1448s
Epoch: 22 cost time: 46.44700360298157
Epoch: 22, Steps: 185 | Train Loss: 0.2565472 Vali Loss: 0.3862129 Test Loss: 0.4658590
Validation loss decreased (0.386262 --> 0.386213).  Saving model ...
Updating learning rate to 2.8823037615171206e-05
	iters: 100, epoch: 23 | loss: 0.2505050
	speed: 0.9121s/iter; left time: 1259.6243s
Epoch: 23 cost time: 46.46996712684631
Epoch: 23, Steps: 185 | Train Loss: 0.2565201 Vali Loss: 0.3859415 Test Loss: 0.4658927
Validation loss decreased (0.386213 --> 0.385942).  Saving model ...
Updating learning rate to 2.3058430092136966e-05
	iters: 100, epoch: 24 | loss: 0.2608058
	speed: 0.9103s/iter; left time: 1088.7710s
Epoch: 24 cost time: 46.387948989868164
Epoch: 24, Steps: 185 | Train Loss: 0.2564559 Vali Loss: 0.3866825 Test Loss: 0.4658094
EarlyStopping counter: 1 out of 15
Updating learning rate to 1.8446744073709574e-05
	iters: 100, epoch: 25 | loss: 0.2542271
	speed: 0.9260s/iter; left time: 936.1604s
Epoch: 25 cost time: 47.36962866783142
Epoch: 25, Steps: 185 | Train Loss: 0.2564859 Vali Loss: 0.3860467 Test Loss: 0.4657547
EarlyStopping counter: 2 out of 15
Updating learning rate to 1.475739525896766e-05
	iters: 100, epoch: 26 | loss: 0.2544175
	speed: 0.9384s/iter; left time: 775.0894s
Epoch: 26 cost time: 47.18247747421265
Epoch: 26, Steps: 185 | Train Loss: 0.2564281 Vali Loss: 0.3861002 Test Loss: 0.4658360
EarlyStopping counter: 3 out of 15
Updating learning rate to 1.1805916207174129e-05
	iters: 100, epoch: 27 | loss: 0.2448688
	speed: 0.9175s/iter; left time: 588.1302s
Epoch: 27 cost time: 47.303539752960205
Epoch: 27, Steps: 185 | Train Loss: 0.2564164 Vali Loss: 0.3863059 Test Loss: 0.4658028
EarlyStopping counter: 4 out of 15
Updating learning rate to 9.444732965739304e-06
	iters: 100, epoch: 28 | loss: 0.2620481
	speed: 0.9200s/iter; left time: 419.5146s
Epoch: 28 cost time: 47.82844543457031
Epoch: 28, Steps: 185 | Train Loss: 0.2563957 Vali Loss: 0.3859321 Test Loss: 0.4657640
Validation loss decreased (0.385942 --> 0.385932).  Saving model ...
Updating learning rate to 7.555786372591443e-06
	iters: 100, epoch: 29 | loss: 0.2588462
	speed: 0.9262s/iter; left time: 251.0134s
Epoch: 29 cost time: 47.23477482795715
Epoch: 29, Steps: 185 | Train Loss: 0.2563791 Vali Loss: 0.3862561 Test Loss: 0.4657919
EarlyStopping counter: 1 out of 15
Updating learning rate to 6.044629098073155e-06
	iters: 100, epoch: 30 | loss: 0.2629821
	speed: 0.8951s/iter; left time: 76.9748s
Epoch: 30 cost time: 42.74810433387756
Epoch: 30, Steps: 185 | Train Loss: 0.2563688 Vali Loss: 0.3858594 Test Loss: 0.4658084
Validation loss decreased (0.385932 --> 0.385859).  Saving model ...
Updating learning rate to 4.835703278458524e-06
>>>>>>>testing : Traffic_96_336_CycleNet_custom_ftM_sl96_pl336_cycle168_mlp_lowrank6_mrt1_seed2024<<<<<<<<<<<<<<<<<<<<<<<<<<<<<<<<<
test 3173
