Args in experiment:
Namespace(random_seed=2024, is_training=1, model_id='traffic_96_96', model='CycleNet', data='custom', root_path='./dataset/traffic/', data_path='traffic.csv', features='M', target='OT', freq='h', checkpoints='./checkpoints/', seq_len=96, label_len=0, pred_len=96, cycle=168, cycle_mode='lowrank', cycle_rank=4, model_type='mlp', use_revin=1, mrt_layers=0, freq_layers=0, freq_v2_layers=0, freq_v3_layers=0, freq_v4_layers=0, sgf_layers=0, sgf_prior_path='', freq_loss_alpha=0.8, fusion_mode='serial', fusion_order='mrt_freq', fusion_gate=0, fc_dropout=0.05, head_dropout=0.0, patch_len=16, stride=8, padding_patch='end', revin=0, affine=0, subtract_last=0, decomposition=0, kernel_size=25, individual=0, rnn_type='gru', dec_way='pmf', seg_len=48, channel_id=1, period_len=24, embed_type=0, enc_in=862, dec_in=7, c_out=7, d_model=512, n_heads=8, e_layers=2, d_layers=1, d_ff=2048, moving_avg=25, factor=1, distil=True, dropout=0, embed='timeF', activation='gelu', output_attention=False, do_predict=False, num_workers=10, itr=1, train_epochs=30, batch_size=64, patience=15, learning_rate=0.002, des='test', loss='mse', lradj='type3', pct_start=0.3, use_amp=False, use_gpu=True, gpu=0, use_multi_gpu=False, devices='0,1', test_flop=False)
Use GPU: cuda:0
>>>>>>>start training : traffic_96_96_CycleNet_custom_ftM_sl96_pl96_cycle168_mlp_lowrank4_fredf08_seed2024>>>>>>>>>>>>>>>>>>>>>>>>>>
train 12089
val 1661
test 3413
	iters: 100, epoch: 1 | loss: 1.4101514
	speed: 0.0872s/iter; left time: 482.9948s
Epoch: 1 cost time: 13.733896017074585
Epoch: 1, Steps: 188 | Train Loss: 1.5448302 Vali Loss: 0.6493506 Test Loss: 0.7709346
Validation loss decreased (inf --> 0.649351).  Saving model ...
Updating learning rate to 0.002
	iters: 100, epoch: 2 | loss: 0.9781071
	speed: 0.2201s/iter; left time: 1178.1864s
Epoch: 2 cost time: 12.289154767990112
Epoch: 2, Steps: 188 | Train Loss: 1.0328172 Vali Loss: 0.4424347 Test Loss: 0.4850811
Validation loss decreased (0.649351 --> 0.442435).  Saving model ...
Updating learning rate to 0.002
	iters: 100, epoch: 3 | loss: 0.8896236
	speed: 0.2229s/iter; left time: 1151.3500s
Epoch: 3 cost time: 12.540075063705444
Epoch: 3, Steps: 188 | Train Loss: 0.9080386 Vali Loss: 0.4096560 Test Loss: 0.4478909
Validation loss decreased (0.442435 --> 0.409656).  Saving model ...
Updating learning rate to 0.002
	iters: 100, epoch: 4 | loss: 0.8502478
	speed: 0.2313s/iter; left time: 1151.3146s
Epoch: 4 cost time: 12.918006420135498
Epoch: 4, Steps: 188 | Train Loss: 0.8718420 Vali Loss: 0.4034192 Test Loss: 0.4419939
Validation loss decreased (0.409656 --> 0.403419).  Saving model ...
Updating learning rate to 0.0016
	iters: 100, epoch: 5 | loss: 0.8877066
	speed: 0.2386s/iter; left time: 1142.4321s
Epoch: 5 cost time: 13.687479496002197
Epoch: 5, Steps: 188 | Train Loss: 0.8591188 Vali Loss: 0.3980736 Test Loss: 0.4384376
Validation loss decreased (0.403419 --> 0.398074).  Saving model ...
Updating learning rate to 0.0012800000000000003
	iters: 100, epoch: 6 | loss: 0.8645624
	speed: 0.2309s/iter; left time: 1062.5449s
Epoch: 6 cost time: 12.018203258514404
Epoch: 6, Steps: 188 | Train Loss: 0.8538385 Vali Loss: 0.3975086 Test Loss: 0.4376651
Validation loss decreased (0.398074 --> 0.397509).  Saving model ...
Updating learning rate to 0.0010240000000000002
	iters: 100, epoch: 7 | loss: 0.8368708
	speed: 0.2281s/iter; left time: 1006.6729s
Epoch: 7 cost time: 12.027167320251465
Epoch: 7, Steps: 188 | Train Loss: 0.8503062 Vali Loss: 0.3960039 Test Loss: 0.4370108
Validation loss decreased (0.397509 --> 0.396004).  Saving model ...
Updating learning rate to 0.0008192000000000002
	iters: 100, epoch: 8 | loss: 0.8588035
	speed: 0.2234s/iter; left time: 944.0102s
Epoch: 8 cost time: 12.649421691894531
Epoch: 8, Steps: 188 | Train Loss: 0.8480891 Vali Loss: 0.3956816 Test Loss: 0.4356752
Validation loss decreased (0.396004 --> 0.395682).  Saving model ...
Updating learning rate to 0.0006553600000000002
	iters: 100, epoch: 9 | loss: 0.8166844
	speed: 0.2290s/iter; left time: 924.5775s
Epoch: 9 cost time: 12.804857730865479
Epoch: 9, Steps: 188 | Train Loss: 0.8463361 Vali Loss: 0.3954245 Test Loss: 0.4358029
Validation loss decreased (0.395682 --> 0.395424).  Saving model ...
Updating learning rate to 0.0005242880000000002
	iters: 100, epoch: 10 | loss: 0.8198189
	speed: 0.2219s/iter; left time: 854.1214s
Epoch: 10 cost time: 12.375953674316406
Epoch: 10, Steps: 188 | Train Loss: 0.8450889 Vali Loss: 0.3928298 Test Loss: 0.4347833
Validation loss decreased (0.395424 --> 0.392830).  Saving model ...
Updating learning rate to 0.0004194304000000002
	iters: 100, epoch: 11 | loss: 0.8495363
	speed: 0.2290s/iter; left time: 838.2609s
Epoch: 11 cost time: 12.160023927688599
Epoch: 11, Steps: 188 | Train Loss: 0.8437626 Vali Loss: 0.3939938 Test Loss: 0.4341816
EarlyStopping counter: 1 out of 15
Updating learning rate to 0.0003355443200000002
	iters: 100, epoch: 12 | loss: 0.8485982
	speed: 0.1954s/iter; left time: 678.7347s
Epoch: 12 cost time: 10.191362857818604
Epoch: 12, Steps: 188 | Train Loss: 0.8430425 Vali Loss: 0.3927016 Test Loss: 0.4341677
Validation loss decreased (0.392830 --> 0.392702).  Saving model ...
Updating learning rate to 0.00026843545600000016
	iters: 100, epoch: 13 | loss: 0.8571887
	speed: 0.2003s/iter; left time: 657.8251s
Epoch: 13 cost time: 10.81348705291748
Epoch: 13, Steps: 188 | Train Loss: 0.8423249 Vali Loss: 0.3921576 Test Loss: 0.4334070
Validation loss decreased (0.392702 --> 0.392158).  Saving model ...
Updating learning rate to 0.00021474836480000011
	iters: 100, epoch: 14 | loss: 0.8385508
	speed: 0.1864s/iter; left time: 577.1693s
Epoch: 14 cost time: 10.073487997055054
Epoch: 14, Steps: 188 | Train Loss: 0.8414879 Vali Loss: 0.3934414 Test Loss: 0.4329199
EarlyStopping counter: 1 out of 15
Updating learning rate to 0.0001717986918400001
	iters: 100, epoch: 15 | loss: 0.8439647
	speed: 0.1910s/iter; left time: 555.5632s
Epoch: 15 cost time: 10.146287679672241
Epoch: 15, Steps: 188 | Train Loss: 0.8410947 Vali Loss: 0.3919797 Test Loss: 0.4328499
Validation loss decreased (0.392158 --> 0.391980).  Saving model ...
Updating learning rate to 0.0001374389534720001
	iters: 100, epoch: 16 | loss: 0.8383674
	speed: 0.1877s/iter; left time: 510.7774s
Epoch: 16 cost time: 10.389374256134033
Epoch: 16, Steps: 188 | Train Loss: 0.8405949 Vali Loss: 0.3918924 Test Loss: 0.4323847
Validation loss decreased (0.391980 --> 0.391892).  Saving model ...
Updating learning rate to 0.00010995116277760008
	iters: 100, epoch: 17 | loss: 0.8430540
	speed: 0.1861s/iter; left time: 471.5077s
Epoch: 17 cost time: 10.09958004951477
Epoch: 17, Steps: 188 | Train Loss: 0.8403925 Vali Loss: 0.3918000 Test Loss: 0.4324086
Validation loss decreased (0.391892 --> 0.391800).  Saving model ...
Updating learning rate to 8.796093022208007e-05
	iters: 100, epoch: 18 | loss: 0.8764735
	speed: 0.1893s/iter; left time: 443.8491s
Epoch: 18 cost time: 10.245214223861694
Epoch: 18, Steps: 188 | Train Loss: 0.8399844 Vali Loss: 0.3915808 Test Loss: 0.4325559
Validation loss decreased (0.391800 --> 0.391581).  Saving model ...
Updating learning rate to 7.036874417766406e-05
	iters: 100, epoch: 19 | loss: 0.8284816
	speed: 0.1831s/iter; left time: 394.9172s
Epoch: 19 cost time: 10.056878328323364
Epoch: 19, Steps: 188 | Train Loss: 0.8397416 Vali Loss: 0.3921141 Test Loss: 0.4321291
EarlyStopping counter: 1 out of 15
Updating learning rate to 5.6294995342131246e-05
	iters: 100, epoch: 20 | loss: 0.8043562
	speed: 0.1855s/iter; left time: 365.1809s
Epoch: 20 cost time: 10.255876064300537
Epoch: 20, Steps: 188 | Train Loss: 0.8392518 Vali Loss: 0.3910970 Test Loss: 0.4322096
Validation loss decreased (0.391581 --> 0.391097).  Saving model ...
Updating learning rate to 4.5035996273705005e-05
	iters: 100, epoch: 21 | loss: 0.8473004
	speed: 0.1861s/iter; left time: 331.4428s
Epoch: 21 cost time: 10.012685298919678
Epoch: 21, Steps: 188 | Train Loss: 0.8392819 Vali Loss: 0.3911583 Test Loss: 0.4319546
EarlyStopping counter: 1 out of 15
Updating learning rate to 3.6028797018964005e-05
	iters: 100, epoch: 22 | loss: 0.8237972
	speed: 0.1922s/iter; left time: 306.1790s
Epoch: 22 cost time: 10.38939619064331
Epoch: 22, Steps: 188 | Train Loss: 0.8393137 Vali Loss: 0.3905205 Test Loss: 0.4318190
Validation loss decreased (0.391097 --> 0.390521).  Saving model ...
Updating learning rate to 2.8823037615171206e-05
	iters: 100, epoch: 23 | loss: 0.8167247
	speed: 0.1871s/iter; left time: 262.8261s
Epoch: 23 cost time: 9.895931959152222
Epoch: 23, Steps: 188 | Train Loss: 0.8391112 Vali Loss: 0.3914472 Test Loss: 0.4319876
EarlyStopping counter: 1 out of 15
Updating learning rate to 2.3058430092136966e-05
	iters: 100, epoch: 24 | loss: 0.8323891
	speed: 0.1837s/iter; left time: 223.5124s
Epoch: 24 cost time: 9.94999074935913
Epoch: 24, Steps: 188 | Train Loss: 0.8389488 Vali Loss: 0.3903553 Test Loss: 0.4319283
Validation loss decreased (0.390521 --> 0.390355).  Saving model ...
Updating learning rate to 1.8446744073709574e-05
	iters: 100, epoch: 25 | loss: 0.8638766
	speed: 0.1861s/iter; left time: 191.4784s
Epoch: 25 cost time: 10.12228775024414
Epoch: 25, Steps: 188 | Train Loss: 0.8390620 Vali Loss: 0.3924890 Test Loss: 0.4319083
EarlyStopping counter: 1 out of 15
Updating learning rate to 1.475739525896766e-05
	iters: 100, epoch: 26 | loss: 0.8496576
	speed: 0.1869s/iter; left time: 157.2055s
Epoch: 26 cost time: 10.1664457321167
Epoch: 26, Steps: 188 | Train Loss: 0.8388132 Vali Loss: 0.3912751 Test Loss: 0.4318506
EarlyStopping counter: 2 out of 15
Updating learning rate to 1.1805916207174129e-05
	iters: 100, epoch: 27 | loss: 0.8439829
	speed: 0.1801s/iter; left time: 117.6059s
Epoch: 27 cost time: 9.966668605804443
Epoch: 27, Steps: 188 | Train Loss: 0.8388131 Vali Loss: 0.3903162 Test Loss: 0.4317435
Validation loss decreased (0.390355 --> 0.390316).  Saving model ...
Updating learning rate to 9.444732965739304e-06
	iters: 100, epoch: 28 | loss: 0.8302761
	speed: 0.1816s/iter; left time: 84.4545s
Epoch: 28 cost time: 10.251880645751953
Epoch: 28, Steps: 188 | Train Loss: 0.8388370 Vali Loss: 0.3902036 Test Loss: 0.4318640
Validation loss decreased (0.390316 --> 0.390204).  Saving model ...
Updating learning rate to 7.555786372591443e-06
	iters: 100, epoch: 29 | loss: 0.8474123
	speed: 0.1844s/iter; left time: 51.0704s
Epoch: 29 cost time: 10.26537561416626
Epoch: 29, Steps: 188 | Train Loss: 0.8387737 Vali Loss: 0.3908468 Test Loss: 0.4317915
EarlyStopping counter: 1 out of 15
Updating learning rate to 6.044629098073155e-06
	iters: 100, epoch: 30 | loss: 0.8522214
	speed: 0.1886s/iter; left time: 16.7831s
Epoch: 30 cost time: 10.267247676849365
Epoch: 30, Steps: 188 | Train Loss: 0.8387417 Vali Loss: 0.3918127 Test Loss: 0.4317558
EarlyStopping counter: 2 out of 15
Updating learning rate to 4.835703278458524e-06
>>>>>>>testing : traffic_96_96_CycleNet_custom_ftM_sl96_pl96_cycle168_mlp_lowrank4_fredf08_seed2024<<<<<<<<<<<<<<<<<<<<<<<<<<<<<<<<<
test 3413
mse:0.43455997109413147, mae:0.2895619571208954, smape:51.78479552268982
