Args in experiment:
Namespace(random_seed=2024, is_training=1, model_id='traffic_96_720', model='CycleNet', data='custom', root_path='./dataset/traffic/', data_path='traffic.csv', features='M', target='OT', freq='h', checkpoints='./checkpoints/', seq_len=96, label_len=0, pred_len=720, cycle=168, cycle_mode='lowrank', cycle_rank=4, model_type='mlp', use_revin=1, mrt_layers=1, freq_layers=1, freq_v2_layers=0, freq_v3_layers=0, freq_v4_layers=0, sgf_layers=0, sgf_prior_path='', freq_loss_alpha=1.0, fusion_mode='serial', fusion_order='mrt_freq', fusion_gate=0, fc_dropout=0.05, head_dropout=0.0, patch_len=16, stride=8, padding_patch='end', revin=0, affine=0, subtract_last=0, decomposition=0, kernel_size=25, individual=0, rnn_type='gru', dec_way='pmf', seg_len=48, channel_id=1, period_len=24, embed_type=0, enc_in=862, dec_in=7, c_out=7, d_model=512, n_heads=8, e_layers=2, d_layers=1, d_ff=2048, moving_avg=25, factor=1, distil=True, dropout=0, embed='timeF', activation='gelu', output_attention=False, do_predict=False, num_workers=10, itr=1, train_epochs=30, batch_size=32, patience=15, learning_rate=0.002, des='test', loss='mse', lradj='type3', pct_start=0.3, use_amp=False, use_gpu=True, gpu=0, use_multi_gpu=False, devices='0,1', test_flop=False)
Use GPU: cuda:0
>>>>>>>start training : traffic_96_720_CycleNet_custom_ftM_sl96_pl720_cycle168_mlp_lowrank4_mrt1_freq1_seed2024>>>>>>>>>>>>>>>>>>>>>>>>>>
train 11465
val 1037
test 2789
	iters: 100, epoch: 1 | loss: 0.5771739
	speed: 0.1407s/iter; left time: 1497.2876s
	iters: 200, epoch: 1 | loss: 0.4946137
	speed: 0.1218s/iter; left time: 1284.1691s
	iters: 300, epoch: 1 | loss: 0.4649102
	speed: 0.1227s/iter; left time: 1281.0710s
Epoch: 1 cost time: 45.65205240249634
Epoch: 1, Steps: 358 | Train Loss: 0.5776060 Vali Loss: 0.6071204 Test Loss: 0.7342619
Validation loss decreased (inf --> 0.607120).  Saving model ...
Updating learning rate to 0.002
	iters: 100, epoch: 2 | loss: 0.3539041
	speed: 0.6096s/iter; left time: 6268.1714s
	iters: 200, epoch: 2 | loss: 0.3008925
	speed: 0.1210s/iter; left time: 1232.0129s
	iters: 300, epoch: 2 | loss: 0.2959983
	speed: 0.1206s/iter; left time: 1216.1283s
Epoch: 2 cost time: 44.23233962059021
Epoch: 2, Steps: 358 | Train Loss: 0.3317421 Vali Loss: 0.4454741 Test Loss: 0.5030877
Validation loss decreased (0.607120 --> 0.445474).  Saving model ...
Updating learning rate to 0.002
	iters: 100, epoch: 3 | loss: 0.2817178
	speed: 0.6158s/iter; left time: 6111.3365s
	iters: 200, epoch: 3 | loss: 0.2993248
	speed: 0.1208s/iter; left time: 1186.9010s
	iters: 300, epoch: 3 | loss: 0.2871977
	speed: 0.1166s/iter; left time: 1133.9295s
Epoch: 3 cost time: 44.66958665847778
Epoch: 3, Steps: 358 | Train Loss: 0.2897281 Vali Loss: 0.4358997 Test Loss: 0.4978082
Validation loss decreased (0.445474 --> 0.435900).  Saving model ...
Updating learning rate to 0.002
	iters: 100, epoch: 4 | loss: 0.2772450
	speed: 0.6176s/iter; left time: 5908.5328s
	iters: 200, epoch: 4 | loss: 0.2751925
	speed: 0.1216s/iter; left time: 1151.2558s
	iters: 300, epoch: 4 | loss: 0.2916303
	speed: 0.1242s/iter; left time: 1163.3307s
Epoch: 4 cost time: 45.29184007644653
Epoch: 4, Steps: 358 | Train Loss: 0.2824853 Vali Loss: 0.4292305 Test Loss: 0.4954550
Validation loss decreased (0.435900 --> 0.429230).  Saving model ...
Updating learning rate to 0.0016
	iters: 100, epoch: 5 | loss: 0.2835908
	speed: 0.6151s/iter; left time: 5664.1212s
	iters: 200, epoch: 5 | loss: 0.2791593
	speed: 0.1109s/iter; left time: 1010.4804s
	iters: 300, epoch: 5 | loss: 0.2707675
	speed: 0.1149s/iter; left time: 1034.7934s
Epoch: 5 cost time: 42.82565712928772
Epoch: 5, Steps: 358 | Train Loss: 0.2791848 Vali Loss: 0.4277743 Test Loss: 0.4923073
Validation loss decreased (0.429230 --> 0.427774).  Saving model ...
Updating learning rate to 0.0012800000000000003
	iters: 100, epoch: 6 | loss: 0.2663532
	speed: 0.6219s/iter; left time: 5504.7530s
	iters: 200, epoch: 6 | loss: 0.2884869
	speed: 0.1286s/iter; left time: 1125.1089s
	iters: 300, epoch: 6 | loss: 0.2731285
	speed: 0.1273s/iter; left time: 1100.8806s
Epoch: 6 cost time: 47.01601600646973
Epoch: 6, Steps: 358 | Train Loss: 0.2775674 Vali Loss: 0.4283758 Test Loss: 0.4914642
EarlyStopping counter: 1 out of 15
Updating learning rate to 0.0010240000000000002
	iters: 100, epoch: 7 | loss: 0.2705512
	speed: 0.6229s/iter; left time: 5290.2288s
	iters: 200, epoch: 7 | loss: 0.2717518
	speed: 0.1305s/iter; left time: 1095.6809s
	iters: 300, epoch: 7 | loss: 0.2773159
	speed: 0.1269s/iter; left time: 1052.1111s
Epoch: 7 cost time: 47.182777881622314
Epoch: 7, Steps: 358 | Train Loss: 0.2763126 Vali Loss: 0.4260310 Test Loss: 0.4909182
Validation loss decreased (0.427774 --> 0.426031).  Saving model ...
Updating learning rate to 0.0008192000000000002
	iters: 100, epoch: 8 | loss: 0.2780747
	speed: 0.6157s/iter; left time: 5008.8257s
	iters: 200, epoch: 8 | loss: 0.2685943
	speed: 0.1269s/iter; left time: 1019.4315s
	iters: 300, epoch: 8 | loss: 0.2798676
	speed: 0.1300s/iter; left time: 1031.5708s
Epoch: 8 cost time: 46.64522743225098
Epoch: 8, Steps: 358 | Train Loss: 0.2754084 Vali Loss: 0.4253353 Test Loss: 0.4897012
Validation loss decreased (0.426031 --> 0.425335).  Saving model ...
Updating learning rate to 0.0006553600000000002
	iters: 100, epoch: 9 | loss: 0.2863347
	speed: 0.6255s/iter; left time: 4864.8642s
	iters: 200, epoch: 9 | loss: 0.2759195
	speed: 0.1263s/iter; left time: 969.2365s
	iters: 300, epoch: 9 | loss: 0.2688548
	speed: 0.1261s/iter; left time: 955.1525s
Epoch: 9 cost time: 46.23011589050293
Epoch: 9, Steps: 358 | Train Loss: 0.2747170 Vali Loss: 0.4254422 Test Loss: 0.4905356
EarlyStopping counter: 1 out of 15
Updating learning rate to 0.0005242880000000002
	iters: 100, epoch: 10 | loss: 0.2691813
	speed: 0.6211s/iter; left time: 4607.7992s
	iters: 200, epoch: 10 | loss: 0.2840730
	speed: 0.1253s/iter; left time: 916.8630s
	iters: 300, epoch: 10 | loss: 0.2805623
	speed: 0.1264s/iter; left time: 912.4516s
Epoch: 10 cost time: 45.99444937705994
Epoch: 10, Steps: 358 | Train Loss: 0.2741881 Vali Loss: 0.4251460 Test Loss: 0.4907875
Validation loss decreased (0.425335 --> 0.425146).  Saving model ...
Updating learning rate to 0.0004194304000000002
	iters: 100, epoch: 11 | loss: 0.2749597
	speed: 0.5983s/iter; left time: 4224.6110s
	iters: 200, epoch: 11 | loss: 0.2808320
	speed: 0.1115s/iter; left time: 776.1953s
	iters: 300, epoch: 11 | loss: 0.2745983
	speed: 0.1096s/iter; left time: 751.8806s
Epoch: 11 cost time: 40.75030565261841
Epoch: 11, Steps: 358 | Train Loss: 0.2737232 Vali Loss: 0.4247674 Test Loss: 0.4897027
Validation loss decreased (0.425146 --> 0.424767).  Saving model ...
Updating learning rate to 0.0003355443200000002
	iters: 100, epoch: 12 | loss: 0.2730871
	speed: 0.5568s/iter; left time: 3732.0346s
	iters: 200, epoch: 12 | loss: 0.2614684
	speed: 0.1066s/iter; left time: 703.8300s
	iters: 300, epoch: 12 | loss: 0.2806361
	speed: 0.1178s/iter; left time: 766.2230s
Epoch: 12 cost time: 41.683430194854736
Epoch: 12, Steps: 358 | Train Loss: 0.2732525 Vali Loss: 0.4246838 Test Loss: 0.4895133
Validation loss decreased (0.424767 --> 0.424684).  Saving model ...
Updating learning rate to 0.00026843545600000016
	iters: 100, epoch: 13 | loss: 0.2540766
	speed: 0.6224s/iter; left time: 3949.1848s
	iters: 200, epoch: 13 | loss: 0.2702002
	speed: 0.1204s/iter; left time: 751.9900s
	iters: 300, epoch: 13 | loss: 0.2718255
	speed: 0.1275s/iter; left time: 783.3865s
Epoch: 13 cost time: 45.532368183135986
Epoch: 13, Steps: 358 | Train Loss: 0.2729857 Vali Loss: 0.4242343 Test Loss: 0.4897688
Validation loss decreased (0.424684 --> 0.424234).  Saving model ...
Updating learning rate to 0.00021474836480000011
	iters: 100, epoch: 14 | loss: 0.2792381
	speed: 0.6179s/iter; left time: 3699.5384s
	iters: 200, epoch: 14 | loss: 0.2748565
	speed: 0.1244s/iter; left time: 732.4499s
	iters: 300, epoch: 14 | loss: 0.2737718
	speed: 0.1211s/iter; left time: 700.9229s
Epoch: 14 cost time: 44.77954387664795
Epoch: 14, Steps: 358 | Train Loss: 0.2726582 Vali Loss: 0.4239718 Test Loss: 0.4897655
Validation loss decreased (0.424234 --> 0.423972).  Saving model ...
Updating learning rate to 0.0001717986918400001
	iters: 100, epoch: 15 | loss: 0.2797271
	speed: 0.6390s/iter; left time: 3597.1925s
	iters: 200, epoch: 15 | loss: 0.2761819
	speed: 0.1306s/iter; left time: 721.8697s
	iters: 300, epoch: 15 | loss: 0.2809067
	speed: 0.1364s/iter; left time: 740.6856s
Epoch: 15 cost time: 48.82388377189636
Epoch: 15, Steps: 358 | Train Loss: 0.2724718 Vali Loss: 0.4239555 Test Loss: 0.4896288
Validation loss decreased (0.423972 --> 0.423956).  Saving model ...
Updating learning rate to 0.0001374389534720001
	iters: 100, epoch: 16 | loss: 0.2724986
	speed: 0.6556s/iter; left time: 3455.6593s
	iters: 200, epoch: 16 | loss: 0.2587958
	speed: 0.1339s/iter; left time: 692.3947s
	iters: 300, epoch: 16 | loss: 0.2613784
	speed: 0.1363s/iter; left time: 691.2687s
Epoch: 16 cost time: 49.568394899368286
Epoch: 16, Steps: 358 | Train Loss: 0.2722724 Vali Loss: 0.4240319 Test Loss: 0.4894429
EarlyStopping counter: 1 out of 15
Updating learning rate to 0.00010995116277760008
	iters: 100, epoch: 17 | loss: 0.2584905
	speed: 0.6531s/iter; left time: 3208.8083s
	iters: 200, epoch: 17 | loss: 0.2798322
	speed: 0.1293s/iter; left time: 622.5522s
	iters: 300, epoch: 17 | loss: 0.2734425
	speed: 0.1366s/iter; left time: 643.5638s
Epoch: 17 cost time: 48.843186140060425
Epoch: 17, Steps: 358 | Train Loss: 0.2720977 Vali Loss: 0.4242079 Test Loss: 0.4894747
EarlyStopping counter: 2 out of 15
Updating learning rate to 8.796093022208007e-05
	iters: 100, epoch: 18 | loss: 0.2736134
	speed: 0.6479s/iter; left time: 2951.0676s
	iters: 200, epoch: 18 | loss: 0.2689201
	speed: 0.1288s/iter; left time: 573.8009s
	iters: 300, epoch: 18 | loss: 0.2753649
	speed: 0.1295s/iter; left time: 563.8581s
Epoch: 18 cost time: 48.31788659095764
Epoch: 18, Steps: 358 | Train Loss: 0.2720041 Vali Loss: 0.4235919 Test Loss: 0.4894390
Validation loss decreased (0.423956 --> 0.423592).  Saving model ...
Updating learning rate to 7.036874417766406e-05
	iters: 100, epoch: 19 | loss: 0.2759431
	speed: 0.6481s/iter; left time: 2720.2073s
	iters: 200, epoch: 19 | loss: 0.2744720
	speed: 0.1318s/iter; left time: 540.1203s
	iters: 300, epoch: 19 | loss: 0.2735374
	speed: 0.1340s/iter; left time: 535.4579s
Epoch: 19 cost time: 48.445760011672974
Epoch: 19, Steps: 358 | Train Loss: 0.2718831 Vali Loss: 0.4234829 Test Loss: 0.4893000
Validation loss decreased (0.423592 --> 0.423483).  Saving model ...
Updating learning rate to 5.6294995342131246e-05
	iters: 100, epoch: 20 | loss: 0.2649635
	speed: 0.6338s/iter; left time: 2433.1036s
	iters: 200, epoch: 20 | loss: 0.2665220
	speed: 0.1372s/iter; left time: 512.8162s
	iters: 300, epoch: 20 | loss: 0.2577122
	speed: 0.1285s/iter; left time: 467.4435s
Epoch: 20 cost time: 48.61042809486389
Epoch: 20, Steps: 358 | Train Loss: 0.2717900 Vali Loss: 0.4234331 Test Loss: 0.4892198
Validation loss decreased (0.423483 --> 0.423433).  Saving model ...
Updating learning rate to 4.5035996273705005e-05
	iters: 100, epoch: 21 | loss: 0.2605840
	speed: 0.6427s/iter; left time: 2237.1922s
	iters: 200, epoch: 21 | loss: 0.2650643
	speed: 0.1293s/iter; left time: 437.0909s
	iters: 300, epoch: 21 | loss: 0.2845569
	speed: 0.1279s/iter; left time: 419.5442s
Epoch: 21 cost time: 47.090739727020264
Epoch: 21, Steps: 358 | Train Loss: 0.2717151 Vali Loss: 0.4236318 Test Loss: 0.4894061
EarlyStopping counter: 1 out of 15
Updating learning rate to 3.6028797018964005e-05
	iters: 100, epoch: 22 | loss: 0.2855465
	speed: 0.6496s/iter; left time: 2028.7937s
	iters: 200, epoch: 22 | loss: 0.2741259
	speed: 0.1349s/iter; left time: 407.9246s
	iters: 300, epoch: 22 | loss: 0.2752571
	speed: 0.1333s/iter; left time: 389.6990s
Epoch: 22 cost time: 48.4922821521759
Epoch: 22, Steps: 358 | Train Loss: 0.2716746 Vali Loss: 0.4233206 Test Loss: 0.4895679
Validation loss decreased (0.423433 --> 0.423321).  Saving model ...
Updating learning rate to 2.8823037615171206e-05
	iters: 100, epoch: 23 | loss: 0.2694710
	speed: 0.6371s/iter; left time: 1761.5768s
	iters: 200, epoch: 23 | loss: 0.2699452
	speed: 0.1184s/iter; left time: 315.6196s
	iters: 300, epoch: 23 | loss: 0.2770877
	speed: 0.1102s/iter; left time: 282.6227s
Epoch: 23 cost time: 42.25054597854614
Epoch: 23, Steps: 358 | Train Loss: 0.2716261 Vali Loss: 0.4234529 Test Loss: 0.4893896
EarlyStopping counter: 1 out of 15
Updating learning rate to 2.3058430092136966e-05
	iters: 100, epoch: 24 | loss: 0.2699249
	speed: 0.5938s/iter; left time: 1429.2843s
	iters: 200, epoch: 24 | loss: 0.2738153
	speed: 0.1110s/iter; left time: 255.9896s
	iters: 300, epoch: 24 | loss: 0.2684831
	speed: 0.1148s/iter; left time: 253.3615s
Epoch: 24 cost time: 41.706485986709595
Epoch: 24, Steps: 358 | Train Loss: 0.2715832 Vali Loss: 0.4236422 Test Loss: 0.4894361
EarlyStopping counter: 2 out of 15
Updating learning rate to 1.8446744073709574e-05
	iters: 100, epoch: 25 | loss: 0.2691444
	speed: 0.6252s/iter; left time: 1281.0106s
	iters: 200, epoch: 25 | loss: 0.2717064
	speed: 0.1242s/iter; left time: 242.1132s
	iters: 300, epoch: 25 | loss: 0.2792055
	speed: 0.1281s/iter; left time: 236.8778s
Epoch: 25 cost time: 46.520103454589844
Epoch: 25, Steps: 358 | Train Loss: 0.2715583 Vali Loss: 0.4236175 Test Loss: 0.4894948
EarlyStopping counter: 3 out of 15
Updating learning rate to 1.475739525896766e-05
	iters: 100, epoch: 26 | loss: 0.2726339
	speed: 0.6416s/iter; left time: 1084.9366s
	iters: 200, epoch: 26 | loss: 0.2709621
	speed: 0.1281s/iter; left time: 203.8335s
	iters: 300, epoch: 26 | loss: 0.2610137
	speed: 0.1272s/iter; left time: 189.6119s
Epoch: 26 cost time: 47.06330156326294
Epoch: 26, Steps: 358 | Train Loss: 0.2715342 Vali Loss: 0.4236924 Test Loss: 0.4894609
EarlyStopping counter: 4 out of 15
Updating learning rate to 1.1805916207174129e-05
	iters: 100, epoch: 27 | loss: 0.2857999
	speed: 0.6390s/iter; left time: 851.7328s
	iters: 200, epoch: 27 | loss: 0.2714953
	speed: 0.1308s/iter; left time: 161.3348s
	iters: 300, epoch: 27 | loss: 0.2735081
	speed: 0.1323s/iter; left time: 149.9395s
Epoch: 27 cost time: 47.534152030944824
Epoch: 27, Steps: 358 | Train Loss: 0.2714999 Vali Loss: 0.4239502 Test Loss: 0.4894945
EarlyStopping counter: 5 out of 15
Updating learning rate to 9.444732965739304e-06
	iters: 100, epoch: 28 | loss: 0.2753858
	speed: 0.6314s/iter; left time: 615.6569s
	iters: 200, epoch: 28 | loss: 0.2736283
	speed: 0.1364s/iter; left time: 119.3788s
	iters: 300, epoch: 28 | loss: 0.2785269
	speed: 0.1274s/iter; left time: 98.7138s
Epoch: 28 cost time: 47.25091767311096
Epoch: 28, Steps: 358 | Train Loss: 0.2715022 Vali Loss: 0.4233007 Test Loss: 0.4894827
Validation loss decreased (0.423321 --> 0.423301).  Saving model ...
Updating learning rate to 7.555786372591443e-06
	iters: 100, epoch: 29 | loss: 0.2688064
	speed: 0.6232s/iter; left time: 384.5356s
	iters: 200, epoch: 29 | loss: 0.2755427
	speed: 0.1204s/iter; left time: 62.2234s
	iters: 300, epoch: 29 | loss: 0.2829050
	speed: 0.1170s/iter; left time: 48.7856s
Epoch: 29 cost time: 43.64412498474121
Epoch: 29, Steps: 358 | Train Loss: 0.2714891 Vali Loss: 0.4238880 Test Loss: 0.4894805
EarlyStopping counter: 1 out of 15
Updating learning rate to 6.044629098073155e-06
	iters: 100, epoch: 30 | loss: 0.2704480
	speed: 0.6184s/iter; left time: 160.1659s
	iters: 200, epoch: 30 | loss: 0.2709808
	speed: 0.1275s/iter; left time: 20.2777s
	iters: 300, epoch: 30 | loss: 0.2674106
	speed: 0.1237s/iter; left time: 7.2973s
Epoch: 30 cost time: 46.10285520553589
Epoch: 30, Steps: 358 | Train Loss: 0.2714923 Vali Loss: 0.4231719 Test Loss: 0.4894705
Validation loss decreased (0.423301 --> 0.423172).  Saving model ...
Updating learning rate to 4.835703278458524e-06
>>>>>>>testing : traffic_96_720_CycleNet_custom_ftM_sl96_pl720_cycle168_mlp_lowrank4_mrt1_freq1_seed2024<<<<<<<<<<<<<<<<<<<<<<<<<<<<<<<<<
test 2789
mse:0.48910677433013916, mae:0.31585076451301575, smape:55.38680553436279
