Args in experiment:
Namespace(random_seed=2024, is_training=1, model_id='Traffic_96_192', model='CycleNet', data='custom', root_path='./dataset/traffic/', data_path='traffic.csv', features='M', target='OT', freq='h', checkpoints='./checkpoints/', seq_len=96, label_len=0, pred_len=192, cycle=168, cycle_mode='lowrank', cycle_rank=6, model_type='mlp', use_revin=1, mrt_layers=1, freq_layers=1, freq_v2_layers=0, freq_v3_layers=0, freq_v4_layers=0, sgf_layers=0, sgf_prior_path='', freq_loss_alpha=1.0, fc_dropout=0.05, head_dropout=0.0, patch_len=16, stride=8, padding_patch='end', revin=0, affine=0, subtract_last=0, decomposition=0, kernel_size=25, individual=0, rnn_type='gru', dec_way='pmf', seg_len=48, channel_id=1, period_len=24, embed_type=0, enc_in=862, dec_in=7, c_out=7, d_model=512, n_heads=8, e_layers=2, d_layers=1, d_ff=2048, moving_avg=25, factor=1, distil=True, dropout=0, embed='timeF', activation='gelu', output_attention=False, do_predict=False, num_workers=10, itr=1, train_epochs=30, batch_size=64, patience=15, learning_rate=0.002, des='test', loss='mse', lradj='type3', pct_start=0.3, use_amp=False, use_gpu=True, gpu=0, use_multi_gpu=False, devices='0,1', test_flop=False)
Use GPU: cuda:0
>>>>>>>start training : Traffic_96_192_CycleNet_custom_ftM_sl96_pl192_cycle168_mlp_lowrank6_mrt1_freq1_seed2024>>>>>>>>>>>>>>>>>>>>>>>>>>
train 11993
val 1565
test 3317
	iters: 100, epoch: 1 | loss: 0.5455120
	speed: 0.1487s/iter; left time: 819.4492s
Epoch: 1 cost time: 25.88381814956665
Epoch: 1, Steps: 187 | Train Loss: 0.6360931 Vali Loss: 0.6161707 Test Loss: 0.7535419
Validation loss decreased (inf --> 0.616171).  Saving model ...
Updating learning rate to 0.002
	iters: 100, epoch: 2 | loss: 0.2732712
	speed: 0.4535s/iter; left time: 2414.3651s
Epoch: 2 cost time: 24.34716296195984
Epoch: 2, Steps: 187 | Train Loss: 0.3194533 Vali Loss: 0.3992151 Test Loss: 0.4695193
Validation loss decreased (0.616171 --> 0.399215).  Saving model ...
Updating learning rate to 0.002
	iters: 100, epoch: 3 | loss: 0.2557413
	speed: 0.4838s/iter; left time: 2485.4643s
Epoch: 3 cost time: 26.055464029312134
Epoch: 3, Steps: 187 | Train Loss: 0.2677383 Vali Loss: 0.3920929 Test Loss: 0.4615922
Validation loss decreased (0.399215 --> 0.392093).  Saving model ...
Updating learning rate to 0.002
	iters: 100, epoch: 4 | loss: 0.2638656
	speed: 0.4845s/iter; left time: 2398.4531s
Epoch: 4 cost time: 26.482869386672974
Epoch: 4, Steps: 187 | Train Loss: 0.2606054 Vali Loss: 0.3871393 Test Loss: 0.4570063
Validation loss decreased (0.392093 --> 0.387139).  Saving model ...
Updating learning rate to 0.0016
	iters: 100, epoch: 5 | loss: 0.2560604
	speed: 0.4885s/iter; left time: 2326.9015s
Epoch: 5 cost time: 26.22171688079834
Epoch: 5, Steps: 187 | Train Loss: 0.2551835 Vali Loss: 0.3850192 Test Loss: 0.4556276
Validation loss decreased (0.387139 --> 0.385019).  Saving model ...
Updating learning rate to 0.0012800000000000003
	iters: 100, epoch: 6 | loss: 0.2533324
	speed: 0.4844s/iter; left time: 2216.5373s
Epoch: 6 cost time: 26.68562412261963
Epoch: 6, Steps: 187 | Train Loss: 0.2519826 Vali Loss: 0.3839596 Test Loss: 0.4550132
Validation loss decreased (0.385019 --> 0.383960).  Saving model ...
Updating learning rate to 0.0010240000000000002
	iters: 100, epoch: 7 | loss: 0.2572943
	speed: 0.4796s/iter; left time: 2104.9684s
Epoch: 7 cost time: 26.34563708305359
Epoch: 7, Steps: 187 | Train Loss: 0.2504305 Vali Loss: 0.3820029 Test Loss: 0.4543853
Validation loss decreased (0.383960 --> 0.382003).  Saving model ...
Updating learning rate to 0.0008192000000000002
	iters: 100, epoch: 8 | loss: 0.2502919
	speed: 0.4929s/iter; left time: 2071.2128s
Epoch: 8 cost time: 25.838024616241455
Epoch: 8, Steps: 187 | Train Loss: 0.2494004 Vali Loss: 0.3809350 Test Loss: 0.4535515
Validation loss decreased (0.382003 --> 0.380935).  Saving model ...
Updating learning rate to 0.0006553600000000002
	iters: 100, epoch: 9 | loss: 0.2503010
	speed: 0.4933s/iter; left time: 1980.6926s
Epoch: 9 cost time: 26.87587022781372
Epoch: 9, Steps: 187 | Train Loss: 0.2486139 Vali Loss: 0.3813399 Test Loss: 0.4534680
EarlyStopping counter: 1 out of 15
Updating learning rate to 0.0005242880000000002
	iters: 100, epoch: 10 | loss: 0.2486154
	speed: 0.5048s/iter; left time: 1932.2029s
Epoch: 10 cost time: 25.594133615493774
Epoch: 10, Steps: 187 | Train Loss: 0.2478721 Vali Loss: 0.3806852 Test Loss: 0.4532857
Validation loss decreased (0.380935 --> 0.380685).  Saving model ...
Updating learning rate to 0.0004194304000000002
	iters: 100, epoch: 11 | loss: 0.2552847
	speed: 0.4976s/iter; left time: 1811.7314s
Epoch: 11 cost time: 25.860838890075684
Epoch: 11, Steps: 187 | Train Loss: 0.2474432 Vali Loss: 0.3803848 Test Loss: 0.4525579
Validation loss decreased (0.380685 --> 0.380385).  Saving model ...
Updating learning rate to 0.0003355443200000002
	iters: 100, epoch: 12 | loss: 0.2548342
	speed: 0.5014s/iter; left time: 1731.7034s
Epoch: 12 cost time: 26.109522819519043
Epoch: 12, Steps: 187 | Train Loss: 0.2470268 Vali Loss: 0.3796810 Test Loss: 0.4526455
Validation loss decreased (0.380385 --> 0.379681).  Saving model ...
Updating learning rate to 0.00026843545600000016
	iters: 100, epoch: 13 | loss: 0.2533985
	speed: 0.5026s/iter; left time: 1641.8999s
Epoch: 13 cost time: 25.98832106590271
Epoch: 13, Steps: 187 | Train Loss: 0.2467790 Vali Loss: 0.3798232 Test Loss: 0.4524664
EarlyStopping counter: 1 out of 15
Updating learning rate to 0.00021474836480000011
	iters: 100, epoch: 14 | loss: 0.2392323
	speed: 0.5021s/iter; left time: 1546.3712s
Epoch: 14 cost time: 25.752769947052002
Epoch: 14, Steps: 187 | Train Loss: 0.2465432 Vali Loss: 0.3798240 Test Loss: 0.4531370
EarlyStopping counter: 2 out of 15
Updating learning rate to 0.0001717986918400001
	iters: 100, epoch: 15 | loss: 0.2483641
	speed: 0.4939s/iter; left time: 1428.8248s
Epoch: 15 cost time: 26.514407634735107
Epoch: 15, Steps: 187 | Train Loss: 0.2462990 Vali Loss: 0.3798269 Test Loss: 0.4526349
EarlyStopping counter: 3 out of 15
Updating learning rate to 0.0001374389534720001
	iters: 100, epoch: 16 | loss: 0.2462235
	speed: 0.5120s/iter; left time: 1385.5970s
Epoch: 16 cost time: 26.644736289978027
Epoch: 16, Steps: 187 | Train Loss: 0.2461479 Vali Loss: 0.3792771 Test Loss: 0.4526725
Validation loss decreased (0.379681 --> 0.379277).  Saving model ...
Updating learning rate to 0.00010995116277760008
	iters: 100, epoch: 17 | loss: 0.2576416
	speed: 0.5095s/iter; left time: 1283.5550s
Epoch: 17 cost time: 26.786001205444336
Epoch: 17, Steps: 187 | Train Loss: 0.2460151 Vali Loss: 0.3787468 Test Loss: 0.4526142
Validation loss decreased (0.379277 --> 0.378747).  Saving model ...
Updating learning rate to 8.796093022208007e-05
	iters: 100, epoch: 18 | loss: 0.2466874
	speed: 0.4820s/iter; left time: 1123.9802s
Epoch: 18 cost time: 24.93232226371765
Epoch: 18, Steps: 187 | Train Loss: 0.2459072 Vali Loss: 0.3792053 Test Loss: 0.4524005
EarlyStopping counter: 1 out of 15
Updating learning rate to 7.036874417766406e-05
	iters: 100, epoch: 19 | loss: 0.2312993
	speed: 0.4540s/iter; left time: 973.7327s
Epoch: 19 cost time: 24.228618144989014
Epoch: 19, Steps: 187 | Train Loss: 0.2458202 Vali Loss: 0.3785789 Test Loss: 0.4523468
Validation loss decreased (0.378747 --> 0.378579).  Saving model ...
Updating learning rate to 5.6294995342131246e-05
	iters: 100, epoch: 20 | loss: 0.2449670
	speed: 0.4794s/iter; left time: 938.7441s
Epoch: 20 cost time: 27.380645990371704
Epoch: 20, Steps: 187 | Train Loss: 0.2457370 Vali Loss: 0.3788113 Test Loss: 0.4523710
EarlyStopping counter: 1 out of 15
Updating learning rate to 4.5035996273705005e-05
	iters: 100, epoch: 21 | loss: 0.2465144
	speed: 0.5040s/iter; left time: 892.5210s
Epoch: 21 cost time: 27.572473526000977
Epoch: 21, Steps: 187 | Train Loss: 0.2457266 Vali Loss: 0.3788775 Test Loss: 0.4523093
EarlyStopping counter: 2 out of 15
Updating learning rate to 3.6028797018964005e-05
	iters: 100, epoch: 22 | loss: 0.2493687
	speed: 0.5020s/iter; left time: 795.1209s
Epoch: 22 cost time: 27.577118158340454
Epoch: 22, Steps: 187 | Train Loss: 0.2456337 Vali Loss: 0.3786573 Test Loss: 0.4523588
EarlyStopping counter: 3 out of 15
Updating learning rate to 2.8823037615171206e-05
	iters: 100, epoch: 23 | loss: 0.2394041
	speed: 0.5070s/iter; left time: 708.2690s
Epoch: 23 cost time: 27.94154715538025
Epoch: 23, Steps: 187 | Train Loss: 0.2455564 Vali Loss: 0.3790108 Test Loss: 0.4523284
EarlyStopping counter: 4 out of 15
Updating learning rate to 2.3058430092136966e-05
	iters: 100, epoch: 24 | loss: 0.2572466
	speed: 0.5131s/iter; left time: 620.8078s
Epoch: 24 cost time: 27.514098167419434
Epoch: 24, Steps: 187 | Train Loss: 0.2455578 Vali Loss: 0.3790377 Test Loss: 0.4523506
EarlyStopping counter: 5 out of 15
Updating learning rate to 1.8446744073709574e-05
	iters: 100, epoch: 25 | loss: 0.2481524
	speed: 0.5093s/iter; left time: 520.9751s
Epoch: 25 cost time: 27.855530500411987
Epoch: 25, Steps: 187 | Train Loss: 0.2454670 Vali Loss: 0.3786635 Test Loss: 0.4523092
EarlyStopping counter: 6 out of 15
Updating learning rate to 1.475739525896766e-05
	iters: 100, epoch: 26 | loss: 0.2578577
	speed: 0.5145s/iter; left time: 430.1317s
Epoch: 26 cost time: 27.542567014694214
Epoch: 26, Steps: 187 | Train Loss: 0.2455368 Vali Loss: 0.3794343 Test Loss: 0.4522958
EarlyStopping counter: 7 out of 15
Updating learning rate to 1.1805916207174129e-05
	iters: 100, epoch: 27 | loss: 0.2378499
	speed: 0.5127s/iter; left time: 332.7213s
Epoch: 27 cost time: 25.921921491622925
Epoch: 27, Steps: 187 | Train Loss: 0.2454713 Vali Loss: 0.3783903 Test Loss: 0.4522825
Validation loss decreased (0.378579 --> 0.378390).  Saving model ...
Updating learning rate to 9.444732965739304e-06
	iters: 100, epoch: 28 | loss: 0.2538507
	speed: 0.5004s/iter; left time: 231.1712s
Epoch: 28 cost time: 26.483428716659546
Epoch: 28, Steps: 187 | Train Loss: 0.2454467 Vali Loss: 0.3790410 Test Loss: 0.4523227
EarlyStopping counter: 1 out of 15
Updating learning rate to 7.555786372591443e-06
	iters: 100, epoch: 29 | loss: 0.2447088
	speed: 0.5072s/iter; left time: 139.4737s
Epoch: 29 cost time: 26.136089086532593
Epoch: 29, Steps: 187 | Train Loss: 0.2454906 Vali Loss: 0.3787799 Test Loss: 0.4522438
EarlyStopping counter: 2 out of 15
Updating learning rate to 6.044629098073155e-06
	iters: 100, epoch: 30 | loss: 0.2569740
	speed: 0.5076s/iter; left time: 44.6726s
Epoch: 30 cost time: 25.55979347229004
Epoch: 30, Steps: 187 | Train Loss: 0.2454512 Vali Loss: 0.3784935 Test Loss: 0.4522899
EarlyStopping counter: 3 out of 15
Updating learning rate to 4.835703278458524e-06
>>>>>>>testing : Traffic_96_192_CycleNet_custom_ftM_sl96_pl192_cycle168_mlp_lowrank6_mrt1_freq1_seed2024<<<<<<<<<<<<<<<<<<<<<<<<<<<<<<<<<
test 3317
mse:0.4518757164478302, mae:0.293654203414917
