Args in experiment:
Namespace(random_seed=2024, is_training=1, model_id='traffic_96_96', model='CycleNet', data='custom', root_path='./dataset/traffic/', data_path='traffic.csv', features='M', target='OT', freq='h', checkpoints='./checkpoints/', seq_len=96, label_len=0, pred_len=96, cycle=168, model_type='mlp', use_revin=1, msc_layers=0, freq_layers=0, channel_attn_layers=0, mrt_layers=1, modern_layers=0, fc_dropout=0.05, head_dropout=0.0, patch_len=16, stride=8, padding_patch='end', revin=0, affine=0, subtract_last=0, decomposition=0, kernel_size=25, individual=0, rnn_type='gru', dec_way='pmf', seg_len=48, channel_id=1, period_len=24, embed_type=0, enc_in=862, dec_in=7, c_out=7, d_model=512, n_heads=8, e_layers=2, d_layers=1, d_ff=2048, moving_avg=25, factor=1, distil=True, dropout=0, embed='timeF', activation='gelu', output_attention=False, do_predict=False, num_workers=10, itr=1, train_epochs=30, batch_size=64, patience=5, learning_rate=0.002, des='test', loss='mse', lradj='type3', pct_start=0.3, use_amp=False, use_gpu=True, gpu=0, use_multi_gpu=False, devices='0,1', test_flop=False)
Use GPU: cuda:0
>>>>>>>start training : traffic_96_96_CycleNet_custom_ftM_sl96_pl96_cycle168_mlp_mrt1_seed2024>>>>>>>>>>>>>>>>>>>>>>>>>>
train 12089
val 1661
test 3413
	iters: 100, epoch: 1 | loss: 0.5508695
	speed: 0.1202s/iter; left time: 665.9453s
Epoch: 1 cost time: 19.9341299533844
Epoch: 1, Steps: 188 | Train Loss: 0.6405533 Vali Loss: 0.6402537 Test Loss: 0.7575963
Validation loss decreased (inf --> 0.640254).  Saving model ...
Updating learning rate to 0.002
	iters: 100, epoch: 2 | loss: 0.2727247
	speed: 0.2801s/iter; left time: 1499.4158s
Epoch: 2 cost time: 18.23196315765381
Epoch: 2, Steps: 188 | Train Loss: 0.3150611 Vali Loss: 0.4164190 Test Loss: 0.4749019
Validation loss decreased (0.640254 --> 0.416419).  Saving model ...
Updating learning rate to 0.002
	iters: 100, epoch: 3 | loss: 0.2264474
	speed: 0.2898s/iter; left time: 1496.8544s
Epoch: 3 cost time: 18.28650712966919
Epoch: 3, Steps: 188 | Train Loss: 0.2380476 Vali Loss: 0.4048865 Test Loss: 0.4624169
Validation loss decreased (0.416419 --> 0.404886).  Saving model ...
Updating learning rate to 0.002
	iters: 100, epoch: 4 | loss: 0.2128336
	speed: 0.2902s/iter; left time: 1444.3425s
Epoch: 4 cost time: 18.220531225204468
Epoch: 4, Steps: 188 | Train Loss: 0.2173361 Vali Loss: 0.4095213 Test Loss: 0.4705646
EarlyStopping counter: 1 out of 5
Updating learning rate to 0.0016
	iters: 100, epoch: 5 | loss: 0.1997015
	speed: 0.2905s/iter; left time: 1391.1332s
Epoch: 5 cost time: 18.274251222610474
Epoch: 5, Steps: 188 | Train Loss: 0.2035790 Vali Loss: 0.4159905 Test Loss: 0.4826891
EarlyStopping counter: 2 out of 5
Updating learning rate to 0.0012800000000000003
	iters: 100, epoch: 6 | loss: 0.1851880
	speed: 0.2904s/iter; left time: 1336.2164s
Epoch: 6 cost time: 18.16803240776062
Epoch: 6, Steps: 188 | Train Loss: 0.1940682 Vali Loss: 0.4201447 Test Loss: 0.4915873
EarlyStopping counter: 3 out of 5
Updating learning rate to 0.0010240000000000002
	iters: 100, epoch: 7 | loss: 0.1858065
	speed: 0.2908s/iter; left time: 1283.4414s
Epoch: 7 cost time: 17.94339871406555
Epoch: 7, Steps: 188 | Train Loss: 0.1879346 Vali Loss: 0.4244811 Test Loss: 0.4982438
EarlyStopping counter: 4 out of 5
Updating learning rate to 0.0008192000000000002
	iters: 100, epoch: 8 | loss: 0.1847323
	speed: 0.2909s/iter; left time: 1229.0718s
Epoch: 8 cost time: 17.98176145553589
Epoch: 8, Steps: 188 | Train Loss: 0.1835741 Vali Loss: 0.4321975 Test Loss: 0.5124848
EarlyStopping counter: 5 out of 5
Early stopping
>>>>>>>testing : traffic_96_96_CycleNet_custom_ftM_sl96_pl96_cycle168_mlp_mrt1_seed2024<<<<<<<<<<<<<<<<<<<<<<<<<<<<<<<<<
test 3413
mse:0.4652943015098572, mae:0.32232195138931274
