============================================================
CONFIGURATION
============================================================
Device     : cuda:0
Dataset    : weather
Pred len   : 336
Seed       : 2024

--- Data ---
enc_in     : 21
seq_len    : 96
cycle      : 144
use_revin  : 1
batch_size : 256

--- Model ---
model_type : mlp
d_model    : 512
mrt_layers : 1
freq_layers: 0
fusion     : mode=serial, gate=0, sparsity=0.0

--- Training ---
base_lr    : 0.005
Stage1     : epochs=30, patience=15
Stage2     : epochs=3, patience=3, freeze_backbone=1
Stage3 FreDF: False
Stage3a    : epochs=12, patience=6
Stage3b    : epochs=20, patience=10, freq×0.67 model×0.33 mrt×0.10
============================================================

============================================================
STAGE 1: Train MRT only (freq_layers=0)
============================================================
train 36456
val 4935
test 10204
    iters: 100, epoch: 1 | loss: 0.6556793 | speed: 0.0376s/iter; left: 156s
Epoch: 1, Steps: 142 | Train: 0.6707283 Vali: 0.6439173 Test: 0.2951865
Validation loss decreased (inf --> 0.643917).  Saving model ...
Updating learning rate to 0.005
    iters: 100, epoch: 2 | loss: 0.5120649 | speed: 0.0319s/iter; left: 128s
Epoch: 2, Steps: 142 | Train: 0.5971827 Vali: 0.5742981 Test: 0.2700453
Validation loss decreased (0.643917 --> 0.574298).  Saving model ...
Updating learning rate to 0.005
    iters: 100, epoch: 3 | loss: 0.5060933 | speed: 0.0313s/iter; left: 121s
Epoch: 3, Steps: 142 | Train: 0.5672185 Vali: 0.5643953 Test: 0.2665295
Validation loss decreased (0.574298 --> 0.564395).  Saving model ...
Updating learning rate to 0.005
    iters: 100, epoch: 4 | loss: 0.6174098 | speed: 0.0305s/iter; left: 114s
Epoch: 4, Steps: 142 | Train: 0.5580697 Vali: 0.5621807 Test: 0.2645147
Validation loss decreased (0.564395 --> 0.562181).  Saving model ...
Updating learning rate to 0.004
    iters: 100, epoch: 5 | loss: 0.5360571 | speed: 0.0305s/iter; left: 110s
Epoch: 5, Steps: 142 | Train: 0.5516664 Vali: 0.5558506 Test: 0.2632341
Validation loss decreased (0.562181 --> 0.555851).  Saving model ...
Updating learning rate to 0.0032000000000000006
    iters: 100, epoch: 6 | loss: 0.5690973 | speed: 0.0327s/iter; left: 113s
Epoch: 6, Steps: 142 | Train: 0.5464979 Vali: 0.5545180 Test: 0.2621736
Validation loss decreased (0.555851 --> 0.554518).  Saving model ...
Updating learning rate to 0.0025600000000000006
    iters: 100, epoch: 7 | loss: 0.5477577 | speed: 0.0324s/iter; left: 107s
Epoch: 7, Steps: 142 | Train: 0.5434490 Vali: 0.5538478 Test: 0.2624678
Validation loss decreased (0.554518 --> 0.553848).  Saving model ...
Updating learning rate to 0.0020480000000000003
    iters: 100, epoch: 8 | loss: 0.6054498 | speed: 0.0302s/iter; left: 96s
Epoch: 8, Steps: 142 | Train: 0.5407164 Vali: 0.5491466 Test: 0.2620683
Validation loss decreased (0.553848 --> 0.549147).  Saving model ...
Updating learning rate to 0.0016384000000000004
    iters: 100, epoch: 9 | loss: 0.5280169 | speed: 0.0325s/iter; left: 98s
Epoch: 9, Steps: 142 | Train: 0.5389021 Vali: 0.5512681 Test: 0.2614131
EarlyStopping counter: 1 out of 15
Updating learning rate to 0.0013107200000000005
    iters: 100, epoch: 10 | loss: 0.4636849 | speed: 0.0316s/iter; left: 91s
Epoch: 10, Steps: 142 | Train: 0.5372146 Vali: 0.5492366 Test: 0.2617204
EarlyStopping counter: 2 out of 15
Updating learning rate to 0.0010485760000000005
    iters: 100, epoch: 11 | loss: 0.4723375 | speed: 0.0307s/iter; left: 84s
Epoch: 11, Steps: 142 | Train: 0.5354789 Vali: 0.5493475 Test: 0.2613950
EarlyStopping counter: 3 out of 15
Updating learning rate to 0.0008388608000000005
    iters: 100, epoch: 12 | loss: 0.6577489 | speed: 0.0303s/iter; left: 79s
Epoch: 12, Steps: 142 | Train: 0.5338982 Vali: 0.5489024 Test: 0.2619116
Validation loss decreased (0.549147 --> 0.548902).  Saving model ...
Updating learning rate to 0.0006710886400000003
    iters: 100, epoch: 13 | loss: 0.5187965 | speed: 0.0328s/iter; left: 81s
Epoch: 13, Steps: 142 | Train: 0.5330931 Vali: 0.5489255 Test: 0.2613464
EarlyStopping counter: 1 out of 15
Updating learning rate to 0.0005368709120000003
    iters: 100, epoch: 14 | loss: 0.6105059 | speed: 0.0319s/iter; left: 74s
Epoch: 14, Steps: 142 | Train: 0.5323389 Vali: 0.5487694 Test: 0.2615608
Validation loss decreased (0.548902 --> 0.548769).  Saving model ...
Updating learning rate to 0.0004294967296000003
    iters: 100, epoch: 15 | loss: 0.6448688 | speed: 0.0308s/iter; left: 67s
Epoch: 15, Steps: 142 | Train: 0.5310454 Vali: 0.5458610 Test: 0.2614036
Validation loss decreased (0.548769 --> 0.545861).  Saving model ...
Updating learning rate to 0.0003435973836800002
    iters: 100, epoch: 16 | loss: 0.4750929 | speed: 0.0315s/iter; left: 64s
Epoch: 16, Steps: 142 | Train: 0.5311872 Vali: 0.5468972 Test: 0.2617132
EarlyStopping counter: 1 out of 15
Updating learning rate to 0.0002748779069440002
    iters: 100, epoch: 17 | loss: 0.4803820 | speed: 0.0332s/iter; left: 63s
Epoch: 17, Steps: 142 | Train: 0.5307188 Vali: 0.5450223 Test: 0.2613709
Validation loss decreased (0.545861 --> 0.545022).  Saving model ...
Updating learning rate to 0.00021990232555520019
    iters: 100, epoch: 18 | loss: 0.5424455 | speed: 0.0300s/iter; left: 52s
Epoch: 18, Steps: 142 | Train: 0.5300547 Vali: 0.5449286 Test: 0.2613054
Validation loss decreased (0.545022 --> 0.544929).  Saving model ...
Updating learning rate to 0.00017592186044416015
    iters: 100, epoch: 19 | loss: 0.5077065 | speed: 0.0317s/iter; left: 51s
Epoch: 19, Steps: 142 | Train: 0.5295468 Vali: 0.5428748 Test: 0.2615083
Validation loss decreased (0.544929 --> 0.542875).  Saving model ...
Updating learning rate to 0.00014073748835532812
    iters: 100, epoch: 20 | loss: 0.5382473 | speed: 0.0296s/iter; left: 43s
Epoch: 20, Steps: 142 | Train: 0.5292661 Vali: 0.5447836 Test: 0.2614846
EarlyStopping counter: 1 out of 15
Updating learning rate to 0.00011258999068426252
    iters: 100, epoch: 21 | loss: 0.5514054 | speed: 0.0302s/iter; left: 40s
Epoch: 21, Steps: 142 | Train: 0.5288765 Vali: 0.5433330 Test: 0.2610675
EarlyStopping counter: 2 out of 15
Updating learning rate to 9.007199254741001e-05
    iters: 100, epoch: 22 | loss: 0.5316567 | speed: 0.0306s/iter; left: 36s
Epoch: 22, Steps: 142 | Train: 0.5289981 Vali: 0.5440688 Test: 0.2612946
EarlyStopping counter: 3 out of 15
Updating learning rate to 7.205759403792801e-05
    iters: 100, epoch: 23 | loss: 0.4490667 | speed: 0.0303s/iter; left: 31s
Epoch: 23, Steps: 142 | Train: 0.5289505 Vali: 0.5434442 Test: 0.2613687
EarlyStopping counter: 4 out of 15
Updating learning rate to 5.764607523034242e-05
    iters: 100, epoch: 24 | loss: 0.6197858 | speed: 0.0310s/iter; left: 28s
Epoch: 24, Steps: 142 | Train: 0.5289713 Vali: 0.5456632 Test: 0.2612967
EarlyStopping counter: 5 out of 15
Updating learning rate to 4.611686018427394e-05
    iters: 100, epoch: 25 | loss: 0.4880618 | speed: 0.0322s/iter; left: 24s
Epoch: 25, Steps: 142 | Train: 0.5286157 Vali: 0.5453065 Test: 0.2614278
EarlyStopping counter: 6 out of 15
Updating learning rate to 3.689348814741915e-05
    iters: 100, epoch: 26 | loss: 0.6159279 | speed: 0.0316s/iter; left: 19s
Epoch: 26, Steps: 142 | Train: 0.5287534 Vali: 0.5444501 Test: 0.2611702
EarlyStopping counter: 7 out of 15
Updating learning rate to 2.951479051793532e-05
    iters: 100, epoch: 27 | loss: 0.5533305 | speed: 0.0314s/iter; left: 15s
Epoch: 27, Steps: 142 | Train: 0.5281793 Vali: 0.5460023 Test: 0.2613166
EarlyStopping counter: 8 out of 15
Updating learning rate to 2.361183241434826e-05
    iters: 100, epoch: 28 | loss: 0.6109255 | speed: 0.0303s/iter; left: 10s
Epoch: 28, Steps: 142 | Train: 0.5281988 Vali: 0.5434042 Test: 0.2613514
EarlyStopping counter: 9 out of 15
Updating learning rate to 1.888946593147861e-05
    iters: 100, epoch: 29 | loss: 0.5318843 | speed: 0.0300s/iter; left: 6s
Epoch: 29, Steps: 142 | Train: 0.5283115 Vali: 0.5438583 Test: 0.2613122
EarlyStopping counter: 10 out of 15
Updating learning rate to 1.5111572745182888e-05
    iters: 100, epoch: 30 | loss: 0.5580727 | speed: 0.0315s/iter; left: 1s
Epoch: 30, Steps: 142 | Train: 0.5282660 Vali: 0.5454098 Test: 0.2613240
EarlyStopping counter: 11 out of 15
Updating learning rate to 1.208925819614631e-05
STAGE 1 RESULT: mse=0.2615, mae=0.2899, smape=65.8909

============================================================
STAGE 2: Load MRT + add Freq branch (frozen backbone/MRT/cycle, max_epochs=3, patience=3)
============================================================
train 36456
val 4935
test 10204
Loaded 10 params from stage1, 0 new (Freq branch)
Trainable: 1,030 / 226,339 (0.5%)  freeze_backbone=1
    iters: 100, epoch: 1 | loss: 1.1717658 | speed: 0.0328s/iter; left: 11s
Epoch: 1, Train: 1.2499208 Vali: 0.5452077
[diag s2-1]  freq.rs=-0.0135 mask.mean=0.438 mask.std=0.141  mrt.rs=+0.8122
Validation loss decreased (inf --> 0.545208).  Saving model ...
    iters: 100, epoch: 2 | loss: 1.3940709 | speed: 0.0295s/iter; left: 5s
Epoch: 2, Train: 1.2498669 Vali: 0.5455301
[diag s2-2]  freq.rs=-0.0223 mask.mean=0.439 mask.std=0.141  mrt.rs=+0.8122
EarlyStopping counter: 1 out of 3
    iters: 100, epoch: 3 | loss: 1.1389549 | speed: 0.0273s/iter; left: 1s
Epoch: 3, Train: 1.2496970 Vali: 0.5444966
[diag s2-3]  freq.rs=-0.0287 mask.mean=0.439 mask.std=0.141  mrt.rs=+0.8122
Validation loss decreased (0.545208 --> 0.544497).  Saving model ...
STAGE 2 complete.

============================================================
SKIPPING Stage 3a (--no_stage3a): Stage 2 -> Stage 3b directly
============================================================

============================================================
STAGE 3b: Unfreeze all, group-wise LR (base=0.001500, max_epochs=20, patience=10) (pure MSE)
  LR groups: freq/gate ×0.67, model ×0.33, mrt/cycle ×0.10
============================================================
train 36456
val 4935
test 10204
Loaded stage3a checkpoint, unfreezing all parameters.
  Group freq/gate: 1,030 params, LR=0.001005
  Group model: 222,032 params, LR=0.000495
  Group mrt/cycle: 3,277 params, LR=0.000150
    iters: 100, epoch: 1 | loss: 0.5561588 | speed: 0.0294s/iter; left: 81s
Epoch: 1, Steps: 142 | Train: 0.5293975 Vali: 0.5437929 Test: 0.2611547
[diag 3b-1]  freq.rs=-0.0245 mask.mean=0.439 mask.std=0.141  mrt.rs=+0.8122
Validation loss decreased (inf --> 0.543793).  Saving model ...
Updating learning rate to 0.005
    iters: 100, epoch: 2 | loss: 0.5656227 | speed: 0.0337s/iter; left: 88s
Epoch: 2, Steps: 142 | Train: 0.5370747 Vali: 0.5467472 Test: 0.2637535
[diag 3b-2]  freq.rs=-0.1772 mask.mean=0.434 mask.std=0.151  mrt.rs=+0.8172
EarlyStopping counter: 1 out of 10
Updating learning rate to 0.005
    iters: 100, epoch: 3 | loss: 0.5414618 | speed: 0.0334s/iter; left: 82s
Epoch: 3, Steps: 142 | Train: 0.5332689 Vali: 0.5432169 Test: 0.2605179
[diag 3b-3]  freq.rs=-0.3933 mask.mean=0.426 mask.std=0.180  mrt.rs=+0.8225
Validation loss decreased (0.543793 --> 0.543217).  Saving model ...
Updating learning rate to 0.005
    iters: 100, epoch: 4 | loss: 0.5283992 | speed: 0.0324s/iter; left: 75s
Epoch: 4, Steps: 142 | Train: 0.5298052 Vali: 0.5435652 Test: 0.2614422
[diag 3b-4]  freq.rs=-0.6082 mask.mean=0.417 mask.std=0.204  mrt.rs=+0.8173
EarlyStopping counter: 1 out of 10
Updating learning rate to 0.004
    iters: 100, epoch: 5 | loss: 0.4998261 | speed: 0.0314s/iter; left: 68s
Epoch: 5, Steps: 142 | Train: 0.5262394 Vali: 0.5421351 Test: 0.2616332
[diag 3b-5]  freq.rs=-0.7181 mask.mean=0.412 mask.std=0.216  mrt.rs=+0.8124
Validation loss decreased (0.543217 --> 0.542135).  Saving model ...
Updating learning rate to 0.0032000000000000006
    iters: 100, epoch: 6 | loss: 0.4726354 | speed: 0.0322s/iter; left: 65s
Epoch: 6, Steps: 142 | Train: 0.5231102 Vali: 0.5422465 Test: 0.2620250
[diag 3b-6]  freq.rs=-0.7845 mask.mean=0.409 mask.std=0.223  mrt.rs=+0.8121
EarlyStopping counter: 1 out of 10
Updating learning rate to 0.0025600000000000006
    iters: 100, epoch: 7 | loss: 0.4695024 | speed: 0.0324s/iter; left: 61s
Epoch: 7, Steps: 142 | Train: 0.5205196 Vali: 0.5438394 Test: 0.2631287
[diag 3b-7]  freq.rs=-0.8081 mask.mean=0.406 mask.std=0.227  mrt.rs=+0.8154
EarlyStopping counter: 2 out of 10
Updating learning rate to 0.0020480000000000003
    iters: 100, epoch: 8 | loss: 0.5141624 | speed: 0.0310s/iter; left: 54s
Epoch: 8, Steps: 142 | Train: 0.5174369 Vali: 0.5434266 Test: 0.2629866
[diag 3b-8]  freq.rs=-0.8184 mask.mean=0.405 mask.std=0.230  mrt.rs=+0.8197
EarlyStopping counter: 3 out of 10
Updating learning rate to 0.0016384000000000004
    iters: 100, epoch: 9 | loss: 0.4274907 | speed: 0.0333s/iter; left: 53s
Epoch: 9, Steps: 142 | Train: 0.5148926 Vali: 0.5415071 Test: 0.2638775
[diag 3b-9]  freq.rs=-0.8263 mask.mean=0.404 mask.std=0.232  mrt.rs=+0.8242
Validation loss decreased (0.542135 --> 0.541507).  Saving model ...
Updating learning rate to 0.0013107200000000005
    iters: 100, epoch: 10 | loss: 0.4227354 | speed: 0.0314s/iter; left: 46s
Epoch: 10, Steps: 142 | Train: 0.5135016 Vali: 0.5446050 Test: 0.2648104
[diag 3b-10]  freq.rs=-0.8326 mask.mean=0.403 mask.std=0.234  mrt.rs=+0.8259
EarlyStopping counter: 1 out of 10
Updating learning rate to 0.0010485760000000005
    iters: 100, epoch: 11 | loss: 0.5020114 | speed: 0.0325s/iter; left: 43s
Epoch: 11, Steps: 142 | Train: 0.5125871 Vali: 0.5456973 Test: 0.2639845
[diag 3b-11]  freq.rs=-0.8310 mask.mean=0.402 mask.std=0.236  mrt.rs=+0.8329
EarlyStopping counter: 2 out of 10
Updating learning rate to 0.0008388608000000005
    iters: 100, epoch: 12 | loss: 0.5144281 | speed: 0.0300s/iter; left: 35s
Epoch: 12, Steps: 142 | Train: 0.5111805 Vali: 0.5442409 Test: 0.2638820
[diag 3b-12]  freq.rs=-0.8324 mask.mean=0.402 mask.std=0.237  mrt.rs=+0.8319
EarlyStopping counter: 3 out of 10
Updating learning rate to 0.0006710886400000003
    iters: 100, epoch: 13 | loss: 0.6251946 | speed: 0.0333s/iter; left: 35s
Epoch: 13, Steps: 142 | Train: 0.5100346 Vali: 0.5460552 Test: 0.2647191
[diag 3b-13]  freq.rs=-0.8320 mask.mean=0.401 mask.std=0.238  mrt.rs=+0.8357
EarlyStopping counter: 4 out of 10
Updating learning rate to 0.0005368709120000003
    iters: 100, epoch: 14 | loss: 0.4952236 | speed: 0.0326s/iter; left: 29s
Epoch: 14, Steps: 142 | Train: 0.5088191 Vali: 0.5453647 Test: 0.2645829
[diag 3b-14]  freq.rs=-0.8324 mask.mean=0.401 mask.std=0.238  mrt.rs=+0.8384
EarlyStopping counter: 5 out of 10
Updating learning rate to 0.0004294967296000003
    iters: 100, epoch: 15 | loss: 0.4302787 | speed: 0.0325s/iter; left: 24s
Epoch: 15, Steps: 142 | Train: 0.5086782 Vali: 0.5443293 Test: 0.2645576
[diag 3b-15]  freq.rs=-0.8309 mask.mean=0.401 mask.std=0.239  mrt.rs=+0.8401
EarlyStopping counter: 6 out of 10
Updating learning rate to 0.0003435973836800002
    iters: 100, epoch: 16 | loss: 0.5837499 | speed: 0.0330s/iter; left: 20s
Epoch: 16, Steps: 142 | Train: 0.5080150 Vali: 0.5457295 Test: 0.2642680
[diag 3b-16]  freq.rs=-0.8312 mask.mean=0.401 mask.std=0.239  mrt.rs=+0.8411
EarlyStopping counter: 7 out of 10
Updating learning rate to 0.0002748779069440002
    iters: 100, epoch: 17 | loss: 0.4862846 | speed: 0.0323s/iter; left: 15s
Epoch: 17, Steps: 142 | Train: 0.5071125 Vali: 0.5466163 Test: 0.2647411
[diag 3b-17]  freq.rs=-0.8310 mask.mean=0.401 mask.std=0.240  mrt.rs=+0.8435
EarlyStopping counter: 8 out of 10
Updating learning rate to 0.00021990232555520019
    iters: 100, epoch: 18 | loss: 0.5877921 | speed: 0.0354s/iter; left: 12s
Epoch: 18, Steps: 142 | Train: 0.5069716 Vali: 0.5471451 Test: 0.2650604
[diag 3b-18]  freq.rs=-0.8310 mask.mean=0.401 mask.std=0.240  mrt.rs=+0.8443
EarlyStopping counter: 9 out of 10
Updating learning rate to 0.00017592186044416015
    iters: 100, epoch: 19 | loss: 0.5464471 | speed: 0.0344s/iter; left: 6s
Epoch: 19, Steps: 142 | Train: 0.5069842 Vali: 0.5455620 Test: 0.2650480
[diag 3b-19]  freq.rs=-0.8304 mask.mean=0.400 mask.std=0.240  mrt.rs=+0.8457
EarlyStopping counter: 10 out of 10
Early stopping at epoch 19

============================================================
FINAL RESULT (Stage 3b): mse=0.2639, mae=0.2920, smape=66.2519
============================================================
[diag 3b-final]  freq.rs=-0.8263 mask.mean=0.404 mask.std=0.232  mrt.rs=+0.8242
