============================================================
CONFIGURATION
============================================================
Device     : cuda:0
Dataset    : weather
Pred len   : 336
Seed       : 2024

--- Data ---
enc_in     : 21
seq_len    : 96
cycle      : 144
use_revin  : 1
batch_size : 256

--- Model ---
model_type : mlp
d_model    : 512
mrt_layers : 1
freq_layers: 0
fusion     : mode=serial, gate=0, sparsity=0.0

--- Training ---
base_lr    : 0.005
Stage1     : epochs=30, patience=15
Stage2     : epochs=3, patience=3, freeze_backbone=1
Stage3     : SKIPPED (stage2_only)
============================================================

============================================================
STAGE 1: Train MRT only (freq_layers=0)
============================================================
train 36456
val 4935
test 10204
    iters: 100, epoch: 1 | loss: 0.6556793 | speed: 0.0392s/iter; left: 163s
Epoch: 1, Steps: 142 | Train: 0.6707283 Vali: 0.6439173 Test: 0.2951865
Validation loss decreased (inf --> 0.643917).  Saving model ...
Updating learning rate to 0.005
    iters: 100, epoch: 2 | loss: 0.5120831 | speed: 0.0307s/iter; left: 124s
Epoch: 2, Steps: 142 | Train: 0.5971850 Vali: 0.5743148 Test: 0.2700475
Validation loss decreased (0.643917 --> 0.574315).  Saving model ...
Updating learning rate to 0.005
    iters: 100, epoch: 3 | loss: 0.5061368 | speed: 0.0290s/iter; left: 113s
Epoch: 3, Steps: 142 | Train: 0.5671793 Vali: 0.5643687 Test: 0.2666593
Validation loss decreased (0.574315 --> 0.564369).  Saving model ...
Updating learning rate to 0.005
    iters: 100, epoch: 4 | loss: 0.6178527 | speed: 0.0280s/iter; left: 105s
Epoch: 4, Steps: 142 | Train: 0.5579054 Vali: 0.5624935 Test: 0.2645379
Validation loss decreased (0.564369 --> 0.562493).  Saving model ...
Updating learning rate to 0.004
    iters: 100, epoch: 5 | loss: 0.5365952 | speed: 0.0281s/iter; left: 101s
Epoch: 5, Steps: 142 | Train: 0.5518697 Vali: 0.5556224 Test: 0.2632244
Validation loss decreased (0.562493 --> 0.555622).  Saving model ...
Updating learning rate to 0.0032000000000000006
    iters: 100, epoch: 6 | loss: 0.5691953 | speed: 0.0280s/iter; left: 97s
Epoch: 6, Steps: 142 | Train: 0.5464772 Vali: 0.5547306 Test: 0.2622012
Validation loss decreased (0.555622 --> 0.554731).  Saving model ...
Updating learning rate to 0.0025600000000000006
    iters: 100, epoch: 7 | loss: 0.5475073 | speed: 0.0298s/iter; left: 99s
Epoch: 7, Steps: 142 | Train: 0.5435116 Vali: 0.5541483 Test: 0.2625412
Validation loss decreased (0.554731 --> 0.554148).  Saving model ...
Updating learning rate to 0.0020480000000000003
    iters: 100, epoch: 8 | loss: 0.6051445 | speed: 0.0334s/iter; left: 106s
Epoch: 8, Steps: 142 | Train: 0.5408421 Vali: 0.5494615 Test: 0.2622381
Validation loss decreased (0.554148 --> 0.549462).  Saving model ...
Updating learning rate to 0.0016384000000000004
    iters: 100, epoch: 9 | loss: 0.5280743 | speed: 0.0286s/iter; left: 87s
Epoch: 9, Steps: 142 | Train: 0.5389966 Vali: 0.5514349 Test: 0.2614938
EarlyStopping counter: 1 out of 15
Updating learning rate to 0.0013107200000000005
    iters: 100, epoch: 10 | loss: 0.4635930 | speed: 0.0275s/iter; left: 79s
Epoch: 10, Steps: 142 | Train: 0.5373055 Vali: 0.5496956 Test: 0.2618337
EarlyStopping counter: 2 out of 15
Updating learning rate to 0.0010485760000000005
    iters: 100, epoch: 11 | loss: 0.4726405 | speed: 0.0295s/iter; left: 81s
Epoch: 11, Steps: 142 | Train: 0.5355387 Vali: 0.5495723 Test: 0.2612914
EarlyStopping counter: 3 out of 15
Updating learning rate to 0.0008388608000000005
    iters: 100, epoch: 12 | loss: 0.6579049 | speed: 0.0281s/iter; left: 73s
Epoch: 12, Steps: 142 | Train: 0.5339071 Vali: 0.5492276 Test: 0.2618733
Validation loss decreased (0.549462 --> 0.549228).  Saving model ...
Updating learning rate to 0.0006710886400000003
    iters: 100, epoch: 13 | loss: 0.5194383 | speed: 0.0317s/iter; left: 78s
Epoch: 13, Steps: 142 | Train: 0.5331078 Vali: 0.5492996 Test: 0.2613549
EarlyStopping counter: 1 out of 15
Updating learning rate to 0.0005368709120000003
    iters: 100, epoch: 14 | loss: 0.6100976 | speed: 0.0288s/iter; left: 67s
Epoch: 14, Steps: 142 | Train: 0.5323536 Vali: 0.5492185 Test: 0.2615067
Validation loss decreased (0.549228 --> 0.549219).  Saving model ...
Updating learning rate to 0.0004294967296000003
    iters: 100, epoch: 15 | loss: 0.6447896 | speed: 0.0290s/iter; left: 63s
Epoch: 15, Steps: 142 | Train: 0.5310478 Vali: 0.5463311 Test: 0.2613901
Validation loss decreased (0.549219 --> 0.546331).  Saving model ...
Updating learning rate to 0.0003435973836800002
    iters: 100, epoch: 16 | loss: 0.4749529 | speed: 0.0287s/iter; left: 58s
Epoch: 16, Steps: 142 | Train: 0.5311852 Vali: 0.5473679 Test: 0.2617326
EarlyStopping counter: 1 out of 15
Updating learning rate to 0.0002748779069440002
    iters: 100, epoch: 17 | loss: 0.4801813 | speed: 0.0291s/iter; left: 55s
Epoch: 17, Steps: 142 | Train: 0.5307122 Vali: 0.5454740 Test: 0.2613767
Validation loss decreased (0.546331 --> 0.545474).  Saving model ...
Updating learning rate to 0.00021990232555520019
    iters: 100, epoch: 18 | loss: 0.5425016 | speed: 0.0300s/iter; left: 52s
Epoch: 18, Steps: 142 | Train: 0.5300496 Vali: 0.5453917 Test: 0.2612803
Validation loss decreased (0.545474 --> 0.545392).  Saving model ...
Updating learning rate to 0.00017592186044416015
    iters: 100, epoch: 19 | loss: 0.5079553 | speed: 0.0302s/iter; left: 48s
Epoch: 19, Steps: 142 | Train: 0.5295322 Vali: 0.5433278 Test: 0.2614798
Validation loss decreased (0.545392 --> 0.543328).  Saving model ...
Updating learning rate to 0.00014073748835532812
    iters: 100, epoch: 20 | loss: 0.5380632 | speed: 0.0294s/iter; left: 43s
Epoch: 20, Steps: 142 | Train: 0.5292350 Vali: 0.5452423 Test: 0.2614802
EarlyStopping counter: 1 out of 15
Updating learning rate to 0.00011258999068426252
    iters: 100, epoch: 21 | loss: 0.5505914 | speed: 0.0287s/iter; left: 38s
Epoch: 21, Steps: 142 | Train: 0.5288465 Vali: 0.5438004 Test: 0.2610520
EarlyStopping counter: 2 out of 15
Updating learning rate to 9.007199254741001e-05
    iters: 100, epoch: 22 | loss: 0.5316967 | speed: 0.0289s/iter; left: 34s
Epoch: 22, Steps: 142 | Train: 0.5289652 Vali: 0.5445562 Test: 0.2612768
EarlyStopping counter: 3 out of 15
Updating learning rate to 7.205759403792801e-05
    iters: 100, epoch: 23 | loss: 0.4485655 | speed: 0.0341s/iter; left: 35s
Epoch: 23, Steps: 142 | Train: 0.5289125 Vali: 0.5439435 Test: 0.2613431
EarlyStopping counter: 4 out of 15
Updating learning rate to 5.764607523034242e-05
    iters: 100, epoch: 24 | loss: 0.6194402 | speed: 0.0306s/iter; left: 27s
Epoch: 24, Steps: 142 | Train: 0.5289361 Vali: 0.5461634 Test: 0.2612555
EarlyStopping counter: 5 out of 15
Updating learning rate to 4.611686018427394e-05
    iters: 100, epoch: 25 | loss: 0.4880049 | speed: 0.0293s/iter; left: 22s
Epoch: 25, Steps: 142 | Train: 0.5285771 Vali: 0.5457949 Test: 0.2613976
EarlyStopping counter: 6 out of 15
Updating learning rate to 3.689348814741915e-05
    iters: 100, epoch: 26 | loss: 0.6156954 | speed: 0.0294s/iter; left: 18s
Epoch: 26, Steps: 142 | Train: 0.5287120 Vali: 0.5449317 Test: 0.2611348
EarlyStopping counter: 7 out of 15
Updating learning rate to 2.951479051793532e-05
    iters: 100, epoch: 27 | loss: 0.5535106 | speed: 0.0295s/iter; left: 14s
Epoch: 27, Steps: 142 | Train: 0.5281360 Vali: 0.5464990 Test: 0.2612870
EarlyStopping counter: 8 out of 15
Updating learning rate to 2.361183241434826e-05
    iters: 100, epoch: 28 | loss: 0.6112103 | speed: 0.0344s/iter; left: 11s
Epoch: 28, Steps: 142 | Train: 0.5281557 Vali: 0.5438831 Test: 0.2613231
EarlyStopping counter: 9 out of 15
Updating learning rate to 1.888946593147861e-05
    iters: 100, epoch: 29 | loss: 0.5319583 | speed: 0.0322s/iter; left: 6s
Epoch: 29, Steps: 142 | Train: 0.5282642 Vali: 0.5443757 Test: 0.2612820
EarlyStopping counter: 10 out of 15
Updating learning rate to 1.5111572745182888e-05
    iters: 100, epoch: 30 | loss: 0.5583853 | speed: 0.0278s/iter; left: 1s
Epoch: 30, Steps: 142 | Train: 0.5282213 Vali: 0.5459027 Test: 0.2612901
EarlyStopping counter: 11 out of 15
Updating learning rate to 1.208925819614631e-05
STAGE 1 RESULT: mse=0.2614, mae=0.2897, smape=65.8630

============================================================
STAGE 2: Load MRT + add Freq branch (frozen backbone/MRT/cycle, max_epochs=3, patience=3)
============================================================
train 36456
val 4935
test 10204
Loaded 10 params from stage1, 0 new (Freq branch)
Trainable: 1,030 / 226,339 (0.5%)  freeze_backbone=1
    iters: 100, epoch: 1 | loss: 0.4770223 | speed: 0.0272s/iter; left: 9s
Epoch: 1, Train: 0.5291080 Vali: 0.5456596
[diag s2-1]  freq.rs=+0.0051 mask.mean=0.438 mask.std=0.141  mrt.rs=+0.8217
Validation loss decreased (inf --> 0.545660).  Saving model ...
    iters: 100, epoch: 2 | loss: 0.6728336 | speed: 0.0266s/iter; left: 5s
Epoch: 2, Train: 0.5288566 Vali: 0.5459472
[diag s2-2]  freq.rs=+0.0086 mask.mean=0.438 mask.std=0.141  mrt.rs=+0.8217
EarlyStopping counter: 1 out of 3
    iters: 100, epoch: 3 | loss: 0.4286475 | speed: 0.0273s/iter; left: 1s
Epoch: 3, Train: 0.5288731 Vali: 0.5449217
[diag s2-3]  freq.rs=+0.0114 mask.mean=0.438 mask.std=0.141  mrt.rs=+0.8217
Validation loss decreased (0.545660 --> 0.544922).  Saving model ...
STAGE 2 complete.

============================================================
STAGE 2 ONLY: Testing from Stage 2 checkpoint
============================================================
train 36456
val 4935
test 10204
[diag stage2-final]  freq.rs=+0.0114 mask.mean=0.438 mask.std=0.141  mrt.rs=+0.8217

============================================================
FINAL RESULT (Stage 2 only): mse=0.2615, mae=0.2897, smape=65.8776
============================================================
