============================================================
CONFIGURATION
============================================================
Device     : cuda:0
Dataset    : weather
Pred len   : 192
Seed       : 2024

--- Data ---
enc_in     : 21
seq_len    : 96
cycle      : 144
use_revin  : 1
batch_size : 256

--- Model ---
model_type : mlp
d_model    : 512
mrt_layers : 1
freq_layers: 0
fusion     : mode=serial, gate=0, sparsity=0.0

--- Training ---
base_lr    : 0.005
Stage1     : epochs=30, patience=15
Stage2     : epochs=3, patience=3, freeze_backbone=0
Stage3     : SKIPPED (stage2_only)
============================================================

============================================================
STAGE 1: Train MRT only (freq_layers=0)
============================================================
train 36600
val 5079
test 10348
    iters: 100, epoch: 1 | loss: 0.6108654 | speed: 0.0392s/iter; left: 163s
Epoch: 1, Steps: 142 | Train: 0.6027733 Vali: 0.5600999 Test: 0.2426417
Validation loss decreased (inf --> 0.560100).  Saving model ...
Updating learning rate to 0.005
    iters: 100, epoch: 2 | loss: 0.5058313 | speed: 0.0282s/iter; left: 113s
Epoch: 2, Steps: 142 | Train: 0.5282347 Vali: 0.4896641 Test: 0.2138579
Validation loss decreased (0.560100 --> 0.489664).  Saving model ...
Updating learning rate to 0.005
    iters: 100, epoch: 3 | loss: 0.4625067 | speed: 0.0297s/iter; left: 115s
Epoch: 3, Steps: 142 | Train: 0.4977394 Vali: 0.4817795 Test: 0.2078442
Validation loss decreased (0.489664 --> 0.481780).  Saving model ...
Updating learning rate to 0.005
    iters: 100, epoch: 4 | loss: 0.4328152 | speed: 0.0284s/iter; left: 106s
Epoch: 4, Steps: 142 | Train: 0.4890995 Vali: 0.4753869 Test: 0.2063320
Validation loss decreased (0.481780 --> 0.475387).  Saving model ...
Updating learning rate to 0.004
    iters: 100, epoch: 5 | loss: 0.4432053 | speed: 0.0285s/iter; left: 102s
Epoch: 5, Steps: 142 | Train: 0.4809455 Vali: 0.4753099 Test: 0.2049050
Validation loss decreased (0.475387 --> 0.475310).  Saving model ...
Updating learning rate to 0.0032000000000000006
    iters: 100, epoch: 6 | loss: 0.5139811 | speed: 0.0266s/iter; left: 92s
Epoch: 6, Steps: 142 | Train: 0.4779523 Vali: 0.4733238 Test: 0.2044048
Validation loss decreased (0.475310 --> 0.473324).  Saving model ...
Updating learning rate to 0.0025600000000000006
    iters: 100, epoch: 7 | loss: 0.4560955 | speed: 0.0281s/iter; left: 93s
Epoch: 7, Steps: 142 | Train: 0.4751272 Vali: 0.4682079 Test: 0.2052696
Validation loss decreased (0.473324 --> 0.468208).  Saving model ...
Updating learning rate to 0.0020480000000000003
    iters: 100, epoch: 8 | loss: 0.4208147 | speed: 0.0281s/iter; left: 89s
Epoch: 8, Steps: 142 | Train: 0.4728618 Vali: 0.4719023 Test: 0.2030176
EarlyStopping counter: 1 out of 15
Updating learning rate to 0.0016384000000000004
    iters: 100, epoch: 9 | loss: 0.6109167 | speed: 0.0309s/iter; left: 94s
Epoch: 9, Steps: 142 | Train: 0.4705220 Vali: 0.4674238 Test: 0.2034524
Validation loss decreased (0.468208 --> 0.467424).  Saving model ...
Updating learning rate to 0.0013107200000000005
    iters: 100, epoch: 10 | loss: 0.5160068 | speed: 0.0292s/iter; left: 84s
Epoch: 10, Steps: 142 | Train: 0.4685464 Vali: 0.4616062 Test: 0.2025186
Validation loss decreased (0.467424 --> 0.461606).  Saving model ...
Updating learning rate to 0.0010485760000000005
    iters: 100, epoch: 11 | loss: 0.4609691 | speed: 0.0274s/iter; left: 75s
Epoch: 11, Steps: 142 | Train: 0.4673377 Vali: 0.4627507 Test: 0.2031163
EarlyStopping counter: 1 out of 15
Updating learning rate to 0.0008388608000000005
    iters: 100, epoch: 12 | loss: 0.5258770 | speed: 0.0278s/iter; left: 72s
Epoch: 12, Steps: 142 | Train: 0.4659038 Vali: 0.4620026 Test: 0.2024915
EarlyStopping counter: 2 out of 15
Updating learning rate to 0.0006710886400000003
    iters: 100, epoch: 13 | loss: 0.4645842 | speed: 0.0280s/iter; left: 69s
Epoch: 13, Steps: 142 | Train: 0.4647044 Vali: 0.4575126 Test: 0.2032575
Validation loss decreased (0.461606 --> 0.457513).  Saving model ...
Updating learning rate to 0.0005368709120000003
    iters: 100, epoch: 14 | loss: 0.4078619 | speed: 0.0289s/iter; left: 67s
Epoch: 14, Steps: 142 | Train: 0.4647305 Vali: 0.4649408 Test: 0.2032841
EarlyStopping counter: 1 out of 15
Updating learning rate to 0.0004294967296000003
    iters: 100, epoch: 15 | loss: 0.5352905 | speed: 0.0281s/iter; left: 61s
Epoch: 15, Steps: 142 | Train: 0.4637817 Vali: 0.4593137 Test: 0.2032156
EarlyStopping counter: 2 out of 15
Updating learning rate to 0.0003435973836800002
    iters: 100, epoch: 16 | loss: 0.3646171 | speed: 0.0268s/iter; left: 54s
Epoch: 16, Steps: 142 | Train: 0.4625827 Vali: 0.4636335 Test: 0.2027609
EarlyStopping counter: 3 out of 15
Updating learning rate to 0.0002748779069440002
    iters: 100, epoch: 17 | loss: 0.5405144 | speed: 0.0282s/iter; left: 53s
Epoch: 17, Steps: 142 | Train: 0.4625744 Vali: 0.4589861 Test: 0.2027936
EarlyStopping counter: 4 out of 15
Updating learning rate to 0.00021990232555520019
    iters: 100, epoch: 18 | loss: 0.5626494 | speed: 0.0295s/iter; left: 52s
Epoch: 18, Steps: 142 | Train: 0.4621926 Vali: 0.4604047 Test: 0.2025253
EarlyStopping counter: 5 out of 15
Updating learning rate to 0.00017592186044416015
    iters: 100, epoch: 19 | loss: 0.5765762 | speed: 0.0302s/iter; left: 49s
Epoch: 19, Steps: 142 | Train: 0.4615546 Vali: 0.4637371 Test: 0.2030457
EarlyStopping counter: 6 out of 15
Updating learning rate to 0.00014073748835532812
    iters: 100, epoch: 20 | loss: 0.4198587 | speed: 0.0302s/iter; left: 44s
Epoch: 20, Steps: 142 | Train: 0.4606573 Vali: 0.4611537 Test: 0.2030494
EarlyStopping counter: 7 out of 15
Updating learning rate to 0.00011258999068426252
    iters: 100, epoch: 21 | loss: 0.3574706 | speed: 0.0291s/iter; left: 38s
Epoch: 21, Steps: 142 | Train: 0.4622351 Vali: 0.4619031 Test: 0.2029789
EarlyStopping counter: 8 out of 15
Updating learning rate to 9.007199254741001e-05
    iters: 100, epoch: 22 | loss: 0.4710650 | speed: 0.0283s/iter; left: 33s
Epoch: 22, Steps: 142 | Train: 0.4619375 Vali: 0.4601534 Test: 0.2027632
EarlyStopping counter: 9 out of 15
Updating learning rate to 7.205759403792801e-05
    iters: 100, epoch: 23 | loss: 0.5403759 | speed: 0.0294s/iter; left: 30s
Epoch: 23, Steps: 142 | Train: 0.4608672 Vali: 0.4609212 Test: 0.2025623
EarlyStopping counter: 10 out of 15
Updating learning rate to 5.764607523034242e-05
    iters: 100, epoch: 24 | loss: 0.4683567 | speed: 0.0295s/iter; left: 26s
Epoch: 24, Steps: 142 | Train: 0.4610104 Vali: 0.4590523 Test: 0.2027175
EarlyStopping counter: 11 out of 15
Updating learning rate to 4.611686018427394e-05
    iters: 100, epoch: 25 | loss: 0.3946810 | speed: 0.0266s/iter; left: 20s
Epoch: 25, Steps: 142 | Train: 0.4606705 Vali: 0.4618225 Test: 0.2027134
EarlyStopping counter: 12 out of 15
Updating learning rate to 3.689348814741915e-05
    iters: 100, epoch: 26 | loss: 0.4371899 | speed: 0.0283s/iter; left: 17s
Epoch: 26, Steps: 142 | Train: 0.4607013 Vali: 0.4619837 Test: 0.2027156
EarlyStopping counter: 13 out of 15
Updating learning rate to 2.951479051793532e-05
    iters: 100, epoch: 27 | loss: 0.5522449 | speed: 0.0299s/iter; left: 14s
Epoch: 27, Steps: 142 | Train: 0.4611424 Vali: 0.4580832 Test: 0.2026185
EarlyStopping counter: 14 out of 15
Updating learning rate to 2.361183241434826e-05
    iters: 100, epoch: 28 | loss: 0.5519630 | speed: 0.0294s/iter; left: 10s
Epoch: 28, Steps: 142 | Train: 0.4600256 Vali: 0.4604554 Test: 0.2026959
EarlyStopping counter: 15 out of 15
Early stopping at epoch 28
STAGE 1 RESULT: mse=0.2052, mae=0.2476, smape=60.3204

============================================================
STAGE 2: Load MRT + add Freq branch (frozen backbone/MRT/cycle, max_epochs=3, patience=3)
============================================================
train 36600
val 5079
test 10348
Loaded 10 params from stage1, 0 new (Freq branch)
Trainable: 149,190 / 152,467 (97.9%)  freeze_backbone=0
    iters: 100, epoch: 1 | loss: 1.0093808 | speed: 0.0291s/iter; left: 10s
Epoch: 1, Train: 0.9665047 Vali: 0.4640364
[diag s2-1]  freq.rs=-0.0037 mask.mean=0.438 mask.std=0.141  mrt.rs=+0.7544
Validation loss decreased (inf --> 0.464036).  Saving model ...
    iters: 100, epoch: 2 | loss: 0.9808326 | speed: 0.0264s/iter; left: 5s
Epoch: 2, Train: 0.9656085 Vali: 0.4622543
[diag s2-2]  freq.rs=-0.0019 mask.mean=0.438 mask.std=0.141  mrt.rs=+0.7544
Validation loss decreased (0.464036 --> 0.462254).  Saving model ...
    iters: 100, epoch: 3 | loss: 1.0173992 | speed: 0.0302s/iter; left: 1s
Epoch: 3, Train: 0.9650947 Vali: 0.4579636
[diag s2-3]  freq.rs=+0.0004 mask.mean=0.438 mask.std=0.141  mrt.rs=+0.7544
Validation loss decreased (0.462254 --> 0.457964).  Saving model ...
STAGE 2 complete.

============================================================
STAGE 2 ONLY: Testing from Stage 2 checkpoint
============================================================
train 36600
val 5079
test 10348
[diag stage2-final]  freq.rs=+0.0004 mask.mean=0.438 mask.std=0.141  mrt.rs=+0.7544

============================================================
FINAL RESULT (Stage 2 only): mse=0.2045, mae=0.2463, smape=60.0255
============================================================
