============================================================
CONFIGURATION
============================================================
Device     : cuda:0
Dataset    : weather
Pred len   : 192
Seed       : 2024

--- Data ---
enc_in     : 21
seq_len    : 96
cycle      : 144
use_revin  : 1
batch_size : 256

--- Model ---
model_type : mlp
d_model    : 512
mrt_layers : 1
freq_layers: 0
fusion     : mode=serial, gate=0, sparsity=0.0

--- Training ---
base_lr    : 0.005
Stage1     : epochs=30, patience=15
Stage2     : epochs=3, patience=3, freeze_backbone=1
Stage3 FreDF: False
Stage3a    : epochs=12, patience=6
Stage3b    : epochs=20, patience=10, freq×0.67 model×0.33 mrt×0.10
============================================================

============================================================
STAGE 1: Train MRT only (freq_layers=0)
============================================================
train 36600
val 5079
test 10348
    iters: 100, epoch: 1 | loss: 0.6108654 | speed: 0.0356s/iter; left: 148s
Epoch: 1, Steps: 142 | Train: 0.6027733 Vali: 0.5600999 Test: 0.2426417
Validation loss decreased (inf --> 0.560100).  Saving model ...
Updating learning rate to 0.005
    iters: 100, epoch: 2 | loss: 0.5058246 | speed: 0.0267s/iter; left: 107s
Epoch: 2, Steps: 142 | Train: 0.5282539 Vali: 0.4896591 Test: 0.2137589
Validation loss decreased (0.560100 --> 0.489659).  Saving model ...
Updating learning rate to 0.005
    iters: 100, epoch: 3 | loss: 0.4625513 | speed: 0.0263s/iter; left: 102s
Epoch: 3, Steps: 142 | Train: 0.4976853 Vali: 0.4820974 Test: 0.2077331
Validation loss decreased (0.489659 --> 0.482097).  Saving model ...
Updating learning rate to 0.005
    iters: 100, epoch: 4 | loss: 0.4329579 | speed: 0.0256s/iter; left: 96s
Epoch: 4, Steps: 142 | Train: 0.4890908 Vali: 0.4752617 Test: 0.2062482
Validation loss decreased (0.482097 --> 0.475262).  Saving model ...
Updating learning rate to 0.004
    iters: 100, epoch: 5 | loss: 0.4428235 | speed: 0.0284s/iter; left: 102s
Epoch: 5, Steps: 142 | Train: 0.4808236 Vali: 0.4757027 Test: 0.2049254
EarlyStopping counter: 1 out of 15
Updating learning rate to 0.0032000000000000006
    iters: 100, epoch: 6 | loss: 0.5135041 | speed: 0.0273s/iter; left: 94s
Epoch: 6, Steps: 142 | Train: 0.4777908 Vali: 0.4731331 Test: 0.2043497
Validation loss decreased (0.475262 --> 0.473133).  Saving model ...
Updating learning rate to 0.0025600000000000006
    iters: 100, epoch: 7 | loss: 0.4557228 | speed: 0.0248s/iter; left: 82s
Epoch: 7, Steps: 142 | Train: 0.4749617 Vali: 0.4679896 Test: 0.2052431
Validation loss decreased (0.473133 --> 0.467990).  Saving model ...
Updating learning rate to 0.0020480000000000003
    iters: 100, epoch: 8 | loss: 0.4210049 | speed: 0.0311s/iter; left: 99s
Epoch: 8, Steps: 142 | Train: 0.4728632 Vali: 0.4718265 Test: 0.2030385
EarlyStopping counter: 1 out of 15
Updating learning rate to 0.0016384000000000004
    iters: 100, epoch: 9 | loss: 0.6112803 | speed: 0.0253s/iter; left: 76s
Epoch: 9, Steps: 142 | Train: 0.4704860 Vali: 0.4673470 Test: 0.2034060
Validation loss decreased (0.467990 --> 0.467347).  Saving model ...
Updating learning rate to 0.0013107200000000005
    iters: 100, epoch: 10 | loss: 0.5154018 | speed: 0.0247s/iter; left: 71s
Epoch: 10, Steps: 142 | Train: 0.4685399 Vali: 0.4616010 Test: 0.2025199
Validation loss decreased (0.467347 --> 0.461601).  Saving model ...
Updating learning rate to 0.0010485760000000005
    iters: 100, epoch: 11 | loss: 0.4602687 | speed: 0.0277s/iter; left: 76s
Epoch: 11, Steps: 142 | Train: 0.4673312 Vali: 0.4628534 Test: 0.2031640
EarlyStopping counter: 1 out of 15
Updating learning rate to 0.0008388608000000005
    iters: 100, epoch: 12 | loss: 0.5263667 | speed: 0.0253s/iter; left: 66s
Epoch: 12, Steps: 142 | Train: 0.4659308 Vali: 0.4620451 Test: 0.2024563
EarlyStopping counter: 2 out of 15
Updating learning rate to 0.0006710886400000003
    iters: 100, epoch: 13 | loss: 0.4648682 | speed: 0.0253s/iter; left: 62s
Epoch: 13, Steps: 142 | Train: 0.4647237 Vali: 0.4576875 Test: 0.2030637
Validation loss decreased (0.461601 --> 0.457688).  Saving model ...
Updating learning rate to 0.0005368709120000003
    iters: 100, epoch: 14 | loss: 0.4086099 | speed: 0.0279s/iter; left: 65s
Epoch: 14, Steps: 142 | Train: 0.4647743 Vali: 0.4651394 Test: 0.2033074
EarlyStopping counter: 1 out of 15
Updating learning rate to 0.0004294967296000003
    iters: 100, epoch: 15 | loss: 0.5352486 | speed: 0.0261s/iter; left: 57s
Epoch: 15, Steps: 142 | Train: 0.4638210 Vali: 0.4595539 Test: 0.2032060
EarlyStopping counter: 2 out of 15
Updating learning rate to 0.0003435973836800002
    iters: 100, epoch: 16 | loss: 0.3646310 | speed: 0.0252s/iter; left: 51s
Epoch: 16, Steps: 142 | Train: 0.4626361 Vali: 0.4637625 Test: 0.2027925
EarlyStopping counter: 3 out of 15
Updating learning rate to 0.0002748779069440002
    iters: 100, epoch: 17 | loss: 0.5402143 | speed: 0.0285s/iter; left: 54s
Epoch: 17, Steps: 142 | Train: 0.4626460 Vali: 0.4591514 Test: 0.2027768
EarlyStopping counter: 4 out of 15
Updating learning rate to 0.00021990232555520019
    iters: 100, epoch: 18 | loss: 0.5631807 | speed: 0.0264s/iter; left: 46s
Epoch: 18, Steps: 142 | Train: 0.4622593 Vali: 0.4606109 Test: 0.2024820
EarlyStopping counter: 5 out of 15
Updating learning rate to 0.00017592186044416015
    iters: 100, epoch: 19 | loss: 0.5772009 | speed: 0.0255s/iter; left: 41s
Epoch: 19, Steps: 142 | Train: 0.4616410 Vali: 0.4638354 Test: 0.2030235
EarlyStopping counter: 6 out of 15
Updating learning rate to 0.00014073748835532812
    iters: 100, epoch: 20 | loss: 0.4195620 | speed: 0.0302s/iter; left: 44s
Epoch: 20, Steps: 142 | Train: 0.4607319 Vali: 0.4612455 Test: 0.2030112
EarlyStopping counter: 7 out of 15
Updating learning rate to 0.00011258999068426252
    iters: 100, epoch: 21 | loss: 0.3573356 | speed: 0.0277s/iter; left: 37s
Epoch: 21, Steps: 142 | Train: 0.4623011 Vali: 0.4621052 Test: 0.2029552
EarlyStopping counter: 8 out of 15
Updating learning rate to 9.007199254741001e-05
    iters: 100, epoch: 22 | loss: 0.4711713 | speed: 0.0256s/iter; left: 30s
Epoch: 22, Steps: 142 | Train: 0.4620078 Vali: 0.4603494 Test: 0.2027265
EarlyStopping counter: 9 out of 15
Updating learning rate to 7.205759403792801e-05
    iters: 100, epoch: 23 | loss: 0.5404428 | speed: 0.0304s/iter; left: 32s
Epoch: 23, Steps: 142 | Train: 0.4609346 Vali: 0.4611206 Test: 0.2025300
EarlyStopping counter: 10 out of 15
Updating learning rate to 5.764607523034242e-05
    iters: 100, epoch: 24 | loss: 0.4684625 | speed: 0.0250s/iter; left: 22s
Epoch: 24, Steps: 142 | Train: 0.4610818 Vali: 0.4592855 Test: 0.2026732
EarlyStopping counter: 11 out of 15
Updating learning rate to 4.611686018427394e-05
    iters: 100, epoch: 25 | loss: 0.3946612 | speed: 0.0257s/iter; left: 19s
Epoch: 25, Steps: 142 | Train: 0.4607324 Vali: 0.4620052 Test: 0.2026698
EarlyStopping counter: 12 out of 15
Updating learning rate to 3.689348814741915e-05
    iters: 100, epoch: 26 | loss: 0.4372628 | speed: 0.0281s/iter; left: 17s
Epoch: 26, Steps: 142 | Train: 0.4607707 Vali: 0.4621994 Test: 0.2026558
EarlyStopping counter: 13 out of 15
Updating learning rate to 2.951479051793532e-05
    iters: 100, epoch: 27 | loss: 0.5519012 | speed: 0.0273s/iter; left: 13s
Epoch: 27, Steps: 142 | Train: 0.4612159 Vali: 0.4583099 Test: 0.2025677
EarlyStopping counter: 14 out of 15
Updating learning rate to 2.361183241434826e-05
    iters: 100, epoch: 28 | loss: 0.5525171 | speed: 0.0269s/iter; left: 9s
Epoch: 28, Steps: 142 | Train: 0.4600926 Vali: 0.4606583 Test: 0.2026539
EarlyStopping counter: 15 out of 15
Early stopping at epoch 28
STAGE 1 RESULT: mse=0.2050, mae=0.2473, smape=60.2429

============================================================
STAGE 2: Load MRT + add Freq branch (frozen backbone/MRT/cycle, max_epochs=3, patience=3)
============================================================
train 36600
val 5079
test 10348
Loaded 10 params from stage1, 0 new (Freq branch)
Trainable: 1,030 / 152,467 (0.7%)  freeze_backbone=1
    iters: 100, epoch: 1 | loss: 0.4893261 | speed: 0.0267s/iter; left: 9s
Epoch: 1, Train: 0.4639821 Vali: 0.4640119
[diag s2-1]  freq.rs=+0.0068 mask.mean=0.438 mask.std=0.141  mrt.rs=+0.7542
Validation loss decreased (inf --> 0.464012).  Saving model ...
    iters: 100, epoch: 2 | loss: 0.4930849 | speed: 0.0262s/iter; left: 5s
Epoch: 2, Train: 0.4640138 Vali: 0.4627514
[diag s2-2]  freq.rs=+0.0129 mask.mean=0.439 mask.std=0.141  mrt.rs=+0.7542
Validation loss decreased (0.464012 --> 0.462751).  Saving model ...
    iters: 100, epoch: 3 | loss: 0.5123580 | speed: 0.0306s/iter; left: 1s
Epoch: 3, Train: 0.4639799 Vali: 0.4582261
[diag s2-3]  freq.rs=+0.0166 mask.mean=0.439 mask.std=0.141  mrt.rs=+0.7542
Validation loss decreased (0.462751 --> 0.458226).  Saving model ...
STAGE 2 complete.

============================================================
SKIPPING Stage 3a (--no_stage3a): Stage 2 -> Stage 3b directly
============================================================

============================================================
STAGE 3b: Unfreeze all, group-wise LR (base=0.001500, max_epochs=20, patience=10) (pure MSE)
  LR groups: freq/gate ×0.67, model ×0.33, mrt/cycle ×0.10
============================================================
train 36600
val 5079
test 10348
Loaded stage3a checkpoint, unfreezing all parameters.
  Group freq/gate: 1,030 params, LR=0.001005
  Group model: 148,160 params, LR=0.000495
  Group mrt/cycle: 3,277 params, LR=0.000150
    iters: 100, epoch: 1 | loss: 0.4050432 | speed: 0.0288s/iter; left: 79s
Epoch: 1, Steps: 142 | Train: 0.4637866 Vali: 0.4602481 Test: 0.2028988
[diag 3b-1]  freq.rs=+0.0180 mask.mean=0.439 mask.std=0.141  mrt.rs=+0.7561
Validation loss decreased (inf --> 0.460248).  Saving model ...
Updating learning rate to 0.005
    iters: 100, epoch: 2 | loss: 0.4246515 | speed: 0.0253s/iter; left: 66s
Epoch: 2, Steps: 142 | Train: 0.4712258 Vali: 0.4639697 Test: 0.2029656
[diag 3b-2]  freq.rs=-0.0895 mask.mean=0.438 mask.std=0.142  mrt.rs=+0.7536
EarlyStopping counter: 1 out of 10
Updating learning rate to 0.005
    iters: 100, epoch: 3 | loss: 0.3976245 | speed: 0.0288s/iter; left: 71s
Epoch: 3, Steps: 142 | Train: 0.4672103 Vali: 0.4567917 Test: 0.2024482
[diag 3b-3]  freq.rs=-0.1981 mask.mean=0.426 mask.std=0.152  mrt.rs=+0.7668
Validation loss decreased (0.460248 --> 0.456792).  Saving model ...
Updating learning rate to 0.005
    iters: 100, epoch: 4 | loss: 0.5457086 | speed: 0.0262s/iter; left: 61s
Epoch: 4, Steps: 142 | Train: 0.4663122 Vali: 0.4608513 Test: 0.2043621
[diag 3b-4]  freq.rs=-0.3599 mask.mean=0.415 mask.std=0.175  mrt.rs=+0.7690
EarlyStopping counter: 1 out of 10
Updating learning rate to 0.004
    iters: 100, epoch: 5 | loss: 0.3999935 | speed: 0.0261s/iter; left: 57s
Epoch: 5, Steps: 142 | Train: 0.4624006 Vali: 0.4610460 Test: 0.2029544
[diag 3b-5]  freq.rs=-0.4590 mask.mean=0.407 mask.std=0.193  mrt.rs=+0.7742
EarlyStopping counter: 2 out of 10
Updating learning rate to 0.0032000000000000006
    iters: 100, epoch: 6 | loss: 0.5334060 | speed: 0.0299s/iter; left: 61s
Epoch: 6, Steps: 142 | Train: 0.4592927 Vali: 0.4598949 Test: 0.2020109
[diag 3b-6]  freq.rs=-0.5340 mask.mean=0.402 mask.std=0.205  mrt.rs=+0.7732
EarlyStopping counter: 3 out of 10
Updating learning rate to 0.0025600000000000006
    iters: 100, epoch: 7 | loss: 0.5185563 | speed: 0.0264s/iter; left: 50s
Epoch: 7, Steps: 142 | Train: 0.4568052 Vali: 0.4611208 Test: 0.2030097
[diag 3b-7]  freq.rs=-0.5778 mask.mean=0.399 mask.std=0.212  mrt.rs=+0.7698
EarlyStopping counter: 4 out of 10
Updating learning rate to 0.0020480000000000003
    iters: 100, epoch: 8 | loss: 0.5414259 | speed: 0.0268s/iter; left: 47s
Epoch: 8, Steps: 142 | Train: 0.4546687 Vali: 0.4571426 Test: 0.2048063
[diag 3b-8]  freq.rs=-0.6017 mask.mean=0.396 mask.std=0.218  mrt.rs=+0.7666
EarlyStopping counter: 5 out of 10
Updating learning rate to 0.0016384000000000004
    iters: 100, epoch: 9 | loss: 0.6615008 | speed: 0.0286s/iter; left: 46s
Epoch: 9, Steps: 142 | Train: 0.4536939 Vali: 0.4585082 Test: 0.2031977
[diag 3b-9]  freq.rs=-0.6184 mask.mean=0.394 mask.std=0.221  mrt.rs=+0.7709
EarlyStopping counter: 6 out of 10
Updating learning rate to 0.0013107200000000005
    iters: 100, epoch: 10 | loss: 0.3785063 | speed: 0.0264s/iter; left: 39s
Epoch: 10, Steps: 142 | Train: 0.4520741 Vali: 0.4595870 Test: 0.2040009
[diag 3b-10]  freq.rs=-0.6297 mask.mean=0.393 mask.std=0.224  mrt.rs=+0.7726
EarlyStopping counter: 7 out of 10
Updating learning rate to 0.0010485760000000005
    iters: 100, epoch: 11 | loss: 0.5194811 | speed: 0.0257s/iter; left: 34s
Epoch: 11, Steps: 142 | Train: 0.4502747 Vali: 0.4610624 Test: 0.2033007
[diag 3b-11]  freq.rs=-0.6326 mask.mean=0.392 mask.std=0.226  mrt.rs=+0.7745
EarlyStopping counter: 8 out of 10
Updating learning rate to 0.0008388608000000005
    iters: 100, epoch: 12 | loss: 0.5333791 | speed: 0.0303s/iter; left: 36s
Epoch: 12, Steps: 142 | Train: 0.4485507 Vali: 0.4610188 Test: 0.2048602
[diag 3b-12]  freq.rs=-0.6337 mask.mean=0.392 mask.std=0.228  mrt.rs=+0.7736
EarlyStopping counter: 9 out of 10
Updating learning rate to 0.0006710886400000003
    iters: 100, epoch: 13 | loss: 0.3511443 | speed: 0.0259s/iter; left: 27s
Epoch: 13, Steps: 142 | Train: 0.4472944 Vali: 0.4581249 Test: 0.2043787
[diag 3b-13]  freq.rs=-0.6355 mask.mean=0.391 mask.std=0.229  mrt.rs=+0.7751
EarlyStopping counter: 10 out of 10
Early stopping at epoch 13

============================================================
FINAL RESULT (Stage 3b): mse=0.2044, mae=0.2480, smape=60.1482
============================================================
[diag 3b-final]  freq.rs=-0.1981 mask.mean=0.426 mask.std=0.152  mrt.rs=+0.7668
