============================================================
CONFIGURATION
============================================================
Device     : cuda:0
Dataset    : weather
Pred len   : 720
Seed       : 2024

--- Data ---
enc_in     : 21
seq_len    : 96
cycle      : 144
use_revin  : 1
batch_size : 256

--- Model ---
model_type : mlp
d_model    : 512
mrt_layers : 1
freq_layers: 0
fusion     : mode=serial, gate=0, sparsity=0.0

--- Training ---
base_lr    : 0.005
Stage1     : epochs=30, patience=15
Stage2     : epochs=3, patience=3, freeze_backbone=1
Stage3     : SKIPPED (stage2_only)
============================================================

============================================================
STAGE 1: Train MRT only (freq_layers=0)
============================================================
train 36072
val 4551
test 9820
    iters: 100, epoch: 1 | loss: 0.7082058 | speed: 0.0494s/iter; left: 203s
Epoch: 1, Steps: 140 | Train: 0.7492915 Vali: 0.7645546 Test: 0.3725256
Validation loss decreased (inf --> 0.764555).  Saving model ...
Updating learning rate to 0.005
    iters: 100, epoch: 2 | loss: 0.6802768 | speed: 0.0373s/iter; left: 148s
Epoch: 2, Steps: 140 | Train: 0.6798642 Vali: 0.7019854 Test: 0.3558500
Validation loss decreased (0.764555 --> 0.701985).  Saving model ...
Updating learning rate to 0.005
    iters: 100, epoch: 3 | loss: 0.6586006 | speed: 0.0403s/iter; left: 154s
Epoch: 3, Steps: 140 | Train: 0.6527972 Vali: 0.6938750 Test: 0.3514603
Validation loss decreased (0.701985 --> 0.693875).  Saving model ...
Updating learning rate to 0.005
    iters: 100, epoch: 4 | loss: 0.6460193 | speed: 0.0414s/iter; left: 153s
Epoch: 4, Steps: 140 | Train: 0.6441731 Vali: 0.6880383 Test: 0.3501957
Validation loss decreased (0.693875 --> 0.688038).  Saving model ...
Updating learning rate to 0.004
    iters: 100, epoch: 5 | loss: 0.6346580 | speed: 0.0398s/iter; left: 141s
Epoch: 5, Steps: 140 | Train: 0.6371710 Vali: 0.6889677 Test: 0.3494673
EarlyStopping counter: 1 out of 15
Updating learning rate to 0.0032000000000000006
    iters: 100, epoch: 6 | loss: 0.6203586 | speed: 0.0405s/iter; left: 138s
Epoch: 6, Steps: 140 | Train: 0.6324741 Vali: 0.6847369 Test: 0.3492469
Validation loss decreased (0.688038 --> 0.684737).  Saving model ...
Updating learning rate to 0.0025600000000000006
    iters: 100, epoch: 7 | loss: 0.6473058 | speed: 0.0391s/iter; left: 127s
Epoch: 7, Steps: 140 | Train: 0.6288984 Vali: 0.6815715 Test: 0.3486014
Validation loss decreased (0.684737 --> 0.681572).  Saving model ...
Updating learning rate to 0.0020480000000000003
    iters: 100, epoch: 8 | loss: 0.6291799 | speed: 0.0393s/iter; left: 123s
Epoch: 8, Steps: 140 | Train: 0.6259303 Vali: 0.6805646 Test: 0.3486583
Validation loss decreased (0.681572 --> 0.680565).  Saving model ...
Updating learning rate to 0.0016384000000000004
    iters: 100, epoch: 9 | loss: 0.5999414 | speed: 0.0428s/iter; left: 127s
Epoch: 9, Steps: 140 | Train: 0.6238721 Vali: 0.6790911 Test: 0.3474063
Validation loss decreased (0.680565 --> 0.679091).  Saving model ...
Updating learning rate to 0.0013107200000000005
    iters: 100, epoch: 10 | loss: 0.6707380 | speed: 0.0410s/iter; left: 117s
Epoch: 10, Steps: 140 | Train: 0.6220889 Vali: 0.6764142 Test: 0.3474724
Validation loss decreased (0.679091 --> 0.676414).  Saving model ...
Updating learning rate to 0.0010485760000000005
    iters: 100, epoch: 11 | loss: 0.6470748 | speed: 0.0391s/iter; left: 106s
Epoch: 11, Steps: 140 | Train: 0.6205322 Vali: 0.6793065 Test: 0.3479532
EarlyStopping counter: 1 out of 15
Updating learning rate to 0.0008388608000000005
    iters: 100, epoch: 12 | loss: 0.6116341 | speed: 0.0387s/iter; left: 99s
Epoch: 12, Steps: 140 | Train: 0.6185125 Vali: 0.6723135 Test: 0.3476794
Validation loss decreased (0.676414 --> 0.672313).  Saving model ...
Updating learning rate to 0.0006710886400000003
    iters: 100, epoch: 13 | loss: 0.5796462 | speed: 0.0386s/iter; left: 93s
Epoch: 13, Steps: 140 | Train: 0.6176432 Vali: 0.6750230 Test: 0.3473578
EarlyStopping counter: 1 out of 15
Updating learning rate to 0.0005368709120000003
    iters: 100, epoch: 14 | loss: 0.6568911 | speed: 0.0379s/iter; left: 86s
Epoch: 14, Steps: 140 | Train: 0.6161552 Vali: 0.6754941 Test: 0.3477084
EarlyStopping counter: 2 out of 15
Updating learning rate to 0.0004294967296000003
    iters: 100, epoch: 15 | loss: 0.5661529 | speed: 0.0395s/iter; left: 85s
Epoch: 15, Steps: 140 | Train: 0.6152360 Vali: 0.6769808 Test: 0.3479867
EarlyStopping counter: 3 out of 15
Updating learning rate to 0.0003435973836800002
    iters: 100, epoch: 16 | loss: 0.6530169 | speed: 0.0344s/iter; left: 69s
Epoch: 16, Steps: 140 | Train: 0.6150494 Vali: 0.6745055 Test: 0.3479662
EarlyStopping counter: 4 out of 15
Updating learning rate to 0.0002748779069440002
    iters: 100, epoch: 17 | loss: 0.5886620 | speed: 0.0411s/iter; left: 77s
Epoch: 17, Steps: 140 | Train: 0.6141230 Vali: 0.6741908 Test: 0.3475307
EarlyStopping counter: 5 out of 15
Updating learning rate to 0.00021990232555520019
    iters: 100, epoch: 18 | loss: 0.6460547 | speed: 0.0391s/iter; left: 67s
Epoch: 18, Steps: 140 | Train: 0.6139472 Vali: 0.6729199 Test: 0.3471769
EarlyStopping counter: 6 out of 15
Updating learning rate to 0.00017592186044416015
    iters: 100, epoch: 19 | loss: 0.5674582 | speed: 0.0396s/iter; left: 63s
Epoch: 19, Steps: 140 | Train: 0.6132850 Vali: 0.6747231 Test: 0.3476967
EarlyStopping counter: 7 out of 15
Updating learning rate to 0.00014073748835532812
    iters: 100, epoch: 20 | loss: 0.6848900 | speed: 0.0395s/iter; left: 57s
Epoch: 20, Steps: 140 | Train: 0.6128288 Vali: 0.6730953 Test: 0.3475307
EarlyStopping counter: 8 out of 15
Updating learning rate to 0.00011258999068426252
    iters: 100, epoch: 21 | loss: 0.6672055 | speed: 0.0383s/iter; left: 50s
Epoch: 21, Steps: 140 | Train: 0.6123004 Vali: 0.6719991 Test: 0.3474908
Validation loss decreased (0.672313 --> 0.671999).  Saving model ...
Updating learning rate to 9.007199254741001e-05
    iters: 100, epoch: 22 | loss: 0.5850645 | speed: 0.0397s/iter; left: 46s
Epoch: 22, Steps: 140 | Train: 0.6126200 Vali: 0.6732836 Test: 0.3474307
EarlyStopping counter: 1 out of 15
Updating learning rate to 7.205759403792801e-05
    iters: 100, epoch: 23 | loss: 0.6886654 | speed: 0.0385s/iter; left: 39s
Epoch: 23, Steps: 140 | Train: 0.6126073 Vali: 0.6716033 Test: 0.3475538
Validation loss decreased (0.671999 --> 0.671603).  Saving model ...
Updating learning rate to 5.764607523034242e-05
    iters: 100, epoch: 24 | loss: 0.5622461 | speed: 0.0394s/iter; left: 35s
Epoch: 24, Steps: 140 | Train: 0.6120350 Vali: 0.6723061 Test: 0.3476015
EarlyStopping counter: 1 out of 15
Updating learning rate to 4.611686018427394e-05
    iters: 100, epoch: 25 | loss: 0.6097309 | speed: 0.0395s/iter; left: 29s
Epoch: 25, Steps: 140 | Train: 0.6122873 Vali: 0.6711287 Test: 0.3475514
Validation loss decreased (0.671603 --> 0.671129).  Saving model ...
Updating learning rate to 3.689348814741915e-05
    iters: 100, epoch: 26 | loss: 0.5873212 | speed: 0.0400s/iter; left: 24s
Epoch: 26, Steps: 140 | Train: 0.6122800 Vali: 0.6723665 Test: 0.3475845
EarlyStopping counter: 1 out of 15
Updating learning rate to 2.951479051793532e-05
    iters: 100, epoch: 27 | loss: 0.5969227 | speed: 0.0399s/iter; left: 18s
Epoch: 27, Steps: 140 | Train: 0.6121937 Vali: 0.6719567 Test: 0.3475579
EarlyStopping counter: 2 out of 15
Updating learning rate to 2.361183241434826e-05
    iters: 100, epoch: 28 | loss: 0.6402717 | speed: 0.0390s/iter; left: 13s
Epoch: 28, Steps: 140 | Train: 0.6120293 Vali: 0.6709783 Test: 0.3475927
Validation loss decreased (0.671129 --> 0.670978).  Saving model ...
Updating learning rate to 1.888946593147861e-05
    iters: 100, epoch: 29 | loss: 0.6468806 | speed: 0.0391s/iter; left: 7s
Epoch: 29, Steps: 140 | Train: 0.6121187 Vali: 0.6731350 Test: 0.3475904
EarlyStopping counter: 1 out of 15
Updating learning rate to 1.5111572745182888e-05
    iters: 100, epoch: 30 | loss: 0.5690170 | speed: 0.0393s/iter; left: 2s
Epoch: 30, Steps: 140 | Train: 0.6119630 Vali: 0.6738496 Test: 0.3475914
EarlyStopping counter: 2 out of 15
Updating learning rate to 1.208925819614631e-05
STAGE 1 RESULT: mse=0.3418, mae=0.3435, smape=73.2468

============================================================
STAGE 2: Load MRT + add Freq branch (frozen backbone/MRT/cycle, max_epochs=3, patience=3)
============================================================
train 36072
val 4551
test 9820
Loaded 10 params from stage1, 0 new (Freq branch)
Trainable: 1,030 / 423,331 (0.2%)  freeze_backbone=1
    iters: 100, epoch: 1 | loss: 1.7316319 | speed: 0.0380s/iter; left: 12s
Epoch: 1, Train: 1.7508417 Vali: 0.6714667
[diag s2-1]  freq.rs=-0.0102 mask.mean=0.438 mask.std=0.141  mrt.rs=+0.8423
Validation loss decreased (inf --> 0.671467).  Saving model ...
    iters: 100, epoch: 2 | loss: 1.7489471 | speed: 0.0379s/iter; left: 7s
Epoch: 2, Train: 1.7507957 Vali: 0.6736090
[diag s2-2]  freq.rs=-0.0169 mask.mean=0.438 mask.std=0.141  mrt.rs=+0.8423
EarlyStopping counter: 1 out of 3
    iters: 100, epoch: 3 | loss: 1.7320874 | speed: 0.0413s/iter; left: 2s
Epoch: 3, Train: 1.7504770 Vali: 0.6720573
[diag s2-3]  freq.rs=-0.0207 mask.mean=0.438 mask.std=0.141  mrt.rs=+0.8423
EarlyStopping counter: 2 out of 3
STAGE 2 complete.

============================================================
STAGE 2 ONLY: Testing from Stage 2 checkpoint
============================================================
train 36072
val 4551
test 9820
[diag stage2-final]  freq.rs=-0.0102 mask.mean=0.438 mask.std=0.141  mrt.rs=+0.8423

============================================================
FINAL RESULT (Stage 2 only): mse=0.3418, mae=0.3434, smape=73.2326
============================================================
