============================================================
CONFIGURATION
============================================================
Device     : cuda:0
Dataset    : weather
Pred len   : 336
Seed       : 2024

--- Data ---
enc_in     : 21
seq_len    : 96
cycle      : 144
use_revin  : 1
batch_size : 256

--- Model ---
model_type : mlp
d_model    : 512
mrt_layers : 1
freq_layers: 0
fusion     : mode=serial, gate=0, sparsity=0.0

--- Training ---
base_lr    : 0.005
Stage1     : epochs=30, patience=15
Stage2     : epochs=3, patience=3, freeze_backbone=0
Stage3     : SKIPPED (stage2_only)
============================================================

============================================================
STAGE 1: Train MRT only (freq_layers=0)
============================================================
train 36456
val 4935
test 10204
    iters: 100, epoch: 1 | loss: 0.6556793 | speed: 0.0418s/iter; left: 174s
Epoch: 1, Steps: 142 | Train: 0.6707283 Vali: 0.6439173 Test: 0.2951865
Validation loss decreased (inf --> 0.643917).  Saving model ...
Updating learning rate to 0.005
    iters: 100, epoch: 2 | loss: 0.5120503 | speed: 0.0280s/iter; left: 113s
Epoch: 2, Steps: 142 | Train: 0.5971888 Vali: 0.5742277 Test: 0.2700751
Validation loss decreased (0.643917 --> 0.574228).  Saving model ...
Updating learning rate to 0.005
    iters: 100, epoch: 3 | loss: 0.5062519 | speed: 0.0295s/iter; left: 114s
Epoch: 3, Steps: 142 | Train: 0.5672403 Vali: 0.5646119 Test: 0.2667816
Validation loss decreased (0.574228 --> 0.564612).  Saving model ...
Updating learning rate to 0.005
    iters: 100, epoch: 4 | loss: 0.6177418 | speed: 0.0291s/iter; left: 109s
Epoch: 4, Steps: 142 | Train: 0.5579422 Vali: 0.5624125 Test: 0.2646421
Validation loss decreased (0.564612 --> 0.562413).  Saving model ...
Updating learning rate to 0.004
    iters: 100, epoch: 5 | loss: 0.5361868 | speed: 0.0289s/iter; left: 104s
Epoch: 5, Steps: 142 | Train: 0.5516622 Vali: 0.5558090 Test: 0.2632644
Validation loss decreased (0.562413 --> 0.555809).  Saving model ...
Updating learning rate to 0.0032000000000000006
    iters: 100, epoch: 6 | loss: 0.5691084 | speed: 0.0272s/iter; left: 94s
Epoch: 6, Steps: 142 | Train: 0.5464891 Vali: 0.5546638 Test: 0.2621292
Validation loss decreased (0.555809 --> 0.554664).  Saving model ...
Updating learning rate to 0.0025600000000000006
    iters: 100, epoch: 7 | loss: 0.5476568 | speed: 0.0303s/iter; left: 100s
Epoch: 7, Steps: 142 | Train: 0.5434384 Vali: 0.5538759 Test: 0.2624754
Validation loss decreased (0.554664 --> 0.553876).  Saving model ...
Updating learning rate to 0.0020480000000000003
    iters: 100, epoch: 8 | loss: 0.6047608 | speed: 0.0290s/iter; left: 92s
Epoch: 8, Steps: 142 | Train: 0.5407041 Vali: 0.5492323 Test: 0.2620850
Validation loss decreased (0.553876 --> 0.549232).  Saving model ...
Updating learning rate to 0.0016384000000000004
    iters: 100, epoch: 9 | loss: 0.5281147 | speed: 0.0294s/iter; left: 89s
Epoch: 9, Steps: 142 | Train: 0.5388991 Vali: 0.5512859 Test: 0.2613850
EarlyStopping counter: 1 out of 15
Updating learning rate to 0.0013107200000000005
    iters: 100, epoch: 10 | loss: 0.4637005 | speed: 0.0289s/iter; left: 83s
Epoch: 10, Steps: 142 | Train: 0.5371971 Vali: 0.5491530 Test: 0.2616765
Validation loss decreased (0.549232 --> 0.549153).  Saving model ...
Updating learning rate to 0.0010485760000000005
    iters: 100, epoch: 11 | loss: 0.4731779 | speed: 0.0300s/iter; left: 82s
Epoch: 11, Steps: 142 | Train: 0.5354670 Vali: 0.5492286 Test: 0.2612093
EarlyStopping counter: 1 out of 15
Updating learning rate to 0.0008388608000000005
    iters: 100, epoch: 12 | loss: 0.6577469 | speed: 0.0293s/iter; left: 76s
Epoch: 12, Steps: 142 | Train: 0.5338673 Vali: 0.5488730 Test: 0.2617577
Validation loss decreased (0.549153 --> 0.548873).  Saving model ...
Updating learning rate to 0.0006710886400000003
    iters: 100, epoch: 13 | loss: 0.5190753 | speed: 0.0296s/iter; left: 73s
Epoch: 13, Steps: 142 | Train: 0.5330554 Vali: 0.5489135 Test: 0.2612674
EarlyStopping counter: 1 out of 15
Updating learning rate to 0.0005368709120000003
    iters: 100, epoch: 14 | loss: 0.6101438 | speed: 0.0297s/iter; left: 69s
Epoch: 14, Steps: 142 | Train: 0.5323468 Vali: 0.5486865 Test: 0.2613719
Validation loss decreased (0.548873 --> 0.548686).  Saving model ...
Updating learning rate to 0.0004294967296000003
    iters: 100, epoch: 15 | loss: 0.6450347 | speed: 0.0277s/iter; left: 60s
Epoch: 15, Steps: 142 | Train: 0.5310566 Vali: 0.5459415 Test: 0.2612989
Validation loss decreased (0.548686 --> 0.545942).  Saving model ...
Updating learning rate to 0.0003435973836800002
    iters: 100, epoch: 16 | loss: 0.4760204 | speed: 0.0301s/iter; left: 61s
Epoch: 16, Steps: 142 | Train: 0.5311894 Vali: 0.5469718 Test: 0.2616345
EarlyStopping counter: 1 out of 15
Updating learning rate to 0.0002748779069440002
    iters: 100, epoch: 17 | loss: 0.4802715 | speed: 0.0284s/iter; left: 54s
Epoch: 17, Steps: 142 | Train: 0.5307225 Vali: 0.5449073 Test: 0.2612538
Validation loss decreased (0.545942 --> 0.544907).  Saving model ...
Updating learning rate to 0.00021990232555520019
    iters: 100, epoch: 18 | loss: 0.5423231 | speed: 0.0279s/iter; left: 49s
Epoch: 18, Steps: 142 | Train: 0.5300711 Vali: 0.5448796 Test: 0.2611874
Validation loss decreased (0.544907 --> 0.544880).  Saving model ...
Updating learning rate to 0.00017592186044416015
    iters: 100, epoch: 19 | loss: 0.5073199 | speed: 0.0297s/iter; left: 48s
Epoch: 19, Steps: 142 | Train: 0.5295542 Vali: 0.5427989 Test: 0.2614025
Validation loss decreased (0.544880 --> 0.542799).  Saving model ...
Updating learning rate to 0.00014073748835532812
    iters: 100, epoch: 20 | loss: 0.5380630 | speed: 0.0292s/iter; left: 43s
Epoch: 20, Steps: 142 | Train: 0.5292800 Vali: 0.5446768 Test: 0.2613805
EarlyStopping counter: 1 out of 15
Updating learning rate to 0.00011258999068426252
    iters: 100, epoch: 21 | loss: 0.5509424 | speed: 0.0293s/iter; left: 39s
Epoch: 21, Steps: 142 | Train: 0.5288871 Vali: 0.5431904 Test: 0.2609317
EarlyStopping counter: 2 out of 15
Updating learning rate to 9.007199254741001e-05
    iters: 100, epoch: 22 | loss: 0.5319640 | speed: 0.0306s/iter; left: 36s
Epoch: 22, Steps: 142 | Train: 0.5290110 Vali: 0.5440116 Test: 0.2611670
EarlyStopping counter: 3 out of 15
Updating learning rate to 7.205759403792801e-05
    iters: 100, epoch: 23 | loss: 0.4496648 | speed: 0.0294s/iter; left: 30s
Epoch: 23, Steps: 142 | Train: 0.5289560 Vali: 0.5433457 Test: 0.2612225
EarlyStopping counter: 4 out of 15
Updating learning rate to 5.764607523034242e-05
    iters: 100, epoch: 24 | loss: 0.6201206 | speed: 0.0283s/iter; left: 25s
Epoch: 24, Steps: 142 | Train: 0.5289850 Vali: 0.5456000 Test: 0.2611855
EarlyStopping counter: 5 out of 15
Updating learning rate to 4.611686018427394e-05
    iters: 100, epoch: 25 | loss: 0.4887173 | speed: 0.0290s/iter; left: 22s
Epoch: 25, Steps: 142 | Train: 0.5286286 Vali: 0.5451984 Test: 0.2613088
EarlyStopping counter: 6 out of 15
Updating learning rate to 3.689348814741915e-05
    iters: 100, epoch: 26 | loss: 0.6161112 | speed: 0.0307s/iter; left: 19s
Epoch: 26, Steps: 142 | Train: 0.5287679 Vali: 0.5443351 Test: 0.2610349
EarlyStopping counter: 7 out of 15
Updating learning rate to 2.951479051793532e-05
    iters: 100, epoch: 27 | loss: 0.5532483 | speed: 0.0269s/iter; left: 13s
Epoch: 27, Steps: 142 | Train: 0.5281906 Vali: 0.5459221 Test: 0.2611948
EarlyStopping counter: 8 out of 15
Updating learning rate to 2.361183241434826e-05
    iters: 100, epoch: 28 | loss: 0.6111929 | speed: 0.0275s/iter; left: 9s
Epoch: 28, Steps: 142 | Train: 0.5282143 Vali: 0.5433125 Test: 0.2612265
EarlyStopping counter: 9 out of 15
Updating learning rate to 1.888946593147861e-05
    iters: 100, epoch: 29 | loss: 0.5314931 | speed: 0.0251s/iter; left: 5s
Epoch: 29, Steps: 142 | Train: 0.5283193 Vali: 0.5437911 Test: 0.2611867
EarlyStopping counter: 10 out of 15
Updating learning rate to 1.5111572745182888e-05
    iters: 100, epoch: 30 | loss: 0.5578133 | speed: 0.0251s/iter; left: 1s
Epoch: 30, Steps: 142 | Train: 0.5282770 Vali: 0.5453061 Test: 0.2612022
EarlyStopping counter: 11 out of 15
Updating learning rate to 1.208925819614631e-05
STAGE 1 RESULT: mse=0.2614, mae=0.2898, smape=65.8686

============================================================
STAGE 2: Load MRT + add Freq branch (frozen backbone/MRT/cycle, max_epochs=3, patience=3)
============================================================
train 36456
val 4935
test 10204
Loaded 10 params from stage1, 0 new (Freq branch)
Trainable: 223,062 / 226,339 (98.6%)  freeze_backbone=0
    iters: 100, epoch: 1 | loss: 1.1710685 | speed: 0.0262s/iter; left: 9s
Epoch: 1, Train: 1.2496223 Vali: 0.5439757
[diag s2-1]  freq.rs=-0.0029 mask.mean=0.438 mask.std=0.141  mrt.rs=+0.8197
Validation loss decreased (inf --> 0.543976).  Saving model ...
    iters: 100, epoch: 2 | loss: 1.3913867 | speed: 0.0236s/iter; left: 4s
Epoch: 2, Train: 1.2485436 Vali: 0.5448066
[diag s2-2]  freq.rs=-0.0021 mask.mean=0.438 mask.std=0.141  mrt.rs=+0.8197
EarlyStopping counter: 1 out of 3
    iters: 100, epoch: 3 | loss: 1.1367669 | speed: 0.0242s/iter; left: 1s
Epoch: 3, Train: 1.2477460 Vali: 0.5438218
[diag s2-3]  freq.rs=+0.0023 mask.mean=0.438 mask.std=0.141  mrt.rs=+0.8197
Validation loss decreased (0.543976 --> 0.543822).  Saving model ...
STAGE 2 complete.

============================================================
STAGE 2 ONLY: Testing from Stage 2 checkpoint
============================================================
train 36456
val 4935
test 10204
[diag stage2-final]  freq.rs=+0.0023 mask.mean=0.438 mask.std=0.141  mrt.rs=+0.8197

============================================================
FINAL RESULT (Stage 2 only): mse=0.2610, mae=0.2889, smape=65.6960
============================================================
