============================================================
CONFIGURATION
============================================================
Device     : cuda:0
Dataset    : ettm2
Pred len   : 96
Seed       : 2024

--- Data ---
enc_in     : 7
seq_len    : 96
cycle      : 96
use_revin  : 1
batch_size : 256

--- Model ---
model_type : mlp
d_model    : 512
mrt_layers : 1
freq_layers: 0
fusion     : mode=serial, gate=0, sparsity=0.0

--- Training ---
base_lr    : 0.005
Stage1     : epochs=30, patience=15
Stage2     : epochs=3, patience=3, freeze_backbone=1
Stage3 FreDF: False
Stage3a    : epochs=12, patience=6
Stage3b    : epochs=20, patience=10, freq×0.67 model×0.33 mrt×0.10
============================================================

============================================================
STAGE 1: Train MRT only (freq_layers=0)
============================================================
train 34369
val 11425
test 11425
    iters: 100, epoch: 1 | loss: 0.3065302 | speed: 0.0358s/iter; left: 140s
Epoch: 1, Steps: 134 | Train: 0.2582052 Vali: 0.1297999 Test: 0.1850648
Validation loss decreased (inf --> 0.129800).  Saving model ...
Updating learning rate to 0.005
    iters: 100, epoch: 2 | loss: 0.2410349 | speed: 0.0291s/iter; left: 110s
Epoch: 2, Steps: 134 | Train: 0.2304157 Vali: 0.1199545 Test: 0.1686138
Validation loss decreased (0.129800 --> 0.119954).  Saving model ...
Updating learning rate to 0.005
    iters: 100, epoch: 3 | loss: 0.1573053 | speed: 0.0230s/iter; left: 84s
Epoch: 3, Steps: 134 | Train: 0.2134589 Vali: 0.1195955 Test: 0.1648148
Validation loss decreased (0.119954 --> 0.119596).  Saving model ...
Updating learning rate to 0.005
    iters: 100, epoch: 4 | loss: 0.1875601 | speed: 0.0255s/iter; left: 90s
Epoch: 4, Steps: 134 | Train: 0.2071499 Vali: 0.1171863 Test: 0.1624304
Validation loss decreased (0.119596 --> 0.117186).  Saving model ...
Updating learning rate to 0.004
    iters: 100, epoch: 5 | loss: 0.2392709 | speed: 0.0187s/iter; left: 63s
Epoch: 5, Steps: 134 | Train: 0.2021572 Vali: 0.1197894 Test: 0.1638218
EarlyStopping counter: 1 out of 15
Updating learning rate to 0.0032000000000000006
    iters: 100, epoch: 6 | loss: 0.2190836 | speed: 0.0270s/iter; left: 88s
Epoch: 6, Steps: 134 | Train: 0.1963210 Vali: 0.1227040 Test: 0.1628305
EarlyStopping counter: 2 out of 15
Updating learning rate to 0.0025600000000000006
    iters: 100, epoch: 7 | loss: 0.1881166 | speed: 0.0259s/iter; left: 81s
Epoch: 7, Steps: 134 | Train: 0.1911197 Vali: 0.1276191 Test: 0.1648492
EarlyStopping counter: 3 out of 15
Updating learning rate to 0.0020480000000000003
    iters: 100, epoch: 8 | loss: 0.2115929 | speed: 0.0228s/iter; left: 68s
Epoch: 8, Steps: 134 | Train: 0.1852115 Vali: 0.1290458 Test: 0.1655842
EarlyStopping counter: 4 out of 15
Updating learning rate to 0.0016384000000000004
    iters: 100, epoch: 9 | loss: 0.2103038 | speed: 0.0254s/iter; left: 72s
Epoch: 9, Steps: 134 | Train: 0.1813408 Vali: 0.1333277 Test: 0.1675210
EarlyStopping counter: 5 out of 15
Updating learning rate to 0.0013107200000000005
    iters: 100, epoch: 10 | loss: 0.1913431 | speed: 0.0260s/iter; left: 70s
Epoch: 10, Steps: 134 | Train: 0.1770019 Vali: 0.1340018 Test: 0.1689170
EarlyStopping counter: 6 out of 15
Updating learning rate to 0.0010485760000000005
    iters: 100, epoch: 11 | loss: 0.1478079 | speed: 0.0219s/iter; left: 56s
Epoch: 11, Steps: 134 | Train: 0.1735439 Vali: 0.1350835 Test: 0.1699016
EarlyStopping counter: 7 out of 15
Updating learning rate to 0.0008388608000000005
    iters: 100, epoch: 12 | loss: 0.1676964 | speed: 0.0246s/iter; left: 60s
Epoch: 12, Steps: 134 | Train: 0.1708085 Vali: 0.1364914 Test: 0.1700634
EarlyStopping counter: 8 out of 15
Updating learning rate to 0.0006710886400000003
    iters: 100, epoch: 13 | loss: 0.1571992 | speed: 0.0265s/iter; left: 61s
Epoch: 13, Steps: 134 | Train: 0.1687679 Vali: 0.1373759 Test: 0.1707742
EarlyStopping counter: 9 out of 15
Updating learning rate to 0.0005368709120000003
    iters: 100, epoch: 14 | loss: 0.1644005 | speed: 0.0238s/iter; left: 52s
Epoch: 14, Steps: 134 | Train: 0.1669591 Vali: 0.1370994 Test: 0.1712553
EarlyStopping counter: 10 out of 15
Updating learning rate to 0.0004294967296000003
    iters: 100, epoch: 15 | loss: 0.1513726 | speed: 0.0234s/iter; left: 48s
Epoch: 15, Steps: 134 | Train: 0.1658270 Vali: 0.1392596 Test: 0.1718918
EarlyStopping counter: 11 out of 15
Updating learning rate to 0.0003435973836800002
    iters: 100, epoch: 16 | loss: 0.1376134 | speed: 0.0258s/iter; left: 49s
Epoch: 16, Steps: 134 | Train: 0.1645268 Vali: 0.1398451 Test: 0.1725129
EarlyStopping counter: 12 out of 15
Updating learning rate to 0.0002748779069440002
    iters: 100, epoch: 17 | loss: 0.1678410 | speed: 0.0256s/iter; left: 45s
Epoch: 17, Steps: 134 | Train: 0.1634959 Vali: 0.1405375 Test: 0.1728477
EarlyStopping counter: 13 out of 15
Updating learning rate to 0.00021990232555520019
    iters: 100, epoch: 18 | loss: 0.2047058 | speed: 0.0214s/iter; left: 35s
Epoch: 18, Steps: 134 | Train: 0.1630056 Vali: 0.1408460 Test: 0.1730527
EarlyStopping counter: 14 out of 15
Updating learning rate to 0.00017592186044416015
    iters: 100, epoch: 19 | loss: 0.1731303 | speed: 0.0408s/iter; left: 62s
Epoch: 19, Steps: 134 | Train: 0.1624712 Vali: 0.1405766 Test: 0.1731890
EarlyStopping counter: 15 out of 15
Early stopping at epoch 19
STAGE 1 RESULT: mse=0.1631, mae=0.2458, smape=41.7937

============================================================
STAGE 2: Load MRT + add Freq branch (frozen backbone/MRT/cycle, max_epochs=3, patience=3)
============================================================
train 34369
val 11425
test 11425
Loaded 10 params from stage1, 0 new (Freq branch)
Trainable: 344 / 100,013 (0.3%)  freeze_backbone=1
    iters: 100, epoch: 1 | loss: 0.1383979 | speed: 0.0277s/iter; left: 8s
Epoch: 1, Train: 0.2015665 Vali: 0.1169866
[diag s2-1]  freq.rs=-0.0157 mask.mean=0.439 mask.std=0.141  mrt.rs=+0.4171
Validation loss decreased (inf --> 0.116987).  Saving model ...
    iters: 100, epoch: 2 | loss: 0.1861762 | speed: 0.0271s/iter; left: 5s
Epoch: 2, Train: 0.2015261 Vali: 0.1171164
[diag s2-2]  freq.rs=-0.0307 mask.mean=0.441 mask.std=0.142  mrt.rs=+0.4171
EarlyStopping counter: 1 out of 3
    iters: 100, epoch: 3 | loss: 0.1729187 | speed: 0.0239s/iter; left: 1s
Epoch: 3, Train: 0.2013472 Vali: 0.1167875
[diag s2-3]  freq.rs=-0.0446 mask.mean=0.442 mask.std=0.142  mrt.rs=+0.4171
Validation loss decreased (0.116987 --> 0.116787).  Saving model ...
STAGE 2 complete.

============================================================
SKIPPING Stage 3a (--no_stage3a): Stage 2 -> Stage 3b directly
============================================================

============================================================
STAGE 3b: Unfreeze all, group-wise LR (base=0.001500, max_epochs=20, patience=10) (pure MSE)
  LR groups: freq/gate ×0.67, model ×0.33, mrt/cycle ×0.10
============================================================
train 34369
val 11425
test 11425
Loaded stage3a checkpoint, unfreezing all parameters.
  Group freq/gate: 344 params, LR=0.001005
  Group model: 98,912 params, LR=0.000495
  Group mrt/cycle: 757 params, LR=0.000150
    iters: 100, epoch: 1 | loss: 0.2250350 | speed: 0.0280s/iter; left: 72s
Epoch: 1, Steps: 134 | Train: 0.2004988 Vali: 0.1172360 Test: 0.1617472
[diag 3b-1]  freq.rs=-0.0453 mask.mean=0.442 mask.std=0.142  mrt.rs=+0.4177
Validation loss decreased (inf --> 0.117236).  Saving model ...
Updating learning rate to 0.005
    iters: 100, epoch: 2 | loss: 0.1905461 | speed: 0.0259s/iter; left: 63s
Epoch: 2, Steps: 134 | Train: 0.2028673 Vali: 0.1201858 Test: 0.1628177
[diag 3b-2]  freq.rs=-0.1922 mask.mean=0.449 mask.std=0.149  mrt.rs=+0.4506
EarlyStopping counter: 1 out of 10
Updating learning rate to 0.005
    iters: 100, epoch: 3 | loss: 0.2264907 | speed: 0.0267s/iter; left: 62s
Epoch: 3, Steps: 134 | Train: 0.1973328 Vali: 0.1248220 Test: 0.1643771
[diag 3b-3]  freq.rs=-0.3098 mask.mean=0.466 mask.std=0.165  mrt.rs=+0.4591
EarlyStopping counter: 2 out of 10
Updating learning rate to 0.005
    iters: 100, epoch: 4 | loss: 0.2058818 | speed: 0.0259s/iter; left: 56s
Epoch: 4, Steps: 134 | Train: 0.1906130 Vali: 0.1308450 Test: 0.1699339
[diag 3b-4]  freq.rs=-0.4299 mask.mean=0.483 mask.std=0.186  mrt.rs=+0.4623
EarlyStopping counter: 3 out of 10
Updating learning rate to 0.004
    iters: 100, epoch: 5 | loss: 0.1685492 | speed: 0.0231s/iter; left: 47s
Epoch: 5, Steps: 134 | Train: 0.1822760 Vali: 0.1323164 Test: 0.1693753
[diag 3b-5]  freq.rs=-0.4827 mask.mean=0.492 mask.std=0.202  mrt.rs=+0.4664
EarlyStopping counter: 4 out of 10
Updating learning rate to 0.0032000000000000006
    iters: 100, epoch: 6 | loss: 0.1673687 | speed: 0.0269s/iter; left: 51s
Epoch: 6, Steps: 134 | Train: 0.1744406 Vali: 0.1383069 Test: 0.1736522
[diag 3b-6]  freq.rs=-0.4858 mask.mean=0.497 mask.std=0.213  mrt.rs=+0.4624
EarlyStopping counter: 5 out of 10
Updating learning rate to 0.0025600000000000006
    iters: 100, epoch: 7 | loss: 0.1530210 | speed: 0.0256s/iter; left: 46s
Epoch: 7, Steps: 134 | Train: 0.1681686 Vali: 0.1442592 Test: 0.1766761
[diag 3b-7]  freq.rs=-0.4952 mask.mean=0.501 mask.std=0.221  mrt.rs=+0.4601
EarlyStopping counter: 6 out of 10
Updating learning rate to 0.0020480000000000003
    iters: 100, epoch: 8 | loss: 0.2270530 | speed: 0.0178s/iter; left: 29s
Epoch: 8, Steps: 134 | Train: 0.1630646 Vali: 0.1455898 Test: 0.1773700
[diag 3b-8]  freq.rs=-0.5010 mask.mean=0.503 mask.std=0.226  mrt.rs=+0.4600
EarlyStopping counter: 7 out of 10
Updating learning rate to 0.0016384000000000004
    iters: 100, epoch: 9 | loss: 0.1545567 | speed: 0.0181s/iter; left: 27s
Epoch: 9, Steps: 134 | Train: 0.1594186 Vali: 0.1458160 Test: 0.1785796
[diag 3b-9]  freq.rs=-0.5005 mask.mean=0.504 mask.std=0.230  mrt.rs=+0.4601
EarlyStopping counter: 8 out of 10
Updating learning rate to 0.0013107200000000005
    iters: 100, epoch: 10 | loss: 0.1388092 | speed: 0.0185s/iter; left: 25s
Epoch: 10, Steps: 134 | Train: 0.1562741 Vali: 0.1488557 Test: 0.1805422
[diag 3b-10]  freq.rs=-0.4966 mask.mean=0.504 mask.std=0.233  mrt.rs=+0.4578
EarlyStopping counter: 9 out of 10
Updating learning rate to 0.0010485760000000005
    iters: 100, epoch: 11 | loss: 0.1588890 | speed: 0.0283s/iter; left: 35s
Epoch: 11, Steps: 134 | Train: 0.1539078 Vali: 0.1471113 Test: 0.1809584
[diag 3b-11]  freq.rs=-0.4950 mask.mean=0.504 mask.std=0.236  mrt.rs=+0.4583
EarlyStopping counter: 10 out of 10
Early stopping at epoch 11

============================================================
FINAL RESULT (Stage 3b): mse=0.1624, mae=0.2453, smape=41.6462
============================================================
[diag 3b-final]  freq.rs=-0.0453 mask.mean=0.442 mask.std=0.142  mrt.rs=+0.4177
