============================================================
CONFIGURATION
============================================================
Device     : cuda:0
Dataset    : ettm2
Pred len   : 192
Seed       : 2024

--- Data ---
enc_in     : 7
seq_len    : 96
cycle      : 96
use_revin  : 1
batch_size : 256

--- Model ---
model_type : mlp
d_model    : 512
mrt_layers : 1
freq_layers: 0
fusion     : mode=serial, gate=0, sparsity=0.0

--- Training ---
base_lr    : 0.005
Stage1     : epochs=30, patience=15
Stage2     : epochs=3, patience=3, freeze_backbone=1
Stage3     : SKIPPED (stage2_only)
============================================================

============================================================
STAGE 1: Train MRT only (freq_layers=0)
============================================================
train 34273
val 11329
test 11329
    iters: 100, epoch: 1 | loss: 0.3285691 | speed: 0.0338s/iter; left: 132s
Epoch: 1, Steps: 133 | Train: 0.3503935 Vali: 0.1738490 Test: 0.2471536
Validation loss decreased (inf --> 0.173849).  Saving model ...
Updating learning rate to 0.005
    iters: 100, epoch: 2 | loss: 0.2477753 | speed: 0.0286s/iter; left: 107s
Epoch: 2, Steps: 133 | Train: 0.3264306 Vali: 0.1635713 Test: 0.2311602
Validation loss decreased (0.173849 --> 0.163571).  Saving model ...
Updating learning rate to 0.005
    iters: 100, epoch: 3 | loss: 0.2661076 | speed: 0.0266s/iter; left: 97s
Epoch: 3, Steps: 133 | Train: 0.3076979 Vali: 0.1613362 Test: 0.2255033
Validation loss decreased (0.163571 --> 0.161336).  Saving model ...
Updating learning rate to 0.005
    iters: 100, epoch: 4 | loss: 0.3489702 | speed: 0.0245s/iter; left: 86s
Epoch: 4, Steps: 133 | Train: 0.2992952 Vali: 0.1624717 Test: 0.2275719
EarlyStopping counter: 1 out of 15
Updating learning rate to 0.004
    iters: 100, epoch: 5 | loss: 0.2670113 | speed: 0.0254s/iter; left: 85s
Epoch: 5, Steps: 133 | Train: 0.2957071 Vali: 0.1714514 Test: 0.2284853
EarlyStopping counter: 2 out of 15
Updating learning rate to 0.0032000000000000006
    iters: 100, epoch: 6 | loss: 0.2376996 | speed: 0.0254s/iter; left: 82s
Epoch: 6, Steps: 133 | Train: 0.2846414 Vali: 0.1748968 Test: 0.2283087
EarlyStopping counter: 3 out of 15
Updating learning rate to 0.0025600000000000006
    iters: 100, epoch: 7 | loss: 0.2481371 | speed: 0.0234s/iter; left: 72s
Epoch: 7, Steps: 133 | Train: 0.2732047 Vali: 0.1796310 Test: 0.2320897
EarlyStopping counter: 4 out of 15
Updating learning rate to 0.0020480000000000003
    iters: 100, epoch: 8 | loss: 0.2691989 | speed: 0.0227s/iter; left: 67s
Epoch: 8, Steps: 133 | Train: 0.2654319 Vali: 0.1867866 Test: 0.2362993
EarlyStopping counter: 5 out of 15
Updating learning rate to 0.0016384000000000004
    iters: 100, epoch: 9 | loss: 0.2287770 | speed: 0.0232s/iter; left: 66s
Epoch: 9, Steps: 133 | Train: 0.2587070 Vali: 0.1915684 Test: 0.2387325
EarlyStopping counter: 6 out of 15
Updating learning rate to 0.0013107200000000005
    iters: 100, epoch: 10 | loss: 0.2604299 | speed: 0.0237s/iter; left: 64s
Epoch: 10, Steps: 133 | Train: 0.2531439 Vali: 0.1930250 Test: 0.2404543
EarlyStopping counter: 7 out of 15
Updating learning rate to 0.0010485760000000005
    iters: 100, epoch: 11 | loss: 0.2014474 | speed: 0.0223s/iter; left: 57s
Epoch: 11, Steps: 133 | Train: 0.2482661 Vali: 0.1952000 Test: 0.2425440
EarlyStopping counter: 8 out of 15
Updating learning rate to 0.0008388608000000005
    iters: 100, epoch: 12 | loss: 0.2506028 | speed: 0.0240s/iter; left: 58s
Epoch: 12, Steps: 133 | Train: 0.2451430 Vali: 0.1968694 Test: 0.2440145
EarlyStopping counter: 9 out of 15
Updating learning rate to 0.0006710886400000003
    iters: 100, epoch: 13 | loss: 0.2157313 | speed: 0.0238s/iter; left: 55s
Epoch: 13, Steps: 133 | Train: 0.2421385 Vali: 0.1980220 Test: 0.2446185
EarlyStopping counter: 10 out of 15
Updating learning rate to 0.0005368709120000003
    iters: 100, epoch: 14 | loss: 0.2390721 | speed: 0.0257s/iter; left: 56s
Epoch: 14, Steps: 133 | Train: 0.2398323 Vali: 0.2010087 Test: 0.2464525
EarlyStopping counter: 11 out of 15
Updating learning rate to 0.0004294967296000003
    iters: 100, epoch: 15 | loss: 0.1906894 | speed: 0.0257s/iter; left: 52s
Epoch: 15, Steps: 133 | Train: 0.2385109 Vali: 0.2003106 Test: 0.2465421
EarlyStopping counter: 12 out of 15
Updating learning rate to 0.0003435973836800002
    iters: 100, epoch: 16 | loss: 0.2757376 | speed: 0.0234s/iter; left: 44s
Epoch: 16, Steps: 133 | Train: 0.2368910 Vali: 0.2019352 Test: 0.2478967
EarlyStopping counter: 13 out of 15
Updating learning rate to 0.0002748779069440002
    iters: 100, epoch: 17 | loss: 0.2612837 | speed: 0.0412s/iter; left: 73s
Epoch: 17, Steps: 133 | Train: 0.2358138 Vali: 0.2034148 Test: 0.2486161
EarlyStopping counter: 14 out of 15
Updating learning rate to 0.00021990232555520019
    iters: 100, epoch: 18 | loss: 0.1894513 | speed: 0.0272s/iter; left: 44s
Epoch: 18, Steps: 133 | Train: 0.2347904 Vali: 0.2027566 Test: 0.2486238
EarlyStopping counter: 15 out of 15
Early stopping at epoch 18
STAGE 1 RESULT: mse=0.2276, mae=0.2889, smape=46.4492

============================================================
STAGE 2: Load MRT + add Freq branch (frozen backbone/MRT/cycle, max_epochs=3, patience=3)
============================================================
train 34273
val 11329
test 11329
Loaded 10 params from stage1, 0 new (Freq branch)
Trainable: 344 / 149,261 (0.2%)  freeze_backbone=1
    iters: 100, epoch: 1 | loss: 0.3325176 | speed: 0.0263s/iter; left: 8s
Epoch: 1, Train: 0.3008476 Vali: 0.1616131
[diag s2-1]  freq.rs=+0.0178 mask.mean=0.439 mask.std=0.141  mrt.rs=+0.4308
Validation loss decreased (inf --> 0.161613).  Saving model ...
    iters: 100, epoch: 2 | loss: 0.2842607 | speed: 0.0247s/iter; left: 4s
Epoch: 2, Train: 0.3009421 Vali: 0.1615305
[diag s2-2]  freq.rs=+0.0339 mask.mean=0.442 mask.std=0.142  mrt.rs=+0.4308
Validation loss decreased (0.161613 --> 0.161531).  Saving model ...
    iters: 100, epoch: 3 | loss: 0.3696326 | speed: 0.0254s/iter; left: 1s
Epoch: 3, Train: 0.2997975 Vali: 0.1616173
[diag s2-3]  freq.rs=+0.0504 mask.mean=0.444 mask.std=0.142  mrt.rs=+0.4308
EarlyStopping counter: 1 out of 3
STAGE 2 complete.

============================================================
STAGE 2 ONLY: Testing from Stage 2 checkpoint
============================================================
train 34273
val 11329
test 11329
[diag stage2-final]  freq.rs=+0.0339 mask.mean=0.442 mask.std=0.142  mrt.rs=+0.4308

============================================================
FINAL RESULT (Stage 2 only): mse=0.2277, mae=0.2890, smape=46.4591
============================================================
