============================================================
CONFIGURATION
============================================================
Device     : cuda:0
Dataset    : ettm2
Pred len   : 336
Seed       : 2024

--- Data ---
enc_in     : 7
seq_len    : 96
cycle      : 96
use_revin  : 1
batch_size : 256

--- Model ---
model_type : mlp
d_model    : 512
mrt_layers : 1
freq_layers: 0
fusion     : mode=serial, gate=0, sparsity=0.0

--- Training ---
base_lr    : 0.005
Stage1     : epochs=30, patience=15
Stage2     : epochs=3, patience=3, freeze_backbone=1
Stage3 FreDF: True
Stage3a    : epochs=12, patience=6
Stage3b    : epochs=20, patience=10, freq×0.67 model×0.33 mrt×0.10
============================================================

============================================================
STAGE 1: Train MRT only (freq_layers=0)
============================================================
train 34129
val 11185
test 11185
    iters: 100, epoch: 1 | loss: 0.5884537 | speed: 0.0371s/iter; left: 144s
Epoch: 1, Steps: 133 | Train: 0.4514566 Vali: 0.2218349 Test: 0.3084316
Validation loss decreased (inf --> 0.221835).  Saving model ...
Updating learning rate to 0.005
    iters: 100, epoch: 2 | loss: 0.3015711 | speed: 0.0263s/iter; left: 99s
Epoch: 2, Steps: 133 | Train: 0.4296689 Vali: 0.2122975 Test: 0.2898143
Validation loss decreased (0.221835 --> 0.212298).  Saving model ...
Updating learning rate to 0.005
    iters: 100, epoch: 3 | loss: 0.3639725 | speed: 0.0270s/iter; left: 98s
Epoch: 3, Steps: 133 | Train: 0.4070341 Vali: 0.2067263 Test: 0.2827477
Validation loss decreased (0.212298 --> 0.206726).  Saving model ...
Updating learning rate to 0.005
    iters: 100, epoch: 4 | loss: 0.4228570 | speed: 0.0291s/iter; left: 102s
Epoch: 4, Steps: 133 | Train: 0.3968629 Vali: 0.2109669 Test: 0.2832846
EarlyStopping counter: 1 out of 15
Updating learning rate to 0.004
    iters: 100, epoch: 5 | loss: 0.4206688 | speed: 0.0215s/iter; left: 72s
Epoch: 5, Steps: 133 | Train: 0.3816738 Vali: 0.2274091 Test: 0.2872674
EarlyStopping counter: 2 out of 15
Updating learning rate to 0.0032000000000000006
    iters: 100, epoch: 6 | loss: 0.3950697 | speed: 0.0251s/iter; left: 81s
Epoch: 6, Steps: 133 | Train: 0.3649953 Vali: 0.2302204 Test: 0.2883788
EarlyStopping counter: 3 out of 15
Updating learning rate to 0.0025600000000000006
    iters: 100, epoch: 7 | loss: 0.3724291 | speed: 0.0268s/iter; left: 83s
Epoch: 7, Steps: 133 | Train: 0.3551153 Vali: 0.2379637 Test: 0.2913147
EarlyStopping counter: 4 out of 15
Updating learning rate to 0.0020480000000000003
    iters: 100, epoch: 8 | loss: 0.3228778 | speed: 0.0262s/iter; left: 78s
Epoch: 8, Steps: 133 | Train: 0.3465935 Vali: 0.2416610 Test: 0.2947268
EarlyStopping counter: 5 out of 15
Updating learning rate to 0.0016384000000000004
    iters: 100, epoch: 9 | loss: 0.2937957 | speed: 0.0256s/iter; left: 72s
Epoch: 9, Steps: 133 | Train: 0.3390284 Vali: 0.2448106 Test: 0.2969069
EarlyStopping counter: 6 out of 15
Updating learning rate to 0.0013107200000000005
    iters: 100, epoch: 10 | loss: 0.3536597 | speed: 0.0214s/iter; left: 58s
Epoch: 10, Steps: 133 | Train: 0.3332899 Vali: 0.2468594 Test: 0.2990161
EarlyStopping counter: 7 out of 15
Updating learning rate to 0.0010485760000000005
    iters: 100, epoch: 11 | loss: 0.3617553 | speed: 0.0221s/iter; left: 57s
Epoch: 11, Steps: 133 | Train: 0.3277808 Vali: 0.2510059 Test: 0.3012274
EarlyStopping counter: 8 out of 15
Updating learning rate to 0.0008388608000000005
    iters: 100, epoch: 12 | loss: 0.3130481 | speed: 0.0280s/iter; left: 68s
Epoch: 12, Steps: 133 | Train: 0.3237608 Vali: 0.2500923 Test: 0.3018640
EarlyStopping counter: 9 out of 15
Updating learning rate to 0.0006710886400000003
    iters: 100, epoch: 13 | loss: 0.2762055 | speed: 0.0253s/iter; left: 58s
Epoch: 13, Steps: 133 | Train: 0.3204483 Vali: 0.2515450 Test: 0.3032850
EarlyStopping counter: 10 out of 15
Updating learning rate to 0.0005368709120000003
    iters: 100, epoch: 14 | loss: 0.2994317 | speed: 0.0252s/iter; left: 55s
Epoch: 14, Steps: 133 | Train: 0.3178875 Vali: 0.2541771 Test: 0.3048910
EarlyStopping counter: 11 out of 15
Updating learning rate to 0.0004294967296000003
    iters: 100, epoch: 15 | loss: 0.2508514 | speed: 0.0270s/iter; left: 55s
Epoch: 15, Steps: 133 | Train: 0.3158186 Vali: 0.2548423 Test: 0.3059900
EarlyStopping counter: 12 out of 15
Updating learning rate to 0.0003435973836800002
    iters: 100, epoch: 16 | loss: 0.2716241 | speed: 0.0259s/iter; left: 49s
Epoch: 16, Steps: 133 | Train: 0.3139491 Vali: 0.2562209 Test: 0.3070861
EarlyStopping counter: 13 out of 15
Updating learning rate to 0.0002748779069440002
    iters: 100, epoch: 17 | loss: 0.3735799 | speed: 0.0253s/iter; left: 45s
Epoch: 17, Steps: 133 | Train: 0.3128425 Vali: 0.2555800 Test: 0.3068126
EarlyStopping counter: 14 out of 15
Updating learning rate to 0.00021990232555520019
    iters: 100, epoch: 18 | loss: 0.2594582 | speed: 0.0289s/iter; left: 47s
Epoch: 18, Steps: 133 | Train: 0.3115271 Vali: 0.2566116 Test: 0.3083375
EarlyStopping counter: 15 out of 15
Early stopping at epoch 18
STAGE 1 RESULT: mse=0.2840, mae=0.3278, smape=50.7681

============================================================
STAGE 2: Load MRT + add Freq branch (frozen backbone/MRT/cycle, max_epochs=3, patience=3)
============================================================
train 34129
val 11185
test 11185
Loaded 10 params from stage1, 0 new (Freq branch)
Trainable: 344 / 223,133 (0.2%)  freeze_backbone=1
    iters: 100, epoch: 1 | loss: 0.9661582 | speed: 0.0193s/iter; left: 6s
Epoch: 1, Train: 1.0088510 Vali: 0.2064341
[diag s2-1]  freq.rs=+0.0174 mask.mean=0.439 mask.std=0.141  mrt.rs=+0.4678
Validation loss decreased (inf --> 0.206434).  Saving model ...
    iters: 100, epoch: 2 | loss: 0.9939528 | speed: 0.0248s/iter; left: 4s
Epoch: 2, Train: 1.0089326 Vali: 0.2067992
[diag s2-2]  freq.rs=+0.0358 mask.mean=0.440 mask.std=0.141  mrt.rs=+0.4678
EarlyStopping counter: 1 out of 3
    iters: 100, epoch: 3 | loss: 1.1803346 | speed: 0.0234s/iter; left: 1s
Epoch: 3, Train: 1.0082135 Vali: 0.2067233
[diag s2-3]  freq.rs=+0.0540 mask.mean=0.440 mask.std=0.141  mrt.rs=+0.4678
EarlyStopping counter: 2 out of 3
STAGE 2 complete.

============================================================
SKIPPING Stage 3a (--no_stage3a): Stage 2 -> Stage 3b directly
============================================================

============================================================
STAGE 3b: Unfreeze all, group-wise LR (base=0.001500, max_epochs=20, patience=10) + FreDF(α=0.8)
  LR groups: freq/gate ×0.67, model ×0.33, mrt/cycle ×0.10
============================================================
train 34129
val 11185
test 11185
Loaded stage3a checkpoint, unfreezing all parameters.
  Group freq/gate: 344 params, LR=0.001005
  Group model: 222,032 params, LR=0.000495
  Group mrt/cycle: 757 params, LR=0.000150
    iters: 100, epoch: 1 | loss: 0.9859669 | speed: 0.0280s/iter; left: 72s
Epoch: 1, Steps: 133 | Train: 1.0042330 Vali: 0.2068060 Test: 0.2814954
[diag 3b-1]  freq.rs=+0.0206 mask.mean=0.439 mask.std=0.141  mrt.rs=+0.4633
Validation loss decreased (inf --> 0.206806).  Saving model ...
Updating learning rate to 0.005
    iters: 100, epoch: 2 | loss: 1.0894073 | speed: 0.0299s/iter; left: 73s
Epoch: 2, Steps: 133 | Train: 1.0003455 Vali: 0.2089904 Test: 0.2799570
[diag 3b-2]  freq.rs=-0.2217 mask.mean=0.453 mask.std=0.159  mrt.rs=+0.4852
EarlyStopping counter: 1 out of 10
Updating learning rate to 0.005
    iters: 100, epoch: 3 | loss: 0.9969401 | speed: 0.0263s/iter; left: 60s
Epoch: 3, Steps: 133 | Train: 0.9879213 Vali: 0.2186106 Test: 0.2816601
[diag 3b-3]  freq.rs=-0.3864 mask.mean=0.475 mask.std=0.192  mrt.rs=+0.4941
EarlyStopping counter: 2 out of 10
Updating learning rate to 0.005
    iters: 100, epoch: 4 | loss: 1.0276793 | speed: 0.0222s/iter; left: 48s
Epoch: 4, Steps: 133 | Train: 0.9809916 Vali: 0.2166677 Test: 0.2810468
[diag 3b-4]  freq.rs=-0.5287 mask.mean=0.495 mask.std=0.215  mrt.rs=+0.5045
EarlyStopping counter: 3 out of 10
Updating learning rate to 0.004
    iters: 100, epoch: 5 | loss: 0.9826686 | speed: 0.0298s/iter; left: 61s
Epoch: 5, Steps: 133 | Train: 0.9675463 Vali: 0.2238230 Test: 0.2834442
[diag 3b-5]  freq.rs=-0.5569 mask.mean=0.501 mask.std=0.226  mrt.rs=+0.4974
EarlyStopping counter: 4 out of 10
Updating learning rate to 0.0032000000000000006
    iters: 100, epoch: 6 | loss: 0.9519657 | speed: 0.0276s/iter; left: 52s
Epoch: 6, Steps: 133 | Train: 0.9585560 Vali: 0.2376115 Test: 0.2948054
[diag 3b-6]  freq.rs=-0.5645 mask.mean=0.504 mask.std=0.234  mrt.rs=+0.4955
EarlyStopping counter: 5 out of 10
Updating learning rate to 0.0025600000000000006
    iters: 100, epoch: 7 | loss: 0.9760020 | speed: 0.0262s/iter; left: 46s
Epoch: 7, Steps: 133 | Train: 0.9481668 Vali: 0.2286590 Test: 0.2869501
[diag 3b-7]  freq.rs=-0.5708 mask.mean=0.505 mask.std=0.240  mrt.rs=+0.5001
EarlyStopping counter: 6 out of 10
Updating learning rate to 0.0020480000000000003
    iters: 100, epoch: 8 | loss: 0.9592244 | speed: 0.0234s/iter; left: 38s
Epoch: 8, Steps: 133 | Train: 0.9400220 Vali: 0.2348722 Test: 0.2914483
[diag 3b-8]  freq.rs=-0.5654 mask.mean=0.505 mask.std=0.244  mrt.rs=+0.4954
EarlyStopping counter: 7 out of 10
Updating learning rate to 0.0016384000000000004
    iters: 100, epoch: 9 | loss: 0.9160917 | speed: 0.0277s/iter; left: 42s
Epoch: 9, Steps: 133 | Train: 0.9332771 Vali: 0.2348846 Test: 0.2925448
[diag 3b-9]  freq.rs=-0.5607 mask.mean=0.505 mask.std=0.247  mrt.rs=+0.4953
EarlyStopping counter: 8 out of 10
Updating learning rate to 0.0013107200000000005
    iters: 100, epoch: 10 | loss: 0.9076462 | speed: 0.0256s/iter; left: 35s
Epoch: 10, Steps: 133 | Train: 0.9276333 Vali: 0.2347989 Test: 0.2950336
[diag 3b-10]  freq.rs=-0.5527 mask.mean=0.504 mask.std=0.249  mrt.rs=+0.4936
EarlyStopping counter: 9 out of 10
Updating learning rate to 0.0010485760000000005
    iters: 100, epoch: 11 | loss: 0.8699800 | speed: 0.0257s/iter; left: 32s
Epoch: 11, Steps: 133 | Train: 0.9232438 Vali: 0.2359627 Test: 0.2951951
[diag 3b-11]  freq.rs=-0.5452 mask.mean=0.503 mask.std=0.251  mrt.rs=+0.4923
EarlyStopping counter: 10 out of 10
Early stopping at epoch 11

============================================================
FINAL RESULT (Stage 3b): mse=0.2828, mae=0.3255, smape=50.5385
============================================================
[diag 3b-final]  freq.rs=+0.0206 mask.mean=0.439 mask.std=0.141  mrt.rs=+0.4633
