============================================================
CONFIGURATION
============================================================
Device     : cuda:0
Dataset    : ettm2
Pred len   : 720
Seed       : 2024

--- Data ---
enc_in     : 7
seq_len    : 96
cycle      : 96
use_revin  : 1
batch_size : 256

--- Model ---
model_type : mlp
d_model    : 512
mrt_layers : 1
freq_layers: 0
fusion     : mode=serial, gate=0, sparsity=0.0

--- Training ---
base_lr    : 0.005
Stage1     : epochs=30, patience=15
Stage2     : epochs=3, patience=3, freeze_backbone=0
Stage3     : SKIPPED (stage2_only)
============================================================

============================================================
STAGE 1: Train MRT only (freq_layers=0)
============================================================
train 33745
val 10801
test 10801
    iters: 100, epoch: 1 | loss: 0.5191592 | speed: 0.0477s/iter; left: 183s
Epoch: 1, Steps: 131 | Train: 0.5941881 Vali: 0.2906349 Test: 0.4122788
Validation loss decreased (inf --> 0.290635).  Saving model ...
Updating learning rate to 0.005
    iters: 100, epoch: 2 | loss: 0.5323136 | speed: 0.0318s/iter; left: 118s
Epoch: 2, Steps: 131 | Train: 0.5776856 Vali: 0.2813998 Test: 0.4012007
Validation loss decreased (0.290635 --> 0.281400).  Saving model ...
Updating learning rate to 0.005
    iters: 100, epoch: 3 | loss: 0.4334291 | speed: 0.0296s/iter; left: 106s
Epoch: 3, Steps: 131 | Train: 0.5533031 Vali: 0.2775089 Test: 0.3872571
Validation loss decreased (0.281400 --> 0.277509).  Saving model ...
Updating learning rate to 0.005
    iters: 100, epoch: 4 | loss: 0.5481934 | speed: 0.0309s/iter; left: 106s
Epoch: 4, Steps: 131 | Train: 0.5425274 Vali: 0.2894995 Test: 0.3915160
EarlyStopping counter: 1 out of 15
Updating learning rate to 0.004
    iters: 100, epoch: 5 | loss: 0.4739566 | speed: 0.0303s/iter; left: 100s
Epoch: 5, Steps: 131 | Train: 0.5219804 Vali: 0.2963573 Test: 0.3939648
EarlyStopping counter: 2 out of 15
Updating learning rate to 0.0032000000000000006
    iters: 100, epoch: 6 | loss: 0.4409368 | speed: 0.0299s/iter; left: 95s
Epoch: 6, Steps: 131 | Train: 0.5095189 Vali: 0.2933038 Test: 0.3960239
EarlyStopping counter: 3 out of 15
Updating learning rate to 0.0025600000000000006
    iters: 100, epoch: 7 | loss: 0.4521774 | speed: 0.0304s/iter; left: 93s
Epoch: 7, Steps: 131 | Train: 0.5005932 Vali: 0.2948787 Test: 0.3948214
EarlyStopping counter: 4 out of 15
Updating learning rate to 0.0020480000000000003
    iters: 100, epoch: 8 | loss: 0.5404162 | speed: 0.0297s/iter; left: 87s
Epoch: 8, Steps: 131 | Train: 0.4901654 Vali: 0.3003151 Test: 0.4009872
EarlyStopping counter: 5 out of 15
Updating learning rate to 0.0016384000000000004
    iters: 100, epoch: 9 | loss: 0.5071220 | speed: 0.0302s/iter; left: 84s
Epoch: 9, Steps: 131 | Train: 0.4787416 Vali: 0.3128569 Test: 0.4092238
EarlyStopping counter: 6 out of 15
Updating learning rate to 0.0013107200000000005
    iters: 100, epoch: 10 | loss: 0.4343889 | speed: 0.0292s/iter; left: 77s
Epoch: 10, Steps: 131 | Train: 0.4717522 Vali: 0.3054778 Test: 0.4068583
EarlyStopping counter: 7 out of 15
Updating learning rate to 0.0010485760000000005
    iters: 100, epoch: 11 | loss: 0.3872791 | speed: 0.0301s/iter; left: 76s
Epoch: 11, Steps: 131 | Train: 0.4664908 Vali: 0.3093851 Test: 0.4110763
EarlyStopping counter: 8 out of 15
Updating learning rate to 0.0008388608000000005
    iters: 100, epoch: 12 | loss: 0.3926311 | speed: 0.0354s/iter; left: 85s
Epoch: 12, Steps: 131 | Train: 0.4605347 Vali: 0.3161398 Test: 0.4153002
EarlyStopping counter: 9 out of 15
Updating learning rate to 0.0006710886400000003
    iters: 100, epoch: 13 | loss: 0.4526274 | speed: 0.0282s/iter; left: 64s
Epoch: 13, Steps: 131 | Train: 0.4575133 Vali: 0.3147026 Test: 0.4154265
EarlyStopping counter: 10 out of 15
Updating learning rate to 0.0005368709120000003
    iters: 100, epoch: 14 | loss: 0.5459468 | speed: 0.0297s/iter; left: 63s
Epoch: 14, Steps: 131 | Train: 0.4542769 Vali: 0.3141074 Test: 0.4162708
EarlyStopping counter: 11 out of 15
Updating learning rate to 0.0004294967296000003
    iters: 100, epoch: 15 | loss: 0.4299167 | speed: 0.0291s/iter; left: 58s
Epoch: 15, Steps: 131 | Train: 0.4524282 Vali: 0.3157276 Test: 0.4177488
EarlyStopping counter: 12 out of 15
Updating learning rate to 0.0003435973836800002
    iters: 100, epoch: 16 | loss: 0.4509702 | speed: 0.0322s/iter; left: 60s
Epoch: 16, Steps: 131 | Train: 0.4501606 Vali: 0.3153107 Test: 0.4170587
EarlyStopping counter: 13 out of 15
Updating learning rate to 0.0002748779069440002
    iters: 100, epoch: 17 | loss: 0.4407964 | speed: 0.0310s/iter; left: 54s
Epoch: 17, Steps: 131 | Train: 0.4486031 Vali: 0.3174456 Test: 0.4186508
EarlyStopping counter: 14 out of 15
Updating learning rate to 0.00021990232555520019
    iters: 100, epoch: 18 | loss: 0.4366359 | speed: 0.0300s/iter; left: 48s
Epoch: 18, Steps: 131 | Train: 0.4471093 Vali: 0.3168527 Test: 0.4182164
EarlyStopping counter: 15 out of 15
Early stopping at epoch 18
STAGE 1 RESULT: mse=0.3806, mae=0.3850, smape=57.0727

============================================================
STAGE 2: Load MRT + add Freq branch (frozen backbone/MRT/cycle, max_epochs=3, patience=3)
============================================================
train 33745
val 10801
test 10801
Loaded 10 params from stage1, 0 new (Freq branch)
Trainable: 419,368 / 420,125 (99.8%)  freeze_backbone=0
    iters: 100, epoch: 1 | loss: 1.3794031 | speed: 0.0289s/iter; left: 9s
Epoch: 1, Train: 1.4548559 Vali: 0.2762166
[diag s2-1]  freq.rs=-0.0102 mask.mean=0.438 mask.std=0.141  mrt.rs=+0.4659
Validation loss decreased (inf --> 0.276217).  Saving model ...
    iters: 100, epoch: 2 | loss: 1.5300533 | speed: 0.0298s/iter; left: 5s
Epoch: 2, Train: 1.4504176 Vali: 0.2763906
[diag s2-2]  freq.rs=-0.0121 mask.mean=0.439 mask.std=0.142  mrt.rs=+0.4659
EarlyStopping counter: 1 out of 3
    iters: 100, epoch: 3 | loss: 1.4200975 | speed: 0.0268s/iter; left: 1s
Epoch: 3, Train: 1.4477819 Vali: 0.2762357
[diag s2-3]  freq.rs=-0.0126 mask.mean=0.439 mask.std=0.142  mrt.rs=+0.4659
EarlyStopping counter: 2 out of 3
STAGE 2 complete.

============================================================
STAGE 2 ONLY: Testing from Stage 2 checkpoint
============================================================
train 33745
val 10801
test 10801
[diag stage2-final]  freq.rs=-0.0102 mask.mean=0.438 mask.std=0.141  mrt.rs=+0.4659

============================================================
FINAL RESULT (Stage 2 only): mse=0.3786, mae=0.3827, smape=56.7127
============================================================
