============================================================
CONFIGURATION
============================================================
Device     : cuda:0
Dataset    : ettm2
Pred len   : 96
Seed       : 2024

--- Data ---
enc_in     : 7
seq_len    : 96
cycle      : 96
use_revin  : 1
batch_size : 256

--- Model ---
model_type : mlp
d_model    : 512
mrt_layers : 1
freq_layers: 0
fusion     : mode=serial, gate=0, sparsity=0.0

--- Training ---
base_lr    : 0.005
Stage1     : epochs=30, patience=15
Stage2     : epochs=3, patience=3, freeze_backbone=1
Stage3     : SKIPPED (stage2_only)
============================================================

============================================================
STAGE 1: Train MRT only (freq_layers=0)
============================================================
train 34369
val 11425
test 11425
    iters: 100, epoch: 1 | loss: 0.3065302 | speed: 0.0256s/iter; left: 100s
Epoch: 1, Steps: 134 | Train: 0.2582052 Vali: 0.1297999 Test: 0.1850648
Validation loss decreased (inf --> 0.129800).  Saving model ...
Updating learning rate to 0.005
    iters: 100, epoch: 2 | loss: 0.2410358 | speed: 0.0154s/iter; left: 58s
Epoch: 2, Steps: 134 | Train: 0.2304161 Vali: 0.1199552 Test: 0.1686112
Validation loss decreased (0.129800 --> 0.119955).  Saving model ...
Updating learning rate to 0.005
    iters: 100, epoch: 3 | loss: 0.1573550 | speed: 0.0164s/iter; left: 60s
Epoch: 3, Steps: 134 | Train: 0.2134625 Vali: 0.1196843 Test: 0.1648968
Validation loss decreased (0.119955 --> 0.119684).  Saving model ...
Updating learning rate to 0.005
    iters: 100, epoch: 4 | loss: 0.1875411 | speed: 0.0161s/iter; left: 57s
Epoch: 4, Steps: 134 | Train: 0.2071532 Vali: 0.1171710 Test: 0.1624397
Validation loss decreased (0.119684 --> 0.117171).  Saving model ...
Updating learning rate to 0.004
    iters: 100, epoch: 5 | loss: 0.2386640 | speed: 0.0160s/iter; left: 54s
Epoch: 5, Steps: 134 | Train: 0.2020777 Vali: 0.1198311 Test: 0.1637917
EarlyStopping counter: 1 out of 15
Updating learning rate to 0.0032000000000000006
    iters: 100, epoch: 6 | loss: 0.2196491 | speed: 0.0165s/iter; left: 54s
Epoch: 6, Steps: 134 | Train: 0.1962404 Vali: 0.1228642 Test: 0.1628046
EarlyStopping counter: 2 out of 15
Updating learning rate to 0.0025600000000000006
    iters: 100, epoch: 7 | loss: 0.1878055 | speed: 0.0159s/iter; left: 50s
Epoch: 7, Steps: 134 | Train: 0.1910220 Vali: 0.1276310 Test: 0.1648746
EarlyStopping counter: 3 out of 15
Updating learning rate to 0.0020480000000000003
    iters: 100, epoch: 8 | loss: 0.2115771 | speed: 0.0156s/iter; left: 46s
Epoch: 8, Steps: 134 | Train: 0.1850843 Vali: 0.1292293 Test: 0.1656755
EarlyStopping counter: 4 out of 15
Updating learning rate to 0.0016384000000000004
    iters: 100, epoch: 9 | loss: 0.2100753 | speed: 0.0169s/iter; left: 48s
Epoch: 9, Steps: 134 | Train: 0.1812185 Vali: 0.1333870 Test: 0.1677290
EarlyStopping counter: 5 out of 15
Updating learning rate to 0.0013107200000000005
    iters: 100, epoch: 10 | loss: 0.1913729 | speed: 0.0151s/iter; left: 41s
Epoch: 10, Steps: 134 | Train: 0.1768832 Vali: 0.1341809 Test: 0.1689257
EarlyStopping counter: 6 out of 15
Updating learning rate to 0.0010485760000000005
    iters: 100, epoch: 11 | loss: 0.1474985 | speed: 0.0164s/iter; left: 42s
Epoch: 11, Steps: 134 | Train: 0.1734125 Vali: 0.1351223 Test: 0.1698504
EarlyStopping counter: 7 out of 15
Updating learning rate to 0.0008388608000000005
    iters: 100, epoch: 12 | loss: 0.1678080 | speed: 0.0171s/iter; left: 42s
Epoch: 12, Steps: 134 | Train: 0.1707364 Vali: 0.1366534 Test: 0.1700008
EarlyStopping counter: 8 out of 15
Updating learning rate to 0.0006710886400000003
    iters: 100, epoch: 13 | loss: 0.1575649 | speed: 0.0168s/iter; left: 39s
Epoch: 13, Steps: 134 | Train: 0.1686941 Vali: 0.1375957 Test: 0.1706796
EarlyStopping counter: 9 out of 15
Updating learning rate to 0.0005368709120000003
    iters: 100, epoch: 14 | loss: 0.1652693 | speed: 0.0172s/iter; left: 38s
Epoch: 14, Steps: 134 | Train: 0.1668881 Vali: 0.1373123 Test: 0.1711389
EarlyStopping counter: 10 out of 15
Updating learning rate to 0.0004294967296000003
    iters: 100, epoch: 15 | loss: 0.1525418 | speed: 0.0162s/iter; left: 33s
Epoch: 15, Steps: 134 | Train: 0.1657402 Vali: 0.1394931 Test: 0.1716836
EarlyStopping counter: 11 out of 15
Updating learning rate to 0.0003435973836800002
    iters: 100, epoch: 16 | loss: 0.1376385 | speed: 0.0156s/iter; left: 30s
Epoch: 16, Steps: 134 | Train: 0.1644680 Vali: 0.1401611 Test: 0.1723565
EarlyStopping counter: 12 out of 15
Updating learning rate to 0.0002748779069440002
    iters: 100, epoch: 17 | loss: 0.1676888 | speed: 0.0157s/iter; left: 28s
Epoch: 17, Steps: 134 | Train: 0.1634354 Vali: 0.1407831 Test: 0.1726388
EarlyStopping counter: 13 out of 15
Updating learning rate to 0.00021990232555520019
    iters: 100, epoch: 18 | loss: 0.2057077 | speed: 0.0151s/iter; left: 25s
Epoch: 18, Steps: 134 | Train: 0.1629490 Vali: 0.1410924 Test: 0.1728932
EarlyStopping counter: 14 out of 15
Updating learning rate to 0.00017592186044416015
    iters: 100, epoch: 19 | loss: 0.1730061 | speed: 0.0163s/iter; left: 25s
Epoch: 19, Steps: 134 | Train: 0.1624127 Vali: 0.1408433 Test: 0.1729841
EarlyStopping counter: 15 out of 15
Early stopping at epoch 19
STAGE 1 RESULT: mse=0.1631, mae=0.2459, smape=41.7868

============================================================
STAGE 2: Load MRT + add Freq branch (frozen backbone/MRT/cycle, max_epochs=3, patience=3)
============================================================
train 34369
val 11425
test 11425
Loaded 10 params from stage1, 0 new (Freq branch)
Trainable: 344 / 100,013 (0.3%)  freeze_backbone=1
    iters: 100, epoch: 1 | loss: 0.4418987 | speed: 0.0150s/iter; left: 5s
Epoch: 1, Train: 0.5078158 Vali: 0.1169391
[diag s2-1]  freq.rs=-0.0213 mask.mean=0.440 mask.std=0.142  mrt.rs=+0.4170
Validation loss decreased (inf --> 0.116939).  Saving model ...
    iters: 100, epoch: 2 | loss: 0.4966474 | speed: 0.0156s/iter; left: 3s
Epoch: 2, Train: 0.5076698 Vali: 0.1170352
[diag s2-2]  freq.rs=-0.0416 mask.mean=0.444 mask.std=0.143  mrt.rs=+0.4170
EarlyStopping counter: 1 out of 3
    iters: 100, epoch: 3 | loss: 0.4853439 | speed: 0.0221s/iter; left: 1s
Epoch: 3, Train: 0.5074056 Vali: 0.1166774
[diag s2-3]  freq.rs=-0.0608 mask.mean=0.448 mask.std=0.144  mrt.rs=+0.4170
Validation loss decreased (0.116939 --> 0.116677).  Saving model ...
STAGE 2 complete.

============================================================
STAGE 2 ONLY: Testing from Stage 2 checkpoint
============================================================
train 34369
val 11425
test 11425
[diag stage2-final]  freq.rs=-0.0608 mask.mean=0.448 mask.std=0.144  mrt.rs=+0.4170

============================================================
FINAL RESULT (Stage 2 only): mse=0.1628, mae=0.2455, smape=41.7487
============================================================
