============================================================
CONFIGURATION
============================================================
Device     : cuda:0
Dataset    : ettm2
Pred len   : 336
Seed       : 2024

--- Data ---
enc_in     : 7
seq_len    : 96
cycle      : 96
use_revin  : 1
batch_size : 256

--- Model ---
model_type : mlp
d_model    : 512
mrt_layers : 1
freq_layers: 0
fusion     : mode=serial, gate=0, sparsity=0.0

--- Training ---
base_lr    : 0.005
Stage1     : epochs=30, patience=15
Stage2     : epochs=3, patience=3, freeze_backbone=1
Stage3     : SKIPPED (stage2_only)
============================================================

============================================================
STAGE 1: Train MRT only (freq_layers=0)
============================================================
train 34129
val 11185
test 11185
    iters: 100, epoch: 1 | loss: 0.5884538 | speed: 0.0391s/iter; left: 152s
Epoch: 1, Steps: 133 | Train: 0.4514566 Vali: 0.2218349 Test: 0.3084316
Validation loss decreased (inf --> 0.221835).  Saving model ...
Updating learning rate to 0.005
    iters: 100, epoch: 2 | loss: 0.3014779 | speed: 0.0294s/iter; left: 111s
Epoch: 2, Steps: 133 | Train: 0.4296636 Vali: 0.2122623 Test: 0.2898390
Validation loss decreased (0.221835 --> 0.212262).  Saving model ...
Updating learning rate to 0.005
    iters: 100, epoch: 3 | loss: 0.3638365 | speed: 0.0247s/iter; left: 89s
Epoch: 3, Steps: 133 | Train: 0.4070048 Vali: 0.2066515 Test: 0.2827381
Validation loss decreased (0.212262 --> 0.206652).  Saving model ...
Updating learning rate to 0.005
    iters: 100, epoch: 4 | loss: 0.4226475 | speed: 0.0264s/iter; left: 92s
Epoch: 4, Steps: 133 | Train: 0.3967993 Vali: 0.2112763 Test: 0.2830512
EarlyStopping counter: 1 out of 15
Updating learning rate to 0.004
    iters: 100, epoch: 5 | loss: 0.4181996 | speed: 0.0239s/iter; left: 80s
Epoch: 5, Steps: 133 | Train: 0.3806777 Vali: 0.2272464 Test: 0.2871387
EarlyStopping counter: 2 out of 15
Updating learning rate to 0.0032000000000000006
    iters: 100, epoch: 6 | loss: 0.3953849 | speed: 0.0255s/iter; left: 82s
Epoch: 6, Steps: 133 | Train: 0.3644675 Vali: 0.2299129 Test: 0.2882133
EarlyStopping counter: 3 out of 15
Updating learning rate to 0.0025600000000000006
    iters: 100, epoch: 7 | loss: 0.3712365 | speed: 0.0253s/iter; left: 78s
Epoch: 7, Steps: 133 | Train: 0.3551913 Vali: 0.2379118 Test: 0.2911393
EarlyStopping counter: 4 out of 15
Updating learning rate to 0.0020480000000000003
    iters: 100, epoch: 8 | loss: 0.3232136 | speed: 0.0298s/iter; left: 88s
Epoch: 8, Steps: 133 | Train: 0.3468695 Vali: 0.2418743 Test: 0.2943499
EarlyStopping counter: 5 out of 15
Updating learning rate to 0.0016384000000000004
    iters: 100, epoch: 9 | loss: 0.2934284 | speed: 0.0258s/iter; left: 73s
Epoch: 9, Steps: 133 | Train: 0.3395016 Vali: 0.2443229 Test: 0.2963315
EarlyStopping counter: 6 out of 15
Updating learning rate to 0.0013107200000000005
    iters: 100, epoch: 10 | loss: 0.3527904 | speed: 0.0249s/iter; left: 67s
Epoch: 10, Steps: 133 | Train: 0.3338130 Vali: 0.2463758 Test: 0.2982208
EarlyStopping counter: 7 out of 15
Updating learning rate to 0.0010485760000000005
    iters: 100, epoch: 11 | loss: 0.3624121 | speed: 0.0269s/iter; left: 69s
Epoch: 11, Steps: 133 | Train: 0.3283681 Vali: 0.2505235 Test: 0.3004466
EarlyStopping counter: 8 out of 15
Updating learning rate to 0.0008388608000000005
    iters: 100, epoch: 12 | loss: 0.3145072 | speed: 0.0258s/iter; left: 63s
Epoch: 12, Steps: 133 | Train: 0.3243527 Vali: 0.2498671 Test: 0.3011465
EarlyStopping counter: 9 out of 15
Updating learning rate to 0.0006710886400000003
    iters: 100, epoch: 13 | loss: 0.2773036 | speed: 0.0277s/iter; left: 64s
Epoch: 13, Steps: 133 | Train: 0.3211569 Vali: 0.2510912 Test: 0.3025513
EarlyStopping counter: 10 out of 15
Updating learning rate to 0.0005368709120000003
    iters: 100, epoch: 14 | loss: 0.3004196 | speed: 0.0285s/iter; left: 62s
Epoch: 14, Steps: 133 | Train: 0.3185555 Vali: 0.2535956 Test: 0.3041772
EarlyStopping counter: 11 out of 15
Updating learning rate to 0.0004294967296000003
    iters: 100, epoch: 15 | loss: 0.2514625 | speed: 0.0257s/iter; left: 52s
Epoch: 15, Steps: 133 | Train: 0.3165310 Vali: 0.2546222 Test: 0.3054206
EarlyStopping counter: 12 out of 15
Updating learning rate to 0.0003435973836800002
    iters: 100, epoch: 16 | loss: 0.2694050 | speed: 0.0262s/iter; left: 50s
Epoch: 16, Steps: 133 | Train: 0.3146724 Vali: 0.2558711 Test: 0.3063326
EarlyStopping counter: 13 out of 15
Updating learning rate to 0.0002748779069440002
    iters: 100, epoch: 17 | loss: 0.3727572 | speed: 0.0250s/iter; left: 44s
Epoch: 17, Steps: 133 | Train: 0.3135619 Vali: 0.2553406 Test: 0.3062342
EarlyStopping counter: 14 out of 15
Updating learning rate to 0.00021990232555520019
    iters: 100, epoch: 18 | loss: 0.2576813 | speed: 0.0261s/iter; left: 43s
Epoch: 18, Steps: 133 | Train: 0.3122744 Vali: 0.2560663 Test: 0.3075638
EarlyStopping counter: 15 out of 15
Early stopping at epoch 18
STAGE 1 RESULT: mse=0.2840, mae=0.3278, smape=50.7505

============================================================
STAGE 2: Load MRT + add Freq branch (frozen backbone/MRT/cycle, max_epochs=3, patience=3)
============================================================
train 34129
val 11185
test 11185
Loaded 10 params from stage1, 0 new (Freq branch)
Trainable: 344 / 223,133 (0.2%)  freeze_backbone=1
    iters: 100, epoch: 1 | loss: 0.9652987 | speed: 0.0258s/iter; left: 8s
Epoch: 1, Train: 1.0087384 Vali: 0.2063579
[diag s2-1]  freq.rs=+0.0173 mask.mean=0.439 mask.std=0.141  mrt.rs=+0.4670
Validation loss decreased (inf --> 0.206358).  Saving model ...
    iters: 100, epoch: 2 | loss: 0.9942331 | speed: 0.0304s/iter; left: 5s
Epoch: 2, Train: 1.0088198 Vali: 0.2067235
[diag s2-2]  freq.rs=+0.0355 mask.mean=0.440 mask.std=0.141  mrt.rs=+0.4670
EarlyStopping counter: 1 out of 3
    iters: 100, epoch: 3 | loss: 1.1799638 | speed: 0.0249s/iter; left: 1s
Epoch: 3, Train: 1.0081035 Vali: 0.2066466
[diag s2-3]  freq.rs=+0.0537 mask.mean=0.440 mask.std=0.141  mrt.rs=+0.4670
EarlyStopping counter: 2 out of 3
STAGE 2 complete.

============================================================
STAGE 2 ONLY: Testing from Stage 2 checkpoint
============================================================
train 34129
val 11185
test 11185
[diag stage2-final]  freq.rs=+0.0173 mask.mean=0.439 mask.std=0.141  mrt.rs=+0.4670

============================================================
FINAL RESULT (Stage 2 only): mse=0.2840, mae=0.3278, smape=50.7501
============================================================
