============================================================
CONFIGURATION
============================================================
Device     : cuda:0
Dataset    : ettm2
Pred len   : 192
Seed       : 2024

--- Data ---
enc_in     : 7
seq_len    : 96
cycle      : 96
use_revin  : 1
batch_size : 256

--- Model ---
model_type : mlp
d_model    : 512
mrt_layers : 1
freq_layers: 0
fusion     : mode=serial, gate=0, sparsity=0.0

--- Training ---
base_lr    : 0.005
Stage1     : epochs=30, patience=15
Stage2     : epochs=3, patience=3, freeze_backbone=1
Stage3 FreDF: False
Stage3a    : epochs=12, patience=6
Stage3b    : epochs=20, patience=10, freq×0.67 model×0.33 mrt×0.10
============================================================

============================================================
STAGE 1: Train MRT only (freq_layers=0)
============================================================
train 34273
val 11329
test 11329
    iters: 100, epoch: 1 | loss: 0.3285691 | speed: 0.0326s/iter; left: 127s
Epoch: 1, Steps: 133 | Train: 0.3503935 Vali: 0.1738490 Test: 0.2471536
Validation loss decreased (inf --> 0.173849).  Saving model ...
Updating learning rate to 0.005
    iters: 100, epoch: 2 | loss: 0.2477753 | speed: 0.0231s/iter; left: 87s
Epoch: 2, Steps: 133 | Train: 0.3264306 Vali: 0.1635713 Test: 0.2311602
Validation loss decreased (0.173849 --> 0.163571).  Saving model ...
Updating learning rate to 0.005
    iters: 100, epoch: 3 | loss: 0.2660471 | speed: 0.0254s/iter; left: 92s
Epoch: 3, Steps: 133 | Train: 0.3076975 Vali: 0.1613382 Test: 0.2255262
Validation loss decreased (0.163571 --> 0.161338).  Saving model ...
Updating learning rate to 0.005
    iters: 100, epoch: 4 | loss: 0.3489745 | speed: 0.0235s/iter; left: 82s
Epoch: 4, Steps: 133 | Train: 0.2993368 Vali: 0.1624060 Test: 0.2274684
EarlyStopping counter: 1 out of 15
Updating learning rate to 0.004
    iters: 100, epoch: 5 | loss: 0.2668484 | speed: 0.0238s/iter; left: 80s
Epoch: 5, Steps: 133 | Train: 0.2957029 Vali: 0.1716579 Test: 0.2285082
EarlyStopping counter: 2 out of 15
Updating learning rate to 0.0032000000000000006
    iters: 100, epoch: 6 | loss: 0.2376922 | speed: 0.0660s/iter; left: 213s
Epoch: 6, Steps: 133 | Train: 0.2846193 Vali: 0.1748178 Test: 0.2280645
EarlyStopping counter: 3 out of 15
Updating learning rate to 0.0025600000000000006
    iters: 100, epoch: 7 | loss: 0.2473300 | speed: 0.0276s/iter; left: 85s
Epoch: 7, Steps: 133 | Train: 0.2732086 Vali: 0.1794881 Test: 0.2320200
EarlyStopping counter: 4 out of 15
Updating learning rate to 0.0020480000000000003
    iters: 100, epoch: 8 | loss: 0.2695988 | speed: 0.0252s/iter; left: 74s
Epoch: 8, Steps: 133 | Train: 0.2654958 Vali: 0.1866309 Test: 0.2360880
EarlyStopping counter: 5 out of 15
Updating learning rate to 0.0016384000000000004
    iters: 100, epoch: 9 | loss: 0.2286926 | speed: 0.0236s/iter; left: 67s
Epoch: 9, Steps: 133 | Train: 0.2588327 Vali: 0.1913804 Test: 0.2386047
EarlyStopping counter: 6 out of 15
Updating learning rate to 0.0013107200000000005
    iters: 100, epoch: 10 | loss: 0.2608230 | speed: 0.0251s/iter; left: 68s
Epoch: 10, Steps: 133 | Train: 0.2532734 Vali: 0.1930435 Test: 0.2403398
EarlyStopping counter: 7 out of 15
Updating learning rate to 0.0010485760000000005
    iters: 100, epoch: 11 | loss: 0.2007470 | speed: 0.0249s/iter; left: 64s
Epoch: 11, Steps: 133 | Train: 0.2484177 Vali: 0.1949787 Test: 0.2422645
EarlyStopping counter: 8 out of 15
Updating learning rate to 0.0008388608000000005
    iters: 100, epoch: 12 | loss: 0.2476140 | speed: 0.0248s/iter; left: 60s
Epoch: 12, Steps: 133 | Train: 0.2453207 Vali: 0.1968647 Test: 0.2437456
EarlyStopping counter: 9 out of 15
Updating learning rate to 0.0006710886400000003
    iters: 100, epoch: 13 | loss: 0.2165215 | speed: 0.0231s/iter; left: 53s
Epoch: 13, Steps: 133 | Train: 0.2423143 Vali: 0.1978522 Test: 0.2443647
EarlyStopping counter: 10 out of 15
Updating learning rate to 0.0005368709120000003
    iters: 100, epoch: 14 | loss: 0.2386680 | speed: 0.0244s/iter; left: 53s
Epoch: 14, Steps: 133 | Train: 0.2399800 Vali: 0.2009017 Test: 0.2462450
EarlyStopping counter: 11 out of 15
Updating learning rate to 0.0004294967296000003
    iters: 100, epoch: 15 | loss: 0.1910484 | speed: 0.0252s/iter; left: 51s
Epoch: 15, Steps: 133 | Train: 0.2386779 Vali: 0.2001858 Test: 0.2464166
EarlyStopping counter: 12 out of 15
Updating learning rate to 0.0003435973836800002
    iters: 100, epoch: 16 | loss: 0.2760377 | speed: 0.0230s/iter; left: 44s
Epoch: 16, Steps: 133 | Train: 0.2370500 Vali: 0.2018621 Test: 0.2476833
EarlyStopping counter: 13 out of 15
Updating learning rate to 0.0002748779069440002
    iters: 100, epoch: 17 | loss: 0.2603253 | speed: 0.0213s/iter; left: 38s
Epoch: 17, Steps: 133 | Train: 0.2359713 Vali: 0.2032526 Test: 0.2484560
EarlyStopping counter: 14 out of 15
Updating learning rate to 0.00021990232555520019
    iters: 100, epoch: 18 | loss: 0.1889526 | speed: 0.0249s/iter; left: 41s
Epoch: 18, Steps: 133 | Train: 0.2349535 Vali: 0.2026493 Test: 0.2484796
EarlyStopping counter: 15 out of 15
Early stopping at epoch 18
STAGE 1 RESULT: mse=0.2276, mae=0.2890, smape=46.4517

============================================================
STAGE 2: Load MRT + add Freq branch (frozen backbone/MRT/cycle, max_epochs=3, patience=3)
============================================================
train 34273
val 11329
test 11329
Loaded 10 params from stage1, 0 new (Freq branch)
Trainable: 344 / 149,261 (0.2%)  freeze_backbone=1
    iters: 100, epoch: 1 | loss: 0.3323776 | speed: 0.0266s/iter; left: 8s
Epoch: 1, Train: 0.3008306 Vali: 0.1616149
[diag s2-1]  freq.rs=+0.0178 mask.mean=0.439 mask.std=0.141  mrt.rs=+0.4307
Validation loss decreased (inf --> 0.161615).  Saving model ...
    iters: 100, epoch: 2 | loss: 0.2841008 | speed: 0.0254s/iter; left: 4s
Epoch: 2, Train: 0.3009259 Vali: 0.1615320
[diag s2-2]  freq.rs=+0.0340 mask.mean=0.442 mask.std=0.142  mrt.rs=+0.4307
Validation loss decreased (0.161615 --> 0.161532).  Saving model ...
    iters: 100, epoch: 3 | loss: 0.3696228 | speed: 0.0168s/iter; left: 1s
Epoch: 3, Train: 0.2997794 Vali: 0.1616199
[diag s2-3]  freq.rs=+0.0504 mask.mean=0.444 mask.std=0.142  mrt.rs=+0.4307
EarlyStopping counter: 1 out of 3
STAGE 2 complete.

============================================================
SKIPPING Stage 3a (--no_stage3a): Stage 2 -> Stage 3b directly
============================================================

============================================================
STAGE 3b: Unfreeze all, group-wise LR (base=0.001500, max_epochs=20, patience=10) (pure MSE)
  LR groups: freq/gate ×0.67, model ×0.33, mrt/cycle ×0.10
============================================================
train 34273
val 11329
test 11329
Loaded stage3a checkpoint, unfreezing all parameters.
  Group freq/gate: 344 params, LR=0.001005
  Group model: 148,160 params, LR=0.000495
  Group mrt/cycle: 757 params, LR=0.000150
    iters: 100, epoch: 1 | loss: 0.3122753 | speed: 0.0234s/iter; left: 60s
Epoch: 1, Steps: 133 | Train: 0.2986705 Vali: 0.1605435 Test: 0.2251700
[diag 3b-1]  freq.rs=+0.0372 mask.mean=0.442 mask.std=0.142  mrt.rs=+0.4273
Validation loss decreased (inf --> 0.160543).  Saving model ...
Updating learning rate to 0.005
    iters: 100, epoch: 2 | loss: 0.2949569 | speed: 0.0350s/iter; left: 85s
Epoch: 2, Steps: 133 | Train: 0.3009139 Vali: 0.1647197 Test: 0.2273110
[diag 3b-2]  freq.rs=-0.1312 mask.mean=0.448 mask.std=0.146  mrt.rs=+0.4558
EarlyStopping counter: 1 out of 10
Updating learning rate to 0.005
    iters: 100, epoch: 3 | loss: 0.2587392 | speed: 0.0175s/iter; left: 40s
Epoch: 3, Steps: 133 | Train: 0.2914710 Vali: 0.1750303 Test: 0.2302698
[diag 3b-3]  freq.rs=-0.2683 mask.mean=0.462 mask.std=0.162  mrt.rs=+0.4662
EarlyStopping counter: 2 out of 10
Updating learning rate to 0.005
    iters: 100, epoch: 4 | loss: 0.3317808 | speed: 0.0195s/iter; left: 42s
Epoch: 4, Steps: 133 | Train: 0.2808142 Vali: 0.1825804 Test: 0.2353693
[diag 3b-4]  freq.rs=-0.3854 mask.mean=0.475 mask.std=0.187  mrt.rs=+0.4758
EarlyStopping counter: 3 out of 10
Updating learning rate to 0.004
    iters: 100, epoch: 5 | loss: 0.2586686 | speed: 0.0180s/iter; left: 37s
Epoch: 5, Steps: 133 | Train: 0.2657667 Vali: 0.1940168 Test: 0.2418923
[diag 3b-5]  freq.rs=-0.4118 mask.mean=0.480 mask.std=0.206  mrt.rs=+0.4798
EarlyStopping counter: 4 out of 10
Updating learning rate to 0.0032000000000000006
    iters: 100, epoch: 6 | loss: 0.2035827 | speed: 0.0253s/iter; left: 48s
Epoch: 6, Steps: 133 | Train: 0.2536791 Vali: 0.1953371 Test: 0.2445119
[diag 3b-6]  freq.rs=-0.4374 mask.mean=0.483 mask.std=0.217  mrt.rs=+0.4796
EarlyStopping counter: 5 out of 10
Updating learning rate to 0.0025600000000000006
    iters: 100, epoch: 7 | loss: 0.2541171 | speed: 0.0225s/iter; left: 40s
Epoch: 7, Steps: 133 | Train: 0.2452989 Vali: 0.2016996 Test: 0.2479560
[diag 3b-7]  freq.rs=-0.4457 mask.mean=0.484 mask.std=0.225  mrt.rs=+0.4768
EarlyStopping counter: 6 out of 10
Updating learning rate to 0.0020480000000000003
    iters: 100, epoch: 8 | loss: 0.2274027 | speed: 0.0232s/iter; left: 38s
Epoch: 8, Steps: 133 | Train: 0.2377765 Vali: 0.2073704 Test: 0.2534321
[diag 3b-8]  freq.rs=-0.4377 mask.mean=0.485 mask.std=0.230  mrt.rs=+0.4767
EarlyStopping counter: 7 out of 10
Updating learning rate to 0.0016384000000000004
    iters: 100, epoch: 9 | loss: 0.2787938 | speed: 0.0258s/iter; left: 39s
Epoch: 9, Steps: 133 | Train: 0.2322418 Vali: 0.2098371 Test: 0.2535977
[diag 3b-9]  freq.rs=-0.4390 mask.mean=0.485 mask.std=0.234  mrt.rs=+0.4727
EarlyStopping counter: 8 out of 10
Updating learning rate to 0.0013107200000000005
    iters: 100, epoch: 10 | loss: 0.2654298 | speed: 0.0253s/iter; left: 34s
Epoch: 10, Steps: 133 | Train: 0.2280208 Vali: 0.2150065 Test: 0.2574431
[diag 3b-10]  freq.rs=-0.4326 mask.mean=0.484 mask.std=0.236  mrt.rs=+0.4714
EarlyStopping counter: 9 out of 10
Updating learning rate to 0.0010485760000000005
    iters: 100, epoch: 11 | loss: 0.2405792 | speed: 0.0234s/iter; left: 29s
Epoch: 11, Steps: 133 | Train: 0.2247905 Vali: 0.2144674 Test: 0.2569867
[diag 3b-11]  freq.rs=-0.4354 mask.mean=0.484 mask.std=0.239  mrt.rs=+0.4702
EarlyStopping counter: 10 out of 10
Early stopping at epoch 11

============================================================
FINAL RESULT (Stage 3b): mse=0.2273, mae=0.2891, smape=46.5046
============================================================
[diag 3b-final]  freq.rs=+0.0372 mask.mean=0.442 mask.std=0.142  mrt.rs=+0.4273
