============================================================
CONFIGURATION
============================================================
Device     : cuda:0
Dataset    : electricity
Pred len   : 96
Seed       : 2024

--- Data ---
enc_in     : 321
seq_len    : 96
cycle      : 168
use_revin  : 1
batch_size : 64

--- Model ---
model_type : mlp
d_model    : 512
mrt_layers : 1
freq_layers: 0
fusion     : mode=serial, gate=0, sparsity=0.0

--- Training ---
base_lr    : 0.005
Stage1     : epochs=30, patience=15
Stage2     : epochs=3, patience=3, freeze_backbone=1
Stage3     : SKIPPED (stage2_only)
============================================================

============================================================
STAGE 1: Train MRT only (freq_layers=0)
============================================================
train 18221
val 2537
test 5165
    iters: 100, epoch: 1 | loss: 0.2583697 | speed: 0.0610s/iter; left: 514s
    iters: 200, epoch: 1 | loss: 0.2210500 | speed: 0.0433s/iter; left: 360s
Epoch: 1, Steps: 284 | Train: 0.2825474 Vali: 0.1831617 Test: 0.2067880
Validation loss decreased (inf --> 0.183162).  Saving model ...
Updating learning rate to 0.005
    iters: 100, epoch: 2 | loss: 0.1547714 | speed: 0.0531s/iter; left: 432s
    iters: 200, epoch: 2 | loss: 0.1438432 | speed: 0.0430s/iter; left: 346s
Epoch: 2, Steps: 284 | Train: 0.1539767 Vali: 0.1216256 Test: 0.1446735
Validation loss decreased (0.183162 --> 0.121626).  Saving model ...
Updating learning rate to 0.005
    iters: 100, epoch: 3 | loss: 0.1367544 | speed: 0.0493s/iter; left: 387s
    iters: 200, epoch: 3 | loss: 0.1307139 | speed: 0.0428s/iter; left: 332s
Epoch: 3, Steps: 284 | Train: 0.1344000 Vali: 0.1174942 Test: 0.1409552
Validation loss decreased (0.121626 --> 0.117494).  Saving model ...
Updating learning rate to 0.005
    iters: 100, epoch: 4 | loss: 0.1356624 | speed: 0.0501s/iter; left: 379s
    iters: 200, epoch: 4 | loss: 0.1304568 | speed: 0.0423s/iter; left: 316s
Epoch: 4, Steps: 284 | Train: 0.1320793 Vali: 0.1170357 Test: 0.1400972
Validation loss decreased (0.117494 --> 0.117036).  Saving model ...
Updating learning rate to 0.004
    iters: 100, epoch: 5 | loss: 0.1274201 | speed: 0.0504s/iter; left: 367s
    iters: 200, epoch: 5 | loss: 0.1253106 | speed: 0.0432s/iter; left: 310s
Epoch: 5, Steps: 284 | Train: 0.1308565 Vali: 0.1164364 Test: 0.1392789
Validation loss decreased (0.117036 --> 0.116436).  Saving model ...
Updating learning rate to 0.0032000000000000006
    iters: 100, epoch: 6 | loss: 0.1277247 | speed: 0.0512s/iter; left: 359s
    iters: 200, epoch: 6 | loss: 0.1223763 | speed: 0.0439s/iter; left: 303s
Epoch: 6, Steps: 284 | Train: 0.1297302 Vali: 0.1157972 Test: 0.1387168
Validation loss decreased (0.116436 --> 0.115797).  Saving model ...
Updating learning rate to 0.0025600000000000006
    iters: 100, epoch: 7 | loss: 0.1228848 | speed: 0.0502s/iter; left: 337s
    iters: 200, epoch: 7 | loss: 0.1141542 | speed: 0.0447s/iter; left: 295s
Epoch: 7, Steps: 284 | Train: 0.1290768 Vali: 0.1154745 Test: 0.1380055
Validation loss decreased (0.115797 --> 0.115475).  Saving model ...
Updating learning rate to 0.0020480000000000003
    iters: 100, epoch: 8 | loss: 0.1462784 | speed: 0.0526s/iter; left: 339s
    iters: 200, epoch: 8 | loss: 0.1267106 | speed: 0.0443s/iter; left: 280s
Epoch: 8, Steps: 284 | Train: 0.1286593 Vali: 0.1151406 Test: 0.1375191
Validation loss decreased (0.115475 --> 0.115141).  Saving model ...
Updating learning rate to 0.0016384000000000004
    iters: 100, epoch: 9 | loss: 0.1227145 | speed: 0.0567s/iter; left: 348s
    iters: 200, epoch: 9 | loss: 0.1320006 | speed: 0.0461s/iter; left: 279s
Epoch: 9, Steps: 284 | Train: 0.1283262 Vali: 0.1149726 Test: 0.1373744
Validation loss decreased (0.115141 --> 0.114973).  Saving model ...
Updating learning rate to 0.0013107200000000005
    iters: 100, epoch: 10 | loss: 0.1402136 | speed: 0.0539s/iter; left: 316s
    iters: 200, epoch: 10 | loss: 0.1371868 | speed: 0.0442s/iter; left: 255s
Epoch: 10, Steps: 284 | Train: 0.1279734 Vali: 0.1146339 Test: 0.1375334
Validation loss decreased (0.114973 --> 0.114634).  Saving model ...
Updating learning rate to 0.0010485760000000005
    iters: 100, epoch: 11 | loss: 0.1457475 | speed: 0.0549s/iter; left: 306s
    iters: 200, epoch: 11 | loss: 0.1287545 | speed: 0.0454s/iter; left: 249s
Epoch: 11, Steps: 284 | Train: 0.1277323 Vali: 0.1150953 Test: 0.1369830
EarlyStopping counter: 1 out of 15
Updating learning rate to 0.0008388608000000005
    iters: 100, epoch: 12 | loss: 0.1368302 | speed: 0.0520s/iter; left: 275s
    iters: 200, epoch: 12 | loss: 0.1428413 | speed: 0.0475s/iter; left: 247s
Epoch: 12, Steps: 284 | Train: 0.1274559 Vali: 0.1147945 Test: 0.1367578
EarlyStopping counter: 2 out of 15
Updating learning rate to 0.0006710886400000003
    iters: 100, epoch: 13 | loss: 0.1180763 | speed: 0.0529s/iter; left: 265s
    iters: 200, epoch: 13 | loss: 0.1302575 | speed: 0.0450s/iter; left: 221s
Epoch: 13, Steps: 284 | Train: 0.1272983 Vali: 0.1149230 Test: 0.1366634
EarlyStopping counter: 3 out of 15
Updating learning rate to 0.0005368709120000003
    iters: 100, epoch: 14 | loss: 0.1214952 | speed: 0.0569s/iter; left: 269s
    iters: 200, epoch: 14 | loss: 0.1413592 | speed: 0.0506s/iter; left: 234s
Epoch: 14, Steps: 284 | Train: 0.1271314 Vali: 0.1148844 Test: 0.1368960
EarlyStopping counter: 4 out of 15
Updating learning rate to 0.0004294967296000003
    iters: 100, epoch: 15 | loss: 0.1163113 | speed: 0.0558s/iter; left: 248s
    iters: 200, epoch: 15 | loss: 0.1089790 | speed: 0.0445s/iter; left: 193s
Epoch: 15, Steps: 284 | Train: 0.1269602 Vali: 0.1145538 Test: 0.1367740
Validation loss decreased (0.114634 --> 0.114554).  Saving model ...
Updating learning rate to 0.0003435973836800002
    iters: 100, epoch: 16 | loss: 0.1239101 | speed: 0.0564s/iter; left: 235s
    iters: 200, epoch: 16 | loss: 0.1241418 | speed: 0.0462s/iter; left: 188s
Epoch: 16, Steps: 284 | Train: 0.1269570 Vali: 0.1145877 Test: 0.1366356
EarlyStopping counter: 1 out of 15
Updating learning rate to 0.0002748779069440002
    iters: 100, epoch: 17 | loss: 0.1204340 | speed: 0.0574s/iter; left: 222s
    iters: 200, epoch: 17 | loss: 0.1189610 | speed: 0.0503s/iter; left: 190s
Epoch: 17, Steps: 284 | Train: 0.1268182 Vali: 0.1140721 Test: 0.1367379
Validation loss decreased (0.114554 --> 0.114072).  Saving model ...
Updating learning rate to 0.00021990232555520019
    iters: 100, epoch: 18 | loss: 0.1258614 | speed: 0.0528s/iter; left: 190s
    iters: 200, epoch: 18 | loss: 0.1086800 | speed: 0.0452s/iter; left: 158s
Epoch: 18, Steps: 284 | Train: 0.1267370 Vali: 0.1141253 Test: 0.1366029
EarlyStopping counter: 1 out of 15
Updating learning rate to 0.00017592186044416015
    iters: 100, epoch: 19 | loss: 0.1391152 | speed: 0.0569s/iter; left: 188s
    iters: 200, epoch: 19 | loss: 0.1347073 | speed: 0.0502s/iter; left: 161s
Epoch: 19, Steps: 284 | Train: 0.1266638 Vali: 0.1141187 Test: 0.1363341
EarlyStopping counter: 2 out of 15
Updating learning rate to 0.00014073748835532812
    iters: 100, epoch: 20 | loss: 0.1140658 | speed: 0.0534s/iter; left: 162s
    iters: 200, epoch: 20 | loss: 0.1213537 | speed: 0.0477s/iter; left: 140s
Epoch: 20, Steps: 284 | Train: 0.1265129 Vali: 0.1141851 Test: 0.1362896
EarlyStopping counter: 3 out of 15
Updating learning rate to 0.00011258999068426252
    iters: 100, epoch: 21 | loss: 0.1312768 | speed: 0.0597s/iter; left: 164s
    iters: 200, epoch: 21 | loss: 0.1176885 | speed: 0.0474s/iter; left: 125s
Epoch: 21, Steps: 284 | Train: 0.1265129 Vali: 0.1142338 Test: 0.1362893
EarlyStopping counter: 4 out of 15
Updating learning rate to 9.007199254741001e-05
    iters: 100, epoch: 22 | loss: 0.1208015 | speed: 0.0530s/iter; left: 130s
    iters: 200, epoch: 22 | loss: 0.1217866 | speed: 0.0458s/iter; left: 108s
Epoch: 22, Steps: 284 | Train: 0.1264210 Vali: 0.1140874 Test: 0.1362567
EarlyStopping counter: 5 out of 15
Updating learning rate to 7.205759403792801e-05
    iters: 100, epoch: 23 | loss: 0.1309265 | speed: 0.0536s/iter; left: 117s
    iters: 200, epoch: 23 | loss: 0.1282022 | speed: 0.0465s/iter; left: 96s
Epoch: 23, Steps: 284 | Train: 0.1264471 Vali: 0.1138781 Test: 0.1363577
Validation loss decreased (0.114072 --> 0.113878).  Saving model ...
Updating learning rate to 5.764607523034242e-05
    iters: 100, epoch: 24 | loss: 0.1294495 | speed: 0.0587s/iter; left: 111s
    iters: 200, epoch: 24 | loss: 0.1359153 | speed: 0.0508s/iter; left: 91s
Epoch: 24, Steps: 284 | Train: 0.1264353 Vali: 0.1141111 Test: 0.1362072
EarlyStopping counter: 1 out of 15
Updating learning rate to 4.611686018427394e-05
    iters: 100, epoch: 25 | loss: 0.1305343 | speed: 0.0545s/iter; left: 88s
    iters: 200, epoch: 25 | loss: 0.1184052 | speed: 0.0440s/iter; left: 66s
Epoch: 25, Steps: 284 | Train: 0.1263464 Vali: 0.1140791 Test: 0.1362416
EarlyStopping counter: 2 out of 15
Updating learning rate to 3.689348814741915e-05
    iters: 100, epoch: 26 | loss: 0.1406730 | speed: 0.0574s/iter; left: 76s
    iters: 200, epoch: 26 | loss: 0.1183377 | speed: 0.0438s/iter; left: 54s
Epoch: 26, Steps: 284 | Train: 0.1264103 Vali: 0.1138987 Test: 0.1362713
EarlyStopping counter: 3 out of 15
Updating learning rate to 2.951479051793532e-05
    iters: 100, epoch: 27 | loss: 0.1166538 | speed: 0.0539s/iter; left: 56s
    iters: 200, epoch: 27 | loss: 0.1302800 | speed: 0.0457s/iter; left: 43s
Epoch: 27, Steps: 284 | Train: 0.1263459 Vali: 0.1140182 Test: 0.1362140
EarlyStopping counter: 4 out of 15
Updating learning rate to 2.361183241434826e-05
    iters: 100, epoch: 28 | loss: 0.1131565 | speed: 0.0537s/iter; left: 40s
    iters: 200, epoch: 28 | loss: 0.1212195 | speed: 0.0428s/iter; left: 28s
Epoch: 28, Steps: 284 | Train: 0.1263578 Vali: 0.1139242 Test: 0.1361457
EarlyStopping counter: 5 out of 15
Updating learning rate to 1.888946593147861e-05
    iters: 100, epoch: 29 | loss: 0.1258202 | speed: 0.0560s/iter; left: 26s
    iters: 200, epoch: 29 | loss: 0.1438925 | speed: 0.0479s/iter; left: 18s
Epoch: 29, Steps: 284 | Train: 0.1263329 Vali: 0.1141107 Test: 0.1361985
EarlyStopping counter: 6 out of 15
Updating learning rate to 1.5111572745182888e-05
    iters: 100, epoch: 30 | loss: 0.1137576 | speed: 0.0525s/iter; left: 10s
    iters: 200, epoch: 30 | loss: 0.1204704 | speed: 0.0430s/iter; left: 4s
Epoch: 30, Steps: 284 | Train: 0.1263567 Vali: 0.1141116 Test: 0.1361436
EarlyStopping counter: 7 out of 15
Updating learning rate to 1.208925819614631e-05
STAGE 1 RESULT: mse=0.1362, mae=0.2300, smape=46.3194

============================================================
STAGE 2: Load MRT + add Freq branch (frozen backbone/MRT/cycle, max_epochs=3, patience=3)
============================================================
train 18221
val 2537
test 5165
Loaded 10 params from stage1, 0 new (Freq branch)
Trainable: 15,730 / 172,423 (9.1%)  freeze_backbone=1
    iters: 100, epoch: 1 | loss: 0.5055166 | speed: 0.0466s/iter; left: 35s
    iters: 200, epoch: 1 | loss: 0.5132472 | speed: 0.0354s/iter; left: 23s
Epoch: 1, Train: 0.5140204 Vali: 0.1139832
[diag s2-1]  freq.rs=+0.0134 mask.mean=0.438 mask.std=0.141  mrt.rs=-0.4863
Validation loss decreased (inf --> 0.113983).  Saving model ...
    iters: 100, epoch: 2 | loss: 0.5532728 | speed: 0.0474s/iter; left: 22s
    iters: 200, epoch: 2 | loss: 0.5110155 | speed: 0.0351s/iter; left: 13s
Epoch: 2, Train: 0.5141467 Vali: 0.1140516
[diag s2-2]  freq.rs=+0.0131 mask.mean=0.437 mask.std=0.141  mrt.rs=-0.4863
EarlyStopping counter: 1 out of 3
    iters: 100, epoch: 3 | loss: 0.5116950 | speed: 0.0476s/iter; left: 9s
    iters: 200, epoch: 3 | loss: 0.5279392 | speed: 0.0314s/iter; left: 3s
Epoch: 3, Train: 0.5140356 Vali: 0.1141436
[diag s2-3]  freq.rs=+0.0138 mask.mean=0.437 mask.std=0.141  mrt.rs=-0.4863
EarlyStopping counter: 2 out of 3
STAGE 2 complete.

============================================================
STAGE 2 ONLY: Testing from Stage 2 checkpoint
============================================================
train 18221
val 2537
test 5165
[diag stage2-final]  freq.rs=+0.0134 mask.mean=0.438 mask.std=0.141  mrt.rs=-0.4863

============================================================
FINAL RESULT (Stage 2 only): mse=0.1362, mae=0.2299, smape=46.2925
============================================================
