============================================================
CONFIGURATION
============================================================
Device     : cuda:0
Dataset    : electricity
Pred len   : 336
Seed       : 2024

--- Data ---
enc_in     : 321
seq_len    : 96
cycle      : 168
use_revin  : 1
batch_size : 64

--- Model ---
model_type : mlp
d_model    : 512
mrt_layers : 1
freq_layers: 0
fusion     : mode=serial, gate=0, sparsity=0.0

--- Training ---
base_lr    : 0.005
Stage1     : epochs=30, patience=15
Stage2     : epochs=3, patience=3, freeze_backbone=1
Stage3     : SKIPPED (stage2_only)
============================================================

============================================================
STAGE 1: Train MRT only (freq_layers=0)
============================================================
train 17981
val 2297
test 4925
    iters: 100, epoch: 1 | loss: 0.2659149 | speed: 0.0774s/iter; left: 642s
    iters: 200, epoch: 1 | loss: 0.2337206 | speed: 0.0588s/iter; left: 482s
Epoch: 1, Steps: 280 | Train: 0.3105357 Vali: 0.2018522 Test: 0.2286253
Validation loss decreased (inf --> 0.201852).  Saving model ...
Updating learning rate to 0.005
    iters: 100, epoch: 2 | loss: 0.1790718 | speed: 0.0684s/iter; left: 549s
    iters: 200, epoch: 2 | loss: 0.1578460 | speed: 0.0588s/iter; left: 466s
Epoch: 2, Steps: 280 | Train: 0.1913068 Vali: 0.1503173 Test: 0.1759631
Validation loss decreased (0.201852 --> 0.150317).  Saving model ...
Updating learning rate to 0.005
    iters: 100, epoch: 3 | loss: 0.1899046 | speed: 0.0681s/iter; left: 527s
    iters: 200, epoch: 3 | loss: 0.1877883 | speed: 0.0592s/iter; left: 452s
Epoch: 3, Steps: 280 | Train: 0.1742092 Vali: 0.1490796 Test: 0.1775035
Validation loss decreased (0.150317 --> 0.149080).  Saving model ...
Updating learning rate to 0.005
    iters: 100, epoch: 4 | loss: 0.1621252 | speed: 0.0679s/iter; left: 507s
    iters: 200, epoch: 4 | loss: 0.1718215 | speed: 0.0605s/iter; left: 446s
Epoch: 4, Steps: 280 | Train: 0.1712885 Vali: 0.1467260 Test: 0.1733491
Validation loss decreased (0.149080 --> 0.146726).  Saving model ...
Updating learning rate to 0.004
    iters: 100, epoch: 5 | loss: 0.1870496 | speed: 0.0685s/iter; left: 492s
    iters: 200, epoch: 5 | loss: 0.1767002 | speed: 0.0599s/iter; left: 424s
Epoch: 5, Steps: 280 | Train: 0.1699107 Vali: 0.1457057 Test: 0.1724449
Validation loss decreased (0.146726 --> 0.145706).  Saving model ...
Updating learning rate to 0.0032000000000000006
    iters: 100, epoch: 6 | loss: 0.1891813 | speed: 0.0668s/iter; left: 461s
    iters: 200, epoch: 6 | loss: 0.1694720 | speed: 0.0595s/iter; left: 404s
Epoch: 6, Steps: 280 | Train: 0.1689320 Vali: 0.1448405 Test: 0.1718845
Validation loss decreased (0.145706 --> 0.144841).  Saving model ...
Updating learning rate to 0.0025600000000000006
    iters: 100, epoch: 7 | loss: 0.1739807 | speed: 0.0683s/iter; left: 452s
    iters: 200, epoch: 7 | loss: 0.1862525 | speed: 0.0597s/iter; left: 390s
Epoch: 7, Steps: 280 | Train: 0.1679332 Vali: 0.1455965 Test: 0.1724849
EarlyStopping counter: 1 out of 15
Updating learning rate to 0.0020480000000000003
    iters: 100, epoch: 8 | loss: 0.1590630 | speed: 0.0686s/iter; left: 435s
    iters: 200, epoch: 8 | loss: 0.1574392 | speed: 0.0609s/iter; left: 380s
Epoch: 8, Steps: 280 | Train: 0.1671447 Vali: 0.1448804 Test: 0.1708037
EarlyStopping counter: 2 out of 15
Updating learning rate to 0.0016384000000000004
    iters: 100, epoch: 9 | loss: 0.1827687 | speed: 0.0680s/iter; left: 412s
    iters: 200, epoch: 9 | loss: 0.1595561 | speed: 0.0602s/iter; left: 359s
Epoch: 9, Steps: 280 | Train: 0.1664285 Vali: 0.1453525 Test: 0.1703590
EarlyStopping counter: 3 out of 15
Updating learning rate to 0.0013107200000000005
    iters: 100, epoch: 10 | loss: 0.1723751 | speed: 0.0681s/iter; left: 394s
    iters: 200, epoch: 10 | loss: 0.1496891 | speed: 0.0600s/iter; left: 341s
Epoch: 10, Steps: 280 | Train: 0.1656703 Vali: 0.1447391 Test: 0.1710899
Validation loss decreased (0.144841 --> 0.144739).  Saving model ...
Updating learning rate to 0.0010485760000000005
    iters: 100, epoch: 11 | loss: 0.1713218 | speed: 0.0685s/iter; left: 377s
    iters: 200, epoch: 11 | loss: 0.1675492 | speed: 0.0594s/iter; left: 321s
Epoch: 11, Steps: 280 | Train: 0.1651537 Vali: 0.1443625 Test: 0.1722705
Validation loss decreased (0.144739 --> 0.144363).  Saving model ...
Updating learning rate to 0.0008388608000000005
    iters: 100, epoch: 12 | loss: 0.1668952 | speed: 0.0677s/iter; left: 353s
    iters: 200, epoch: 12 | loss: 0.1621776 | speed: 0.0600s/iter; left: 307s
Epoch: 12, Steps: 280 | Train: 0.1648201 Vali: 0.1446298 Test: 0.1726782
EarlyStopping counter: 1 out of 15
Updating learning rate to 0.0006710886400000003
    iters: 100, epoch: 13 | loss: 0.1487663 | speed: 0.0674s/iter; left: 333s
    iters: 200, epoch: 13 | loss: 0.1657140 | speed: 0.0601s/iter; left: 291s
Epoch: 13, Steps: 280 | Train: 0.1644722 Vali: 0.1445523 Test: 0.1714142
EarlyStopping counter: 2 out of 15
Updating learning rate to 0.0005368709120000003
    iters: 100, epoch: 14 | loss: 0.1771171 | speed: 0.0683s/iter; left: 318s
    iters: 200, epoch: 14 | loss: 0.1632952 | speed: 0.0612s/iter; left: 279s
Epoch: 14, Steps: 280 | Train: 0.1641335 Vali: 0.1445637 Test: 0.1715475
EarlyStopping counter: 3 out of 15
Updating learning rate to 0.0004294967296000003
    iters: 100, epoch: 15 | loss: 0.1625853 | speed: 0.0681s/iter; left: 299s
    iters: 200, epoch: 15 | loss: 0.1767871 | speed: 0.0597s/iter; left: 255s
Epoch: 15, Steps: 280 | Train: 0.1638805 Vali: 0.1445837 Test: 0.1712526
EarlyStopping counter: 4 out of 15
Updating learning rate to 0.0003435973836800002
    iters: 100, epoch: 16 | loss: 0.1771009 | speed: 0.0664s/iter; left: 272s
    iters: 200, epoch: 16 | loss: 0.1506836 | speed: 0.0603s/iter; left: 241s
Epoch: 16, Steps: 280 | Train: 0.1636998 Vali: 0.1446504 Test: 0.1714820
EarlyStopping counter: 5 out of 15
Updating learning rate to 0.0002748779069440002
    iters: 100, epoch: 17 | loss: 0.1775001 | speed: 0.0668s/iter; left: 255s
    iters: 200, epoch: 17 | loss: 0.1561200 | speed: 0.0593s/iter; left: 220s
Epoch: 17, Steps: 280 | Train: 0.1636496 Vali: 0.1444701 Test: 0.1713012
EarlyStopping counter: 6 out of 15
Updating learning rate to 0.00021990232555520019
    iters: 100, epoch: 18 | loss: 0.1594027 | speed: 0.0677s/iter; left: 240s
    iters: 200, epoch: 18 | loss: 0.1743503 | speed: 0.0590s/iter; left: 203s
Epoch: 18, Steps: 280 | Train: 0.1634609 Vali: 0.1444208 Test: 0.1711261
EarlyStopping counter: 7 out of 15
Updating learning rate to 0.00017592186044416015
    iters: 100, epoch: 19 | loss: 0.1578687 | speed: 0.0677s/iter; left: 221s
    iters: 200, epoch: 19 | loss: 0.1779826 | speed: 0.0589s/iter; left: 186s
Epoch: 19, Steps: 280 | Train: 0.1633465 Vali: 0.1448606 Test: 0.1712010
EarlyStopping counter: 8 out of 15
Updating learning rate to 0.00014073748835532812
    iters: 100, epoch: 20 | loss: 0.1703875 | speed: 0.0678s/iter; left: 202s
    iters: 200, epoch: 20 | loss: 0.1741094 | speed: 0.0597s/iter; left: 172s
Epoch: 20, Steps: 280 | Train: 0.1632912 Vali: 0.1446391 Test: 0.1713452
EarlyStopping counter: 9 out of 15
Updating learning rate to 0.00011258999068426252
    iters: 100, epoch: 21 | loss: 0.1670857 | speed: 0.0684s/iter; left: 185s
    iters: 200, epoch: 21 | loss: 0.1557042 | speed: 0.0597s/iter; left: 155s
Epoch: 21, Steps: 280 | Train: 0.1631780 Vali: 0.1445049 Test: 0.1712548
EarlyStopping counter: 10 out of 15
Updating learning rate to 9.007199254741001e-05
    iters: 100, epoch: 22 | loss: 0.1674644 | speed: 0.0682s/iter; left: 165s
    iters: 200, epoch: 22 | loss: 0.1659488 | speed: 0.0593s/iter; left: 138s
Epoch: 22, Steps: 280 | Train: 0.1631166 Vali: 0.1443481 Test: 0.1713817
Validation loss decreased (0.144363 --> 0.144348).  Saving model ...
Updating learning rate to 7.205759403792801e-05
    iters: 100, epoch: 23 | loss: 0.1617345 | speed: 0.0681s/iter; left: 146s
    iters: 200, epoch: 23 | loss: 0.1521144 | speed: 0.0604s/iter; left: 123s
Epoch: 23, Steps: 280 | Train: 0.1631002 Vali: 0.1444996 Test: 0.1713922
EarlyStopping counter: 1 out of 15
Updating learning rate to 5.764607523034242e-05
    iters: 100, epoch: 24 | loss: 0.1558549 | speed: 0.0670s/iter; left: 125s
    iters: 200, epoch: 24 | loss: 0.1655357 | speed: 0.0585s/iter; left: 103s
Epoch: 24, Steps: 280 | Train: 0.1630450 Vali: 0.1446307 Test: 0.1712520
EarlyStopping counter: 2 out of 15
Updating learning rate to 4.611686018427394e-05
    iters: 100, epoch: 25 | loss: 0.1752906 | speed: 0.0676s/iter; left: 107s
    iters: 200, epoch: 25 | loss: 0.1560613 | speed: 0.0592s/iter; left: 88s
Epoch: 25, Steps: 280 | Train: 0.1630187 Vali: 0.1445793 Test: 0.1713160
EarlyStopping counter: 3 out of 15
Updating learning rate to 3.689348814741915e-05
    iters: 100, epoch: 26 | loss: 0.1707510 | speed: 0.0666s/iter; left: 87s
    iters: 200, epoch: 26 | loss: 0.1733776 | speed: 0.0600s/iter; left: 72s
Epoch: 26, Steps: 280 | Train: 0.1629066 Vali: 0.1443483 Test: 0.1714558
EarlyStopping counter: 4 out of 15
Updating learning rate to 2.951479051793532e-05
    iters: 100, epoch: 27 | loss: 0.1552228 | speed: 0.0682s/iter; left: 70s
    iters: 200, epoch: 27 | loss: 0.1527910 | speed: 0.0579s/iter; left: 53s
Epoch: 27, Steps: 280 | Train: 0.1629732 Vali: 0.1444013 Test: 0.1713878
EarlyStopping counter: 5 out of 15
Updating learning rate to 2.361183241434826e-05
    iters: 100, epoch: 28 | loss: 0.1603868 | speed: 0.0658s/iter; left: 49s
    iters: 200, epoch: 28 | loss: 0.1520678 | speed: 0.0588s/iter; left: 38s
Epoch: 28, Steps: 280 | Train: 0.1629361 Vali: 0.1445130 Test: 0.1713808
EarlyStopping counter: 6 out of 15
Updating learning rate to 1.888946593147861e-05
    iters: 100, epoch: 29 | loss: 0.1527452 | speed: 0.0669s/iter; left: 31s
    iters: 200, epoch: 29 | loss: 0.1658366 | speed: 0.0592s/iter; left: 21s
Epoch: 29, Steps: 280 | Train: 0.1629475 Vali: 0.1443688 Test: 0.1713559
EarlyStopping counter: 7 out of 15
Updating learning rate to 1.5111572745182888e-05
    iters: 100, epoch: 30 | loss: 0.1510314 | speed: 0.0672s/iter; left: 12s
    iters: 200, epoch: 30 | loss: 0.1445117 | speed: 0.0596s/iter; left: 5s
Epoch: 30, Steps: 280 | Train: 0.1629665 Vali: 0.1443496 Test: 0.1713775
EarlyStopping counter: 8 out of 15
Updating learning rate to 1.208925819614631e-05
STAGE 1 RESULT: mse=0.1713, mae=0.2661, smape=51.3196

============================================================
STAGE 2: Load MRT + add Freq branch (frozen backbone/MRT/cycle, max_epochs=3, patience=3)
============================================================
train 17981
val 2297
test 4925
Loaded 10 params from stage1, 0 new (Freq branch)
Trainable: 15,730 / 295,543 (5.3%)  freeze_backbone=1
    iters: 100, epoch: 1 | loss: 0.9363963 | speed: 0.0639s/iter; left: 47s
    iters: 200, epoch: 1 | loss: 0.8944191 | speed: 0.0477s/iter; left: 31s
Epoch: 1, Train: 0.9316162 Vali: 0.1443302
[diag s2-1]  freq.rs=+0.0016 mask.mean=0.438 mask.std=0.141  mrt.rs=+0.5224
Validation loss decreased (inf --> 0.144330).  Saving model ...
    iters: 100, epoch: 2 | loss: 0.9005601 | speed: 0.0635s/iter; left: 29s
    iters: 200, epoch: 2 | loss: 0.9026967 | speed: 0.0465s/iter; left: 17s
Epoch: 2, Train: 0.9316767 Vali: 0.1445812
[diag s2-2]  freq.rs=+0.0027 mask.mean=0.438 mask.std=0.141  mrt.rs=+0.5224
EarlyStopping counter: 1 out of 3
    iters: 100, epoch: 3 | loss: 0.9257689 | speed: 0.0628s/iter; left: 11s
    iters: 200, epoch: 3 | loss: 0.9371113 | speed: 0.0462s/iter; left: 4s
Epoch: 3, Train: 0.9315585 Vali: 0.1444941
[diag s2-3]  freq.rs=+0.0026 mask.mean=0.438 mask.std=0.141  mrt.rs=+0.5224
EarlyStopping counter: 2 out of 3
STAGE 2 complete.

============================================================
STAGE 2 ONLY: Testing from Stage 2 checkpoint
============================================================
train 17981
val 2297
test 4925
[diag stage2-final]  freq.rs=+0.0016 mask.mean=0.438 mask.std=0.141  mrt.rs=+0.5224

============================================================
FINAL RESULT (Stage 2 only): mse=0.1713, mae=0.2661, smape=51.3173
============================================================
