============================================================
CONFIGURATION
============================================================
Device     : cuda:0
Dataset    : electricity
Pred len   : 720
Seed       : 2024

--- Data ---
enc_in     : 321
seq_len    : 96
cycle      : 168
use_revin  : 1
batch_size : 64

--- Model ---
model_type : mlp
d_model    : 512
mrt_layers : 1
freq_layers: 0
fusion     : mode=serial, gate=0, sparsity=0.0

--- Training ---
base_lr    : 0.005
Stage1     : epochs=30, patience=15
Stage2     : epochs=3, patience=3, freeze_backbone=1
Stage3     : SKIPPED (stage2_only)
============================================================

============================================================
STAGE 1: Train MRT only (freq_layers=0)
============================================================
train 17597
val 1913
test 4541
    iters: 100, epoch: 1 | loss: 0.3369213 | speed: 0.1130s/iter; left: 918s
    iters: 200, epoch: 1 | loss: 0.2748914 | speed: 0.0946s/iter; left: 759s
Epoch: 1, Steps: 274 | Train: 0.3595233 Vali: 0.2364206 Test: 0.2702653
Validation loss decreased (inf --> 0.236421).  Saving model ...
Updating learning rate to 0.005
    iters: 100, epoch: 2 | loss: 0.2299055 | speed: 0.1057s/iter; left: 830s
    iters: 200, epoch: 2 | loss: 0.2504477 | speed: 0.0962s/iter; left: 745s
Epoch: 2, Steps: 274 | Train: 0.2383481 Vali: 0.1836635 Test: 0.2146124
Validation loss decreased (0.236421 --> 0.183664).  Saving model ...
Updating learning rate to 0.005
    iters: 100, epoch: 3 | loss: 0.2400178 | speed: 0.1024s/iter; left: 776s
    iters: 200, epoch: 3 | loss: 0.2131235 | speed: 0.0925s/iter; left: 691s
Epoch: 3, Steps: 274 | Train: 0.2193965 Vali: 0.1783453 Test: 0.2124944
Validation loss decreased (0.183664 --> 0.178345).  Saving model ...
Updating learning rate to 0.005
    iters: 100, epoch: 4 | loss: 0.2022286 | speed: 0.0999s/iter; left: 729s
    iters: 200, epoch: 4 | loss: 0.1984190 | speed: 0.0903s/iter; left: 650s
Epoch: 4, Steps: 274 | Train: 0.2151265 Vali: 0.1791418 Test: 0.2107462
EarlyStopping counter: 1 out of 15
Updating learning rate to 0.004
    iters: 100, epoch: 5 | loss: 0.2261041 | speed: 0.1008s/iter; left: 708s
    iters: 200, epoch: 5 | loss: 0.2096879 | speed: 0.0907s/iter; left: 628s
Epoch: 5, Steps: 274 | Train: 0.2122923 Vali: 0.1767044 Test: 0.2110944
Validation loss decreased (0.178345 --> 0.176704).  Saving model ...
Updating learning rate to 0.0032000000000000006
    iters: 100, epoch: 6 | loss: 0.1948002 | speed: 0.1046s/iter; left: 706s
    iters: 200, epoch: 6 | loss: 0.2063783 | speed: 0.0917s/iter; left: 610s
Epoch: 6, Steps: 274 | Train: 0.2088051 Vali: 0.1763483 Test: 0.2107676
Validation loss decreased (0.176704 --> 0.176348).  Saving model ...
Updating learning rate to 0.0025600000000000006
    iters: 100, epoch: 7 | loss: 0.2073737 | speed: 0.1008s/iter; left: 653s
    iters: 200, epoch: 7 | loss: 0.2140553 | speed: 0.0939s/iter; left: 599s
Epoch: 7, Steps: 274 | Train: 0.2057357 Vali: 0.1771944 Test: 0.2116912
EarlyStopping counter: 1 out of 15
Updating learning rate to 0.0020480000000000003
    iters: 100, epoch: 8 | loss: 0.2064179 | speed: 0.1007s/iter; left: 625s
    iters: 200, epoch: 8 | loss: 0.2026660 | speed: 0.0913s/iter; left: 557s
Epoch: 8, Steps: 274 | Train: 0.2037833 Vali: 0.1786934 Test: 0.2127707
EarlyStopping counter: 2 out of 15
Updating learning rate to 0.0016384000000000004
    iters: 100, epoch: 9 | loss: 0.2056460 | speed: 0.0993s/iter; left: 588s
    iters: 200, epoch: 9 | loss: 0.1896605 | speed: 0.0913s/iter; left: 532s
Epoch: 9, Steps: 274 | Train: 0.2026585 Vali: 0.1790569 Test: 0.2122232
EarlyStopping counter: 3 out of 15
Updating learning rate to 0.0013107200000000005
    iters: 100, epoch: 10 | loss: 0.2012662 | speed: 0.1035s/iter; left: 585s
    iters: 200, epoch: 10 | loss: 0.1948179 | speed: 0.0934s/iter; left: 519s
Epoch: 10, Steps: 274 | Train: 0.2017343 Vali: 0.1795215 Test: 0.2127189
EarlyStopping counter: 4 out of 15
Updating learning rate to 0.0010485760000000005
    iters: 100, epoch: 11 | loss: 0.2034407 | speed: 0.1007s/iter; left: 542s
    iters: 200, epoch: 11 | loss: 0.1981282 | speed: 0.0929s/iter; left: 491s
Epoch: 11, Steps: 274 | Train: 0.2012576 Vali: 0.1811546 Test: 0.2120738
EarlyStopping counter: 5 out of 15
Updating learning rate to 0.0008388608000000005
    iters: 100, epoch: 12 | loss: 0.2040009 | speed: 0.1045s/iter; left: 534s
    iters: 200, epoch: 12 | loss: 0.1828853 | speed: 0.0935s/iter; left: 468s
Epoch: 12, Steps: 274 | Train: 0.2006587 Vali: 0.1805428 Test: 0.2124947
EarlyStopping counter: 6 out of 15
Updating learning rate to 0.0006710886400000003
    iters: 100, epoch: 13 | loss: 0.2008895 | speed: 0.1076s/iter; left: 520s
    iters: 200, epoch: 13 | loss: 0.2163894 | speed: 0.0998s/iter; left: 472s
Epoch: 13, Steps: 274 | Train: 0.2003103 Vali: 0.1801148 Test: 0.2135276
EarlyStopping counter: 7 out of 15
Updating learning rate to 0.0005368709120000003
    iters: 100, epoch: 14 | loss: 0.1936475 | speed: 0.1049s/iter; left: 478s
    iters: 200, epoch: 14 | loss: 0.2036534 | speed: 0.0980s/iter; left: 437s
Epoch: 14, Steps: 274 | Train: 0.1999017 Vali: 0.1804090 Test: 0.2126343
EarlyStopping counter: 8 out of 15
Updating learning rate to 0.0004294967296000003
    iters: 100, epoch: 15 | loss: 0.2076864 | speed: 0.1012s/iter; left: 434s
    iters: 200, epoch: 15 | loss: 0.1902835 | speed: 0.0902s/iter; left: 378s
Epoch: 15, Steps: 274 | Train: 0.1995789 Vali: 0.1803884 Test: 0.2127526
EarlyStopping counter: 9 out of 15
Updating learning rate to 0.0003435973836800002
    iters: 100, epoch: 16 | loss: 0.1925534 | speed: 0.1076s/iter; left: 432s
    iters: 200, epoch: 16 | loss: 0.2045771 | speed: 0.0972s/iter; left: 380s
Epoch: 16, Steps: 274 | Train: 0.1993433 Vali: 0.1800167 Test: 0.2130324
EarlyStopping counter: 10 out of 15
Updating learning rate to 0.0002748779069440002
    iters: 100, epoch: 17 | loss: 0.1880117 | speed: 0.1071s/iter; left: 400s
    iters: 200, epoch: 17 | loss: 0.2049466 | speed: 0.0974s/iter; left: 354s
Epoch: 17, Steps: 274 | Train: 0.1992264 Vali: 0.1797997 Test: 0.2132207
EarlyStopping counter: 11 out of 15
Updating learning rate to 0.00021990232555520019
    iters: 100, epoch: 18 | loss: 0.1947777 | speed: 0.1062s/iter; left: 368s
    iters: 200, epoch: 18 | loss: 0.1981472 | speed: 0.1008s/iter; left: 339s
Epoch: 18, Steps: 274 | Train: 0.1990888 Vali: 0.1799339 Test: 0.2132635
EarlyStopping counter: 12 out of 15
Updating learning rate to 0.00017592186044416015
    iters: 100, epoch: 19 | loss: 0.1996858 | speed: 0.1084s/iter; left: 346s
    iters: 200, epoch: 19 | loss: 0.2082687 | speed: 0.0986s/iter; left: 304s
Epoch: 19, Steps: 274 | Train: 0.1989258 Vali: 0.1801967 Test: 0.2130072
EarlyStopping counter: 13 out of 15
Updating learning rate to 0.00014073748835532812
    iters: 100, epoch: 20 | loss: 0.1968755 | speed: 0.1063s/iter; left: 310s
    iters: 200, epoch: 20 | loss: 0.1989302 | speed: 0.0983s/iter; left: 277s
Epoch: 20, Steps: 274 | Train: 0.1988026 Vali: 0.1796953 Test: 0.2133328
EarlyStopping counter: 14 out of 15
Updating learning rate to 0.00011258999068426252
    iters: 100, epoch: 21 | loss: 0.1930474 | speed: 0.1008s/iter; left: 266s
    iters: 200, epoch: 21 | loss: 0.2064148 | speed: 0.0927s/iter; left: 236s
Epoch: 21, Steps: 274 | Train: 0.1987478 Vali: 0.1803481 Test: 0.2130471
EarlyStopping counter: 15 out of 15
Early stopping at epoch 21
STAGE 1 RESULT: mse=0.2107, mae=0.3015, smape=56.0918

============================================================
STAGE 2: Load MRT + add Freq branch (frozen backbone/MRT/cycle, max_epochs=3, patience=3)
============================================================
train 17597
val 1913
test 4541
Loaded 10 params from stage1, 0 new (Freq branch)
Trainable: 15,730 / 492,535 (3.2%)  freeze_backbone=1
    iters: 100, epoch: 1 | loss: 1.3836145 | speed: 0.0929s/iter; left: 67s
    iters: 200, epoch: 1 | loss: 1.3645662 | speed: 0.0840s/iter; left: 52s
Epoch: 1, Train: 1.3819588 Vali: 0.1768519
[diag s2-1]  freq.rs=+0.0195 mask.mean=0.438 mask.std=0.141  mrt.rs=+0.5364
Validation loss decreased (inf --> 0.176852).  Saving model ...
    iters: 100, epoch: 2 | loss: 1.4091272 | speed: 0.0935s/iter; left: 42s
    iters: 200, epoch: 2 | loss: 1.3647056 | speed: 0.0840s/iter; left: 29s
Epoch: 2, Train: 1.3818060 Vali: 0.1768947
[diag s2-2]  freq.rs=+0.0252 mask.mean=0.437 mask.std=0.140  mrt.rs=+0.5364
EarlyStopping counter: 1 out of 3
    iters: 100, epoch: 3 | loss: 1.3872131 | speed: 0.0918s/iter; left: 16s
    iters: 200, epoch: 3 | loss: 1.3881559 | speed: 0.0843s/iter; left: 6s
Epoch: 3, Train: 1.3818052 Vali: 0.1768531
[diag s2-3]  freq.rs=+0.0282 mask.mean=0.436 mask.std=0.140  mrt.rs=+0.5364
EarlyStopping counter: 2 out of 3
STAGE 2 complete.

============================================================
STAGE 2 ONLY: Testing from Stage 2 checkpoint
============================================================
train 17597
val 1913
test 4541
[diag stage2-final]  freq.rs=+0.0195 mask.mean=0.438 mask.std=0.141  mrt.rs=+0.5364

============================================================
FINAL RESULT (Stage 2 only): mse=0.2106, mae=0.3014, smape=56.0567
============================================================
