============================================================
CONFIGURATION
============================================================
Device     : cuda:0
Dataset    : electricity
Pred len   : 192
Seed       : 2024

--- Data ---
enc_in     : 321
seq_len    : 96
cycle      : 168
use_revin  : 1
batch_size : 64

--- Model ---
model_type : mlp
d_model    : 512
mrt_layers : 1
freq_layers: 0
fusion     : mode=serial, gate=0, sparsity=0.0

--- Training ---
base_lr    : 0.005
Stage1     : epochs=30, patience=15
Stage2     : epochs=3, patience=3, freeze_backbone=1
Stage3     : SKIPPED (stage2_only)
============================================================

============================================================
STAGE 1: Train MRT only (freq_layers=0)
============================================================
train 18125
val 2441
test 5069
    iters: 100, epoch: 1 | loss: 0.2571287 | speed: 0.0744s/iter; left: 625s
    iters: 200, epoch: 1 | loss: 0.2102810 | speed: 0.0548s/iter; left: 454s
Epoch: 1, Steps: 283 | Train: 0.2890155 Vali: 0.1862798 Test: 0.2146743
Validation loss decreased (inf --> 0.186280).  Saving model ...
Updating learning rate to 0.005
    iters: 100, epoch: 2 | loss: 0.1751850 | speed: 0.0642s/iter; left: 520s
    iters: 200, epoch: 2 | loss: 0.1556479 | speed: 0.0557s/iter; left: 446s
Epoch: 2, Steps: 283 | Train: 0.1683677 Vali: 0.1335408 Test: 0.1622198
Validation loss decreased (0.186280 --> 0.133541).  Saving model ...
Updating learning rate to 0.005
    iters: 100, epoch: 3 | loss: 0.1494907 | speed: 0.0573s/iter; left: 449s
    iters: 200, epoch: 3 | loss: 0.1519038 | speed: 0.0532s/iter; left: 411s
Epoch: 3, Steps: 283 | Train: 0.1514075 Vali: 0.1308143 Test: 0.1603299
Validation loss decreased (0.133541 --> 0.130814).  Saving model ...
Updating learning rate to 0.005
    iters: 100, epoch: 4 | loss: 0.1355283 | speed: 0.0663s/iter; left: 500s
    iters: 200, epoch: 4 | loss: 0.1467588 | speed: 0.0564s/iter; left: 419s
Epoch: 4, Steps: 283 | Train: 0.1488564 Vali: 0.1297369 Test: 0.1585810
Validation loss decreased (0.130814 --> 0.129737).  Saving model ...
Updating learning rate to 0.004
    iters: 100, epoch: 5 | loss: 0.1444220 | speed: 0.0646s/iter; left: 469s
    iters: 200, epoch: 5 | loss: 0.1370259 | speed: 0.0568s/iter; left: 406s
Epoch: 5, Steps: 283 | Train: 0.1474434 Vali: 0.1290569 Test: 0.1584461
Validation loss decreased (0.129737 --> 0.129057).  Saving model ...
Updating learning rate to 0.0032000000000000006
    iters: 100, epoch: 6 | loss: 0.1434844 | speed: 0.0661s/iter; left: 461s
    iters: 200, epoch: 6 | loss: 0.1590775 | speed: 0.0565s/iter; left: 389s
Epoch: 6, Steps: 283 | Train: 0.1464817 Vali: 0.1289343 Test: 0.1575222
Validation loss decreased (0.129057 --> 0.128934).  Saving model ...
Updating learning rate to 0.0025600000000000006
    iters: 100, epoch: 7 | loss: 0.1484551 | speed: 0.0677s/iter; left: 453s
    iters: 200, epoch: 7 | loss: 0.1441719 | speed: 0.0556s/iter; left: 367s
Epoch: 7, Steps: 283 | Train: 0.1458763 Vali: 0.1283952 Test: 0.1578180
Validation loss decreased (0.128934 --> 0.128395).  Saving model ...
Updating learning rate to 0.0020480000000000003
    iters: 100, epoch: 8 | loss: 0.1533015 | speed: 0.0654s/iter; left: 419s
    iters: 200, epoch: 8 | loss: 0.1308302 | speed: 0.0503s/iter; left: 317s
Epoch: 8, Steps: 283 | Train: 0.1453864 Vali: 0.1279193 Test: 0.1566815
Validation loss decreased (0.128395 --> 0.127919).  Saving model ...
Updating learning rate to 0.0016384000000000004
    iters: 100, epoch: 9 | loss: 0.1371740 | speed: 0.0654s/iter; left: 401s
    iters: 200, epoch: 9 | loss: 0.1366822 | speed: 0.0582s/iter; left: 351s
Epoch: 9, Steps: 283 | Train: 0.1449559 Vali: 0.1276494 Test: 0.1567081
Validation loss decreased (0.127919 --> 0.127649).  Saving model ...
Updating learning rate to 0.0013107200000000005
    iters: 100, epoch: 10 | loss: 0.1355705 | speed: 0.0648s/iter; left: 379s
    iters: 200, epoch: 10 | loss: 0.1503272 | speed: 0.0569s/iter; left: 327s
Epoch: 10, Steps: 283 | Train: 0.1446485 Vali: 0.1271186 Test: 0.1569644
Validation loss decreased (0.127649 --> 0.127119).  Saving model ...
Updating learning rate to 0.0010485760000000005
    iters: 100, epoch: 11 | loss: 0.1442742 | speed: 0.0642s/iter; left: 357s
    iters: 200, epoch: 11 | loss: 0.1286280 | speed: 0.0552s/iter; left: 301s
Epoch: 11, Steps: 283 | Train: 0.1444819 Vali: 0.1275360 Test: 0.1565025
EarlyStopping counter: 1 out of 15
Updating learning rate to 0.0008388608000000005
    iters: 100, epoch: 12 | loss: 0.1403388 | speed: 0.0687s/iter; left: 363s
    iters: 200, epoch: 12 | loss: 0.1508616 | speed: 0.0573s/iter; left: 297s
Epoch: 12, Steps: 283 | Train: 0.1441700 Vali: 0.1272481 Test: 0.1562081
EarlyStopping counter: 2 out of 15
Updating learning rate to 0.0006710886400000003
    iters: 100, epoch: 13 | loss: 0.1496660 | speed: 0.0652s/iter; left: 326s
    iters: 200, epoch: 13 | loss: 0.1506645 | speed: 0.0521s/iter; left: 255s
Epoch: 13, Steps: 283 | Train: 0.1439542 Vali: 0.1274965 Test: 0.1561767
EarlyStopping counter: 3 out of 15
Updating learning rate to 0.0005368709120000003
    iters: 100, epoch: 14 | loss: 0.1412808 | speed: 0.0649s/iter; left: 306s
    iters: 200, epoch: 14 | loss: 0.1506342 | speed: 0.0563s/iter; left: 259s
Epoch: 14, Steps: 283 | Train: 0.1437437 Vali: 0.1276238 Test: 0.1561949
EarlyStopping counter: 4 out of 15
Updating learning rate to 0.0004294967296000003
    iters: 100, epoch: 15 | loss: 0.1447743 | speed: 0.0666s/iter; left: 295s
    iters: 200, epoch: 15 | loss: 0.1525866 | speed: 0.0591s/iter; left: 256s
Epoch: 15, Steps: 283 | Train: 0.1436034 Vali: 0.1273750 Test: 0.1560680
EarlyStopping counter: 5 out of 15
Updating learning rate to 0.0003435973836800002
    iters: 100, epoch: 16 | loss: 0.1451184 | speed: 0.0661s/iter; left: 274s
    iters: 200, epoch: 16 | loss: 0.1393068 | speed: 0.0569s/iter; left: 230s
Epoch: 16, Steps: 283 | Train: 0.1434470 Vali: 0.1277467 Test: 0.1558941
EarlyStopping counter: 6 out of 15
Updating learning rate to 0.0002748779069440002
    iters: 100, epoch: 17 | loss: 0.1384132 | speed: 0.0658s/iter; left: 254s
    iters: 200, epoch: 17 | loss: 0.1458595 | speed: 0.0599s/iter; left: 225s
Epoch: 17, Steps: 283 | Train: 0.1433602 Vali: 0.1273514 Test: 0.1559407
EarlyStopping counter: 7 out of 15
Updating learning rate to 0.00021990232555520019
    iters: 100, epoch: 18 | loss: 0.1546625 | speed: 0.0641s/iter; left: 229s
    iters: 200, epoch: 18 | loss: 0.1531929 | speed: 0.0517s/iter; left: 180s
Epoch: 18, Steps: 283 | Train: 0.1431996 Vali: 0.1270832 Test: 0.1561702
Validation loss decreased (0.127119 --> 0.127083).  Saving model ...
Updating learning rate to 0.00017592186044416015
    iters: 100, epoch: 19 | loss: 0.1386129 | speed: 0.0657s/iter; left: 216s
    iters: 200, epoch: 19 | loss: 0.1418856 | speed: 0.0558s/iter; left: 178s
Epoch: 19, Steps: 283 | Train: 0.1431276 Vali: 0.1270057 Test: 0.1560767
Validation loss decreased (0.127083 --> 0.127006).  Saving model ...
Updating learning rate to 0.00014073748835532812
    iters: 100, epoch: 20 | loss: 0.1549178 | speed: 0.0676s/iter; left: 204s
    iters: 200, epoch: 20 | loss: 0.1416852 | speed: 0.0543s/iter; left: 158s
Epoch: 20, Steps: 283 | Train: 0.1430472 Vali: 0.1272416 Test: 0.1559350
EarlyStopping counter: 1 out of 15
Updating learning rate to 0.00011258999068426252
    iters: 100, epoch: 21 | loss: 0.1569052 | speed: 0.0645s/iter; left: 176s
    iters: 200, epoch: 21 | loss: 0.1284841 | speed: 0.0490s/iter; left: 129s
Epoch: 21, Steps: 283 | Train: 0.1430034 Vali: 0.1269886 Test: 0.1561102
Validation loss decreased (0.127006 --> 0.126989).  Saving model ...
Updating learning rate to 9.007199254741001e-05
    iters: 100, epoch: 22 | loss: 0.1558839 | speed: 0.0669s/iter; left: 164s
    iters: 200, epoch: 22 | loss: 0.1482522 | speed: 0.0571s/iter; left: 134s
Epoch: 22, Steps: 283 | Train: 0.1429429 Vali: 0.1270081 Test: 0.1560709
EarlyStopping counter: 1 out of 15
Updating learning rate to 7.205759403792801e-05
    iters: 100, epoch: 23 | loss: 0.1418584 | speed: 0.0660s/iter; left: 143s
    iters: 200, epoch: 23 | loss: 0.1542589 | speed: 0.0584s/iter; left: 121s
Epoch: 23, Steps: 283 | Train: 0.1428690 Vali: 0.1270203 Test: 0.1560446
EarlyStopping counter: 2 out of 15
Updating learning rate to 5.764607523034242e-05
    iters: 100, epoch: 24 | loss: 0.1389146 | speed: 0.0647s/iter; left: 122s
    iters: 200, epoch: 24 | loss: 0.1369161 | speed: 0.0577s/iter; left: 103s
Epoch: 24, Steps: 283 | Train: 0.1428689 Vali: 0.1269866 Test: 0.1560018
Validation loss decreased (0.126989 --> 0.126987).  Saving model ...
Updating learning rate to 4.611686018427394e-05
    iters: 100, epoch: 25 | loss: 0.1693720 | speed: 0.0656s/iter; left: 105s
    iters: 200, epoch: 25 | loss: 0.1411839 | speed: 0.0556s/iter; left: 83s
Epoch: 25, Steps: 283 | Train: 0.1428176 Vali: 0.1270337 Test: 0.1559691
EarlyStopping counter: 1 out of 15
Updating learning rate to 3.689348814741915e-05
    iters: 100, epoch: 26 | loss: 0.1608556 | speed: 0.0672s/iter; left: 88s
    iters: 200, epoch: 26 | loss: 0.1450618 | speed: 0.0579s/iter; left: 70s
Epoch: 26, Steps: 283 | Train: 0.1428195 Vali: 0.1270092 Test: 0.1559654
EarlyStopping counter: 2 out of 15
Updating learning rate to 2.951479051793532e-05
    iters: 100, epoch: 27 | loss: 0.1296030 | speed: 0.0654s/iter; left: 68s
    iters: 200, epoch: 27 | loss: 0.1426583 | speed: 0.0552s/iter; left: 51s
Epoch: 27, Steps: 283 | Train: 0.1427888 Vali: 0.1271492 Test: 0.1558730
EarlyStopping counter: 3 out of 15
Updating learning rate to 2.361183241434826e-05
    iters: 100, epoch: 28 | loss: 0.1379683 | speed: 0.0586s/iter; left: 44s
    iters: 200, epoch: 28 | loss: 0.1436461 | speed: 0.0553s/iter; left: 36s
Epoch: 28, Steps: 283 | Train: 0.1427683 Vali: 0.1269675 Test: 0.1559934
Validation loss decreased (0.126987 --> 0.126967).  Saving model ...
Updating learning rate to 1.888946593147861e-05
    iters: 100, epoch: 29 | loss: 0.1331650 | speed: 0.0666s/iter; left: 31s
    iters: 200, epoch: 29 | loss: 0.1411154 | speed: 0.0603s/iter; left: 22s
Epoch: 29, Steps: 283 | Train: 0.1427414 Vali: 0.1270463 Test: 0.1559091
EarlyStopping counter: 1 out of 15
Updating learning rate to 1.5111572745182888e-05
    iters: 100, epoch: 30 | loss: 0.1416131 | speed: 0.0672s/iter; left: 12s
    iters: 200, epoch: 30 | loss: 0.1388468 | speed: 0.0570s/iter; left: 5s
Epoch: 30, Steps: 283 | Train: 0.1427402 Vali: 0.1270840 Test: 0.1559263
EarlyStopping counter: 2 out of 15
Updating learning rate to 1.208925819614631e-05
STAGE 1 RESULT: mse=0.1528, mae=0.2454, smape=48.3615

============================================================
STAGE 2: Load MRT + add Freq branch (frozen backbone/MRT/cycle, max_epochs=3, patience=3)
============================================================
train 18125
val 2441
test 5069
Loaded 10 params from stage1, 0 new (Freq branch)
Trainable: 15,730 / 221,671 (7.1%)  freeze_backbone=1
    iters: 100, epoch: 1 | loss: 0.1422001 | speed: 0.0649s/iter; left: 49s
    iters: 200, epoch: 1 | loss: 0.1464241 | speed: 0.0468s/iter; left: 30s
Epoch: 1, Train: 0.1427354 Vali: 0.1270099
[diag s2-1]  freq.rs=+0.0060 mask.mean=0.438 mask.std=0.141  mrt.rs=+0.5058
Validation loss decreased (inf --> 0.127010).  Saving model ...
    iters: 100, epoch: 2 | loss: 0.1425939 | speed: 0.0580s/iter; left: 27s
    iters: 200, epoch: 2 | loss: 0.1578286 | speed: 0.0454s/iter; left: 17s
Epoch: 2, Train: 0.1427224 Vali: 0.1269919
[diag s2-2]  freq.rs=+0.0052 mask.mean=0.438 mask.std=0.141  mrt.rs=+0.5058
Validation loss decreased (0.127010 --> 0.126992).  Saving model ...
    iters: 100, epoch: 3 | loss: 0.1556662 | speed: 0.0609s/iter; left: 11s
    iters: 200, epoch: 3 | loss: 0.1319257 | speed: 0.0450s/iter; left: 4s
Epoch: 3, Train: 0.1427196 Vali: 0.1270406
[diag s2-3]  freq.rs=+0.0063 mask.mean=0.438 mask.std=0.141  mrt.rs=+0.5058
EarlyStopping counter: 1 out of 3
STAGE 2 complete.

============================================================
STAGE 2 ONLY: Testing from Stage 2 checkpoint
============================================================
train 18125
val 2441
test 5069
[diag stage2-final]  freq.rs=+0.0052 mask.mean=0.438 mask.std=0.141  mrt.rs=+0.5058

============================================================
FINAL RESULT (Stage 2 only): mse=0.1528, mae=0.2454, smape=48.3520
============================================================
