============================================================
CONFIGURATION
============================================================
Device     : cuda:0
Dataset    : solar
Pred len   : 96
Seed       : 2024

--- Data ---
enc_in     : 137
seq_len    : 96
cycle      : 144
use_revin  : 0
batch_size : 64

--- Model ---
model_type : mlp
d_model    : 512
mrt_layers : 1
freq_layers: 0
fusion     : mode=serial, gate=0, sparsity=0.0

--- Training ---
base_lr    : 0.01
Stage1     : epochs=30, patience=15
Stage2     : epochs=3, patience=3, freeze_backbone=1
Stage3 FreDF: False
Stage3a    : epochs=12, patience=6
Stage3b    : epochs=20, patience=10, freq×0.67 model×0.33 mrt×0.10
============================================================

============================================================
STAGE 1: Train MRT only (freq_layers=0)
============================================================
train 36601
val 5161
test 10417
    iters: 100, epoch: 1 | loss: 0.2518978 | speed: 0.0404s/iter; left: 687s
    iters: 200, epoch: 1 | loss: 0.2361575 | speed: 0.0217s/iter; left: 367s
    iters: 300, epoch: 1 | loss: 0.1894106 | speed: 0.0184s/iter; left: 310s
    iters: 400, epoch: 1 | loss: 0.2109566 | speed: 0.0227s/iter; left: 380s
    iters: 500, epoch: 1 | loss: 0.1860235 | speed: 0.0200s/iter; left: 332s
Epoch: 1, Steps: 571 | Train: 0.2343505 Vali: 0.1631808 Test: 0.2312362
Validation loss decreased (inf --> 0.163181).  Saving model ...
Updating learning rate to 0.01
    iters: 100, epoch: 2 | loss: 0.2154351 | speed: 0.0308s/iter; left: 508s
    iters: 200, epoch: 2 | loss: 0.1811592 | speed: 0.0186s/iter; left: 305s
    iters: 300, epoch: 2 | loss: 0.1567375 | speed: 0.0206s/iter; left: 335s
    iters: 400, epoch: 2 | loss: 0.1735912 | speed: 0.0221s/iter; left: 357s
    iters: 500, epoch: 2 | loss: 0.1723752 | speed: 0.0195s/iter; left: 313s
Epoch: 2, Steps: 571 | Train: 0.1797263 Vali: 0.1522630 Test: 0.1815799
Validation loss decreased (0.163181 --> 0.152263).  Saving model ...
Updating learning rate to 0.01
    iters: 100, epoch: 3 | loss: 0.1622426 | speed: 0.0293s/iter; left: 466s
    iters: 200, epoch: 3 | loss: 0.1836713 | speed: 0.0181s/iter; left: 285s
    iters: 300, epoch: 3 | loss: 0.1552321 | speed: 0.0222s/iter; left: 348s
    iters: 400, epoch: 3 | loss: 0.1733406 | speed: 0.0199s/iter; left: 310s
    iters: 500, epoch: 3 | loss: 0.1793746 | speed: 0.0195s/iter; left: 302s
Epoch: 3, Steps: 571 | Train: 0.1674226 Vali: 0.1513943 Test: 0.2108610
Validation loss decreased (0.152263 --> 0.151394).  Saving model ...
Updating learning rate to 0.01
    iters: 100, epoch: 4 | loss: 0.2127739 | speed: 0.0286s/iter; left: 438s
    iters: 200, epoch: 4 | loss: 0.1389739 | speed: 0.0184s/iter; left: 281s
    iters: 300, epoch: 4 | loss: 0.2879204 | speed: 0.0212s/iter; left: 321s
    iters: 400, epoch: 4 | loss: 0.1831499 | speed: 0.0197s/iter; left: 295s
    iters: 500, epoch: 4 | loss: 0.1826437 | speed: 0.0198s/iter; left: 296s
Epoch: 4, Steps: 571 | Train: 0.1650167 Vali: 0.1491113 Test: 0.1849984
Validation loss decreased (0.151394 --> 0.149111).  Saving model ...
Updating learning rate to 0.008
    iters: 100, epoch: 5 | loss: 0.1652189 | speed: 0.0257s/iter; left: 379s
    iters: 200, epoch: 5 | loss: 0.1497703 | speed: 0.0198s/iter; left: 291s
    iters: 300, epoch: 5 | loss: 0.1513841 | speed: 0.0221s/iter; left: 321s
    iters: 400, epoch: 5 | loss: 0.1400523 | speed: 0.0183s/iter; left: 264s
    iters: 500, epoch: 5 | loss: 0.1560506 | speed: 0.0194s/iter; left: 279s
Epoch: 5, Steps: 571 | Train: 0.1613532 Vali: 0.1425912 Test: 0.1872460
Validation loss decreased (0.149111 --> 0.142591).  Saving model ...
Updating learning rate to 0.006400000000000001
    iters: 100, epoch: 6 | loss: 0.1623775 | speed: 0.0298s/iter; left: 422s
    iters: 200, epoch: 6 | loss: 0.1482930 | speed: 0.0192s/iter; left: 270s
    iters: 300, epoch: 6 | loss: 0.1815924 | speed: 0.0228s/iter; left: 319s
    iters: 400, epoch: 6 | loss: 0.1867397 | speed: 0.0210s/iter; left: 292s
    iters: 500, epoch: 6 | loss: 0.1586038 | speed: 0.0190s/iter; left: 262s
Epoch: 6, Steps: 571 | Train: 0.1581036 Vali: 0.1481824 Test: 0.1824042
EarlyStopping counter: 1 out of 15
Updating learning rate to 0.005120000000000001
    iters: 100, epoch: 7 | loss: 0.1486847 | speed: 0.0292s/iter; left: 397s
    iters: 200, epoch: 7 | loss: 0.1561784 | speed: 0.0214s/iter; left: 290s
    iters: 300, epoch: 7 | loss: 0.1420443 | speed: 0.0225s/iter; left: 301s
    iters: 400, epoch: 7 | loss: 0.1093260 | speed: 0.0245s/iter; left: 326s
    iters: 500, epoch: 7 | loss: 0.1285354 | speed: 0.0168s/iter; left: 222s
Epoch: 7, Steps: 571 | Train: 0.1577734 Vali: 0.1414496 Test: 0.1821005
Validation loss decreased (0.142591 --> 0.141450).  Saving model ...
Updating learning rate to 0.004096000000000001
    iters: 100, epoch: 8 | loss: 0.1875921 | speed: 0.0304s/iter; left: 396s
    iters: 200, epoch: 8 | loss: 0.2140458 | speed: 0.0212s/iter; left: 274s
    iters: 300, epoch: 8 | loss: 0.1671246 | speed: 0.0192s/iter; left: 247s
    iters: 400, epoch: 8 | loss: 0.1630618 | speed: 0.0219s/iter; left: 279s
    iters: 500, epoch: 8 | loss: 0.1160889 | speed: 0.0203s/iter; left: 256s
Epoch: 8, Steps: 571 | Train: 0.1555038 Vali: 0.1443926 Test: 0.1935552
EarlyStopping counter: 1 out of 15
Updating learning rate to 0.0032768000000000007
    iters: 100, epoch: 9 | loss: 0.1371510 | speed: 0.0241s/iter; left: 301s
    iters: 200, epoch: 9 | loss: 0.1652665 | speed: 0.0166s/iter; left: 205s
    iters: 300, epoch: 9 | loss: 0.1565944 | speed: 0.0173s/iter; left: 212s
    iters: 400, epoch: 9 | loss: 0.1477241 | speed: 0.0173s/iter; left: 211s
    iters: 500, epoch: 9 | loss: 0.1614665 | speed: 0.0164s/iter; left: 198s
Epoch: 9, Steps: 571 | Train: 0.1537463 Vali: 0.1487530 Test: 0.1957869
EarlyStopping counter: 2 out of 15
Updating learning rate to 0.002621440000000001
    iters: 100, epoch: 10 | loss: 0.1411083 | speed: 0.0291s/iter; left: 346s
    iters: 200, epoch: 10 | loss: 0.1406869 | speed: 0.0181s/iter; left: 214s
    iters: 300, epoch: 10 | loss: 0.1382626 | speed: 0.0202s/iter; left: 237s
    iters: 400, epoch: 10 | loss: 0.1156536 | speed: 0.0202s/iter; left: 234s
    iters: 500, epoch: 10 | loss: 0.1389660 | speed: 0.0183s/iter; left: 211s
Epoch: 10, Steps: 571 | Train: 0.1524829 Vali: 0.1477167 Test: 0.1785544
EarlyStopping counter: 3 out of 15
Updating learning rate to 0.002097152000000001
    iters: 100, epoch: 11 | loss: 0.1469047 | speed: 0.0294s/iter; left: 332s
    iters: 200, epoch: 11 | loss: 0.1334807 | speed: 0.0197s/iter; left: 221s
    iters: 300, epoch: 11 | loss: 0.1248278 | speed: 0.0198s/iter; left: 221s
    iters: 400, epoch: 11 | loss: 0.1199387 | speed: 0.0209s/iter; left: 230s
    iters: 500, epoch: 11 | loss: 0.2055868 | speed: 0.0193s/iter; left: 211s
Epoch: 11, Steps: 571 | Train: 0.1508908 Vali: 0.1448780 Test: 0.1861215
EarlyStopping counter: 4 out of 15
Updating learning rate to 0.001677721600000001
    iters: 100, epoch: 12 | loss: 0.1656058 | speed: 0.0278s/iter; left: 299s
    iters: 200, epoch: 12 | loss: 0.1780480 | speed: 0.0215s/iter; left: 229s
    iters: 300, epoch: 12 | loss: 0.1610080 | speed: 0.0183s/iter; left: 193s
    iters: 400, epoch: 12 | loss: 0.1624948 | speed: 0.0196s/iter; left: 204s
    iters: 500, epoch: 12 | loss: 0.1223670 | speed: 0.0204s/iter; left: 211s
Epoch: 12, Steps: 571 | Train: 0.1503537 Vali: 0.1436107 Test: 0.1828698
EarlyStopping counter: 5 out of 15
Updating learning rate to 0.0013421772800000006
    iters: 100, epoch: 13 | loss: 0.1639098 | speed: 0.0268s/iter; left: 273s
    iters: 200, epoch: 13 | loss: 0.1206966 | speed: 0.0212s/iter; left: 214s
    iters: 300, epoch: 13 | loss: 0.1532980 | speed: 0.0206s/iter; left: 205s
    iters: 400, epoch: 13 | loss: 0.1334549 | speed: 0.0187s/iter; left: 184s
    iters: 500, epoch: 13 | loss: 0.1207721 | speed: 0.0197s/iter; left: 193s
Epoch: 13, Steps: 571 | Train: 0.1493556 Vali: 0.1504130 Test: 0.1874793
EarlyStopping counter: 6 out of 15
Updating learning rate to 0.0010737418240000006
    iters: 100, epoch: 14 | loss: 0.1865770 | speed: 0.0284s/iter; left: 273s
    iters: 200, epoch: 14 | loss: 0.1643183 | speed: 0.0189s/iter; left: 179s
    iters: 300, epoch: 14 | loss: 0.1219659 | speed: 0.0204s/iter; left: 192s
    iters: 400, epoch: 14 | loss: 0.1272201 | speed: 0.0203s/iter; left: 189s
    iters: 500, epoch: 14 | loss: 0.1639845 | speed: 0.0194s/iter; left: 179s
Epoch: 14, Steps: 571 | Train: 0.1486218 Vali: 0.1474570 Test: 0.1885998
EarlyStopping counter: 7 out of 15
Updating learning rate to 0.0008589934592000006
    iters: 100, epoch: 15 | loss: 0.1709737 | speed: 0.0280s/iter; left: 253s
    iters: 200, epoch: 15 | loss: 0.1480507 | speed: 0.0198s/iter; left: 177s
    iters: 300, epoch: 15 | loss: 0.2014504 | speed: 0.0178s/iter; left: 158s
    iters: 400, epoch: 15 | loss: 0.1716351 | speed: 0.0206s/iter; left: 180s
    iters: 500, epoch: 15 | loss: 0.1550984 | speed: 0.0200s/iter; left: 173s
Epoch: 15, Steps: 571 | Train: 0.1480880 Vali: 0.1472960 Test: 0.1827569
EarlyStopping counter: 8 out of 15
Updating learning rate to 0.0006871947673600004
    iters: 100, epoch: 16 | loss: 0.1492953 | speed: 0.0280s/iter; left: 237s
    iters: 200, epoch: 16 | loss: 0.1257197 | speed: 0.0211s/iter; left: 176s
    iters: 300, epoch: 16 | loss: 0.1170746 | speed: 0.0195s/iter; left: 161s
    iters: 400, epoch: 16 | loss: 0.1250428 | speed: 0.0180s/iter; left: 147s
    iters: 500, epoch: 16 | loss: 0.1532022 | speed: 0.0210s/iter; left: 169s
Epoch: 16, Steps: 571 | Train: 0.1475197 Vali: 0.1460932 Test: 0.1835834
EarlyStopping counter: 9 out of 15
Updating learning rate to 0.0005497558138880004
    iters: 100, epoch: 17 | loss: 0.1313107 | speed: 0.0283s/iter; left: 224s
    iters: 200, epoch: 17 | loss: 0.1348578 | speed: 0.0197s/iter; left: 153s
    iters: 300, epoch: 17 | loss: 0.1414855 | speed: 0.0208s/iter; left: 160s
    iters: 400, epoch: 17 | loss: 0.1491103 | speed: 0.0200s/iter; left: 152s
    iters: 500, epoch: 17 | loss: 0.1667562 | speed: 0.0188s/iter; left: 141s
Epoch: 17, Steps: 571 | Train: 0.1472005 Vali: 0.1497562 Test: 0.1854763
EarlyStopping counter: 10 out of 15
Updating learning rate to 0.00043980465111040037
    iters: 100, epoch: 18 | loss: 0.1335098 | speed: 0.0299s/iter; left: 219s
    iters: 200, epoch: 18 | loss: 0.1336389 | speed: 0.0187s/iter; left: 135s
    iters: 300, epoch: 18 | loss: 0.1345487 | speed: 0.0189s/iter; left: 135s
    iters: 400, epoch: 18 | loss: 0.1081304 | speed: 0.0198s/iter; left: 139s
    iters: 500, epoch: 18 | loss: 0.1360652 | speed: 0.0198s/iter; left: 137s
Epoch: 18, Steps: 571 | Train: 0.1469254 Vali: 0.1473140 Test: 0.1853091
EarlyStopping counter: 11 out of 15
Updating learning rate to 0.0003518437208883203
    iters: 100, epoch: 19 | loss: 0.1340921 | speed: 0.0272s/iter; left: 184s
    iters: 200, epoch: 19 | loss: 0.1432989 | speed: 0.0196s/iter; left: 130s
    iters: 300, epoch: 19 | loss: 0.1540036 | speed: 0.0202s/iter; left: 132s
    iters: 400, epoch: 19 | loss: 0.1574903 | speed: 0.0187s/iter; left: 121s
    iters: 500, epoch: 19 | loss: 0.1393894 | speed: 0.0188s/iter; left: 119s
Epoch: 19, Steps: 571 | Train: 0.1464881 Vali: 0.1490402 Test: 0.1850729
EarlyStopping counter: 12 out of 15
Updating learning rate to 0.00028147497671065624
    iters: 100, epoch: 20 | loss: 0.1584696 | speed: 0.0283s/iter; left: 175s
    iters: 200, epoch: 20 | loss: 0.1430097 | speed: 0.0204s/iter; left: 124s
    iters: 300, epoch: 20 | loss: 0.1480636 | speed: 0.0191s/iter; left: 114s
    iters: 400, epoch: 20 | loss: 0.1280697 | speed: 0.0211s/iter; left: 124s
    iters: 500, epoch: 20 | loss: 0.1529185 | speed: 0.0200s/iter; left: 115s
Epoch: 20, Steps: 571 | Train: 0.1463869 Vali: 0.1490183 Test: 0.1870660
EarlyStopping counter: 13 out of 15
Updating learning rate to 0.00022517998136852504
    iters: 100, epoch: 21 | loss: 0.1313107 | speed: 0.0229s/iter; left: 129s
    iters: 200, epoch: 21 | loss: 0.1491332 | speed: 0.0160s/iter; left: 88s
    iters: 300, epoch: 21 | loss: 0.1359881 | speed: 0.0160s/iter; left: 87s
    iters: 400, epoch: 21 | loss: 0.1727195 | speed: 0.0159s/iter; left: 84s
    iters: 500, epoch: 21 | loss: 0.1569824 | speed: 0.0160s/iter; left: 83s
Epoch: 21, Steps: 571 | Train: 0.1461137 Vali: 0.1466640 Test: 0.1855010
EarlyStopping counter: 14 out of 15
Updating learning rate to 0.00018014398509482002
    iters: 100, epoch: 22 | loss: 0.1425694 | speed: 0.0274s/iter; left: 138s
    iters: 200, epoch: 22 | loss: 0.1386205 | speed: 0.0203s/iter; left: 100s
    iters: 300, epoch: 22 | loss: 0.1390077 | speed: 0.0209s/iter; left: 101s
    iters: 400, epoch: 22 | loss: 0.1572013 | speed: 0.0209s/iter; left: 99s
    iters: 500, epoch: 22 | loss: 0.1424514 | speed: 0.0222s/iter; left: 103s
Epoch: 22, Steps: 571 | Train: 0.1459084 Vali: 0.1521404 Test: 0.1857963
EarlyStopping counter: 15 out of 15
Early stopping at epoch 22
STAGE 1 RESULT: mse=0.1813, mae=0.2507, smape=41.2343

============================================================
STAGE 2: Load MRT + add Freq branch (frozen backbone/MRT/cycle, max_epochs=3, patience=3)
============================================================
train 36601
val 5161
test 10417
Loaded 10 params from stage1, 0 new (Freq branch)
Trainable: 6,714 / 126,999 (5.3%)  freeze_backbone=1
    iters: 100, epoch: 1 | loss: 0.5459646 | speed: 0.0260s/iter; left: 42s
    iters: 200, epoch: 1 | loss: 0.4501197 | speed: 0.0149s/iter; left: 23s
    iters: 300, epoch: 1 | loss: 0.4439789 | speed: 0.0153s/iter; left: 22s
    iters: 400, epoch: 1 | loss: 0.5026112 | speed: 0.0171s/iter; left: 23s
    iters: 500, epoch: 1 | loss: 0.4603954 | speed: 0.0168s/iter; left: 20s
Epoch: 1, Train: 0.4680632 Vali: 0.1419778
[diag s2-1]  freq.rs=+0.0203 mask.mean=0.440 mask.std=0.142  mrt.rs=+0.4682
Validation loss decreased (inf --> 0.141978).  Saving model ...
    iters: 100, epoch: 2 | loss: 0.4577062 | speed: 0.0276s/iter; left: 29s
    iters: 200, epoch: 2 | loss: 0.4652268 | speed: 0.0179s/iter; left: 17s
    iters: 300, epoch: 2 | loss: 0.5081398 | speed: 0.0156s/iter; left: 13s
    iters: 400, epoch: 2 | loss: 0.4432271 | speed: 0.0174s/iter; left: 13s
    iters: 500, epoch: 2 | loss: 0.4926259 | speed: 0.0162s/iter; left: 10s
Epoch: 2, Train: 0.4678909 Vali: 0.1418954
[diag s2-2]  freq.rs=+0.0259 mask.mean=0.443 mask.std=0.143  mrt.rs=+0.4682
Validation loss decreased (0.141978 --> 0.141895).  Saving model ...
    iters: 100, epoch: 3 | loss: 0.5175490 | speed: 0.0283s/iter; left: 13s
    iters: 200, epoch: 3 | loss: 0.4495882 | speed: 0.0170s/iter; left: 6s
    iters: 300, epoch: 3 | loss: 0.4780945 | speed: 0.0182s/iter; left: 5s
    iters: 400, epoch: 3 | loss: 0.5000919 | speed: 0.0185s/iter; left: 3s
    iters: 500, epoch: 3 | loss: 0.4972783 | speed: 0.0179s/iter; left: 1s
Epoch: 3, Train: 0.4679359 Vali: 0.1416965
[diag s2-3]  freq.rs=+0.0274 mask.mean=0.444 mask.std=0.145  mrt.rs=+0.4682
Validation loss decreased (0.141895 --> 0.141696).  Saving model ...
STAGE 2 complete.

============================================================
SKIPPING Stage 3a (--no_stage3a): Stage 2 -> Stage 3b directly
============================================================

============================================================
STAGE 3b: Unfreeze all, group-wise LR (base=0.003000, max_epochs=20, patience=10) (pure MSE)
  LR groups: freq/gate ×0.67, model ×0.33, mrt/cycle ×0.10
============================================================
train 36601
val 5161
test 10417
Loaded stage3a checkpoint, unfreezing all parameters.
  Group freq/gate: 6,714 params, LR=0.002010
  Group model: 98,912 params, LR=0.000990
  Group mrt/cycle: 21,373 params, LR=0.000300
    iters: 100, epoch: 1 | loss: 0.1403115 | speed: 0.0325s/iter; left: 368s
    iters: 200, epoch: 1 | loss: 0.1629392 | speed: 0.0218s/iter; left: 245s
    iters: 300, epoch: 1 | loss: 0.1712547 | speed: 0.0229s/iter; left: 255s
    iters: 400, epoch: 1 | loss: 0.1606843 | speed: 0.0230s/iter; left: 254s
    iters: 500, epoch: 1 | loss: 0.1275090 | speed: 0.0208s/iter; left: 227s
Epoch: 1, Steps: 571 | Train: 0.1509572 Vali: 0.1432664 Test: 0.1794335
[diag 3b-1]  freq.rs=+0.0291 mask.mean=0.444 mask.std=0.145  mrt.rs=+0.4685
Validation loss decreased (inf --> 0.143266).  Saving model ...
Updating learning rate to 0.01
    iters: 100, epoch: 2 | loss: 0.1955326 | speed: 0.0335s/iter; left: 360s
    iters: 200, epoch: 2 | loss: 0.1781442 | speed: 0.0240s/iter; left: 256s
    iters: 300, epoch: 2 | loss: 0.1934805 | speed: 0.0224s/iter; left: 237s
    iters: 400, epoch: 2 | loss: 0.1580478 | speed: 0.0218s/iter; left: 228s
    iters: 500, epoch: 2 | loss: 0.1566045 | speed: 0.0234s/iter; left: 242s
Epoch: 2, Steps: 571 | Train: 0.1653499 Vali: 0.1486550 Test: 0.1901516
[diag 3b-2]  freq.rs=-0.3164 mask.mean=0.448 mask.std=0.165  mrt.rs=+0.4752
EarlyStopping counter: 1 out of 10
Updating learning rate to 0.01
    iters: 100, epoch: 3 | loss: 0.1708560 | speed: 0.0355s/iter; left: 361s
    iters: 200, epoch: 3 | loss: 0.2145558 | speed: 0.0223s/iter; left: 224s
    iters: 300, epoch: 3 | loss: 0.1564510 | speed: 0.0238s/iter; left: 238s
    iters: 400, epoch: 3 | loss: 0.1657995 | speed: 0.0253s/iter; left: 250s
    iters: 500, epoch: 3 | loss: 0.1458164 | speed: 0.0231s/iter; left: 226s
Epoch: 3, Steps: 571 | Train: 0.1625475 Vali: 0.1497630 Test: 0.1944255
[diag 3b-3]  freq.rs=-0.5650 mask.mean=0.447 mask.std=0.182  mrt.rs=+0.4690
EarlyStopping counter: 2 out of 10
Updating learning rate to 0.01
    iters: 100, epoch: 4 | loss: 0.1327398 | speed: 0.0341s/iter; left: 328s
    iters: 200, epoch: 4 | loss: 0.1877099 | speed: 0.0236s/iter; left: 224s
    iters: 300, epoch: 4 | loss: 0.1147213 | speed: 0.0223s/iter; left: 210s
    iters: 400, epoch: 4 | loss: 0.1580145 | speed: 0.0227s/iter; left: 212s
    iters: 500, epoch: 4 | loss: 0.1449479 | speed: 0.0227s/iter; left: 209s
Epoch: 4, Steps: 571 | Train: 0.1614581 Vali: 0.1442148 Test: 0.1914267
[diag 3b-4]  freq.rs=-0.7471 mask.mean=0.437 mask.std=0.180  mrt.rs=+0.4704
EarlyStopping counter: 3 out of 10
Updating learning rate to 0.008
    iters: 100, epoch: 5 | loss: 0.1487581 | speed: 0.0322s/iter; left: 291s
    iters: 200, epoch: 5 | loss: 0.1655110 | speed: 0.0224s/iter; left: 201s
    iters: 300, epoch: 5 | loss: 0.1933255 | speed: 0.0229s/iter; left: 202s
    iters: 400, epoch: 5 | loss: 0.1471012 | speed: 0.0238s/iter; left: 208s
    iters: 500, epoch: 5 | loss: 0.1813634 | speed: 0.0226s/iter; left: 195s
Epoch: 5, Steps: 571 | Train: 0.1576389 Vali: 0.1514966 Test: 0.1916740
[diag 3b-5]  freq.rs=-0.8702 mask.mean=0.430 mask.std=0.180  mrt.rs=+0.4698
EarlyStopping counter: 4 out of 10
Updating learning rate to 0.006400000000000001
    iters: 100, epoch: 6 | loss: 0.1376960 | speed: 0.0324s/iter; left: 274s
    iters: 200, epoch: 6 | loss: 0.1560615 | speed: 0.0226s/iter; left: 189s
    iters: 300, epoch: 6 | loss: 0.1915946 | speed: 0.0230s/iter; left: 191s
    iters: 400, epoch: 6 | loss: 0.1426036 | speed: 0.0231s/iter; left: 188s
    iters: 500, epoch: 6 | loss: 0.1717939 | speed: 0.0222s/iter; left: 179s
Epoch: 6, Steps: 571 | Train: 0.1563844 Vali: 0.1455881 Test: 0.1922449
[diag 3b-6]  freq.rs=-0.9340 mask.mean=0.419 mask.std=0.177  mrt.rs=+0.4677
EarlyStopping counter: 5 out of 10
Updating learning rate to 0.005120000000000001
    iters: 100, epoch: 7 | loss: 0.1861760 | speed: 0.0348s/iter; left: 275s
    iters: 200, epoch: 7 | loss: 0.1391605 | speed: 0.0229s/iter; left: 179s
    iters: 300, epoch: 7 | loss: 0.1389855 | speed: 0.0227s/iter; left: 175s
    iters: 400, epoch: 7 | loss: 0.1602763 | speed: 0.0240s/iter; left: 183s
    iters: 500, epoch: 7 | loss: 0.1270886 | speed: 0.0228s/iter; left: 171s
Epoch: 7, Steps: 571 | Train: 0.1543226 Vali: 0.1423409 Test: 0.1815029
[diag 3b-7]  freq.rs=-0.9776 mask.mean=0.416 mask.std=0.177  mrt.rs=+0.4676
Validation loss decreased (0.143266 --> 0.142341).  Saving model ...
Updating learning rate to 0.004096000000000001
    iters: 100, epoch: 8 | loss: 0.1265120 | speed: 0.0258s/iter; left: 189s
    iters: 200, epoch: 8 | loss: 0.1586360 | speed: 0.0163s/iter; left: 118s
    iters: 300, epoch: 8 | loss: 0.1358236 | speed: 0.0164s/iter; left: 117s
    iters: 400, epoch: 8 | loss: 0.1560288 | speed: 0.0165s/iter; left: 116s
    iters: 500, epoch: 8 | loss: 0.1419326 | speed: 0.0169s/iter; left: 117s
Epoch: 8, Steps: 571 | Train: 0.1529631 Vali: 0.1482256 Test: 0.1938094
[diag 3b-8]  freq.rs=-1.0090 mask.mean=0.410 mask.std=0.177  mrt.rs=+0.4630
EarlyStopping counter: 1 out of 10
Updating learning rate to 0.0032768000000000007
    iters: 100, epoch: 9 | loss: 0.2120949 | speed: 0.0250s/iter; left: 169s
    iters: 200, epoch: 9 | loss: 0.1321764 | speed: 0.0162s/iter; left: 108s
    iters: 300, epoch: 9 | loss: 0.1086861 | speed: 0.0164s/iter; left: 107s
    iters: 400, epoch: 9 | loss: 0.1593848 | speed: 0.0223s/iter; left: 144s
    iters: 500, epoch: 9 | loss: 0.1411153 | speed: 0.0226s/iter; left: 143s
Epoch: 9, Steps: 571 | Train: 0.1508663 Vali: 0.1522326 Test: 0.1909949
[diag 3b-9]  freq.rs=-1.0348 mask.mean=0.410 mask.std=0.178  mrt.rs=+0.4665
EarlyStopping counter: 2 out of 10
Updating learning rate to 0.002621440000000001
    iters: 100, epoch: 10 | loss: 0.1514744 | speed: 0.0326s/iter; left: 202s
    iters: 200, epoch: 10 | loss: 0.1540874 | speed: 0.0224s/iter; left: 136s
    iters: 300, epoch: 10 | loss: 0.1289163 | speed: 0.0205s/iter; left: 122s
    iters: 400, epoch: 10 | loss: 0.1748703 | speed: 0.0226s/iter; left: 133s
    iters: 500, epoch: 10 | loss: 0.1600292 | speed: 0.0193s/iter; left: 111s
Epoch: 10, Steps: 571 | Train: 0.1502165 Vali: 0.1445180 Test: 0.1875593
[diag 3b-10]  freq.rs=-1.0520 mask.mean=0.408 mask.std=0.179  mrt.rs=+0.4641
EarlyStopping counter: 3 out of 10
Updating learning rate to 0.002097152000000001
    iters: 100, epoch: 11 | loss: 0.1544697 | speed: 0.0254s/iter; left: 142s
    iters: 200, epoch: 11 | loss: 0.1607182 | speed: 0.0164s/iter; left: 90s
    iters: 300, epoch: 11 | loss: 0.1483378 | speed: 0.0164s/iter; left: 89s
    iters: 400, epoch: 11 | loss: 0.1567878 | speed: 0.0161s/iter; left: 85s
    iters: 500, epoch: 11 | loss: 0.1329289 | speed: 0.0162s/iter; left: 84s
Epoch: 11, Steps: 571 | Train: 0.1494028 Vali: 0.1502357 Test: 0.1862624
[diag 3b-11]  freq.rs=-1.0680 mask.mean=0.407 mask.std=0.179  mrt.rs=+0.4642
EarlyStopping counter: 4 out of 10
Updating learning rate to 0.001677721600000001
    iters: 100, epoch: 12 | loss: 0.1623766 | speed: 0.0270s/iter; left: 136s
    iters: 200, epoch: 12 | loss: 0.1425789 | speed: 0.0175s/iter; left: 87s
    iters: 300, epoch: 12 | loss: 0.1536189 | speed: 0.0169s/iter; left: 82s
    iters: 400, epoch: 12 | loss: 0.1250251 | speed: 0.0192s/iter; left: 91s
    iters: 500, epoch: 12 | loss: 0.1791145 | speed: 0.0185s/iter; left: 86s
Epoch: 12, Steps: 571 | Train: 0.1483584 Vali: 0.1455742 Test: 0.1893943
[diag 3b-12]  freq.rs=-1.0780 mask.mean=0.406 mask.std=0.180  mrt.rs=+0.4637
EarlyStopping counter: 5 out of 10
Updating learning rate to 0.0013421772800000006
    iters: 100, epoch: 13 | loss: 0.1791522 | speed: 0.0317s/iter; left: 142s
    iters: 200, epoch: 13 | loss: 0.1668884 | speed: 0.0220s/iter; left: 96s
    iters: 300, epoch: 13 | loss: 0.1640566 | speed: 0.0233s/iter; left: 99s
    iters: 400, epoch: 13 | loss: 0.1362500 | speed: 0.0204s/iter; left: 85s
    iters: 500, epoch: 13 | loss: 0.1512465 | speed: 0.0214s/iter; left: 87s
Epoch: 13, Steps: 571 | Train: 0.1476464 Vali: 0.1464808 Test: 0.1915123
[diag 3b-13]  freq.rs=-1.0840 mask.mean=0.405 mask.std=0.181  mrt.rs=+0.4629
EarlyStopping counter: 6 out of 10
Updating learning rate to 0.0010737418240000006
    iters: 100, epoch: 14 | loss: 0.1701883 | speed: 0.0341s/iter; left: 133s
    iters: 200, epoch: 14 | loss: 0.1792331 | speed: 0.0236s/iter; left: 90s
    iters: 300, epoch: 14 | loss: 0.1598226 | speed: 0.0204s/iter; left: 75s
    iters: 400, epoch: 14 | loss: 0.1298768 | speed: 0.0254s/iter; left: 92s
    iters: 500, epoch: 14 | loss: 0.1548698 | speed: 0.0224s/iter; left: 78s
Epoch: 14, Steps: 571 | Train: 0.1472591 Vali: 0.1481098 Test: 0.1873823
[diag 3b-14]  freq.rs=-1.0927 mask.mean=0.405 mask.std=0.182  mrt.rs=+0.4639
EarlyStopping counter: 7 out of 10
Updating learning rate to 0.0008589934592000006
    iters: 100, epoch: 15 | loss: 0.1982297 | speed: 0.0331s/iter; left: 110s
    iters: 200, epoch: 15 | loss: 0.1673103 | speed: 0.0189s/iter; left: 61s
    iters: 300, epoch: 15 | loss: 0.1498419 | speed: 0.0219s/iter; left: 68s
    iters: 400, epoch: 15 | loss: 0.1478225 | speed: 0.0213s/iter; left: 65s
    iters: 500, epoch: 15 | loss: 0.1572705 | speed: 0.0206s/iter; left: 60s
Epoch: 15, Steps: 571 | Train: 0.1466977 Vali: 0.1484283 Test: 0.1920269
[diag 3b-15]  freq.rs=-1.0949 mask.mean=0.404 mask.std=0.182  mrt.rs=+0.4621
EarlyStopping counter: 8 out of 10
Updating learning rate to 0.0006871947673600004
    iters: 100, epoch: 16 | loss: 0.1545974 | speed: 0.0294s/iter; left: 81s
    iters: 200, epoch: 16 | loss: 0.1456536 | speed: 0.0209s/iter; left: 56s
    iters: 300, epoch: 16 | loss: 0.2108880 | speed: 0.0224s/iter; left: 57s
    iters: 400, epoch: 16 | loss: 0.1455523 | speed: 0.0202s/iter; left: 50s
    iters: 500, epoch: 16 | loss: 0.1778662 | speed: 0.0199s/iter; left: 47s
Epoch: 16, Steps: 571 | Train: 0.1462587 Vali: 0.1473866 Test: 0.1858292
[diag 3b-16]  freq.rs=-1.0976 mask.mean=0.405 mask.std=0.183  mrt.rs=+0.4622
EarlyStopping counter: 9 out of 10
Updating learning rate to 0.0005497558138880004
    iters: 100, epoch: 17 | loss: 0.1698100 | speed: 0.0290s/iter; left: 63s
    iters: 200, epoch: 17 | loss: 0.1470892 | speed: 0.0204s/iter; left: 42s
    iters: 300, epoch: 17 | loss: 0.1196793 | speed: 0.0217s/iter; left: 43s
    iters: 400, epoch: 17 | loss: 0.1512319 | speed: 0.0194s/iter; left: 37s
    iters: 500, epoch: 17 | loss: 0.1532551 | speed: 0.0199s/iter; left: 35s
Epoch: 17, Steps: 571 | Train: 0.1460936 Vali: 0.1494070 Test: 0.1903437
[diag 3b-17]  freq.rs=-1.1005 mask.mean=0.405 mask.std=0.183  mrt.rs=+0.4626
EarlyStopping counter: 10 out of 10
Early stopping at epoch 17

============================================================
FINAL RESULT (Stage 3b): mse=0.1808, mae=0.2500, smape=41.3395
============================================================
[diag 3b-final]  freq.rs=-0.9776 mask.mean=0.416 mask.std=0.177  mrt.rs=+0.4676
