============================================================
CONFIGURATION
============================================================
Device     : cuda:0
Dataset    : solar
Pred len   : 192
Seed       : 2024

--- Data ---
enc_in     : 137
seq_len    : 96
cycle      : 144
use_revin  : 0
batch_size : 64

--- Model ---
model_type : mlp
d_model    : 512
mrt_layers : 1
freq_layers: 0
fusion     : mode=serial, gate=0, sparsity=0.0

--- Training ---
base_lr    : 0.01
Stage1     : epochs=30, patience=15
Stage2     : epochs=3, patience=3, freeze_backbone=1
Stage3 FreDF: True
Stage3a    : epochs=12, patience=6
Stage3b    : epochs=20, patience=10, freq×0.67 model×0.33 mrt×0.10
============================================================

============================================================
STAGE 1: Train MRT only (freq_layers=0)
============================================================
train 36505
val 5065
test 10321
    iters: 100, epoch: 1 | loss: 0.2351642 | speed: 0.0534s/iter; left: 908s
    iters: 200, epoch: 1 | loss: 0.2225852 | speed: 0.0352s/iter; left: 594s
    iters: 300, epoch: 1 | loss: 0.2273871 | speed: 0.0332s/iter; left: 559s
    iters: 400, epoch: 1 | loss: 0.2008567 | speed: 0.0339s/iter; left: 567s
    iters: 500, epoch: 1 | loss: 0.2679826 | speed: 0.0348s/iter; left: 578s
Epoch: 1, Steps: 570 | Train: 0.2491221 Vali: 0.1734758 Test: 0.2640374
Validation loss decreased (inf --> 0.173476).  Saving model ...
Updating learning rate to 0.01
    iters: 100, epoch: 2 | loss: 0.2229743 | speed: 0.0403s/iter; left: 662s
    iters: 200, epoch: 2 | loss: 0.1700246 | speed: 0.0353s/iter; left: 576s
    iters: 300, epoch: 2 | loss: 0.1983947 | speed: 0.0328s/iter; left: 533s
    iters: 400, epoch: 2 | loss: 0.1890095 | speed: 0.0333s/iter; left: 538s
    iters: 500, epoch: 2 | loss: 0.1825348 | speed: 0.0337s/iter; left: 540s
Epoch: 2, Steps: 570 | Train: 0.1921433 Vali: 0.1559751 Test: 0.2065052
Validation loss decreased (0.173476 --> 0.155975).  Saving model ...
Updating learning rate to 0.01
    iters: 100, epoch: 3 | loss: 0.1792567 | speed: 0.0410s/iter; left: 651s
    iters: 200, epoch: 3 | loss: 0.1657451 | speed: 0.0342s/iter; left: 539s
    iters: 300, epoch: 3 | loss: 0.1672394 | speed: 0.0325s/iter; left: 508s
    iters: 400, epoch: 3 | loss: 0.1938314 | speed: 0.0359s/iter; left: 559s
    iters: 500, epoch: 3 | loss: 0.1848726 | speed: 0.0344s/iter; left: 531s
Epoch: 3, Steps: 570 | Train: 0.1782753 Vali: 0.1603199 Test: 0.2109580
EarlyStopping counter: 1 out of 15
Updating learning rate to 0.01
    iters: 100, epoch: 4 | loss: 0.1655663 | speed: 0.0296s/iter; left: 453s
    iters: 200, epoch: 4 | loss: 0.2150368 | speed: 0.0256s/iter; left: 389s
    iters: 300, epoch: 4 | loss: 0.1568337 | speed: 0.0334s/iter; left: 504s
    iters: 400, epoch: 4 | loss: 0.1768237 | speed: 0.0255s/iter; left: 382s
    iters: 500, epoch: 4 | loss: 0.1676043 | speed: 0.0280s/iter; left: 416s
Epoch: 4, Steps: 570 | Train: 0.1774384 Vali: 0.1556283 Test: 0.2038563
Validation loss decreased (0.155975 --> 0.155628).  Saving model ...
Updating learning rate to 0.008
    iters: 100, epoch: 5 | loss: 0.2139507 | speed: 0.0386s/iter; left: 568s
    iters: 200, epoch: 5 | loss: 0.1874344 | speed: 0.0376s/iter; left: 550s
    iters: 300, epoch: 5 | loss: 0.1772376 | speed: 0.0361s/iter; left: 525s
    iters: 400, epoch: 5 | loss: 0.1377344 | speed: 0.0380s/iter; left: 548s
    iters: 500, epoch: 5 | loss: 0.1800404 | speed: 0.0399s/iter; left: 571s
Epoch: 5, Steps: 570 | Train: 0.1734159 Vali: 0.1548552 Test: 0.2079860
Validation loss decreased (0.155628 --> 0.154855).  Saving model ...
Updating learning rate to 0.006400000000000001
    iters: 100, epoch: 6 | loss: 0.1878445 | speed: 0.0486s/iter; left: 688s
    iters: 200, epoch: 6 | loss: 0.1743113 | speed: 0.0417s/iter; left: 586s
    iters: 300, epoch: 6 | loss: 0.1567359 | speed: 0.0383s/iter; left: 534s
    iters: 400, epoch: 6 | loss: 0.1640161 | speed: 0.0405s/iter; left: 561s
    iters: 500, epoch: 6 | loss: 0.1649703 | speed: 0.0409s/iter; left: 562s
Epoch: 6, Steps: 570 | Train: 0.1711971 Vali: 0.1529717 Test: 0.2071449
Validation loss decreased (0.154855 --> 0.152972).  Saving model ...
Updating learning rate to 0.005120000000000001
    iters: 100, epoch: 7 | loss: 0.1861479 | speed: 0.0473s/iter; left: 642s
    iters: 200, epoch: 7 | loss: 0.1734306 | speed: 0.0391s/iter; left: 526s
    iters: 300, epoch: 7 | loss: 0.1775368 | speed: 0.0400s/iter; left: 535s
    iters: 400, epoch: 7 | loss: 0.1683848 | speed: 0.0355s/iter; left: 472s
    iters: 500, epoch: 7 | loss: 0.1625886 | speed: 0.0400s/iter; left: 528s
Epoch: 7, Steps: 570 | Train: 0.1702873 Vali: 0.1624092 Test: 0.1986894
EarlyStopping counter: 1 out of 15
Updating learning rate to 0.004096000000000001
    iters: 100, epoch: 8 | loss: 0.1706074 | speed: 0.0399s/iter; left: 519s
    iters: 200, epoch: 8 | loss: 0.1833998 | speed: 0.0297s/iter; left: 384s
    iters: 300, epoch: 8 | loss: 0.1490590 | speed: 0.0300s/iter; left: 384s
    iters: 400, epoch: 8 | loss: 0.1718841 | speed: 0.0355s/iter; left: 452s
    iters: 500, epoch: 8 | loss: 0.1686838 | speed: 0.0376s/iter; left: 474s
Epoch: 8, Steps: 570 | Train: 0.1686604 Vali: 0.1534030 Test: 0.2046807
EarlyStopping counter: 2 out of 15
Updating learning rate to 0.0032768000000000007
    iters: 100, epoch: 9 | loss: 0.1632839 | speed: 0.0469s/iter; left: 584s
    iters: 200, epoch: 9 | loss: 0.1988519 | speed: 0.0321s/iter; left: 397s
    iters: 300, epoch: 9 | loss: 0.1556306 | speed: 0.0358s/iter; left: 439s
    iters: 400, epoch: 9 | loss: 0.1521503 | speed: 0.0379s/iter; left: 460s
    iters: 500, epoch: 9 | loss: 0.1368251 | speed: 0.0364s/iter; left: 438s
Epoch: 9, Steps: 570 | Train: 0.1669539 Vali: 0.1575951 Test: 0.1978170
EarlyStopping counter: 3 out of 15
Updating learning rate to 0.002621440000000001
    iters: 100, epoch: 10 | loss: 0.1438815 | speed: 0.0471s/iter; left: 559s
    iters: 200, epoch: 10 | loss: 0.1469811 | speed: 0.0373s/iter; left: 439s
    iters: 300, epoch: 10 | loss: 0.1723950 | speed: 0.0396s/iter; left: 462s
    iters: 400, epoch: 10 | loss: 0.1779522 | speed: 0.0363s/iter; left: 420s
    iters: 500, epoch: 10 | loss: 0.1716447 | speed: 0.0386s/iter; left: 443s
Epoch: 10, Steps: 570 | Train: 0.1657838 Vali: 0.1581283 Test: 0.1978343
EarlyStopping counter: 4 out of 15
Updating learning rate to 0.002097152000000001
    iters: 100, epoch: 11 | loss: 0.1902834 | speed: 0.0438s/iter; left: 495s
    iters: 200, epoch: 11 | loss: 0.1913171 | speed: 0.0360s/iter; left: 403s
    iters: 300, epoch: 11 | loss: 0.1831808 | speed: 0.0323s/iter; left: 359s
    iters: 400, epoch: 11 | loss: 0.1682820 | speed: 0.0360s/iter; left: 396s
    iters: 500, epoch: 11 | loss: 0.1803144 | speed: 0.0355s/iter; left: 387s
Epoch: 11, Steps: 570 | Train: 0.1650789 Vali: 0.1573429 Test: 0.1961237
EarlyStopping counter: 5 out of 15
Updating learning rate to 0.001677721600000001
    iters: 100, epoch: 12 | loss: 0.1584977 | speed: 0.0437s/iter; left: 469s
    iters: 200, epoch: 12 | loss: 0.1578518 | speed: 0.0355s/iter; left: 378s
    iters: 300, epoch: 12 | loss: 0.1761345 | speed: 0.0359s/iter; left: 378s
    iters: 400, epoch: 12 | loss: 0.1822955 | speed: 0.0349s/iter; left: 364s
    iters: 500, epoch: 12 | loss: 0.1594762 | speed: 0.0263s/iter; left: 272s
Epoch: 12, Steps: 570 | Train: 0.1640429 Vali: 0.1565473 Test: 0.1952432
EarlyStopping counter: 6 out of 15
Updating learning rate to 0.0013421772800000006
    iters: 100, epoch: 13 | loss: 0.1769263 | speed: 0.0437s/iter; left: 444s
    iters: 200, epoch: 13 | loss: 0.1660032 | speed: 0.0354s/iter; left: 356s
    iters: 300, epoch: 13 | loss: 0.1771120 | speed: 0.0377s/iter; left: 376s
    iters: 400, epoch: 13 | loss: 0.1873376 | speed: 0.0376s/iter; left: 371s
    iters: 500, epoch: 13 | loss: 0.1432844 | speed: 0.0338s/iter; left: 330s
Epoch: 13, Steps: 570 | Train: 0.1633595 Vali: 0.1556425 Test: 0.1997521
EarlyStopping counter: 7 out of 15
Updating learning rate to 0.0010737418240000006
    iters: 100, epoch: 14 | loss: 0.1837210 | speed: 0.0442s/iter; left: 424s
    iters: 200, epoch: 14 | loss: 0.1720435 | speed: 0.0350s/iter; left: 333s
    iters: 300, epoch: 14 | loss: 0.1521923 | speed: 0.0370s/iter; left: 347s
    iters: 400, epoch: 14 | loss: 0.1668929 | speed: 0.0367s/iter; left: 341s
    iters: 500, epoch: 14 | loss: 0.1795830 | speed: 0.0273s/iter; left: 251s
Epoch: 14, Steps: 570 | Train: 0.1626131 Vali: 0.1551409 Test: 0.1979361
EarlyStopping counter: 8 out of 15
Updating learning rate to 0.0008589934592000006
    iters: 100, epoch: 15 | loss: 0.1770308 | speed: 0.0483s/iter; left: 436s
    iters: 200, epoch: 15 | loss: 0.1822468 | speed: 0.0364s/iter; left: 325s
    iters: 300, epoch: 15 | loss: 0.1485374 | speed: 0.0380s/iter; left: 335s
    iters: 400, epoch: 15 | loss: 0.1363246 | speed: 0.0399s/iter; left: 348s
    iters: 500, epoch: 15 | loss: 0.1667582 | speed: 0.0400s/iter; left: 345s
Epoch: 15, Steps: 570 | Train: 0.1622814 Vali: 0.1581088 Test: 0.1955464
EarlyStopping counter: 9 out of 15
Updating learning rate to 0.0006871947673600004
    iters: 100, epoch: 16 | loss: 0.1503416 | speed: 0.0436s/iter; left: 368s
    iters: 200, epoch: 16 | loss: 0.1603140 | speed: 0.0345s/iter; left: 288s
    iters: 300, epoch: 16 | loss: 0.1694337 | speed: 0.0372s/iter; left: 307s
    iters: 400, epoch: 16 | loss: 0.1448830 | speed: 0.0331s/iter; left: 270s
    iters: 500, epoch: 16 | loss: 0.1795727 | speed: 0.0378s/iter; left: 305s
Epoch: 16, Steps: 570 | Train: 0.1617189 Vali: 0.1561553 Test: 0.2012965
EarlyStopping counter: 10 out of 15
Updating learning rate to 0.0005497558138880004
    iters: 100, epoch: 17 | loss: 0.1654039 | speed: 0.0415s/iter; left: 327s
    iters: 200, epoch: 17 | loss: 0.1619315 | speed: 0.0312s/iter; left: 243s
    iters: 300, epoch: 17 | loss: 0.1495634 | speed: 0.0370s/iter; left: 284s
    iters: 400, epoch: 17 | loss: 0.1482107 | speed: 0.0378s/iter; left: 287s
    iters: 500, epoch: 17 | loss: 0.1593463 | speed: 0.0365s/iter; left: 273s
Epoch: 17, Steps: 570 | Train: 0.1615718 Vali: 0.1571529 Test: 0.1973843
EarlyStopping counter: 11 out of 15
Updating learning rate to 0.00043980465111040037
    iters: 100, epoch: 18 | loss: 0.1696925 | speed: 0.0448s/iter; left: 328s
    iters: 200, epoch: 18 | loss: 0.1935434 | speed: 0.0342s/iter; left: 247s
    iters: 300, epoch: 18 | loss: 0.1749633 | speed: 0.0361s/iter; left: 257s
    iters: 400, epoch: 18 | loss: 0.1596384 | speed: 0.0360s/iter; left: 252s
    iters: 500, epoch: 18 | loss: 0.1651238 | speed: 0.0368s/iter; left: 254s
Epoch: 18, Steps: 570 | Train: 0.1610942 Vali: 0.1574258 Test: 0.2025912
EarlyStopping counter: 12 out of 15
Updating learning rate to 0.0003518437208883203
    iters: 100, epoch: 19 | loss: 0.1835419 | speed: 0.0439s/iter; left: 296s
    iters: 200, epoch: 19 | loss: 0.1640896 | speed: 0.0393s/iter; left: 261s
    iters: 300, epoch: 19 | loss: 0.1785450 | speed: 0.0338s/iter; left: 221s
    iters: 400, epoch: 19 | loss: 0.1521944 | speed: 0.0377s/iter; left: 243s
    iters: 500, epoch: 19 | loss: 0.1750960 | speed: 0.0353s/iter; left: 224s
Epoch: 19, Steps: 570 | Train: 0.1607470 Vali: 0.1573328 Test: 0.1989985
EarlyStopping counter: 13 out of 15
Updating learning rate to 0.00028147497671065624
    iters: 100, epoch: 20 | loss: 0.1573829 | speed: 0.0453s/iter; left: 279s
    iters: 200, epoch: 20 | loss: 0.1539185 | speed: 0.0387s/iter; left: 235s
    iters: 300, epoch: 20 | loss: 0.1618353 | speed: 0.0340s/iter; left: 203s
    iters: 400, epoch: 20 | loss: 0.1605835 | speed: 0.0303s/iter; left: 178s
    iters: 500, epoch: 20 | loss: 0.1713306 | speed: 0.0251s/iter; left: 145s
Epoch: 20, Steps: 570 | Train: 0.1605412 Vali: 0.1589559 Test: 0.1983006
EarlyStopping counter: 14 out of 15
Updating learning rate to 0.00022517998136852504
    iters: 100, epoch: 21 | loss: 0.1646041 | speed: 0.0448s/iter; left: 251s
    iters: 200, epoch: 21 | loss: 0.1490437 | speed: 0.0404s/iter; left: 222s
    iters: 300, epoch: 21 | loss: 0.1716643 | speed: 0.0342s/iter; left: 185s
    iters: 400, epoch: 21 | loss: 0.1659218 | speed: 0.0372s/iter; left: 197s
    iters: 500, epoch: 21 | loss: 0.1415623 | speed: 0.0298s/iter; left: 155s
Epoch: 21, Steps: 570 | Train: 0.1603175 Vali: 0.1569017 Test: 0.2003918
EarlyStopping counter: 15 out of 15
Early stopping at epoch 21
STAGE 1 RESULT: mse=0.2061, mae=0.2666, smape=42.3145

============================================================
STAGE 2: Load MRT + add Freq branch (frozen backbone/MRT/cycle, max_epochs=3, patience=3)
============================================================
train 36505
val 5065
test 10321
Loaded 10 params from stage1, 0 new (Freq branch)
Trainable: 6,714 / 176,247 (3.8%)  freeze_backbone=1
    iters: 100, epoch: 1 | loss: 0.6379511 | speed: 0.0483s/iter; left: 78s
    iters: 200, epoch: 1 | loss: 0.6458137 | speed: 0.0275s/iter; left: 42s
    iters: 300, epoch: 1 | loss: 0.6596838 | speed: 0.0235s/iter; left: 33s
    iters: 400, epoch: 1 | loss: 0.6386030 | speed: 0.0300s/iter; left: 39s
    iters: 500, epoch: 1 | loss: 0.6289083 | speed: 0.0337s/iter; left: 41s
Epoch: 1, Train: 0.6414896 Vali: 0.1528867
[diag s2-1]  freq.rs=-0.0562 mask.mean=0.416 mask.std=0.131  mrt.rs=+0.4742
Validation loss decreased (inf --> 0.152887).  Saving model ...
    iters: 100, epoch: 2 | loss: 0.6264191 | speed: 0.0493s/iter; left: 51s
    iters: 200, epoch: 2 | loss: 0.6589736 | speed: 0.0298s/iter; left: 28s
    iters: 300, epoch: 2 | loss: 0.6549906 | speed: 0.0339s/iter; left: 29s
    iters: 400, epoch: 2 | loss: 0.6360308 | speed: 0.0319s/iter; left: 24s
    iters: 500, epoch: 2 | loss: 0.6720286 | speed: 0.0324s/iter; left: 21s
Epoch: 2, Train: 0.6413316 Vali: 0.1529305
[diag s2-2]  freq.rs=-0.0662 mask.mean=0.388 mask.std=0.121  mrt.rs=+0.4742
EarlyStopping counter: 1 out of 3
    iters: 100, epoch: 3 | loss: 0.6527884 | speed: 0.0425s/iter; left: 20s
    iters: 200, epoch: 3 | loss: 0.6020042 | speed: 0.0336s/iter; left: 12s
    iters: 300, epoch: 3 | loss: 0.6430459 | speed: 0.0324s/iter; left: 9s
    iters: 400, epoch: 3 | loss: 0.6206874 | speed: 0.0313s/iter; left: 5s
    iters: 500, epoch: 3 | loss: 0.6433207 | speed: 0.0311s/iter; left: 2s
Epoch: 3, Train: 0.6411645 Vali: 0.1529011
[diag s2-3]  freq.rs=-0.0773 mask.mean=0.362 mask.std=0.113  mrt.rs=+0.4742
EarlyStopping counter: 2 out of 3
STAGE 2 complete.

============================================================
SKIPPING Stage 3a (--no_stage3a): Stage 2 -> Stage 3b directly
============================================================

============================================================
STAGE 3b: Unfreeze all, group-wise LR (base=0.003000, max_epochs=20, patience=10) + FreDF(α=0.8)
  LR groups: freq/gate ×0.67, model ×0.33, mrt/cycle ×0.10
============================================================
train 36505
val 5065
test 10321
Loaded stage3a checkpoint, unfreezing all parameters.
  Group freq/gate: 6,714 params, LR=0.002010
  Group model: 148,160 params, LR=0.000990
  Group mrt/cycle: 21,373 params, LR=0.000300
    iters: 100, epoch: 1 | loss: 0.6228524 | speed: 0.0511s/iter; left: 578s
    iters: 200, epoch: 1 | loss: 0.6146390 | speed: 0.0374s/iter; left: 419s
    iters: 300, epoch: 1 | loss: 0.6125396 | speed: 0.0251s/iter; left: 279s
    iters: 400, epoch: 1 | loss: 0.6471376 | speed: 0.0286s/iter; left: 314s
    iters: 500, epoch: 1 | loss: 0.6744542 | speed: 0.0270s/iter; left: 294s
Epoch: 1, Steps: 570 | Train: 0.6264294 Vali: 0.1510775 Test: 0.1983469
[diag 3b-1]  freq.rs=-0.0559 mask.mean=0.415 mask.std=0.131  mrt.rs=+0.4744
Validation loss decreased (inf --> 0.151078).  Saving model ...
Updating learning rate to 0.01
    iters: 100, epoch: 2 | loss: 0.6248952 | speed: 0.0486s/iter; left: 522s
    iters: 200, epoch: 2 | loss: 0.6940250 | speed: 0.0266s/iter; left: 283s
    iters: 300, epoch: 2 | loss: 0.6285567 | speed: 0.0250s/iter; left: 263s
    iters: 400, epoch: 2 | loss: 0.6238489 | speed: 0.0256s/iter; left: 267s
    iters: 500, epoch: 2 | loss: 0.6470717 | speed: 0.0264s/iter; left: 272s
Epoch: 2, Steps: 570 | Train: 0.6473143 Vali: 0.1579085 Test: 0.2093975
[diag 3b-2]  freq.rs=-0.3799 mask.mean=0.406 mask.std=0.164  mrt.rs=+0.4799
EarlyStopping counter: 1 out of 10
Updating learning rate to 0.01
    iters: 100, epoch: 3 | loss: 0.6349315 | speed: 0.0392s/iter; left: 399s
    iters: 200, epoch: 3 | loss: 0.6346802 | speed: 0.0256s/iter; left: 258s
    iters: 300, epoch: 3 | loss: 0.6368701 | speed: 0.0265s/iter; left: 264s
    iters: 400, epoch: 3 | loss: 0.6438642 | speed: 0.0255s/iter; left: 252s
    iters: 500, epoch: 3 | loss: 0.6034321 | speed: 0.0263s/iter; left: 257s
Epoch: 3, Steps: 570 | Train: 0.6417070 Vali: 0.1556276 Test: 0.1993247
[diag 3b-3]  freq.rs=-0.5805 mask.mean=0.398 mask.std=0.170  mrt.rs=+0.4801
EarlyStopping counter: 2 out of 10
Updating learning rate to 0.01
    iters: 100, epoch: 4 | loss: 0.6144389 | speed: 0.0400s/iter; left: 384s
    iters: 200, epoch: 4 | loss: 0.6394244 | speed: 0.0249s/iter; left: 236s
    iters: 300, epoch: 4 | loss: 0.6613764 | speed: 0.0245s/iter; left: 230s
    iters: 400, epoch: 4 | loss: 0.6467216 | speed: 0.0241s/iter; left: 224s
    iters: 500, epoch: 4 | loss: 0.6321865 | speed: 0.0270s/iter; left: 248s
Epoch: 4, Steps: 570 | Train: 0.6387639 Vali: 0.1564060 Test: 0.2216564
[diag 3b-4]  freq.rs=-0.7334 mask.mean=0.389 mask.std=0.169  mrt.rs=+0.4756
EarlyStopping counter: 3 out of 10
Updating learning rate to 0.008
    iters: 100, epoch: 5 | loss: 0.6476530 | speed: 0.0402s/iter; left: 362s
    iters: 200, epoch: 5 | loss: 0.6253375 | speed: 0.0247s/iter; left: 221s
    iters: 300, epoch: 5 | loss: 0.6828642 | speed: 0.0282s/iter; left: 249s
    iters: 400, epoch: 5 | loss: 0.6264665 | speed: 0.0233s/iter; left: 203s
    iters: 500, epoch: 5 | loss: 0.6593971 | speed: 0.0255s/iter; left: 220s
Epoch: 5, Steps: 570 | Train: 0.6369665 Vali: 0.1552356 Test: 0.2045631
[diag 3b-5]  freq.rs=-0.8657 mask.mean=0.381 mask.std=0.164  mrt.rs=+0.4728
EarlyStopping counter: 4 out of 10
Updating learning rate to 0.006400000000000001
    iters: 100, epoch: 6 | loss: 0.6589987 | speed: 0.0386s/iter; left: 326s
    iters: 200, epoch: 6 | loss: 0.6776797 | speed: 0.0245s/iter; left: 204s
    iters: 300, epoch: 6 | loss: 0.6356863 | speed: 0.0268s/iter; left: 221s
    iters: 400, epoch: 6 | loss: 0.6557967 | speed: 0.0224s/iter; left: 182s
    iters: 500, epoch: 6 | loss: 0.6435339 | speed: 0.0202s/iter; left: 163s
Epoch: 6, Steps: 570 | Train: 0.6324345 Vali: 0.1534889 Test: 0.2035248
[diag 3b-6]  freq.rs=-0.9251 mask.mean=0.377 mask.std=0.163  mrt.rs=+0.4744
EarlyStopping counter: 5 out of 10
Updating learning rate to 0.005120000000000001
    iters: 100, epoch: 7 | loss: 0.5999354 | speed: 0.0377s/iter; left: 297s
    iters: 200, epoch: 7 | loss: 0.6227944 | speed: 0.0257s/iter; left: 200s
    iters: 300, epoch: 7 | loss: 0.5995266 | speed: 0.0276s/iter; left: 212s
    iters: 400, epoch: 7 | loss: 0.6543293 | speed: 0.0252s/iter; left: 191s
    iters: 500, epoch: 7 | loss: 0.6482697 | speed: 0.0234s/iter; left: 175s
Epoch: 7, Steps: 570 | Train: 0.6288109 Vali: 0.1512328 Test: 0.1999036
[diag 3b-7]  freq.rs=-0.9731 mask.mean=0.376 mask.std=0.162  mrt.rs=+0.4731
EarlyStopping counter: 6 out of 10
Updating learning rate to 0.004096000000000001
    iters: 100, epoch: 8 | loss: 0.5801331 | speed: 0.0385s/iter; left: 281s
    iters: 200, epoch: 8 | loss: 0.6618593 | speed: 0.0270s/iter; left: 195s
    iters: 300, epoch: 8 | loss: 0.6339747 | speed: 0.0263s/iter; left: 187s
    iters: 400, epoch: 8 | loss: 0.5898131 | speed: 0.0263s/iter; left: 184s
    iters: 500, epoch: 8 | loss: 0.6304738 | speed: 0.0262s/iter; left: 181s
Epoch: 8, Steps: 570 | Train: 0.6268393 Vali: 0.1534500 Test: 0.2091090
[diag 3b-8]  freq.rs=-1.0090 mask.mean=0.374 mask.std=0.162  mrt.rs=+0.4713
EarlyStopping counter: 7 out of 10
Updating learning rate to 0.0032768000000000007
    iters: 100, epoch: 9 | loss: 0.6161728 | speed: 0.0377s/iter; left: 254s
    iters: 200, epoch: 9 | loss: 0.6796051 | speed: 0.0234s/iter; left: 156s
    iters: 300, epoch: 9 | loss: 0.6242835 | speed: 0.0251s/iter; left: 164s
    iters: 400, epoch: 9 | loss: 0.5858933 | speed: 0.0229s/iter; left: 147s
    iters: 500, epoch: 9 | loss: 0.6418417 | speed: 0.0235s/iter; left: 149s
Epoch: 9, Steps: 570 | Train: 0.6242589 Vali: 0.1527014 Test: 0.2070898
[diag 3b-9]  freq.rs=-1.0292 mask.mean=0.374 mask.std=0.162  mrt.rs=+0.4699
EarlyStopping counter: 8 out of 10
Updating learning rate to 0.002621440000000001
    iters: 100, epoch: 10 | loss: 0.6322278 | speed: 0.0362s/iter; left: 224s
    iters: 200, epoch: 10 | loss: 0.6174616 | speed: 0.0241s/iter; left: 146s
    iters: 300, epoch: 10 | loss: 0.6154630 | speed: 0.0212s/iter; left: 127s
    iters: 400, epoch: 10 | loss: 0.6639525 | speed: 0.0313s/iter; left: 184s
    iters: 500, epoch: 10 | loss: 0.5497287 | speed: 0.0215s/iter; left: 124s
Epoch: 10, Steps: 570 | Train: 0.6223410 Vali: 0.1554563 Test: 0.1977352
[diag 3b-10]  freq.rs=-1.0465 mask.mean=0.373 mask.std=0.163  mrt.rs=+0.4696
EarlyStopping counter: 9 out of 10
Updating learning rate to 0.002097152000000001
    iters: 100, epoch: 11 | loss: 0.6255890 | speed: 0.0317s/iter; left: 178s
    iters: 200, epoch: 11 | loss: 0.6186184 | speed: 0.0201s/iter; left: 111s
    iters: 300, epoch: 11 | loss: 0.5948856 | speed: 0.0201s/iter; left: 109s
    iters: 400, epoch: 11 | loss: 0.5970092 | speed: 0.0205s/iter; left: 108s
    iters: 500, epoch: 11 | loss: 0.6057106 | speed: 0.0224s/iter; left: 117s
Epoch: 11, Steps: 570 | Train: 0.6213251 Vali: 0.1561676 Test: 0.2035016
[diag 3b-11]  freq.rs=-1.0557 mask.mean=0.373 mask.std=0.163  mrt.rs=+0.4691
EarlyStopping counter: 10 out of 10
Early stopping at epoch 11

============================================================
FINAL RESULT (Stage 3b): mse=0.1972, mae=0.2522, smape=40.2929
============================================================
[diag 3b-final]  freq.rs=-0.0559 mask.mean=0.415 mask.std=0.131  mrt.rs=+0.4744
