============================================================
CONFIGURATION
============================================================
Device     : cuda:0
Dataset    : solar
Pred len   : 96
Seed       : 2024

--- Data ---
enc_in     : 137
seq_len    : 96
cycle      : 144
use_revin  : 0
batch_size : 64

--- Model ---
model_type : mlp
d_model    : 512
mrt_layers : 1
freq_layers: 0
fusion     : mode=serial, gate=0, sparsity=0.0

--- Training ---
base_lr    : 0.01
Stage1     : epochs=30, patience=15
Stage2     : epochs=3, patience=3, freeze_backbone=0
Stage3     : SKIPPED (stage2_only)
============================================================

============================================================
STAGE 1: Train MRT only (freq_layers=0)
============================================================
train 36601
val 5161
test 10417
    iters: 100, epoch: 1 | loss: 0.2518978 | speed: 0.0396s/iter; left: 675s
    iters: 200, epoch: 1 | loss: 0.2361575 | speed: 0.0204s/iter; left: 345s
    iters: 300, epoch: 1 | loss: 0.1894104 | speed: 0.0209s/iter; left: 351s
    iters: 400, epoch: 1 | loss: 0.2109566 | speed: 0.0213s/iter; left: 356s
    iters: 500, epoch: 1 | loss: 0.1860242 | speed: 0.0215s/iter; left: 358s
Epoch: 1, Steps: 571 | Train: 0.2343506 Vali: 0.1631816 Test: 0.2312385
Validation loss decreased (inf --> 0.163182).  Saving model ...
Updating learning rate to 0.01
    iters: 100, epoch: 2 | loss: 0.2157680 | speed: 0.0307s/iter; left: 505s
    iters: 200, epoch: 2 | loss: 0.1806882 | speed: 0.0225s/iter; left: 367s
    iters: 300, epoch: 2 | loss: 0.1559409 | speed: 0.0229s/iter; left: 373s
    iters: 400, epoch: 2 | loss: 0.1724946 | speed: 0.0214s/iter; left: 346s
    iters: 500, epoch: 2 | loss: 0.1733603 | speed: 0.0210s/iter; left: 338s
Epoch: 2, Steps: 571 | Train: 0.1796479 Vali: 0.1512402 Test: 0.1818193
Validation loss decreased (0.163182 --> 0.151240).  Saving model ...
Updating learning rate to 0.01
    iters: 100, epoch: 3 | loss: 0.1621347 | speed: 0.0325s/iter; left: 516s
    iters: 200, epoch: 3 | loss: 0.1836707 | speed: 0.0211s/iter; left: 333s
    iters: 300, epoch: 3 | loss: 0.1542980 | speed: 0.0213s/iter; left: 334s
    iters: 400, epoch: 3 | loss: 0.1732987 | speed: 0.0206s/iter; left: 321s
    iters: 500, epoch: 3 | loss: 0.1788938 | speed: 0.0216s/iter; left: 335s
Epoch: 3, Steps: 571 | Train: 0.1674047 Vali: 0.1514060 Test: 0.2117490
EarlyStopping counter: 1 out of 15
Updating learning rate to 0.01
    iters: 100, epoch: 4 | loss: 0.2134509 | speed: 0.0330s/iter; left: 505s
    iters: 200, epoch: 4 | loss: 0.1393688 | speed: 0.0240s/iter; left: 365s
    iters: 300, epoch: 4 | loss: 0.2882476 | speed: 0.0241s/iter; left: 365s
    iters: 400, epoch: 4 | loss: 0.1829691 | speed: 0.0210s/iter; left: 316s
    iters: 500, epoch: 4 | loss: 0.1820131 | speed: 0.0211s/iter; left: 315s
Epoch: 4, Steps: 571 | Train: 0.1650617 Vali: 0.1490534 Test: 0.1845523
Validation loss decreased (0.151240 --> 0.149053).  Saving model ...
Updating learning rate to 0.008
    iters: 100, epoch: 5 | loss: 0.1656599 | speed: 0.0314s/iter; left: 463s
    iters: 200, epoch: 5 | loss: 0.1497922 | speed: 0.0250s/iter; left: 367s
    iters: 300, epoch: 5 | loss: 0.1522556 | speed: 0.0226s/iter; left: 329s
    iters: 400, epoch: 5 | loss: 0.1406213 | speed: 0.0221s/iter; left: 320s
    iters: 500, epoch: 5 | loss: 0.1560063 | speed: 0.0230s/iter; left: 331s
Epoch: 5, Steps: 571 | Train: 0.1615102 Vali: 0.1427979 Test: 0.1876428
Validation loss decreased (0.149053 --> 0.142798).  Saving model ...
Updating learning rate to 0.006400000000000001
    iters: 100, epoch: 6 | loss: 0.1633525 | speed: 0.0292s/iter; left: 414s
    iters: 200, epoch: 6 | loss: 0.1491335 | speed: 0.0223s/iter; left: 313s
    iters: 300, epoch: 6 | loss: 0.1822460 | speed: 0.0250s/iter; left: 349s
    iters: 400, epoch: 6 | loss: 0.1861969 | speed: 0.0225s/iter; left: 312s
    iters: 500, epoch: 6 | loss: 0.1583341 | speed: 0.0213s/iter; left: 293s
Epoch: 6, Steps: 571 | Train: 0.1581590 Vali: 0.1485336 Test: 0.1823846
EarlyStopping counter: 1 out of 15
Updating learning rate to 0.005120000000000001
    iters: 100, epoch: 7 | loss: 0.1489668 | speed: 0.0295s/iter; left: 402s
    iters: 200, epoch: 7 | loss: 0.1568569 | speed: 0.0233s/iter; left: 315s
    iters: 300, epoch: 7 | loss: 0.1412929 | speed: 0.0232s/iter; left: 311s
    iters: 400, epoch: 7 | loss: 0.1097284 | speed: 0.0239s/iter; left: 318s
    iters: 500, epoch: 7 | loss: 0.1282767 | speed: 0.0227s/iter; left: 300s
Epoch: 7, Steps: 571 | Train: 0.1578665 Vali: 0.1416308 Test: 0.1832104
Validation loss decreased (0.142798 --> 0.141631).  Saving model ...
Updating learning rate to 0.004096000000000001
    iters: 100, epoch: 8 | loss: 0.1876419 | speed: 0.0297s/iter; left: 387s
    iters: 200, epoch: 8 | loss: 0.2149940 | speed: 0.0213s/iter; left: 275s
    iters: 300, epoch: 8 | loss: 0.1667747 | speed: 0.0247s/iter; left: 317s
    iters: 400, epoch: 8 | loss: 0.1637346 | speed: 0.0247s/iter; left: 315s
    iters: 500, epoch: 8 | loss: 0.1159588 | speed: 0.0239s/iter; left: 301s
Epoch: 8, Steps: 571 | Train: 0.1555706 Vali: 0.1445021 Test: 0.1947782
EarlyStopping counter: 1 out of 15
Updating learning rate to 0.0032768000000000007
    iters: 100, epoch: 9 | loss: 0.1377578 | speed: 0.0295s/iter; left: 368s
    iters: 200, epoch: 9 | loss: 0.1647779 | speed: 0.0220s/iter; left: 272s
    iters: 300, epoch: 9 | loss: 0.1566089 | speed: 0.0225s/iter; left: 276s
    iters: 400, epoch: 9 | loss: 0.1474775 | speed: 0.0238s/iter; left: 289s
    iters: 500, epoch: 9 | loss: 0.1620026 | speed: 0.0229s/iter; left: 277s
Epoch: 9, Steps: 571 | Train: 0.1538184 Vali: 0.1481547 Test: 0.1958635
EarlyStopping counter: 2 out of 15
Updating learning rate to 0.002621440000000001
    iters: 100, epoch: 10 | loss: 0.1410247 | speed: 0.0292s/iter; left: 347s
    iters: 200, epoch: 10 | loss: 0.1408072 | speed: 0.0215s/iter; left: 253s
    iters: 300, epoch: 10 | loss: 0.1385406 | speed: 0.0221s/iter; left: 258s
    iters: 400, epoch: 10 | loss: 0.1159383 | speed: 0.0216s/iter; left: 250s
    iters: 500, epoch: 10 | loss: 0.1389248 | speed: 0.0237s/iter; left: 273s
Epoch: 10, Steps: 571 | Train: 0.1524947 Vali: 0.1485712 Test: 0.1790852
EarlyStopping counter: 3 out of 15
Updating learning rate to 0.002097152000000001
    iters: 100, epoch: 11 | loss: 0.1474989 | speed: 0.0293s/iter; left: 332s
    iters: 200, epoch: 11 | loss: 0.1332615 | speed: 0.0216s/iter; left: 242s
    iters: 300, epoch: 11 | loss: 0.1241265 | speed: 0.0228s/iter; left: 253s
    iters: 400, epoch: 11 | loss: 0.1210867 | speed: 0.0214s/iter; left: 236s
    iters: 500, epoch: 11 | loss: 0.2054417 | speed: 0.0232s/iter; left: 253s
Epoch: 11, Steps: 571 | Train: 0.1509228 Vali: 0.1449334 Test: 0.1856898
EarlyStopping counter: 4 out of 15
Updating learning rate to 0.001677721600000001
    iters: 100, epoch: 12 | loss: 0.1654219 | speed: 0.0295s/iter; left: 317s
    iters: 200, epoch: 12 | loss: 0.1774789 | speed: 0.0224s/iter; left: 238s
    iters: 300, epoch: 12 | loss: 0.1615020 | speed: 0.0218s/iter; left: 230s
    iters: 400, epoch: 12 | loss: 0.1617498 | speed: 0.0222s/iter; left: 232s
    iters: 500, epoch: 12 | loss: 0.1218036 | speed: 0.0228s/iter; left: 236s
Epoch: 12, Steps: 571 | Train: 0.1503588 Vali: 0.1436190 Test: 0.1828894
EarlyStopping counter: 5 out of 15
Updating learning rate to 0.0013421772800000006
    iters: 100, epoch: 13 | loss: 0.1641493 | speed: 0.0289s/iter; left: 294s
    iters: 200, epoch: 13 | loss: 0.1207329 | speed: 0.0204s/iter; left: 206s
    iters: 300, epoch: 13 | loss: 0.1532762 | speed: 0.0209s/iter; left: 208s
    iters: 400, epoch: 13 | loss: 0.1333145 | speed: 0.0211s/iter; left: 209s
    iters: 500, epoch: 13 | loss: 0.1201136 | speed: 0.0210s/iter; left: 205s
Epoch: 13, Steps: 571 | Train: 0.1493420 Vali: 0.1513081 Test: 0.1874247
EarlyStopping counter: 6 out of 15
Updating learning rate to 0.0010737418240000006
    iters: 100, epoch: 14 | loss: 0.1868660 | speed: 0.0293s/iter; left: 282s
    iters: 200, epoch: 14 | loss: 0.1641027 | speed: 0.0198s/iter; left: 188s
    iters: 300, epoch: 14 | loss: 0.1223043 | speed: 0.0204s/iter; left: 192s
    iters: 400, epoch: 14 | loss: 0.1278198 | speed: 0.0213s/iter; left: 199s
    iters: 500, epoch: 14 | loss: 0.1636085 | speed: 0.0200s/iter; left: 184s
Epoch: 14, Steps: 571 | Train: 0.1486366 Vali: 0.1471960 Test: 0.1885507
EarlyStopping counter: 7 out of 15
Updating learning rate to 0.0008589934592000006
    iters: 100, epoch: 15 | loss: 0.1707990 | speed: 0.0304s/iter; left: 275s
    iters: 200, epoch: 15 | loss: 0.1484015 | speed: 0.0211s/iter; left: 189s
    iters: 300, epoch: 15 | loss: 0.2009736 | speed: 0.0212s/iter; left: 187s
    iters: 400, epoch: 15 | loss: 0.1715650 | speed: 0.0214s/iter; left: 187s
    iters: 500, epoch: 15 | loss: 0.1555151 | speed: 0.0213s/iter; left: 184s
Epoch: 15, Steps: 571 | Train: 0.1480980 Vali: 0.1471248 Test: 0.1823321
EarlyStopping counter: 8 out of 15
Updating learning rate to 0.0006871947673600004
    iters: 100, epoch: 16 | loss: 0.1492797 | speed: 0.0296s/iter; left: 251s
    iters: 200, epoch: 16 | loss: 0.1257426 | speed: 0.0206s/iter; left: 172s
    iters: 300, epoch: 16 | loss: 0.1172535 | speed: 0.0212s/iter; left: 175s
    iters: 400, epoch: 16 | loss: 0.1254470 | speed: 0.0200s/iter; left: 163s
    iters: 500, epoch: 16 | loss: 0.1532245 | speed: 0.0199s/iter; left: 161s
Epoch: 16, Steps: 571 | Train: 0.1475051 Vali: 0.1462109 Test: 0.1835343
EarlyStopping counter: 9 out of 15
Updating learning rate to 0.0005497558138880004
    iters: 100, epoch: 17 | loss: 0.1312892 | speed: 0.0315s/iter; left: 249s
    iters: 200, epoch: 17 | loss: 0.1349986 | speed: 0.0232s/iter; left: 181s
    iters: 300, epoch: 17 | loss: 0.1410035 | speed: 0.0213s/iter; left: 164s
    iters: 400, epoch: 17 | loss: 0.1495040 | speed: 0.0204s/iter; left: 155s
    iters: 500, epoch: 17 | loss: 0.1664622 | speed: 0.0219s/iter; left: 164s
Epoch: 17, Steps: 571 | Train: 0.1471808 Vali: 0.1495761 Test: 0.1853852
EarlyStopping counter: 10 out of 15
Updating learning rate to 0.00043980465111040037
    iters: 100, epoch: 18 | loss: 0.1337784 | speed: 0.0318s/iter; left: 233s
    iters: 200, epoch: 18 | loss: 0.1340225 | speed: 0.0235s/iter; left: 170s
    iters: 300, epoch: 18 | loss: 0.1340866 | speed: 0.0232s/iter; left: 166s
    iters: 400, epoch: 18 | loss: 0.1081068 | speed: 0.0211s/iter; left: 148s
    iters: 500, epoch: 18 | loss: 0.1365727 | speed: 0.0206s/iter; left: 143s
Epoch: 18, Steps: 571 | Train: 0.1469026 Vali: 0.1473413 Test: 0.1854748
EarlyStopping counter: 11 out of 15
Updating learning rate to 0.0003518437208883203
    iters: 100, epoch: 19 | loss: 0.1337984 | speed: 0.0281s/iter; left: 190s
    iters: 200, epoch: 19 | loss: 0.1427701 | speed: 0.0246s/iter; left: 164s
    iters: 300, epoch: 19 | loss: 0.1540252 | speed: 0.0239s/iter; left: 157s
    iters: 400, epoch: 19 | loss: 0.1583758 | speed: 0.0220s/iter; left: 142s
    iters: 500, epoch: 19 | loss: 0.1388438 | speed: 0.0200s/iter; left: 127s
Epoch: 19, Steps: 571 | Train: 0.1464725 Vali: 0.1492131 Test: 0.1851736
EarlyStopping counter: 12 out of 15
Updating learning rate to 0.00028147497671065624
    iters: 100, epoch: 20 | loss: 0.1585827 | speed: 0.0270s/iter; left: 167s
    iters: 200, epoch: 20 | loss: 0.1423479 | speed: 0.0201s/iter; left: 122s
    iters: 300, epoch: 20 | loss: 0.1482261 | speed: 0.0215s/iter; left: 129s
    iters: 400, epoch: 20 | loss: 0.1272755 | speed: 0.0230s/iter; left: 135s
    iters: 500, epoch: 20 | loss: 0.1536181 | speed: 0.0224s/iter; left: 129s
Epoch: 20, Steps: 571 | Train: 0.1463703 Vali: 0.1490872 Test: 0.1870710
EarlyStopping counter: 13 out of 15
Updating learning rate to 0.00022517998136852504
    iters: 100, epoch: 21 | loss: 0.1310463 | speed: 0.0276s/iter; left: 155s
    iters: 200, epoch: 21 | loss: 0.1495670 | speed: 0.0211s/iter; left: 116s
    iters: 300, epoch: 21 | loss: 0.1357566 | speed: 0.0198s/iter; left: 107s
    iters: 400, epoch: 21 | loss: 0.1723717 | speed: 0.0231s/iter; left: 123s
    iters: 500, epoch: 21 | loss: 0.1567705 | speed: 0.0225s/iter; left: 117s
Epoch: 21, Steps: 571 | Train: 0.1460925 Vali: 0.1465736 Test: 0.1854354
EarlyStopping counter: 14 out of 15
Updating learning rate to 0.00018014398509482002
    iters: 100, epoch: 22 | loss: 0.1423813 | speed: 0.0292s/iter; left: 147s
    iters: 200, epoch: 22 | loss: 0.1383472 | speed: 0.0216s/iter; left: 107s
    iters: 300, epoch: 22 | loss: 0.1391349 | speed: 0.0214s/iter; left: 103s
    iters: 400, epoch: 22 | loss: 0.1575286 | speed: 0.0217s/iter; left: 103s
    iters: 500, epoch: 22 | loss: 0.1422086 | speed: 0.0254s/iter; left: 118s
Epoch: 22, Steps: 571 | Train: 0.1458780 Vali: 0.1520125 Test: 0.1857336
EarlyStopping counter: 15 out of 15
Early stopping at epoch 22
STAGE 1 RESULT: mse=0.1824, mae=0.2523, smape=41.4628

============================================================
STAGE 2: Load MRT + add Freq branch (frozen backbone/MRT/cycle, max_epochs=3, patience=3)
============================================================
train 36601
val 5161
test 10417
Loaded 10 params from stage1, 0 new (Freq branch)
Trainable: 105,626 / 126,999 (83.2%)  freeze_backbone=0
    iters: 100, epoch: 1 | loss: 0.5389580 | speed: 0.0319s/iter; left: 51s
    iters: 200, epoch: 1 | loss: 0.4420941 | speed: 0.0193s/iter; left: 29s
    iters: 300, epoch: 1 | loss: 0.4340118 | speed: 0.0183s/iter; left: 26s
    iters: 400, epoch: 1 | loss: 0.4947394 | speed: 0.0167s/iter; left: 22s
    iters: 500, epoch: 1 | loss: 0.4517388 | speed: 0.0170s/iter; left: 21s
Epoch: 1, Train: 0.4609881 Vali: 0.1397779
[diag s2-1]  freq.rs=+0.0074 mask.mean=0.438 mask.std=0.141  mrt.rs=+0.4663
Validation loss decreased (inf --> 0.139778).  Saving model ...
    iters: 100, epoch: 2 | loss: 0.4515645 | speed: 0.0261s/iter; left: 27s
    iters: 200, epoch: 2 | loss: 0.4530107 | speed: 0.0159s/iter; left: 15s
    iters: 300, epoch: 2 | loss: 0.4942549 | speed: 0.0156s/iter; left: 13s
    iters: 400, epoch: 2 | loss: 0.4303339 | speed: 0.0181s/iter; left: 13s
    iters: 500, epoch: 2 | loss: 0.4775161 | speed: 0.0175s/iter; left: 11s
Epoch: 2, Train: 0.4590006 Vali: 0.1394957
[diag s2-2]  freq.rs=+0.0164 mask.mean=0.438 mask.std=0.141  mrt.rs=+0.4663
Validation loss decreased (0.139778 --> 0.139496).  Saving model ...
    iters: 100, epoch: 3 | loss: 0.5076728 | speed: 0.0280s/iter; left: 13s
    iters: 200, epoch: 3 | loss: 0.4402560 | speed: 0.0129s/iter; left: 5s
    iters: 300, epoch: 3 | loss: 0.4646485 | speed: 0.0129s/iter; left: 4s
    iters: 400, epoch: 3 | loss: 0.4850630 | speed: 0.0126s/iter; left: 2s
    iters: 500, epoch: 3 | loss: 0.4882709 | speed: 0.0121s/iter; left: 1s
Epoch: 3, Train: 0.4580356 Vali: 0.1404901
[diag s2-3]  freq.rs=+0.0357 mask.mean=0.437 mask.std=0.141  mrt.rs=+0.4663
EarlyStopping counter: 1 out of 3
STAGE 2 complete.

============================================================
STAGE 2 ONLY: Testing from Stage 2 checkpoint
============================================================
train 36601
val 5161
test 10417
[diag stage2-final]  freq.rs=+0.0164 mask.mean=0.438 mask.std=0.141  mrt.rs=+0.4663

============================================================
FINAL RESULT (Stage 2 only): mse=0.1809, mae=0.2413, smape=39.6403
============================================================
