============================================================
CONFIGURATION
============================================================
Device     : cuda:0
Dataset    : solar
Pred len   : 720
Seed       : 2024

--- Data ---
enc_in     : 137
seq_len    : 96
cycle      : 144
use_revin  : 0
batch_size : 64

--- Model ---
model_type : mlp
d_model    : 512
mrt_layers : 1
freq_layers: 0
fusion     : mode=serial, gate=0, sparsity=0.0

--- Training ---
base_lr    : 0.01
Stage1     : epochs=30, patience=15
Stage2     : epochs=3, patience=3, freeze_backbone=1
Stage3     : SKIPPED (stage2_only)
============================================================

============================================================
STAGE 1: Train MRT only (freq_layers=0)
============================================================
train 35977
val 4537
test 9793
    iters: 100, epoch: 1 | loss: 0.2786602 | speed: 0.0649s/iter; left: 1087s
    iters: 200, epoch: 1 | loss: 0.2418521 | speed: 0.0442s/iter; left: 736s
    iters: 300, epoch: 1 | loss: 0.2299276 | speed: 0.0441s/iter; left: 730s
    iters: 400, epoch: 1 | loss: 0.2227458 | speed: 0.0435s/iter; left: 716s
    iters: 500, epoch: 1 | loss: 0.2108903 | speed: 0.0441s/iter; left: 721s
Epoch: 1, Steps: 562 | Train: 0.2622426 Vali: 0.1806922 Test: 0.2912737
Validation loss decreased (inf --> 0.180692).  Saving model ...
Updating learning rate to 0.01
    iters: 100, epoch: 2 | loss: 0.2014539 | speed: 0.0468s/iter; left: 758s
    iters: 200, epoch: 2 | loss: 0.1983594 | speed: 0.0381s/iter; left: 613s
    iters: 300, epoch: 2 | loss: 0.2003436 | speed: 0.0389s/iter; left: 623s
    iters: 400, epoch: 2 | loss: 0.2238382 | speed: 0.0420s/iter; left: 668s
    iters: 500, epoch: 2 | loss: 0.1846067 | speed: 0.0456s/iter; left: 721s
Epoch: 2, Steps: 562 | Train: 0.2029390 Vali: 0.1640498 Test: 0.2407046
Validation loss decreased (0.180692 --> 0.164050).  Saving model ...
Updating learning rate to 0.01
    iters: 100, epoch: 3 | loss: 0.1820924 | speed: 0.0575s/iter; left: 899s
    iters: 200, epoch: 3 | loss: 0.1839736 | speed: 0.0472s/iter; left: 733s
    iters: 300, epoch: 3 | loss: 0.1841735 | speed: 0.0464s/iter; left: 716s
    iters: 400, epoch: 3 | loss: 0.1985974 | speed: 0.0463s/iter; left: 711s
    iters: 500, epoch: 3 | loss: 0.1947687 | speed: 0.0477s/iter; left: 727s
Epoch: 3, Steps: 562 | Train: 0.1898708 Vali: 0.1660375 Test: 0.2210299
EarlyStopping counter: 1 out of 15
Updating learning rate to 0.01
    iters: 100, epoch: 4 | loss: 0.2004049 | speed: 0.0514s/iter; left: 775s
    iters: 200, epoch: 4 | loss: 0.1834022 | speed: 0.0465s/iter; left: 697s
    iters: 300, epoch: 4 | loss: 0.2196118 | speed: 0.0430s/iter; left: 639s
    iters: 400, epoch: 4 | loss: 0.1918885 | speed: 0.0446s/iter; left: 659s
    iters: 500, epoch: 4 | loss: 0.2025206 | speed: 0.0462s/iter; left: 678s
Epoch: 4, Steps: 562 | Train: 0.1882776 Vali: 0.1639081 Test: 0.2216022
Validation loss decreased (0.164050 --> 0.163908).  Saving model ...
Updating learning rate to 0.008
    iters: 100, epoch: 5 | loss: 0.1595660 | speed: 0.0518s/iter; left: 752s
    iters: 200, epoch: 5 | loss: 0.1777123 | speed: 0.0450s/iter; left: 649s
    iters: 300, epoch: 5 | loss: 0.2010833 | speed: 0.0463s/iter; left: 662s
    iters: 400, epoch: 5 | loss: 0.1720695 | speed: 0.0450s/iter; left: 639s
    iters: 500, epoch: 5 | loss: 0.1894967 | speed: 0.0450s/iter; left: 634s
Epoch: 5, Steps: 562 | Train: 0.1847762 Vali: 0.1637566 Test: 0.2146945
Validation loss decreased (0.163908 --> 0.163757).  Saving model ...
Updating learning rate to 0.006400000000000001
    iters: 100, epoch: 6 | loss: 0.1914120 | speed: 0.0550s/iter; left: 767s
    iters: 200, epoch: 6 | loss: 0.2010210 | speed: 0.0467s/iter; left: 647s
    iters: 300, epoch: 6 | loss: 0.1944911 | speed: 0.0456s/iter; left: 627s
    iters: 400, epoch: 6 | loss: 0.1866434 | speed: 0.0453s/iter; left: 618s
    iters: 500, epoch: 6 | loss: 0.1806921 | speed: 0.0468s/iter; left: 634s
Epoch: 6, Steps: 562 | Train: 0.1828430 Vali: 0.1639851 Test: 0.2125808
EarlyStopping counter: 1 out of 15
Updating learning rate to 0.005120000000000001
    iters: 100, epoch: 7 | loss: 0.1956426 | speed: 0.0473s/iter; left: 633s
    iters: 200, epoch: 7 | loss: 0.1774729 | speed: 0.0414s/iter; left: 550s
    iters: 300, epoch: 7 | loss: 0.1666864 | speed: 0.0468s/iter; left: 618s
    iters: 400, epoch: 7 | loss: 0.1973597 | speed: 0.0470s/iter; left: 615s
    iters: 500, epoch: 7 | loss: 0.1781766 | speed: 0.0464s/iter; left: 602s
Epoch: 7, Steps: 562 | Train: 0.1817106 Vali: 0.1623502 Test: 0.2187052
Validation loss decreased (0.163757 --> 0.162350).  Saving model ...
Updating learning rate to 0.004096000000000001
    iters: 100, epoch: 8 | loss: 0.1853987 | speed: 0.0583s/iter; left: 748s
    iters: 200, epoch: 8 | loss: 0.1699849 | speed: 0.0474s/iter; left: 604s
    iters: 300, epoch: 8 | loss: 0.1736344 | speed: 0.0482s/iter; left: 609s
    iters: 400, epoch: 8 | loss: 0.1746519 | speed: 0.0473s/iter; left: 593s
    iters: 500, epoch: 8 | loss: 0.1911916 | speed: 0.0472s/iter; left: 587s
Epoch: 8, Steps: 562 | Train: 0.1802658 Vali: 0.1608725 Test: 0.2163767
Validation loss decreased (0.162350 --> 0.160873).  Saving model ...
Updating learning rate to 0.0032768000000000007
    iters: 100, epoch: 9 | loss: 0.1679292 | speed: 0.0573s/iter; left: 703s
    iters: 200, epoch: 9 | loss: 0.1753620 | speed: 0.0466s/iter; left: 566s
    iters: 300, epoch: 9 | loss: 0.1810769 | speed: 0.0482s/iter; left: 581s
    iters: 400, epoch: 9 | loss: 0.1777994 | speed: 0.0467s/iter; left: 559s
    iters: 500, epoch: 9 | loss: 0.1834159 | speed: 0.0467s/iter; left: 554s
Epoch: 9, Steps: 562 | Train: 0.1793620 Vali: 0.1628712 Test: 0.2102411
EarlyStopping counter: 1 out of 15
Updating learning rate to 0.002621440000000001
    iters: 100, epoch: 10 | loss: 0.1716809 | speed: 0.0541s/iter; left: 633s
    iters: 200, epoch: 10 | loss: 0.1818632 | speed: 0.0380s/iter; left: 441s
    iters: 300, epoch: 10 | loss: 0.2004706 | speed: 0.0394s/iter; left: 454s
    iters: 400, epoch: 10 | loss: 0.1906333 | speed: 0.0426s/iter; left: 486s
    iters: 500, epoch: 10 | loss: 0.1610456 | speed: 0.0459s/iter; left: 519s
Epoch: 10, Steps: 562 | Train: 0.1787471 Vali: 0.1609163 Test: 0.2130377
EarlyStopping counter: 2 out of 15
Updating learning rate to 0.002097152000000001
    iters: 100, epoch: 11 | loss: 0.1579855 | speed: 0.0561s/iter; left: 625s
    iters: 200, epoch: 11 | loss: 0.1747508 | speed: 0.0461s/iter; left: 509s
    iters: 300, epoch: 11 | loss: 0.1731749 | speed: 0.0446s/iter; left: 488s
    iters: 400, epoch: 11 | loss: 0.1733168 | speed: 0.0443s/iter; left: 480s
    iters: 500, epoch: 11 | loss: 0.1699037 | speed: 0.0469s/iter; left: 504s
Epoch: 11, Steps: 562 | Train: 0.1774171 Vali: 0.1635521 Test: 0.2176988
EarlyStopping counter: 3 out of 15
Updating learning rate to 0.001677721600000001
    iters: 100, epoch: 12 | loss: 0.1649249 | speed: 0.0533s/iter; left: 564s
    iters: 200, epoch: 12 | loss: 0.1692049 | speed: 0.0485s/iter; left: 508s
    iters: 300, epoch: 12 | loss: 0.1830499 | speed: 0.0477s/iter; left: 495s
    iters: 400, epoch: 12 | loss: 0.1676526 | speed: 0.0470s/iter; left: 483s
    iters: 500, epoch: 12 | loss: 0.1716266 | speed: 0.0477s/iter; left: 485s
Epoch: 12, Steps: 562 | Train: 0.1770760 Vali: 0.1617411 Test: 0.2109115
EarlyStopping counter: 4 out of 15
Updating learning rate to 0.0013421772800000006
    iters: 100, epoch: 13 | loss: 0.1581817 | speed: 0.0500s/iter; left: 501s
    iters: 200, epoch: 13 | loss: 0.1748492 | speed: 0.0399s/iter; left: 396s
    iters: 300, epoch: 13 | loss: 0.1864735 | speed: 0.0462s/iter; left: 453s
    iters: 400, epoch: 13 | loss: 0.1741661 | speed: 0.0454s/iter; left: 441s
    iters: 500, epoch: 13 | loss: 0.1562741 | speed: 0.0432s/iter; left: 415s
Epoch: 13, Steps: 562 | Train: 0.1763873 Vali: 0.1607098 Test: 0.2107421
Validation loss decreased (0.160873 --> 0.160710).  Saving model ...
Updating learning rate to 0.0010737418240000006
    iters: 100, epoch: 14 | loss: 0.1721035 | speed: 0.0544s/iter; left: 514s
    iters: 200, epoch: 14 | loss: 0.1794570 | speed: 0.0470s/iter; left: 440s
    iters: 300, epoch: 14 | loss: 0.1683465 | speed: 0.0426s/iter; left: 395s
    iters: 400, epoch: 14 | loss: 0.1900014 | speed: 0.0453s/iter; left: 415s
    iters: 500, epoch: 14 | loss: 0.2016532 | speed: 0.0443s/iter; left: 402s
Epoch: 14, Steps: 562 | Train: 0.1758944 Vali: 0.1646954 Test: 0.2110166
EarlyStopping counter: 1 out of 15
Updating learning rate to 0.0008589934592000006
    iters: 100, epoch: 15 | loss: 0.1602783 | speed: 0.0530s/iter; left: 472s
    iters: 200, epoch: 15 | loss: 0.1816097 | speed: 0.0452s/iter; left: 397s
    iters: 300, epoch: 15 | loss: 0.1502718 | speed: 0.0456s/iter; left: 396s
    iters: 400, epoch: 15 | loss: 0.1624368 | speed: 0.0463s/iter; left: 398s
    iters: 500, epoch: 15 | loss: 0.1752696 | speed: 0.0467s/iter; left: 397s
Epoch: 15, Steps: 562 | Train: 0.1755341 Vali: 0.1617888 Test: 0.2082389
EarlyStopping counter: 2 out of 15
Updating learning rate to 0.0006871947673600004
    iters: 100, epoch: 16 | loss: 0.1641581 | speed: 0.0532s/iter; left: 444s
    iters: 200, epoch: 16 | loss: 0.1847943 | speed: 0.0445s/iter; left: 366s
    iters: 300, epoch: 16 | loss: 0.1867418 | speed: 0.0476s/iter; left: 387s
    iters: 400, epoch: 16 | loss: 0.1713495 | speed: 0.0450s/iter; left: 361s
    iters: 500, epoch: 16 | loss: 0.1820697 | speed: 0.0455s/iter; left: 361s
Epoch: 16, Steps: 562 | Train: 0.1750481 Vali: 0.1613718 Test: 0.2093972
EarlyStopping counter: 3 out of 15
Updating learning rate to 0.0005497558138880004
    iters: 100, epoch: 17 | loss: 0.1831913 | speed: 0.0488s/iter; left: 379s
    iters: 200, epoch: 17 | loss: 0.1737971 | speed: 0.0371s/iter; left: 284s
    iters: 300, epoch: 17 | loss: 0.2034664 | speed: 0.0402s/iter; left: 304s
    iters: 400, epoch: 17 | loss: 0.1820850 | speed: 0.0424s/iter; left: 316s
    iters: 500, epoch: 17 | loss: 0.1865740 | speed: 0.0475s/iter; left: 350s
Epoch: 17, Steps: 562 | Train: 0.1747434 Vali: 0.1628082 Test: 0.2115519
EarlyStopping counter: 4 out of 15
Updating learning rate to 0.00043980465111040037
    iters: 100, epoch: 18 | loss: 0.1674758 | speed: 0.0486s/iter; left: 350s
    iters: 200, epoch: 18 | loss: 0.1922602 | speed: 0.0383s/iter; left: 272s
    iters: 300, epoch: 18 | loss: 0.1665890 | speed: 0.0430s/iter; left: 301s
    iters: 400, epoch: 18 | loss: 0.1378449 | speed: 0.0455s/iter; left: 314s
    iters: 500, epoch: 18 | loss: 0.1748259 | speed: 0.0458s/iter; left: 312s
Epoch: 18, Steps: 562 | Train: 0.1746159 Vali: 0.1630209 Test: 0.2086157
EarlyStopping counter: 5 out of 15
Updating learning rate to 0.0003518437208883203
    iters: 100, epoch: 19 | loss: 0.1567879 | speed: 0.0536s/iter; left: 356s
    iters: 200, epoch: 19 | loss: 0.1663098 | speed: 0.0440s/iter; left: 288s
    iters: 300, epoch: 19 | loss: 0.1782197 | speed: 0.0477s/iter; left: 308s
    iters: 400, epoch: 19 | loss: 0.1737926 | speed: 0.0460s/iter; left: 292s
    iters: 500, epoch: 19 | loss: 0.1728344 | speed: 0.0473s/iter; left: 295s
Epoch: 19, Steps: 562 | Train: 0.1743600 Vali: 0.1617467 Test: 0.2093298
EarlyStopping counter: 6 out of 15
Updating learning rate to 0.00028147497671065624
    iters: 100, epoch: 20 | loss: 0.1805522 | speed: 0.0587s/iter; left: 357s
    iters: 200, epoch: 20 | loss: 0.1651192 | speed: 0.0480s/iter; left: 287s
    iters: 300, epoch: 20 | loss: 0.1729115 | speed: 0.0490s/iter; left: 288s
    iters: 400, epoch: 20 | loss: 0.1813449 | speed: 0.0488s/iter; left: 282s
    iters: 500, epoch: 20 | loss: 0.1811523 | speed: 0.0495s/iter; left: 281s
Epoch: 20, Steps: 562 | Train: 0.1741534 Vali: 0.1628659 Test: 0.2077173
EarlyStopping counter: 7 out of 15
Updating learning rate to 0.00022517998136852504
    iters: 100, epoch: 21 | loss: 0.1661821 | speed: 0.0494s/iter; left: 273s
    iters: 200, epoch: 21 | loss: 0.1741112 | speed: 0.0388s/iter; left: 210s
    iters: 300, epoch: 21 | loss: 0.1854001 | speed: 0.0403s/iter; left: 214s
    iters: 400, epoch: 21 | loss: 0.1756199 | speed: 0.0460s/iter; left: 240s
    iters: 500, epoch: 21 | loss: 0.1654292 | speed: 0.0480s/iter; left: 246s
Epoch: 21, Steps: 562 | Train: 0.1740116 Vali: 0.1621480 Test: 0.2089233
EarlyStopping counter: 8 out of 15
Updating learning rate to 0.00018014398509482002
    iters: 100, epoch: 22 | loss: 0.1680365 | speed: 0.0554s/iter; left: 275s
    iters: 200, epoch: 22 | loss: 0.1792483 | speed: 0.0481s/iter; left: 234s
    iters: 300, epoch: 22 | loss: 0.1631863 | speed: 0.0458s/iter; left: 218s
    iters: 400, epoch: 22 | loss: 0.1938707 | speed: 0.0476s/iter; left: 222s
    iters: 500, epoch: 22 | loss: 0.1680466 | speed: 0.0467s/iter; left: 213s
Epoch: 22, Steps: 562 | Train: 0.1739115 Vali: 0.1619166 Test: 0.2085383
EarlyStopping counter: 9 out of 15
Updating learning rate to 0.00014411518807585602
    iters: 100, epoch: 23 | loss: 0.1837809 | speed: 0.0566s/iter; left: 249s
    iters: 200, epoch: 23 | loss: 0.1669289 | speed: 0.0470s/iter; left: 202s
    iters: 300, epoch: 23 | loss: 0.1710784 | speed: 0.0471s/iter; left: 198s
    iters: 400, epoch: 23 | loss: 0.1930940 | speed: 0.0466s/iter; left: 191s
    iters: 500, epoch: 23 | loss: 0.1700500 | speed: 0.0465s/iter; left: 186s
Epoch: 23, Steps: 562 | Train: 0.1738410 Vali: 0.1624906 Test: 0.2095999
EarlyStopping counter: 10 out of 15
Updating learning rate to 0.00011529215046068484
    iters: 100, epoch: 24 | loss: 0.1784213 | speed: 0.0553s/iter; left: 212s
    iters: 200, epoch: 24 | loss: 0.1854932 | speed: 0.0437s/iter; left: 163s
    iters: 300, epoch: 24 | loss: 0.1714861 | speed: 0.0380s/iter; left: 138s
    iters: 400, epoch: 24 | loss: 0.1702616 | speed: 0.0383s/iter; left: 136s
    iters: 500, epoch: 24 | loss: 0.1692728 | speed: 0.0431s/iter; left: 148s
Epoch: 24, Steps: 562 | Train: 0.1737144 Vali: 0.1632006 Test: 0.2087790
EarlyStopping counter: 11 out of 15
Updating learning rate to 9.223372036854788e-05
    iters: 100, epoch: 25 | loss: 0.1923293 | speed: 0.0525s/iter; left: 172s
    iters: 200, epoch: 25 | loss: 0.1614888 | speed: 0.0450s/iter; left: 143s
    iters: 300, epoch: 25 | loss: 0.1594507 | speed: 0.0462s/iter; left: 142s
    iters: 400, epoch: 25 | loss: 0.1658836 | speed: 0.0457s/iter; left: 136s
    iters: 500, epoch: 25 | loss: 0.1564028 | speed: 0.0438s/iter; left: 126s
Epoch: 25, Steps: 562 | Train: 0.1736614 Vali: 0.1625992 Test: 0.2085552
EarlyStopping counter: 12 out of 15
Updating learning rate to 7.37869762948383e-05
    iters: 100, epoch: 26 | loss: 0.1730816 | speed: 0.0522s/iter; left: 141s
    iters: 200, epoch: 26 | loss: 0.1651255 | speed: 0.0449s/iter; left: 117s
    iters: 300, epoch: 26 | loss: 0.1727211 | speed: 0.0451s/iter; left: 113s
    iters: 400, epoch: 26 | loss: 0.1752344 | speed: 0.0441s/iter; left: 106s
    iters: 500, epoch: 26 | loss: 0.1710401 | speed: 0.0465s/iter; left: 107s
Epoch: 26, Steps: 562 | Train: 0.1736237 Vali: 0.1619163 Test: 0.2090887
EarlyStopping counter: 13 out of 15
Updating learning rate to 5.902958103587064e-05
    iters: 100, epoch: 27 | loss: 0.1584815 | speed: 0.0542s/iter; left: 116s
    iters: 200, epoch: 27 | loss: 0.1812243 | speed: 0.0462s/iter; left: 95s
    iters: 300, epoch: 27 | loss: 0.1588049 | speed: 0.0449s/iter; left: 88s
    iters: 400, epoch: 27 | loss: 0.1638202 | speed: 0.0400s/iter; left: 74s
    iters: 500, epoch: 27 | loss: 0.1715458 | speed: 0.0409s/iter; left: 72s
Epoch: 27, Steps: 562 | Train: 0.1735877 Vali: 0.1630317 Test: 0.2077910
EarlyStopping counter: 14 out of 15
Updating learning rate to 4.722366482869652e-05
    iters: 100, epoch: 28 | loss: 0.1877383 | speed: 0.0463s/iter; left: 73s
    iters: 200, epoch: 28 | loss: 0.1521932 | speed: 0.0406s/iter; left: 60s
    iters: 300, epoch: 28 | loss: 0.1850341 | speed: 0.0387s/iter; left: 54s
    iters: 400, epoch: 28 | loss: 0.1688918 | speed: 0.0461s/iter; left: 59s
    iters: 500, epoch: 28 | loss: 0.1777444 | speed: 0.0453s/iter; left: 54s
Epoch: 28, Steps: 562 | Train: 0.1735296 Vali: 0.1627338 Test: 0.2072733
EarlyStopping counter: 15 out of 15
Early stopping at epoch 28
STAGE 1 RESULT: mse=0.2106, mae=0.2609, smape=40.5623

============================================================
STAGE 2: Load MRT + add Freq branch (frozen backbone/MRT/cycle, max_epochs=3, patience=3)
============================================================
train 35977
val 4537
test 9793
Loaded 10 params from stage1, 0 new (Freq branch)
Trainable: 6,714 / 447,111 (1.5%)  freeze_backbone=1
    iters: 100, epoch: 1 | loss: 0.1804241 | speed: 0.0603s/iter; left: 96s
    iters: 200, epoch: 1 | loss: 0.1770534 | speed: 0.0413s/iter; left: 61s
    iters: 300, epoch: 1 | loss: 0.1736595 | speed: 0.0395s/iter; left: 55s
    iters: 400, epoch: 1 | loss: 0.1776821 | speed: 0.0405s/iter; left: 52s
    iters: 500, epoch: 1 | loss: 0.1814217 | speed: 0.0390s/iter; left: 46s
Epoch: 1, Train: 0.1761203 Vali: 0.1612164
[diag s2-1]  freq.rs=-0.0712 mask.mean=0.428 mask.std=0.137  mrt.rs=+0.4773
Validation loss decreased (inf --> 0.161216).  Saving model ...
    iters: 100, epoch: 2 | loss: 0.1871600 | speed: 0.0584s/iter; left: 60s
    iters: 200, epoch: 2 | loss: 0.1655896 | speed: 0.0419s/iter; left: 39s
    iters: 300, epoch: 2 | loss: 0.1926108 | speed: 0.0404s/iter; left: 33s
    iters: 400, epoch: 2 | loss: 0.1833131 | speed: 0.0420s/iter; left: 30s
    iters: 500, epoch: 2 | loss: 0.1682093 | speed: 0.0387s/iter; left: 24s
Epoch: 2, Train: 0.1760325 Vali: 0.1612093
[diag s2-2]  freq.rs=-0.0795 mask.mean=0.413 mask.std=0.131  mrt.rs=+0.4773
Validation loss decreased (0.161216 --> 0.161209).  Saving model ...
    iters: 100, epoch: 3 | loss: 0.1832366 | speed: 0.0590s/iter; left: 27s
    iters: 200, epoch: 3 | loss: 0.1704778 | speed: 0.0418s/iter; left: 15s
    iters: 300, epoch: 3 | loss: 0.1708956 | speed: 0.0405s/iter; left: 11s
    iters: 400, epoch: 3 | loss: 0.2054738 | speed: 0.0409s/iter; left: 7s
    iters: 500, epoch: 3 | loss: 0.1817244 | speed: 0.0385s/iter; left: 2s
Epoch: 3, Train: 0.1759984 Vali: 0.1614013
[diag s2-3]  freq.rs=-0.0775 mask.mean=0.399 mask.std=0.127  mrt.rs=+0.4773
EarlyStopping counter: 1 out of 3
STAGE 2 complete.

============================================================
STAGE 2 ONLY: Testing from Stage 2 checkpoint
============================================================
train 35977
val 4537
test 9793
[diag stage2-final]  freq.rs=-0.0795 mask.mean=0.413 mask.std=0.131  mrt.rs=+0.4773

============================================================
FINAL RESULT (Stage 2 only): mse=0.2084, mae=0.2594, smape=40.4303
============================================================
