============================================================
CONFIGURATION
============================================================
Device     : cuda:0
Dataset    : solar
Pred len   : 336
Seed       : 2024

--- Data ---
enc_in     : 137
seq_len    : 96
cycle      : 144
use_revin  : 0
batch_size : 64

--- Model ---
model_type : mlp
d_model    : 512
mrt_layers : 1
freq_layers: 0
fusion     : mode=serial, gate=0, sparsity=0.0

--- Training ---
base_lr    : 0.01
Stage1     : epochs=30, patience=15
Stage2     : epochs=3, patience=3, freeze_backbone=1
Stage3 FreDF: False
Stage3a    : epochs=12, patience=6
Stage3b    : epochs=20, patience=10, freq×0.67 model×0.33 mrt×0.10
============================================================

============================================================
STAGE 1: Train MRT only (freq_layers=0)
============================================================
train 36361
val 4921
test 10177
    iters: 100, epoch: 1 | loss: 0.2434614 | speed: 0.0521s/iter; left: 883s
    iters: 200, epoch: 1 | loss: 0.2262791 | speed: 0.0356s/iter; left: 600s
    iters: 300, epoch: 1 | loss: 0.2375502 | speed: 0.0322s/iter; left: 539s
    iters: 400, epoch: 1 | loss: 0.2135788 | speed: 0.0331s/iter; left: 550s
    iters: 500, epoch: 1 | loss: 0.1986226 | speed: 0.0334s/iter; left: 552s
Epoch: 1, Steps: 568 | Train: 0.2580783 Vali: 0.1839631 Test: 0.2867606
Validation loss decreased (inf --> 0.183963).  Saving model ...
Updating learning rate to 0.01
    iters: 100, epoch: 2 | loss: 0.2010567 | speed: 0.0423s/iter; left: 693s
    iters: 200, epoch: 2 | loss: 0.1816248 | speed: 0.0328s/iter; left: 533s
    iters: 300, epoch: 2 | loss: 0.1927883 | speed: 0.0324s/iter; left: 525s
    iters: 400, epoch: 2 | loss: 0.1917177 | speed: 0.0348s/iter; left: 559s
    iters: 500, epoch: 2 | loss: 0.2055503 | speed: 0.0285s/iter; left: 455s
Epoch: 2, Steps: 568 | Train: 0.2007978 Vali: 0.1681930 Test: 0.2326939
Validation loss decreased (0.183963 --> 0.168193).  Saving model ...
Updating learning rate to 0.01
    iters: 100, epoch: 3 | loss: 0.1751924 | speed: 0.0396s/iter; left: 625s
    iters: 200, epoch: 3 | loss: 0.2069054 | speed: 0.0267s/iter; left: 420s
    iters: 300, epoch: 3 | loss: 0.1813603 | speed: 0.0257s/iter; left: 401s
    iters: 400, epoch: 3 | loss: 0.1811264 | speed: 0.0270s/iter; left: 419s
    iters: 500, epoch: 3 | loss: 0.1931313 | speed: 0.0265s/iter; left: 409s
Epoch: 3, Steps: 568 | Train: 0.1858683 Vali: 0.1656685 Test: 0.2186641
Validation loss decreased (0.168193 --> 0.165668).  Saving model ...
Updating learning rate to 0.01
    iters: 100, epoch: 4 | loss: 0.1836055 | speed: 0.0385s/iter; left: 587s
    iters: 200, epoch: 4 | loss: 0.1741723 | speed: 0.0321s/iter; left: 486s
    iters: 300, epoch: 4 | loss: 0.2217279 | speed: 0.0295s/iter; left: 443s
    iters: 400, epoch: 4 | loss: 0.1841823 | speed: 0.0315s/iter; left: 471s
    iters: 500, epoch: 4 | loss: 0.1811991 | speed: 0.0318s/iter; left: 472s
Epoch: 4, Steps: 568 | Train: 0.1845462 Vali: 0.1673343 Test: 0.2103001
EarlyStopping counter: 1 out of 15
Updating learning rate to 0.008
    iters: 100, epoch: 5 | loss: 0.1629727 | speed: 0.0427s/iter; left: 627s
    iters: 200, epoch: 5 | loss: 0.2015861 | speed: 0.0333s/iter; left: 485s
    iters: 300, epoch: 5 | loss: 0.1806707 | speed: 0.0326s/iter; left: 472s
    iters: 400, epoch: 5 | loss: 0.1914966 | speed: 0.0333s/iter; left: 478s
    iters: 500, epoch: 5 | loss: 0.1798289 | speed: 0.0300s/iter; left: 427s
Epoch: 5, Steps: 568 | Train: 0.1816884 Vali: 0.1670435 Test: 0.2226068
EarlyStopping counter: 2 out of 15
Updating learning rate to 0.006400000000000001
    iters: 100, epoch: 6 | loss: 0.1725842 | speed: 0.0440s/iter; left: 620s
    iters: 200, epoch: 6 | loss: 0.1774563 | speed: 0.0317s/iter; left: 444s
    iters: 300, epoch: 6 | loss: 0.1661798 | speed: 0.0343s/iter; left: 477s
    iters: 400, epoch: 6 | loss: 0.1714795 | speed: 0.0336s/iter; left: 463s
    iters: 500, epoch: 6 | loss: 0.1993757 | speed: 0.0326s/iter; left: 447s
Epoch: 6, Steps: 568 | Train: 0.1786785 Vali: 0.1656021 Test: 0.2255731
Validation loss decreased (0.165668 --> 0.165602).  Saving model ...
Updating learning rate to 0.005120000000000001
    iters: 100, epoch: 7 | loss: 0.1707830 | speed: 0.0401s/iter; left: 543s
    iters: 200, epoch: 7 | loss: 0.1735479 | speed: 0.0332s/iter; left: 446s
    iters: 300, epoch: 7 | loss: 0.1779343 | speed: 0.0327s/iter; left: 437s
    iters: 400, epoch: 7 | loss: 0.1882084 | speed: 0.0339s/iter; left: 449s
    iters: 500, epoch: 7 | loss: 0.1732075 | speed: 0.0308s/iter; left: 405s
Epoch: 7, Steps: 568 | Train: 0.1772051 Vali: 0.1647046 Test: 0.2088184
Validation loss decreased (0.165602 --> 0.164705).  Saving model ...
Updating learning rate to 0.004096000000000001
    iters: 100, epoch: 8 | loss: 0.1824064 | speed: 0.0406s/iter; left: 526s
    iters: 200, epoch: 8 | loss: 0.1743621 | speed: 0.0332s/iter; left: 427s
    iters: 300, epoch: 8 | loss: 0.1725719 | speed: 0.0335s/iter; left: 427s
    iters: 400, epoch: 8 | loss: 0.1696297 | speed: 0.0347s/iter; left: 440s
    iters: 500, epoch: 8 | loss: 0.1755774 | speed: 0.0321s/iter; left: 404s
Epoch: 8, Steps: 568 | Train: 0.1758389 Vali: 0.1653934 Test: 0.2186593
EarlyStopping counter: 1 out of 15
Updating learning rate to 0.0032768000000000007
    iters: 100, epoch: 9 | loss: 0.1734173 | speed: 0.0324s/iter; left: 402s
    iters: 200, epoch: 9 | loss: 0.1735935 | speed: 0.0292s/iter; left: 359s
    iters: 300, epoch: 9 | loss: 0.1668479 | speed: 0.0347s/iter; left: 423s
    iters: 400, epoch: 9 | loss: 0.1565136 | speed: 0.0322s/iter; left: 389s
    iters: 500, epoch: 9 | loss: 0.1677640 | speed: 0.0342s/iter; left: 410s
Epoch: 9, Steps: 568 | Train: 0.1747393 Vali: 0.1626156 Test: 0.2101500
Validation loss decreased (0.164705 --> 0.162616).  Saving model ...
Updating learning rate to 0.002621440000000001
    iters: 100, epoch: 10 | loss: 0.1899692 | speed: 0.0326s/iter; left: 386s
    iters: 200, epoch: 10 | loss: 0.1829845 | speed: 0.0262s/iter; left: 308s
    iters: 300, epoch: 10 | loss: 0.1668203 | speed: 0.0301s/iter; left: 350s
    iters: 400, epoch: 10 | loss: 0.1802291 | speed: 0.0328s/iter; left: 378s
    iters: 500, epoch: 10 | loss: 0.1804278 | speed: 0.0318s/iter; left: 364s
Epoch: 10, Steps: 568 | Train: 0.1736328 Vali: 0.1629033 Test: 0.2066569
EarlyStopping counter: 1 out of 15
Updating learning rate to 0.002097152000000001
    iters: 100, epoch: 11 | loss: 0.1947486 | speed: 0.0399s/iter; left: 450s
    iters: 200, epoch: 11 | loss: 0.1818059 | speed: 0.0328s/iter; left: 366s
    iters: 300, epoch: 11 | loss: 0.1560703 | speed: 0.0305s/iter; left: 338s
    iters: 400, epoch: 11 | loss: 0.1770407 | speed: 0.0306s/iter; left: 335s
    iters: 500, epoch: 11 | loss: 0.1862661 | speed: 0.0318s/iter; left: 346s
Epoch: 11, Steps: 568 | Train: 0.1730957 Vali: 0.1671123 Test: 0.2113875
EarlyStopping counter: 2 out of 15
Updating learning rate to 0.001677721600000001
    iters: 100, epoch: 12 | loss: 0.1941553 | speed: 0.0395s/iter; left: 423s
    iters: 200, epoch: 12 | loss: 0.1611706 | speed: 0.0315s/iter; left: 334s
    iters: 300, epoch: 12 | loss: 0.1486798 | speed: 0.0309s/iter; left: 324s
    iters: 400, epoch: 12 | loss: 0.1783601 | speed: 0.0337s/iter; left: 350s
    iters: 500, epoch: 12 | loss: 0.1808608 | speed: 0.0308s/iter; left: 317s
Epoch: 12, Steps: 568 | Train: 0.1721111 Vali: 0.1653549 Test: 0.2088081
EarlyStopping counter: 3 out of 15
Updating learning rate to 0.0013421772800000006
    iters: 100, epoch: 13 | loss: 0.1689251 | speed: 0.0417s/iter; left: 422s
    iters: 200, epoch: 13 | loss: 0.1679246 | speed: 0.0325s/iter; left: 326s
    iters: 300, epoch: 13 | loss: 0.1617223 | speed: 0.0300s/iter; left: 298s
    iters: 400, epoch: 13 | loss: 0.1741768 | speed: 0.0299s/iter; left: 294s
    iters: 500, epoch: 13 | loss: 0.1691556 | speed: 0.0308s/iter; left: 299s
Epoch: 13, Steps: 568 | Train: 0.1715970 Vali: 0.1629838 Test: 0.2062853
EarlyStopping counter: 4 out of 15
Updating learning rate to 0.0010737418240000006
    iters: 100, epoch: 14 | loss: 0.1724503 | speed: 0.0391s/iter; left: 374s
    iters: 200, epoch: 14 | loss: 0.1543181 | speed: 0.0311s/iter; left: 294s
    iters: 300, epoch: 14 | loss: 0.1924191 | speed: 0.0316s/iter; left: 296s
    iters: 400, epoch: 14 | loss: 0.1582254 | speed: 0.0332s/iter; left: 308s
    iters: 500, epoch: 14 | loss: 0.1712002 | speed: 0.0321s/iter; left: 294s
Epoch: 14, Steps: 568 | Train: 0.1708171 Vali: 0.1628959 Test: 0.2102258
EarlyStopping counter: 5 out of 15
Updating learning rate to 0.0008589934592000006
    iters: 100, epoch: 15 | loss: 0.1850114 | speed: 0.0402s/iter; left: 362s
    iters: 200, epoch: 15 | loss: 0.1643548 | speed: 0.0308s/iter; left: 274s
    iters: 300, epoch: 15 | loss: 0.1651913 | speed: 0.0246s/iter; left: 216s
    iters: 400, epoch: 15 | loss: 0.1555807 | speed: 0.0235s/iter; left: 204s
    iters: 500, epoch: 15 | loss: 0.1758765 | speed: 0.0238s/iter; left: 205s
Epoch: 15, Steps: 568 | Train: 0.1703302 Vali: 0.1648634 Test: 0.2084757
EarlyStopping counter: 6 out of 15
Updating learning rate to 0.0006871947673600004
    iters: 100, epoch: 16 | loss: 0.1585280 | speed: 0.0407s/iter; left: 343s
    iters: 200, epoch: 16 | loss: 0.1466669 | speed: 0.0298s/iter; left: 248s
    iters: 300, epoch: 16 | loss: 0.1714111 | speed: 0.0256s/iter; left: 211s
    iters: 400, epoch: 16 | loss: 0.2066529 | speed: 0.0241s/iter; left: 196s
    iters: 500, epoch: 16 | loss: 0.1697209 | speed: 0.0244s/iter; left: 196s
Epoch: 16, Steps: 568 | Train: 0.1698793 Vali: 0.1670737 Test: 0.2020783
EarlyStopping counter: 7 out of 15
Updating learning rate to 0.0005497558138880004
    iters: 100, epoch: 17 | loss: 0.1689949 | speed: 0.0388s/iter; left: 305s
    iters: 200, epoch: 17 | loss: 0.1820358 | speed: 0.0364s/iter; left: 282s
    iters: 300, epoch: 17 | loss: 0.1782632 | speed: 0.0341s/iter; left: 261s
    iters: 400, epoch: 17 | loss: 0.1717460 | speed: 0.0343s/iter; left: 259s
    iters: 500, epoch: 17 | loss: 0.1488273 | speed: 0.0306s/iter; left: 228s
Epoch: 17, Steps: 568 | Train: 0.1693999 Vali: 0.1658960 Test: 0.2103929
EarlyStopping counter: 8 out of 15
Updating learning rate to 0.00043980465111040037
    iters: 100, epoch: 18 | loss: 0.1813586 | speed: 0.0429s/iter; left: 313s
    iters: 200, epoch: 18 | loss: 0.1913897 | speed: 0.0316s/iter; left: 227s
    iters: 300, epoch: 18 | loss: 0.1458645 | speed: 0.0330s/iter; left: 234s
    iters: 400, epoch: 18 | loss: 0.1801334 | speed: 0.0329s/iter; left: 229s
    iters: 500, epoch: 18 | loss: 0.1603906 | speed: 0.0380s/iter; left: 262s
Epoch: 18, Steps: 568 | Train: 0.1692571 Vali: 0.1635093 Test: 0.2076379
EarlyStopping counter: 9 out of 15
Updating learning rate to 0.0003518437208883203
    iters: 100, epoch: 19 | loss: 0.1617271 | speed: 0.0424s/iter; left: 285s
    iters: 200, epoch: 19 | loss: 0.1481304 | speed: 0.0333s/iter; left: 220s
    iters: 300, epoch: 19 | loss: 0.1743859 | speed: 0.0338s/iter; left: 220s
    iters: 400, epoch: 19 | loss: 0.1724801 | speed: 0.0331s/iter; left: 212s
    iters: 500, epoch: 19 | loss: 0.1622679 | speed: 0.0326s/iter; left: 206s
Epoch: 19, Steps: 568 | Train: 0.1690453 Vali: 0.1629844 Test: 0.2094751
EarlyStopping counter: 10 out of 15
Updating learning rate to 0.00028147497671065624
    iters: 100, epoch: 20 | loss: 0.1603038 | speed: 0.0439s/iter; left: 270s
    iters: 200, epoch: 20 | loss: 0.1477942 | speed: 0.0357s/iter; left: 216s
    iters: 300, epoch: 20 | loss: 0.1504285 | speed: 0.0350s/iter; left: 208s
    iters: 400, epoch: 20 | loss: 0.1652675 | speed: 0.0332s/iter; left: 194s
    iters: 500, epoch: 20 | loss: 0.1908301 | speed: 0.0331s/iter; left: 191s
Epoch: 20, Steps: 568 | Train: 0.1688640 Vali: 0.1657584 Test: 0.2039412
EarlyStopping counter: 11 out of 15
Updating learning rate to 0.00022517998136852504
    iters: 100, epoch: 21 | loss: 0.1884195 | speed: 0.0430s/iter; left: 240s
    iters: 200, epoch: 21 | loss: 0.1573356 | speed: 0.0335s/iter; left: 184s
    iters: 300, epoch: 21 | loss: 0.1749792 | speed: 0.0307s/iter; left: 165s
    iters: 400, epoch: 21 | loss: 0.1539239 | speed: 0.0253s/iter; left: 133s
    iters: 500, epoch: 21 | loss: 0.1675901 | speed: 0.0251s/iter; left: 130s
Epoch: 21, Steps: 568 | Train: 0.1686529 Vali: 0.1649510 Test: 0.2039858
EarlyStopping counter: 12 out of 15
Updating learning rate to 0.00018014398509482002
    iters: 100, epoch: 22 | loss: 0.1714982 | speed: 0.0407s/iter; left: 204s
    iters: 200, epoch: 22 | loss: 0.1762506 | speed: 0.0302s/iter; left: 148s
    iters: 300, epoch: 22 | loss: 0.1618790 | speed: 0.0327s/iter; left: 157s
    iters: 400, epoch: 22 | loss: 0.1383475 | speed: 0.0306s/iter; left: 144s
    iters: 500, epoch: 22 | loss: 0.1743472 | speed: 0.0312s/iter; left: 144s
Epoch: 22, Steps: 568 | Train: 0.1685074 Vali: 0.1658361 Test: 0.2049910
EarlyStopping counter: 13 out of 15
Updating learning rate to 0.00014411518807585602
    iters: 100, epoch: 23 | loss: 0.1858233 | speed: 0.0414s/iter; left: 184s
    iters: 200, epoch: 23 | loss: 0.1485003 | speed: 0.0287s/iter; left: 125s
    iters: 300, epoch: 23 | loss: 0.1894479 | speed: 0.0313s/iter; left: 133s
    iters: 400, epoch: 23 | loss: 0.1472875 | speed: 0.0293s/iter; left: 121s
    iters: 500, epoch: 23 | loss: 0.1937596 | speed: 0.0312s/iter; left: 126s
Epoch: 23, Steps: 568 | Train: 0.1683657 Vali: 0.1661769 Test: 0.2051363
EarlyStopping counter: 14 out of 15
Updating learning rate to 0.00011529215046068484
    iters: 100, epoch: 24 | loss: 0.1779721 | speed: 0.0438s/iter; left: 170s
    iters: 200, epoch: 24 | loss: 0.1583537 | speed: 0.0339s/iter; left: 128s
    iters: 300, epoch: 24 | loss: 0.1577070 | speed: 0.0339s/iter; left: 125s
    iters: 400, epoch: 24 | loss: 0.1572282 | speed: 0.0326s/iter; left: 116s
    iters: 500, epoch: 24 | loss: 0.1506190 | speed: 0.0315s/iter; left: 109s
Epoch: 24, Steps: 568 | Train: 0.1682707 Vali: 0.1658720 Test: 0.2044075
EarlyStopping counter: 15 out of 15
Early stopping at epoch 24
STAGE 1 RESULT: mse=0.2087, mae=0.2614, smape=41.0850

============================================================
STAGE 2: Load MRT + add Freq branch (frozen backbone/MRT/cycle, max_epochs=3, patience=3)
============================================================
train 36361
val 4921
test 10177
Loaded 10 params from stage1, 0 new (Freq branch)
Trainable: 6,714 / 250,119 (2.7%)  freeze_backbone=1
    iters: 100, epoch: 1 | loss: 0.1829980 | speed: 0.0335s/iter; left: 54s
    iters: 200, epoch: 1 | loss: 0.1744800 | speed: 0.0279s/iter; left: 42s
    iters: 300, epoch: 1 | loss: 0.1693643 | speed: 0.0255s/iter; left: 36s
    iters: 400, epoch: 1 | loss: 0.1723908 | speed: 0.0273s/iter; left: 36s
    iters: 500, epoch: 1 | loss: 0.1638948 | speed: 0.0259s/iter; left: 31s
Epoch: 1, Train: 0.1729520 Vali: 0.1628428
[diag s2-1]  freq.rs=-0.0864 mask.mean=0.443 mask.std=0.142  mrt.rs=+0.4746
Validation loss decreased (inf --> 0.162843).  Saving model ...
    iters: 100, epoch: 2 | loss: 0.1834461 | speed: 0.0365s/iter; left: 38s
    iters: 200, epoch: 2 | loss: 0.1719647 | speed: 0.0260s/iter; left: 24s
    iters: 300, epoch: 2 | loss: 0.1694571 | speed: 0.0272s/iter; left: 23s
    iters: 400, epoch: 2 | loss: 0.1763703 | speed: 0.0274s/iter; left: 20s
    iters: 500, epoch: 2 | loss: 0.1505121 | speed: 0.0267s/iter; left: 17s
Epoch: 2, Train: 0.1727901 Vali: 0.1629903
[diag s2-2]  freq.rs=-0.0942 mask.mean=0.441 mask.std=0.143  mrt.rs=+0.4746
EarlyStopping counter: 1 out of 3
    iters: 100, epoch: 3 | loss: 0.1820102 | speed: 0.0362s/iter; left: 17s
    iters: 200, epoch: 3 | loss: 0.1625835 | speed: 0.0264s/iter; left: 10s
    iters: 300, epoch: 3 | loss: 0.1806367 | speed: 0.0260s/iter; left: 7s
    iters: 400, epoch: 3 | loss: 0.1718299 | speed: 0.0235s/iter; left: 4s
    iters: 500, epoch: 3 | loss: 0.1720545 | speed: 0.0266s/iter; left: 2s
Epoch: 3, Train: 0.1727667 Vali: 0.1628339
[diag s2-3]  freq.rs=-0.0974 mask.mean=0.439 mask.std=0.144  mrt.rs=+0.4746
Validation loss decreased (0.162843 --> 0.162834).  Saving model ...
STAGE 2 complete.

============================================================
SKIPPING Stage 3a (--no_stage3a): Stage 2 -> Stage 3b directly
============================================================

============================================================
STAGE 3b: Unfreeze all, group-wise LR (base=0.003000, max_epochs=20, patience=10) (pure MSE)
  LR groups: freq/gate ×0.67, model ×0.33, mrt/cycle ×0.10
============================================================
train 36361
val 4921
test 10177
Loaded stage3a checkpoint, unfreezing all parameters.
  Group freq/gate: 6,714 params, LR=0.002010
  Group model: 222,032 params, LR=0.000990
  Group mrt/cycle: 21,373 params, LR=0.000300
    iters: 100, epoch: 1 | loss: 0.1738633 | speed: 0.0353s/iter; left: 398s
    iters: 200, epoch: 1 | loss: 0.1853343 | speed: 0.0308s/iter; left: 343s
    iters: 300, epoch: 1 | loss: 0.1671338 | speed: 0.0303s/iter; left: 335s
    iters: 400, epoch: 1 | loss: 0.1558966 | speed: 0.0315s/iter; left: 345s
    iters: 500, epoch: 1 | loss: 0.1577230 | speed: 0.0297s/iter; left: 323s
Epoch: 1, Steps: 568 | Train: 0.1708052 Vali: 0.1632098 Test: 0.2050152
[diag 3b-1]  freq.rs=-0.0960 mask.mean=0.438 mask.std=0.144  mrt.rs=+0.4743
Validation loss decreased (inf --> 0.163210).  Saving model ...
Updating learning rate to 0.01
    iters: 100, epoch: 2 | loss: 0.1769665 | speed: 0.0337s/iter; left: 360s
    iters: 200, epoch: 2 | loss: 0.2141183 | speed: 0.0262s/iter; left: 278s
    iters: 300, epoch: 2 | loss: 0.1956673 | speed: 0.0298s/iter; left: 313s
    iters: 400, epoch: 2 | loss: 0.1945817 | speed: 0.0304s/iter; left: 316s
    iters: 500, epoch: 2 | loss: 0.1640806 | speed: 0.0300s/iter; left: 309s
Epoch: 2, Steps: 568 | Train: 0.1831525 Vali: 0.1688570 Test: 0.2202747
[diag 3b-2]  freq.rs=-0.4382 mask.mean=0.458 mask.std=0.180  mrt.rs=+0.4802
EarlyStopping counter: 1 out of 10
Updating learning rate to 0.01
    iters: 100, epoch: 3 | loss: 0.1760354 | speed: 0.0385s/iter; left: 389s
    iters: 200, epoch: 3 | loss: 0.1590832 | speed: 0.0329s/iter; left: 330s
    iters: 300, epoch: 3 | loss: 0.1851160 | speed: 0.0311s/iter; left: 309s
    iters: 400, epoch: 3 | loss: 0.1658920 | speed: 0.0300s/iter; left: 295s
    iters: 500, epoch: 3 | loss: 0.1550457 | speed: 0.0304s/iter; left: 296s
Epoch: 3, Steps: 568 | Train: 0.1816203 Vali: 0.1692307 Test: 0.2122880
[diag 3b-3]  freq.rs=-0.6626 mask.mean=0.454 mask.std=0.192  mrt.rs=+0.4796
EarlyStopping counter: 2 out of 10
Updating learning rate to 0.01
    iters: 100, epoch: 4 | loss: 0.1626133 | speed: 0.0416s/iter; left: 398s
    iters: 200, epoch: 4 | loss: 0.1889976 | speed: 0.0332s/iter; left: 314s
    iters: 300, epoch: 4 | loss: 0.1791909 | speed: 0.0313s/iter; left: 293s
    iters: 400, epoch: 4 | loss: 0.1838707 | speed: 0.0294s/iter; left: 272s
    iters: 500, epoch: 4 | loss: 0.1683591 | speed: 0.0302s/iter; left: 277s
Epoch: 4, Steps: 568 | Train: 0.1796458 Vali: 0.1655977 Test: 0.2141645
[diag 3b-4]  freq.rs=-0.8164 mask.mean=0.452 mask.std=0.192  mrt.rs=+0.4791
EarlyStopping counter: 3 out of 10
Updating learning rate to 0.008
    iters: 100, epoch: 5 | loss: 0.1561737 | speed: 0.0382s/iter; left: 344s
    iters: 200, epoch: 5 | loss: 0.1734748 | speed: 0.0306s/iter; left: 272s
    iters: 300, epoch: 5 | loss: 0.2000546 | speed: 0.0303s/iter; left: 267s
    iters: 400, epoch: 5 | loss: 0.1642594 | speed: 0.0311s/iter; left: 270s
    iters: 500, epoch: 5 | loss: 0.1933221 | speed: 0.0285s/iter; left: 245s
Epoch: 5, Steps: 568 | Train: 0.1781815 Vali: 0.1728177 Test: 0.2116615
[diag 3b-5]  freq.rs=-0.9107 mask.mean=0.441 mask.std=0.186  mrt.rs=+0.4785
EarlyStopping counter: 4 out of 10
Updating learning rate to 0.006400000000000001
    iters: 100, epoch: 6 | loss: 0.1762000 | speed: 0.0403s/iter; left: 339s
    iters: 200, epoch: 6 | loss: 0.1622178 | speed: 0.0307s/iter; left: 256s
    iters: 300, epoch: 6 | loss: 0.1625731 | speed: 0.0337s/iter; left: 277s
    iters: 400, epoch: 6 | loss: 0.1689192 | speed: 0.0318s/iter; left: 258s
    iters: 500, epoch: 6 | loss: 0.1713958 | speed: 0.0327s/iter; left: 262s
Epoch: 6, Steps: 568 | Train: 0.1754266 Vali: 0.1705557 Test: 0.2212583
[diag 3b-6]  freq.rs=-0.9734 mask.mean=0.438 mask.std=0.183  mrt.rs=+0.4751
EarlyStopping counter: 5 out of 10
Updating learning rate to 0.005120000000000001
    iters: 100, epoch: 7 | loss: 0.1712963 | speed: 0.0411s/iter; left: 323s
    iters: 200, epoch: 7 | loss: 0.1927105 | speed: 0.0299s/iter; left: 232s
    iters: 300, epoch: 7 | loss: 0.1685557 | speed: 0.0300s/iter; left: 229s
    iters: 400, epoch: 7 | loss: 0.1743581 | speed: 0.0283s/iter; left: 214s
    iters: 500, epoch: 7 | loss: 0.1712584 | speed: 0.0256s/iter; left: 191s
Epoch: 7, Steps: 568 | Train: 0.1746283 Vali: 0.1641444 Test: 0.2137578
[diag 3b-7]  freq.rs=-1.0170 mask.mean=0.433 mask.std=0.181  mrt.rs=+0.4758
EarlyStopping counter: 6 out of 10
Updating learning rate to 0.004096000000000001
    iters: 100, epoch: 8 | loss: 0.2006314 | speed: 0.0408s/iter; left: 297s
    iters: 200, epoch: 8 | loss: 0.1717980 | speed: 0.0312s/iter; left: 224s
    iters: 300, epoch: 8 | loss: 0.1528368 | speed: 0.0306s/iter; left: 217s
    iters: 400, epoch: 8 | loss: 0.1640391 | speed: 0.0273s/iter; left: 191s
    iters: 500, epoch: 8 | loss: 0.1616944 | speed: 0.0261s/iter; left: 179s
Epoch: 8, Steps: 568 | Train: 0.1726942 Vali: 0.1654571 Test: 0.2112368
[diag 3b-8]  freq.rs=-1.0466 mask.mean=0.431 mask.std=0.181  mrt.rs=+0.4752
EarlyStopping counter: 7 out of 10
Updating learning rate to 0.0032768000000000007
    iters: 100, epoch: 9 | loss: 0.1772724 | speed: 0.0358s/iter; left: 241s
    iters: 200, epoch: 9 | loss: 0.1616547 | speed: 0.0371s/iter; left: 245s
    iters: 300, epoch: 9 | loss: 0.1533739 | speed: 0.0380s/iter; left: 248s
    iters: 400, epoch: 9 | loss: 0.1805293 | speed: 0.0363s/iter; left: 233s
    iters: 500, epoch: 9 | loss: 0.1713201 | speed: 0.0312s/iter; left: 197s
Epoch: 9, Steps: 568 | Train: 0.1716850 Vali: 0.1700689 Test: 0.2085963
[diag 3b-9]  freq.rs=-1.0696 mask.mean=0.430 mask.std=0.181  mrt.rs=+0.4744
EarlyStopping counter: 8 out of 10
Updating learning rate to 0.002621440000000001
    iters: 100, epoch: 10 | loss: 0.1599345 | speed: 0.0438s/iter; left: 269s
    iters: 200, epoch: 10 | loss: 0.1790136 | speed: 0.0295s/iter; left: 179s
    iters: 300, epoch: 10 | loss: 0.1816618 | speed: 0.0310s/iter; left: 185s
    iters: 400, epoch: 10 | loss: 0.1781564 | speed: 0.0300s/iter; left: 176s
    iters: 500, epoch: 10 | loss: 0.1724003 | speed: 0.0303s/iter; left: 174s
Epoch: 10, Steps: 568 | Train: 0.1706786 Vali: 0.1687349 Test: 0.2049979
[diag 3b-10]  freq.rs=-1.0801 mask.mean=0.428 mask.std=0.182  mrt.rs=+0.4737
EarlyStopping counter: 9 out of 10
Updating learning rate to 0.002097152000000001
    iters: 100, epoch: 11 | loss: 0.1683649 | speed: 0.0439s/iter; left: 245s
    iters: 200, epoch: 11 | loss: 0.1694231 | speed: 0.0319s/iter; left: 175s
    iters: 300, epoch: 11 | loss: 0.1733136 | speed: 0.0310s/iter; left: 167s
    iters: 400, epoch: 11 | loss: 0.1840645 | speed: 0.0300s/iter; left: 158s
    iters: 500, epoch: 11 | loss: 0.1800650 | speed: 0.0306s/iter; left: 159s
Epoch: 11, Steps: 568 | Train: 0.1700772 Vali: 0.1652740 Test: 0.2039107
[diag 3b-11]  freq.rs=-1.0915 mask.mean=0.428 mask.std=0.182  mrt.rs=+0.4739
EarlyStopping counter: 10 out of 10
Early stopping at epoch 11

============================================================
FINAL RESULT (Stage 3b): mse=0.2038, mae=0.2555, smape=40.1755
============================================================
[diag 3b-final]  freq.rs=-0.0960 mask.mean=0.438 mask.std=0.144  mrt.rs=+0.4743
