============================================================
CONFIGURATION
============================================================
Device     : cuda:0
Dataset    : solar
Pred len   : 192
Seed       : 2024

--- Data ---
enc_in     : 137
seq_len    : 96
cycle      : 144
use_revin  : 0
batch_size : 64

--- Model ---
model_type : mlp
d_model    : 512
mrt_layers : 1
freq_layers: 0
fusion     : mode=serial, gate=0, sparsity=0.0

--- Training ---
base_lr    : 0.01
Stage1     : epochs=30, patience=15
Stage2     : epochs=3, patience=3, freeze_backbone=1
Stage3     : SKIPPED (stage2_only)
============================================================

============================================================
STAGE 1: Train MRT only (freq_layers=0)
============================================================
train 36505
val 5065
test 10321
    iters: 100, epoch: 1 | loss: 0.2351642 | speed: 0.0490s/iter; left: 833s
    iters: 200, epoch: 1 | loss: 0.2225852 | speed: 0.0265s/iter; left: 447s
    iters: 300, epoch: 1 | loss: 0.2273871 | speed: 0.0294s/iter; left: 494s
    iters: 400, epoch: 1 | loss: 0.2008568 | speed: 0.0288s/iter; left: 481s
    iters: 500, epoch: 1 | loss: 0.2679821 | speed: 0.0261s/iter; left: 433s
Epoch: 1, Steps: 570 | Train: 0.2491221 Vali: 0.1734751 Test: 0.2640369
Validation loss decreased (inf --> 0.173475).  Saving model ...
Updating learning rate to 0.01
    iters: 100, epoch: 2 | loss: 0.2229773 | speed: 0.0350s/iter; left: 575s
    iters: 200, epoch: 2 | loss: 0.1699056 | speed: 0.0276s/iter; left: 452s
    iters: 300, epoch: 2 | loss: 0.1980816 | speed: 0.0265s/iter; left: 430s
    iters: 400, epoch: 2 | loss: 0.1889062 | speed: 0.0260s/iter; left: 420s
    iters: 500, epoch: 2 | loss: 0.1829686 | speed: 0.0266s/iter; left: 426s
Epoch: 2, Steps: 570 | Train: 0.1922005 Vali: 0.1558540 Test: 0.2076715
Validation loss decreased (0.173475 --> 0.155854).  Saving model ...
Updating learning rate to 0.01
    iters: 100, epoch: 3 | loss: 0.1788454 | speed: 0.0352s/iter; left: 558s
    iters: 200, epoch: 3 | loss: 0.1658234 | speed: 0.0264s/iter; left: 416s
    iters: 300, epoch: 3 | loss: 0.1668417 | speed: 0.0252s/iter; left: 395s
    iters: 400, epoch: 3 | loss: 0.1940055 | speed: 0.0242s/iter; left: 377s
    iters: 500, epoch: 3 | loss: 0.1853519 | speed: 0.0250s/iter; left: 386s
Epoch: 3, Steps: 570 | Train: 0.1782959 Vali: 0.1605711 Test: 0.2111412
EarlyStopping counter: 1 out of 15
Updating learning rate to 0.01
    iters: 100, epoch: 4 | loss: 0.1653078 | speed: 0.0290s/iter; left: 443s
    iters: 200, epoch: 4 | loss: 0.2147861 | speed: 0.0193s/iter; left: 293s
    iters: 300, epoch: 4 | loss: 0.1564491 | speed: 0.0205s/iter; left: 309s
    iters: 400, epoch: 4 | loss: 0.1774896 | speed: 0.0257s/iter; left: 385s
    iters: 500, epoch: 4 | loss: 0.1675763 | speed: 0.0259s/iter; left: 386s
Epoch: 4, Steps: 570 | Train: 0.1774112 Vali: 0.1556123 Test: 0.2035380
Validation loss decreased (0.155854 --> 0.155612).  Saving model ...
Updating learning rate to 0.008
    iters: 100, epoch: 5 | loss: 0.2143123 | speed: 0.0355s/iter; left: 522s
    iters: 200, epoch: 5 | loss: 0.1873468 | speed: 0.0253s/iter; left: 369s
    iters: 300, epoch: 5 | loss: 0.1771388 | speed: 0.0235s/iter; left: 342s
    iters: 400, epoch: 5 | loss: 0.1371303 | speed: 0.0264s/iter; left: 380s
    iters: 500, epoch: 5 | loss: 0.1789666 | speed: 0.0236s/iter; left: 337s
Epoch: 5, Steps: 570 | Train: 0.1734189 Vali: 0.1547977 Test: 0.2068067
Validation loss decreased (0.155612 --> 0.154798).  Saving model ...
Updating learning rate to 0.006400000000000001
    iters: 100, epoch: 6 | loss: 0.1882047 | speed: 0.0352s/iter; left: 498s
    iters: 200, epoch: 6 | loss: 0.1746349 | speed: 0.0226s/iter; left: 317s
    iters: 300, epoch: 6 | loss: 0.1564855 | speed: 0.0272s/iter; left: 380s
    iters: 400, epoch: 6 | loss: 0.1642224 | speed: 0.0245s/iter; left: 340s
    iters: 500, epoch: 6 | loss: 0.1649745 | speed: 0.0264s/iter; left: 363s
Epoch: 6, Steps: 570 | Train: 0.1711580 Vali: 0.1527281 Test: 0.2067023
Validation loss decreased (0.154798 --> 0.152728).  Saving model ...
Updating learning rate to 0.005120000000000001
    iters: 100, epoch: 7 | loss: 0.1865708 | speed: 0.0301s/iter; left: 409s
    iters: 200, epoch: 7 | loss: 0.1729659 | speed: 0.0263s/iter; left: 355s
    iters: 300, epoch: 7 | loss: 0.1780056 | speed: 0.0251s/iter; left: 336s
    iters: 400, epoch: 7 | loss: 0.1681669 | speed: 0.0255s/iter; left: 338s
    iters: 500, epoch: 7 | loss: 0.1627564 | speed: 0.0273s/iter; left: 360s
Epoch: 7, Steps: 570 | Train: 0.1703002 Vali: 0.1626575 Test: 0.1988123
EarlyStopping counter: 1 out of 15
Updating learning rate to 0.004096000000000001
    iters: 100, epoch: 8 | loss: 0.1704314 | speed: 0.0345s/iter; left: 448s
    iters: 200, epoch: 8 | loss: 0.1834499 | speed: 0.0240s/iter; left: 309s
    iters: 300, epoch: 8 | loss: 0.1488193 | speed: 0.0254s/iter; left: 325s
    iters: 400, epoch: 8 | loss: 0.1718392 | speed: 0.0251s/iter; left: 319s
    iters: 500, epoch: 8 | loss: 0.1688717 | speed: 0.0233s/iter; left: 293s
Epoch: 8, Steps: 570 | Train: 0.1686063 Vali: 0.1531956 Test: 0.2037463
EarlyStopping counter: 2 out of 15
Updating learning rate to 0.0032768000000000007
    iters: 100, epoch: 9 | loss: 0.1632100 | speed: 0.0324s/iter; left: 403s
    iters: 200, epoch: 9 | loss: 0.1993101 | speed: 0.0235s/iter; left: 290s
    iters: 300, epoch: 9 | loss: 0.1560154 | speed: 0.0271s/iter; left: 332s
    iters: 400, epoch: 9 | loss: 0.1513554 | speed: 0.0230s/iter; left: 279s
    iters: 500, epoch: 9 | loss: 0.1367864 | speed: 0.0280s/iter; left: 337s
Epoch: 9, Steps: 570 | Train: 0.1669137 Vali: 0.1573837 Test: 0.1977068
EarlyStopping counter: 3 out of 15
Updating learning rate to 0.002621440000000001
    iters: 100, epoch: 10 | loss: 0.1439781 | speed: 0.0278s/iter; left: 330s
    iters: 200, epoch: 10 | loss: 0.1472088 | speed: 0.0244s/iter; left: 287s
    iters: 300, epoch: 10 | loss: 0.1728168 | speed: 0.0271s/iter; left: 317s
    iters: 400, epoch: 10 | loss: 0.1782150 | speed: 0.0268s/iter; left: 310s
    iters: 500, epoch: 10 | loss: 0.1719530 | speed: 0.0245s/iter; left: 281s
Epoch: 10, Steps: 570 | Train: 0.1657096 Vali: 0.1581649 Test: 0.1977592
EarlyStopping counter: 4 out of 15
Updating learning rate to 0.002097152000000001
    iters: 100, epoch: 11 | loss: 0.1899940 | speed: 0.0282s/iter; left: 318s
    iters: 200, epoch: 11 | loss: 0.1915787 | speed: 0.0196s/iter; left: 220s
    iters: 300, epoch: 11 | loss: 0.1833288 | speed: 0.0196s/iter; left: 218s
    iters: 400, epoch: 11 | loss: 0.1682481 | speed: 0.0196s/iter; left: 216s
    iters: 500, epoch: 11 | loss: 0.1798869 | speed: 0.0213s/iter; left: 232s
Epoch: 11, Steps: 570 | Train: 0.1650340 Vali: 0.1571220 Test: 0.1959642
EarlyStopping counter: 5 out of 15
Updating learning rate to 0.001677721600000001
    iters: 100, epoch: 12 | loss: 0.1584563 | speed: 0.0376s/iter; left: 404s
    iters: 200, epoch: 12 | loss: 0.1578249 | speed: 0.0325s/iter; left: 345s
    iters: 300, epoch: 12 | loss: 0.1757916 | speed: 0.0266s/iter; left: 280s
    iters: 400, epoch: 12 | loss: 0.1819464 | speed: 0.0281s/iter; left: 293s
    iters: 500, epoch: 12 | loss: 0.1594088 | speed: 0.0252s/iter; left: 260s
Epoch: 12, Steps: 570 | Train: 0.1640017 Vali: 0.1566764 Test: 0.1953573
EarlyStopping counter: 6 out of 15
Updating learning rate to 0.0013421772800000006
    iters: 100, epoch: 13 | loss: 0.1772961 | speed: 0.0362s/iter; left: 368s
    iters: 200, epoch: 13 | loss: 0.1662434 | speed: 0.0258s/iter; left: 260s
    iters: 300, epoch: 13 | loss: 0.1768695 | speed: 0.0263s/iter; left: 262s
    iters: 400, epoch: 13 | loss: 0.1870399 | speed: 0.0273s/iter; left: 269s
    iters: 500, epoch: 13 | loss: 0.1431934 | speed: 0.0290s/iter; left: 283s
Epoch: 13, Steps: 570 | Train: 0.1633171 Vali: 0.1554534 Test: 0.1994928
EarlyStopping counter: 7 out of 15
Updating learning rate to 0.0010737418240000006
    iters: 100, epoch: 14 | loss: 0.1836735 | speed: 0.0377s/iter; left: 361s
    iters: 200, epoch: 14 | loss: 0.1722805 | speed: 0.0296s/iter; left: 281s
    iters: 300, epoch: 14 | loss: 0.1525167 | speed: 0.0291s/iter; left: 273s
    iters: 400, epoch: 14 | loss: 0.1671211 | speed: 0.0286s/iter; left: 266s
    iters: 500, epoch: 14 | loss: 0.1794655 | speed: 0.0305s/iter; left: 281s
Epoch: 14, Steps: 570 | Train: 0.1625831 Vali: 0.1553135 Test: 0.1977979
EarlyStopping counter: 8 out of 15
Updating learning rate to 0.0008589934592000006
    iters: 100, epoch: 15 | loss: 0.1768974 | speed: 0.0346s/iter; left: 312s
    iters: 200, epoch: 15 | loss: 0.1824459 | speed: 0.0283s/iter; left: 253s
    iters: 300, epoch: 15 | loss: 0.1485207 | speed: 0.0270s/iter; left: 238s
    iters: 400, epoch: 15 | loss: 0.1363511 | speed: 0.0272s/iter; left: 237s
    iters: 500, epoch: 15 | loss: 0.1664532 | speed: 0.0269s/iter; left: 232s
Epoch: 15, Steps: 570 | Train: 0.1622751 Vali: 0.1581883 Test: 0.1954887
EarlyStopping counter: 9 out of 15
Updating learning rate to 0.0006871947673600004
    iters: 100, epoch: 16 | loss: 0.1502232 | speed: 0.0351s/iter; left: 297s
    iters: 200, epoch: 16 | loss: 0.1605574 | speed: 0.0277s/iter; left: 231s
    iters: 300, epoch: 16 | loss: 0.1696739 | speed: 0.0271s/iter; left: 223s
    iters: 400, epoch: 16 | loss: 0.1451949 | speed: 0.0279s/iter; left: 228s
    iters: 500, epoch: 16 | loss: 0.1797616 | speed: 0.0237s/iter; left: 190s
Epoch: 16, Steps: 570 | Train: 0.1616960 Vali: 0.1561286 Test: 0.2015060
EarlyStopping counter: 10 out of 15
Updating learning rate to 0.0005497558138880004
    iters: 100, epoch: 17 | loss: 0.1655817 | speed: 0.0361s/iter; left: 284s
    iters: 200, epoch: 17 | loss: 0.1620663 | speed: 0.0278s/iter; left: 216s
    iters: 300, epoch: 17 | loss: 0.1496051 | speed: 0.0268s/iter; left: 206s
    iters: 400, epoch: 17 | loss: 0.1483229 | speed: 0.0275s/iter; left: 208s
    iters: 500, epoch: 17 | loss: 0.1594801 | speed: 0.0266s/iter; left: 199s
Epoch: 17, Steps: 570 | Train: 0.1615590 Vali: 0.1571158 Test: 0.1972135
EarlyStopping counter: 11 out of 15
Updating learning rate to 0.00043980465111040037
    iters: 100, epoch: 18 | loss: 0.1696629 | speed: 0.0377s/iter; left: 276s
    iters: 200, epoch: 18 | loss: 0.1938412 | speed: 0.0264s/iter; left: 190s
    iters: 300, epoch: 18 | loss: 0.1749893 | speed: 0.0271s/iter; left: 193s
    iters: 400, epoch: 18 | loss: 0.1592483 | speed: 0.0271s/iter; left: 190s
    iters: 500, epoch: 18 | loss: 0.1650260 | speed: 0.0283s/iter; left: 196s
Epoch: 18, Steps: 570 | Train: 0.1610818 Vali: 0.1573683 Test: 0.2025990
EarlyStopping counter: 12 out of 15
Updating learning rate to 0.0003518437208883203
    iters: 100, epoch: 19 | loss: 0.1831112 | speed: 0.0338s/iter; left: 228s
    iters: 200, epoch: 19 | loss: 0.1641343 | speed: 0.0273s/iter; left: 181s
    iters: 300, epoch: 19 | loss: 0.1786866 | speed: 0.0249s/iter; left: 163s
    iters: 400, epoch: 19 | loss: 0.1520251 | speed: 0.0255s/iter; left: 164s
    iters: 500, epoch: 19 | loss: 0.1752829 | speed: 0.0280s/iter; left: 178s
Epoch: 19, Steps: 570 | Train: 0.1607245 Vali: 0.1572739 Test: 0.1990220
EarlyStopping counter: 13 out of 15
Updating learning rate to 0.00028147497671065624
    iters: 100, epoch: 20 | loss: 0.1573490 | speed: 0.0349s/iter; left: 215s
    iters: 200, epoch: 20 | loss: 0.1539755 | speed: 0.0258s/iter; left: 157s
    iters: 300, epoch: 20 | loss: 0.1613128 | speed: 0.0279s/iter; left: 167s
    iters: 400, epoch: 20 | loss: 0.1603823 | speed: 0.0254s/iter; left: 149s
    iters: 500, epoch: 20 | loss: 0.1711758 | speed: 0.0281s/iter; left: 162s
Epoch: 20, Steps: 570 | Train: 0.1605281 Vali: 0.1588618 Test: 0.1982611
EarlyStopping counter: 14 out of 15
Updating learning rate to 0.00022517998136852504
    iters: 100, epoch: 21 | loss: 0.1649019 | speed: 0.0350s/iter; left: 196s
    iters: 200, epoch: 21 | loss: 0.1490838 | speed: 0.0199s/iter; left: 110s
    iters: 300, epoch: 21 | loss: 0.1713582 | speed: 0.0254s/iter; left: 137s
    iters: 400, epoch: 21 | loss: 0.1661227 | speed: 0.0268s/iter; left: 142s
    iters: 500, epoch: 21 | loss: 0.1415700 | speed: 0.0264s/iter; left: 138s
Epoch: 21, Steps: 570 | Train: 0.1603038 Vali: 0.1568177 Test: 0.2002499
EarlyStopping counter: 15 out of 15
Early stopping at epoch 21
STAGE 1 RESULT: mse=0.2057, mae=0.2662, smape=42.2149

============================================================
STAGE 2: Load MRT + add Freq branch (frozen backbone/MRT/cycle, max_epochs=3, patience=3)
============================================================
train 36505
val 5065
test 10321
Loaded 10 params from stage1, 0 new (Freq branch)
Trainable: 6,714 / 176,247 (3.8%)  freeze_backbone=1
    iters: 100, epoch: 1 | loss: 0.6377946 | speed: 0.0331s/iter; left: 53s
    iters: 200, epoch: 1 | loss: 0.6461578 | speed: 0.0201s/iter; left: 30s
    iters: 300, epoch: 1 | loss: 0.6591538 | speed: 0.0213s/iter; left: 30s
    iters: 400, epoch: 1 | loss: 0.6393608 | speed: 0.0188s/iter; left: 25s
    iters: 500, epoch: 1 | loss: 0.6292548 | speed: 0.0213s/iter; left: 26s
Epoch: 1, Train: 0.6413161 Vali: 0.1526775
[diag s2-1]  freq.rs=-0.0557 mask.mean=0.417 mask.std=0.132  mrt.rs=+0.4742
Validation loss decreased (inf --> 0.152678).  Saving model ...
    iters: 100, epoch: 2 | loss: 0.6258048 | speed: 0.0352s/iter; left: 37s
    iters: 200, epoch: 2 | loss: 0.6582088 | speed: 0.0209s/iter; left: 20s
    iters: 300, epoch: 2 | loss: 0.6544316 | speed: 0.0230s/iter; left: 19s
    iters: 400, epoch: 2 | loss: 0.6361113 | speed: 0.0179s/iter; left: 13s
    iters: 500, epoch: 2 | loss: 0.6725125 | speed: 0.0156s/iter; left: 10s
Epoch: 2, Train: 0.6411706 Vali: 0.1527288
[diag s2-2]  freq.rs=-0.0650 mask.mean=0.390 mask.std=0.122  mrt.rs=+0.4742
EarlyStopping counter: 1 out of 3
    iters: 100, epoch: 3 | loss: 0.6526830 | speed: 0.0356s/iter; left: 17s
    iters: 200, epoch: 3 | loss: 0.6019821 | speed: 0.0219s/iter; left: 8s
    iters: 300, epoch: 3 | loss: 0.6431329 | speed: 0.0196s/iter; left: 5s
    iters: 400, epoch: 3 | loss: 0.6210900 | speed: 0.0220s/iter; left: 4s
    iters: 500, epoch: 3 | loss: 0.6440210 | speed: 0.0199s/iter; left: 1s
Epoch: 3, Train: 0.6410141 Vali: 0.1527103
[diag s2-3]  freq.rs=-0.0754 mask.mean=0.365 mask.std=0.115  mrt.rs=+0.4742
EarlyStopping counter: 2 out of 3
STAGE 2 complete.

============================================================
STAGE 2 ONLY: Testing from Stage 2 checkpoint
============================================================
train 36505
val 5065
test 10321
[diag stage2-final]  freq.rs=-0.0557 mask.mean=0.417 mask.std=0.132  mrt.rs=+0.4742

============================================================
FINAL RESULT (Stage 2 only): mse=0.2035, mae=0.2652, smape=42.1620
============================================================
