============================================================
CONFIGURATION
============================================================
Device     : cuda:0
Dataset    : solar
Pred len   : 720
Seed       : 2024

--- Data ---
enc_in     : 137
seq_len    : 96
cycle      : 144
use_revin  : 0
batch_size : 64

--- Model ---
model_type : mlp
d_model    : 512
mrt_layers : 1
freq_layers: 0
fusion     : mode=serial, gate=0, sparsity=0.0

--- Training ---
base_lr    : 0.01
Stage1     : epochs=30, patience=15
Stage2     : epochs=3, patience=3, freeze_backbone=1
Stage3     : SKIPPED (stage2_only)
============================================================

============================================================
STAGE 1: Train MRT only (freq_layers=0)
============================================================
train 35977
val 4537
test 9793
    iters: 100, epoch: 1 | loss: 0.2786602 | speed: 0.0555s/iter; left: 930s
    iters: 200, epoch: 1 | loss: 0.2418521 | speed: 0.0380s/iter; left: 633s
    iters: 300, epoch: 1 | loss: 0.2299277 | speed: 0.0374s/iter; left: 619s
    iters: 400, epoch: 1 | loss: 0.2227457 | speed: 0.0368s/iter; left: 606s
    iters: 500, epoch: 1 | loss: 0.2108903 | speed: 0.0377s/iter; left: 617s
Epoch: 1, Steps: 562 | Train: 0.2622426 Vali: 0.1806922 Test: 0.2912737
Validation loss decreased (inf --> 0.180692).  Saving model ...
Updating learning rate to 0.01
    iters: 100, epoch: 2 | loss: 0.2016037 | speed: 0.0449s/iter; left: 728s
    iters: 200, epoch: 2 | loss: 0.1985431 | speed: 0.0358s/iter; left: 576s
    iters: 300, epoch: 2 | loss: 0.2004947 | speed: 0.0370s/iter; left: 592s
    iters: 400, epoch: 2 | loss: 0.2233328 | speed: 0.0373s/iter; left: 592s
    iters: 500, epoch: 2 | loss: 0.1844498 | speed: 0.0370s/iter; left: 585s
Epoch: 2, Steps: 562 | Train: 0.2029536 Vali: 0.1642734 Test: 0.2421888
Validation loss decreased (0.180692 --> 0.164273).  Saving model ...
Updating learning rate to 0.01
    iters: 100, epoch: 3 | loss: 0.1821856 | speed: 0.0439s/iter; left: 687s
    iters: 200, epoch: 3 | loss: 0.1840041 | speed: 0.0367s/iter; left: 571s
    iters: 300, epoch: 3 | loss: 0.1842338 | speed: 0.0374s/iter; left: 577s
    iters: 400, epoch: 3 | loss: 0.1987587 | speed: 0.0371s/iter; left: 569s
    iters: 500, epoch: 3 | loss: 0.1952986 | speed: 0.0383s/iter; left: 584s
Epoch: 3, Steps: 562 | Train: 0.1899885 Vali: 0.1654133 Test: 0.2216333
EarlyStopping counter: 1 out of 15
Updating learning rate to 0.01
    iters: 100, epoch: 4 | loss: 0.2004414 | speed: 0.0445s/iter; left: 670s
    iters: 200, epoch: 4 | loss: 0.1831135 | speed: 0.0374s/iter; left: 559s
    iters: 300, epoch: 4 | loss: 0.2218598 | speed: 0.0378s/iter; left: 562s
    iters: 400, epoch: 4 | loss: 0.1918055 | speed: 0.0381s/iter; left: 563s
    iters: 500, epoch: 4 | loss: 0.2029884 | speed: 0.0382s/iter; left: 561s
Epoch: 4, Steps: 562 | Train: 0.1883488 Vali: 0.1639037 Test: 0.2215433
Validation loss decreased (0.164273 --> 0.163904).  Saving model ...
Updating learning rate to 0.008
    iters: 100, epoch: 5 | loss: 0.1597767 | speed: 0.0436s/iter; left: 633s
    iters: 200, epoch: 5 | loss: 0.1776504 | speed: 0.0369s/iter; left: 532s
    iters: 300, epoch: 5 | loss: 0.2009066 | speed: 0.0366s/iter; left: 523s
    iters: 400, epoch: 5 | loss: 0.1722776 | speed: 0.0371s/iter; left: 527s
    iters: 500, epoch: 5 | loss: 0.1894723 | speed: 0.0373s/iter; left: 526s
Epoch: 5, Steps: 562 | Train: 0.1848025 Vali: 0.1637666 Test: 0.2152221
Validation loss decreased (0.163904 --> 0.163767).  Saving model ...
Updating learning rate to 0.006400000000000001
    iters: 100, epoch: 6 | loss: 0.1918410 | speed: 0.0437s/iter; left: 610s
    iters: 200, epoch: 6 | loss: 0.2007002 | speed: 0.0364s/iter; left: 505s
    iters: 300, epoch: 6 | loss: 0.1948070 | speed: 0.0366s/iter; left: 503s
    iters: 400, epoch: 6 | loss: 0.1861719 | speed: 0.0370s/iter; left: 506s
    iters: 500, epoch: 6 | loss: 0.1808425 | speed: 0.0371s/iter; left: 503s
Epoch: 6, Steps: 562 | Train: 0.1828460 Vali: 0.1644230 Test: 0.2121307
EarlyStopping counter: 1 out of 15
Updating learning rate to 0.005120000000000001
    iters: 100, epoch: 7 | loss: 0.1953175 | speed: 0.0441s/iter; left: 590s
    iters: 200, epoch: 7 | loss: 0.1774337 | speed: 0.0372s/iter; left: 494s
    iters: 300, epoch: 7 | loss: 0.1665643 | speed: 0.0376s/iter; left: 497s
    iters: 400, epoch: 7 | loss: 0.1972168 | speed: 0.0370s/iter; left: 484s
    iters: 500, epoch: 7 | loss: 0.1786581 | speed: 0.0371s/iter; left: 483s
Epoch: 7, Steps: 562 | Train: 0.1817258 Vali: 0.1619780 Test: 0.2191937
Validation loss decreased (0.163767 --> 0.161978).  Saving model ...
Updating learning rate to 0.004096000000000001
    iters: 100, epoch: 8 | loss: 0.1851657 | speed: 0.0446s/iter; left: 572s
    iters: 200, epoch: 8 | loss: 0.1703855 | speed: 0.0372s/iter; left: 474s
    iters: 300, epoch: 8 | loss: 0.1736371 | speed: 0.0367s/iter; left: 463s
    iters: 400, epoch: 8 | loss: 0.1748239 | speed: 0.0369s/iter; left: 462s
    iters: 500, epoch: 8 | loss: 0.1911434 | speed: 0.0372s/iter; left: 463s
Epoch: 8, Steps: 562 | Train: 0.1803332 Vali: 0.1609086 Test: 0.2164228
Validation loss decreased (0.161978 --> 0.160909).  Saving model ...
Updating learning rate to 0.0032768000000000007
    iters: 100, epoch: 9 | loss: 0.1684672 | speed: 0.0450s/iter; left: 552s
    iters: 200, epoch: 9 | loss: 0.1750442 | speed: 0.0381s/iter; left: 464s
    iters: 300, epoch: 9 | loss: 0.1810497 | speed: 0.0367s/iter; left: 443s
    iters: 400, epoch: 9 | loss: 0.1773327 | speed: 0.0372s/iter; left: 445s
    iters: 500, epoch: 9 | loss: 0.1830890 | speed: 0.0371s/iter; left: 440s
Epoch: 9, Steps: 562 | Train: 0.1794682 Vali: 0.1623673 Test: 0.2109829
EarlyStopping counter: 1 out of 15
Updating learning rate to 0.002621440000000001
    iters: 100, epoch: 10 | loss: 0.1719143 | speed: 0.0464s/iter; left: 543s
    iters: 200, epoch: 10 | loss: 0.1819669 | speed: 0.0367s/iter; left: 425s
    iters: 300, epoch: 10 | loss: 0.1998313 | speed: 0.0359s/iter; left: 413s
    iters: 400, epoch: 10 | loss: 0.1908164 | speed: 0.0358s/iter; left: 408s
    iters: 500, epoch: 10 | loss: 0.1609257 | speed: 0.0372s/iter; left: 420s
Epoch: 10, Steps: 562 | Train: 0.1787858 Vali: 0.1609613 Test: 0.2129312
EarlyStopping counter: 2 out of 15
Updating learning rate to 0.002097152000000001
    iters: 100, epoch: 11 | loss: 0.1577458 | speed: 0.0442s/iter; left: 492s
    iters: 200, epoch: 11 | loss: 0.1753763 | speed: 0.0370s/iter; left: 409s
    iters: 300, epoch: 11 | loss: 0.1732277 | speed: 0.0368s/iter; left: 402s
    iters: 400, epoch: 11 | loss: 0.1733641 | speed: 0.0372s/iter; left: 403s
    iters: 500, epoch: 11 | loss: 0.1701150 | speed: 0.0377s/iter; left: 405s
Epoch: 11, Steps: 562 | Train: 0.1774513 Vali: 0.1636090 Test: 0.2182436
EarlyStopping counter: 3 out of 15
Updating learning rate to 0.001677721600000001
    iters: 100, epoch: 12 | loss: 0.1647184 | speed: 0.0445s/iter; left: 471s
    iters: 200, epoch: 12 | loss: 0.1693430 | speed: 0.0373s/iter; left: 391s
    iters: 300, epoch: 12 | loss: 0.1830029 | speed: 0.0383s/iter; left: 398s
    iters: 400, epoch: 12 | loss: 0.1673095 | speed: 0.0371s/iter; left: 382s
    iters: 500, epoch: 12 | loss: 0.1714405 | speed: 0.0371s/iter; left: 378s
Epoch: 12, Steps: 562 | Train: 0.1771227 Vali: 0.1617549 Test: 0.2112867
EarlyStopping counter: 4 out of 15
Updating learning rate to 0.0013421772800000006
    iters: 100, epoch: 13 | loss: 0.1584186 | speed: 0.0442s/iter; left: 443s
    iters: 200, epoch: 13 | loss: 0.1749775 | speed: 0.0382s/iter; left: 378s
    iters: 300, epoch: 13 | loss: 0.1863004 | speed: 0.0364s/iter; left: 357s
    iters: 400, epoch: 13 | loss: 0.1742425 | speed: 0.0373s/iter; left: 362s
    iters: 500, epoch: 13 | loss: 0.1563864 | speed: 0.0375s/iter; left: 361s
Epoch: 13, Steps: 562 | Train: 0.1764582 Vali: 0.1607232 Test: 0.2110337
Validation loss decreased (0.160909 --> 0.160723).  Saving model ...
Updating learning rate to 0.0010737418240000006
    iters: 100, epoch: 14 | loss: 0.1723589 | speed: 0.0437s/iter; left: 413s
    iters: 200, epoch: 14 | loss: 0.1794295 | speed: 0.0369s/iter; left: 345s
    iters: 300, epoch: 14 | loss: 0.1681872 | speed: 0.0364s/iter; left: 337s
    iters: 400, epoch: 14 | loss: 0.1899121 | speed: 0.0371s/iter; left: 340s
    iters: 500, epoch: 14 | loss: 0.2017995 | speed: 0.0370s/iter; left: 335s
Epoch: 14, Steps: 562 | Train: 0.1759458 Vali: 0.1647632 Test: 0.2111570
EarlyStopping counter: 1 out of 15
Updating learning rate to 0.0008589934592000006
    iters: 100, epoch: 15 | loss: 0.1604359 | speed: 0.0453s/iter; left: 403s
    iters: 200, epoch: 15 | loss: 0.1814092 | speed: 0.0363s/iter; left: 319s
    iters: 300, epoch: 15 | loss: 0.1502441 | speed: 0.0360s/iter; left: 313s
    iters: 400, epoch: 15 | loss: 0.1622940 | speed: 0.0365s/iter; left: 313s
    iters: 500, epoch: 15 | loss: 0.1755929 | speed: 0.0374s/iter; left: 317s
Epoch: 15, Steps: 562 | Train: 0.1755963 Vali: 0.1616584 Test: 0.2080968
EarlyStopping counter: 2 out of 15
Updating learning rate to 0.0006871947673600004
    iters: 100, epoch: 16 | loss: 0.1642609 | speed: 0.0439s/iter; left: 366s
    iters: 200, epoch: 16 | loss: 0.1849611 | speed: 0.0358s/iter; left: 294s
    iters: 300, epoch: 16 | loss: 0.1867067 | speed: 0.0358s/iter; left: 291s
    iters: 400, epoch: 16 | loss: 0.1711462 | speed: 0.0361s/iter; left: 290s
    iters: 500, epoch: 16 | loss: 0.1822264 | speed: 0.0375s/iter; left: 297s
Epoch: 16, Steps: 562 | Train: 0.1751122 Vali: 0.1614525 Test: 0.2094159
EarlyStopping counter: 3 out of 15
Updating learning rate to 0.0005497558138880004
    iters: 100, epoch: 17 | loss: 0.1828434 | speed: 0.0448s/iter; left: 348s
    iters: 200, epoch: 17 | loss: 0.1738497 | speed: 0.0378s/iter; left: 290s
    iters: 300, epoch: 17 | loss: 0.2032311 | speed: 0.0378s/iter; left: 286s
    iters: 400, epoch: 17 | loss: 0.1822598 | speed: 0.0377s/iter; left: 282s
    iters: 500, epoch: 17 | loss: 0.1866295 | speed: 0.0375s/iter; left: 276s
Epoch: 17, Steps: 562 | Train: 0.1748075 Vali: 0.1627749 Test: 0.2118171
EarlyStopping counter: 4 out of 15
Updating learning rate to 0.00043980465111040037
    iters: 100, epoch: 18 | loss: 0.1677378 | speed: 0.0457s/iter; left: 329s
    iters: 200, epoch: 18 | loss: 0.1922307 | speed: 0.0359s/iter; left: 255s
    iters: 300, epoch: 18 | loss: 0.1667353 | speed: 0.0364s/iter; left: 255s
    iters: 400, epoch: 18 | loss: 0.1377547 | speed: 0.0361s/iter; left: 249s
    iters: 500, epoch: 18 | loss: 0.1747393 | speed: 0.0371s/iter; left: 253s
Epoch: 18, Steps: 562 | Train: 0.1746812 Vali: 0.1630536 Test: 0.2087999
EarlyStopping counter: 5 out of 15
Updating learning rate to 0.0003518437208883203
    iters: 100, epoch: 19 | loss: 0.1569010 | speed: 0.0449s/iter; left: 298s
    iters: 200, epoch: 19 | loss: 0.1663957 | speed: 0.0366s/iter; left: 240s
    iters: 300, epoch: 19 | loss: 0.1782768 | speed: 0.0363s/iter; left: 234s
    iters: 400, epoch: 19 | loss: 0.1734972 | speed: 0.0370s/iter; left: 235s
    iters: 500, epoch: 19 | loss: 0.1728015 | speed: 0.0363s/iter; left: 227s
Epoch: 19, Steps: 562 | Train: 0.1744154 Vali: 0.1616829 Test: 0.2092775
EarlyStopping counter: 6 out of 15
Updating learning rate to 0.00028147497671065624
    iters: 100, epoch: 20 | loss: 0.1808916 | speed: 0.0447s/iter; left: 272s
    iters: 200, epoch: 20 | loss: 0.1648788 | speed: 0.0365s/iter; left: 218s
    iters: 300, epoch: 20 | loss: 0.1727725 | speed: 0.0371s/iter; left: 218s
    iters: 400, epoch: 20 | loss: 0.1811494 | speed: 0.0373s/iter; left: 216s
    iters: 500, epoch: 20 | loss: 0.1814643 | speed: 0.0372s/iter; left: 212s
Epoch: 20, Steps: 562 | Train: 0.1742126 Vali: 0.1629673 Test: 0.2077624
EarlyStopping counter: 7 out of 15
Updating learning rate to 0.00022517998136852504
    iters: 100, epoch: 21 | loss: 0.1665178 | speed: 0.0445s/iter; left: 246s
    iters: 200, epoch: 21 | loss: 0.1743404 | speed: 0.0380s/iter; left: 206s
    iters: 300, epoch: 21 | loss: 0.1849255 | speed: 0.0378s/iter; left: 201s
    iters: 400, epoch: 21 | loss: 0.1759161 | speed: 0.0375s/iter; left: 196s
    iters: 500, epoch: 21 | loss: 0.1655471 | speed: 0.0375s/iter; left: 192s
Epoch: 21, Steps: 562 | Train: 0.1740650 Vali: 0.1622217 Test: 0.2089848
EarlyStopping counter: 8 out of 15
Updating learning rate to 0.00018014398509482002
    iters: 100, epoch: 22 | loss: 0.1683229 | speed: 0.0444s/iter; left: 220s
    iters: 200, epoch: 22 | loss: 0.1792478 | speed: 0.0358s/iter; left: 174s
    iters: 300, epoch: 22 | loss: 0.1629694 | speed: 0.0376s/iter; left: 179s
    iters: 400, epoch: 22 | loss: 0.1942873 | speed: 0.0368s/iter; left: 171s
    iters: 500, epoch: 22 | loss: 0.1678606 | speed: 0.0373s/iter; left: 170s
Epoch: 22, Steps: 562 | Train: 0.1739636 Vali: 0.1619873 Test: 0.2085349
EarlyStopping counter: 9 out of 15
Updating learning rate to 0.00014411518807585602
    iters: 100, epoch: 23 | loss: 0.1838181 | speed: 0.0450s/iter; left: 198s
    iters: 200, epoch: 23 | loss: 0.1672272 | speed: 0.0380s/iter; left: 163s
    iters: 300, epoch: 23 | loss: 0.1706625 | speed: 0.0374s/iter; left: 157s
    iters: 400, epoch: 23 | loss: 0.1931394 | speed: 0.0382s/iter; left: 156s
    iters: 500, epoch: 23 | loss: 0.1699884 | speed: 0.0375s/iter; left: 150s
Epoch: 23, Steps: 562 | Train: 0.1738976 Vali: 0.1625872 Test: 0.2096594
EarlyStopping counter: 10 out of 15
Updating learning rate to 0.00011529215046068484
    iters: 100, epoch: 24 | loss: 0.1785884 | speed: 0.0453s/iter; left: 174s
    iters: 200, epoch: 24 | loss: 0.1854155 | speed: 0.0379s/iter; left: 141s
    iters: 300, epoch: 24 | loss: 0.1713834 | speed: 0.0375s/iter; left: 136s
    iters: 400, epoch: 24 | loss: 0.1703537 | speed: 0.0381s/iter; left: 135s
    iters: 500, epoch: 24 | loss: 0.1691182 | speed: 0.0371s/iter; left: 128s
Epoch: 24, Steps: 562 | Train: 0.1737680 Vali: 0.1632157 Test: 0.2089492
EarlyStopping counter: 11 out of 15
Updating learning rate to 9.223372036854788e-05
    iters: 100, epoch: 25 | loss: 0.1918585 | speed: 0.0445s/iter; left: 146s
    iters: 200, epoch: 25 | loss: 0.1614701 | speed: 0.0373s/iter; left: 118s
    iters: 300, epoch: 25 | loss: 0.1595320 | speed: 0.0366s/iter; left: 112s
    iters: 400, epoch: 25 | loss: 0.1658281 | speed: 0.0369s/iter; left: 110s
    iters: 500, epoch: 25 | loss: 0.1563067 | speed: 0.0376s/iter; left: 108s
Epoch: 25, Steps: 562 | Train: 0.1737137 Vali: 0.1627205 Test: 0.2086208
EarlyStopping counter: 12 out of 15
Updating learning rate to 7.37869762948383e-05
    iters: 100, epoch: 26 | loss: 0.1730103 | speed: 0.0455s/iter; left: 123s
    iters: 200, epoch: 26 | loss: 0.1650738 | speed: 0.0376s/iter; left: 98s
    iters: 300, epoch: 26 | loss: 0.1726734 | speed: 0.0372s/iter; left: 94s
    iters: 400, epoch: 26 | loss: 0.1752628 | speed: 0.0372s/iter; left: 90s
    iters: 500, epoch: 26 | loss: 0.1710248 | speed: 0.0366s/iter; left: 84s
Epoch: 26, Steps: 562 | Train: 0.1736749 Vali: 0.1620265 Test: 0.2091172
EarlyStopping counter: 13 out of 15
Updating learning rate to 5.902958103587064e-05
    iters: 100, epoch: 27 | loss: 0.1586497 | speed: 0.0446s/iter; left: 96s
    iters: 200, epoch: 27 | loss: 0.1813557 | speed: 0.0373s/iter; left: 76s
    iters: 300, epoch: 27 | loss: 0.1590186 | speed: 0.0373s/iter; left: 73s
    iters: 400, epoch: 27 | loss: 0.1638936 | speed: 0.0372s/iter; left: 69s
    iters: 500, epoch: 27 | loss: 0.1712944 | speed: 0.0382s/iter; left: 67s
Epoch: 27, Steps: 562 | Train: 0.1736379 Vali: 0.1631288 Test: 0.2078251
EarlyStopping counter: 14 out of 15
Updating learning rate to 4.722366482869652e-05
    iters: 100, epoch: 28 | loss: 0.1878005 | speed: 0.0446s/iter; left: 71s
    iters: 200, epoch: 28 | loss: 0.1520225 | speed: 0.0377s/iter; left: 56s
    iters: 300, epoch: 28 | loss: 0.1850090 | speed: 0.0370s/iter; left: 51s
    iters: 400, epoch: 28 | loss: 0.1690529 | speed: 0.0381s/iter; left: 49s
    iters: 500, epoch: 28 | loss: 0.1778672 | speed: 0.0379s/iter; left: 45s
Epoch: 28, Steps: 562 | Train: 0.1735810 Vali: 0.1628238 Test: 0.2073143
EarlyStopping counter: 15 out of 15
Early stopping at epoch 28
STAGE 1 RESULT: mse=0.2109, mae=0.2610, smape=40.5741

============================================================
STAGE 2: Load MRT + add Freq branch (frozen backbone/MRT/cycle, max_epochs=3, patience=3)
============================================================
train 35977
val 4537
test 9793
Loaded 10 params from stage1, 0 new (Freq branch)
Trainable: 6,714 / 447,111 (1.5%)  freeze_backbone=1
    iters: 100, epoch: 1 | loss: 1.1113759 | speed: 0.0564s/iter; left: 89s
    iters: 200, epoch: 1 | loss: 1.1011065 | speed: 0.0326s/iter; left: 48s
    iters: 300, epoch: 1 | loss: 1.1087333 | speed: 0.0326s/iter; left: 45s
    iters: 400, epoch: 1 | loss: 1.0902609 | speed: 0.0329s/iter; left: 42s
    iters: 500, epoch: 1 | loss: 1.1010761 | speed: 0.0328s/iter; left: 39s
Epoch: 1, Train: 1.1004536 Vali: 0.1611031
[diag s2-1]  freq.rs=-0.0507 mask.mean=0.428 mask.std=0.137  mrt.rs=+0.4774
Validation loss decreased (inf --> 0.161103).  Saving model ...
    iters: 100, epoch: 2 | loss: 1.1256677 | speed: 0.0554s/iter; left: 57s
    iters: 200, epoch: 2 | loss: 1.0686368 | speed: 0.0331s/iter; left: 31s
    iters: 300, epoch: 2 | loss: 1.1310109 | speed: 0.0341s/iter; left: 28s
    iters: 400, epoch: 2 | loss: 1.0890312 | speed: 0.0327s/iter; left: 24s
    iters: 500, epoch: 2 | loss: 1.0606951 | speed: 0.0328s/iter; left: 20s
Epoch: 2, Train: 1.1003664 Vali: 0.1610628
[diag s2-2]  freq.rs=-0.0592 mask.mean=0.414 mask.std=0.132  mrt.rs=+0.4774
Validation loss decreased (0.161103 --> 0.161063).  Saving model ...
    iters: 100, epoch: 3 | loss: 1.1261644 | speed: 0.0571s/iter; left: 26s
    iters: 200, epoch: 3 | loss: 1.0965241 | speed: 0.0319s/iter; left: 12s
    iters: 300, epoch: 3 | loss: 1.0961547 | speed: 0.0320s/iter; left: 8s
    iters: 400, epoch: 3 | loss: 1.1539997 | speed: 0.0328s/iter; left: 5s
    iters: 500, epoch: 3 | loss: 1.1088337 | speed: 0.0324s/iter; left: 2s
Epoch: 3, Train: 1.1003291 Vali: 0.1612570
[diag s2-3]  freq.rs=-0.0578 mask.mean=0.401 mask.std=0.129  mrt.rs=+0.4774
EarlyStopping counter: 1 out of 3
STAGE 2 complete.

============================================================
STAGE 2 ONLY: Testing from Stage 2 checkpoint
============================================================
train 35977
val 4537
test 9793
[diag stage2-final]  freq.rs=-0.0592 mask.mean=0.414 mask.std=0.132  mrt.rs=+0.4774

============================================================
FINAL RESULT (Stage 2 only): mse=0.2092, mae=0.2597, smape=40.4531
============================================================
