============================================================
CONFIGURATION
============================================================
Device     : cuda:0
Dataset    : solar
Pred len   : 192
Seed       : 2024

--- Data ---
enc_in     : 137
seq_len    : 96
cycle      : 144
use_revin  : 0
batch_size : 64

--- Model ---
model_type : mlp
d_model    : 512
mrt_layers : 1
freq_layers: 0
fusion     : mode=serial, gate=0, sparsity=0.0

--- Training ---
base_lr    : 0.01
Stage1     : epochs=30, patience=15
Stage2     : epochs=3, patience=3, freeze_backbone=1
Stage3 FreDF: False
Stage3a    : epochs=12, patience=6
Stage3b    : epochs=20, patience=10, freq×0.67 model×0.33 mrt×0.10
============================================================

============================================================
STAGE 1: Train MRT only (freq_layers=0)
============================================================
train 36505
val 5065
test 10321
    iters: 100, epoch: 1 | loss: 0.2351642 | speed: 0.0408s/iter; left: 693s
    iters: 200, epoch: 1 | loss: 0.2225852 | speed: 0.0247s/iter; left: 417s
    iters: 300, epoch: 1 | loss: 0.2273870 | speed: 0.0245s/iter; left: 412s
    iters: 400, epoch: 1 | loss: 0.2008569 | speed: 0.0235s/iter; left: 392s
    iters: 500, epoch: 1 | loss: 0.2679831 | speed: 0.0239s/iter; left: 396s
Epoch: 1, Steps: 570 | Train: 0.2491221 Vali: 0.1734754 Test: 0.2640370
Validation loss decreased (inf --> 0.173475).  Saving model ...
Updating learning rate to 0.01
    iters: 100, epoch: 2 | loss: 0.2230515 | speed: 0.0329s/iter; left: 541s
    iters: 200, epoch: 2 | loss: 0.1702400 | speed: 0.0239s/iter; left: 390s
    iters: 300, epoch: 2 | loss: 0.1980155 | speed: 0.0235s/iter; left: 381s
    iters: 400, epoch: 2 | loss: 0.1889805 | speed: 0.0245s/iter; left: 395s
    iters: 500, epoch: 2 | loss: 0.1833023 | speed: 0.0236s/iter; left: 379s
Epoch: 2, Steps: 570 | Train: 0.1922923 Vali: 0.1553624 Test: 0.2076783
Validation loss decreased (0.173475 --> 0.155362).  Saving model ...
Updating learning rate to 0.01
    iters: 100, epoch: 3 | loss: 0.1794619 | speed: 0.0315s/iter; left: 500s
    iters: 200, epoch: 3 | loss: 0.1658997 | speed: 0.0245s/iter; left: 386s
    iters: 300, epoch: 3 | loss: 0.1668574 | speed: 0.0247s/iter; left: 387s
    iters: 400, epoch: 3 | loss: 0.1939837 | speed: 0.0238s/iter; left: 370s
    iters: 500, epoch: 3 | loss: 0.1850078 | speed: 0.0238s/iter; left: 368s
Epoch: 3, Steps: 570 | Train: 0.1782878 Vali: 0.1606082 Test: 0.2114664
EarlyStopping counter: 1 out of 15
Updating learning rate to 0.01
    iters: 100, epoch: 4 | loss: 0.1659602 | speed: 0.0331s/iter; left: 505s
    iters: 200, epoch: 4 | loss: 0.2151681 | speed: 0.0238s/iter; left: 361s
    iters: 300, epoch: 4 | loss: 0.1566787 | speed: 0.0256s/iter; left: 387s
    iters: 400, epoch: 4 | loss: 0.1767701 | speed: 0.0249s/iter; left: 373s
    iters: 500, epoch: 4 | loss: 0.1674215 | speed: 0.0253s/iter; left: 376s
Epoch: 4, Steps: 570 | Train: 0.1774745 Vali: 0.1556908 Test: 0.2032631
EarlyStopping counter: 2 out of 15
Updating learning rate to 0.008
    iters: 100, epoch: 5 | loss: 0.2131401 | speed: 0.0255s/iter; left: 375s
    iters: 200, epoch: 5 | loss: 0.1879808 | speed: 0.0197s/iter; left: 288s
    iters: 300, epoch: 5 | loss: 0.1771735 | speed: 0.0196s/iter; left: 284s
    iters: 400, epoch: 5 | loss: 0.1374503 | speed: 0.0194s/iter; left: 279s
    iters: 500, epoch: 5 | loss: 0.1801079 | speed: 0.0195s/iter; left: 279s
Epoch: 5, Steps: 570 | Train: 0.1734240 Vali: 0.1545291 Test: 0.2067476
Validation loss decreased (0.155362 --> 0.154529).  Saving model ...
Updating learning rate to 0.006400000000000001
    iters: 100, epoch: 6 | loss: 0.1881798 | speed: 0.0255s/iter; left: 361s
    iters: 200, epoch: 6 | loss: 0.1742261 | speed: 0.0228s/iter; left: 320s
    iters: 300, epoch: 6 | loss: 0.1564753 | speed: 0.0217s/iter; left: 303s
    iters: 400, epoch: 6 | loss: 0.1643675 | speed: 0.0228s/iter; left: 316s
    iters: 500, epoch: 6 | loss: 0.1652845 | speed: 0.0233s/iter; left: 321s
Epoch: 6, Steps: 570 | Train: 0.1711702 Vali: 0.1526391 Test: 0.2065882
Validation loss decreased (0.154529 --> 0.152639).  Saving model ...
Updating learning rate to 0.005120000000000001
    iters: 100, epoch: 7 | loss: 0.1864572 | speed: 0.0302s/iter; left: 410s
    iters: 200, epoch: 7 | loss: 0.1732825 | speed: 0.0270s/iter; left: 364s
    iters: 300, epoch: 7 | loss: 0.1776464 | speed: 0.0261s/iter; left: 349s
    iters: 400, epoch: 7 | loss: 0.1681355 | speed: 0.0229s/iter; left: 304s
    iters: 500, epoch: 7 | loss: 0.1621430 | speed: 0.0241s/iter; left: 318s
Epoch: 7, Steps: 570 | Train: 0.1702798 Vali: 0.1626707 Test: 0.1988541
EarlyStopping counter: 1 out of 15
Updating learning rate to 0.004096000000000001
    iters: 100, epoch: 8 | loss: 0.1702184 | speed: 0.0337s/iter; left: 439s
    iters: 200, epoch: 8 | loss: 0.1829881 | speed: 0.0242s/iter; left: 313s
    iters: 300, epoch: 8 | loss: 0.1485963 | speed: 0.0237s/iter; left: 303s
    iters: 400, epoch: 8 | loss: 0.1716180 | speed: 0.0247s/iter; left: 314s
    iters: 500, epoch: 8 | loss: 0.1687887 | speed: 0.0239s/iter; left: 302s
Epoch: 8, Steps: 570 | Train: 0.1685847 Vali: 0.1533986 Test: 0.2044647
EarlyStopping counter: 2 out of 15
Updating learning rate to 0.0032768000000000007
    iters: 100, epoch: 9 | loss: 0.1633921 | speed: 0.0319s/iter; left: 397s
    iters: 200, epoch: 9 | loss: 0.1993246 | speed: 0.0246s/iter; left: 304s
    iters: 300, epoch: 9 | loss: 0.1556873 | speed: 0.0248s/iter; left: 303s
    iters: 400, epoch: 9 | loss: 0.1518490 | speed: 0.0246s/iter; left: 299s
    iters: 500, epoch: 9 | loss: 0.1369356 | speed: 0.0236s/iter; left: 285s
Epoch: 9, Steps: 570 | Train: 0.1669111 Vali: 0.1575931 Test: 0.1981531
EarlyStopping counter: 3 out of 15
Updating learning rate to 0.002621440000000001
    iters: 100, epoch: 10 | loss: 0.1435606 | speed: 0.0328s/iter; left: 389s
    iters: 200, epoch: 10 | loss: 0.1472575 | speed: 0.0252s/iter; left: 297s
    iters: 300, epoch: 10 | loss: 0.1723455 | speed: 0.0231s/iter; left: 269s
    iters: 400, epoch: 10 | loss: 0.1780289 | speed: 0.0258s/iter; left: 299s
    iters: 500, epoch: 10 | loss: 0.1719804 | speed: 0.0246s/iter; left: 282s
Epoch: 10, Steps: 570 | Train: 0.1657066 Vali: 0.1581354 Test: 0.1978650
EarlyStopping counter: 4 out of 15
Updating learning rate to 0.002097152000000001
    iters: 100, epoch: 11 | loss: 0.1897198 | speed: 0.0312s/iter; left: 353s
    iters: 200, epoch: 11 | loss: 0.1912511 | speed: 0.0244s/iter; left: 273s
    iters: 300, epoch: 11 | loss: 0.1834382 | speed: 0.0256s/iter; left: 284s
    iters: 400, epoch: 11 | loss: 0.1686089 | speed: 0.0252s/iter; left: 277s
    iters: 500, epoch: 11 | loss: 0.1802811 | speed: 0.0230s/iter; left: 251s
Epoch: 11, Steps: 570 | Train: 0.1650367 Vali: 0.1572465 Test: 0.1961793
EarlyStopping counter: 5 out of 15
Updating learning rate to 0.001677721600000001
    iters: 100, epoch: 12 | loss: 0.1584819 | speed: 0.0329s/iter; left: 353s
    iters: 200, epoch: 12 | loss: 0.1575972 | speed: 0.0258s/iter; left: 274s
    iters: 300, epoch: 12 | loss: 0.1759848 | speed: 0.0248s/iter; left: 261s
    iters: 400, epoch: 12 | loss: 0.1821624 | speed: 0.0249s/iter; left: 260s
    iters: 500, epoch: 12 | loss: 0.1593802 | speed: 0.0249s/iter; left: 257s
Epoch: 12, Steps: 570 | Train: 0.1640033 Vali: 0.1565343 Test: 0.1957100
EarlyStopping counter: 6 out of 15
Updating learning rate to 0.0013421772800000006
    iters: 100, epoch: 13 | loss: 0.1770329 | speed: 0.0326s/iter; left: 331s
    iters: 200, epoch: 13 | loss: 0.1662814 | speed: 0.0244s/iter; left: 245s
    iters: 300, epoch: 13 | loss: 0.1768827 | speed: 0.0257s/iter; left: 256s
    iters: 400, epoch: 13 | loss: 0.1868622 | speed: 0.0259s/iter; left: 255s
    iters: 500, epoch: 13 | loss: 0.1430738 | speed: 0.0240s/iter; left: 234s
Epoch: 13, Steps: 570 | Train: 0.1633178 Vali: 0.1552698 Test: 0.1995888
EarlyStopping counter: 7 out of 15
Updating learning rate to 0.0010737418240000006
    iters: 100, epoch: 14 | loss: 0.1835670 | speed: 0.0313s/iter; left: 301s
    iters: 200, epoch: 14 | loss: 0.1722794 | speed: 0.0236s/iter; left: 224s
    iters: 300, epoch: 14 | loss: 0.1524547 | speed: 0.0263s/iter; left: 247s
    iters: 400, epoch: 14 | loss: 0.1667586 | speed: 0.0228s/iter; left: 212s
    iters: 500, epoch: 14 | loss: 0.1800126 | speed: 0.0243s/iter; left: 223s
Epoch: 14, Steps: 570 | Train: 0.1625870 Vali: 0.1552243 Test: 0.1978776
EarlyStopping counter: 8 out of 15
Updating learning rate to 0.0008589934592000006
    iters: 100, epoch: 15 | loss: 0.1770435 | speed: 0.0272s/iter; left: 246s
    iters: 200, epoch: 15 | loss: 0.1822315 | speed: 0.0196s/iter; left: 175s
    iters: 300, epoch: 15 | loss: 0.1481413 | speed: 0.0199s/iter; left: 175s
    iters: 400, epoch: 15 | loss: 0.1365756 | speed: 0.0194s/iter; left: 169s
    iters: 500, epoch: 15 | loss: 0.1663852 | speed: 0.0196s/iter; left: 169s
Epoch: 15, Steps: 570 | Train: 0.1622585 Vali: 0.1581381 Test: 0.1956359
EarlyStopping counter: 9 out of 15
Updating learning rate to 0.0006871947673600004
    iters: 100, epoch: 16 | loss: 0.1504534 | speed: 0.0284s/iter; left: 240s
    iters: 200, epoch: 16 | loss: 0.1603706 | speed: 0.0200s/iter; left: 167s
    iters: 300, epoch: 16 | loss: 0.1697004 | speed: 0.0218s/iter; left: 180s
    iters: 400, epoch: 16 | loss: 0.1452370 | speed: 0.0250s/iter; left: 204s
    iters: 500, epoch: 16 | loss: 0.1798572 | speed: 0.0275s/iter; left: 221s
Epoch: 16, Steps: 570 | Train: 0.1616831 Vali: 0.1562168 Test: 0.2015042
EarlyStopping counter: 10 out of 15
Updating learning rate to 0.0005497558138880004
    iters: 100, epoch: 17 | loss: 0.1651639 | speed: 0.0346s/iter; left: 273s
    iters: 200, epoch: 17 | loss: 0.1620581 | speed: 0.0248s/iter; left: 193s
    iters: 300, epoch: 17 | loss: 0.1495964 | speed: 0.0250s/iter; left: 192s
    iters: 400, epoch: 17 | loss: 0.1480802 | speed: 0.0270s/iter; left: 204s
    iters: 500, epoch: 17 | loss: 0.1592152 | speed: 0.0230s/iter; left: 172s
Epoch: 17, Steps: 570 | Train: 0.1615493 Vali: 0.1569634 Test: 0.1972972
EarlyStopping counter: 11 out of 15
Updating learning rate to 0.00043980465111040037
    iters: 100, epoch: 18 | loss: 0.1697675 | speed: 0.0332s/iter; left: 243s
    iters: 200, epoch: 18 | loss: 0.1932948 | speed: 0.0236s/iter; left: 170s
    iters: 300, epoch: 18 | loss: 0.1752247 | speed: 0.0273s/iter; left: 194s
    iters: 400, epoch: 18 | loss: 0.1591888 | speed: 0.0229s/iter; left: 161s
    iters: 500, epoch: 18 | loss: 0.1649495 | speed: 0.0268s/iter; left: 185s
Epoch: 18, Steps: 570 | Train: 0.1610718 Vali: 0.1573062 Test: 0.2028155
EarlyStopping counter: 12 out of 15
Updating learning rate to 0.0003518437208883203
    iters: 100, epoch: 19 | loss: 0.1833646 | speed: 0.0314s/iter; left: 211s
    iters: 200, epoch: 19 | loss: 0.1638260 | speed: 0.0277s/iter; left: 184s
    iters: 300, epoch: 19 | loss: 0.1785099 | speed: 0.0234s/iter; left: 153s
    iters: 400, epoch: 19 | loss: 0.1522081 | speed: 0.0258s/iter; left: 166s
    iters: 500, epoch: 19 | loss: 0.1753952 | speed: 0.0237s/iter; left: 150s
Epoch: 19, Steps: 570 | Train: 0.1607193 Vali: 0.1573124 Test: 0.1992192
EarlyStopping counter: 13 out of 15
Updating learning rate to 0.00028147497671065624
    iters: 100, epoch: 20 | loss: 0.1571594 | speed: 0.0371s/iter; left: 229s
    iters: 200, epoch: 20 | loss: 0.1541039 | speed: 0.0243s/iter; left: 148s
    iters: 300, epoch: 20 | loss: 0.1612605 | speed: 0.0261s/iter; left: 156s
    iters: 400, epoch: 20 | loss: 0.1607454 | speed: 0.0244s/iter; left: 143s
    iters: 500, epoch: 20 | loss: 0.1713363 | speed: 0.0310s/iter; left: 179s
Epoch: 20, Steps: 570 | Train: 0.1605180 Vali: 0.1589141 Test: 0.1982743
EarlyStopping counter: 14 out of 15
Updating learning rate to 0.00022517998136852504
    iters: 100, epoch: 21 | loss: 0.1644708 | speed: 0.0338s/iter; left: 189s
    iters: 200, epoch: 21 | loss: 0.1490833 | speed: 0.0239s/iter; left: 131s
    iters: 300, epoch: 21 | loss: 0.1715564 | speed: 0.0271s/iter; left: 146s
    iters: 400, epoch: 21 | loss: 0.1662237 | speed: 0.0257s/iter; left: 136s
    iters: 500, epoch: 21 | loss: 0.1417281 | speed: 0.0256s/iter; left: 133s
Epoch: 21, Steps: 570 | Train: 0.1602944 Vali: 0.1568548 Test: 0.2004252
EarlyStopping counter: 15 out of 15
Early stopping at epoch 21
STAGE 1 RESULT: mse=0.2055, mae=0.2658, smape=42.1795

============================================================
STAGE 2: Load MRT + add Freq branch (frozen backbone/MRT/cycle, max_epochs=3, patience=3)
============================================================
train 36505
val 5065
test 10321
Loaded 10 params from stage1, 0 new (Freq branch)
Trainable: 6,714 / 176,247 (3.8%)  freeze_backbone=1
    iters: 100, epoch: 1 | loss: 0.6380854 | speed: 0.0308s/iter; left: 50s
    iters: 200, epoch: 1 | loss: 0.6462631 | speed: 0.0221s/iter; left: 33s
    iters: 300, epoch: 1 | loss: 0.6589729 | speed: 0.0197s/iter; left: 28s
    iters: 400, epoch: 1 | loss: 0.6396623 | speed: 0.0214s/iter; left: 28s
    iters: 500, epoch: 1 | loss: 0.6285542 | speed: 0.0202s/iter; left: 25s
Epoch: 1, Train: 0.6411803 Vali: 0.1525771
[diag s2-1]  freq.rs=-0.0544 mask.mean=0.416 mask.std=0.132  mrt.rs=+0.4740
Validation loss decreased (inf --> 0.152577).  Saving model ...
    iters: 100, epoch: 2 | loss: 0.6253784 | speed: 0.0345s/iter; left: 36s
    iters: 200, epoch: 2 | loss: 0.6578313 | speed: 0.0188s/iter; left: 18s
    iters: 300, epoch: 2 | loss: 0.6540273 | speed: 0.0204s/iter; left: 17s
    iters: 400, epoch: 2 | loss: 0.6360790 | speed: 0.0205s/iter; left: 15s
    iters: 500, epoch: 2 | loss: 0.6721941 | speed: 0.0190s/iter; left: 12s
Epoch: 2, Train: 0.6410315 Vali: 0.1526222
[diag s2-2]  freq.rs=-0.0644 mask.mean=0.389 mask.std=0.122  mrt.rs=+0.4740
EarlyStopping counter: 1 out of 3
    iters: 100, epoch: 3 | loss: 0.6523808 | speed: 0.0315s/iter; left: 15s
    iters: 200, epoch: 3 | loss: 0.6017982 | speed: 0.0200s/iter; left: 7s
    iters: 300, epoch: 3 | loss: 0.6426175 | speed: 0.0197s/iter; left: 5s
    iters: 400, epoch: 3 | loss: 0.6205771 | speed: 0.0201s/iter; left: 3s
    iters: 500, epoch: 3 | loss: 0.6435444 | speed: 0.0176s/iter; left: 1s
Epoch: 3, Train: 0.6408677 Vali: 0.1526008
[diag s2-3]  freq.rs=-0.0753 mask.mean=0.363 mask.std=0.115  mrt.rs=+0.4740
EarlyStopping counter: 2 out of 3
STAGE 2 complete.

============================================================
SKIPPING Stage 3a (--no_stage3a): Stage 2 -> Stage 3b directly
============================================================

============================================================
STAGE 3b: Unfreeze all, group-wise LR (base=0.003000, max_epochs=20, patience=10) (pure MSE)
  LR groups: freq/gate ×0.67, model ×0.33, mrt/cycle ×0.10
============================================================
train 36505
val 5065
test 10321
Loaded stage3a checkpoint, unfreezing all parameters.
  Group freq/gate: 6,714 params, LR=0.002010
  Group model: 148,160 params, LR=0.000990
  Group mrt/cycle: 21,373 params, LR=0.000300
    iters: 100, epoch: 1 | loss: 0.1686494 | speed: 0.0361s/iter; left: 408s
    iters: 200, epoch: 1 | loss: 0.1742891 | speed: 0.0246s/iter; left: 276s
    iters: 300, epoch: 1 | loss: 0.1611542 | speed: 0.0276s/iter; left: 306s
    iters: 400, epoch: 1 | loss: 0.1831993 | speed: 0.0239s/iter; left: 263s
    iters: 500, epoch: 1 | loss: 0.1791196 | speed: 0.0267s/iter; left: 291s
Epoch: 1, Steps: 570 | Train: 0.1650440 Vali: 0.1530903 Test: 0.1960839
[diag 3b-1]  freq.rs=-0.0543 mask.mean=0.416 mask.std=0.132  mrt.rs=+0.4748
Validation loss decreased (inf --> 0.153090).  Saving model ...
Updating learning rate to 0.01
    iters: 100, epoch: 2 | loss: 0.1628673 | speed: 0.0301s/iter; left: 324s
    iters: 200, epoch: 2 | loss: 0.2078390 | speed: 0.0206s/iter; left: 219s
    iters: 300, epoch: 2 | loss: 0.1659274 | speed: 0.0204s/iter; left: 215s
    iters: 400, epoch: 2 | loss: 0.1632988 | speed: 0.0218s/iter; left: 227s
    iters: 500, epoch: 2 | loss: 0.1723945 | speed: 0.0228s/iter; left: 235s
Epoch: 2, Steps: 570 | Train: 0.1779315 Vali: 0.1601759 Test: 0.2084960
[diag 3b-2]  freq.rs=-0.4287 mask.mean=0.441 mask.std=0.167  mrt.rs=+0.4821
EarlyStopping counter: 1 out of 10
Updating learning rate to 0.01
    iters: 100, epoch: 3 | loss: 0.1746855 | speed: 0.0350s/iter; left: 356s
    iters: 200, epoch: 3 | loss: 0.1789787 | speed: 0.0223s/iter; left: 224s
    iters: 300, epoch: 3 | loss: 0.1712365 | speed: 0.0280s/iter; left: 279s
    iters: 400, epoch: 3 | loss: 0.1651997 | speed: 0.0241s/iter; left: 237s
    iters: 500, epoch: 3 | loss: 0.1438264 | speed: 0.0242s/iter; left: 236s
Epoch: 3, Steps: 570 | Train: 0.1750459 Vali: 0.1603444 Test: 0.2028598
[diag 3b-3]  freq.rs=-0.6683 mask.mean=0.445 mask.std=0.180  mrt.rs=+0.4809
EarlyStopping counter: 2 out of 10
Updating learning rate to 0.01
    iters: 100, epoch: 4 | loss: 0.1548426 | speed: 0.0370s/iter; left: 355s
    iters: 200, epoch: 4 | loss: 0.1678942 | speed: 0.0259s/iter; left: 246s
    iters: 300, epoch: 4 | loss: 0.1882201 | speed: 0.0264s/iter; left: 248s
    iters: 400, epoch: 4 | loss: 0.1689391 | speed: 0.0281s/iter; left: 261s
    iters: 500, epoch: 4 | loss: 0.1856836 | speed: 0.0232s/iter; left: 213s
Epoch: 4, Steps: 570 | Train: 0.1734824 Vali: 0.1569673 Test: 0.2056861
[diag 3b-4]  freq.rs=-0.8514 mask.mean=0.440 mask.std=0.180  mrt.rs=+0.4789
EarlyStopping counter: 3 out of 10
Updating learning rate to 0.008
    iters: 100, epoch: 5 | loss: 0.1897289 | speed: 0.0368s/iter; left: 332s
    iters: 200, epoch: 5 | loss: 0.1607825 | speed: 0.0261s/iter; left: 233s
    iters: 300, epoch: 5 | loss: 0.1926425 | speed: 0.0257s/iter; left: 226s
    iters: 400, epoch: 5 | loss: 0.1675283 | speed: 0.0233s/iter; left: 204s
    iters: 500, epoch: 5 | loss: 0.1715454 | speed: 0.0268s/iter; left: 231s
Epoch: 5, Steps: 570 | Train: 0.1710973 Vali: 0.1570068 Test: 0.2037978
[diag 3b-5]  freq.rs=-0.9568 mask.mean=0.432 mask.std=0.176  mrt.rs=+0.4747
EarlyStopping counter: 4 out of 10
Updating learning rate to 0.006400000000000001
    iters: 100, epoch: 6 | loss: 0.1748522 | speed: 0.0374s/iter; left: 316s
    iters: 200, epoch: 6 | loss: 0.1903006 | speed: 0.0225s/iter; left: 188s
    iters: 300, epoch: 6 | loss: 0.1750168 | speed: 0.0239s/iter; left: 197s
    iters: 400, epoch: 6 | loss: 0.1771656 | speed: 0.0260s/iter; left: 212s
    iters: 500, epoch: 6 | loss: 0.1722411 | speed: 0.0234s/iter; left: 188s
Epoch: 6, Steps: 570 | Train: 0.1688806 Vali: 0.1562032 Test: 0.2007548
[diag 3b-6]  freq.rs=-1.0195 mask.mean=0.427 mask.std=0.175  mrt.rs=+0.4762
EarlyStopping counter: 5 out of 10
Updating learning rate to 0.005120000000000001
    iters: 100, epoch: 7 | loss: 0.1498622 | speed: 0.0334s/iter; left: 264s
    iters: 200, epoch: 7 | loss: 0.1643789 | speed: 0.0273s/iter; left: 213s
    iters: 300, epoch: 7 | loss: 0.1512053 | speed: 0.0242s/iter; left: 186s
    iters: 400, epoch: 7 | loss: 0.1805413 | speed: 0.0244s/iter; left: 185s
    iters: 500, epoch: 7 | loss: 0.1735312 | speed: 0.0258s/iter; left: 193s
Epoch: 7, Steps: 570 | Train: 0.1669680 Vali: 0.1547406 Test: 0.2003391
[diag 3b-7]  freq.rs=-1.0623 mask.mean=0.424 mask.std=0.174  mrt.rs=+0.4748
EarlyStopping counter: 6 out of 10
Updating learning rate to 0.004096000000000001
    iters: 100, epoch: 8 | loss: 0.1508184 | speed: 0.0372s/iter; left: 272s
    iters: 200, epoch: 8 | loss: 0.1763914 | speed: 0.0218s/iter; left: 157s
    iters: 300, epoch: 8 | loss: 0.1628094 | speed: 0.0272s/iter; left: 193s
    iters: 400, epoch: 8 | loss: 0.1517594 | speed: 0.0239s/iter; left: 168s
    iters: 500, epoch: 8 | loss: 0.1601627 | speed: 0.0248s/iter; left: 171s
Epoch: 8, Steps: 570 | Train: 0.1656624 Vali: 0.1549172 Test: 0.2042533
[diag 3b-8]  freq.rs=-1.0909 mask.mean=0.420 mask.std=0.174  mrt.rs=+0.4739
EarlyStopping counter: 7 out of 10
Updating learning rate to 0.0032768000000000007
    iters: 100, epoch: 9 | loss: 0.1631702 | speed: 0.0441s/iter; left: 297s
    iters: 200, epoch: 9 | loss: 0.2002824 | speed: 0.0237s/iter; left: 157s
    iters: 300, epoch: 9 | loss: 0.1629158 | speed: 0.0244s/iter; left: 159s
    iters: 400, epoch: 9 | loss: 0.1484699 | speed: 0.0274s/iter; left: 177s
    iters: 500, epoch: 9 | loss: 0.1682547 | speed: 0.0232s/iter; left: 147s
Epoch: 9, Steps: 570 | Train: 0.1644462 Vali: 0.1559193 Test: 0.2099176
[diag 3b-9]  freq.rs=-1.1113 mask.mean=0.419 mask.std=0.175  mrt.rs=+0.4705
EarlyStopping counter: 8 out of 10
Updating learning rate to 0.002621440000000001
    iters: 100, epoch: 10 | loss: 0.1630294 | speed: 0.0336s/iter; left: 207s
    iters: 200, epoch: 10 | loss: 0.1638792 | speed: 0.0291s/iter; left: 177s
    iters: 300, epoch: 10 | loss: 0.1637867 | speed: 0.0242s/iter; left: 145s
    iters: 400, epoch: 10 | loss: 0.1782656 | speed: 0.0197s/iter; left: 116s
    iters: 500, epoch: 10 | loss: 0.1353228 | speed: 0.0203s/iter; left: 117s
Epoch: 10, Steps: 570 | Train: 0.1637843 Vali: 0.1579847 Test: 0.1970560
[diag 3b-10]  freq.rs=-1.1345 mask.mean=0.417 mask.std=0.176  mrt.rs=+0.4712
EarlyStopping counter: 9 out of 10
Updating learning rate to 0.002097152000000001
    iters: 100, epoch: 11 | loss: 0.1664594 | speed: 0.0371s/iter; left: 208s
    iters: 200, epoch: 11 | loss: 0.1629687 | speed: 0.0251s/iter; left: 138s
    iters: 300, epoch: 11 | loss: 0.1497120 | speed: 0.0230s/iter; left: 124s
    iters: 400, epoch: 11 | loss: 0.1510319 | speed: 0.0220s/iter; left: 116s
    iters: 500, epoch: 11 | loss: 0.1571455 | speed: 0.0266s/iter; left: 138s
Epoch: 11, Steps: 570 | Train: 0.1627787 Vali: 0.1607135 Test: 0.2021505
[diag 3b-11]  freq.rs=-1.1425 mask.mean=0.416 mask.std=0.177  mrt.rs=+0.4712
EarlyStopping counter: 10 out of 10
Early stopping at epoch 11

============================================================
FINAL RESULT (Stage 3b): mse=0.1950, mae=0.2530, smape=40.4693
============================================================
[diag 3b-final]  freq.rs=-0.0543 mask.mean=0.416 mask.std=0.132  mrt.rs=+0.4748
