Args in experiment:
Namespace(random_seed=2024, is_training=1, model_id='Solar_96_96', model='CycleNet', data='Solar', root_path='./dataset/Solar/', data_path='solar_AL.txt', features='M', target='OT', freq='h', checkpoints='./checkpoints/', seq_len=96, label_len=0, pred_len=96, cycle=144, cycle_mode='lookup', cycle_rank=4, model_type='mlp', use_revin=0, mrt_layers=0, freq_layers=0, freq_v2_layers=0, freq_v3_layers=0, freq_v4_layers=0, sgf_layers=1, sgf_prior_path='./stability_priors/stability_Solar_cycle144_L96.npy', freq_loss_alpha=1.0, fc_dropout=0.05, head_dropout=0.0, patch_len=16, stride=8, padding_patch='end', revin=0, affine=0, subtract_last=0, decomposition=0, kernel_size=25, individual=0, rnn_type='gru', dec_way='pmf', seg_len=48, channel_id=1, period_len=24, embed_type=0, enc_in=137, dec_in=7, c_out=7, d_model=512, n_heads=8, e_layers=2, d_layers=1, d_ff=2048, moving_avg=25, factor=1, distil=True, dropout=0, embed='timeF', activation='gelu', output_attention=False, do_predict=False, num_workers=10, itr=1, train_epochs=30, batch_size=64, patience=30, learning_rate=0.01, des='test', loss='mse', lradj='type3', pct_start=0.3, use_amp=False, use_gpu=True, gpu=0, use_multi_gpu=False, devices='0,1', test_flop=False)
Loaded SGF prior from ./stability_priors/stability_Solar_cycle144_L96.npy, shape=(49,)
Use GPU: cuda:0
>>>>>>>start training : Solar_96_96_CycleNet_Solar_ftM_sl96_pl96_cycle144_mlp_sgf1_seed2024>>>>>>>>>>>>>>>>>>>>>>>>>>
train 36601
val 5161
test 10417
	iters: 100, epoch: 1 | loss: 0.2671187
	speed: 0.0494s/iter; left time: 841.8433s
	iters: 200, epoch: 1 | loss: 0.1981817
	speed: 0.0197s/iter; left time: 333.8143s
	iters: 300, epoch: 1 | loss: 0.1989828
	speed: 0.0202s/iter; left time: 339.8884s
	iters: 400, epoch: 1 | loss: 0.1601184
	speed: 0.0195s/iter; left time: 325.7572s
	iters: 500, epoch: 1 | loss: 0.1961462
	speed: 0.0203s/iter; left time: 338.2708s
Epoch: 1 cost time: 14.388679504394531
Epoch: 1, Steps: 571 | Train Loss: 0.2345563 Vali Loss: 0.1610457 Test Loss: 0.2299167
Validation loss decreased (inf --> 0.161046).  Saving model ...
Updating learning rate to 0.01
	iters: 100, epoch: 2 | loss: 0.1631564
	speed: 0.1358s/iter; left time: 2235.0969s
	iters: 200, epoch: 2 | loss: 0.1814996
	speed: 0.0233s/iter; left time: 380.9528s
	iters: 300, epoch: 2 | loss: 0.1597177
	speed: 0.0227s/iter; left time: 369.0705s
	iters: 400, epoch: 2 | loss: 0.1669063
	speed: 0.0227s/iter; left time: 366.8622s
	iters: 500, epoch: 2 | loss: 0.1516030
	speed: 0.0225s/iter; left time: 361.5321s
Epoch: 2 cost time: 14.198760986328125
Epoch: 2, Steps: 571 | Train Loss: 0.1783705 Vali Loss: 0.1509509 Test Loss: 0.1937806
Validation loss decreased (0.161046 --> 0.150951).  Saving model ...
Updating learning rate to 0.01
	iters: 100, epoch: 3 | loss: 0.1827602
	speed: 0.1414s/iter; left time: 2246.1712s
	iters: 200, epoch: 3 | loss: 0.1574340
	speed: 0.0208s/iter; left time: 328.4409s
	iters: 300, epoch: 3 | loss: 0.1579545
	speed: 0.0211s/iter; left time: 331.6434s
	iters: 400, epoch: 3 | loss: 0.1690375
	speed: 0.0219s/iter; left time: 341.8282s
	iters: 500, epoch: 3 | loss: 0.1484658
	speed: 0.0211s/iter; left time: 326.7128s
Epoch: 3 cost time: 13.343738079071045
Epoch: 3, Steps: 571 | Train Loss: 0.1666132 Vali Loss: 0.1653534 Test Loss: 0.1865424
EarlyStopping counter: 1 out of 30
Updating learning rate to 0.01
	iters: 100, epoch: 4 | loss: 0.1646308
	speed: 0.1570s/iter; left time: 2404.3806s
	iters: 200, epoch: 4 | loss: 0.1676220
	speed: 0.0211s/iter; left time: 320.6566s
	iters: 300, epoch: 4 | loss: 0.1454845
	speed: 0.0203s/iter; left time: 306.5898s
	iters: 400, epoch: 4 | loss: 0.1403730
	speed: 0.0222s/iter; left time: 333.9795s
	iters: 500, epoch: 4 | loss: 0.1719680
	speed: 0.0207s/iter; left time: 309.3994s
Epoch: 4 cost time: 13.49051833152771
Epoch: 4, Steps: 571 | Train Loss: 0.1625768 Vali Loss: 0.1524733 Test Loss: 0.2105107
EarlyStopping counter: 2 out of 30
Updating learning rate to 0.008
	iters: 100, epoch: 5 | loss: 0.2280630
	speed: 0.1558s/iter; left time: 2297.6663s
	iters: 200, epoch: 5 | loss: 0.1679736
	speed: 0.0217s/iter; left time: 317.5989s
	iters: 300, epoch: 5 | loss: 0.1616417
	speed: 0.0220s/iter; left time: 320.4651s
	iters: 400, epoch: 5 | loss: 0.1287836
	speed: 0.0223s/iter; left time: 321.5118s
	iters: 500, epoch: 5 | loss: 0.1253005
	speed: 0.0262s/iter; left time: 376.1754s
Epoch: 5 cost time: 14.540085315704346
Epoch: 5, Steps: 571 | Train Loss: 0.1587461 Vali Loss: 0.1504310 Test Loss: 0.2039255
Validation loss decreased (0.150951 --> 0.150431).  Saving model ...
Updating learning rate to 0.006400000000000001
	iters: 100, epoch: 6 | loss: 0.1271404
	speed: 0.1626s/iter; left time: 2305.1690s
	iters: 200, epoch: 6 | loss: 0.1733986
	speed: 0.0248s/iter; left time: 349.1508s
	iters: 300, epoch: 6 | loss: 0.1484001
	speed: 0.0263s/iter; left time: 366.8706s
	iters: 400, epoch: 6 | loss: 0.1539584
	speed: 0.0270s/iter; left time: 375.1070s
	iters: 500, epoch: 6 | loss: 0.1333583
	speed: 0.0251s/iter; left time: 345.4953s
Epoch: 6 cost time: 16.253912448883057
Epoch: 6, Steps: 571 | Train Loss: 0.1568906 Vali Loss: 0.1476406 Test Loss: 0.1851819
Validation loss decreased (0.150431 --> 0.147641).  Saving model ...
Updating learning rate to 0.005120000000000001
	iters: 100, epoch: 7 | loss: 0.1631821
	speed: 0.1715s/iter; left time: 2333.5660s
	iters: 200, epoch: 7 | loss: 0.1731747
	speed: 0.0205s/iter; left time: 276.7236s
	iters: 300, epoch: 7 | loss: 0.1621522
	speed: 0.0230s/iter; left time: 308.0157s
	iters: 400, epoch: 7 | loss: 0.1327470
	speed: 0.0219s/iter; left time: 291.5055s
	iters: 500, epoch: 7 | loss: 0.1601322
	speed: 0.0225s/iter; left time: 296.9137s
Epoch: 7 cost time: 14.063393354415894
Epoch: 7, Steps: 571 | Train Loss: 0.1549430 Vali Loss: 0.1456175 Test Loss: 0.1825490
Validation loss decreased (0.147641 --> 0.145617).  Saving model ...
Updating learning rate to 0.004096000000000001
	iters: 100, epoch: 8 | loss: 0.1626389
	speed: 0.1720s/iter; left time: 2241.5044s
	iters: 200, epoch: 8 | loss: 0.1422840
	speed: 0.0220s/iter; left time: 285.0181s
	iters: 300, epoch: 8 | loss: 0.1388094
	speed: 0.0253s/iter; left time: 324.3193s
	iters: 400, epoch: 8 | loss: 0.1416383
	speed: 0.0251s/iter; left time: 319.9511s
	iters: 500, epoch: 8 | loss: 0.1858443
	speed: 0.0202s/iter; left time: 255.0941s
Epoch: 8 cost time: 14.935370683670044
Epoch: 8, Steps: 571 | Train Loss: 0.1526763 Vali Loss: 0.1478960 Test Loss: 0.1841443
EarlyStopping counter: 1 out of 30
Updating learning rate to 0.0032768000000000007
	iters: 100, epoch: 9 | loss: 0.1294995
	speed: 0.1569s/iter; left time: 1955.8759s
	iters: 200, epoch: 9 | loss: 0.1716862
	speed: 0.0241s/iter; left time: 297.9746s
	iters: 300, epoch: 9 | loss: 0.1830091
	speed: 0.0235s/iter; left time: 288.5524s
	iters: 400, epoch: 9 | loss: 0.1336441
	speed: 0.0246s/iter; left time: 298.8248s
	iters: 500, epoch: 9 | loss: 0.1820602
	speed: 0.0259s/iter; left time: 312.7805s
Epoch: 9 cost time: 15.360058784484863
Epoch: 9, Steps: 571 | Train Loss: 0.1519971 Vali Loss: 0.1508734 Test Loss: 0.1832985
EarlyStopping counter: 2 out of 30
Updating learning rate to 0.002621440000000001
	iters: 100, epoch: 10 | loss: 0.1469408
	speed: 0.1644s/iter; left time: 1955.0539s
	iters: 200, epoch: 10 | loss: 0.1332158
	speed: 0.0256s/iter; left time: 301.9475s
	iters: 300, epoch: 10 | loss: 0.1470250
	speed: 0.0236s/iter; left time: 276.0901s
	iters: 400, epoch: 10 | loss: 0.1880749
	speed: 0.0242s/iter; left time: 280.1520s
	iters: 500, epoch: 10 | loss: 0.1317570
	speed: 0.0264s/iter; left time: 302.9876s
Epoch: 10 cost time: 14.924224376678467
Epoch: 10, Steps: 571 | Train Loss: 0.1506135 Vali Loss: 0.1487079 Test Loss: 0.1811938
EarlyStopping counter: 3 out of 30
Updating learning rate to 0.002097152000000001
	iters: 100, epoch: 11 | loss: 0.1997488
	speed: 0.1933s/iter; left time: 2188.2456s
	iters: 200, epoch: 11 | loss: 0.1538668
	speed: 0.0208s/iter; left time: 232.9824s
	iters: 300, epoch: 11 | loss: 0.1465151
	speed: 0.0219s/iter; left time: 244.0816s
	iters: 400, epoch: 11 | loss: 0.1669180
	speed: 0.0237s/iter; left time: 261.0123s
	iters: 500, epoch: 11 | loss: 0.1500441
	speed: 0.0234s/iter; left time: 255.3215s
Epoch: 11 cost time: 14.627950191497803
Epoch: 11, Steps: 571 | Train Loss: 0.1497064 Vali Loss: 0.1442880 Test Loss: 0.1841126
Validation loss decreased (0.145617 --> 0.144288).  Saving model ...
Updating learning rate to 0.001677721600000001
	iters: 100, epoch: 12 | loss: 0.1683498
	speed: 0.1499s/iter; left time: 1611.2084s
	iters: 200, epoch: 12 | loss: 0.1028645
	speed: 0.0215s/iter; left time: 228.8037s
	iters: 300, epoch: 12 | loss: 0.1374220
	speed: 0.0246s/iter; left time: 259.3854s
	iters: 400, epoch: 12 | loss: 0.1361907
	speed: 0.0242s/iter; left time: 253.1002s
	iters: 500, epoch: 12 | loss: 0.1427952
	speed: 0.0234s/iter; left time: 242.5799s
Epoch: 12 cost time: 14.703231573104858
Epoch: 12, Steps: 571 | Train Loss: 0.1490154 Vali Loss: 0.1466591 Test Loss: 0.1849793
EarlyStopping counter: 1 out of 30
Updating learning rate to 0.0013421772800000006
	iters: 100, epoch: 13 | loss: 0.1531199
	speed: 0.1541s/iter; left time: 1568.8323s
	iters: 200, epoch: 13 | loss: 0.1159991
	speed: 0.0206s/iter; left time: 207.1729s
	iters: 300, epoch: 13 | loss: 0.1347494
	speed: 0.0216s/iter; left time: 215.9341s
	iters: 400, epoch: 13 | loss: 0.1605786
	speed: 0.0216s/iter; left time: 213.2154s
	iters: 500, epoch: 13 | loss: 0.1337840
	speed: 0.0217s/iter; left time: 211.7265s
Epoch: 13 cost time: 13.283382654190063
Epoch: 13, Steps: 571 | Train Loss: 0.1485118 Vali Loss: 0.1428650 Test Loss: 0.1845531
Validation loss decreased (0.144288 --> 0.142865).  Saving model ...
Updating learning rate to 0.0010737418240000006
	iters: 100, epoch: 14 | loss: 0.1332304
	speed: 0.1527s/iter; left time: 1467.5058s
	iters: 200, epoch: 14 | loss: 0.1645844
	speed: 0.0210s/iter; left time: 199.8940s
	iters: 300, epoch: 14 | loss: 0.1582648
	speed: 0.0248s/iter; left time: 232.9146s
	iters: 400, epoch: 14 | loss: 0.1244415
	speed: 0.0218s/iter; left time: 202.7281s
	iters: 500, epoch: 14 | loss: 0.1257068
	speed: 0.0211s/iter; left time: 193.8423s
Epoch: 14 cost time: 14.031903743743896
Epoch: 14, Steps: 571 | Train Loss: 0.1478578 Vali Loss: 0.1480601 Test Loss: 0.1880126
EarlyStopping counter: 1 out of 30
Updating learning rate to 0.0008589934592000006
	iters: 100, epoch: 15 | loss: 0.1639565
	speed: 0.1489s/iter; left time: 1345.4086s
	iters: 200, epoch: 15 | loss: 0.1854013
	speed: 0.0218s/iter; left time: 194.5661s
	iters: 300, epoch: 15 | loss: 0.1404548
	speed: 0.0215s/iter; left time: 189.6471s
	iters: 400, epoch: 15 | loss: 0.1546440
	speed: 0.0218s/iter; left time: 190.3479s
	iters: 500, epoch: 15 | loss: 0.1602257
	speed: 0.0257s/iter; left time: 221.7687s
Epoch: 15 cost time: 14.143798589706421
Epoch: 15, Steps: 571 | Train Loss: 0.1471047 Vali Loss: 0.1483051 Test Loss: 0.1867398
EarlyStopping counter: 2 out of 30
Updating learning rate to 0.0006871947673600004
	iters: 100, epoch: 16 | loss: 0.1400684
	speed: 0.1607s/iter; left time: 1360.3873s
	iters: 200, epoch: 16 | loss: 0.1307100
	speed: 0.0256s/iter; left time: 214.1490s
	iters: 300, epoch: 16 | loss: 0.1453355
	speed: 0.0242s/iter; left time: 200.1636s
	iters: 400, epoch: 16 | loss: 0.1242685
	speed: 0.0204s/iter; left time: 166.9095s
	iters: 500, epoch: 16 | loss: 0.1487533
	speed: 0.0229s/iter; left time: 185.1002s
Epoch: 16 cost time: 14.438596963882446
Epoch: 16, Steps: 571 | Train Loss: 0.1466157 Vali Loss: 0.1431422 Test Loss: 0.1860470
EarlyStopping counter: 3 out of 30
Updating learning rate to 0.0005497558138880004
	iters: 100, epoch: 17 | loss: 0.1865532
	speed: 0.1512s/iter; left time: 1194.0660s
	iters: 200, epoch: 17 | loss: 0.1229736
	speed: 0.0243s/iter; left time: 189.5533s
	iters: 300, epoch: 17 | loss: 0.1242697
	speed: 0.0239s/iter; left time: 184.0507s
	iters: 400, epoch: 17 | loss: 0.1550683
	speed: 0.0235s/iter; left time: 178.5732s
	iters: 500, epoch: 17 | loss: 0.1430665
	speed: 0.0245s/iter; left time: 183.5822s
Epoch: 17 cost time: 15.065054178237915
Epoch: 17, Steps: 571 | Train Loss: 0.1462778 Vali Loss: 0.1496792 Test Loss: 0.1850821
EarlyStopping counter: 4 out of 30
Updating learning rate to 0.00043980465111040037
	iters: 100, epoch: 18 | loss: 0.1630190
	speed: 0.1539s/iter; left time: 1126.9806s
	iters: 200, epoch: 18 | loss: 0.1799485
	speed: 0.0213s/iter; left time: 153.9672s
	iters: 300, epoch: 18 | loss: 0.1608270
	speed: 0.0208s/iter; left time: 148.4615s
	iters: 400, epoch: 18 | loss: 0.1476420
	speed: 0.0229s/iter; left time: 160.8686s
	iters: 500, epoch: 18 | loss: 0.2041085
	speed: 0.0229s/iter; left time: 158.8093s
Epoch: 18 cost time: 13.98093056678772
Epoch: 18, Steps: 571 | Train Loss: 0.1459778 Vali Loss: 0.1472525 Test Loss: 0.1869489
EarlyStopping counter: 5 out of 30
Updating learning rate to 0.0003518437208883203
	iters: 100, epoch: 19 | loss: 0.1673848
	speed: 0.1642s/iter; left time: 1108.9849s
	iters: 200, epoch: 19 | loss: 0.1391161
	speed: 0.0221s/iter; left time: 146.7886s
	iters: 300, epoch: 19 | loss: 0.1445997
	speed: 0.0209s/iter; left time: 136.6857s
	iters: 400, epoch: 19 | loss: 0.1224243
	speed: 0.0222s/iter; left time: 143.0745s
	iters: 500, epoch: 19 | loss: 0.1052565
	speed: 0.0210s/iter; left time: 133.4016s
Epoch: 19 cost time: 13.908551454544067
Epoch: 19, Steps: 571 | Train Loss: 0.1456068 Vali Loss: 0.1482269 Test Loss: 0.1874526
EarlyStopping counter: 6 out of 30
Updating learning rate to 0.00028147497671065624
	iters: 100, epoch: 20 | loss: 0.1412134
	speed: 0.1544s/iter; left time: 954.7402s
	iters: 200, epoch: 20 | loss: 0.1251942
	speed: 0.0248s/iter; left time: 150.8361s
	iters: 300, epoch: 20 | loss: 0.1374299
	speed: 0.0241s/iter; left time: 144.2904s
	iters: 400, epoch: 20 | loss: 0.1327125
	speed: 0.0237s/iter; left time: 139.3725s
	iters: 500, epoch: 20 | loss: 0.1812465
	speed: 0.0223s/iter; left time: 129.1732s
Epoch: 20 cost time: 15.098395824432373
Epoch: 20, Steps: 571 | Train Loss: 0.1454894 Vali Loss: 0.1494836 Test Loss: 0.1901724
EarlyStopping counter: 7 out of 30
Updating learning rate to 0.00022517998136852504
	iters: 100, epoch: 21 | loss: 0.1184509
	speed: 0.1562s/iter; left time: 876.1867s
	iters: 200, epoch: 21 | loss: 0.1319464
	speed: 0.0227s/iter; left time: 124.9450s
	iters: 300, epoch: 21 | loss: 0.1490015
	speed: 0.0237s/iter; left time: 128.2318s
	iters: 400, epoch: 21 | loss: 0.1504699
	speed: 0.0231s/iter; left time: 122.5921s
	iters: 500, epoch: 21 | loss: 0.1562387
	speed: 0.0216s/iter; left time: 112.3104s
Epoch: 21 cost time: 14.205278158187866
Epoch: 21, Steps: 571 | Train Loss: 0.1452413 Vali Loss: 0.1508181 Test Loss: 0.1869484
EarlyStopping counter: 8 out of 30
Updating learning rate to 0.00018014398509482002
	iters: 100, epoch: 22 | loss: 0.1352922
	speed: 0.1797s/iter; left time: 905.6865s
	iters: 200, epoch: 22 | loss: 0.1434035
	speed: 0.0227s/iter; left time: 112.1177s
	iters: 300, epoch: 22 | loss: 0.1947911
	speed: 0.0226s/iter; left time: 109.6209s
	iters: 400, epoch: 22 | loss: 0.1578068
	speed: 0.0232s/iter; left time: 110.1824s
	iters: 500, epoch: 22 | loss: 0.1353323
	speed: 0.0219s/iter; left time: 101.4175s
Epoch: 22 cost time: 14.361644268035889
Epoch: 22, Steps: 571 | Train Loss: 0.1450973 Vali Loss: 0.1478061 Test Loss: 0.1863621
EarlyStopping counter: 9 out of 30
Updating learning rate to 0.00014411518807585602
	iters: 100, epoch: 23 | loss: 0.1651170
	speed: 0.1430s/iter; left time: 638.8538s
	iters: 200, epoch: 23 | loss: 0.1881165
	speed: 0.0212s/iter; left time: 92.8169s
	iters: 300, epoch: 23 | loss: 0.1475241
	speed: 0.0237s/iter; left time: 101.2801s
	iters: 400, epoch: 23 | loss: 0.1550679
	speed: 0.0216s/iter; left time: 90.2352s
	iters: 500, epoch: 23 | loss: 0.1409079
	speed: 0.0225s/iter; left time: 91.4456s
Epoch: 23 cost time: 13.601846933364868
Epoch: 23, Steps: 571 | Train Loss: 0.1450671 Vali Loss: 0.1494404 Test Loss: 0.1886866
EarlyStopping counter: 10 out of 30
Updating learning rate to 0.00011529215046068484
	iters: 100, epoch: 24 | loss: 0.1638048
	speed: 0.1541s/iter; left time: 600.8705s
	iters: 200, epoch: 24 | loss: 0.1417488
	speed: 0.0200s/iter; left time: 75.9627s
	iters: 300, epoch: 24 | loss: 0.1440798
	speed: 0.0224s/iter; left time: 82.8303s
	iters: 400, epoch: 24 | loss: 0.1398796
	speed: 0.0218s/iter; left time: 78.4553s
	iters: 500, epoch: 24 | loss: 0.1427585
	speed: 0.0202s/iter; left time: 70.6528s
Epoch: 24 cost time: 13.235903024673462
Epoch: 24, Steps: 571 | Train Loss: 0.1449028 Vali Loss: 0.1480379 Test Loss: 0.1885941
EarlyStopping counter: 11 out of 30
Updating learning rate to 9.223372036854788e-05
	iters: 100, epoch: 25 | loss: 0.1659955
	speed: 0.1512s/iter; left time: 502.9174s
	iters: 200, epoch: 25 | loss: 0.1240836
	speed: 0.0230s/iter; left time: 74.1002s
	iters: 300, epoch: 25 | loss: 0.1391910
	speed: 0.0221s/iter; left time: 68.9597s
	iters: 400, epoch: 25 | loss: 0.1298620
	speed: 0.0220s/iter; left time: 66.5725s
	iters: 500, epoch: 25 | loss: 0.1108458
	speed: 0.0220s/iter; left time: 64.4128s
Epoch: 25 cost time: 13.752380609512329
Epoch: 25, Steps: 571 | Train Loss: 0.1448201 Vali Loss: 0.1488645 Test Loss: 0.1868901
EarlyStopping counter: 12 out of 30
Updating learning rate to 7.37869762948383e-05
	iters: 100, epoch: 26 | loss: 0.1490669
	speed: 0.1484s/iter; left time: 409.1214s
	iters: 200, epoch: 26 | loss: 0.1784222
	speed: 0.0209s/iter; left time: 55.4628s
	iters: 300, epoch: 26 | loss: 0.1543238
	speed: 0.0211s/iter; left time: 53.9666s
	iters: 400, epoch: 26 | loss: 0.1038201
	speed: 0.0210s/iter; left time: 51.6462s
	iters: 500, epoch: 26 | loss: 0.1760628
	speed: 0.0225s/iter; left time: 52.9579s
Epoch: 26 cost time: 13.699069023132324
Epoch: 26, Steps: 571 | Train Loss: 0.1447939 Vali Loss: 0.1488973 Test Loss: 0.1874054
EarlyStopping counter: 13 out of 30
Updating learning rate to 5.902958103587064e-05
	iters: 100, epoch: 27 | loss: 0.1103511
	speed: 0.1605s/iter; left time: 350.7666s
	iters: 200, epoch: 27 | loss: 0.1653404
	speed: 0.0229s/iter; left time: 47.7441s
	iters: 300, epoch: 27 | loss: 0.1264281
	speed: 0.0225s/iter; left time: 44.7046s
	iters: 400, epoch: 27 | loss: 0.1840344
	speed: 0.0205s/iter; left time: 38.5806s
	iters: 500, epoch: 27 | loss: 0.1558242
	speed: 0.0217s/iter; left time: 38.7675s
Epoch: 27 cost time: 13.77350115776062
Epoch: 27, Steps: 571 | Train Loss: 0.1447559 Vali Loss: 0.1492591 Test Loss: 0.1874222
EarlyStopping counter: 14 out of 30
Updating learning rate to 4.722366482869652e-05
	iters: 100, epoch: 28 | loss: 0.1315680
	speed: 0.1498s/iter; left time: 241.8041s
	iters: 200, epoch: 28 | loss: 0.1248012
	speed: 0.0226s/iter; left time: 34.2118s
	iters: 300, epoch: 28 | loss: 0.1347615
	speed: 0.0240s/iter; left time: 33.8889s
	iters: 400, epoch: 28 | loss: 0.1191610
	speed: 0.0237s/iter; left time: 31.1140s
	iters: 500, epoch: 28 | loss: 0.1272095
	speed: 0.0234s/iter; left time: 28.3770s
Epoch: 28 cost time: 14.58355450630188
Epoch: 28, Steps: 571 | Train Loss: 0.1446425 Vali Loss: 0.1497632 Test Loss: 0.1878677
EarlyStopping counter: 15 out of 30
Updating learning rate to 3.777893186295722e-05
	iters: 100, epoch: 29 | loss: 0.1273797
	speed: 0.1490s/iter; left time: 155.3819s
	iters: 200, epoch: 29 | loss: 0.1544424
	speed: 0.0213s/iter; left time: 20.1094s
	iters: 300, epoch: 29 | loss: 0.1319155
	speed: 0.0218s/iter; left time: 18.3887s
	iters: 400, epoch: 29 | loss: 0.1513427
	speed: 0.0203s/iter; left time: 15.1109s
	iters: 500, epoch: 29 | loss: 0.1447931
	speed: 0.0200s/iter; left time: 12.8289s
Epoch: 29 cost time: 13.342912673950195
Epoch: 29, Steps: 571 | Train Loss: 0.1446139 Vali Loss: 0.1488126 Test Loss: 0.1873580
EarlyStopping counter: 16 out of 30
Updating learning rate to 3.0223145490365776e-05
	iters: 100, epoch: 30 | loss: 0.1579552
	speed: 0.1584s/iter; left time: 74.7422s
	iters: 200, epoch: 30 | loss: 0.1600311
	speed: 0.0224s/iter; left time: 8.3414s
	iters: 300, epoch: 30 | loss: 0.1063772
	speed: 0.0233s/iter; left time: 6.3266s
	iters: 400, epoch: 30 | loss: 0.1151319
	speed: 0.0224s/iter; left time: 3.8514s
	iters: 500, epoch: 30 | loss: 0.1627605
	speed: 0.0210s/iter; left time: 1.5134s
Epoch: 30 cost time: 13.886905193328857
Epoch: 30, Steps: 571 | Train Loss: 0.1445982 Vali Loss: 0.1487405 Test Loss: 0.1872739
EarlyStopping counter: 17 out of 30
Updating learning rate to 2.417851639229262e-05
>>>>>>>testing : Solar_96_96_CycleNet_Solar_ftM_sl96_pl96_cycle144_mlp_sgf1_seed2024<<<<<<<<<<<<<<<<<<<<<<<<<<<<<<<<<
test 10417
mse:0.18358521163463593, mae:0.24155041575431824
