============================================================
CONFIGURATION
============================================================
Device     : cuda:0
Dataset    : etth2
Pred len   : 336
Seed       : 2024

--- Data ---
enc_in     : 7
seq_len    : 96
cycle      : 24
use_revin  : 1
batch_size : 256

--- Model ---
model_type : mlp
d_model    : 512
mrt_layers : 1
freq_layers: 0
fusion     : mode=serial, gate=0, sparsity=0.0

--- Training ---
base_lr    : 0.005
Stage1     : epochs=30, patience=15
Stage2     : epochs=3, patience=3, freeze_backbone=1
Stage3     : SKIPPED (stage2_only)
============================================================

============================================================
STAGE 1: Train MRT only (freq_layers=0)
============================================================
train 8209
val 2545
test 2545
Epoch: 1, Steps: 32 | Train: 0.6952788 Vali: 0.3849607 Test: 0.4405220
Validation loss decreased (inf --> 0.384961).  Saving model ...
Updating learning rate to 0.005
Epoch: 2, Steps: 32 | Train: 0.6709726 Vali: 0.3661919 Test: 0.4213604
Validation loss decreased (0.384961 --> 0.366192).  Saving model ...
Updating learning rate to 0.005
Epoch: 3, Steps: 32 | Train: 0.6275593 Vali: 0.3713518 Test: 0.4523993
EarlyStopping counter: 1 out of 15
Updating learning rate to 0.005
Epoch: 4, Steps: 32 | Train: 0.6140248 Vali: 0.3637828 Test: 0.4373370
Validation loss decreased (0.366192 --> 0.363783).  Saving model ...
Updating learning rate to 0.004
Epoch: 5, Steps: 32 | Train: 0.6027982 Vali: 0.3688901 Test: 0.4465124
EarlyStopping counter: 1 out of 15
Updating learning rate to 0.0032000000000000006
Epoch: 6, Steps: 32 | Train: 0.5929870 Vali: 0.3683872 Test: 0.4317548
EarlyStopping counter: 2 out of 15
Updating learning rate to 0.0025600000000000006
Epoch: 7, Steps: 32 | Train: 0.5806165 Vali: 0.3651231 Test: 0.4249509
EarlyStopping counter: 3 out of 15
Updating learning rate to 0.0020480000000000003
Epoch: 8, Steps: 32 | Train: 0.5732012 Vali: 0.3638610 Test: 0.4284400
EarlyStopping counter: 4 out of 15
Updating learning rate to 0.0016384000000000004
Epoch: 9, Steps: 32 | Train: 0.5683494 Vali: 0.3713543 Test: 0.4291104
EarlyStopping counter: 5 out of 15
Updating learning rate to 0.0013107200000000005
Epoch: 10, Steps: 32 | Train: 0.5633436 Vali: 0.3675127 Test: 0.4346487
EarlyStopping counter: 6 out of 15
Updating learning rate to 0.0010485760000000005
Epoch: 11, Steps: 32 | Train: 0.5590091 Vali: 0.3676039 Test: 0.4284328
EarlyStopping counter: 7 out of 15
Updating learning rate to 0.0008388608000000005
Epoch: 12, Steps: 32 | Train: 0.5538679 Vali: 0.3677614 Test: 0.4313952
EarlyStopping counter: 8 out of 15
Updating learning rate to 0.0006710886400000003
Epoch: 13, Steps: 32 | Train: 0.5514796 Vali: 0.3654087 Test: 0.4307016
EarlyStopping counter: 9 out of 15
Updating learning rate to 0.0005368709120000003
Epoch: 14, Steps: 32 | Train: 0.5491037 Vali: 0.3712570 Test: 0.4276763
EarlyStopping counter: 10 out of 15
Updating learning rate to 0.0004294967296000003
Epoch: 15, Steps: 32 | Train: 0.5469198 Vali: 0.3696127 Test: 0.4342048
EarlyStopping counter: 11 out of 15
Updating learning rate to 0.0003435973836800002
Epoch: 16, Steps: 32 | Train: 0.5444311 Vali: 0.3694116 Test: 0.4288941
EarlyStopping counter: 12 out of 15
Updating learning rate to 0.0002748779069440002
Epoch: 17, Steps: 32 | Train: 0.5427192 Vali: 0.3654635 Test: 0.4322650
EarlyStopping counter: 13 out of 15
Updating learning rate to 0.00021990232555520019
Epoch: 18, Steps: 32 | Train: 0.5417570 Vali: 0.3654430 Test: 0.4303596
EarlyStopping counter: 14 out of 15
Updating learning rate to 0.00017592186044416015
Epoch: 19, Steps: 32 | Train: 0.5406593 Vali: 0.3654295 Test: 0.4304271
EarlyStopping counter: 15 out of 15
Early stopping at epoch 19
STAGE 1 RESULT: mse=0.4353, mae=0.4451, smape=63.8484

============================================================
STAGE 2: Load MRT + add Freq branch (frozen backbone/MRT/cycle, max_epochs=3, patience=3)
============================================================
train 8209
val 2545
test 2545
Loaded 10 params from stage1, 0 new (Freq branch)
Trainable: 344 / 222,629 (0.2%)  freeze_backbone=1
Epoch: 1, Train: 1.4853234 Vali: 0.3653713
[diag s2-1]  freq.rs=-0.0059 mask.mean=0.438 mask.std=0.141  mrt.rs=+0.2799
Validation loss decreased (inf --> 0.365371).  Saving model ...
Epoch: 2, Train: 1.4861223 Vali: 0.3629550
[diag s2-2]  freq.rs=-0.0119 mask.mean=0.439 mask.std=0.141  mrt.rs=+0.2799
Validation loss decreased (0.365371 --> 0.362955).  Saving model ...
Epoch: 3, Train: 1.4858708 Vali: 0.3644557
[diag s2-3]  freq.rs=-0.0179 mask.mean=0.439 mask.std=0.141  mrt.rs=+0.2799
EarlyStopping counter: 1 out of 3
STAGE 2 complete.

============================================================
STAGE 2 ONLY: Testing from Stage 2 checkpoint
============================================================
train 8209
val 2545
test 2545
[diag stage2-final]  freq.rs=-0.0119 mask.mean=0.439 mask.std=0.141  mrt.rs=+0.2799

============================================================
FINAL RESULT (Stage 2 only): mse=0.4352, mae=0.4450, smape=63.8461
============================================================
