============================================================
CONFIGURATION
============================================================
Device     : cuda:0
Dataset    : etth2
Pred len   : 192
Seed       : 2024

--- Data ---
enc_in     : 7
seq_len    : 96
cycle      : 24
use_revin  : 1
batch_size : 256

--- Model ---
model_type : mlp
d_model    : 512
mrt_layers : 1
freq_layers: 0
fusion     : mode=serial, gate=0, sparsity=0.0

--- Training ---
base_lr    : 0.005
Stage1     : epochs=30, patience=15
Stage2     : epochs=3, patience=3, freeze_backbone=1
Stage3 FreDF: True
Stage3a    : epochs=12, patience=6
Stage3b    : epochs=20, patience=10, freq×0.67 model×0.33 mrt×0.10
============================================================

============================================================
STAGE 1: Train MRT only (freq_layers=0)
============================================================
train 8353
val 2689
test 2689
Epoch: 1, Steps: 32 | Train: 0.5950085 Vali: 0.3014026 Test: 0.4212618
Validation loss decreased (inf --> 0.301403).  Saving model ...
Updating learning rate to 0.005
Epoch: 2, Steps: 32 | Train: 0.5644771 Vali: 0.2871662 Test: 0.3860593
Validation loss decreased (0.301403 --> 0.287166).  Saving model ...
Updating learning rate to 0.005
Epoch: 3, Steps: 32 | Train: 0.5236601 Vali: 0.2763478 Test: 0.3931812
Validation loss decreased (0.287166 --> 0.276348).  Saving model ...
Updating learning rate to 0.005
Epoch: 4, Steps: 32 | Train: 0.5044229 Vali: 0.2766997 Test: 0.3830409
EarlyStopping counter: 1 out of 15
Updating learning rate to 0.004
Epoch: 5, Steps: 32 | Train: 0.4903930 Vali: 0.2773397 Test: 0.3813049
EarlyStopping counter: 2 out of 15
Updating learning rate to 0.0032000000000000006
Epoch: 6, Steps: 32 | Train: 0.4811878 Vali: 0.2823107 Test: 0.3770320
EarlyStopping counter: 3 out of 15
Updating learning rate to 0.0025600000000000006
Epoch: 7, Steps: 32 | Train: 0.4774805 Vali: 0.2811443 Test: 0.3751476
EarlyStopping counter: 4 out of 15
Updating learning rate to 0.0020480000000000003
Epoch: 8, Steps: 32 | Train: 0.4695386 Vali: 0.2793583 Test: 0.3794888
EarlyStopping counter: 5 out of 15
Updating learning rate to 0.0016384000000000004
Epoch: 9, Steps: 32 | Train: 0.4636952 Vali: 0.2812044 Test: 0.3789145
EarlyStopping counter: 6 out of 15
Updating learning rate to 0.0013107200000000005
Epoch: 10, Steps: 32 | Train: 0.4585990 Vali: 0.2804707 Test: 0.3811794
EarlyStopping counter: 7 out of 15
Updating learning rate to 0.0010485760000000005
Epoch: 11, Steps: 32 | Train: 0.4540555 Vali: 0.2800375 Test: 0.3827959
EarlyStopping counter: 8 out of 15
Updating learning rate to 0.0008388608000000005
Epoch: 12, Steps: 32 | Train: 0.4511952 Vali: 0.2808435 Test: 0.3836221
EarlyStopping counter: 9 out of 15
Updating learning rate to 0.0006710886400000003
Epoch: 13, Steps: 32 | Train: 0.4478915 Vali: 0.2823275 Test: 0.3808223
EarlyStopping counter: 10 out of 15
Updating learning rate to 0.0005368709120000003
Epoch: 14, Steps: 32 | Train: 0.4458295 Vali: 0.2826656 Test: 0.3814684
EarlyStopping counter: 11 out of 15
Updating learning rate to 0.0004294967296000003
Epoch: 15, Steps: 32 | Train: 0.4439148 Vali: 0.2818748 Test: 0.3822097
EarlyStopping counter: 12 out of 15
Updating learning rate to 0.0003435973836800002
Epoch: 16, Steps: 32 | Train: 0.4396368 Vali: 0.2834672 Test: 0.3809846
EarlyStopping counter: 13 out of 15
Updating learning rate to 0.0002748779069440002
Epoch: 17, Steps: 32 | Train: 0.4371797 Vali: 0.2840129 Test: 0.3822951
EarlyStopping counter: 14 out of 15
Updating learning rate to 0.00021990232555520019
Epoch: 18, Steps: 32 | Train: 0.4366878 Vali: 0.2819847 Test: 0.3817873
EarlyStopping counter: 15 out of 15
Early stopping at epoch 18
STAGE 1 RESULT: mse=0.3787, mae=0.4011, smape=59.0682

============================================================
STAGE 2: Load MRT + add Freq branch (frozen backbone/MRT/cycle, max_epochs=3, patience=3)
============================================================
train 8353
val 2689
test 2689
Loaded 10 params from stage1, 0 new (Freq branch)
Trainable: 344 / 148,757 (0.2%)  freeze_backbone=1
Epoch: 1, Train: 1.1567984 Vali: 0.2761609
[diag s2-1]  freq.rs=-0.0059 mask.mean=0.438 mask.std=0.141  mrt.rs=+0.1921
Validation loss decreased (inf --> 0.276161).  Saving model ...
Epoch: 2, Train: 1.1561889 Vali: 0.2757110
[diag s2-2]  freq.rs=-0.0119 mask.mean=0.439 mask.std=0.141  mrt.rs=+0.1921
Validation loss decreased (0.276161 --> 0.275711).  Saving model ...
Epoch: 3, Train: 1.1485394 Vali: 0.2745357
[diag s2-3]  freq.rs=-0.0181 mask.mean=0.439 mask.std=0.141  mrt.rs=+0.1921
Validation loss decreased (0.275711 --> 0.274536).  Saving model ...
STAGE 2 complete.

============================================================
SKIPPING Stage 3a (--no_stage3a): Stage 2 -> Stage 3b directly
============================================================

============================================================
STAGE 3b: Unfreeze all, group-wise LR (base=0.001500, max_epochs=20, patience=10) + FreDF(α=0.8)
  LR groups: freq/gate ×0.67, model ×0.33, mrt/cycle ×0.10
============================================================
train 8353
val 2689
test 2689
Loaded stage3a checkpoint, unfreezing all parameters.
  Group freq/gate: 344 params, LR=0.001005
  Group model: 148,160 params, LR=0.000495
  Group mrt/cycle: 253 params, LR=0.000150
Epoch: 1, Steps: 32 | Train: 1.1478469 Vali: 0.2734268 Test: 0.3832634
[diag 3b-1]  freq.rs=-0.0198 mask.mean=0.439 mask.std=0.141  mrt.rs=+0.1932
Validation loss decreased (inf --> 0.273427).  Saving model ...
Updating learning rate to 0.005
Epoch: 2, Steps: 32 | Train: 1.1609765 Vali: 0.2784833 Test: 0.3790458
[diag 3b-2]  freq.rs=-0.1464 mask.mean=0.451 mask.std=0.145  mrt.rs=+0.2844
EarlyStopping counter: 1 out of 10
Updating learning rate to 0.005
Epoch: 3, Steps: 32 | Train: 1.1302319 Vali: 0.2714604 Test: 0.3746509
[diag 3b-3]  freq.rs=-0.2231 mask.mean=0.454 mask.std=0.150  mrt.rs=+0.3190
Validation loss decreased (0.273427 --> 0.271460).  Saving model ...
Updating learning rate to 0.005
Epoch: 4, Steps: 32 | Train: 1.1167061 Vali: 0.2685231 Test: 0.3790297
[diag 3b-4]  freq.rs=-0.2708 mask.mean=0.452 mask.std=0.156  mrt.rs=+0.3573
Validation loss decreased (0.271460 --> 0.268523).  Saving model ...
Updating learning rate to 0.004
Epoch: 5, Steps: 32 | Train: 1.1042306 Vali: 0.2704939 Test: 0.3773555
[diag 3b-5]  freq.rs=-0.2958 mask.mean=0.450 mask.std=0.161  mrt.rs=+0.3696
EarlyStopping counter: 1 out of 10
Updating learning rate to 0.0032000000000000006
Epoch: 6, Steps: 32 | Train: 1.0921599 Vali: 0.2730054 Test: 0.3736484
[diag 3b-6]  freq.rs=-0.3103 mask.mean=0.448 mask.std=0.164  mrt.rs=+0.3719
EarlyStopping counter: 2 out of 10
Updating learning rate to 0.0025600000000000006
Epoch: 7, Steps: 32 | Train: 1.0797933 Vali: 0.2707133 Test: 0.3767086
[diag 3b-7]  freq.rs=-0.3216 mask.mean=0.446 mask.std=0.167  mrt.rs=+0.3730
EarlyStopping counter: 3 out of 10
Updating learning rate to 0.0020480000000000003
Epoch: 8, Steps: 32 | Train: 1.0737403 Vali: 0.2741148 Test: 0.3764394
[diag 3b-8]  freq.rs=-0.3263 mask.mean=0.445 mask.std=0.170  mrt.rs=+0.3714
EarlyStopping counter: 4 out of 10
Updating learning rate to 0.0016384000000000004
Epoch: 9, Steps: 32 | Train: 1.0678846 Vali: 0.2777804 Test: 0.3758600
[diag 3b-9]  freq.rs=-0.3303 mask.mean=0.443 mask.std=0.171  mrt.rs=+0.3725
EarlyStopping counter: 5 out of 10
Updating learning rate to 0.0013107200000000005
Epoch: 10, Steps: 32 | Train: 1.0590668 Vali: 0.2790759 Test: 0.3753427
[diag 3b-10]  freq.rs=-0.3285 mask.mean=0.442 mask.std=0.173  mrt.rs=+0.3684
EarlyStopping counter: 6 out of 10
Updating learning rate to 0.0010485760000000005
Epoch: 11, Steps: 32 | Train: 1.0554860 Vali: 0.2803080 Test: 0.3763835
[diag 3b-11]  freq.rs=-0.3254 mask.mean=0.441 mask.std=0.173  mrt.rs=+0.3652
EarlyStopping counter: 7 out of 10
Updating learning rate to 0.0008388608000000005
Epoch: 12, Steps: 32 | Train: 1.0527104 Vali: 0.2789634 Test: 0.3770715
[diag 3b-12]  freq.rs=-0.3193 mask.mean=0.440 mask.std=0.174  mrt.rs=+0.3607
EarlyStopping counter: 8 out of 10
Updating learning rate to 0.0006710886400000003
Epoch: 13, Steps: 32 | Train: 1.0426669 Vali: 0.2816431 Test: 0.3764188
[diag 3b-13]  freq.rs=-0.3145 mask.mean=0.439 mask.std=0.175  mrt.rs=+0.3565
EarlyStopping counter: 9 out of 10
Updating learning rate to 0.0005368709120000003
Epoch: 14, Steps: 32 | Train: 1.0395036 Vali: 0.2793892 Test: 0.3783359
[diag 3b-14]  freq.rs=-0.3098 mask.mean=0.439 mask.std=0.175  mrt.rs=+0.3534
EarlyStopping counter: 10 out of 10
Early stopping at epoch 14

============================================================
FINAL RESULT (Stage 3b): mse=0.3660, mae=0.3906, smape=58.0383
============================================================
[diag 3b-final]  freq.rs=-0.2708 mask.mean=0.452 mask.std=0.156  mrt.rs=+0.3573
