============================================================
CONFIGURATION
============================================================
Device     : cuda:0
Dataset    : etth2
Pred len   : 192
Seed       : 2024

--- Data ---
enc_in     : 7
seq_len    : 96
cycle      : 24
use_revin  : 1
batch_size : 256

--- Model ---
model_type : mlp
d_model    : 512
mrt_layers : 1
freq_layers: 0
fusion     : mode=serial, gate=0, sparsity=0.0

--- Training ---
base_lr    : 0.005
Stage1     : epochs=30, patience=15
Stage2     : epochs=3, patience=3, freeze_backbone=0
Stage3     : SKIPPED (stage2_only)
============================================================

============================================================
STAGE 1: Train MRT only (freq_layers=0)
============================================================
train 8353
val 2689
test 2689
Epoch: 1, Steps: 32 | Train: 0.5950085 Vali: 0.3014026 Test: 0.4212618
Validation loss decreased (inf --> 0.301403).  Saving model ...
Updating learning rate to 0.005
Epoch: 2, Steps: 32 | Train: 0.5644771 Vali: 0.2871662 Test: 0.3860593
Validation loss decreased (0.301403 --> 0.287166).  Saving model ...
Updating learning rate to 0.005
Epoch: 3, Steps: 32 | Train: 0.5236601 Vali: 0.2763478 Test: 0.3931812
Validation loss decreased (0.287166 --> 0.276348).  Saving model ...
Updating learning rate to 0.005
Epoch: 4, Steps: 32 | Train: 0.5044229 Vali: 0.2766997 Test: 0.3830409
EarlyStopping counter: 1 out of 15
Updating learning rate to 0.004
Epoch: 5, Steps: 32 | Train: 0.4903934 Vali: 0.2773432 Test: 0.3813074
EarlyStopping counter: 2 out of 15
Updating learning rate to 0.0032000000000000006
Epoch: 6, Steps: 32 | Train: 0.4811853 Vali: 0.2823180 Test: 0.3770523
EarlyStopping counter: 3 out of 15
Updating learning rate to 0.0025600000000000006
Epoch: 7, Steps: 32 | Train: 0.4774665 Vali: 0.2811552 Test: 0.3751631
EarlyStopping counter: 4 out of 15
Updating learning rate to 0.0020480000000000003
Epoch: 8, Steps: 32 | Train: 0.4695444 Vali: 0.2793551 Test: 0.3794967
EarlyStopping counter: 5 out of 15
Updating learning rate to 0.0016384000000000004
Epoch: 9, Steps: 32 | Train: 0.4636945 Vali: 0.2812207 Test: 0.3789137
EarlyStopping counter: 6 out of 15
Updating learning rate to 0.0013107200000000005
Epoch: 10, Steps: 32 | Train: 0.4585968 Vali: 0.2805032 Test: 0.3811746
EarlyStopping counter: 7 out of 15
Updating learning rate to 0.0010485760000000005
Epoch: 11, Steps: 32 | Train: 0.4540588 Vali: 0.2800622 Test: 0.3827968
EarlyStopping counter: 8 out of 15
Updating learning rate to 0.0008388608000000005
Epoch: 12, Steps: 32 | Train: 0.4511859 Vali: 0.2808518 Test: 0.3836182
EarlyStopping counter: 9 out of 15
Updating learning rate to 0.0006710886400000003
Epoch: 13, Steps: 32 | Train: 0.4478919 Vali: 0.2823477 Test: 0.3808343
EarlyStopping counter: 10 out of 15
Updating learning rate to 0.0005368709120000003
Epoch: 14, Steps: 32 | Train: 0.4458436 Vali: 0.2826717 Test: 0.3815203
EarlyStopping counter: 11 out of 15
Updating learning rate to 0.0004294967296000003
Epoch: 15, Steps: 32 | Train: 0.4439220 Vali: 0.2818936 Test: 0.3822336
EarlyStopping counter: 12 out of 15
Updating learning rate to 0.0003435973836800002
Epoch: 16, Steps: 32 | Train: 0.4396500 Vali: 0.2834792 Test: 0.3810025
EarlyStopping counter: 13 out of 15
Updating learning rate to 0.0002748779069440002
Epoch: 17, Steps: 32 | Train: 0.4371962 Vali: 0.2840412 Test: 0.3823114
EarlyStopping counter: 14 out of 15
Updating learning rate to 0.00021990232555520019
Epoch: 18, Steps: 32 | Train: 0.4367024 Vali: 0.2820090 Test: 0.3818168
EarlyStopping counter: 15 out of 15
Early stopping at epoch 18
STAGE 1 RESULT: mse=0.3787, mae=0.4011, smape=59.0682

============================================================
STAGE 2: Load MRT + add Freq branch (frozen backbone/MRT/cycle, max_epochs=3, patience=3)
============================================================
train 8353
val 2689
test 2689
Loaded 10 params from stage1, 0 new (Freq branch)
Trainable: 148,504 / 148,757 (99.8%)  freeze_backbone=0
Epoch: 1, Train: 1.1419805 Vali: 0.2744405
[diag s2-1]  freq.rs=-0.0047 mask.mean=0.438 mask.std=0.141  mrt.rs=+0.1921
Validation loss decreased (inf --> 0.274441).  Saving model ...
Epoch: 2, Train: 1.1315608 Vali: 0.2738339
[diag s2-2]  freq.rs=-0.0085 mask.mean=0.438 mask.std=0.141  mrt.rs=+0.1921
Validation loss decreased (0.274441 --> 0.273834).  Saving model ...
Epoch: 3, Train: 1.1210448 Vali: 0.2721079
[diag s2-3]  freq.rs=-0.0108 mask.mean=0.438 mask.std=0.141  mrt.rs=+0.1921
Validation loss decreased (0.273834 --> 0.272108).  Saving model ...
STAGE 2 complete.

============================================================
STAGE 2 ONLY: Testing from Stage 2 checkpoint
============================================================
train 8353
val 2689
test 2689
[diag stage2-final]  freq.rs=-0.0108 mask.mean=0.438 mask.std=0.141  mrt.rs=+0.1921

============================================================
FINAL RESULT (Stage 2 only): mse=0.3641, mae=0.3897, smape=58.0659
============================================================
