============================================================
CONFIGURATION
============================================================
Device     : cuda:0
Dataset    : etth2
Pred len   : 720
Seed       : 2024

--- Data ---
enc_in     : 7
seq_len    : 96
cycle      : 24
use_revin  : 1
batch_size : 256

--- Model ---
model_type : mlp
d_model    : 512
mrt_layers : 1
freq_layers: 0
fusion     : mode=serial, gate=0, sparsity=0.0

--- Training ---
base_lr    : 0.005
Stage1     : epochs=30, patience=15
Stage2     : epochs=3, patience=3, freeze_backbone=1
Stage3 FreDF: True
Stage3a    : epochs=12, patience=6
Stage3b    : epochs=20, patience=10, freq×0.67 model×0.33 mrt×0.10
============================================================

============================================================
STAGE 1: Train MRT only (freq_layers=0)
============================================================
train 7825
val 2161
test 2161
Epoch: 1, Steps: 30 | Train: 0.8852574 Vali: 0.6289992 Test: 0.4573043
Validation loss decreased (inf --> 0.628999).  Saving model ...
Updating learning rate to 0.005
Epoch: 2, Steps: 30 | Train: 0.8553361 Vali: 0.6129722 Test: 0.4629989
Validation loss decreased (0.628999 --> 0.612972).  Saving model ...
Updating learning rate to 0.005
Epoch: 3, Steps: 30 | Train: 0.8181615 Vali: 0.6445329 Test: 0.4753801
EarlyStopping counter: 1 out of 15
Updating learning rate to 0.005
Epoch: 4, Steps: 30 | Train: 0.8004237 Vali: 0.6273545 Test: 0.4715712
EarlyStopping counter: 2 out of 15
Updating learning rate to 0.004
Epoch: 5, Steps: 30 | Train: 0.7877549 Vali: 0.6250340 Test: 0.4722071
EarlyStopping counter: 3 out of 15
Updating learning rate to 0.0032000000000000006
Epoch: 6, Steps: 30 | Train: 0.7846791 Vali: 0.6155297 Test: 0.4759610
EarlyStopping counter: 4 out of 15
Updating learning rate to 0.0025600000000000006
Epoch: 7, Steps: 30 | Train: 0.7758042 Vali: 0.6179409 Test: 0.4763757
EarlyStopping counter: 5 out of 15
Updating learning rate to 0.0020480000000000003
Epoch: 8, Steps: 30 | Train: 0.7668006 Vali: 0.6129207 Test: 0.4762956
Validation loss decreased (0.612972 --> 0.612921).  Saving model ...
Updating learning rate to 0.0016384000000000004
Epoch: 9, Steps: 30 | Train: 0.7599172 Vali: 0.6143575 Test: 0.4829222
EarlyStopping counter: 1 out of 15
Updating learning rate to 0.0013107200000000005
Epoch: 10, Steps: 30 | Train: 0.7546676 Vali: 0.6234685 Test: 0.4738692
EarlyStopping counter: 2 out of 15
Updating learning rate to 0.0010485760000000005
Epoch: 11, Steps: 30 | Train: 0.7499296 Vali: 0.6150400 Test: 0.4787577
EarlyStopping counter: 3 out of 15
Updating learning rate to 0.0008388608000000005
Epoch: 12, Steps: 30 | Train: 0.7434580 Vali: 0.6198699 Test: 0.4720953
EarlyStopping counter: 4 out of 15
Updating learning rate to 0.0006710886400000003
Epoch: 13, Steps: 30 | Train: 0.7400657 Vali: 0.6223810 Test: 0.4720287
EarlyStopping counter: 5 out of 15
Updating learning rate to 0.0005368709120000003
Epoch: 14, Steps: 30 | Train: 0.7367780 Vali: 0.6204273 Test: 0.4703875
EarlyStopping counter: 6 out of 15
Updating learning rate to 0.0004294967296000003
Epoch: 15, Steps: 30 | Train: 0.7318801 Vali: 0.6213545 Test: 0.4685865
EarlyStopping counter: 7 out of 15
Updating learning rate to 0.0003435973836800002
Epoch: 16, Steps: 30 | Train: 0.7297666 Vali: 0.6254001 Test: 0.4702656
EarlyStopping counter: 8 out of 15
Updating learning rate to 0.0002748779069440002
Epoch: 17, Steps: 30 | Train: 0.7306271 Vali: 0.6225905 Test: 0.4700950
EarlyStopping counter: 9 out of 15
Updating learning rate to 0.00021990232555520019
Epoch: 18, Steps: 30 | Train: 0.7258448 Vali: 0.6184776 Test: 0.4680678
EarlyStopping counter: 10 out of 15
Updating learning rate to 0.00017592186044416015
Epoch: 19, Steps: 30 | Train: 0.7239810 Vali: 0.6201768 Test: 0.4694006
EarlyStopping counter: 11 out of 15
Updating learning rate to 0.00014073748835532812
Epoch: 20, Steps: 30 | Train: 0.7237203 Vali: 0.6244259 Test: 0.4680342
EarlyStopping counter: 12 out of 15
Updating learning rate to 0.00011258999068426252
Epoch: 21, Steps: 30 | Train: 0.7223067 Vali: 0.6238101 Test: 0.4671348
EarlyStopping counter: 13 out of 15
Updating learning rate to 9.007199254741001e-05
Epoch: 22, Steps: 30 | Train: 0.7219020 Vali: 0.6207562 Test: 0.4678897
EarlyStopping counter: 14 out of 15
Updating learning rate to 7.205759403792801e-05
Epoch: 23, Steps: 30 | Train: 0.7235245 Vali: 0.6222002 Test: 0.4678464
EarlyStopping counter: 15 out of 15
Early stopping at epoch 23
STAGE 1 RESULT: mse=0.4610, mae=0.4636, smape=67.2574

============================================================
STAGE 2: Load MRT + add Freq branch (frozen backbone/MRT/cycle, max_epochs=3, patience=3)
============================================================
train 7825
val 2161
test 2161
Loaded 10 params from stage1, 0 new (Freq branch)
Trainable: 344 / 419,621 (0.1%)  freeze_backbone=1
Epoch: 1, Train: 2.1055223 Vali: 0.6143249
[diag s2-1]  freq.rs=-0.0048 mask.mean=0.438 mask.std=0.141  mrt.rs=+0.3397
Validation loss decreased (inf --> 0.614325).  Saving model ...
Epoch: 2, Train: 2.1044225 Vali: 0.6141208
[diag s2-2]  freq.rs=-0.0097 mask.mean=0.438 mask.std=0.141  mrt.rs=+0.3397
Validation loss decreased (0.614325 --> 0.614121).  Saving model ...
Epoch: 3, Train: 2.1035007 Vali: 0.6139201
[diag s2-3]  freq.rs=-0.0145 mask.mean=0.439 mask.std=0.141  mrt.rs=+0.3397
Validation loss decreased (0.614121 --> 0.613920).  Saving model ...
STAGE 2 complete.

============================================================
SKIPPING Stage 3a (--no_stage3a): Stage 2 -> Stage 3b directly
============================================================

============================================================
STAGE 3b: Unfreeze all, group-wise LR (base=0.001500, max_epochs=20, patience=10) + FreDF(α=0.8)
  LR groups: freq/gate ×0.67, model ×0.33, mrt/cycle ×0.10
============================================================
train 7825
val 2161
test 2161
Loaded stage3a checkpoint, unfreezing all parameters.
  Group freq/gate: 344 params, LR=0.001005
  Group model: 419,024 params, LR=0.000495
  Group mrt/cycle: 253 params, LR=0.000150
Epoch: 1, Steps: 30 | Train: 2.1061800 Vali: 0.6152570 Test: 0.4715483
[diag 3b-1]  freq.rs=-0.0157 mask.mean=0.439 mask.std=0.141  mrt.rs=+0.3405
Validation loss decreased (inf --> 0.615257).  Saving model ...
Updating learning rate to 0.005
Epoch: 2, Steps: 30 | Train: 2.1307477 Vali: 0.6230561 Test: 0.4440291
[diag 3b-2]  freq.rs=-0.1290 mask.mean=0.450 mask.std=0.146  mrt.rs=+0.4263
EarlyStopping counter: 1 out of 10
Updating learning rate to 0.005
Epoch: 3, Steps: 30 | Train: 2.1029023 Vali: 0.6190009 Test: 0.4590126
[diag 3b-3]  freq.rs=-0.1722 mask.mean=0.456 mask.std=0.153  mrt.rs=+0.4162
EarlyStopping counter: 2 out of 10
Updating learning rate to 0.005
Epoch: 4, Steps: 30 | Train: 2.0872076 Vali: 0.6065956 Test: 0.4704703
[diag 3b-4]  freq.rs=-0.2099 mask.mean=0.461 mask.std=0.162  mrt.rs=+0.4304
Validation loss decreased (0.615257 --> 0.606596).  Saving model ...
Updating learning rate to 0.004
Epoch: 5, Steps: 30 | Train: 2.0729450 Vali: 0.6071477 Test: 0.4632115
[diag 3b-5]  freq.rs=-0.2225 mask.mean=0.463 mask.std=0.171  mrt.rs=+0.4391
EarlyStopping counter: 1 out of 10
Updating learning rate to 0.0032000000000000006
Epoch: 6, Steps: 30 | Train: 2.0550703 Vali: 0.6139864 Test: 0.4538763
[diag 3b-6]  freq.rs=-0.2281 mask.mean=0.464 mask.std=0.179  mrt.rs=+0.4338
EarlyStopping counter: 2 out of 10
Updating learning rate to 0.0025600000000000006
Epoch: 7, Steps: 30 | Train: 2.0410734 Vali: 0.6171819 Test: 0.4531000
[diag 3b-7]  freq.rs=-0.2230 mask.mean=0.464 mask.std=0.184  mrt.rs=+0.4376
EarlyStopping counter: 3 out of 10
Updating learning rate to 0.0020480000000000003
Epoch: 8, Steps: 30 | Train: 2.0295769 Vali: 0.6209298 Test: 0.4453040
[diag 3b-8]  freq.rs=-0.2076 mask.mean=0.464 mask.std=0.189  mrt.rs=+0.4373
EarlyStopping counter: 4 out of 10
Updating learning rate to 0.0016384000000000004
Epoch: 9, Steps: 30 | Train: 2.0236404 Vali: 0.6150972 Test: 0.4597856
[diag 3b-9]  freq.rs=-0.1915 mask.mean=0.464 mask.std=0.192  mrt.rs=+0.4339
EarlyStopping counter: 5 out of 10
Updating learning rate to 0.0013107200000000005
Epoch: 10, Steps: 30 | Train: 2.0140492 Vali: 0.6150788 Test: 0.4550476
[diag 3b-10]  freq.rs=-0.1740 mask.mean=0.463 mask.std=0.195  mrt.rs=+0.4352
EarlyStopping counter: 6 out of 10
Updating learning rate to 0.0010485760000000005
Epoch: 11, Steps: 30 | Train: 2.0033482 Vali: 0.6146396 Test: 0.4668588
[diag 3b-11]  freq.rs=-0.1562 mask.mean=0.463 mask.std=0.197  mrt.rs=+0.4317
EarlyStopping counter: 7 out of 10
Updating learning rate to 0.0008388608000000005
Epoch: 12, Steps: 30 | Train: 1.9995560 Vali: 0.6216972 Test: 0.4529868
[diag 3b-12]  freq.rs=-0.1439 mask.mean=0.463 mask.std=0.198  mrt.rs=+0.4332
EarlyStopping counter: 8 out of 10
Updating learning rate to 0.0006710886400000003
Epoch: 13, Steps: 30 | Train: 1.9936977 Vali: 0.6179942 Test: 0.4609222
[diag 3b-13]  freq.rs=-0.1303 mask.mean=0.463 mask.std=0.199  mrt.rs=+0.4302
EarlyStopping counter: 9 out of 10
Updating learning rate to 0.0005368709120000003
Epoch: 14, Steps: 30 | Train: 1.9910774 Vali: 0.6277633 Test: 0.4551089
[diag 3b-14]  freq.rs=-0.1194 mask.mean=0.463 mask.std=0.200  mrt.rs=+0.4285
EarlyStopping counter: 10 out of 10
Early stopping at epoch 14

============================================================
FINAL RESULT (Stage 3b): mse=0.4501, mae=0.4547, smape=67.0607
============================================================
[diag 3b-final]  freq.rs=-0.2099 mask.mean=0.461 mask.std=0.162  mrt.rs=+0.4304
