============================================================
CONFIGURATION
============================================================
Device     : cuda:0
Dataset    : etth2
Pred len   : 720
Seed       : 2024

--- Data ---
enc_in     : 7
seq_len    : 96
cycle      : 24
use_revin  : 1
batch_size : 256

--- Model ---
model_type : mlp
d_model    : 512
mrt_layers : 1
freq_layers: 0
fusion     : mode=serial, gate=0, sparsity=0.0

--- Training ---
base_lr    : 0.005
Stage1     : epochs=30, patience=15
Stage2     : epochs=3, patience=3, freeze_backbone=1
Stage3     : SKIPPED (stage2_only)
============================================================

============================================================
STAGE 1: Train MRT only (freq_layers=0)
============================================================
train 7825
val 2161
test 2161
Epoch: 1, Steps: 30 | Train: 0.8852574 Vali: 0.6289992 Test: 0.4573043
Validation loss decreased (inf --> 0.628999).  Saving model ...
Updating learning rate to 0.005
Epoch: 2, Steps: 30 | Train: 0.8553361 Vali: 0.6129722 Test: 0.4629989
Validation loss decreased (0.628999 --> 0.612972).  Saving model ...
Updating learning rate to 0.005
Epoch: 3, Steps: 30 | Train: 0.8181615 Vali: 0.6445329 Test: 0.4753801
EarlyStopping counter: 1 out of 15
Updating learning rate to 0.005
Epoch: 4, Steps: 30 | Train: 0.8004237 Vali: 0.6273545 Test: 0.4715712
EarlyStopping counter: 2 out of 15
Updating learning rate to 0.004
Epoch: 5, Steps: 30 | Train: 0.7877548 Vali: 0.6250361 Test: 0.4722082
EarlyStopping counter: 3 out of 15
Updating learning rate to 0.0032000000000000006
Epoch: 6, Steps: 30 | Train: 0.7846743 Vali: 0.6155352 Test: 0.4759625
EarlyStopping counter: 4 out of 15
Updating learning rate to 0.0025600000000000006
Epoch: 7, Steps: 30 | Train: 0.7757958 Vali: 0.6178994 Test: 0.4763903
EarlyStopping counter: 5 out of 15
Updating learning rate to 0.0020480000000000003
Epoch: 8, Steps: 30 | Train: 0.7667770 Vali: 0.6129243 Test: 0.4762347
Validation loss decreased (0.612972 --> 0.612924).  Saving model ...
Updating learning rate to 0.0016384000000000004
Epoch: 9, Steps: 30 | Train: 0.7598843 Vali: 0.6143312 Test: 0.4829900
EarlyStopping counter: 1 out of 15
Updating learning rate to 0.0013107200000000005
Epoch: 10, Steps: 30 | Train: 0.7546252 Vali: 0.6234965 Test: 0.4738386
EarlyStopping counter: 2 out of 15
Updating learning rate to 0.0010485760000000005
Epoch: 11, Steps: 30 | Train: 0.7498914 Vali: 0.6151916 Test: 0.4787288
EarlyStopping counter: 3 out of 15
Updating learning rate to 0.0008388608000000005
Epoch: 12, Steps: 30 | Train: 0.7434302 Vali: 0.6198628 Test: 0.4721226
EarlyStopping counter: 4 out of 15
Updating learning rate to 0.0006710886400000003
Epoch: 13, Steps: 30 | Train: 0.7400091 Vali: 0.6223551 Test: 0.4721183
EarlyStopping counter: 5 out of 15
Updating learning rate to 0.0005368709120000003
Epoch: 14, Steps: 30 | Train: 0.7367382 Vali: 0.6204260 Test: 0.4704490
EarlyStopping counter: 6 out of 15
Updating learning rate to 0.0004294967296000003
Epoch: 15, Steps: 30 | Train: 0.7318443 Vali: 0.6213214 Test: 0.4686425
EarlyStopping counter: 7 out of 15
Updating learning rate to 0.0003435973836800002
Epoch: 16, Steps: 30 | Train: 0.7297203 Vali: 0.6254806 Test: 0.4702127
EarlyStopping counter: 8 out of 15
Updating learning rate to 0.0002748779069440002
Epoch: 17, Steps: 30 | Train: 0.7305819 Vali: 0.6226224 Test: 0.4700396
EarlyStopping counter: 9 out of 15
Updating learning rate to 0.00021990232555520019
Epoch: 18, Steps: 30 | Train: 0.7258021 Vali: 0.6184769 Test: 0.4680971
EarlyStopping counter: 10 out of 15
Updating learning rate to 0.00017592186044416015
Epoch: 19, Steps: 30 | Train: 0.7239468 Vali: 0.6202459 Test: 0.4693917
EarlyStopping counter: 11 out of 15
Updating learning rate to 0.00014073748835532812
Epoch: 20, Steps: 30 | Train: 0.7236931 Vali: 0.6244683 Test: 0.4680555
EarlyStopping counter: 12 out of 15
Updating learning rate to 0.00011258999068426252
Epoch: 21, Steps: 30 | Train: 0.7222763 Vali: 0.6238881 Test: 0.4671325
EarlyStopping counter: 13 out of 15
Updating learning rate to 9.007199254741001e-05
Epoch: 22, Steps: 30 | Train: 0.7218670 Vali: 0.6208114 Test: 0.4678977
EarlyStopping counter: 14 out of 15
Updating learning rate to 7.205759403792801e-05
Epoch: 23, Steps: 30 | Train: 0.7234898 Vali: 0.6222602 Test: 0.4678552
EarlyStopping counter: 15 out of 15
Early stopping at epoch 23
STAGE 1 RESULT: mse=0.4609, mae=0.4635, smape=67.2568

============================================================
STAGE 2: Load MRT + add Freq branch (frozen backbone/MRT/cycle, max_epochs=3, patience=3)
============================================================
train 7825
val 2161
test 2161
Loaded 10 params from stage1, 0 new (Freq branch)
Trainable: 344 / 419,621 (0.1%)  freeze_backbone=1
Epoch: 1, Train: 2.1054707 Vali: 0.6143264
[diag s2-1]  freq.rs=-0.0048 mask.mean=0.438 mask.std=0.141  mrt.rs=+0.3396
Validation loss decreased (inf --> 0.614326).  Saving model ...
Epoch: 2, Train: 2.1043710 Vali: 0.6141263
[diag s2-2]  freq.rs=-0.0097 mask.mean=0.438 mask.std=0.141  mrt.rs=+0.3396
Validation loss decreased (0.614326 --> 0.614126).  Saving model ...
Epoch: 3, Train: 2.1034485 Vali: 0.6139232
[diag s2-3]  freq.rs=-0.0146 mask.mean=0.439 mask.std=0.141  mrt.rs=+0.3396
Validation loss decreased (0.614126 --> 0.613923).  Saving model ...
STAGE 2 complete.

============================================================
STAGE 2 ONLY: Testing from Stage 2 checkpoint
============================================================
train 7825
val 2161
test 2161
[diag stage2-final]  freq.rs=-0.0146 mask.mean=0.439 mask.std=0.141  mrt.rs=+0.3396

============================================================
FINAL RESULT (Stage 2 only): mse=0.4606, mae=0.4633, smape=67.2538
============================================================
