============================================================
CONFIGURATION
============================================================
Device     : cuda:0
Dataset    : etth2
Pred len   : 96
Seed       : 2024

--- Data ---
enc_in     : 7
seq_len    : 96
cycle      : 24
use_revin  : 1
batch_size : 256

--- Model ---
model_type : mlp
d_model    : 512
mrt_layers : 1
freq_layers: 0
fusion     : mode=serial, gate=0, sparsity=0.0

--- Training ---
base_lr    : 0.005
Stage1     : epochs=30, patience=15
Stage2     : epochs=3, patience=3, freeze_backbone=0
Stage3     : SKIPPED (stage2_only)
============================================================

============================================================
STAGE 1: Train MRT only (freq_layers=0)
============================================================
train 8449
val 2785
test 2785
Epoch: 1, Steps: 33 | Train: 0.4931008 Vali: 0.2409400 Test: 0.3206125
Validation loss decreased (inf --> 0.240940).  Saving model ...
Updating learning rate to 0.005
Epoch: 2, Steps: 33 | Train: 0.4498097 Vali: 0.2209639 Test: 0.3287569
Validation loss decreased (0.240940 --> 0.220964).  Saving model ...
Updating learning rate to 0.005
Epoch: 3, Steps: 33 | Train: 0.4077671 Vali: 0.2174262 Test: 0.2990298
Validation loss decreased (0.220964 --> 0.217426).  Saving model ...
Updating learning rate to 0.005
Epoch: 4, Steps: 33 | Train: 0.3857937 Vali: 0.2184059 Test: 0.2911691
EarlyStopping counter: 1 out of 15
Updating learning rate to 0.004
Epoch: 5, Steps: 33 | Train: 0.3737634 Vali: 0.2154534 Test: 0.2954795
Validation loss decreased (0.217426 --> 0.215453).  Saving model ...
Updating learning rate to 0.0032000000000000006
Epoch: 6, Steps: 33 | Train: 0.3623551 Vali: 0.2163472 Test: 0.2965576
EarlyStopping counter: 1 out of 15
Updating learning rate to 0.0025600000000000006
Epoch: 7, Steps: 33 | Train: 0.3551922 Vali: 0.2145491 Test: 0.2984223
Validation loss decreased (0.215453 --> 0.214549).  Saving model ...
Updating learning rate to 0.0020480000000000003
Epoch: 8, Steps: 33 | Train: 0.3505267 Vali: 0.2151627 Test: 0.3021880
EarlyStopping counter: 1 out of 15
Updating learning rate to 0.0016384000000000004
Epoch: 9, Steps: 33 | Train: 0.3441925 Vali: 0.2160302 Test: 0.2977149
EarlyStopping counter: 2 out of 15
Updating learning rate to 0.0013107200000000005
Epoch: 10, Steps: 33 | Train: 0.3386698 Vali: 0.2174172 Test: 0.2987156
EarlyStopping counter: 3 out of 15
Updating learning rate to 0.0010485760000000005
Epoch: 11, Steps: 33 | Train: 0.3351609 Vali: 0.2156676 Test: 0.3006745
EarlyStopping counter: 4 out of 15
Updating learning rate to 0.0008388608000000005
Epoch: 12, Steps: 33 | Train: 0.3327100 Vali: 0.2150528 Test: 0.3024475
EarlyStopping counter: 5 out of 15
Updating learning rate to 0.0006710886400000003
Epoch: 13, Steps: 33 | Train: 0.3297425 Vali: 0.2172572 Test: 0.2993397
EarlyStopping counter: 6 out of 15
Updating learning rate to 0.0005368709120000003
Epoch: 14, Steps: 33 | Train: 0.3275708 Vali: 0.2162227 Test: 0.2984672
EarlyStopping counter: 7 out of 15
Updating learning rate to 0.0004294967296000003
Epoch: 15, Steps: 33 | Train: 0.3265175 Vali: 0.2187723 Test: 0.3004888
EarlyStopping counter: 8 out of 15
Updating learning rate to 0.0003435973836800002
Epoch: 16, Steps: 33 | Train: 0.3246618 Vali: 0.2185039 Test: 0.2986571
EarlyStopping counter: 9 out of 15
Updating learning rate to 0.0002748779069440002
Epoch: 17, Steps: 33 | Train: 0.3229760 Vali: 0.2185219 Test: 0.3013397
EarlyStopping counter: 10 out of 15
Updating learning rate to 0.00021990232555520019
Epoch: 18, Steps: 33 | Train: 0.3216204 Vali: 0.2191377 Test: 0.3000435
EarlyStopping counter: 11 out of 15
Updating learning rate to 0.00017592186044416015
Epoch: 19, Steps: 33 | Train: 0.3212456 Vali: 0.2182691 Test: 0.3010295
EarlyStopping counter: 12 out of 15
Updating learning rate to 0.00014073748835532812
Epoch: 20, Steps: 33 | Train: 0.3202162 Vali: 0.2197660 Test: 0.3007764
EarlyStopping counter: 13 out of 15
Updating learning rate to 0.00011258999068426252
Epoch: 21, Steps: 33 | Train: 0.3197284 Vali: 0.2189983 Test: 0.3007871
EarlyStopping counter: 14 out of 15
Updating learning rate to 9.007199254741001e-05
Epoch: 22, Steps: 33 | Train: 0.3192016 Vali: 0.2178033 Test: 0.3007479
EarlyStopping counter: 15 out of 15
Early stopping at epoch 22
STAGE 1 RESULT: mse=0.2965, mae=0.3452, smape=53.5330

============================================================
STAGE 2: Load MRT + add Freq branch (frozen backbone/MRT/cycle, max_epochs=3, patience=3)
============================================================
train 8449
val 2785
test 2785
Loaded 10 params from stage1, 0 new (Freq branch)
Trainable: 99,256 / 99,509 (99.7%)  freeze_backbone=0
Epoch: 1, Train: 0.3469285 Vali: 0.2159801
[diag s2-1]  freq.rs=+0.0003 mask.mean=0.438 mask.std=0.141  mrt.rs=+0.2923
Validation loss decreased (inf --> 0.215980).  Saving model ...
Epoch: 2, Train: 0.3447838 Vali: 0.2158248
[diag s2-2]  freq.rs=+0.0025 mask.mean=0.438 mask.std=0.141  mrt.rs=+0.2923
Validation loss decreased (0.215980 --> 0.215825).  Saving model ...
Epoch: 3, Train: 0.3436398 Vali: 0.2151017
[diag s2-3]  freq.rs=+0.0054 mask.mean=0.438 mask.std=0.141  mrt.rs=+0.2923
Validation loss decreased (0.215825 --> 0.215102).  Saving model ...
STAGE 2 complete.

============================================================
STAGE 2 ONLY: Testing from Stage 2 checkpoint
============================================================
train 8449
val 2785
test 2785
[diag stage2-final]  freq.rs=+0.0054 mask.mean=0.438 mask.std=0.141  mrt.rs=+0.2923

============================================================
FINAL RESULT (Stage 2 only): mse=0.2952, mae=0.3438, smape=53.4130
============================================================
