============================================================
CONFIGURATION
============================================================
Device     : cuda:0
Dataset    : ettm1
Pred len   : 192
Seed       : 2024

--- Data ---
enc_in     : 7
seq_len    : 96
cycle      : 96
use_revin  : 1
batch_size : 256

--- Model ---
model_type : mlp
d_model    : 512
mrt_layers : 1
freq_layers: 0
fusion     : mode=serial, gate=0, sparsity=0.0

--- Training ---
base_lr    : 0.005
Stage1     : epochs=30, patience=15
Stage2     : epochs=3, patience=3, freeze_backbone=0
Stage3     : SKIPPED (stage2_only)
============================================================

============================================================
STAGE 1: Train MRT only (freq_layers=0)
============================================================
train 34273
val 11329
test 11329
    iters: 100, epoch: 1 | loss: 0.3805581 | speed: 0.0324s/iter; left: 126s
Epoch: 1, Steps: 133 | Train: 0.4015851 Vali: 0.5427077 Test: 0.3951090
Validation loss decreased (inf --> 0.542708).  Saving model ...
Updating learning rate to 0.005
    iters: 100, epoch: 2 | loss: 0.3555811 | speed: 0.0217s/iter; left: 82s
Epoch: 2, Steps: 133 | Train: 0.3488572 Vali: 0.5243959 Test: 0.3686985
Validation loss decreased (0.542708 --> 0.524396).  Saving model ...
Updating learning rate to 0.005
    iters: 100, epoch: 3 | loss: 0.3418784 | speed: 0.0226s/iter; left: 82s
Epoch: 3, Steps: 133 | Train: 0.3244922 Vali: 0.5076609 Test: 0.3578862
Validation loss decreased (0.524396 --> 0.507661).  Saving model ...
Updating learning rate to 0.005
    iters: 100, epoch: 4 | loss: 0.3309908 | speed: 0.0204s/iter; left: 71s
Epoch: 4, Steps: 133 | Train: 0.3140546 Vali: 0.5085752 Test: 0.3600945
EarlyStopping counter: 1 out of 15
Updating learning rate to 0.004
    iters: 100, epoch: 5 | loss: 0.3172551 | speed: 0.0229s/iter; left: 77s
Epoch: 5, Steps: 133 | Train: 0.3075062 Vali: 0.5024458 Test: 0.3552924
Validation loss decreased (0.507661 --> 0.502446).  Saving model ...
Updating learning rate to 0.0032000000000000006
    iters: 100, epoch: 6 | loss: 0.3082467 | speed: 0.0226s/iter; left: 73s
Epoch: 6, Steps: 133 | Train: 0.3031832 Vali: 0.5016579 Test: 0.3560818
Validation loss decreased (0.502446 --> 0.501658).  Saving model ...
Updating learning rate to 0.0025600000000000006
    iters: 100, epoch: 7 | loss: 0.3182513 | speed: 0.0210s/iter; left: 65s
Epoch: 7, Steps: 133 | Train: 0.3004405 Vali: 0.4994788 Test: 0.3528488
Validation loss decreased (0.501658 --> 0.499479).  Saving model ...
Updating learning rate to 0.0020480000000000003
    iters: 100, epoch: 8 | loss: 0.3085863 | speed: 0.0209s/iter; left: 62s
Epoch: 8, Steps: 133 | Train: 0.2975316 Vali: 0.5001193 Test: 0.3547459
EarlyStopping counter: 1 out of 15
Updating learning rate to 0.0016384000000000004
    iters: 100, epoch: 9 | loss: 0.2988749 | speed: 0.0221s/iter; left: 62s
Epoch: 9, Steps: 133 | Train: 0.2948824 Vali: 0.5000425 Test: 0.3561552
EarlyStopping counter: 2 out of 15
Updating learning rate to 0.0013107200000000005
    iters: 100, epoch: 10 | loss: 0.2952489 | speed: 0.0207s/iter; left: 56s
Epoch: 10, Steps: 133 | Train: 0.2933028 Vali: 0.4995875 Test: 0.3556951
EarlyStopping counter: 3 out of 15
Updating learning rate to 0.0010485760000000005
    iters: 100, epoch: 11 | loss: 0.2809294 | speed: 0.0229s/iter; left: 59s
Epoch: 11, Steps: 133 | Train: 0.2914434 Vali: 0.5032170 Test: 0.3550745
EarlyStopping counter: 4 out of 15
Updating learning rate to 0.0008388608000000005
    iters: 100, epoch: 12 | loss: 0.3097027 | speed: 0.0199s/iter; left: 48s
Epoch: 12, Steps: 133 | Train: 0.2897528 Vali: 0.5029663 Test: 0.3541242
EarlyStopping counter: 5 out of 15
Updating learning rate to 0.0006710886400000003
    iters: 100, epoch: 13 | loss: 0.2785990 | speed: 0.0202s/iter; left: 46s
Epoch: 13, Steps: 133 | Train: 0.2883528 Vali: 0.5011630 Test: 0.3544214
EarlyStopping counter: 6 out of 15
Updating learning rate to 0.0005368709120000003
    iters: 100, epoch: 14 | loss: 0.3163461 | speed: 0.0248s/iter; left: 54s
Epoch: 14, Steps: 133 | Train: 0.2872041 Vali: 0.5011581 Test: 0.3554819
EarlyStopping counter: 7 out of 15
Updating learning rate to 0.0004294967296000003
    iters: 100, epoch: 15 | loss: 0.2703499 | speed: 0.0223s/iter; left: 45s
Epoch: 15, Steps: 133 | Train: 0.2864031 Vali: 0.5024507 Test: 0.3552498
EarlyStopping counter: 8 out of 15
Updating learning rate to 0.0003435973836800002
    iters: 100, epoch: 16 | loss: 0.2890015 | speed: 0.0225s/iter; left: 43s
Epoch: 16, Steps: 133 | Train: 0.2853402 Vali: 0.5028290 Test: 0.3559154
EarlyStopping counter: 9 out of 15
Updating learning rate to 0.0002748779069440002
    iters: 100, epoch: 17 | loss: 0.2696996 | speed: 0.0209s/iter; left: 37s
Epoch: 17, Steps: 133 | Train: 0.2850435 Vali: 0.5032074 Test: 0.3553303
EarlyStopping counter: 10 out of 15
Updating learning rate to 0.00021990232555520019
    iters: 100, epoch: 18 | loss: 0.2968277 | speed: 0.0227s/iter; left: 37s
Epoch: 18, Steps: 133 | Train: 0.2844384 Vali: 0.5021536 Test: 0.3558086
EarlyStopping counter: 11 out of 15
Updating learning rate to 0.00017592186044416015
    iters: 100, epoch: 19 | loss: 0.3063423 | speed: 0.0216s/iter; left: 32s
Epoch: 19, Steps: 133 | Train: 0.2841111 Vali: 0.5039187 Test: 0.3555194
EarlyStopping counter: 12 out of 15
Updating learning rate to 0.00014073748835532812
    iters: 100, epoch: 20 | loss: 0.2715191 | speed: 0.0228s/iter; left: 31s
Epoch: 20, Steps: 133 | Train: 0.2837564 Vali: 0.5029312 Test: 0.3559397
EarlyStopping counter: 13 out of 15
Updating learning rate to 0.00011258999068426252
    iters: 100, epoch: 21 | loss: 0.2647266 | speed: 0.0205s/iter; left: 25s
Epoch: 21, Steps: 133 | Train: 0.2832188 Vali: 0.5023559 Test: 0.3558943
EarlyStopping counter: 14 out of 15
Updating learning rate to 9.007199254741001e-05
    iters: 100, epoch: 22 | loss: 0.2948946 | speed: 0.0214s/iter; left: 23s
Epoch: 22, Steps: 133 | Train: 0.2833883 Vali: 0.5031037 Test: 0.3558079
EarlyStopping counter: 15 out of 15
Early stopping at epoch 22
STAGE 1 RESULT: mse=0.3534, mae=0.3752, smape=71.8253

============================================================
STAGE 2: Load MRT + add Freq branch (frozen backbone/MRT/cycle, max_epochs=3, patience=3)
============================================================
train 34273
val 11329
test 11329
Loaded 10 params from stage1, 0 new (Freq branch)
Trainable: 148,504 / 149,261 (99.5%)  freeze_backbone=0
    iters: 100, epoch: 1 | loss: 0.9011856 | speed: 0.0211s/iter; left: 6s
Epoch: 1, Train: 0.9045160 Vali: 0.4986100
[diag s2-1]  freq.rs=+0.0069 mask.mean=0.438 mask.std=0.141  mrt.rs=+0.4513
Validation loss decreased (inf --> 0.498610).  Saving model ...
    iters: 100, epoch: 2 | loss: 0.8925652 | speed: 0.0199s/iter; left: 3s
Epoch: 2, Train: 0.9025309 Vali: 0.4991942
[diag s2-2]  freq.rs=+0.0201 mask.mean=0.438 mask.std=0.141  mrt.rs=+0.4513
EarlyStopping counter: 1 out of 3
    iters: 100, epoch: 3 | loss: 0.9054250 | speed: 0.0222s/iter; left: 1s
Epoch: 3, Train: 0.9019229 Vali: 0.4989351
[diag s2-3]  freq.rs=+0.0340 mask.mean=0.438 mask.std=0.141  mrt.rs=+0.4513
EarlyStopping counter: 2 out of 3
STAGE 2 complete.

============================================================
STAGE 2 ONLY: Testing from Stage 2 checkpoint
============================================================
train 34273
val 11329
test 11329
[diag stage2-final]  freq.rs=+0.0069 mask.mean=0.438 mask.std=0.141  mrt.rs=+0.4513

============================================================
FINAL RESULT (Stage 2 only): mse=0.3517, mae=0.3739, smape=71.2887
============================================================
