============================================================
CONFIGURATION
============================================================
Device     : cuda:0
Dataset    : ettm1
Pred len   : 192
Seed       : 2024

--- Data ---
enc_in     : 7
seq_len    : 96
cycle      : 96
use_revin  : 1
batch_size : 256

--- Model ---
model_type : mlp
d_model    : 512
mrt_layers : 1
freq_layers: 0
fusion     : mode=serial, gate=0, sparsity=0.0

--- Training ---
base_lr    : 0.005
Stage1     : epochs=30, patience=15
Stage2     : epochs=3, patience=3, freeze_backbone=0
Stage3     : SKIPPED (stage2_only)
============================================================

============================================================
STAGE 1: Train MRT only (freq_layers=0)
============================================================
train 34273
val 11329
test 11329
    iters: 100, epoch: 1 | loss: 0.3805581 | speed: 0.0306s/iter; left: 119s
Epoch: 1, Steps: 133 | Train: 0.4015851 Vali: 0.5427077 Test: 0.3951090
Validation loss decreased (inf --> 0.542708).  Saving model ...
Updating learning rate to 0.005
    iters: 100, epoch: 2 | loss: 0.3554740 | speed: 0.0200s/iter; left: 75s
Epoch: 2, Steps: 133 | Train: 0.3488590 Vali: 0.5239193 Test: 0.3687025
Validation loss decreased (0.542708 --> 0.523919).  Saving model ...
Updating learning rate to 0.005
    iters: 100, epoch: 3 | loss: 0.3418973 | speed: 0.0214s/iter; left: 77s
Epoch: 3, Steps: 133 | Train: 0.3244989 Vali: 0.5079578 Test: 0.3580113
Validation loss decreased (0.523919 --> 0.507958).  Saving model ...
Updating learning rate to 0.005
    iters: 100, epoch: 4 | loss: 0.3316810 | speed: 0.0231s/iter; left: 81s
Epoch: 4, Steps: 133 | Train: 0.3140782 Vali: 0.5080560 Test: 0.3600329
EarlyStopping counter: 1 out of 15
Updating learning rate to 0.004
    iters: 100, epoch: 5 | loss: 0.3174224 | speed: 0.0205s/iter; left: 69s
Epoch: 5, Steps: 133 | Train: 0.3074060 Vali: 0.5024414 Test: 0.3553795
Validation loss decreased (0.507958 --> 0.502441).  Saving model ...
Updating learning rate to 0.0032000000000000006
    iters: 100, epoch: 6 | loss: 0.3082760 | speed: 0.0222s/iter; left: 72s
Epoch: 6, Steps: 133 | Train: 0.3031012 Vali: 0.5013013 Test: 0.3561847
Validation loss decreased (0.502441 --> 0.501301).  Saving model ...
Updating learning rate to 0.0025600000000000006
    iters: 100, epoch: 7 | loss: 0.3182313 | speed: 0.0227s/iter; left: 70s
Epoch: 7, Steps: 133 | Train: 0.3004068 Vali: 0.4992793 Test: 0.3525179
Validation loss decreased (0.501301 --> 0.499279).  Saving model ...
Updating learning rate to 0.0020480000000000003
    iters: 100, epoch: 8 | loss: 0.3079486 | speed: 0.0218s/iter; left: 65s
Epoch: 8, Steps: 133 | Train: 0.2974399 Vali: 0.4996467 Test: 0.3548723
EarlyStopping counter: 1 out of 15
Updating learning rate to 0.0016384000000000004
    iters: 100, epoch: 9 | loss: 0.2988184 | speed: 0.0221s/iter; left: 62s
Epoch: 9, Steps: 133 | Train: 0.2947907 Vali: 0.4999109 Test: 0.3562467
EarlyStopping counter: 2 out of 15
Updating learning rate to 0.0013107200000000005
    iters: 100, epoch: 10 | loss: 0.2951137 | speed: 0.0210s/iter; left: 56s
Epoch: 10, Steps: 133 | Train: 0.2932164 Vali: 0.4995250 Test: 0.3555221
EarlyStopping counter: 3 out of 15
Updating learning rate to 0.0010485760000000005
    iters: 100, epoch: 11 | loss: 0.2805594 | speed: 0.0225s/iter; left: 58s
Epoch: 11, Steps: 133 | Train: 0.2913596 Vali: 0.5028239 Test: 0.3547859
EarlyStopping counter: 4 out of 15
Updating learning rate to 0.0008388608000000005
    iters: 100, epoch: 12 | loss: 0.3100188 | speed: 0.0238s/iter; left: 58s
Epoch: 12, Steps: 133 | Train: 0.2896930 Vali: 0.5028470 Test: 0.3538392
EarlyStopping counter: 5 out of 15
Updating learning rate to 0.0006710886400000003
    iters: 100, epoch: 13 | loss: 0.2784046 | speed: 0.0210s/iter; left: 48s
Epoch: 13, Steps: 133 | Train: 0.2882827 Vali: 0.5014028 Test: 0.3541559
EarlyStopping counter: 6 out of 15
Updating learning rate to 0.0005368709120000003
    iters: 100, epoch: 14 | loss: 0.3161220 | speed: 0.0201s/iter; left: 43s
Epoch: 14, Steps: 133 | Train: 0.2871408 Vali: 0.5011655 Test: 0.3552898
EarlyStopping counter: 7 out of 15
Updating learning rate to 0.0004294967296000003
    iters: 100, epoch: 15 | loss: 0.2705579 | speed: 0.0216s/iter; left: 44s
Epoch: 15, Steps: 133 | Train: 0.2863590 Vali: 0.5023384 Test: 0.3549538
EarlyStopping counter: 8 out of 15
Updating learning rate to 0.0003435973836800002
    iters: 100, epoch: 16 | loss: 0.2882712 | speed: 0.0226s/iter; left: 43s
Epoch: 16, Steps: 133 | Train: 0.2853020 Vali: 0.5027691 Test: 0.3557379
EarlyStopping counter: 9 out of 15
Updating learning rate to 0.0002748779069440002
    iters: 100, epoch: 17 | loss: 0.2698196 | speed: 0.0249s/iter; left: 44s
Epoch: 17, Steps: 133 | Train: 0.2849959 Vali: 0.5030656 Test: 0.3550845
EarlyStopping counter: 10 out of 15
Updating learning rate to 0.00021990232555520019
    iters: 100, epoch: 18 | loss: 0.2975098 | speed: 0.0214s/iter; left: 35s
Epoch: 18, Steps: 133 | Train: 0.2844048 Vali: 0.5023031 Test: 0.3554393
EarlyStopping counter: 11 out of 15
Updating learning rate to 0.00017592186044416015
    iters: 100, epoch: 19 | loss: 0.3051784 | speed: 0.0190s/iter; left: 29s
Epoch: 19, Steps: 133 | Train: 0.2840917 Vali: 0.5040718 Test: 0.3552443
EarlyStopping counter: 12 out of 15
Updating learning rate to 0.00014073748835532812
    iters: 100, epoch: 20 | loss: 0.2716362 | speed: 0.0187s/iter; left: 25s
Epoch: 20, Steps: 133 | Train: 0.2837378 Vali: 0.5031883 Test: 0.3556520
EarlyStopping counter: 13 out of 15
Updating learning rate to 0.00011258999068426252
    iters: 100, epoch: 21 | loss: 0.2649364 | speed: 0.0185s/iter; left: 23s
Epoch: 21, Steps: 133 | Train: 0.2832112 Vali: 0.5026127 Test: 0.3556538
EarlyStopping counter: 14 out of 15
Updating learning rate to 9.007199254741001e-05
    iters: 100, epoch: 22 | loss: 0.2954275 | speed: 0.0179s/iter; left: 20s
Epoch: 22, Steps: 133 | Train: 0.2833805 Vali: 0.5032559 Test: 0.3555126
EarlyStopping counter: 15 out of 15
Early stopping at epoch 22
STAGE 1 RESULT: mse=0.3533, mae=0.3752, smape=71.7814

============================================================
STAGE 2: Load MRT + add Freq branch (frozen backbone/MRT/cycle, max_epochs=3, patience=3)
============================================================
train 34273
val 11329
test 11329
Loaded 10 params from stage1, 0 new (Freq branch)
Trainable: 148,504 / 149,261 (99.5%)  freeze_backbone=0
    iters: 100, epoch: 1 | loss: 0.2960642 | speed: 0.0182s/iter; left: 5s
Epoch: 1, Train: 0.2955362 Vali: 0.4979469
[diag s2-1]  freq.rs=+0.0167 mask.mean=0.438 mask.std=0.141  mrt.rs=+0.4513
Validation loss decreased (inf --> 0.497947).  Saving model ...
    iters: 100, epoch: 2 | loss: 0.2835197 | speed: 0.0183s/iter; left: 3s
Epoch: 2, Train: 0.2942414 Vali: 0.4983500
[diag s2-2]  freq.rs=+0.0337 mask.mean=0.439 mask.std=0.141  mrt.rs=+0.4513
EarlyStopping counter: 1 out of 3
    iters: 100, epoch: 3 | loss: 0.3025933 | speed: 0.0174s/iter; left: 1s
Epoch: 3, Train: 0.2938235 Vali: 0.4982979
[diag s2-3]  freq.rs=+0.0499 mask.mean=0.440 mask.std=0.142  mrt.rs=+0.4513
EarlyStopping counter: 2 out of 3
STAGE 2 complete.

============================================================
STAGE 2 ONLY: Testing from Stage 2 checkpoint
============================================================
train 34273
val 11329
test 11329
[diag stage2-final]  freq.rs=+0.0167 mask.mean=0.438 mask.std=0.141  mrt.rs=+0.4513

============================================================
FINAL RESULT (Stage 2 only): mse=0.3521, mae=0.3749, smape=71.5359
============================================================
