============================================================
CONFIGURATION
============================================================
Device     : cuda:0
Dataset    : ettm1
Pred len   : 336
Seed       : 2024

--- Data ---
enc_in     : 7
seq_len    : 96
cycle      : 96
use_revin  : 1
batch_size : 256

--- Model ---
model_type : mlp
d_model    : 512
mrt_layers : 1
freq_layers: 0
fusion     : mode=serial, gate=0, sparsity=0.0

--- Training ---
base_lr    : 0.005
Stage1     : epochs=30, patience=15
Stage2     : epochs=3, patience=3, freeze_backbone=0
Stage3     : SKIPPED (stage2_only)
============================================================

============================================================
STAGE 1: Train MRT only (freq_layers=0)
============================================================
train 34129
val 11185
test 11185
    iters: 100, epoch: 1 | loss: 0.4131836 | speed: 0.0266s/iter; left: 104s
Epoch: 1, Steps: 133 | Train: 0.4486127 Vali: 0.6921597 Test: 0.4284741
Validation loss decreased (inf --> 0.692160).  Saving model ...
Updating learning rate to 0.005
    iters: 100, epoch: 2 | loss: 0.4231355 | speed: 0.0174s/iter; left: 65s
Epoch: 2, Steps: 133 | Train: 0.3990528 Vali: 0.6717226 Test: 0.4052276
Validation loss decreased (0.692160 --> 0.671723).  Saving model ...
Updating learning rate to 0.005
    iters: 100, epoch: 3 | loss: 0.3815565 | speed: 0.0171s/iter; left: 62s
Epoch: 3, Steps: 133 | Train: 0.3752924 Vali: 0.6556667 Test: 0.3978484
Validation loss decreased (0.671723 --> 0.655667).  Saving model ...
Updating learning rate to 0.005
    iters: 100, epoch: 4 | loss: 0.3713494 | speed: 0.0167s/iter; left: 58s
Epoch: 4, Steps: 133 | Train: 0.3643763 Vali: 0.6458525 Test: 0.3906566
Validation loss decreased (0.655667 --> 0.645853).  Saving model ...
Updating learning rate to 0.004
    iters: 100, epoch: 5 | loss: 0.3270122 | speed: 0.0174s/iter; left: 59s
Epoch: 5, Steps: 133 | Train: 0.3579018 Vali: 0.6447263 Test: 0.3878166
Validation loss decreased (0.645853 --> 0.644726).  Saving model ...
Updating learning rate to 0.0032000000000000006
    iters: 100, epoch: 6 | loss: 0.3296563 | speed: 0.0167s/iter; left: 54s
Epoch: 6, Steps: 133 | Train: 0.3535200 Vali: 0.6450602 Test: 0.3870932
EarlyStopping counter: 1 out of 15
Updating learning rate to 0.0025600000000000006
    iters: 100, epoch: 7 | loss: 0.3413978 | speed: 0.0169s/iter; left: 52s
Epoch: 7, Steps: 133 | Train: 0.3502764 Vali: 0.6457799 Test: 0.3873293
EarlyStopping counter: 2 out of 15
Updating learning rate to 0.0020480000000000003
    iters: 100, epoch: 8 | loss: 0.3379893 | speed: 0.0169s/iter; left: 50s
Epoch: 8, Steps: 133 | Train: 0.3475764 Vali: 0.6445896 Test: 0.3883298
Validation loss decreased (0.644726 --> 0.644590).  Saving model ...
Updating learning rate to 0.0016384000000000004
    iters: 100, epoch: 9 | loss: 0.3235444 | speed: 0.0161s/iter; left: 46s
Epoch: 9, Steps: 133 | Train: 0.3451297 Vali: 0.6459544 Test: 0.3886433
EarlyStopping counter: 1 out of 15
Updating learning rate to 0.0013107200000000005
    iters: 100, epoch: 10 | loss: 0.3719317 | speed: 0.0178s/iter; left: 48s
Epoch: 10, Steps: 133 | Train: 0.3431574 Vali: 0.6437099 Test: 0.3906894
Validation loss decreased (0.644590 --> 0.643710).  Saving model ...
Updating learning rate to 0.0010485760000000005
    iters: 100, epoch: 11 | loss: 0.3557500 | speed: 0.0191s/iter; left: 49s
Epoch: 11, Steps: 133 | Train: 0.3412627 Vali: 0.6418633 Test: 0.3875002
Validation loss decreased (0.643710 --> 0.641863).  Saving model ...
Updating learning rate to 0.0008388608000000005
    iters: 100, epoch: 12 | loss: 0.3586793 | speed: 0.0220s/iter; left: 53s
Epoch: 12, Steps: 133 | Train: 0.3398733 Vali: 0.6438834 Test: 0.3884628
EarlyStopping counter: 1 out of 15
Updating learning rate to 0.0006710886400000003
    iters: 100, epoch: 13 | loss: 0.3415838 | speed: 0.0246s/iter; left: 56s
Epoch: 13, Steps: 133 | Train: 0.3383107 Vali: 0.6426926 Test: 0.3886615
EarlyStopping counter: 2 out of 15
Updating learning rate to 0.0005368709120000003
    iters: 100, epoch: 14 | loss: 0.3316400 | speed: 0.0251s/iter; left: 54s
Epoch: 14, Steps: 133 | Train: 0.3373744 Vali: 0.6440235 Test: 0.3876372
EarlyStopping counter: 3 out of 15
Updating learning rate to 0.0004294967296000003
    iters: 100, epoch: 15 | loss: 0.3281406 | speed: 0.0238s/iter; left: 48s
Epoch: 15, Steps: 133 | Train: 0.3364665 Vali: 0.6443884 Test: 0.3885389
EarlyStopping counter: 4 out of 15
Updating learning rate to 0.0003435973836800002
    iters: 100, epoch: 16 | loss: 0.3169726 | speed: 0.0239s/iter; left: 45s
Epoch: 16, Steps: 133 | Train: 0.3357026 Vali: 0.6452607 Test: 0.3887043
EarlyStopping counter: 5 out of 15
Updating learning rate to 0.0002748779069440002
    iters: 100, epoch: 17 | loss: 0.3126843 | speed: 0.0243s/iter; left: 43s
Epoch: 17, Steps: 133 | Train: 0.3350792 Vali: 0.6454185 Test: 0.3882191
EarlyStopping counter: 6 out of 15
Updating learning rate to 0.00021990232555520019
    iters: 100, epoch: 18 | loss: 0.3542021 | speed: 0.0250s/iter; left: 41s
Epoch: 18, Steps: 133 | Train: 0.3345590 Vali: 0.6454635 Test: 0.3882067
EarlyStopping counter: 7 out of 15
Updating learning rate to 0.00017592186044416015
    iters: 100, epoch: 19 | loss: 0.3323321 | speed: 0.0235s/iter; left: 35s
Epoch: 19, Steps: 133 | Train: 0.3342367 Vali: 0.6462857 Test: 0.3891769
EarlyStopping counter: 8 out of 15
Updating learning rate to 0.00014073748835532812
    iters: 100, epoch: 20 | loss: 0.3002398 | speed: 0.0247s/iter; left: 34s
Epoch: 20, Steps: 133 | Train: 0.3336142 Vali: 0.6437891 Test: 0.3889275
EarlyStopping counter: 9 out of 15
Updating learning rate to 0.00011258999068426252
    iters: 100, epoch: 21 | loss: 0.3299844 | speed: 0.0236s/iter; left: 29s
Epoch: 21, Steps: 133 | Train: 0.3335566 Vali: 0.6453375 Test: 0.3887929
EarlyStopping counter: 10 out of 15
Updating learning rate to 9.007199254741001e-05
    iters: 100, epoch: 22 | loss: 0.3347594 | speed: 0.0171s/iter; left: 19s
Epoch: 22, Steps: 133 | Train: 0.3332830 Vali: 0.6445546 Test: 0.3892675
EarlyStopping counter: 11 out of 15
Updating learning rate to 7.205759403792801e-05
    iters: 100, epoch: 23 | loss: 0.3520889 | speed: 0.0173s/iter; left: 17s
Epoch: 23, Steps: 133 | Train: 0.3329994 Vali: 0.6444925 Test: 0.3891868
EarlyStopping counter: 12 out of 15
Updating learning rate to 5.764607523034242e-05
    iters: 100, epoch: 24 | loss: 0.3176657 | speed: 0.0167s/iter; left: 14s
Epoch: 24, Steps: 133 | Train: 0.3328291 Vali: 0.6452242 Test: 0.3892641
EarlyStopping counter: 13 out of 15
Updating learning rate to 4.611686018427394e-05
    iters: 100, epoch: 25 | loss: 0.3232736 | speed: 0.0169s/iter; left: 12s
Epoch: 25, Steps: 133 | Train: 0.3327788 Vali: 0.6455522 Test: 0.3891596
EarlyStopping counter: 14 out of 15
Updating learning rate to 3.689348814741915e-05
    iters: 100, epoch: 26 | loss: 0.3277413 | speed: 0.0176s/iter; left: 10s
Epoch: 26, Steps: 133 | Train: 0.3327253 Vali: 0.6453464 Test: 0.3891346
EarlyStopping counter: 15 out of 15
Early stopping at epoch 26
STAGE 1 RESULT: mse=0.3869, mae=0.4013, smape=75.1512

============================================================
STAGE 2: Load MRT + add Freq branch (frozen backbone/MRT/cycle, max_epochs=3, patience=3)
============================================================
train 34129
val 11185
test 11185
Loaded 10 params from stage1, 0 new (Freq branch)
Trainable: 222,376 / 223,133 (99.7%)  freeze_backbone=0
    iters: 100, epoch: 1 | loss: 0.3622243 | speed: 0.0235s/iter; left: 7s
Epoch: 1, Train: 0.3384418 Vali: 0.6412131
[diag s2-1]  freq.rs=+0.0196 mask.mean=0.438 mask.std=0.141  mrt.rs=+0.4123
Validation loss decreased (inf --> 0.641213).  Saving model ...
    iters: 100, epoch: 2 | loss: 0.3193454 | speed: 0.0238s/iter; left: 4s
Epoch: 2, Train: 0.3379727 Vali: 0.6428607
[diag s2-2]  freq.rs=+0.0367 mask.mean=0.439 mask.std=0.141  mrt.rs=+0.4123
EarlyStopping counter: 1 out of 3
    iters: 100, epoch: 3 | loss: 0.3521869 | speed: 0.0227s/iter; left: 1s
Epoch: 3, Train: 0.3376494 Vali: 0.6423824
[diag s2-3]  freq.rs=+0.0513 mask.mean=0.440 mask.std=0.142  mrt.rs=+0.4123
EarlyStopping counter: 2 out of 3
STAGE 2 complete.

============================================================
STAGE 2 ONLY: Testing from Stage 2 checkpoint
============================================================
train 34129
val 11185
test 11185
[diag stage2-final]  freq.rs=+0.0196 mask.mean=0.438 mask.std=0.141  mrt.rs=+0.4123

============================================================
FINAL RESULT (Stage 2 only): mse=0.3859, mae=0.4008, smape=74.8753
============================================================
