============================================================
CONFIGURATION
============================================================
Device     : cuda:0
Dataset    : ettm1
Pred len   : 96
Seed       : 2024

--- Data ---
enc_in     : 7
seq_len    : 96
cycle      : 96
use_revin  : 1
batch_size : 256

--- Model ---
model_type : mlp
d_model    : 512
mrt_layers : 1
freq_layers: 0
fusion     : mode=serial, gate=0, sparsity=0.0

--- Training ---
base_lr    : 0.005
Stage1     : epochs=30, patience=15
Stage2     : epochs=3, patience=3, freeze_backbone=0
Stage3     : SKIPPED (stage2_only)
============================================================

============================================================
STAGE 1: Train MRT only (freq_layers=0)
============================================================
train 34369
val 11425
test 11425
    iters: 100, epoch: 1 | loss: 0.3186371 | speed: 0.0225s/iter; left: 88s
Epoch: 1, Steps: 134 | Train: 0.3730252 Vali: 0.4188791 Test: 0.3572427
Validation loss decreased (inf --> 0.418879).  Saving model ...
Updating learning rate to 0.005
    iters: 100, epoch: 2 | loss: 0.2956188 | speed: 0.0122s/iter; left: 46s
Epoch: 2, Steps: 134 | Train: 0.3072166 Vali: 0.4081936 Test: 0.3278668
Validation loss decreased (0.418879 --> 0.408194).  Saving model ...
Updating learning rate to 0.005
    iters: 100, epoch: 3 | loss: 0.2611072 | speed: 0.0121s/iter; left: 44s
Epoch: 3, Steps: 134 | Train: 0.2739345 Vali: 0.3859256 Test: 0.3174592
Validation loss decreased (0.408194 --> 0.385926).  Saving model ...
Updating learning rate to 0.005
    iters: 100, epoch: 4 | loss: 0.2708468 | speed: 0.0135s/iter; left: 47s
Epoch: 4, Steps: 134 | Train: 0.2628965 Vali: 0.3868027 Test: 0.3163407
EarlyStopping counter: 1 out of 15
Updating learning rate to 0.004
    iters: 100, epoch: 5 | loss: 0.2382516 | speed: 0.0136s/iter; left: 46s
Epoch: 5, Steps: 134 | Train: 0.2548601 Vali: 0.3877072 Test: 0.3141535
EarlyStopping counter: 2 out of 15
Updating learning rate to 0.0032000000000000006
    iters: 100, epoch: 6 | loss: 0.2567379 | speed: 0.0142s/iter; left: 46s
Epoch: 6, Steps: 134 | Train: 0.2506363 Vali: 0.3852053 Test: 0.3148588
Validation loss decreased (0.385926 --> 0.385205).  Saving model ...
Updating learning rate to 0.0025600000000000006
    iters: 100, epoch: 7 | loss: 0.2440371 | speed: 0.0135s/iter; left: 42s
Epoch: 7, Steps: 134 | Train: 0.2470787 Vali: 0.3926203 Test: 0.3187184
EarlyStopping counter: 1 out of 15
Updating learning rate to 0.0020480000000000003
    iters: 100, epoch: 8 | loss: 0.2435878 | speed: 0.0124s/iter; left: 37s
Epoch: 8, Steps: 134 | Train: 0.2441292 Vali: 0.3886956 Test: 0.3125213
EarlyStopping counter: 2 out of 15
Updating learning rate to 0.0016384000000000004
    iters: 100, epoch: 9 | loss: 0.2316702 | speed: 0.0120s/iter; left: 34s
Epoch: 9, Steps: 134 | Train: 0.2420863 Vali: 0.3904079 Test: 0.3140792
EarlyStopping counter: 3 out of 15
Updating learning rate to 0.0013107200000000005
    iters: 100, epoch: 10 | loss: 0.2506459 | speed: 0.0121s/iter; left: 33s
Epoch: 10, Steps: 134 | Train: 0.2395375 Vali: 0.3887078 Test: 0.3125724
EarlyStopping counter: 4 out of 15
Updating learning rate to 0.0010485760000000005
    iters: 100, epoch: 11 | loss: 0.2309423 | speed: 0.0131s/iter; left: 34s
Epoch: 11, Steps: 134 | Train: 0.2378132 Vali: 0.3917212 Test: 0.3150727
EarlyStopping counter: 5 out of 15
Updating learning rate to 0.0008388608000000005
    iters: 100, epoch: 12 | loss: 0.2347325 | speed: 0.0131s/iter; left: 32s
Epoch: 12, Steps: 134 | Train: 0.2362633 Vali: 0.3912947 Test: 0.3116510
EarlyStopping counter: 6 out of 15
Updating learning rate to 0.0006710886400000003
    iters: 100, epoch: 13 | loss: 0.2211930 | speed: 0.0126s/iter; left: 29s
Epoch: 13, Steps: 134 | Train: 0.2349532 Vali: 0.3920278 Test: 0.3141970
EarlyStopping counter: 7 out of 15
Updating learning rate to 0.0005368709120000003
    iters: 100, epoch: 14 | loss: 0.2325643 | speed: 0.0123s/iter; left: 27s
Epoch: 14, Steps: 134 | Train: 0.2339655 Vali: 0.3924058 Test: 0.3132107
EarlyStopping counter: 8 out of 15
Updating learning rate to 0.0004294967296000003
    iters: 100, epoch: 15 | loss: 0.2595263 | speed: 0.0123s/iter; left: 25s
Epoch: 15, Steps: 134 | Train: 0.2329567 Vali: 0.3946463 Test: 0.3140259
EarlyStopping counter: 9 out of 15
Updating learning rate to 0.0003435973836800002
    iters: 100, epoch: 16 | loss: 0.2410310 | speed: 0.0132s/iter; left: 25s
Epoch: 16, Steps: 134 | Train: 0.2322387 Vali: 0.3960169 Test: 0.3146683
EarlyStopping counter: 10 out of 15
Updating learning rate to 0.0002748779069440002
    iters: 100, epoch: 17 | loss: 0.2431381 | speed: 0.0189s/iter; left: 34s
Epoch: 17, Steps: 134 | Train: 0.2315043 Vali: 0.3953416 Test: 0.3145749
EarlyStopping counter: 11 out of 15
Updating learning rate to 0.00021990232555520019
    iters: 100, epoch: 18 | loss: 0.2444817 | speed: 0.0186s/iter; left: 31s
Epoch: 18, Steps: 134 | Train: 0.2311154 Vali: 0.3958817 Test: 0.3132399
EarlyStopping counter: 12 out of 15
Updating learning rate to 0.00017592186044416015
    iters: 100, epoch: 19 | loss: 0.2583314 | speed: 0.0184s/iter; left: 28s
Epoch: 19, Steps: 134 | Train: 0.2306627 Vali: 0.3955007 Test: 0.3137165
EarlyStopping counter: 13 out of 15
Updating learning rate to 0.00014073748835532812
    iters: 100, epoch: 20 | loss: 0.2217965 | speed: 0.0174s/iter; left: 24s
Epoch: 20, Steps: 134 | Train: 0.2302419 Vali: 0.3952272 Test: 0.3139368
EarlyStopping counter: 14 out of 15
Updating learning rate to 0.00011258999068426252
    iters: 100, epoch: 21 | loss: 0.2213678 | speed: 0.0217s/iter; left: 27s
Epoch: 21, Steps: 134 | Train: 0.2299006 Vali: 0.3960767 Test: 0.3138037
EarlyStopping counter: 15 out of 15
Early stopping at epoch 21
STAGE 1 RESULT: mse=0.3162, mae=0.3553, smape=69.0162

============================================================
STAGE 2: Load MRT + add Freq branch (frozen backbone/MRT/cycle, max_epochs=3, patience=3)
============================================================
train 34369
val 11425
test 11425
Loaded 10 params from stage1, 0 new (Freq branch)
Trainable: 99,256 / 100,013 (99.2%)  freeze_backbone=0
    iters: 100, epoch: 1 | loss: 0.6391146 | speed: 0.0183s/iter; left: 6s
Epoch: 1, Train: 0.6659487 Vali: 0.3827389
[diag s2-1]  freq.rs=+0.0021 mask.mean=0.438 mask.std=0.141  mrt.rs=-0.5226
Validation loss decreased (inf --> 0.382739).  Saving model ...
    iters: 100, epoch: 2 | loss: 0.6699057 | speed: 0.0172s/iter; left: 3s
Epoch: 2, Train: 0.6641629 Vali: 0.3824986
[diag s2-2]  freq.rs=+0.0134 mask.mean=0.438 mask.std=0.141  mrt.rs=-0.5226
Validation loss decreased (0.382739 --> 0.382499).  Saving model ...
    iters: 100, epoch: 3 | loss: 0.6363383 | speed: 0.0185s/iter; left: 1s
Epoch: 3, Train: 0.6632438 Vali: 0.3833964
[diag s2-3]  freq.rs=+0.0258 mask.mean=0.439 mask.std=0.141  mrt.rs=-0.5226
EarlyStopping counter: 1 out of 3
STAGE 2 complete.

============================================================
STAGE 2 ONLY: Testing from Stage 2 checkpoint
============================================================
train 34369
val 11425
test 11425
[diag stage2-final]  freq.rs=+0.0134 mask.mean=0.438 mask.std=0.141  mrt.rs=-0.5226

============================================================
FINAL RESULT (Stage 2 only): mse=0.3102, mae=0.3500, smape=68.4937
============================================================
