============================================================
CONFIGURATION
============================================================
Device     : cuda:0
Dataset    : ettm1
Pred len   : 720
Seed       : 2024

--- Data ---
enc_in     : 7
seq_len    : 96
cycle      : 96
use_revin  : 1
batch_size : 256

--- Model ---
model_type : mlp
d_model    : 512
mrt_layers : 1
freq_layers: 0
fusion     : mode=serial, gate=0, sparsity=0.0

--- Training ---
base_lr    : 0.005
Stage1     : epochs=30, patience=15
Stage2     : epochs=3, patience=3, freeze_backbone=1
Stage3     : SKIPPED (stage2_only)
============================================================

============================================================
STAGE 1: Train MRT only (freq_layers=0)
============================================================
train 33745
val 10801
test 10801
    iters: 100, epoch: 1 | loss: 0.4881021 | speed: 0.0402s/iter; left: 154s
Epoch: 1, Steps: 131 | Train: 0.5180449 Vali: 1.0101967 Test: 0.4975588
Validation loss decreased (inf --> 1.010197).  Saving model ...
Updating learning rate to 0.005
    iters: 100, epoch: 2 | loss: 0.4699166 | speed: 0.0257s/iter; left: 95s
Epoch: 2, Steps: 131 | Train: 0.4692990 Vali: 0.9929471 Test: 0.4719661
Validation loss decreased (1.010197 --> 0.992947).  Saving model ...
Updating learning rate to 0.005
    iters: 100, epoch: 3 | loss: 0.4672198 | speed: 0.0275s/iter; left: 98s
Epoch: 3, Steps: 131 | Train: 0.4464272 Vali: 0.9685473 Test: 0.4565131
Validation loss decreased (0.992947 --> 0.968547).  Saving model ...
Updating learning rate to 0.005
    iters: 100, epoch: 4 | loss: 0.4378919 | speed: 0.0260s/iter; left: 89s
Epoch: 4, Steps: 131 | Train: 0.4355081 Vali: 0.9673333 Test: 0.4570075
Validation loss decreased (0.968547 --> 0.967333).  Saving model ...
Updating learning rate to 0.004
    iters: 100, epoch: 5 | loss: 0.4188885 | speed: 0.0277s/iter; left: 92s
Epoch: 5, Steps: 131 | Train: 0.4299526 Vali: 0.9605914 Test: 0.4525112
Validation loss decreased (0.967333 --> 0.960591).  Saving model ...
Updating learning rate to 0.0032000000000000006
    iters: 100, epoch: 6 | loss: 0.4169064 | speed: 0.0269s/iter; left: 86s
Epoch: 6, Steps: 131 | Train: 0.4260057 Vali: 0.9601241 Test: 0.4525925
Validation loss decreased (0.960591 --> 0.960124).  Saving model ...
Updating learning rate to 0.0025600000000000006
    iters: 100, epoch: 7 | loss: 0.4485003 | speed: 0.0283s/iter; left: 86s
Epoch: 7, Steps: 131 | Train: 0.4222687 Vali: 0.9640872 Test: 0.4497812
EarlyStopping counter: 1 out of 15
Updating learning rate to 0.0020480000000000003
    iters: 100, epoch: 8 | loss: 0.4039100 | speed: 0.0267s/iter; left: 78s
Epoch: 8, Steps: 131 | Train: 0.4192738 Vali: 0.9610526 Test: 0.4501229
EarlyStopping counter: 2 out of 15
Updating learning rate to 0.0016384000000000004
    iters: 100, epoch: 9 | loss: 0.4235128 | speed: 0.0252s/iter; left: 70s
Epoch: 9, Steps: 131 | Train: 0.4168207 Vali: 0.9613395 Test: 0.4509020
EarlyStopping counter: 3 out of 15
Updating learning rate to 0.0013107200000000005
    iters: 100, epoch: 10 | loss: 0.4102762 | speed: 0.0248s/iter; left: 66s
Epoch: 10, Steps: 131 | Train: 0.4147105 Vali: 0.9632713 Test: 0.4490999
EarlyStopping counter: 4 out of 15
Updating learning rate to 0.0010485760000000005
    iters: 100, epoch: 11 | loss: 0.4403684 | speed: 0.0251s/iter; left: 63s
Epoch: 11, Steps: 131 | Train: 0.4128245 Vali: 0.9629907 Test: 0.4482456
EarlyStopping counter: 5 out of 15
Updating learning rate to 0.0008388608000000005
    iters: 100, epoch: 12 | loss: 0.3876507 | speed: 0.0288s/iter; left: 69s
Epoch: 12, Steps: 131 | Train: 0.4110824 Vali: 0.9623121 Test: 0.4490299
EarlyStopping counter: 6 out of 15
Updating learning rate to 0.0006710886400000003
    iters: 100, epoch: 13 | loss: 0.3937848 | speed: 0.0259s/iter; left: 58s
Epoch: 13, Steps: 131 | Train: 0.4093949 Vali: 0.9639579 Test: 0.4503502
EarlyStopping counter: 7 out of 15
Updating learning rate to 0.0005368709120000003
    iters: 100, epoch: 14 | loss: 0.3994960 | speed: 0.0258s/iter; left: 55s
Epoch: 14, Steps: 131 | Train: 0.4083815 Vali: 0.9636108 Test: 0.4495880
EarlyStopping counter: 8 out of 15
Updating learning rate to 0.0004294967296000003
    iters: 100, epoch: 15 | loss: 0.3811802 | speed: 0.0257s/iter; left: 51s
Epoch: 15, Steps: 131 | Train: 0.4072773 Vali: 0.9625913 Test: 0.4487350
EarlyStopping counter: 9 out of 15
Updating learning rate to 0.0003435973836800002
    iters: 100, epoch: 16 | loss: 0.3882020 | speed: 0.0285s/iter; left: 53s
Epoch: 16, Steps: 131 | Train: 0.4064079 Vali: 0.9628681 Test: 0.4494303
EarlyStopping counter: 10 out of 15
Updating learning rate to 0.0002748779069440002
    iters: 100, epoch: 17 | loss: 0.3925546 | speed: 0.0243s/iter; left: 42s
Epoch: 17, Steps: 131 | Train: 0.4056735 Vali: 0.9625415 Test: 0.4495176
EarlyStopping counter: 11 out of 15
Updating learning rate to 0.00021990232555520019
    iters: 100, epoch: 18 | loss: 0.4135329 | speed: 0.0254s/iter; left: 41s
Epoch: 18, Steps: 131 | Train: 0.4051569 Vali: 0.9625954 Test: 0.4490337
EarlyStopping counter: 12 out of 15
Updating learning rate to 0.00017592186044416015
    iters: 100, epoch: 19 | loss: 0.3866790 | speed: 0.0269s/iter; left: 40s
Epoch: 19, Steps: 131 | Train: 0.4045638 Vali: 0.9633487 Test: 0.4493307
EarlyStopping counter: 13 out of 15
Updating learning rate to 0.00014073748835532812
    iters: 100, epoch: 20 | loss: 0.4000815 | speed: 0.0272s/iter; left: 37s
Epoch: 20, Steps: 131 | Train: 0.4040314 Vali: 0.9630774 Test: 0.4489133
EarlyStopping counter: 14 out of 15
Updating learning rate to 0.00011258999068426252
    iters: 100, epoch: 21 | loss: 0.4226301 | speed: 0.0261s/iter; left: 32s
Epoch: 21, Steps: 131 | Train: 0.4040021 Vali: 0.9633219 Test: 0.4491382
EarlyStopping counter: 15 out of 15
Early stopping at epoch 21
STAGE 1 RESULT: mse=0.4503, mae=0.4396, smape=79.0720

============================================================
STAGE 2: Load MRT + add Freq branch (frozen backbone/MRT/cycle, max_epochs=3, patience=3)
============================================================
train 33745
val 10801
test 10801
Loaded 10 params from stage1, 0 new (Freq branch)
Trainable: 344 / 420,125 (0.1%)  freeze_backbone=1
    iters: 100, epoch: 1 | loss: 0.4173576 | speed: 0.0243s/iter; left: 7s
Epoch: 1, Train: 0.4224649 Vali: 0.9602376
[diag s2-1]  freq.rs=-0.0151 mask.mean=0.437 mask.std=0.141  mrt.rs=+0.4156
Validation loss decreased (inf --> 0.960238).  Saving model ...
    iters: 100, epoch: 2 | loss: 0.4716003 | speed: 0.0285s/iter; left: 5s
Epoch: 2, Train: 0.4222638 Vali: 0.9608211
[diag s2-2]  freq.rs=-0.0293 mask.mean=0.437 mask.std=0.140  mrt.rs=+0.4156
EarlyStopping counter: 1 out of 3
    iters: 100, epoch: 3 | loss: 0.4260327 | speed: 0.0256s/iter; left: 1s
Epoch: 3, Train: 0.4224722 Vali: 0.9610693
[diag s2-3]  freq.rs=-0.0408 mask.mean=0.436 mask.std=0.140  mrt.rs=+0.4156
EarlyStopping counter: 2 out of 3
STAGE 2 complete.

============================================================
STAGE 2 ONLY: Testing from Stage 2 checkpoint
============================================================
train 33745
val 10801
test 10801
[diag stage2-final]  freq.rs=-0.0151 mask.mean=0.437 mask.std=0.141  mrt.rs=+0.4156

============================================================
FINAL RESULT (Stage 2 only): mse=0.4501, mae=0.4395, smape=79.0655
============================================================
