============================================================
CONFIGURATION
============================================================
Device     : cuda:0
Dataset    : ettm1
Pred len   : 720
Seed       : 2024

--- Data ---
enc_in     : 7
seq_len    : 96
cycle      : 96
use_revin  : 1
batch_size : 256

--- Model ---
model_type : mlp
d_model    : 512
mrt_layers : 1
freq_layers: 0
fusion     : mode=serial, gate=0, sparsity=0.0

--- Training ---
base_lr    : 0.005
Stage1     : epochs=30, patience=15
Stage2     : epochs=3, patience=3, freeze_backbone=1
Stage3     : SKIPPED (stage2_only)
============================================================

============================================================
STAGE 1: Train MRT only (freq_layers=0)
============================================================
train 33745
val 10801
test 10801
    iters: 100, epoch: 1 | loss: 0.4881021 | speed: 0.0308s/iter; left: 118s
Epoch: 1, Steps: 131 | Train: 0.5180449 Vali: 1.0101967 Test: 0.4975588
Validation loss decreased (inf --> 1.010197).  Saving model ...
Updating learning rate to 0.005
    iters: 100, epoch: 2 | loss: 0.4699290 | speed: 0.0205s/iter; left: 76s
Epoch: 2, Steps: 131 | Train: 0.4693054 Vali: 0.9929771 Test: 0.4721574
Validation loss decreased (1.010197 --> 0.992977).  Saving model ...
Updating learning rate to 0.005
    iters: 100, epoch: 3 | loss: 0.4672198 | speed: 0.0227s/iter; left: 81s
Epoch: 3, Steps: 131 | Train: 0.4463718 Vali: 0.9683781 Test: 0.4564955
Validation loss decreased (0.992977 --> 0.968378).  Saving model ...
Updating learning rate to 0.005
    iters: 100, epoch: 4 | loss: 0.4378585 | speed: 0.0218s/iter; left: 75s
Epoch: 4, Steps: 131 | Train: 0.4355286 Vali: 0.9671348 Test: 0.4573054
Validation loss decreased (0.968378 --> 0.967135).  Saving model ...
Updating learning rate to 0.004
    iters: 100, epoch: 5 | loss: 0.4185517 | speed: 0.0210s/iter; left: 69s
Epoch: 5, Steps: 131 | Train: 0.4298990 Vali: 0.9597816 Test: 0.4531241
Validation loss decreased (0.967135 --> 0.959782).  Saving model ...
Updating learning rate to 0.0032000000000000006
    iters: 100, epoch: 6 | loss: 0.4168836 | speed: 0.0204s/iter; left: 65s
Epoch: 6, Steps: 131 | Train: 0.4259719 Vali: 0.9598748 Test: 0.4530420
EarlyStopping counter: 1 out of 15
Updating learning rate to 0.0025600000000000006
    iters: 100, epoch: 7 | loss: 0.4478898 | speed: 0.0208s/iter; left: 63s
Epoch: 7, Steps: 131 | Train: 0.4222683 Vali: 0.9634599 Test: 0.4503563
EarlyStopping counter: 2 out of 15
Updating learning rate to 0.0020480000000000003
    iters: 100, epoch: 8 | loss: 0.4037419 | speed: 0.0208s/iter; left: 61s
Epoch: 8, Steps: 131 | Train: 0.4191881 Vali: 0.9606195 Test: 0.4506095
EarlyStopping counter: 3 out of 15
Updating learning rate to 0.0016384000000000004
    iters: 100, epoch: 9 | loss: 0.4239479 | speed: 0.0198s/iter; left: 55s
Epoch: 9, Steps: 131 | Train: 0.4167955 Vali: 0.9603796 Test: 0.4508380
EarlyStopping counter: 4 out of 15
Updating learning rate to 0.0013107200000000005
    iters: 100, epoch: 10 | loss: 0.4098569 | speed: 0.0215s/iter; left: 57s
Epoch: 10, Steps: 131 | Train: 0.4145837 Vali: 0.9629410 Test: 0.4499138
EarlyStopping counter: 5 out of 15
Updating learning rate to 0.0010485760000000005
    iters: 100, epoch: 11 | loss: 0.4405329 | speed: 0.0221s/iter; left: 56s
Epoch: 11, Steps: 131 | Train: 0.4127186 Vali: 0.9622268 Test: 0.4483041
EarlyStopping counter: 6 out of 15
Updating learning rate to 0.0008388608000000005
    iters: 100, epoch: 12 | loss: 0.3885373 | speed: 0.0215s/iter; left: 51s
Epoch: 12, Steps: 131 | Train: 0.4109966 Vali: 0.9614302 Test: 0.4492160
EarlyStopping counter: 7 out of 15
Updating learning rate to 0.0006710886400000003
    iters: 100, epoch: 13 | loss: 0.3936492 | speed: 0.0212s/iter; left: 48s
Epoch: 13, Steps: 131 | Train: 0.4092831 Vali: 0.9629774 Test: 0.4507384
EarlyStopping counter: 8 out of 15
Updating learning rate to 0.0005368709120000003
    iters: 100, epoch: 14 | loss: 0.3991031 | speed: 0.0226s/iter; left: 48s
Epoch: 14, Steps: 131 | Train: 0.4082801 Vali: 0.9628793 Test: 0.4498016
EarlyStopping counter: 9 out of 15
Updating learning rate to 0.0004294967296000003
    iters: 100, epoch: 15 | loss: 0.3816998 | speed: 0.0208s/iter; left: 42s
Epoch: 15, Steps: 131 | Train: 0.4071565 Vali: 0.9615346 Test: 0.4487401
EarlyStopping counter: 10 out of 15
Updating learning rate to 0.0003435973836800002
    iters: 100, epoch: 16 | loss: 0.3895925 | speed: 0.0214s/iter; left: 40s
Epoch: 16, Steps: 131 | Train: 0.4062796 Vali: 0.9619039 Test: 0.4493595
EarlyStopping counter: 11 out of 15
Updating learning rate to 0.0002748779069440002
    iters: 100, epoch: 17 | loss: 0.3927791 | speed: 0.0216s/iter; left: 38s
Epoch: 17, Steps: 131 | Train: 0.4055411 Vali: 0.9615576 Test: 0.4494554
EarlyStopping counter: 12 out of 15
Updating learning rate to 0.00021990232555520019
    iters: 100, epoch: 18 | loss: 0.4129532 | speed: 0.0236s/iter; left: 38s
Epoch: 18, Steps: 131 | Train: 0.4050204 Vali: 0.9613468 Test: 0.4489735
EarlyStopping counter: 13 out of 15
Updating learning rate to 0.00017592186044416015
    iters: 100, epoch: 19 | loss: 0.3869337 | speed: 0.0261s/iter; left: 38s
Epoch: 19, Steps: 131 | Train: 0.4044335 Vali: 0.9622601 Test: 0.4491374
EarlyStopping counter: 14 out of 15
Updating learning rate to 0.00014073748835532812
    iters: 100, epoch: 20 | loss: 0.3996063 | speed: 0.0271s/iter; left: 36s
Epoch: 20, Steps: 131 | Train: 0.4038820 Vali: 0.9619539 Test: 0.4488735
EarlyStopping counter: 15 out of 15
Early stopping at epoch 20
STAGE 1 RESULT: mse=0.4510, mae=0.4388, smape=79.1024

============================================================
STAGE 2: Load MRT + add Freq branch (frozen backbone/MRT/cycle, max_epochs=3, patience=3)
============================================================
train 33745
val 10801
test 10801
Loaded 10 params from stage1, 0 new (Freq branch)
Trainable: 344 / 420,125 (0.1%)  freeze_backbone=1
    iters: 100, epoch: 1 | loss: 1.6416118 | speed: 0.0273s/iter; left: 8s
Epoch: 1, Train: 1.6586266 Vali: 0.9616105
[diag s2-1]  freq.rs=-0.0145 mask.mean=0.439 mask.std=0.141  mrt.rs=+0.4112
Validation loss decreased (inf --> 0.961611).  Saving model ...
    iters: 100, epoch: 2 | loss: 1.6523360 | speed: 0.0253s/iter; left: 4s
Epoch: 2, Train: 1.6585899 Vali: 0.9615125
[diag s2-2]  freq.rs=-0.0276 mask.mean=0.440 mask.std=0.142  mrt.rs=+0.4112
Validation loss decreased (0.961611 --> 0.961513).  Saving model ...
    iters: 100, epoch: 3 | loss: 1.6783881 | speed: 0.0255s/iter; left: 1s
Epoch: 3, Train: 1.6587432 Vali: 0.9615278
[diag s2-3]  freq.rs=-0.0388 mask.mean=0.441 mask.std=0.142  mrt.rs=+0.4112
EarlyStopping counter: 1 out of 3
STAGE 2 complete.

============================================================
STAGE 2 ONLY: Testing from Stage 2 checkpoint
============================================================
train 33745
val 10801
test 10801
[diag stage2-final]  freq.rs=-0.0276 mask.mean=0.440 mask.std=0.142  mrt.rs=+0.4112

============================================================
FINAL RESULT (Stage 2 only): mse=0.4508, mae=0.4387, smape=79.1045
============================================================
