============================================================
CONFIGURATION
============================================================
Device     : cuda:0
Dataset    : ettm1
Pred len   : 192
Seed       : 2024

--- Data ---
enc_in     : 7
seq_len    : 96
cycle      : 96
use_revin  : 1
batch_size : 256

--- Model ---
model_type : mlp
d_model    : 512
mrt_layers : 1
freq_layers: 0
fusion     : mode=serial, gate=0, sparsity=0.0

--- Training ---
base_lr    : 0.005
Stage1     : epochs=30, patience=15
Stage2     : epochs=3, patience=3, freeze_backbone=1
Stage3     : SKIPPED (stage2_only)
============================================================

============================================================
STAGE 1: Train MRT only (freq_layers=0)
============================================================
train 34273
val 11329
test 11329
    iters: 100, epoch: 1 | loss: 0.3805581 | speed: 0.0318s/iter; left: 124s
Epoch: 1, Steps: 133 | Train: 0.4015851 Vali: 0.5427077 Test: 0.3951090
Validation loss decreased (inf --> 0.542708).  Saving model ...
Updating learning rate to 0.005
    iters: 100, epoch: 2 | loss: 0.3554685 | speed: 0.0204s/iter; left: 77s
Epoch: 2, Steps: 133 | Train: 0.3488566 Vali: 0.5237982 Test: 0.3685845
Validation loss decreased (0.542708 --> 0.523798).  Saving model ...
Updating learning rate to 0.005
    iters: 100, epoch: 3 | loss: 0.3420269 | speed: 0.0203s/iter; left: 74s
Epoch: 3, Steps: 133 | Train: 0.3245340 Vali: 0.5082338 Test: 0.3581879
Validation loss decreased (0.523798 --> 0.508234).  Saving model ...
Updating learning rate to 0.005
    iters: 100, epoch: 4 | loss: 0.3313672 | speed: 0.0235s/iter; left: 82s
Epoch: 4, Steps: 133 | Train: 0.3141105 Vali: 0.5079792 Test: 0.3597121
Validation loss decreased (0.508234 --> 0.507979).  Saving model ...
Updating learning rate to 0.004
    iters: 100, epoch: 5 | loss: 0.3175321 | speed: 0.0225s/iter; left: 75s
Epoch: 5, Steps: 133 | Train: 0.3074820 Vali: 0.5023456 Test: 0.3552356
Validation loss decreased (0.507979 --> 0.502346).  Saving model ...
Updating learning rate to 0.0032000000000000006
    iters: 100, epoch: 6 | loss: 0.3082099 | speed: 0.0198s/iter; left: 64s
Epoch: 6, Steps: 133 | Train: 0.3031719 Vali: 0.5013545 Test: 0.3560664
Validation loss decreased (0.502346 --> 0.501355).  Saving model ...
Updating learning rate to 0.0025600000000000006
    iters: 100, epoch: 7 | loss: 0.3179570 | speed: 0.0224s/iter; left: 69s
Epoch: 7, Steps: 133 | Train: 0.3004174 Vali: 0.4994293 Test: 0.3525360
Validation loss decreased (0.501355 --> 0.499429).  Saving model ...
Updating learning rate to 0.0020480000000000003
    iters: 100, epoch: 8 | loss: 0.3078487 | speed: 0.0225s/iter; left: 67s
Epoch: 8, Steps: 133 | Train: 0.2974770 Vali: 0.4999264 Test: 0.3549021
EarlyStopping counter: 1 out of 15
Updating learning rate to 0.0016384000000000004
    iters: 100, epoch: 9 | loss: 0.2989719 | speed: 0.0199s/iter; left: 56s
Epoch: 9, Steps: 133 | Train: 0.2948438 Vali: 0.4999796 Test: 0.3560304
EarlyStopping counter: 2 out of 15
Updating learning rate to 0.0013107200000000005
    iters: 100, epoch: 10 | loss: 0.2952299 | speed: 0.0205s/iter; left: 55s
Epoch: 10, Steps: 133 | Train: 0.2932908 Vali: 0.4994922 Test: 0.3551134
EarlyStopping counter: 3 out of 15
Updating learning rate to 0.0010485760000000005
    iters: 100, epoch: 11 | loss: 0.2809433 | speed: 0.0209s/iter; left: 53s
Epoch: 11, Steps: 133 | Train: 0.2914206 Vali: 0.5027495 Test: 0.3547390
EarlyStopping counter: 4 out of 15
Updating learning rate to 0.0008388608000000005
    iters: 100, epoch: 12 | loss: 0.3102318 | speed: 0.0253s/iter; left: 61s
Epoch: 12, Steps: 133 | Train: 0.2897538 Vali: 0.5023788 Test: 0.3535839
EarlyStopping counter: 5 out of 15
Updating learning rate to 0.0006710886400000003
    iters: 100, epoch: 13 | loss: 0.2791914 | speed: 0.0213s/iter; left: 49s
Epoch: 13, Steps: 133 | Train: 0.2883932 Vali: 0.5008563 Test: 0.3539153
EarlyStopping counter: 6 out of 15
Updating learning rate to 0.0005368709120000003
    iters: 100, epoch: 14 | loss: 0.3157481 | speed: 0.0200s/iter; left: 43s
Epoch: 14, Steps: 133 | Train: 0.2872544 Vali: 0.5008147 Test: 0.3551329
EarlyStopping counter: 7 out of 15
Updating learning rate to 0.0004294967296000003
    iters: 100, epoch: 15 | loss: 0.2710597 | speed: 0.0205s/iter; left: 42s
Epoch: 15, Steps: 133 | Train: 0.2864815 Vali: 0.5018935 Test: 0.3548721
EarlyStopping counter: 8 out of 15
Updating learning rate to 0.0003435973836800002
    iters: 100, epoch: 16 | loss: 0.2879679 | speed: 0.0211s/iter; left: 40s
Epoch: 16, Steps: 133 | Train: 0.2854268 Vali: 0.5022263 Test: 0.3555960
EarlyStopping counter: 9 out of 15
Updating learning rate to 0.0002748779069440002
    iters: 100, epoch: 17 | loss: 0.2692285 | speed: 0.0209s/iter; left: 37s
Epoch: 17, Steps: 133 | Train: 0.2851604 Vali: 0.5025592 Test: 0.3548591
EarlyStopping counter: 10 out of 15
Updating learning rate to 0.00021990232555520019
    iters: 100, epoch: 18 | loss: 0.2972530 | speed: 0.0233s/iter; left: 38s
Epoch: 18, Steps: 133 | Train: 0.2845471 Vali: 0.5015728 Test: 0.3552295
EarlyStopping counter: 11 out of 15
Updating learning rate to 0.00017592186044416015
    iters: 100, epoch: 19 | loss: 0.3061137 | speed: 0.0240s/iter; left: 36s
Epoch: 19, Steps: 133 | Train: 0.2842375 Vali: 0.5033611 Test: 0.3549882
EarlyStopping counter: 12 out of 15
Updating learning rate to 0.00014073748835532812
    iters: 100, epoch: 20 | loss: 0.2713573 | speed: 0.0207s/iter; left: 28s
Epoch: 20, Steps: 133 | Train: 0.2838934 Vali: 0.5024728 Test: 0.3554337
EarlyStopping counter: 13 out of 15
Updating learning rate to 0.00011258999068426252
    iters: 100, epoch: 21 | loss: 0.2646042 | speed: 0.0199s/iter; left: 24s
Epoch: 21, Steps: 133 | Train: 0.2833728 Vali: 0.5017616 Test: 0.3553329
EarlyStopping counter: 14 out of 15
Updating learning rate to 9.007199254741001e-05
    iters: 100, epoch: 22 | loss: 0.2963898 | speed: 0.0219s/iter; left: 24s
Epoch: 22, Steps: 133 | Train: 0.2835515 Vali: 0.5025468 Test: 0.3552270
EarlyStopping counter: 15 out of 15
Early stopping at epoch 22
STAGE 1 RESULT: mse=0.3531, mae=0.3751, smape=71.8015

============================================================
STAGE 2: Load MRT + add Freq branch (frozen backbone/MRT/cycle, max_epochs=3, patience=3)
============================================================
train 34273
val 11329
test 11329
Loaded 10 params from stage1, 0 new (Freq branch)
Trainable: 344 / 149,261 (0.2%)  freeze_backbone=1
    iters: 100, epoch: 1 | loss: 0.9050018 | speed: 0.0189s/iter; left: 6s
Epoch: 1, Train: 0.9076440 Vali: 0.4998666
[diag s2-1]  freq.rs=-0.0100 mask.mean=0.438 mask.std=0.141  mrt.rs=+0.4505
Validation loss decreased (inf --> 0.499867).  Saving model ...
    iters: 100, epoch: 2 | loss: 0.8976125 | speed: 0.0186s/iter; left: 3s
Epoch: 2, Train: 0.9073079 Vali: 0.5006546
[diag s2-2]  freq.rs=-0.0172 mask.mean=0.439 mask.std=0.141  mrt.rs=+0.4505
EarlyStopping counter: 1 out of 3
    iters: 100, epoch: 3 | loss: 0.9103633 | speed: 0.0204s/iter; left: 1s
Epoch: 3, Train: 0.9074206 Vali: 0.5000727
[diag s2-3]  freq.rs=-0.0239 mask.mean=0.439 mask.std=0.141  mrt.rs=+0.4505
EarlyStopping counter: 2 out of 3
STAGE 2 complete.

============================================================
STAGE 2 ONLY: Testing from Stage 2 checkpoint
============================================================
train 34273
val 11329
test 11329
[diag stage2-final]  freq.rs=-0.0100 mask.mean=0.438 mask.std=0.141  mrt.rs=+0.4505

============================================================
FINAL RESULT (Stage 2 only): mse=0.3530, mae=0.3751, smape=71.8086
============================================================
