============================================================
CONFIGURATION
============================================================
Device     : cuda:0
Dataset    : ettm1
Pred len   : 96
Seed       : 2024

--- Data ---
enc_in     : 7
seq_len    : 96
cycle      : 96
use_revin  : 1
batch_size : 256

--- Model ---
model_type : mlp
d_model    : 512
mrt_layers : 1
freq_layers: 0
fusion     : mode=serial, gate=0, sparsity=0.0

--- Training ---
base_lr    : 0.005
Stage1     : epochs=30, patience=15
Stage2     : epochs=3, patience=3, freeze_backbone=1
Stage3     : SKIPPED (stage2_only)
============================================================

============================================================
STAGE 1: Train MRT only (freq_layers=0)
============================================================
train 34369
val 11425
test 11425
    iters: 100, epoch: 1 | loss: 0.3186371 | speed: 0.0308s/iter; left: 121s
Epoch: 1, Steps: 134 | Train: 0.3730252 Vali: 0.4188791 Test: 0.3572427
Validation loss decreased (inf --> 0.418879).  Saving model ...
Updating learning rate to 0.005
    iters: 100, epoch: 2 | loss: 0.2956119 | speed: 0.0190s/iter; left: 72s
Epoch: 2, Steps: 134 | Train: 0.3072125 Vali: 0.4078074 Test: 0.3277039
Validation loss decreased (0.418879 --> 0.407807).  Saving model ...
Updating learning rate to 0.005
    iters: 100, epoch: 3 | loss: 0.2610981 | speed: 0.0199s/iter; left: 73s
Epoch: 3, Steps: 134 | Train: 0.2739281 Vali: 0.3861009 Test: 0.3177459
Validation loss decreased (0.407807 --> 0.386101).  Saving model ...
Updating learning rate to 0.005
    iters: 100, epoch: 4 | loss: 0.2706987 | speed: 0.0174s/iter; left: 61s
Epoch: 4, Steps: 134 | Train: 0.2629069 Vali: 0.3866483 Test: 0.3161607
EarlyStopping counter: 1 out of 15
Updating learning rate to 0.004
    iters: 100, epoch: 5 | loss: 0.2381263 | speed: 0.0174s/iter; left: 59s
Epoch: 5, Steps: 134 | Train: 0.2548850 Vali: 0.3877909 Test: 0.3140802
EarlyStopping counter: 2 out of 15
Updating learning rate to 0.0032000000000000006
    iters: 100, epoch: 6 | loss: 0.2565368 | speed: 0.0174s/iter; left: 56s
Epoch: 6, Steps: 134 | Train: 0.2506744 Vali: 0.3854897 Test: 0.3150321
Validation loss decreased (0.386101 --> 0.385490).  Saving model ...
Updating learning rate to 0.0025600000000000006
    iters: 100, epoch: 7 | loss: 0.2443227 | speed: 0.0148s/iter; left: 46s
Epoch: 7, Steps: 134 | Train: 0.2471571 Vali: 0.3926738 Test: 0.3188145
EarlyStopping counter: 1 out of 15
Updating learning rate to 0.0020480000000000003
    iters: 100, epoch: 8 | loss: 0.2439187 | speed: 0.0162s/iter; left: 48s
Epoch: 8, Steps: 134 | Train: 0.2442141 Vali: 0.3884917 Test: 0.3126097
EarlyStopping counter: 2 out of 15
Updating learning rate to 0.0016384000000000004
    iters: 100, epoch: 9 | loss: 0.2321811 | speed: 0.0162s/iter; left: 46s
Epoch: 9, Steps: 134 | Train: 0.2421314 Vali: 0.3900688 Test: 0.3139533
EarlyStopping counter: 3 out of 15
Updating learning rate to 0.0013107200000000005
    iters: 100, epoch: 10 | loss: 0.2502080 | speed: 0.0181s/iter; left: 49s
Epoch: 10, Steps: 134 | Train: 0.2396021 Vali: 0.3883578 Test: 0.3126247
EarlyStopping counter: 4 out of 15
Updating learning rate to 0.0010485760000000005
    iters: 100, epoch: 11 | loss: 0.2301297 | speed: 0.0202s/iter; left: 52s
Epoch: 11, Steps: 134 | Train: 0.2378627 Vali: 0.3916398 Test: 0.3155311
EarlyStopping counter: 5 out of 15
Updating learning rate to 0.0008388608000000005
    iters: 100, epoch: 12 | loss: 0.2341659 | speed: 0.0197s/iter; left: 48s
Epoch: 12, Steps: 134 | Train: 0.2363221 Vali: 0.3911442 Test: 0.3119253
EarlyStopping counter: 6 out of 15
Updating learning rate to 0.0006710886400000003
    iters: 100, epoch: 13 | loss: 0.2213988 | speed: 0.0197s/iter; left: 46s
Epoch: 13, Steps: 134 | Train: 0.2350288 Vali: 0.3918097 Test: 0.3144936
EarlyStopping counter: 7 out of 15
Updating learning rate to 0.0005368709120000003
    iters: 100, epoch: 14 | loss: 0.2318345 | speed: 0.0209s/iter; left: 45s
Epoch: 14, Steps: 134 | Train: 0.2340197 Vali: 0.3921033 Test: 0.3133205
EarlyStopping counter: 8 out of 15
Updating learning rate to 0.0004294967296000003
    iters: 100, epoch: 15 | loss: 0.2597838 | speed: 0.0191s/iter; left: 39s
Epoch: 15, Steps: 134 | Train: 0.2329941 Vali: 0.3942934 Test: 0.3142514
EarlyStopping counter: 9 out of 15
Updating learning rate to 0.0003435973836800002
    iters: 100, epoch: 16 | loss: 0.2405417 | speed: 0.0220s/iter; left: 42s
Epoch: 16, Steps: 134 | Train: 0.2322743 Vali: 0.3958548 Test: 0.3149670
EarlyStopping counter: 10 out of 15
Updating learning rate to 0.0002748779069440002
    iters: 100, epoch: 17 | loss: 0.2441477 | speed: 0.0229s/iter; left: 41s
Epoch: 17, Steps: 134 | Train: 0.2315445 Vali: 0.3948806 Test: 0.3146161
EarlyStopping counter: 11 out of 15
Updating learning rate to 0.00021990232555520019
    iters: 100, epoch: 18 | loss: 0.2446226 | speed: 0.0209s/iter; left: 34s
Epoch: 18, Steps: 134 | Train: 0.2311392 Vali: 0.3952728 Test: 0.3135602
EarlyStopping counter: 12 out of 15
Updating learning rate to 0.00017592186044416015
    iters: 100, epoch: 19 | loss: 0.2577605 | speed: 0.0195s/iter; left: 29s
Epoch: 19, Steps: 134 | Train: 0.2306870 Vali: 0.3951423 Test: 0.3139282
EarlyStopping counter: 13 out of 15
Updating learning rate to 0.00014073748835532812
    iters: 100, epoch: 20 | loss: 0.2205324 | speed: 0.0209s/iter; left: 29s
Epoch: 20, Steps: 134 | Train: 0.2302809 Vali: 0.3948754 Test: 0.3142167
EarlyStopping counter: 14 out of 15
Updating learning rate to 0.00011258999068426252
    iters: 100, epoch: 21 | loss: 0.2221690 | speed: 0.0226s/iter; left: 28s
Epoch: 21, Steps: 134 | Train: 0.2299369 Vali: 0.3957334 Test: 0.3141050
EarlyStopping counter: 15 out of 15
Early stopping at epoch 21
STAGE 1 RESULT: mse=0.3164, mae=0.3553, smape=68.9731

============================================================
STAGE 2: Load MRT + add Freq branch (frozen backbone/MRT/cycle, max_epochs=3, patience=3)
============================================================
train 34369
val 11425
test 11425
Loaded 10 params from stage1, 0 new (Freq branch)
Trainable: 344 / 100,013 (0.3%)  freeze_backbone=1
    iters: 100, epoch: 1 | loss: 0.6452640 | speed: 0.0189s/iter; left: 6s
Epoch: 1, Train: 0.6709043 Vali: 0.3852410
[diag s2-1]  freq.rs=-0.0220 mask.mean=0.439 mask.std=0.141  mrt.rs=-0.5224
Validation loss decreased (inf --> 0.385241).  Saving model ...
    iters: 100, epoch: 2 | loss: 0.6779374 | speed: 0.0214s/iter; left: 4s
Epoch: 2, Train: 0.6708656 Vali: 0.3848763
[diag s2-2]  freq.rs=-0.0420 mask.mean=0.439 mask.std=0.141  mrt.rs=-0.5224
Validation loss decreased (0.385241 --> 0.384876).  Saving model ...
    iters: 100, epoch: 3 | loss: 0.6427947 | speed: 0.0208s/iter; left: 1s
Epoch: 3, Train: 0.6707240 Vali: 0.3859365
[diag s2-3]  freq.rs=-0.0605 mask.mean=0.440 mask.std=0.140  mrt.rs=-0.5224
EarlyStopping counter: 1 out of 3
STAGE 2 complete.

============================================================
STAGE 2 ONLY: Testing from Stage 2 checkpoint
============================================================
train 34369
val 11425
test 11425
[diag stage2-final]  freq.rs=-0.0420 mask.mean=0.439 mask.std=0.141  mrt.rs=-0.5224

============================================================
FINAL RESULT (Stage 2 only): mse=0.3160, mae=0.3551, smape=68.9608
============================================================
