============================================================
CONFIGURATION
============================================================
Device     : cuda:0
Dataset    : ettm1
Pred len   : 720
Seed       : 2024

--- Data ---
enc_in     : 7
seq_len    : 96
cycle      : 96
use_revin  : 1
batch_size : 256

--- Model ---
model_type : mlp
d_model    : 512
mrt_layers : 1
freq_layers: 0
fusion     : mode=serial, gate=0, sparsity=0.0

--- Training ---
base_lr    : 0.005
Stage1     : epochs=30, patience=15
Stage2     : epochs=3, patience=3, freeze_backbone=1
Stage3 FreDF: True
Stage3a    : epochs=12, patience=6
Stage3b    : epochs=20, patience=10, freq×0.67 model×0.33 mrt×0.10
============================================================

============================================================
STAGE 1: Train MRT only (freq_layers=0)
============================================================
train 33745
val 10801
test 10801
    iters: 100, epoch: 1 | loss: 0.4881021 | speed: 0.0477s/iter; left: 183s
Epoch: 1, Steps: 131 | Train: 0.5180449 Vali: 1.0101967 Test: 0.4975588
Validation loss decreased (inf --> 1.010197).  Saving model ...
Updating learning rate to 0.005
    iters: 100, epoch: 2 | loss: 0.4699164 | speed: 0.0368s/iter; left: 136s
Epoch: 2, Steps: 131 | Train: 0.4692987 Vali: 0.9929532 Test: 0.4719652
Validation loss decreased (1.010197 --> 0.992953).  Saving model ...
Updating learning rate to 0.005
    iters: 100, epoch: 3 | loss: 0.4671848 | speed: 0.0386s/iter; left: 138s
Epoch: 3, Steps: 131 | Train: 0.4463977 Vali: 0.9686411 Test: 0.4565268
Validation loss decreased (0.992953 --> 0.968641).  Saving model ...
Updating learning rate to 0.005
    iters: 100, epoch: 4 | loss: 0.4378282 | speed: 0.0382s/iter; left: 131s
Epoch: 4, Steps: 131 | Train: 0.4355287 Vali: 0.9677701 Test: 0.4570598
Validation loss decreased (0.968641 --> 0.967770).  Saving model ...
Updating learning rate to 0.004
    iters: 100, epoch: 5 | loss: 0.4187858 | speed: 0.0359s/iter; left: 119s
Epoch: 5, Steps: 131 | Train: 0.4299375 Vali: 0.9601464 Test: 0.4525329
Validation loss decreased (0.967770 --> 0.960146).  Saving model ...
Updating learning rate to 0.0032000000000000006
    iters: 100, epoch: 6 | loss: 0.4169993 | speed: 0.0387s/iter; left: 123s
Epoch: 6, Steps: 131 | Train: 0.4259991 Vali: 0.9600864 Test: 0.4528394
Validation loss decreased (0.960146 --> 0.960086).  Saving model ...
Updating learning rate to 0.0025600000000000006
    iters: 100, epoch: 7 | loss: 0.4482364 | speed: 0.0377s/iter; left: 115s
Epoch: 7, Steps: 131 | Train: 0.4222466 Vali: 0.9635832 Test: 0.4497697
EarlyStopping counter: 1 out of 15
Updating learning rate to 0.0020480000000000003
    iters: 100, epoch: 8 | loss: 0.4035831 | speed: 0.0413s/iter; left: 120s
Epoch: 8, Steps: 131 | Train: 0.4192265 Vali: 0.9605839 Test: 0.4501546
EarlyStopping counter: 2 out of 15
Updating learning rate to 0.0016384000000000004
    iters: 100, epoch: 9 | loss: 0.4234124 | speed: 0.0377s/iter; left: 105s
Epoch: 9, Steps: 131 | Train: 0.4167721 Vali: 0.9606258 Test: 0.4507521
EarlyStopping counter: 3 out of 15
Updating learning rate to 0.0013107200000000005
    iters: 100, epoch: 10 | loss: 0.4105104 | speed: 0.0366s/iter; left: 97s
Epoch: 10, Steps: 131 | Train: 0.4146041 Vali: 0.9626070 Test: 0.4495128
EarlyStopping counter: 4 out of 15
Updating learning rate to 0.0010485760000000005
    iters: 100, epoch: 11 | loss: 0.4409153 | speed: 0.0343s/iter; left: 86s
Epoch: 11, Steps: 131 | Train: 0.4126932 Vali: 0.9618964 Test: 0.4481857
EarlyStopping counter: 5 out of 15
Updating learning rate to 0.0008388608000000005
    iters: 100, epoch: 12 | loss: 0.3878172 | speed: 0.0343s/iter; left: 82s
Epoch: 12, Steps: 131 | Train: 0.4109560 Vali: 0.9616126 Test: 0.4489988
EarlyStopping counter: 6 out of 15
Updating learning rate to 0.0006710886400000003
    iters: 100, epoch: 13 | loss: 0.3934397 | speed: 0.0362s/iter; left: 82s
Epoch: 13, Steps: 131 | Train: 0.4092632 Vali: 0.9630167 Test: 0.4504136
EarlyStopping counter: 7 out of 15
Updating learning rate to 0.0005368709120000003
    iters: 100, epoch: 14 | loss: 0.3996561 | speed: 0.0363s/iter; left: 77s
Epoch: 14, Steps: 131 | Train: 0.4082534 Vali: 0.9627352 Test: 0.4496297
EarlyStopping counter: 8 out of 15
Updating learning rate to 0.0004294967296000003
    iters: 100, epoch: 15 | loss: 0.3819699 | speed: 0.0380s/iter; left: 76s
Epoch: 15, Steps: 131 | Train: 0.4071438 Vali: 0.9616149 Test: 0.4488920
EarlyStopping counter: 9 out of 15
Updating learning rate to 0.0003435973836800002
    iters: 100, epoch: 16 | loss: 0.3894766 | speed: 0.0373s/iter; left: 70s
Epoch: 16, Steps: 131 | Train: 0.4062961 Vali: 0.9617503 Test: 0.4493930
EarlyStopping counter: 10 out of 15
Updating learning rate to 0.0002748779069440002
    iters: 100, epoch: 17 | loss: 0.3933093 | speed: 0.0383s/iter; left: 66s
Epoch: 17, Steps: 131 | Train: 0.4055516 Vali: 0.9616157 Test: 0.4496039
EarlyStopping counter: 11 out of 15
Updating learning rate to 0.00021990232555520019
    iters: 100, epoch: 18 | loss: 0.4128765 | speed: 0.0393s/iter; left: 63s
Epoch: 18, Steps: 131 | Train: 0.4050408 Vali: 0.9615151 Test: 0.4491379
EarlyStopping counter: 12 out of 15
Updating learning rate to 0.00017592186044416015
    iters: 100, epoch: 19 | loss: 0.3863662 | speed: 0.0326s/iter; left: 48s
Epoch: 19, Steps: 131 | Train: 0.4044466 Vali: 0.9623139 Test: 0.4492950
EarlyStopping counter: 13 out of 15
Updating learning rate to 0.00014073748835532812
    iters: 100, epoch: 20 | loss: 0.4014049 | speed: 0.0250s/iter; left: 33s
Epoch: 20, Steps: 131 | Train: 0.4039126 Vali: 0.9620486 Test: 0.4489380
EarlyStopping counter: 14 out of 15
Updating learning rate to 0.00011258999068426252
    iters: 100, epoch: 21 | loss: 0.4219918 | speed: 0.0275s/iter; left: 33s
Epoch: 21, Steps: 131 | Train: 0.4038784 Vali: 0.9623106 Test: 0.4491007
EarlyStopping counter: 15 out of 15
Early stopping at epoch 21
STAGE 1 RESULT: mse=0.4505, mae=0.4396, smape=79.0225

============================================================
STAGE 2: Load MRT + add Freq branch (frozen backbone/MRT/cycle, max_epochs=3, patience=3)
============================================================
train 33745
val 10801
test 10801
Loaded 10 params from stage1, 0 new (Freq branch)
Trainable: 344 / 420,125 (0.1%)  freeze_backbone=1
    iters: 100, epoch: 1 | loss: 1.6417363 | speed: 0.0325s/iter; left: 10s
Epoch: 1, Train: 1.6536592 Vali: 0.9601851
[diag s2-1]  freq.rs=-0.0233 mask.mean=0.439 mask.std=0.141  mrt.rs=+0.4151
Validation loss decreased (inf --> 0.960185).  Saving model ...
    iters: 100, epoch: 2 | loss: 1.7226835 | speed: 0.0387s/iter; left: 6s
Epoch: 2, Train: 1.6533648 Vali: 0.9607803
[diag s2-2]  freq.rs=-0.0462 mask.mean=0.440 mask.std=0.141  mrt.rs=+0.4151
EarlyStopping counter: 1 out of 3
    iters: 100, epoch: 3 | loss: 1.6513894 | speed: 0.0342s/iter; left: 1s
Epoch: 3, Train: 1.6536650 Vali: 0.9610252
[diag s2-3]  freq.rs=-0.0674 mask.mean=0.441 mask.std=0.141  mrt.rs=+0.4151
EarlyStopping counter: 2 out of 3
STAGE 2 complete.

============================================================
SKIPPING Stage 3a (--no_stage3a): Stage 2 -> Stage 3b directly
============================================================

============================================================
STAGE 3b: Unfreeze all, group-wise LR (base=0.001500, max_epochs=20, patience=10) + FreDF(α=0.8)
  LR groups: freq/gate ×0.67, model ×0.33, mrt/cycle ×0.10
============================================================
train 33745
val 10801
test 10801
Loaded stage3a checkpoint, unfreezing all parameters.
  Group freq/gate: 344 params, LR=0.001005
  Group model: 419,024 params, LR=0.000495
  Group mrt/cycle: 757 params, LR=0.000150
    iters: 100, epoch: 1 | loss: 1.6273208 | speed: 0.0359s/iter; left: 90s
Epoch: 1, Steps: 131 | Train: 1.6498260 Vali: 0.9589859 Test: 0.4474331
[diag 3b-1]  freq.rs=-0.0269 mask.mean=0.439 mask.std=0.141  mrt.rs=+0.4177
Validation loss decreased (inf --> 0.958986).  Saving model ...
Updating learning rate to 0.005
    iters: 100, epoch: 2 | loss: 1.6386448 | speed: 0.0312s/iter; left: 75s
Epoch: 2, Steps: 131 | Train: 1.6583507 Vali: 0.9603140 Test: 0.4468602
[diag 3b-2]  freq.rs=-0.3705 mask.mean=0.466 mask.std=0.165  mrt.rs=+0.4403
EarlyStopping counter: 1 out of 10
Updating learning rate to 0.005
    iters: 100, epoch: 3 | loss: 1.6331598 | speed: 0.0290s/iter; left: 66s
Epoch: 3, Steps: 131 | Train: 1.6510674 Vali: 0.9589164 Test: 0.4467479
[diag 3b-3]  freq.rs=-0.5864 mask.mean=0.465 mask.std=0.198  mrt.rs=+0.4469
Validation loss decreased (0.958986 --> 0.958916).  Saving model ...
Updating learning rate to 0.005
    iters: 100, epoch: 4 | loss: 1.6332297 | speed: 0.0277s/iter; left: 59s
Epoch: 4, Steps: 131 | Train: 1.6463994 Vali: 0.9577755 Test: 0.4478958
[diag 3b-4]  freq.rs=-0.7372 mask.mean=0.461 mask.std=0.227  mrt.rs=+0.4550
Validation loss decreased (0.958916 --> 0.957775).  Saving model ...
Updating learning rate to 0.004
    iters: 100, epoch: 5 | loss: 1.6562077 | speed: 0.0274s/iter; left: 55s
Epoch: 5, Steps: 131 | Train: 1.6400822 Vali: 0.9568947 Test: 0.4462658
[diag 3b-5]  freq.rs=-0.7799 mask.mean=0.456 mask.std=0.242  mrt.rs=+0.4560
Validation loss decreased (0.957775 --> 0.956895).  Saving model ...
Updating learning rate to 0.0032000000000000006
    iters: 100, epoch: 6 | loss: 1.6003761 | speed: 0.0279s/iter; left: 52s
Epoch: 6, Steps: 131 | Train: 1.6346819 Vali: 0.9569080 Test: 0.4476881
[diag 3b-6]  freq.rs=-0.8192 mask.mean=0.454 mask.std=0.250  mrt.rs=+0.4572
EarlyStopping counter: 1 out of 10
Updating learning rate to 0.0025600000000000006
    iters: 100, epoch: 7 | loss: 1.6182746 | speed: 0.0299s/iter; left: 52s
Epoch: 7, Steps: 131 | Train: 1.6304985 Vali: 0.9564295 Test: 0.4450562
[diag 3b-7]  freq.rs=-0.8418 mask.mean=0.453 mask.std=0.255  mrt.rs=+0.4574
Validation loss decreased (0.956895 --> 0.956430).  Saving model ...
Updating learning rate to 0.0020480000000000003
    iters: 100, epoch: 8 | loss: 1.6412487 | speed: 0.0277s/iter; left: 44s
Epoch: 8, Steps: 131 | Train: 1.6262781 Vali: 0.9565959 Test: 0.4473202
[diag 3b-8]  freq.rs=-0.8482 mask.mean=0.452 mask.std=0.259  mrt.rs=+0.4570
EarlyStopping counter: 1 out of 10
Updating learning rate to 0.0016384000000000004
    iters: 100, epoch: 9 | loss: 1.6040958 | speed: 0.0260s/iter; left: 38s
Epoch: 9, Steps: 131 | Train: 1.6228637 Vali: 0.9574348 Test: 0.4474362
[diag 3b-9]  freq.rs=-0.8518 mask.mean=0.450 mask.std=0.261  mrt.rs=+0.4548
EarlyStopping counter: 2 out of 10
Updating learning rate to 0.0013107200000000005
    iters: 100, epoch: 10 | loss: 1.5815520 | speed: 0.0379s/iter; left: 51s
Epoch: 10, Steps: 131 | Train: 1.6202689 Vali: 0.9572993 Test: 0.4463637
[diag 3b-10]  freq.rs=-0.8547 mask.mean=0.449 mask.std=0.263  mrt.rs=+0.4564
EarlyStopping counter: 3 out of 10
Updating learning rate to 0.0010485760000000005
    iters: 100, epoch: 11 | loss: 1.6105156 | speed: 0.0395s/iter; left: 48s
Epoch: 11, Steps: 131 | Train: 1.6178115 Vali: 0.9559708 Test: 0.4475393
[diag 3b-11]  freq.rs=-0.8588 mask.mean=0.449 mask.std=0.265  mrt.rs=+0.4533
Validation loss decreased (0.956430 --> 0.955971).  Saving model ...
Updating learning rate to 0.0008388608000000005
    iters: 100, epoch: 12 | loss: 1.6373936 | speed: 0.0371s/iter; left: 40s
Epoch: 12, Steps: 131 | Train: 1.6157423 Vali: 0.9565546 Test: 0.4478485
[diag 3b-12]  freq.rs=-0.8595 mask.mean=0.448 mask.std=0.266  mrt.rs=+0.4527
EarlyStopping counter: 1 out of 10
Updating learning rate to 0.0006710886400000003
    iters: 100, epoch: 13 | loss: 1.6343563 | speed: 0.0386s/iter; left: 37s
Epoch: 13, Steps: 131 | Train: 1.6143771 Vali: 0.9563863 Test: 0.4484372
[diag 3b-13]  freq.rs=-0.8587 mask.mean=0.448 mask.std=0.267  mrt.rs=+0.4520
EarlyStopping counter: 2 out of 10
Updating learning rate to 0.0005368709120000003
    iters: 100, epoch: 14 | loss: 1.6361322 | speed: 0.0379s/iter; left: 31s
Epoch: 14, Steps: 131 | Train: 1.6131171 Vali: 0.9571227 Test: 0.4480947
[diag 3b-14]  freq.rs=-0.8578 mask.mean=0.447 mask.std=0.267  mrt.rs=+0.4512
EarlyStopping counter: 3 out of 10
Updating learning rate to 0.0004294967296000003
    iters: 100, epoch: 15 | loss: 1.6244870 | speed: 0.0380s/iter; left: 26s
Epoch: 15, Steps: 131 | Train: 1.6116975 Vali: 0.9570120 Test: 0.4477245
[diag 3b-15]  freq.rs=-0.8571 mask.mean=0.447 mask.std=0.268  mrt.rs=+0.4508
EarlyStopping counter: 4 out of 10
Updating learning rate to 0.0003435973836800002
    iters: 100, epoch: 16 | loss: 1.5923942 | speed: 0.0400s/iter; left: 22s
Epoch: 16, Steps: 131 | Train: 1.6108394 Vali: 0.9570172 Test: 0.4482350
[diag 3b-16]  freq.rs=-0.8558 mask.mean=0.447 mask.std=0.268  mrt.rs=+0.4498
EarlyStopping counter: 5 out of 10
Updating learning rate to 0.0002748779069440002
    iters: 100, epoch: 17 | loss: 1.6296154 | speed: 0.0385s/iter; left: 16s
Epoch: 17, Steps: 131 | Train: 1.6099703 Vali: 0.9574912 Test: 0.4488811
[diag 3b-17]  freq.rs=-0.8561 mask.mean=0.447 mask.std=0.269  mrt.rs=+0.4489
EarlyStopping counter: 6 out of 10
Updating learning rate to 0.00021990232555520019
    iters: 100, epoch: 18 | loss: 1.6387168 | speed: 0.0371s/iter; left: 11s
Epoch: 18, Steps: 131 | Train: 1.6092159 Vali: 0.9566639 Test: 0.4486563
[diag 3b-18]  freq.rs=-0.8546 mask.mean=0.447 mask.std=0.269  mrt.rs=+0.4485
EarlyStopping counter: 7 out of 10
Updating learning rate to 0.00017592186044416015
    iters: 100, epoch: 19 | loss: 1.6242725 | speed: 0.0389s/iter; left: 6s
Epoch: 19, Steps: 131 | Train: 1.6091491 Vali: 0.9575761 Test: 0.4486045
[diag 3b-19]  freq.rs=-0.8550 mask.mean=0.446 mask.std=0.269  mrt.rs=+0.4487
EarlyStopping counter: 8 out of 10
Updating learning rate to 0.00014073748835532812
    iters: 100, epoch: 20 | loss: 1.6388183 | speed: 0.0305s/iter; left: 1s
Epoch: 20, Steps: 131 | Train: 1.6086620 Vali: 0.9579776 Test: 0.4489107
[diag 3b-20]  freq.rs=-0.8546 mask.mean=0.446 mask.std=0.269  mrt.rs=+0.4481
EarlyStopping counter: 9 out of 10
Updating learning rate to 0.00011258999068426252

============================================================
FINAL RESULT (Stage 3b): mse=0.4439, mae=0.4375, smape=78.7467
============================================================
[diag 3b-final]  freq.rs=-0.8588 mask.mean=0.449 mask.std=0.265  mrt.rs=+0.4533
