============================================================
CONFIGURATION
============================================================
Device     : cuda:0
Dataset    : ettm1
Pred len   : 96
Seed       : 2024

--- Data ---
enc_in     : 7
seq_len    : 96
cycle      : 96
use_revin  : 1
batch_size : 256

--- Model ---
model_type : mlp
d_model    : 512
mrt_layers : 1
freq_layers: 0
fusion     : mode=serial, gate=0, sparsity=0.0

--- Training ---
base_lr    : 0.005
Stage1     : epochs=30, patience=15
Stage2     : epochs=3, patience=3, freeze_backbone=1
Stage3     : SKIPPED (stage2_only)
============================================================

============================================================
STAGE 1: Train MRT only (freq_layers=0)
============================================================
train 34369
val 11425
test 11425
    iters: 100, epoch: 1 | loss: 0.3186371 | speed: 0.0313s/iter; left: 123s
Epoch: 1, Steps: 134 | Train: 0.3730252 Vali: 0.4188791 Test: 0.3572427
Validation loss decreased (inf --> 0.418879).  Saving model ...
Updating learning rate to 0.005
    iters: 100, epoch: 2 | loss: 0.2955980 | speed: 0.0230s/iter; left: 87s
Epoch: 2, Steps: 134 | Train: 0.3072112 Vali: 0.4080463 Test: 0.3278007
Validation loss decreased (0.418879 --> 0.408046).  Saving model ...
Updating learning rate to 0.005
    iters: 100, epoch: 3 | loss: 0.2610715 | speed: 0.0205s/iter; left: 75s
Epoch: 3, Steps: 134 | Train: 0.2739189 Vali: 0.3859980 Test: 0.3174441
Validation loss decreased (0.408046 --> 0.385998).  Saving model ...
Updating learning rate to 0.005
    iters: 100, epoch: 4 | loss: 0.2710277 | speed: 0.0217s/iter; left: 76s
Epoch: 4, Steps: 134 | Train: 0.2628761 Vali: 0.3869317 Test: 0.3162915
EarlyStopping counter: 1 out of 15
Updating learning rate to 0.004
    iters: 100, epoch: 5 | loss: 0.2383154 | speed: 0.0253s/iter; left: 86s
Epoch: 5, Steps: 134 | Train: 0.2548172 Vali: 0.3875050 Test: 0.3140712
EarlyStopping counter: 2 out of 15
Updating learning rate to 0.0032000000000000006
    iters: 100, epoch: 6 | loss: 0.2563802 | speed: 0.0233s/iter; left: 76s
Epoch: 6, Steps: 134 | Train: 0.2506464 Vali: 0.3854860 Test: 0.3151182
Validation loss decreased (0.385998 --> 0.385486).  Saving model ...
Updating learning rate to 0.0025600000000000006
    iters: 100, epoch: 7 | loss: 0.2441060 | speed: 0.0211s/iter; left: 66s
Epoch: 7, Steps: 134 | Train: 0.2470797 Vali: 0.3928079 Test: 0.3189248
EarlyStopping counter: 1 out of 15
Updating learning rate to 0.0020480000000000003
    iters: 100, epoch: 8 | loss: 0.2435379 | speed: 0.0203s/iter; left: 61s
Epoch: 8, Steps: 134 | Train: 0.2441530 Vali: 0.3883510 Test: 0.3127299
EarlyStopping counter: 2 out of 15
Updating learning rate to 0.0016384000000000004
    iters: 100, epoch: 9 | loss: 0.2325374 | speed: 0.0231s/iter; left: 66s
Epoch: 9, Steps: 134 | Train: 0.2420553 Vali: 0.3899439 Test: 0.3138501
EarlyStopping counter: 3 out of 15
Updating learning rate to 0.0013107200000000005
    iters: 100, epoch: 10 | loss: 0.2505682 | speed: 0.0217s/iter; left: 59s
Epoch: 10, Steps: 134 | Train: 0.2394934 Vali: 0.3880239 Test: 0.3126480
EarlyStopping counter: 4 out of 15
Updating learning rate to 0.0010485760000000005
    iters: 100, epoch: 11 | loss: 0.2308311 | speed: 0.0241s/iter; left: 62s
Epoch: 11, Steps: 134 | Train: 0.2377918 Vali: 0.3913666 Test: 0.3156092
EarlyStopping counter: 5 out of 15
Updating learning rate to 0.0008388608000000005
    iters: 100, epoch: 12 | loss: 0.2343398 | speed: 0.0219s/iter; left: 54s
Epoch: 12, Steps: 134 | Train: 0.2362426 Vali: 0.3910863 Test: 0.3118458
EarlyStopping counter: 6 out of 15
Updating learning rate to 0.0006710886400000003
    iters: 100, epoch: 13 | loss: 0.2216136 | speed: 0.0214s/iter; left: 49s
Epoch: 13, Steps: 134 | Train: 0.2349214 Vali: 0.3914506 Test: 0.3142668
EarlyStopping counter: 7 out of 15
Updating learning rate to 0.0005368709120000003
    iters: 100, epoch: 14 | loss: 0.2327378 | speed: 0.0204s/iter; left: 44s
Epoch: 14, Steps: 134 | Train: 0.2339234 Vali: 0.3917461 Test: 0.3131183
EarlyStopping counter: 8 out of 15
Updating learning rate to 0.0004294967296000003
    iters: 100, epoch: 15 | loss: 0.2599248 | speed: 0.0220s/iter; left: 45s
Epoch: 15, Steps: 134 | Train: 0.2328953 Vali: 0.3937458 Test: 0.3139615
EarlyStopping counter: 9 out of 15
Updating learning rate to 0.0003435973836800002
    iters: 100, epoch: 16 | loss: 0.2402234 | speed: 0.0228s/iter; left: 44s
Epoch: 16, Steps: 134 | Train: 0.2321862 Vali: 0.3953275 Test: 0.3146327
EarlyStopping counter: 10 out of 15
Updating learning rate to 0.0002748779069440002
    iters: 100, epoch: 17 | loss: 0.2441731 | speed: 0.0231s/iter; left: 41s
Epoch: 17, Steps: 134 | Train: 0.2314563 Vali: 0.3945843 Test: 0.3144582
EarlyStopping counter: 11 out of 15
Updating learning rate to 0.00021990232555520019
    iters: 100, epoch: 18 | loss: 0.2448142 | speed: 0.0201s/iter; left: 33s
Epoch: 18, Steps: 134 | Train: 0.2310581 Vali: 0.3948587 Test: 0.3132849
EarlyStopping counter: 12 out of 15
Updating learning rate to 0.00017592186044416015
    iters: 100, epoch: 19 | loss: 0.2586991 | speed: 0.0194s/iter; left: 29s
Epoch: 19, Steps: 134 | Train: 0.2306172 Vali: 0.3948090 Test: 0.3137018
EarlyStopping counter: 13 out of 15
Updating learning rate to 0.00014073748835532812
    iters: 100, epoch: 20 | loss: 0.2207027 | speed: 0.0201s/iter; left: 28s
Epoch: 20, Steps: 134 | Train: 0.2301919 Vali: 0.3945316 Test: 0.3139434
EarlyStopping counter: 14 out of 15
Updating learning rate to 0.00011258999068426252
    iters: 100, epoch: 21 | loss: 0.2208274 | speed: 0.0197s/iter; left: 24s
Epoch: 21, Steps: 134 | Train: 0.2298582 Vali: 0.3954454 Test: 0.3138653
EarlyStopping counter: 15 out of 15
Early stopping at epoch 21
STAGE 1 RESULT: mse=0.3165, mae=0.3554, smape=68.9952

============================================================
STAGE 2: Load MRT + add Freq branch (frozen backbone/MRT/cycle, max_epochs=3, patience=3)
============================================================
train 34369
val 11425
test 11425
Loaded 10 params from stage1, 0 new (Freq branch)
Trainable: 344 / 100,013 (0.3%)  freeze_backbone=1
    iters: 100, epoch: 1 | loss: 0.2308950 | speed: 0.0224s/iter; left: 7s
Epoch: 1, Train: 0.2474574 Vali: 0.3852504
[diag s2-1]  freq.rs=-0.0199 mask.mean=0.438 mask.std=0.141  mrt.rs=-0.5227
Validation loss decreased (inf --> 0.385250).  Saving model ...
    iters: 100, epoch: 2 | loss: 0.2501292 | speed: 0.0194s/iter; left: 3s
Epoch: 2, Train: 0.2474425 Vali: 0.3848718
[diag s2-2]  freq.rs=-0.0375 mask.mean=0.438 mask.std=0.140  mrt.rs=-0.5227
Validation loss decreased (0.385250 --> 0.384872).  Saving model ...
    iters: 100, epoch: 3 | loss: 0.2267713 | speed: 0.0200s/iter; left: 1s
Epoch: 3, Train: 0.2473524 Vali: 0.3859553
[diag s2-3]  freq.rs=-0.0537 mask.mean=0.437 mask.std=0.139  mrt.rs=-0.5227
EarlyStopping counter: 1 out of 3
STAGE 2 complete.

============================================================
STAGE 2 ONLY: Testing from Stage 2 checkpoint
============================================================
train 34369
val 11425
test 11425
[diag stage2-final]  freq.rs=-0.0375 mask.mean=0.438 mask.std=0.140  mrt.rs=-0.5227

============================================================
FINAL RESULT (Stage 2 only): mse=0.3161, mae=0.3552, smape=68.9830
============================================================
