============================================================
CONFIGURATION
============================================================
Device     : cuda:0
Dataset    : ettm1
Pred len   : 96
Seed       : 2024

--- Data ---
enc_in     : 7
seq_len    : 96
cycle      : 96
use_revin  : 1
batch_size : 256

--- Model ---
model_type : mlp
d_model    : 512
mrt_layers : 1
freq_layers: 0
fusion     : mode=serial, gate=0, sparsity=0.0

--- Training ---
base_lr    : 0.005
Stage1     : epochs=30, patience=15
Stage2     : epochs=3, patience=3, freeze_backbone=1
Stage3 FreDF: False
Stage3a    : epochs=12, patience=6
Stage3b    : epochs=20, patience=10, freq×0.67 model×0.33 mrt×0.10
============================================================

============================================================
STAGE 1: Train MRT only (freq_layers=0)
============================================================
train 34369
val 11425
test 11425
    iters: 100, epoch: 1 | loss: 0.3186371 | speed: 0.0315s/iter; left: 123s
Epoch: 1, Steps: 134 | Train: 0.3730252 Vali: 0.4188791 Test: 0.3572427
Validation loss decreased (inf --> 0.418879).  Saving model ...
Updating learning rate to 0.005
    iters: 100, epoch: 2 | loss: 0.2956079 | speed: 0.0239s/iter; left: 91s
Epoch: 2, Steps: 134 | Train: 0.3072091 Vali: 0.4077709 Test: 0.3276916
Validation loss decreased (0.418879 --> 0.407771).  Saving model ...
Updating learning rate to 0.005
    iters: 100, epoch: 3 | loss: 0.2610859 | speed: 0.0208s/iter; left: 76s
Epoch: 3, Steps: 134 | Train: 0.2739355 Vali: 0.3858711 Test: 0.3176460
Validation loss decreased (0.407771 --> 0.385871).  Saving model ...
Updating learning rate to 0.005
    iters: 100, epoch: 4 | loss: 0.2706615 | speed: 0.0204s/iter; left: 72s
Epoch: 4, Steps: 134 | Train: 0.2629169 Vali: 0.3868628 Test: 0.3162852
EarlyStopping counter: 1 out of 15
Updating learning rate to 0.004
    iters: 100, epoch: 5 | loss: 0.2385695 | speed: 0.0198s/iter; left: 67s
Epoch: 5, Steps: 134 | Train: 0.2549434 Vali: 0.3883166 Test: 0.3144397
EarlyStopping counter: 2 out of 15
Updating learning rate to 0.0032000000000000006
    iters: 100, epoch: 6 | loss: 0.2567303 | speed: 0.0214s/iter; left: 70s
Epoch: 6, Steps: 134 | Train: 0.2507099 Vali: 0.3851574 Test: 0.3146549
Validation loss decreased (0.385871 --> 0.385157).  Saving model ...
Updating learning rate to 0.0025600000000000006
    iters: 100, epoch: 7 | loss: 0.2441123 | speed: 0.0242s/iter; left: 76s
Epoch: 7, Steps: 134 | Train: 0.2471185 Vali: 0.3930398 Test: 0.3189563
EarlyStopping counter: 1 out of 15
Updating learning rate to 0.0020480000000000003
    iters: 100, epoch: 8 | loss: 0.2435514 | speed: 0.0228s/iter; left: 68s
Epoch: 8, Steps: 134 | Train: 0.2442041 Vali: 0.3887912 Test: 0.3125808
EarlyStopping counter: 2 out of 15
Updating learning rate to 0.0016384000000000004
    iters: 100, epoch: 9 | loss: 0.2318653 | speed: 0.0212s/iter; left: 60s
Epoch: 9, Steps: 134 | Train: 0.2420839 Vali: 0.3903014 Test: 0.3136328
EarlyStopping counter: 3 out of 15
Updating learning rate to 0.0013107200000000005
    iters: 100, epoch: 10 | loss: 0.2504131 | speed: 0.0213s/iter; left: 58s
Epoch: 10, Steps: 134 | Train: 0.2395621 Vali: 0.3882920 Test: 0.3123274
EarlyStopping counter: 4 out of 15
Updating learning rate to 0.0010485760000000005
    iters: 100, epoch: 11 | loss: 0.2303499 | speed: 0.0203s/iter; left: 53s
Epoch: 11, Steps: 134 | Train: 0.2378596 Vali: 0.3920225 Test: 0.3153074
EarlyStopping counter: 5 out of 15
Updating learning rate to 0.0008388608000000005
    iters: 100, epoch: 12 | loss: 0.2356631 | speed: 0.0224s/iter; left: 55s
Epoch: 12, Steps: 134 | Train: 0.2363193 Vali: 0.3913659 Test: 0.3116788
EarlyStopping counter: 6 out of 15
Updating learning rate to 0.0006710886400000003
    iters: 100, epoch: 13 | loss: 0.2211070 | speed: 0.0251s/iter; left: 58s
Epoch: 13, Steps: 134 | Train: 0.2349765 Vali: 0.3919577 Test: 0.3140629
EarlyStopping counter: 7 out of 15
Updating learning rate to 0.0005368709120000003
    iters: 100, epoch: 14 | loss: 0.2328869 | speed: 0.0209s/iter; left: 46s
Epoch: 14, Steps: 134 | Train: 0.2339949 Vali: 0.3921282 Test: 0.3128887
EarlyStopping counter: 8 out of 15
Updating learning rate to 0.0004294967296000003
    iters: 100, epoch: 15 | loss: 0.2591218 | speed: 0.0209s/iter; left: 43s
Epoch: 15, Steps: 134 | Train: 0.2329467 Vali: 0.3942792 Test: 0.3136265
EarlyStopping counter: 9 out of 15
Updating learning rate to 0.0003435973836800002
    iters: 100, epoch: 16 | loss: 0.2401241 | speed: 0.0199s/iter; left: 38s
Epoch: 16, Steps: 134 | Train: 0.2322288 Vali: 0.3960308 Test: 0.3144944
EarlyStopping counter: 10 out of 15
Updating learning rate to 0.0002748779069440002
    iters: 100, epoch: 17 | loss: 0.2436769 | speed: 0.0181s/iter; left: 32s
Epoch: 17, Steps: 134 | Train: 0.2314827 Vali: 0.3950695 Test: 0.3142632
EarlyStopping counter: 11 out of 15
Updating learning rate to 0.00021990232555520019
    iters: 100, epoch: 18 | loss: 0.2446818 | speed: 0.0244s/iter; left: 40s
Epoch: 18, Steps: 134 | Train: 0.2311047 Vali: 0.3953790 Test: 0.3129762
EarlyStopping counter: 12 out of 15
Updating learning rate to 0.00017592186044416015
    iters: 100, epoch: 19 | loss: 0.2588637 | speed: 0.0205s/iter; left: 31s
Epoch: 19, Steps: 134 | Train: 0.2306522 Vali: 0.3953064 Test: 0.3134032
EarlyStopping counter: 13 out of 15
Updating learning rate to 0.00014073748835532812
    iters: 100, epoch: 20 | loss: 0.2211501 | speed: 0.0210s/iter; left: 29s
Epoch: 20, Steps: 134 | Train: 0.2302323 Vali: 0.3950546 Test: 0.3136381
EarlyStopping counter: 14 out of 15
Updating learning rate to 0.00011258999068426252
    iters: 100, epoch: 21 | loss: 0.2214850 | speed: 0.0225s/iter; left: 28s
Epoch: 21, Steps: 134 | Train: 0.2298822 Vali: 0.3958543 Test: 0.3135922
EarlyStopping counter: 15 out of 15
Early stopping at epoch 21
STAGE 1 RESULT: mse=0.3160, mae=0.3553, smape=69.0291

============================================================
STAGE 2: Load MRT + add Freq branch (frozen backbone/MRT/cycle, max_epochs=3, patience=3)
============================================================
train 34369
val 11425
test 11425
Loaded 10 params from stage1, 0 new (Freq branch)
Trainable: 344 / 100,013 (0.3%)  freeze_backbone=1
    iters: 100, epoch: 1 | loss: 0.2311063 | speed: 0.0182s/iter; left: 6s
Epoch: 1, Train: 0.2476108 Vali: 0.3849232
[diag s2-1]  freq.rs=-0.0200 mask.mean=0.438 mask.std=0.141  mrt.rs=-0.5233
Validation loss decreased (inf --> 0.384923).  Saving model ...
    iters: 100, epoch: 2 | loss: 0.2502797 | speed: 0.0235s/iter; left: 4s
Epoch: 2, Train: 0.2475952 Vali: 0.3845392
[diag s2-2]  freq.rs=-0.0379 mask.mean=0.438 mask.std=0.140  mrt.rs=-0.5233
Validation loss decreased (0.384923 --> 0.384539).  Saving model ...
    iters: 100, epoch: 3 | loss: 0.2269831 | speed: 0.0198s/iter; left: 1s
Epoch: 3, Train: 0.2475032 Vali: 0.3856245
[diag s2-3]  freq.rs=-0.0547 mask.mean=0.437 mask.std=0.139  mrt.rs=-0.5233
EarlyStopping counter: 1 out of 3
STAGE 2 complete.

============================================================
SKIPPING Stage 3a (--no_stage3a): Stage 2 -> Stage 3b directly
============================================================

============================================================
STAGE 3b: Unfreeze all, group-wise LR (base=0.001500, max_epochs=20, patience=10) (pure MSE)
  LR groups: freq/gate ×0.67, model ×0.33, mrt/cycle ×0.10
============================================================
train 34369
val 11425
test 11425
Loaded stage3a checkpoint, unfreezing all parameters.
  Group freq/gate: 344 params, LR=0.001005
  Group model: 98,912 params, LR=0.000495
  Group mrt/cycle: 757 params, LR=0.000150
    iters: 100, epoch: 1 | loss: 0.2406715 | speed: 0.0221s/iter; left: 57s
Epoch: 1, Steps: 134 | Train: 0.2448432 Vali: 0.3842022 Test: 0.3107976
[diag 3b-1]  freq.rs=-0.0351 mask.mean=0.437 mask.std=0.140  mrt.rs=-0.5249
Validation loss decreased (inf --> 0.384202).  Saving model ...
Updating learning rate to 0.005
    iters: 100, epoch: 2 | loss: 0.2436950 | speed: 0.0245s/iter; left: 60s
Epoch: 2, Steps: 134 | Train: 0.2517016 Vali: 0.3914494 Test: 0.3169493
[diag 3b-2]  freq.rs=-0.2105 mask.mean=0.443 mask.std=0.149  mrt.rs=-0.5480
EarlyStopping counter: 1 out of 10
Updating learning rate to 0.005
    iters: 100, epoch: 3 | loss: 0.2258490 | speed: 0.0200s/iter; left: 46s
Epoch: 3, Steps: 134 | Train: 0.2477522 Vali: 0.3951399 Test: 0.3183922
[diag 3b-3]  freq.rs=-0.3704 mask.mean=0.444 mask.std=0.175  mrt.rs=-0.5584
EarlyStopping counter: 2 out of 10
Updating learning rate to 0.005
    iters: 100, epoch: 4 | loss: 0.2649613 | speed: 0.0264s/iter; left: 58s
Epoch: 4, Steps: 134 | Train: 0.2440262 Vali: 0.3928475 Test: 0.3174461
[diag 3b-4]  freq.rs=-0.5317 mask.mean=0.448 mask.std=0.199  mrt.rs=-0.5630
EarlyStopping counter: 3 out of 10
Updating learning rate to 0.004
    iters: 100, epoch: 5 | loss: 0.2389569 | speed: 0.0221s/iter; left: 45s
Epoch: 5, Steps: 134 | Train: 0.2396307 Vali: 0.3940930 Test: 0.3177594
[diag 3b-5]  freq.rs=-0.5897 mask.mean=0.448 mask.std=0.211  mrt.rs=-0.5636
EarlyStopping counter: 4 out of 10
Updating learning rate to 0.0032000000000000006
    iters: 100, epoch: 6 | loss: 0.2440973 | speed: 0.0212s/iter; left: 41s
Epoch: 6, Steps: 134 | Train: 0.2363041 Vali: 0.3965535 Test: 0.3201316
[diag 3b-6]  freq.rs=-0.6035 mask.mean=0.446 mask.std=0.217  mrt.rs=-0.5636
EarlyStopping counter: 5 out of 10
Updating learning rate to 0.0025600000000000006
    iters: 100, epoch: 7 | loss: 0.2159736 | speed: 0.0218s/iter; left: 39s
Epoch: 7, Steps: 134 | Train: 0.2331407 Vali: 0.3933564 Test: 0.3178657
[diag 3b-7]  freq.rs=-0.6250 mask.mean=0.445 mask.std=0.222  mrt.rs=-0.5666
EarlyStopping counter: 6 out of 10
Updating learning rate to 0.0020480000000000003
    iters: 100, epoch: 8 | loss: 0.2360656 | speed: 0.0246s/iter; left: 40s
Epoch: 8, Steps: 134 | Train: 0.2308352 Vali: 0.4036724 Test: 0.3208668
[diag 3b-8]  freq.rs=-0.6261 mask.mean=0.443 mask.std=0.225  mrt.rs=-0.5648
EarlyStopping counter: 7 out of 10
Updating learning rate to 0.0016384000000000004
    iters: 100, epoch: 9 | loss: 0.2271328 | speed: 0.0254s/iter; left: 38s
Epoch: 9, Steps: 134 | Train: 0.2283371 Vali: 0.4010366 Test: 0.3203188
[diag 3b-9]  freq.rs=-0.6229 mask.mean=0.442 mask.std=0.227  mrt.rs=-0.5628
EarlyStopping counter: 8 out of 10
Updating learning rate to 0.0013107200000000005
    iters: 100, epoch: 10 | loss: 0.2261252 | speed: 0.0236s/iter; left: 33s
Epoch: 10, Steps: 134 | Train: 0.2263616 Vali: 0.4048434 Test: 0.3207118
[diag 3b-10]  freq.rs=-0.6181 mask.mean=0.442 mask.std=0.229  mrt.rs=-0.5635
EarlyStopping counter: 9 out of 10
Updating learning rate to 0.0010485760000000005
    iters: 100, epoch: 11 | loss: 0.2236601 | speed: 0.0174s/iter; left: 22s
Epoch: 11, Steps: 134 | Train: 0.2247225 Vali: 0.4034715 Test: 0.3212242
[diag 3b-11]  freq.rs=-0.6094 mask.mean=0.441 mask.std=0.231  mrt.rs=-0.5634
EarlyStopping counter: 10 out of 10
Early stopping at epoch 11

============================================================
FINAL RESULT (Stage 3b): mse=0.3121, mae=0.3524, smape=68.8010
============================================================
[diag 3b-final]  freq.rs=-0.0351 mask.mean=0.437 mask.std=0.140  mrt.rs=-0.5249
