============================================================
CONFIGURATION
============================================================
Device     : cuda:0
Dataset    : ettm1
Pred len   : 192
Seed       : 2024

--- Data ---
enc_in     : 7
seq_len    : 96
cycle      : 96
use_revin  : 1
batch_size : 256

--- Model ---
model_type : mlp
d_model    : 512
mrt_layers : 1
freq_layers: 0
fusion     : mode=serial, gate=0, sparsity=0.0

--- Training ---
base_lr    : 0.005
Stage1     : epochs=30, patience=15
Stage2     : epochs=3, patience=3, freeze_backbone=1
Stage3 FreDF: False
Stage3a    : epochs=12, patience=6
Stage3b    : epochs=20, patience=10, freq×0.67 model×0.33 mrt×0.10
============================================================

============================================================
STAGE 1: Train MRT only (freq_layers=0)
============================================================
train 34273
val 11329
test 11329
    iters: 100, epoch: 1 | loss: 0.3805581 | speed: 0.0445s/iter; left: 173s
Epoch: 1, Steps: 133 | Train: 0.4015851 Vali: 0.5427077 Test: 0.3951090
Validation loss decreased (inf --> 0.542708).  Saving model ...
Updating learning rate to 0.005
    iters: 100, epoch: 2 | loss: 0.3554876 | speed: 0.0310s/iter; left: 117s
Epoch: 2, Steps: 133 | Train: 0.3488559 Vali: 0.5239196 Test: 0.3686208
Validation loss decreased (0.542708 --> 0.523920).  Saving model ...
Updating learning rate to 0.005
    iters: 100, epoch: 3 | loss: 0.3419490 | speed: 0.0361s/iter; left: 131s
Epoch: 3, Steps: 133 | Train: 0.3244605 Vali: 0.5080869 Test: 0.3580714
Validation loss decreased (0.523920 --> 0.508087).  Saving model ...
Updating learning rate to 0.005
    iters: 100, epoch: 4 | loss: 0.3315634 | speed: 0.0326s/iter; left: 114s
Epoch: 4, Steps: 133 | Train: 0.3141263 Vali: 0.5082462 Test: 0.3600556
EarlyStopping counter: 1 out of 15
Updating learning rate to 0.004
    iters: 100, epoch: 5 | loss: 0.3172856 | speed: 0.0323s/iter; left: 108s
Epoch: 5, Steps: 133 | Train: 0.3074815 Vali: 0.5025036 Test: 0.3553862
Validation loss decreased (0.508087 --> 0.502504).  Saving model ...
Updating learning rate to 0.0032000000000000006
    iters: 100, epoch: 6 | loss: 0.3080828 | speed: 0.0310s/iter; left: 100s
Epoch: 6, Steps: 133 | Train: 0.3031454 Vali: 0.5017712 Test: 0.3564453
Validation loss decreased (0.502504 --> 0.501771).  Saving model ...
Updating learning rate to 0.0025600000000000006
    iters: 100, epoch: 7 | loss: 0.3179086 | speed: 0.0373s/iter; left: 115s
Epoch: 7, Steps: 133 | Train: 0.3004176 Vali: 0.4993747 Test: 0.3525708
Validation loss decreased (0.501771 --> 0.499375).  Saving model ...
Updating learning rate to 0.0020480000000000003
    iters: 100, epoch: 8 | loss: 0.3074726 | speed: 0.0344s/iter; left: 102s
Epoch: 8, Steps: 133 | Train: 0.2974879 Vali: 0.4999168 Test: 0.3550391
EarlyStopping counter: 1 out of 15
Updating learning rate to 0.0016384000000000004
    iters: 100, epoch: 9 | loss: 0.2984239 | speed: 0.0307s/iter; left: 87s
Epoch: 9, Steps: 133 | Train: 0.2948484 Vali: 0.4999958 Test: 0.3559427
EarlyStopping counter: 2 out of 15
Updating learning rate to 0.0013107200000000005
    iters: 100, epoch: 10 | loss: 0.2950400 | speed: 0.0325s/iter; left: 87s
Epoch: 10, Steps: 133 | Train: 0.2932757 Vali: 0.4994092 Test: 0.3551980
EarlyStopping counter: 3 out of 15
Updating learning rate to 0.0010485760000000005
    iters: 100, epoch: 11 | loss: 0.2809152 | speed: 0.0359s/iter; left: 92s
Epoch: 11, Steps: 133 | Train: 0.2914236 Vali: 0.5029526 Test: 0.3546376
EarlyStopping counter: 4 out of 15
Updating learning rate to 0.0008388608000000005
    iters: 100, epoch: 12 | loss: 0.3105192 | speed: 0.0325s/iter; left: 79s
Epoch: 12, Steps: 133 | Train: 0.2897882 Vali: 0.5028477 Test: 0.3538836
EarlyStopping counter: 5 out of 15
Updating learning rate to 0.0006710886400000003
    iters: 100, epoch: 13 | loss: 0.2791871 | speed: 0.0309s/iter; left: 71s
Epoch: 13, Steps: 133 | Train: 0.2884048 Vali: 0.5014655 Test: 0.3541066
EarlyStopping counter: 6 out of 15
Updating learning rate to 0.0005368709120000003
    iters: 100, epoch: 14 | loss: 0.3159342 | speed: 0.0226s/iter; left: 49s
Epoch: 14, Steps: 133 | Train: 0.2872638 Vali: 0.5011847 Test: 0.3552881
EarlyStopping counter: 7 out of 15
Updating learning rate to 0.0004294967296000003
    iters: 100, epoch: 15 | loss: 0.2710942 | speed: 0.0197s/iter; left: 40s
Epoch: 15, Steps: 133 | Train: 0.2864821 Vali: 0.5025141 Test: 0.3548143
EarlyStopping counter: 8 out of 15
Updating learning rate to 0.0003435973836800002
    iters: 100, epoch: 16 | loss: 0.2885950 | speed: 0.0300s/iter; left: 57s
Epoch: 16, Steps: 133 | Train: 0.2854290 Vali: 0.5028332 Test: 0.3556735
EarlyStopping counter: 9 out of 15
Updating learning rate to 0.0002748779069440002
    iters: 100, epoch: 17 | loss: 0.2697689 | speed: 0.0352s/iter; left: 62s
Epoch: 17, Steps: 133 | Train: 0.2851304 Vali: 0.5035076 Test: 0.3549577
EarlyStopping counter: 10 out of 15
Updating learning rate to 0.00021990232555520019
    iters: 100, epoch: 18 | loss: 0.2978730 | speed: 0.0359s/iter; left: 59s
Epoch: 18, Steps: 133 | Train: 0.2845351 Vali: 0.5024968 Test: 0.3553898
EarlyStopping counter: 11 out of 15
Updating learning rate to 0.00017592186044416015
    iters: 100, epoch: 19 | loss: 0.3067588 | speed: 0.0361s/iter; left: 54s
Epoch: 19, Steps: 133 | Train: 0.2842057 Vali: 0.5041282 Test: 0.3552567
EarlyStopping counter: 12 out of 15
Updating learning rate to 0.00014073748835532812
    iters: 100, epoch: 20 | loss: 0.2713803 | speed: 0.0266s/iter; left: 36s
Epoch: 20, Steps: 133 | Train: 0.2838490 Vali: 0.5034061 Test: 0.3556950
EarlyStopping counter: 13 out of 15
Updating learning rate to 0.00011258999068426252
    iters: 100, epoch: 21 | loss: 0.2651339 | speed: 0.0318s/iter; left: 39s
Epoch: 21, Steps: 133 | Train: 0.2833282 Vali: 0.5027606 Test: 0.3556017
EarlyStopping counter: 14 out of 15
Updating learning rate to 9.007199254741001e-05
    iters: 100, epoch: 22 | loss: 0.2949345 | speed: 0.0298s/iter; left: 33s
Epoch: 22, Steps: 133 | Train: 0.2834956 Vali: 0.5033848 Test: 0.3554980
EarlyStopping counter: 15 out of 15
Early stopping at epoch 22
STAGE 1 RESULT: mse=0.3530, mae=0.3752, smape=71.8272

============================================================
STAGE 2: Load MRT + add Freq branch (frozen backbone/MRT/cycle, max_epochs=3, patience=3)
============================================================
train 34273
val 11329
test 11329
Loaded 10 params from stage1, 0 new (Freq branch)
Trainable: 344 / 149,261 (0.2%)  freeze_backbone=1
    iters: 100, epoch: 1 | loss: 0.9054197 | speed: 0.0332s/iter; left: 10s
Epoch: 1, Train: 0.9076654 Vali: 0.4998225
[diag s2-1]  freq.rs=-0.0120 mask.mean=0.438 mask.std=0.141  mrt.rs=+0.4503
Validation loss decreased (inf --> 0.499822).  Saving model ...
    iters: 100, epoch: 2 | loss: 0.8980315 | speed: 0.0302s/iter; left: 5s
Epoch: 2, Train: 0.9073248 Vali: 0.5006215
[diag s2-2]  freq.rs=-0.0211 mask.mean=0.439 mask.std=0.141  mrt.rs=+0.4503
EarlyStopping counter: 1 out of 3
    iters: 100, epoch: 3 | loss: 0.9101561 | speed: 0.0325s/iter; left: 1s
Epoch: 3, Train: 0.9074311 Vali: 0.5000529
[diag s2-3]  freq.rs=-0.0294 mask.mean=0.439 mask.std=0.141  mrt.rs=+0.4503
EarlyStopping counter: 2 out of 3
STAGE 2 complete.

============================================================
SKIPPING Stage 3a (--no_stage3a): Stage 2 -> Stage 3b directly
============================================================

============================================================
STAGE 3b: Unfreeze all, group-wise LR (base=0.001500, max_epochs=20, patience=10) (pure MSE)
  LR groups: freq/gate ×0.67, model ×0.33, mrt/cycle ×0.10
============================================================
train 34273
val 11329
test 11329
Loaded stage3a checkpoint, unfreezing all parameters.
  Group freq/gate: 344 params, LR=0.001005
  Group model: 148,160 params, LR=0.000495
  Group mrt/cycle: 757 params, LR=0.000150
    iters: 100, epoch: 1 | loss: 0.2936960 | speed: 0.0340s/iter; left: 87s
Epoch: 1, Steps: 133 | Train: 0.2956871 Vali: 0.4981610 Test: 0.3513479
[diag 3b-1]  freq.rs=-0.0068 mask.mean=0.438 mask.std=0.141  mrt.rs=+0.4480
Validation loss decreased (inf --> 0.498161).  Saving model ...
Updating learning rate to 0.005
    iters: 100, epoch: 2 | loss: 0.2887373 | speed: 0.0342s/iter; left: 83s
Epoch: 2, Steps: 133 | Train: 0.3028587 Vali: 0.5022124 Test: 0.3583129
[diag 3b-2]  freq.rs=-0.1674 mask.mean=0.445 mask.std=0.147  mrt.rs=+0.4812
EarlyStopping counter: 1 out of 10
Updating learning rate to 0.005
    iters: 100, epoch: 3 | loss: 0.3277030 | speed: 0.0321s/iter; left: 74s
Epoch: 3, Steps: 133 | Train: 0.2977526 Vali: 0.5051429 Test: 0.3580703
[diag 3b-3]  freq.rs=-0.3454 mask.mean=0.447 mask.std=0.178  mrt.rs=+0.4928
EarlyStopping counter: 2 out of 10
Updating learning rate to 0.005
    iters: 100, epoch: 4 | loss: 0.2596586 | speed: 0.0341s/iter; left: 74s
Epoch: 4, Steps: 133 | Train: 0.2951750 Vali: 0.5033178 Test: 0.3615526
[diag 3b-4]  freq.rs=-0.5390 mask.mean=0.452 mask.std=0.209  mrt.rs=+0.5003
EarlyStopping counter: 3 out of 10
Updating learning rate to 0.004
    iters: 100, epoch: 5 | loss: 0.3187777 | speed: 0.0337s/iter; left: 68s
Epoch: 5, Steps: 133 | Train: 0.2907115 Vali: 0.5024226 Test: 0.3589243
[diag 3b-5]  freq.rs=-0.6002 mask.mean=0.451 mask.std=0.223  mrt.rs=+0.4993
EarlyStopping counter: 4 out of 10
Updating learning rate to 0.0032000000000000006
    iters: 100, epoch: 6 | loss: 0.2624179 | speed: 0.0306s/iter; left: 58s
Epoch: 6, Steps: 133 | Train: 0.2867155 Vali: 0.5027032 Test: 0.3610409
[diag 3b-6]  freq.rs=-0.6322 mask.mean=0.451 mask.std=0.230  mrt.rs=+0.4994
EarlyStopping counter: 5 out of 10
Updating learning rate to 0.0025600000000000006
    iters: 100, epoch: 7 | loss: 0.3058776 | speed: 0.0329s/iter; left: 58s
Epoch: 7, Steps: 133 | Train: 0.2840479 Vali: 0.5048773 Test: 0.3609725
[diag 3b-7]  freq.rs=-0.6495 mask.mean=0.451 mask.std=0.234  mrt.rs=+0.5021
EarlyStopping counter: 6 out of 10
Updating learning rate to 0.0020480000000000003
    iters: 100, epoch: 8 | loss: 0.2952347 | speed: 0.0337s/iter; left: 55s
Epoch: 8, Steps: 133 | Train: 0.2811184 Vali: 0.5065012 Test: 0.3615165
[diag 3b-8]  freq.rs=-0.6541 mask.mean=0.450 mask.std=0.237  mrt.rs=+0.5004
EarlyStopping counter: 7 out of 10
Updating learning rate to 0.0016384000000000004
    iters: 100, epoch: 9 | loss: 0.2855590 | speed: 0.0331s/iter; left: 50s
Epoch: 9, Steps: 133 | Train: 0.2792773 Vali: 0.5095306 Test: 0.3619888
[diag 3b-9]  freq.rs=-0.6516 mask.mean=0.448 mask.std=0.239  mrt.rs=+0.5015
EarlyStopping counter: 8 out of 10
Updating learning rate to 0.0013107200000000005
    iters: 100, epoch: 10 | loss: 0.2898499 | speed: 0.0268s/iter; left: 37s
Epoch: 10, Steps: 133 | Train: 0.2772161 Vali: 0.5114670 Test: 0.3617883
[diag 3b-10]  freq.rs=-0.6526 mask.mean=0.448 mask.std=0.241  mrt.rs=+0.5014
EarlyStopping counter: 9 out of 10
Updating learning rate to 0.0010485760000000005
    iters: 100, epoch: 11 | loss: 0.2671728 | speed: 0.0350s/iter; left: 43s
Epoch: 11, Steps: 133 | Train: 0.2757205 Vali: 0.5115125 Test: 0.3623565
[diag 3b-11]  freq.rs=-0.6461 mask.mean=0.447 mask.std=0.243  mrt.rs=+0.4992
EarlyStopping counter: 10 out of 10
Early stopping at epoch 11

============================================================
FINAL RESULT (Stage 3b): mse=0.3521, mae=0.3750, smape=71.5766
============================================================
[diag 3b-final]  freq.rs=-0.0068 mask.mean=0.438 mask.std=0.141  mrt.rs=+0.4480
