============================================================
CONFIGURATION
============================================================
Device     : cuda:0
Dataset    : ettm1
Pred len   : 336
Seed       : 2024

--- Data ---
enc_in     : 7
seq_len    : 96
cycle      : 96
use_revin  : 1
batch_size : 256

--- Model ---
model_type : mlp
d_model    : 512
mrt_layers : 1
freq_layers: 0
fusion     : mode=serial, gate=0, sparsity=0.0

--- Training ---
base_lr    : 0.005
Stage1     : epochs=30, patience=15
Stage2     : epochs=3, patience=3, freeze_backbone=1
Stage3 FreDF: False
Stage3a    : epochs=12, patience=6
Stage3b    : epochs=20, patience=10, freq×0.67 model×0.33 mrt×0.10
============================================================

============================================================
STAGE 1: Train MRT only (freq_layers=0)
============================================================
train 34129
val 11185
test 11185
    iters: 100, epoch: 1 | loss: 0.4131836 | speed: 0.0384s/iter; left: 150s
Epoch: 1, Steps: 133 | Train: 0.4486127 Vali: 0.6921597 Test: 0.4284741
Validation loss decreased (inf --> 0.692160).  Saving model ...
Updating learning rate to 0.005
    iters: 100, epoch: 2 | loss: 0.4231414 | speed: 0.0229s/iter; left: 86s
Epoch: 2, Steps: 133 | Train: 0.3990457 Vali: 0.6713804 Test: 0.4050292
Validation loss decreased (0.692160 --> 0.671380).  Saving model ...
Updating learning rate to 0.005
    iters: 100, epoch: 3 | loss: 0.3817481 | speed: 0.0229s/iter; left: 83s
Epoch: 3, Steps: 133 | Train: 0.3752821 Vali: 0.6553053 Test: 0.3971056
Validation loss decreased (0.671380 --> 0.655305).  Saving model ...
Updating learning rate to 0.005
    iters: 100, epoch: 4 | loss: 0.3708270 | speed: 0.0330s/iter; left: 115s
Epoch: 4, Steps: 133 | Train: 0.3643401 Vali: 0.6461818 Test: 0.3906277
Validation loss decreased (0.655305 --> 0.646182).  Saving model ...
Updating learning rate to 0.004
    iters: 100, epoch: 5 | loss: 0.3270566 | speed: 0.0305s/iter; left: 102s
Epoch: 5, Steps: 133 | Train: 0.3579048 Vali: 0.6451517 Test: 0.3874446
Validation loss decreased (0.646182 --> 0.645152).  Saving model ...
Updating learning rate to 0.0032000000000000006
    iters: 100, epoch: 6 | loss: 0.3302010 | speed: 0.0332s/iter; left: 107s
Epoch: 6, Steps: 133 | Train: 0.3535093 Vali: 0.6453554 Test: 0.3866119
EarlyStopping counter: 1 out of 15
Updating learning rate to 0.0025600000000000006
    iters: 100, epoch: 7 | loss: 0.3419684 | speed: 0.0327s/iter; left: 101s
Epoch: 7, Steps: 133 | Train: 0.3502398 Vali: 0.6460292 Test: 0.3870538
EarlyStopping counter: 2 out of 15
Updating learning rate to 0.0020480000000000003
    iters: 100, epoch: 8 | loss: 0.3375425 | speed: 0.0237s/iter; left: 70s
Epoch: 8, Steps: 133 | Train: 0.3475932 Vali: 0.6447840 Test: 0.3881827
Validation loss decreased (0.645152 --> 0.644784).  Saving model ...
Updating learning rate to 0.0016384000000000004
    iters: 100, epoch: 9 | loss: 0.3238181 | speed: 0.0216s/iter; left: 61s
Epoch: 9, Steps: 133 | Train: 0.3451912 Vali: 0.6460334 Test: 0.3884568
EarlyStopping counter: 1 out of 15
Updating learning rate to 0.0013107200000000005
    iters: 100, epoch: 10 | loss: 0.3716571 | speed: 0.0250s/iter; left: 67s
Epoch: 10, Steps: 133 | Train: 0.3433240 Vali: 0.6442675 Test: 0.3903753
Validation loss decreased (0.644784 --> 0.644267).  Saving model ...
Updating learning rate to 0.0010485760000000005
    iters: 100, epoch: 11 | loss: 0.3560981 | speed: 0.0238s/iter; left: 61s
Epoch: 11, Steps: 133 | Train: 0.3414273 Vali: 0.6423096 Test: 0.3873593
Validation loss decreased (0.644267 --> 0.642310).  Saving model ...
Updating learning rate to 0.0008388608000000005
    iters: 100, epoch: 12 | loss: 0.3595381 | speed: 0.0223s/iter; left: 54s
Epoch: 12, Steps: 133 | Train: 0.3400065 Vali: 0.6438577 Test: 0.3883010
EarlyStopping counter: 1 out of 15
Updating learning rate to 0.0006710886400000003
    iters: 100, epoch: 13 | loss: 0.3417221 | speed: 0.0227s/iter; left: 52s
Epoch: 13, Steps: 133 | Train: 0.3385199 Vali: 0.6430160 Test: 0.3886986
EarlyStopping counter: 2 out of 15
Updating learning rate to 0.0005368709120000003
    iters: 100, epoch: 14 | loss: 0.3321199 | speed: 0.0223s/iter; left: 48s
Epoch: 14, Steps: 133 | Train: 0.3376090 Vali: 0.6447481 Test: 0.3879246
EarlyStopping counter: 3 out of 15
Updating learning rate to 0.0004294967296000003
    iters: 100, epoch: 15 | loss: 0.3277090 | speed: 0.0220s/iter; left: 45s
Epoch: 15, Steps: 133 | Train: 0.3367081 Vali: 0.6450209 Test: 0.3888254
EarlyStopping counter: 4 out of 15
Updating learning rate to 0.0003435973836800002
    iters: 100, epoch: 16 | loss: 0.3171585 | speed: 0.0238s/iter; left: 45s
Epoch: 16, Steps: 133 | Train: 0.3359190 Vali: 0.6456501 Test: 0.3888395
EarlyStopping counter: 5 out of 15
Updating learning rate to 0.0002748779069440002
    iters: 100, epoch: 17 | loss: 0.3131799 | speed: 0.0331s/iter; left: 58s
Epoch: 17, Steps: 133 | Train: 0.3353053 Vali: 0.6461608 Test: 0.3883233
EarlyStopping counter: 6 out of 15
Updating learning rate to 0.00021990232555520019
    iters: 100, epoch: 18 | loss: 0.3542373 | speed: 0.0385s/iter; left: 63s
Epoch: 18, Steps: 133 | Train: 0.3348117 Vali: 0.6457652 Test: 0.3883827
EarlyStopping counter: 7 out of 15
Updating learning rate to 0.00017592186044416015
    iters: 100, epoch: 19 | loss: 0.3322493 | speed: 0.0355s/iter; left: 53s
Epoch: 19, Steps: 133 | Train: 0.3344966 Vali: 0.6470276 Test: 0.3893291
EarlyStopping counter: 8 out of 15
Updating learning rate to 0.00014073748835532812
    iters: 100, epoch: 20 | loss: 0.2996458 | speed: 0.0377s/iter; left: 51s
Epoch: 20, Steps: 133 | Train: 0.3338817 Vali: 0.6446053 Test: 0.3891790
EarlyStopping counter: 9 out of 15
Updating learning rate to 0.00011258999068426252
    iters: 100, epoch: 21 | loss: 0.3300325 | speed: 0.0364s/iter; left: 45s
Epoch: 21, Steps: 133 | Train: 0.3338227 Vali: 0.6460097 Test: 0.3891348
EarlyStopping counter: 10 out of 15
Updating learning rate to 9.007199254741001e-05
    iters: 100, epoch: 22 | loss: 0.3339792 | speed: 0.0343s/iter; left: 38s
Epoch: 22, Steps: 133 | Train: 0.3335534 Vali: 0.6453305 Test: 0.3894958
EarlyStopping counter: 11 out of 15
Updating learning rate to 7.205759403792801e-05
    iters: 100, epoch: 23 | loss: 0.3520893 | speed: 0.0388s/iter; left: 37s
Epoch: 23, Steps: 133 | Train: 0.3332673 Vali: 0.6452777 Test: 0.3895104
EarlyStopping counter: 12 out of 15
Updating learning rate to 5.764607523034242e-05
    iters: 100, epoch: 24 | loss: 0.3184252 | speed: 0.0355s/iter; left: 30s
Epoch: 24, Steps: 133 | Train: 0.3330994 Vali: 0.6459783 Test: 0.3894674
EarlyStopping counter: 13 out of 15
Updating learning rate to 4.611686018427394e-05
    iters: 100, epoch: 25 | loss: 0.3234631 | speed: 0.0374s/iter; left: 26s
Epoch: 25, Steps: 133 | Train: 0.3330573 Vali: 0.6463707 Test: 0.3894274
EarlyStopping counter: 14 out of 15
Updating learning rate to 3.689348814741915e-05
    iters: 100, epoch: 26 | loss: 0.3269560 | speed: 0.0359s/iter; left: 20s
Epoch: 26, Steps: 133 | Train: 0.3329975 Vali: 0.6461466 Test: 0.3893433
EarlyStopping counter: 15 out of 15
Early stopping at epoch 26
STAGE 1 RESULT: mse=0.3868, mae=0.4012, smape=75.1944

============================================================
STAGE 2: Load MRT + add Freq branch (frozen backbone/MRT/cycle, max_epochs=3, patience=3)
============================================================
train 34129
val 11185
test 11185
Loaded 10 params from stage1, 0 new (Freq branch)
Trainable: 344 / 223,133 (0.2%)  freeze_backbone=1
    iters: 100, epoch: 1 | loss: 1.1894977 | speed: 0.0298s/iter; left: 9s
Epoch: 1, Train: 1.1638471 Vali: 0.6435608
[diag s2-1]  freq.rs=-0.0123 mask.mean=0.438 mask.std=0.141  mrt.rs=+0.4126
Validation loss decreased (inf --> 0.643561).  Saving model ...
    iters: 100, epoch: 2 | loss: 1.1420307 | speed: 0.0214s/iter; left: 4s
Epoch: 2, Train: 1.1640625 Vali: 0.6439487
[diag s2-2]  freq.rs=-0.0196 mask.mean=0.438 mask.std=0.140  mrt.rs=+0.4126
EarlyStopping counter: 1 out of 3
    iters: 100, epoch: 3 | loss: 1.1743747 | speed: 0.0207s/iter; left: 1s
Epoch: 3, Train: 1.1640698 Vali: 0.6438430
[diag s2-3]  freq.rs=-0.0255 mask.mean=0.438 mask.std=0.140  mrt.rs=+0.4126
EarlyStopping counter: 2 out of 3
STAGE 2 complete.

============================================================
SKIPPING Stage 3a (--no_stage3a): Stage 2 -> Stage 3b directly
============================================================

============================================================
STAGE 3b: Unfreeze all, group-wise LR (base=0.001500, max_epochs=20, patience=10) (pure MSE)
  LR groups: freq/gate ×0.67, model ×0.33, mrt/cycle ×0.10
============================================================
train 34129
val 11185
test 11185
Loaded stage3a checkpoint, unfreezing all parameters.
  Group freq/gate: 344 params, LR=0.001005
  Group model: 222,032 params, LR=0.000495
  Group mrt/cycle: 757 params, LR=0.000150
    iters: 100, epoch: 1 | loss: 0.3440277 | speed: 0.0281s/iter; left: 72s
Epoch: 1, Steps: 133 | Train: 0.3385148 Vali: 0.6428844 Test: 0.3856945
[diag 3b-1]  freq.rs=-0.0070 mask.mean=0.438 mask.std=0.141  mrt.rs=+0.4111
Validation loss decreased (inf --> 0.642884).  Saving model ...
Updating learning rate to 0.005
    iters: 100, epoch: 2 | loss: 0.3332173 | speed: 0.0377s/iter; left: 92s
Epoch: 2, Steps: 133 | Train: 0.3482353 Vali: 0.6450573 Test: 0.3943635
[diag 3b-2]  freq.rs=-0.1458 mask.mean=0.446 mask.std=0.147  mrt.rs=+0.4510
EarlyStopping counter: 1 out of 10
Updating learning rate to 0.005
    iters: 100, epoch: 3 | loss: 0.3375646 | speed: 0.0359s/iter; left: 82s
Epoch: 3, Steps: 133 | Train: 0.3453784 Vali: 0.6464975 Test: 0.3931681
[diag 3b-3]  freq.rs=-0.2990 mask.mean=0.455 mask.std=0.178  mrt.rs=+0.4590
EarlyStopping counter: 2 out of 10
Updating learning rate to 0.005
    iters: 100, epoch: 4 | loss: 0.3540172 | speed: 0.0365s/iter; left: 79s
Epoch: 4, Steps: 133 | Train: 0.3428451 Vali: 0.6453535 Test: 0.3908725
[diag 3b-4]  freq.rs=-0.4862 mask.mean=0.460 mask.std=0.211  mrt.rs=+0.4709
EarlyStopping counter: 3 out of 10
Updating learning rate to 0.004
    iters: 100, epoch: 5 | loss: 0.3508053 | speed: 0.0352s/iter; left: 71s
Epoch: 5, Steps: 133 | Train: 0.3385511 Vali: 0.6465680 Test: 0.3943615
[diag 3b-5]  freq.rs=-0.5416 mask.mean=0.459 mask.std=0.227  mrt.rs=+0.4697
EarlyStopping counter: 4 out of 10
Updating learning rate to 0.0032000000000000006
    iters: 100, epoch: 6 | loss: 0.3554746 | speed: 0.0346s/iter; left: 66s
Epoch: 6, Steps: 133 | Train: 0.3355778 Vali: 0.6429923 Test: 0.3943121
[diag 3b-6]  freq.rs=-0.5776 mask.mean=0.458 mask.std=0.235  mrt.rs=+0.4760
EarlyStopping counter: 5 out of 10
Updating learning rate to 0.0025600000000000006
    iters: 100, epoch: 7 | loss: 0.3458822 | speed: 0.0370s/iter; left: 65s
Epoch: 7, Steps: 133 | Train: 0.3326885 Vali: 0.6485347 Test: 0.3953803
[diag 3b-7]  freq.rs=-0.5846 mask.mean=0.456 mask.std=0.241  mrt.rs=+0.4757
EarlyStopping counter: 6 out of 10
Updating learning rate to 0.0020480000000000003
    iters: 100, epoch: 8 | loss: 0.3288537 | speed: 0.0395s/iter; left: 64s
Epoch: 8, Steps: 133 | Train: 0.3299255 Vali: 0.6460842 Test: 0.3974120
[diag 3b-8]  freq.rs=-0.5932 mask.mean=0.455 mask.std=0.245  mrt.rs=+0.4769
EarlyStopping counter: 7 out of 10
Updating learning rate to 0.0016384000000000004
    iters: 100, epoch: 9 | loss: 0.3280308 | speed: 0.0334s/iter; left: 50s
Epoch: 9, Steps: 133 | Train: 0.3280455 Vali: 0.6467060 Test: 0.3941478
[diag 3b-9]  freq.rs=-0.5996 mask.mean=0.454 mask.std=0.248  mrt.rs=+0.4776
EarlyStopping counter: 8 out of 10
Updating learning rate to 0.0013107200000000005
    iters: 100, epoch: 10 | loss: 0.3344892 | speed: 0.0334s/iter; left: 46s
Epoch: 10, Steps: 133 | Train: 0.3262215 Vali: 0.6492511 Test: 0.3963589
[diag 3b-10]  freq.rs=-0.5996 mask.mean=0.454 mask.std=0.250  mrt.rs=+0.4758
EarlyStopping counter: 9 out of 10
Updating learning rate to 0.0010485760000000005
    iters: 100, epoch: 11 | loss: 0.3170217 | speed: 0.0348s/iter; left: 43s
Epoch: 11, Steps: 133 | Train: 0.3248959 Vali: 0.6485396 Test: 0.3965855
[diag 3b-11]  freq.rs=-0.5958 mask.mean=0.453 mask.std=0.252  mrt.rs=+0.4759
EarlyStopping counter: 10 out of 10
Early stopping at epoch 11

============================================================
FINAL RESULT (Stage 3b): mse=0.3851, mae=0.4004, smape=74.7250
============================================================
[diag 3b-final]  freq.rs=-0.0070 mask.mean=0.438 mask.std=0.141  mrt.rs=+0.4111
