Args in experiment:
Namespace(random_seed=2024, is_training=1, model_id='ettm2_96_192', model='CycleNet', data='ETTm2', root_path='./dataset/ETT-small/', data_path='ETTm2.csv', features='M', target='OT', freq='h', checkpoints='./checkpoints/', seq_len=96, label_len=0, pred_len=192, cycle=96, cycle_mode='lookup', cycle_rank=4, model_type='mlp', use_revin=1, mrt_layers=1, freq_layers=1, freq_v2_layers=0, freq_v3_layers=0, freq_v4_layers=0, sgf_layers=0, sgf_prior_path='', freq_loss_alpha=0.8, fusion_mode='serial', fusion_order='mrt_freq', fusion_gate=0, fc_dropout=0.05, head_dropout=0.0, patch_len=16, stride=8, padding_patch='end', revin=0, affine=0, subtract_last=0, decomposition=0, kernel_size=25, individual=0, rnn_type='gru', dec_way='pmf', seg_len=48, channel_id=1, period_len=24, embed_type=0, enc_in=7, dec_in=7, c_out=7, d_model=512, n_heads=8, e_layers=2, d_layers=1, d_ff=2048, moving_avg=25, factor=1, distil=True, dropout=0, embed='timeF', activation='gelu', output_attention=False, do_predict=False, num_workers=10, itr=1, train_epochs=30, batch_size=256, patience=15, learning_rate=0.005, des='test', loss='mse', lradj='type3', pct_start=0.3, use_amp=False, use_gpu=True, gpu=0, use_multi_gpu=False, devices='0,1', test_flop=False)
Use GPU: cuda:0
>>>>>>>start training : ettm2_96_192_CycleNet_ETTm2_ftM_sl96_pl192_cycle96_mlp_mrt1_freq1_fredf08_seed2024>>>>>>>>>>>>>>>>>>>>>>>>>>
train 34273
val 11329
test 11329
	iters: 100, epoch: 1 | loss: 0.8145781
	speed: 0.0594s/iter; left time: 231.1859s
Epoch: 1 cost time: 7.111042261123657
Epoch: 1, Steps: 133 | Train Loss: 0.8363945 Vali Loss: 0.1713214 Test Loss: 0.2450828
Validation loss decreased (inf --> 0.171321).  Saving model ...
Updating learning rate to 0.005
	iters: 100, epoch: 2 | loss: 0.6978639
	speed: 0.1099s/iter; left time: 412.9508s
Epoch: 2 cost time: 6.298715114593506
Epoch: 2, Steps: 133 | Train Loss: 0.7807946 Vali Loss: 0.1627348 Test Loss: 0.2303392
Validation loss decreased (0.171321 --> 0.162735).  Saving model ...
Updating learning rate to 0.005
	iters: 100, epoch: 3 | loss: 0.7025259
	speed: 0.1364s/iter; left time: 494.6098s
Epoch: 3 cost time: 6.813279151916504
Epoch: 3, Steps: 133 | Train Loss: 0.7524754 Vali Loss: 0.1601476 Test Loss: 0.2244918
Validation loss decreased (0.162735 --> 0.160148).  Saving model ...
Updating learning rate to 0.005
	iters: 100, epoch: 4 | loss: 0.7874609
	speed: 0.1155s/iter; left time: 403.2302s
Epoch: 4 cost time: 5.560339450836182
Epoch: 4, Steps: 133 | Train Loss: 0.7410210 Vali Loss: 0.1595710 Test Loss: 0.2251637
Validation loss decreased (0.160148 --> 0.159571).  Saving model ...
Updating learning rate to 0.004
	iters: 100, epoch: 5 | loss: 0.7190614
	speed: 0.1091s/iter; left time: 366.4076s
Epoch: 5 cost time: 4.857274532318115
Epoch: 5, Steps: 133 | Train Loss: 0.7365467 Vali Loss: 0.1629396 Test Loss: 0.2230805
EarlyStopping counter: 1 out of 15
Updating learning rate to 0.0032000000000000006
	iters: 100, epoch: 6 | loss: 0.6867456
	speed: 0.1119s/iter; left time: 360.8537s
Epoch: 6 cost time: 6.491024971008301
Epoch: 6, Steps: 133 | Train Loss: 0.7283178 Vali Loss: 0.1640512 Test Loss: 0.2224568
EarlyStopping counter: 2 out of 15
Updating learning rate to 0.0025600000000000006
	iters: 100, epoch: 7 | loss: 0.7064085
	speed: 0.1246s/iter; left time: 385.5221s
Epoch: 7 cost time: 6.111077070236206
Epoch: 7, Steps: 133 | Train Loss: 0.7229501 Vali Loss: 0.1668522 Test Loss: 0.2227884
EarlyStopping counter: 3 out of 15
Updating learning rate to 0.0020480000000000003
	iters: 100, epoch: 8 | loss: 0.7243048
	speed: 0.1251s/iter; left time: 370.4067s
Epoch: 8 cost time: 6.6597373485565186
Epoch: 8, Steps: 133 | Train Loss: 0.7186967 Vali Loss: 0.1688350 Test Loss: 0.2231290
EarlyStopping counter: 4 out of 15
Updating learning rate to 0.0016384000000000004
	iters: 100, epoch: 9 | loss: 0.6739904
	speed: 0.1457s/iter; left time: 412.0225s
Epoch: 9 cost time: 6.862388372421265
Epoch: 9, Steps: 133 | Train Loss: 0.7145665 Vali Loss: 0.1724520 Test Loss: 0.2241299
EarlyStopping counter: 5 out of 15
Updating learning rate to 0.0013107200000000005
	iters: 100, epoch: 10 | loss: 0.7118329
	speed: 0.1308s/iter; left time: 352.4373s
Epoch: 10 cost time: 6.375627756118774
Epoch: 10, Steps: 133 | Train Loss: 0.7109223 Vali Loss: 0.1712618 Test Loss: 0.2234560
EarlyStopping counter: 6 out of 15
Updating learning rate to 0.0010485760000000005
	iters: 100, epoch: 11 | loss: 0.6289315
	speed: 0.1380s/iter; left time: 353.5372s
Epoch: 11 cost time: 7.561523675918579
Epoch: 11, Steps: 133 | Train Loss: 0.7069503 Vali Loss: 0.1717984 Test Loss: 0.2243903
EarlyStopping counter: 7 out of 15
Updating learning rate to 0.0008388608000000005
	iters: 100, epoch: 12 | loss: 0.7153457
	speed: 0.1401s/iter; left time: 340.2115s
Epoch: 12 cost time: 6.52203893661499
Epoch: 12, Steps: 133 | Train Loss: 0.7047743 Vali Loss: 0.1728508 Test Loss: 0.2245097
EarlyStopping counter: 8 out of 15
Updating learning rate to 0.0006710886400000003
	iters: 100, epoch: 13 | loss: 0.6575303
	speed: 0.1342s/iter; left time: 307.9278s
Epoch: 13 cost time: 6.376511335372925
Epoch: 13, Steps: 133 | Train Loss: 0.7019310 Vali Loss: 0.1730103 Test Loss: 0.2245060
EarlyStopping counter: 9 out of 15
Updating learning rate to 0.0005368709120000003
	iters: 100, epoch: 14 | loss: 0.7041032
	speed: 0.0967s/iter; left time: 209.1212s
Epoch: 14 cost time: 5.321934461593628
Epoch: 14, Steps: 133 | Train Loss: 0.7000200 Vali Loss: 0.1754490 Test Loss: 0.2258932
EarlyStopping counter: 10 out of 15
Updating learning rate to 0.0004294967296000003
	iters: 100, epoch: 15 | loss: 0.6329477
	speed: 0.1335s/iter; left time: 270.9538s
Epoch: 15 cost time: 6.000356912612915
Epoch: 15, Steps: 133 | Train Loss: 0.6988565 Vali Loss: 0.1751044 Test Loss: 0.2254399
EarlyStopping counter: 11 out of 15
Updating learning rate to 0.0003435973836800002
	iters: 100, epoch: 16 | loss: 0.7406423
	speed: 0.1232s/iter; left time: 233.6154s
Epoch: 16 cost time: 5.725307941436768
Epoch: 16, Steps: 133 | Train Loss: 0.6972054 Vali Loss: 0.1753764 Test Loss: 0.2262344
EarlyStopping counter: 12 out of 15
Updating learning rate to 0.0002748779069440002
	iters: 100, epoch: 17 | loss: 0.7306240
	speed: 0.1257s/iter; left time: 221.5255s
Epoch: 17 cost time: 7.654248237609863
Epoch: 17, Steps: 133 | Train Loss: 0.6960869 Vali Loss: 0.1762341 Test Loss: 0.2268974
EarlyStopping counter: 13 out of 15
Updating learning rate to 0.00021990232555520019
	iters: 100, epoch: 18 | loss: 0.6457525
	speed: 0.1401s/iter; left time: 228.2894s
Epoch: 18 cost time: 6.53202223777771
Epoch: 18, Steps: 133 | Train Loss: 0.6952254 Vali Loss: 0.1762936 Test Loss: 0.2272057
EarlyStopping counter: 14 out of 15
Updating learning rate to 0.00017592186044416015
	iters: 100, epoch: 19 | loss: 0.7169756
	speed: 0.1290s/iter; left time: 193.0521s
Epoch: 19 cost time: 6.185637950897217
Epoch: 19, Steps: 133 | Train Loss: 0.6943688 Vali Loss: 0.1759248 Test Loss: 0.2268925
EarlyStopping counter: 15 out of 15
Early stopping
>>>>>>>testing : ettm2_96_192_CycleNet_ETTm2_ftM_sl96_pl192_cycle96_mlp_mrt1_freq1_fredf08_seed2024<<<<<<<<<<<<<<<<<<<<<<<<<<<<<<<<<
test 11329
mse:0.22717100381851196, mae:0.2866404950618744, smape:45.80438435077667
