Args in experiment:
Namespace(random_seed=2024, is_training=1, model_id='ETTm2_96_720', model='CycleNet', data='ETTm2', root_path='./dataset/ETT-small/', data_path='ETTm2.csv', features='M', target='OT', freq='h', checkpoints='./checkpoints/', seq_len=96, label_len=0, pred_len=720, cycle=96, model_type='mlp', use_revin=1, mrt_layers=0, freq_layers=0, freq_v2_layers=0, freq_v3_layers=0, freq_v4_layers=0, freq_loss_alpha=0.8, fc_dropout=0.05, head_dropout=0.0, patch_len=16, stride=8, padding_patch='end', revin=0, affine=0, subtract_last=0, decomposition=0, kernel_size=25, individual=0, rnn_type='gru', dec_way='pmf', seg_len=48, channel_id=1, period_len=24, embed_type=0, enc_in=7, dec_in=7, c_out=7, d_model=512, n_heads=8, e_layers=2, d_layers=1, d_ff=2048, moving_avg=25, factor=1, distil=True, dropout=0, embed='timeF', activation='gelu', output_attention=False, do_predict=False, num_workers=10, itr=1, train_epochs=30, batch_size=256, patience=15, learning_rate=0.005, des='test', loss='mse', lradj='type3', pct_start=0.3, use_amp=False, use_gpu=True, gpu=0, use_multi_gpu=False, devices='0,1', test_flop=False)
Use GPU: cuda:0
>>>>>>>start training : ETTm2_96_720_CycleNet_ETTm2_ftM_sl96_pl720_cycle96_mlp_fredf08_seed2024>>>>>>>>>>>>>>>>>>>>>>>>>>
train 33745
val 10801
test 10801
	iters: 100, epoch: 1 | loss: 1.5848992
	speed: 0.0392s/iter; left time: 150.1565s
Epoch: 1 cost time: 4.472753047943115
Epoch: 1, Steps: 131 | Train Loss: 1.5800334 Vali Loss: 0.2896626 Test Loss: 0.4146085
Validation loss decreased (inf --> 0.289663).  Saving model ...
Updating learning rate to 0.005
	iters: 100, epoch: 2 | loss: 1.4796640
	speed: 0.0661s/iter; left time: 244.5849s
Epoch: 2 cost time: 3.2189137935638428
Epoch: 2, Steps: 131 | Train Loss: 1.5078717 Vali Loss: 0.2793937 Test Loss: 0.3950546
Validation loss decreased (0.289663 --> 0.279394).  Saving model ...
Updating learning rate to 0.005
	iters: 100, epoch: 3 | loss: 1.5958843
	speed: 0.0711s/iter; left time: 253.8802s
Epoch: 3 cost time: 3.323385000228882
Epoch: 3, Steps: 131 | Train Loss: 1.4761032 Vali Loss: 0.2751980 Test Loss: 0.3877989
Validation loss decreased (0.279394 --> 0.275198).  Saving model ...
Updating learning rate to 0.005
	iters: 100, epoch: 4 | loss: 1.5155209
	speed: 0.0740s/iter; left time: 254.3739s
Epoch: 4 cost time: 3.211320400238037
Epoch: 4, Steps: 131 | Train Loss: 1.4615517 Vali Loss: 0.2731192 Test Loss: 0.3882101
Validation loss decreased (0.275198 --> 0.273119).  Saving model ...
Updating learning rate to 0.004
	iters: 100, epoch: 5 | loss: 1.2894303
	speed: 0.0734s/iter; left time: 242.6505s
Epoch: 5 cost time: 3.1987617015838623
Epoch: 5, Steps: 131 | Train Loss: 1.4495266 Vali Loss: 0.2781977 Test Loss: 0.3922615
EarlyStopping counter: 1 out of 15
Updating learning rate to 0.0032000000000000006
	iters: 100, epoch: 6 | loss: 1.4867921
	speed: 0.0722s/iter; left time: 229.4222s
Epoch: 6 cost time: 3.190823793411255
Epoch: 6, Steps: 131 | Train Loss: 1.4398845 Vali Loss: 0.2809371 Test Loss: 0.3922159
EarlyStopping counter: 2 out of 15
Updating learning rate to 0.0025600000000000006
	iters: 100, epoch: 7 | loss: 1.3529416
	speed: 0.0721s/iter; left time: 219.5698s
Epoch: 7 cost time: 3.2783398628234863
Epoch: 7, Steps: 131 | Train Loss: 1.4325553 Vali Loss: 0.2792898 Test Loss: 0.3887903
EarlyStopping counter: 3 out of 15
Updating learning rate to 0.0020480000000000003
	iters: 100, epoch: 8 | loss: 1.4532275
	speed: 0.0728s/iter; left time: 212.1174s
Epoch: 8 cost time: 3.2873623371124268
Epoch: 8, Steps: 131 | Train Loss: 1.4254025 Vali Loss: 0.2848585 Test Loss: 0.3898057
EarlyStopping counter: 4 out of 15
Updating learning rate to 0.0016384000000000004
	iters: 100, epoch: 9 | loss: 1.4434944
	speed: 0.0749s/iter; left time: 208.3220s
Epoch: 9 cost time: 3.460824489593506
Epoch: 9, Steps: 131 | Train Loss: 1.4196294 Vali Loss: 0.2866767 Test Loss: 0.3901259
EarlyStopping counter: 5 out of 15
Updating learning rate to 0.0013107200000000005
	iters: 100, epoch: 10 | loss: 1.5387888
	speed: 0.0750s/iter; left time: 198.8893s
Epoch: 10 cost time: 3.291433811187744
Epoch: 10, Steps: 131 | Train Loss: 1.4147153 Vali Loss: 0.2837702 Test Loss: 0.3876472
EarlyStopping counter: 6 out of 15
Updating learning rate to 0.0010485760000000005
	iters: 100, epoch: 11 | loss: 1.3255804
	speed: 0.0746s/iter; left time: 188.0372s
Epoch: 11 cost time: 3.336351156234741
Epoch: 11, Steps: 131 | Train Loss: 1.4102577 Vali Loss: 0.2857064 Test Loss: 0.3886673
EarlyStopping counter: 7 out of 15
Updating learning rate to 0.0008388608000000005
	iters: 100, epoch: 12 | loss: 1.5089722
	speed: 0.0748s/iter; left time: 178.7419s
Epoch: 12 cost time: 3.2972958087921143
Epoch: 12, Steps: 131 | Train Loss: 1.4052498 Vali Loss: 0.2883368 Test Loss: 0.3906890
EarlyStopping counter: 8 out of 15
Updating learning rate to 0.0006710886400000003
	iters: 100, epoch: 13 | loss: 1.4612913
	speed: 0.0728s/iter; left time: 164.3708s
Epoch: 13 cost time: 3.218153953552246
Epoch: 13, Steps: 131 | Train Loss: 1.4016693 Vali Loss: 0.2854717 Test Loss: 0.3922989
EarlyStopping counter: 9 out of 15
Updating learning rate to 0.0005368709120000003
	iters: 100, epoch: 14 | loss: 1.3806634
	speed: 0.0728s/iter; left time: 154.8339s
Epoch: 14 cost time: 3.1583073139190674
Epoch: 14, Steps: 131 | Train Loss: 1.3993621 Vali Loss: 0.2879866 Test Loss: 0.3901478
EarlyStopping counter: 10 out of 15
Updating learning rate to 0.0004294967296000003
	iters: 100, epoch: 15 | loss: 1.4919670
	speed: 0.0715s/iter; left time: 142.8173s
Epoch: 15 cost time: 3.2040023803710938
Epoch: 15, Steps: 131 | Train Loss: 1.3968989 Vali Loss: 0.2882285 Test Loss: 0.3893375
EarlyStopping counter: 11 out of 15
Updating learning rate to 0.0003435973836800002
	iters: 100, epoch: 16 | loss: 1.4366505
	speed: 0.0717s/iter; left time: 133.7174s
Epoch: 16 cost time: 3.203305959701538
Epoch: 16, Steps: 131 | Train Loss: 1.3941468 Vali Loss: 0.2888985 Test Loss: 0.3907155
EarlyStopping counter: 12 out of 15
Updating learning rate to 0.0002748779069440002
	iters: 100, epoch: 17 | loss: 1.4259592
	speed: 0.0709s/iter; left time: 122.9294s
Epoch: 17 cost time: 3.294712543487549
Epoch: 17, Steps: 131 | Train Loss: 1.3926027 Vali Loss: 0.2891849 Test Loss: 0.3905202
EarlyStopping counter: 13 out of 15
Updating learning rate to 0.00021990232555520019
	iters: 100, epoch: 18 | loss: 1.3733979
	speed: 0.0734s/iter; left time: 117.7177s
Epoch: 18 cost time: 3.183699607849121
Epoch: 18, Steps: 131 | Train Loss: 1.3915885 Vali Loss: 0.2907712 Test Loss: 0.3904948
EarlyStopping counter: 14 out of 15
Updating learning rate to 0.00017592186044416015
	iters: 100, epoch: 19 | loss: 1.3710868
	speed: 0.0713s/iter; left time: 104.9522s
Epoch: 19 cost time: 2.8511950969696045
Epoch: 19, Steps: 131 | Train Loss: 1.3905531 Vali Loss: 0.2896116 Test Loss: 0.3907486
EarlyStopping counter: 15 out of 15
Early stopping
>>>>>>>testing : ETTm2_96_720_CycleNet_ETTm2_ftM_sl96_pl720_cycle96_mlp_fredf08_seed2024<<<<<<<<<<<<<<<<<<<<<<<<<<<<<<<<<
test 10801
mse:0.3824571967124939, mae:0.3831608295440674
