Args in experiment:
Namespace(random_seed=2024, is_training=1, model_id='ETTm2_96_336', model='CycleNet', data='ETTm2', root_path='./dataset/ETT-small/', data_path='ETTm2.csv', features='M', target='OT', freq='h', checkpoints='./checkpoints/', seq_len=96, label_len=0, pred_len=336, cycle=96, model_type='mlp', use_revin=1, msc_layers=0, freq_layers=0, channel_attn_layers=0, mrt_layers=1, modern_layers=0, fc_dropout=0.05, head_dropout=0.0, patch_len=16, stride=8, padding_patch='end', revin=0, affine=0, subtract_last=0, decomposition=0, kernel_size=25, individual=0, rnn_type='gru', dec_way='pmf', seg_len=48, channel_id=1, period_len=24, embed_type=0, enc_in=7, dec_in=7, c_out=7, d_model=512, n_heads=8, e_layers=2, d_layers=1, d_ff=2048, moving_avg=25, factor=1, distil=True, dropout=0, embed='timeF', activation='gelu', output_attention=False, do_predict=False, num_workers=10, itr=1, train_epochs=30, batch_size=256, patience=5, learning_rate=0.005, des='test', loss='mse', lradj='type3', pct_start=0.3, use_amp=False, use_gpu=True, gpu=0, use_multi_gpu=False, devices='0,1', test_flop=False)
Use GPU: cuda:0
>>>>>>>start training : ETTm2_96_336_CycleNet_ETTm2_ftM_sl96_pl336_cycle96_mlp_seed2024>>>>>>>>>>>>>>>>>>>>>>>>>>
train 34129
val 11185
test 11185
	iters: 100, epoch: 1 | loss: 0.4854243
	speed: 0.0484s/iter; left time: 188.4016s
Epoch: 1 cost time: 5.464741468429565
Epoch: 1, Steps: 133 | Train Loss: 0.4517531 Vali Loss: 0.2219467 Test Loss: 0.3075400
Validation loss decreased (inf --> 0.221947).  Saving model ...
Updating learning rate to 0.005
	iters: 100, epoch: 2 | loss: 0.3933145
	speed: 0.0719s/iter; left time: 270.1731s
Epoch: 2 cost time: 3.6910440921783447
Epoch: 2, Steps: 133 | Train Loss: 0.4314221 Vali Loss: 0.2158137 Test Loss: 0.2995228
Validation loss decreased (0.221947 --> 0.215814).  Saving model ...
Updating learning rate to 0.005
	iters: 100, epoch: 3 | loss: 0.4894848
	speed: 0.0763s/iter; left time: 276.6511s
Epoch: 3 cost time: 3.572360038757324
Epoch: 3, Steps: 133 | Train Loss: 0.3957743 Vali Loss: 0.2073590 Test Loss: 0.2960007
Validation loss decreased (0.215814 --> 0.207359).  Saving model ...
Updating learning rate to 0.005
	iters: 100, epoch: 4 | loss: 0.3929967
	speed: 0.0733s/iter; left time: 256.1069s
Epoch: 4 cost time: 3.3900697231292725
Epoch: 4, Steps: 133 | Train Loss: 0.3785229 Vali Loss: 0.2077282 Test Loss: 0.2967892
EarlyStopping counter: 1 out of 5
Updating learning rate to 0.004
	iters: 100, epoch: 5 | loss: 0.3680015
	speed: 0.0753s/iter; left time: 252.7931s
Epoch: 5 cost time: 3.700063705444336
Epoch: 5, Steps: 133 | Train Loss: 0.3616334 Vali Loss: 0.2095800 Test Loss: 0.3005247
EarlyStopping counter: 2 out of 5
Updating learning rate to 0.0032000000000000006
	iters: 100, epoch: 6 | loss: 0.2816111
	speed: 0.0757s/iter; left time: 244.0873s
Epoch: 6 cost time: 3.7728192806243896
Epoch: 6, Steps: 133 | Train Loss: 0.3440253 Vali Loss: 0.2099161 Test Loss: 0.3001772
EarlyStopping counter: 3 out of 5
Updating learning rate to 0.0025600000000000006
	iters: 100, epoch: 7 | loss: 0.3174604
	speed: 0.0726s/iter; left time: 224.6479s
Epoch: 7 cost time: 3.277390718460083
Epoch: 7, Steps: 133 | Train Loss: 0.3311475 Vali Loss: 0.2092463 Test Loss: 0.2999993
EarlyStopping counter: 4 out of 5
Updating learning rate to 0.0020480000000000003
	iters: 100, epoch: 8 | loss: 0.2912148
	speed: 0.0723s/iter; left time: 214.1248s
Epoch: 8 cost time: 3.2579166889190674
Epoch: 8, Steps: 133 | Train Loss: 0.3243795 Vali Loss: 0.2136603 Test Loss: 0.3045571
EarlyStopping counter: 5 out of 5
Early stopping
>>>>>>>testing : ETTm2_96_336_CycleNet_ETTm2_ftM_sl96_pl336_cycle96_mlp_seed2024<<<<<<<<<<<<<<<<<<<<<<<<<<<<<<<<<
test 11185
mse:0.2974299490451813, mae:0.33644625544548035
