Args in experiment:
Namespace(random_seed=2024, is_training=1, model_id='ETTm2_96_192', model='CycleNet', data='ETTm2', root_path='./dataset/ETT-small/', data_path='ETTm2.csv', features='M', target='OT', freq='h', checkpoints='./checkpoints/', seq_len=96, label_len=0, pred_len=192, cycle=96, model_type='mlp', use_revin=1, mrt_layers=0, freq_layers=1, freq_v2_layers=0, freq_v3_layers=0, freq_v4_layers=0, fc_dropout=0.05, head_dropout=0.0, patch_len=16, stride=8, padding_patch='end', revin=0, affine=0, subtract_last=0, decomposition=0, kernel_size=25, individual=0, rnn_type='gru', dec_way='pmf', seg_len=48, channel_id=1, period_len=24, embed_type=0, enc_in=7, dec_in=7, c_out=7, d_model=512, n_heads=8, e_layers=2, d_layers=1, d_ff=2048, moving_avg=25, factor=1, distil=True, dropout=0, embed='timeF', activation='gelu', output_attention=False, do_predict=False, num_workers=10, itr=1, train_epochs=30, batch_size=256, patience=15, learning_rate=0.005, des='test', loss='mse', lradj='type3', pct_start=0.3, use_amp=False, use_gpu=True, gpu=0, use_multi_gpu=False, devices='0,1', test_flop=False)
Use GPU: cuda:0
>>>>>>>start training : ETTm2_96_192_CycleNet_ETTm2_ftM_sl96_pl192_cycle96_mlp_freq1_seed2024>>>>>>>>>>>>>>>>>>>>>>>>>>
train 34273
val 11329
test 11329
	iters: 100, epoch: 1 | loss: 0.3290548
	speed: 0.0365s/iter; left time: 141.9745s
Epoch: 1 cost time: 4.185449600219727
Epoch: 1, Steps: 133 | Train Loss: 0.3503008 Vali Loss: 0.1738235 Test Loss: 0.2468273
Validation loss decreased (inf --> 0.173823).  Saving model ...
Updating learning rate to 0.005
	iters: 100, epoch: 2 | loss: 0.4236324
	speed: 0.0610s/iter; left time: 229.4030s
Epoch: 2 cost time: 3.0180540084838867
Epoch: 2, Steps: 133 | Train Loss: 0.3269762 Vali Loss: 0.1645500 Test Loss: 0.2318302
Validation loss decreased (0.173823 --> 0.164550).  Saving model ...
Updating learning rate to 0.005
	iters: 100, epoch: 3 | loss: 0.2718774
	speed: 0.0632s/iter; left time: 229.1353s
Epoch: 3 cost time: 3.0682783126831055
Epoch: 3, Steps: 133 | Train Loss: 0.3068825 Vali Loss: 0.1627535 Test Loss: 0.2279011
Validation loss decreased (0.164550 --> 0.162753).  Saving model ...
Updating learning rate to 0.005
	iters: 100, epoch: 4 | loss: 0.2437759
	speed: 0.0643s/iter; left time: 224.4343s
Epoch: 4 cost time: 3.018211603164673
Epoch: 4, Steps: 133 | Train Loss: 0.2998012 Vali Loss: 0.1601008 Test Loss: 0.2259064
Validation loss decreased (0.162753 --> 0.160101).  Saving model ...
Updating learning rate to 0.004
	iters: 100, epoch: 5 | loss: 0.3551764
	speed: 0.0623s/iter; left time: 209.2527s
Epoch: 5 cost time: 2.904574394226074
Epoch: 5, Steps: 133 | Train Loss: 0.2937625 Vali Loss: 0.1627959 Test Loss: 0.2243240
EarlyStopping counter: 1 out of 15
Updating learning rate to 0.0032000000000000006
	iters: 100, epoch: 6 | loss: 0.2862692
	speed: 0.0640s/iter; left time: 206.5136s
Epoch: 6 cost time: 2.9175078868865967
Epoch: 6, Steps: 133 | Train Loss: 0.2883908 Vali Loss: 0.1680377 Test Loss: 0.2287950
EarlyStopping counter: 2 out of 15
Updating learning rate to 0.0025600000000000006
	iters: 100, epoch: 7 | loss: 0.2429850
	speed: 0.0667s/iter; left time: 206.4469s
Epoch: 7 cost time: 3.2885961532592773
Epoch: 7, Steps: 133 | Train Loss: 0.2816952 Vali Loss: 0.1743055 Test Loss: 0.2263651
EarlyStopping counter: 3 out of 15
Updating learning rate to 0.0020480000000000003
	iters: 100, epoch: 8 | loss: 0.2856465
	speed: 0.0654s/iter; left time: 193.5260s
Epoch: 8 cost time: 2.6299006938934326
Epoch: 8, Steps: 133 | Train Loss: 0.2765653 Vali Loss: 0.1757906 Test Loss: 0.2272093
EarlyStopping counter: 4 out of 15
Updating learning rate to 0.0016384000000000004
	iters: 100, epoch: 9 | loss: 0.2630919
	speed: 0.0494s/iter; left time: 139.7003s
Epoch: 9 cost time: 2.1874539852142334
Epoch: 9, Steps: 133 | Train Loss: 0.2715542 Vali Loss: 0.1810932 Test Loss: 0.2307948
EarlyStopping counter: 5 out of 15
Updating learning rate to 0.0013107200000000005
	iters: 100, epoch: 10 | loss: 0.2333260
	speed: 0.0582s/iter; left time: 156.8907s
Epoch: 10 cost time: 3.1275248527526855
Epoch: 10, Steps: 133 | Train Loss: 0.2668840 Vali Loss: 0.1796721 Test Loss: 0.2300891
EarlyStopping counter: 6 out of 15
Updating learning rate to 0.0010485760000000005
	iters: 100, epoch: 11 | loss: 0.2382449
	speed: 0.0625s/iter; left time: 160.1224s
Epoch: 11 cost time: 3.082672357559204
Epoch: 11, Steps: 133 | Train Loss: 0.2621922 Vali Loss: 0.1807419 Test Loss: 0.2299049
EarlyStopping counter: 7 out of 15
Updating learning rate to 0.0008388608000000005
	iters: 100, epoch: 12 | loss: 0.2484755
	speed: 0.0642s/iter; left time: 155.9922s
Epoch: 12 cost time: 3.015427589416504
Epoch: 12, Steps: 133 | Train Loss: 0.2585483 Vali Loss: 0.1829281 Test Loss: 0.2309542
EarlyStopping counter: 8 out of 15
Updating learning rate to 0.0006710886400000003
	iters: 100, epoch: 13 | loss: 0.2455073
	speed: 0.0597s/iter; left time: 137.0563s
Epoch: 13 cost time: 2.878572702407837
Epoch: 13, Steps: 133 | Train Loss: 0.2567416 Vali Loss: 0.1840425 Test Loss: 0.2313892
EarlyStopping counter: 9 out of 15
Updating learning rate to 0.0005368709120000003
	iters: 100, epoch: 14 | loss: 0.2310052
	speed: 0.0626s/iter; left time: 135.2849s
Epoch: 14 cost time: 2.683166742324829
Epoch: 14, Steps: 133 | Train Loss: 0.2538734 Vali Loss: 0.1851997 Test Loss: 0.2319289
EarlyStopping counter: 10 out of 15
Updating learning rate to 0.0004294967296000003
	iters: 100, epoch: 15 | loss: 0.2580352
	speed: 0.0618s/iter; left time: 125.3877s
Epoch: 15 cost time: 2.9255518913269043
Epoch: 15, Steps: 133 | Train Loss: 0.2519676 Vali Loss: 0.1860486 Test Loss: 0.2320718
EarlyStopping counter: 11 out of 15
Updating learning rate to 0.0003435973836800002
	iters: 100, epoch: 16 | loss: 0.2101110
	speed: 0.0623s/iter; left time: 118.1280s
Epoch: 16 cost time: 3.5253796577453613
Epoch: 16, Steps: 133 | Train Loss: 0.2505634 Vali Loss: 0.1864975 Test Loss: 0.2332545
EarlyStopping counter: 12 out of 15
Updating learning rate to 0.0002748779069440002
	iters: 100, epoch: 17 | loss: 0.2240879
	speed: 0.0644s/iter; left time: 113.5154s
Epoch: 17 cost time: 3.2287189960479736
Epoch: 17, Steps: 133 | Train Loss: 0.2495683 Vali Loss: 0.1855821 Test Loss: 0.2330223
EarlyStopping counter: 13 out of 15
Updating learning rate to 0.00021990232555520019
	iters: 100, epoch: 18 | loss: 0.2151076
	speed: 0.0686s/iter; left time: 111.7572s
Epoch: 18 cost time: 3.4855494499206543
Epoch: 18, Steps: 133 | Train Loss: 0.2488238 Vali Loss: 0.1867847 Test Loss: 0.2331955
EarlyStopping counter: 14 out of 15
Updating learning rate to 0.00017592186044416015
	iters: 100, epoch: 19 | loss: 0.2273229
	speed: 0.0627s/iter; left time: 93.8972s
Epoch: 19 cost time: 3.1572763919830322
Epoch: 19, Steps: 133 | Train Loss: 0.2480047 Vali Loss: 0.1871135 Test Loss: 0.2339726
EarlyStopping counter: 15 out of 15
Early stopping
>>>>>>>testing : ETTm2_96_192_CycleNet_ETTm2_ftM_sl96_pl192_cycle96_mlp_freq1_seed2024<<<<<<<<<<<<<<<<<<<<<<<<<<<<<<<<<
test 11329
mse:0.2279537320137024, mae:0.2889939248561859
