Args in experiment:
Namespace(random_seed=2024, is_training=1, model_id='ETTm2_96_336', model='CycleNet', data='ETTm2', root_path='./dataset/ETT-small/', data_path='ETTm2.csv', features='M', target='OT', freq='h', checkpoints='./checkpoints/', seq_len=96, label_len=0, pred_len=336, cycle=96, model_type='mlp', use_revin=1, mrt_layers=0, freq_layers=0, freq_v2_layers=0, freq_v3_layers=0, freq_v4_layers=1, fc_dropout=0.05, head_dropout=0.0, patch_len=16, stride=8, padding_patch='end', revin=0, affine=0, subtract_last=0, decomposition=0, kernel_size=25, individual=0, rnn_type='gru', dec_way='pmf', seg_len=48, channel_id=1, period_len=24, embed_type=0, enc_in=7, dec_in=7, c_out=7, d_model=512, n_heads=8, e_layers=2, d_layers=1, d_ff=2048, moving_avg=25, factor=1, distil=True, dropout=0, embed='timeF', activation='gelu', output_attention=False, do_predict=False, num_workers=10, itr=1, train_epochs=30, batch_size=256, patience=15, learning_rate=0.005, des='test', loss='mse', lradj='type3', pct_start=0.3, use_amp=False, use_gpu=True, gpu=0, use_multi_gpu=False, devices='0,1', test_flop=False)
Use GPU: cuda:0
>>>>>>>start training : ETTm2_96_336_CycleNet_ETTm2_ftM_sl96_pl336_cycle96_mlp_freqv41_seed2024>>>>>>>>>>>>>>>>>>>>>>>>>>
train 34129
val 11185
test 11185
	iters: 100, epoch: 1 | loss: 0.5310792
	speed: 0.0480s/iter; left time: 186.7801s
Epoch: 1 cost time: 6.090602159500122
Epoch: 1, Steps: 133 | Train Loss: 0.4508512 Vali Loss: 0.2207644 Test Loss: 0.3073341
Validation loss decreased (inf --> 0.220764).  Saving model ...
Updating learning rate to 0.005
	iters: 100, epoch: 2 | loss: 0.3394265
	speed: 0.0992s/iter; left time: 372.7771s
Epoch: 2 cost time: 5.264346122741699
Epoch: 2, Steps: 133 | Train Loss: 0.4311983 Vali Loss: 0.2111819 Test Loss: 0.2890327
Validation loss decreased (0.220764 --> 0.211182).  Saving model ...
Updating learning rate to 0.005
	iters: 100, epoch: 3 | loss: 0.3138751
	speed: 0.0866s/iter; left time: 313.8394s
Epoch: 3 cost time: 4.210194110870361
Epoch: 3, Steps: 133 | Train Loss: 0.4091603 Vali Loss: 0.2073558 Test Loss: 0.2805271
Validation loss decreased (0.211182 --> 0.207356).  Saving model ...
Updating learning rate to 0.005
	iters: 100, epoch: 4 | loss: 0.4494336
	speed: 0.1047s/iter; left time: 365.7246s
Epoch: 4 cost time: 5.418965578079224
Epoch: 4, Steps: 133 | Train Loss: 0.3971105 Vali Loss: 0.2075197 Test Loss: 0.2816721
EarlyStopping counter: 1 out of 15
Updating learning rate to 0.004
	iters: 100, epoch: 5 | loss: 0.4158102
	speed: 0.1250s/iter; left time: 419.7095s
Epoch: 5 cost time: 5.841919183731079
Epoch: 5, Steps: 133 | Train Loss: 0.3871514 Vali Loss: 0.2175517 Test Loss: 0.2828993
EarlyStopping counter: 2 out of 15
Updating learning rate to 0.0032000000000000006
	iters: 100, epoch: 6 | loss: 0.3921106
	speed: 0.1150s/iter; left time: 370.8425s
Epoch: 6 cost time: 6.334468126296997
Epoch: 6, Steps: 133 | Train Loss: 0.3770303 Vali Loss: 0.2243743 Test Loss: 0.2846214
EarlyStopping counter: 3 out of 15
Updating learning rate to 0.0025600000000000006
	iters: 100, epoch: 7 | loss: 0.3642289
	speed: 0.1394s/iter; left time: 431.0797s
Epoch: 7 cost time: 6.023692846298218
Epoch: 7, Steps: 133 | Train Loss: 0.3700309 Vali Loss: 0.2244723 Test Loss: 0.2849076
EarlyStopping counter: 4 out of 15
Updating learning rate to 0.0020480000000000003
	iters: 100, epoch: 8 | loss: 0.4044359
	speed: 0.1243s/iter; left time: 367.9953s
Epoch: 8 cost time: 6.583642482757568
Epoch: 8, Steps: 133 | Train Loss: 0.3640658 Vali Loss: 0.2338513 Test Loss: 0.2919344
EarlyStopping counter: 5 out of 15
Updating learning rate to 0.0016384000000000004
	iters: 100, epoch: 9 | loss: 0.4019512
	speed: 0.1473s/iter; left time: 416.4266s
Epoch: 9 cost time: 6.683967351913452
Epoch: 9, Steps: 133 | Train Loss: 0.3585417 Vali Loss: 0.2286568 Test Loss: 0.2868976
EarlyStopping counter: 6 out of 15
Updating learning rate to 0.0013107200000000005
	iters: 100, epoch: 10 | loss: 0.3177829
	speed: 0.1036s/iter; left time: 279.1960s
Epoch: 10 cost time: 5.369804382324219
Epoch: 10, Steps: 133 | Train Loss: 0.3531368 Vali Loss: 0.2312805 Test Loss: 0.2866681
EarlyStopping counter: 7 out of 15
Updating learning rate to 0.0010485760000000005
	iters: 100, epoch: 11 | loss: 0.2670475
	speed: 0.1445s/iter; left time: 370.0979s
Epoch: 11 cost time: 6.223926305770874
Epoch: 11, Steps: 133 | Train Loss: 0.3482125 Vali Loss: 0.2307683 Test Loss: 0.2870106
EarlyStopping counter: 8 out of 15
Updating learning rate to 0.0008388608000000005
	iters: 100, epoch: 12 | loss: 0.2671272
	speed: 0.1297s/iter; left time: 315.0267s
Epoch: 12 cost time: 5.099656343460083
Epoch: 12, Steps: 133 | Train Loss: 0.3427650 Vali Loss: 0.2357221 Test Loss: 0.2894322
EarlyStopping counter: 9 out of 15
Updating learning rate to 0.0006710886400000003
	iters: 100, epoch: 13 | loss: 0.4194636
	speed: 0.1052s/iter; left time: 241.4477s
Epoch: 13 cost time: 5.202050685882568
Epoch: 13, Steps: 133 | Train Loss: 0.3391880 Vali Loss: 0.2348884 Test Loss: 0.2895738
EarlyStopping counter: 10 out of 15
Updating learning rate to 0.0005368709120000003
	iters: 100, epoch: 14 | loss: 0.3801610
	speed: 0.0954s/iter; left time: 206.3150s
Epoch: 14 cost time: 4.874128103256226
Epoch: 14, Steps: 133 | Train Loss: 0.3358957 Vali Loss: 0.2347970 Test Loss: 0.2892884
EarlyStopping counter: 11 out of 15
Updating learning rate to 0.0004294967296000003
	iters: 100, epoch: 15 | loss: 0.3609805
	speed: 0.1098s/iter; left time: 222.7106s
Epoch: 15 cost time: 5.641469955444336
Epoch: 15, Steps: 133 | Train Loss: 0.3329938 Vali Loss: 0.2343037 Test Loss: 0.2899772
EarlyStopping counter: 12 out of 15
Updating learning rate to 0.0003435973836800002
	iters: 100, epoch: 16 | loss: 0.3811423
	speed: 0.1162s/iter; left time: 220.3640s
Epoch: 16 cost time: 5.985275983810425
Epoch: 16, Steps: 133 | Train Loss: 0.3313697 Vali Loss: 0.2383445 Test Loss: 0.2918181
EarlyStopping counter: 13 out of 15
Updating learning rate to 0.0002748779069440002
	iters: 100, epoch: 17 | loss: 0.3428057
	speed: 0.1365s/iter; left time: 240.5845s
Epoch: 17 cost time: 6.277343988418579
Epoch: 17, Steps: 133 | Train Loss: 0.3295318 Vali Loss: 0.2374982 Test Loss: 0.2900877
EarlyStopping counter: 14 out of 15
Updating learning rate to 0.00021990232555520019
	iters: 100, epoch: 18 | loss: 0.3353144
	speed: 0.1418s/iter; left time: 231.0590s
Epoch: 18 cost time: 6.620548248291016
Epoch: 18, Steps: 133 | Train Loss: 0.3288109 Vali Loss: 0.2364874 Test Loss: 0.2902123
EarlyStopping counter: 15 out of 15
Early stopping
>>>>>>>testing : ETTm2_96_336_CycleNet_ETTm2_ftM_sl96_pl336_cycle96_mlp_freqv41_seed2024<<<<<<<<<<<<<<<<<<<<<<<<<<<<<<<<<
test 11185
mse:0.28183069825172424, mae:0.3257081210613251
