Args in experiment:
Namespace(random_seed=2024, is_training=1, model_id='ettm2_96_192', model='CycleNet', data='ETTm2', root_path='./dataset/ETT-small/', data_path='ETTm2.csv', features='M', target='OT', freq='h', checkpoints='./checkpoints/', seq_len=96, label_len=0, pred_len=192, cycle=96, cycle_mode='lookup', cycle_rank=4, model_type='mlp', use_revin=1, mrt_layers=1, freq_layers=1, freq_v2_layers=0, freq_v3_layers=0, freq_v4_layers=0, sgf_layers=0, sgf_prior_path='', freq_loss_alpha=1.0, fusion_mode='serial', fusion_order='mrt_freq', fusion_gate=0, fc_dropout=0.05, head_dropout=0.0, patch_len=16, stride=8, padding_patch='end', revin=0, affine=0, subtract_last=0, decomposition=0, kernel_size=25, individual=0, rnn_type='gru', dec_way='pmf', seg_len=48, channel_id=1, period_len=24, embed_type=0, enc_in=7, dec_in=7, c_out=7, d_model=512, n_heads=8, e_layers=2, d_layers=1, d_ff=2048, moving_avg=25, factor=1, distil=True, dropout=0, embed='timeF', activation='gelu', output_attention=False, do_predict=False, num_workers=10, itr=1, train_epochs=30, batch_size=256, patience=15, learning_rate=0.005, des='test', loss='mse', lradj='type3', pct_start=0.3, use_amp=False, use_gpu=True, gpu=0, use_multi_gpu=False, devices='0,1', test_flop=False)
Use GPU: cuda:0
>>>>>>>start training : ettm2_96_192_CycleNet_ETTm2_ftM_sl96_pl192_cycle96_mlp_mrt1_freq1_seed2024>>>>>>>>>>>>>>>>>>>>>>>>>>
train 34273
val 11329
test 11329
	iters: 100, epoch: 1 | loss: 0.3285646
	speed: 0.0560s/iter; left time: 217.9739s
Epoch: 1 cost time: 6.95894718170166
Epoch: 1, Steps: 133 | Train Loss: 0.3503912 Vali Loss: 0.1738500 Test Loss: 0.2471560
Validation loss decreased (inf --> 0.173850).  Saving model ...
Updating learning rate to 0.005
	iters: 100, epoch: 2 | loss: 0.2472348
	speed: 0.1151s/iter; left time: 432.5116s
Epoch: 2 cost time: 6.590291738510132
Epoch: 2, Steps: 133 | Train Loss: 0.3255200 Vali Loss: 0.1632372 Test Loss: 0.2304563
Validation loss decreased (0.173850 --> 0.163237).  Saving model ...
Updating learning rate to 0.005
	iters: 100, epoch: 3 | loss: 0.2632537
	speed: 0.1389s/iter; left time: 503.6317s
Epoch: 3 cost time: 7.247372150421143
Epoch: 3, Steps: 133 | Train Loss: 0.3060792 Vali Loss: 0.1611836 Test Loss: 0.2253279
Validation loss decreased (0.163237 --> 0.161184).  Saving model ...
Updating learning rate to 0.005
	iters: 100, epoch: 4 | loss: 0.3455373
	speed: 0.1042s/iter; left time: 364.0079s
Epoch: 4 cost time: 4.913417339324951
Epoch: 4, Steps: 133 | Train Loss: 0.2976526 Vali Loss: 0.1609275 Test Loss: 0.2264098
Validation loss decreased (0.161184 --> 0.160928).  Saving model ...
Updating learning rate to 0.004
	iters: 100, epoch: 5 | loss: 0.2667431
	speed: 0.0966s/iter; left time: 324.5783s
Epoch: 5 cost time: 5.28527307510376
Epoch: 5, Steps: 133 | Train Loss: 0.2941801 Vali Loss: 0.1661083 Test Loss: 0.2255782
EarlyStopping counter: 1 out of 15
Updating learning rate to 0.0032000000000000006
	iters: 100, epoch: 6 | loss: 0.2403076
	speed: 0.0931s/iter; left time: 300.1837s
Epoch: 6 cost time: 5.484471797943115
Epoch: 6, Steps: 133 | Train Loss: 0.2850208 Vali Loss: 0.1710263 Test Loss: 0.2264154
EarlyStopping counter: 2 out of 15
Updating learning rate to 0.0025600000000000006
	iters: 100, epoch: 7 | loss: 0.2546364
	speed: 0.0927s/iter; left time: 286.6444s
Epoch: 7 cost time: 5.458486080169678
Epoch: 7, Steps: 133 | Train Loss: 0.2783974 Vali Loss: 0.1748440 Test Loss: 0.2272018
EarlyStopping counter: 3 out of 15
Updating learning rate to 0.0020480000000000003
	iters: 100, epoch: 8 | loss: 0.2736896
	speed: 0.0954s/iter; left time: 282.4148s
Epoch: 8 cost time: 5.358146667480469
Epoch: 8, Steps: 133 | Train Loss: 0.2713630 Vali Loss: 0.1811214 Test Loss: 0.2300030
EarlyStopping counter: 4 out of 15
Updating learning rate to 0.0016384000000000004
	iters: 100, epoch: 9 | loss: 0.2324595
	speed: 0.1152s/iter; left time: 325.5493s
Epoch: 9 cost time: 5.331542491912842
Epoch: 9, Steps: 133 | Train Loss: 0.2647765 Vali Loss: 0.1846462 Test Loss: 0.2315493
EarlyStopping counter: 5 out of 15
Updating learning rate to 0.0013107200000000005
	iters: 100, epoch: 10 | loss: 0.2586780
	speed: 0.1039s/iter; left time: 280.0171s
Epoch: 10 cost time: 4.942132949829102
Epoch: 10, Steps: 133 | Train Loss: 0.2601324 Vali Loss: 0.1842439 Test Loss: 0.2327034
EarlyStopping counter: 6 out of 15
Updating learning rate to 0.0010485760000000005
	iters: 100, epoch: 11 | loss: 0.1988619
	speed: 0.0938s/iter; left time: 240.2661s
Epoch: 11 cost time: 5.665128946304321
Epoch: 11, Steps: 133 | Train Loss: 0.2559066 Vali Loss: 0.1860139 Test Loss: 0.2340207
EarlyStopping counter: 7 out of 15
Updating learning rate to 0.0008388608000000005
	iters: 100, epoch: 12 | loss: 0.2509050
	speed: 0.1055s/iter; left time: 256.0946s
Epoch: 12 cost time: 6.040136814117432
Epoch: 12, Steps: 133 | Train Loss: 0.2531703 Vali Loss: 0.1875447 Test Loss: 0.2350352
EarlyStopping counter: 8 out of 15
Updating learning rate to 0.0006710886400000003
	iters: 100, epoch: 13 | loss: 0.2194206
	speed: 0.1067s/iter; left time: 244.9289s
Epoch: 13 cost time: 5.551625967025757
Epoch: 13, Steps: 133 | Train Loss: 0.2503462 Vali Loss: 0.1875589 Test Loss: 0.2351801
EarlyStopping counter: 9 out of 15
Updating learning rate to 0.0005368709120000003
	iters: 100, epoch: 14 | loss: 0.2483051
	speed: 0.1043s/iter; left time: 225.3915s
Epoch: 14 cost time: 6.611334323883057
Epoch: 14, Steps: 133 | Train Loss: 0.2481633 Vali Loss: 0.1904910 Test Loss: 0.2372143
EarlyStopping counter: 10 out of 15
Updating learning rate to 0.0004294967296000003
	iters: 100, epoch: 15 | loss: 0.1940735
	speed: 0.0999s/iter; left time: 202.6280s
Epoch: 15 cost time: 5.447965860366821
Epoch: 15, Steps: 133 | Train Loss: 0.2469346 Vali Loss: 0.1891724 Test Loss: 0.2367933
EarlyStopping counter: 11 out of 15
Updating learning rate to 0.0003435973836800002
	iters: 100, epoch: 16 | loss: 0.2830521
	speed: 0.1245s/iter; left time: 236.0096s
Epoch: 16 cost time: 6.7286059856414795
Epoch: 16, Steps: 133 | Train Loss: 0.2452958 Vali Loss: 0.1907075 Test Loss: 0.2382143
EarlyStopping counter: 12 out of 15
Updating learning rate to 0.0002748779069440002
	iters: 100, epoch: 17 | loss: 0.2718771
	speed: 0.0980s/iter; left time: 172.7199s
Epoch: 17 cost time: 4.456526517868042
Epoch: 17, Steps: 133 | Train Loss: 0.2441125 Vali Loss: 0.1918002 Test Loss: 0.2389345
EarlyStopping counter: 13 out of 15
Updating learning rate to 0.00021990232555520019
	iters: 100, epoch: 18 | loss: 0.2006005
	speed: 0.0905s/iter; left time: 147.5525s
Epoch: 18 cost time: 5.384332656860352
Epoch: 18, Steps: 133 | Train Loss: 0.2431173 Vali Loss: 0.1912334 Test Loss: 0.2389314
EarlyStopping counter: 14 out of 15
Updating learning rate to 0.00017592186044416015
	iters: 100, epoch: 19 | loss: 0.2648007
	speed: 0.1203s/iter; left time: 180.1226s
Epoch: 19 cost time: 6.945898771286011
Epoch: 19, Steps: 133 | Train Loss: 0.2422647 Vali Loss: 0.1909277 Test Loss: 0.2386220
EarlyStopping counter: 15 out of 15
Early stopping
>>>>>>>testing : ettm2_96_192_CycleNet_ETTm2_ftM_sl96_pl192_cycle96_mlp_mrt1_freq1_seed2024<<<<<<<<<<<<<<<<<<<<<<<<<<<<<<<<<
test 11329
mse:0.2283303588628769, mae:0.28909850120544434, smape:46.21399939060211
