Args in experiment:
Namespace(random_seed=2024, is_training=1, model_id='ETTm2_96_96', model='CycleNet', data='ETTm2', root_path='./dataset/ETT-small/', data_path='ETTm2.csv', features='M', target='OT', freq='h', checkpoints='./checkpoints/', seq_len=96, label_len=0, pred_len=96, cycle=96, model_type='mlp', use_revin=1, msc_layers=0, freq_layers=0, channel_attn_layers=0, mrt_layers=0, fc_dropout=0.05, head_dropout=0.0, patch_len=16, stride=8, padding_patch='end', revin=0, affine=0, subtract_last=0, decomposition=0, kernel_size=25, individual=0, rnn_type='gru', dec_way='pmf', seg_len=48, channel_id=1, period_len=24, embed_type=0, enc_in=7, dec_in=7, c_out=7, d_model=512, n_heads=8, e_layers=2, d_layers=1, d_ff=2048, moving_avg=25, factor=1, distil=True, dropout=0, embed='timeF', activation='gelu', output_attention=False, do_predict=False, num_workers=10, itr=1, train_epochs=30, batch_size=256, patience=5, learning_rate=0.005, des='test', loss='mse', lradj='type3', pct_start=0.3, use_amp=False, use_gpu=True, gpu=0, use_multi_gpu=False, devices='0,1', test_flop=False)
Use GPU: cuda:0
>>>>>>>start training : ETTm2_96_96_CycleNet_ETTm2_ftM_sl96_pl96_cycle96_mlp_seed2024>>>>>>>>>>>>>>>>>>>>>>>>>>
train 34369
val 11425
test 11425
	iters: 100, epoch: 1 | loss: 0.2918412
	speed: 0.0236s/iter; left time: 92.6229s
Epoch: 1 cost time: 2.670295476913452
Epoch: 1, Steps: 134 | Train Loss: 0.2574474 Vali Loss: 0.1299148 Test Loss: 0.1851668
Validation loss decreased (inf --> 0.129915).  Saving model ...
Updating learning rate to 0.005
	iters: 100, epoch: 2 | loss: 0.2623287
	speed: 0.0383s/iter; left time: 144.9813s
Epoch: 2 cost time: 1.7435228824615479
Epoch: 2, Steps: 134 | Train Loss: 0.2324764 Vali Loss: 0.1226374 Test Loss: 0.1703882
Validation loss decreased (0.129915 --> 0.122637).  Saving model ...
Updating learning rate to 0.005
	iters: 100, epoch: 3 | loss: 0.1563983
	speed: 0.0425s/iter; left time: 155.1772s
Epoch: 3 cost time: 1.8960785865783691
Epoch: 3, Steps: 134 | Train Loss: 0.2165641 Vali Loss: 0.1183226 Test Loss: 0.1637170
Validation loss decreased (0.122637 --> 0.118323).  Saving model ...
Updating learning rate to 0.005
	iters: 100, epoch: 4 | loss: 0.1981360
	speed: 0.0403s/iter; left time: 141.9308s
Epoch: 4 cost time: 1.7000646591186523
Epoch: 4, Steps: 134 | Train Loss: 0.2082362 Vali Loss: 0.1199031 Test Loss: 0.1643078
EarlyStopping counter: 1 out of 5
Updating learning rate to 0.004
	iters: 100, epoch: 5 | loss: 0.2186511
	speed: 0.0409s/iter; left time: 138.3524s
Epoch: 5 cost time: 1.739978313446045
Epoch: 5, Steps: 134 | Train Loss: 0.2043186 Vali Loss: 0.1187613 Test Loss: 0.1628147
EarlyStopping counter: 2 out of 5
Updating learning rate to 0.0032000000000000006
	iters: 100, epoch: 6 | loss: 0.2450133
	speed: 0.0397s/iter; left time: 129.2037s
Epoch: 6 cost time: 1.8031582832336426
Epoch: 6, Steps: 134 | Train Loss: 0.2007837 Vali Loss: 0.1176519 Test Loss: 0.1634237
Validation loss decreased (0.118323 --> 0.117652).  Saving model ...
Updating learning rate to 0.0025600000000000006
	iters: 100, epoch: 7 | loss: 0.1675141
	speed: 0.0399s/iter; left time: 124.3720s
Epoch: 7 cost time: 1.8205053806304932
Epoch: 7, Steps: 134 | Train Loss: 0.1966682 Vali Loss: 0.1213851 Test Loss: 0.1629251
EarlyStopping counter: 1 out of 5
Updating learning rate to 0.0020480000000000003
	iters: 100, epoch: 8 | loss: 0.1804462
	speed: 0.0396s/iter; left time: 118.1939s
Epoch: 8 cost time: 1.7978179454803467
Epoch: 8, Steps: 134 | Train Loss: 0.1929125 Vali Loss: 0.1234649 Test Loss: 0.1637997
EarlyStopping counter: 2 out of 5
Updating learning rate to 0.0016384000000000004
	iters: 100, epoch: 9 | loss: 0.2769262
	speed: 0.0413s/iter; left time: 117.5714s
Epoch: 9 cost time: 1.757134199142456
Epoch: 9, Steps: 134 | Train Loss: 0.1894385 Vali Loss: 0.1238770 Test Loss: 0.1641846
EarlyStopping counter: 3 out of 5
Updating learning rate to 0.0013107200000000005
	iters: 100, epoch: 10 | loss: 0.1341156
	speed: 0.0420s/iter; left time: 114.1489s
Epoch: 10 cost time: 1.8957996368408203
Epoch: 10, Steps: 134 | Train Loss: 0.1860639 Vali Loss: 0.1278291 Test Loss: 0.1640179
EarlyStopping counter: 4 out of 5
Updating learning rate to 0.0010485760000000005
	iters: 100, epoch: 11 | loss: 0.1669119
	speed: 0.0398s/iter; left time: 102.6728s
Epoch: 11 cost time: 1.7077524662017822
Epoch: 11, Steps: 134 | Train Loss: 0.1828656 Vali Loss: 0.1288565 Test Loss: 0.1652962
EarlyStopping counter: 5 out of 5
Early stopping
>>>>>>>testing : ETTm2_96_96_CycleNet_ETTm2_ftM_sl96_pl96_cycle96_mlp_seed2024<<<<<<<<<<<<<<<<<<<<<<<<<<<<<<<<<
test 11425
mse:0.1641620397567749, mae:0.24590067565441132
