Args in experiment:
Namespace(random_seed=2024, is_training=1, model_id='ETTm2_96_96', model='CycleNet', data='ETTm2', root_path='./dataset/ETT-small/', data_path='ETTm2.csv', features='M', target='OT', freq='h', checkpoints='./checkpoints/', seq_len=96, label_len=0, pred_len=96, cycle=96, model_type='mlp', use_revin=1, msc_layers=0, freq_layers=0, channel_attn_layers=0, mrt_layers=1, fc_dropout=0.05, head_dropout=0.0, patch_len=16, stride=8, padding_patch='end', revin=0, affine=0, subtract_last=0, decomposition=0, kernel_size=25, individual=0, rnn_type='gru', dec_way='pmf', seg_len=48, channel_id=1, period_len=24, embed_type=0, enc_in=7, dec_in=7, c_out=7, d_model=512, n_heads=8, e_layers=2, d_layers=1, d_ff=2048, moving_avg=25, factor=1, distil=True, dropout=0, embed='timeF', activation='gelu', output_attention=False, do_predict=False, num_workers=10, itr=1, train_epochs=30, batch_size=256, patience=5, learning_rate=0.005, des='test', loss='mse', lradj='type3', pct_start=0.3, use_amp=False, use_gpu=True, gpu=0, use_multi_gpu=False, devices='0,1', test_flop=False)
Use GPU: cuda:0
>>>>>>>start training : ETTm2_96_96_CycleNet_ETTm2_ftM_sl96_pl96_cycle96_mlp_seed2024>>>>>>>>>>>>>>>>>>>>>>>>>>
train 34369
val 11425
test 11425
	iters: 100, epoch: 1 | loss: 0.2468145
	speed: 0.0381s/iter; left time: 149.3608s
Epoch: 1 cost time: 4.197500944137573
Epoch: 1, Steps: 134 | Train Loss: 0.2573515 Vali Loss: 0.1302951 Test Loss: 0.1856709
Validation loss decreased (inf --> 0.130295).  Saving model ...
Updating learning rate to 0.005
	iters: 100, epoch: 2 | loss: 0.1800679
	speed: 0.0481s/iter; left time: 182.0391s
Epoch: 2 cost time: 2.132873058319092
Epoch: 2, Steps: 134 | Train Loss: 0.2274077 Vali Loss: 0.1240686 Test Loss: 0.1751454
Validation loss decreased (0.130295 --> 0.124069).  Saving model ...
Updating learning rate to 0.005
	iters: 100, epoch: 3 | loss: 0.1723523
	speed: 0.0497s/iter; left time: 181.4894s
Epoch: 3 cost time: 2.1949071884155273
Epoch: 3, Steps: 134 | Train Loss: 0.2084095 Vali Loss: 0.1197763 Test Loss: 0.1722732
Validation loss decreased (0.124069 --> 0.119776).  Saving model ...
Updating learning rate to 0.005
	iters: 100, epoch: 4 | loss: 0.1850295
	speed: 0.0491s/iter; left time: 172.8108s
Epoch: 4 cost time: 2.305250406265259
Epoch: 4, Steps: 134 | Train Loss: 0.2010652 Vali Loss: 0.1187767 Test Loss: 0.1733980
Validation loss decreased (0.119776 --> 0.118777).  Saving model ...
Updating learning rate to 0.004
	iters: 100, epoch: 5 | loss: 0.2050254
	speed: 0.0496s/iter; left time: 167.9673s
Epoch: 5 cost time: 2.1927053928375244
Epoch: 5, Steps: 134 | Train Loss: 0.1947721 Vali Loss: 0.1198463 Test Loss: 0.1772001
EarlyStopping counter: 1 out of 5
Updating learning rate to 0.0032000000000000006
	iters: 100, epoch: 6 | loss: 0.2182695
	speed: 0.0480s/iter; left time: 156.1107s
Epoch: 6 cost time: 2.116084098815918
Epoch: 6, Steps: 134 | Train Loss: 0.1887020 Vali Loss: 0.1217683 Test Loss: 0.1814863
EarlyStopping counter: 2 out of 5
Updating learning rate to 0.0025600000000000006
	iters: 100, epoch: 7 | loss: 0.2121495
	speed: 0.0487s/iter; left time: 151.9246s
Epoch: 7 cost time: 2.098112106323242
Epoch: 7, Steps: 134 | Train Loss: 0.1840359 Vali Loss: 0.1233389 Test Loss: 0.1806803
EarlyStopping counter: 3 out of 5
Updating learning rate to 0.0020480000000000003
	iters: 100, epoch: 8 | loss: 0.1654650
	speed: 0.0489s/iter; left time: 145.8882s
Epoch: 8 cost time: 2.1945149898529053
Epoch: 8, Steps: 134 | Train Loss: 0.1785590 Vali Loss: 0.1246788 Test Loss: 0.1838526
EarlyStopping counter: 4 out of 5
Updating learning rate to 0.0016384000000000004
	iters: 100, epoch: 9 | loss: 0.2235610
	speed: 0.0482s/iter; left time: 137.3868s
Epoch: 9 cost time: 2.102062940597534
Epoch: 9, Steps: 134 | Train Loss: 0.1742453 Vali Loss: 0.1262206 Test Loss: 0.1835921
EarlyStopping counter: 5 out of 5
Early stopping
>>>>>>>testing : ETTm2_96_96_CycleNet_ETTm2_ftM_sl96_pl96_cycle96_mlp_seed2024<<<<<<<<<<<<<<<<<<<<<<<<<<<<<<<<<
test 11425
mse:0.17421495914459229, mae:0.2541118562221527
