Args in experiment:
Namespace(random_seed=2024, is_training=1, model_id='ETTm2_96_336', model='CycleNet', data='ETTm2', root_path='./dataset/ETT-small/', data_path='ETTm2.csv', features='M', target='OT', freq='h', checkpoints='./checkpoints/', seq_len=96, label_len=0, pred_len=336, cycle=96, model_type='mlp', use_revin=1, mrt_layers=0, freq_layers=0, freq_v2_layers=1, freq_v3_layers=0, freq_v4_layers=0, fc_dropout=0.05, head_dropout=0.0, patch_len=16, stride=8, padding_patch='end', revin=0, affine=0, subtract_last=0, decomposition=0, kernel_size=25, individual=0, rnn_type='gru', dec_way='pmf', seg_len=48, channel_id=1, period_len=24, embed_type=0, enc_in=7, dec_in=7, c_out=7, d_model=512, n_heads=8, e_layers=2, d_layers=1, d_ff=2048, moving_avg=25, factor=1, distil=True, dropout=0, embed='timeF', activation='gelu', output_attention=False, do_predict=False, num_workers=10, itr=1, train_epochs=30, batch_size=256, patience=15, learning_rate=0.005, des='test', loss='mse', lradj='type3', pct_start=0.3, use_amp=False, use_gpu=True, gpu=0, use_multi_gpu=False, devices='0,1', test_flop=False)
Use GPU: cuda:0
>>>>>>>start training : ETTm2_96_336_CycleNet_ETTm2_ftM_sl96_pl336_cycle96_mlp_freqv21_seed2024>>>>>>>>>>>>>>>>>>>>>>>>>>
train 34129
val 11185
test 11185
	iters: 100, epoch: 1 | loss: 0.5310792
	speed: 0.0679s/iter; left time: 264.2250s
Epoch: 1 cost time: 8.231708765029907
Epoch: 1, Steps: 133 | Train Loss: 0.4508512 Vali Loss: 0.2207646 Test Loss: 0.3073340
Validation loss decreased (inf --> 0.220765).  Saving model ...
Updating learning rate to 0.005
	iters: 100, epoch: 2 | loss: 0.3391431
	speed: 0.1272s/iter; left time: 477.9529s
Epoch: 2 cost time: 5.998935699462891
Epoch: 2, Steps: 133 | Train Loss: 0.4306888 Vali Loss: 0.2113751 Test Loss: 0.2888349
Validation loss decreased (0.220765 --> 0.211375).  Saving model ...
Updating learning rate to 0.005
	iters: 100, epoch: 3 | loss: 0.3124865
	speed: 0.1450s/iter; left time: 525.5333s
Epoch: 3 cost time: 6.255311489105225
Epoch: 3, Steps: 133 | Train Loss: 0.4075957 Vali Loss: 0.2086586 Test Loss: 0.2815897
Validation loss decreased (0.211375 --> 0.208659).  Saving model ...
Updating learning rate to 0.005
	iters: 100, epoch: 4 | loss: 0.4490648
	speed: 0.1167s/iter; left time: 407.6161s
Epoch: 4 cost time: 2.943964958190918
Epoch: 4, Steps: 133 | Train Loss: 0.3966229 Vali Loss: 0.2091526 Test Loss: 0.2834412
EarlyStopping counter: 1 out of 15
Updating learning rate to 0.004
	iters: 100, epoch: 5 | loss: 0.4158260
	speed: 0.0679s/iter; left time: 227.9201s
Epoch: 5 cost time: 3.1225593090057373
Epoch: 5, Steps: 133 | Train Loss: 0.3860217 Vali Loss: 0.2182493 Test Loss: 0.2847643
EarlyStopping counter: 2 out of 15
Updating learning rate to 0.0032000000000000006
	iters: 100, epoch: 6 | loss: 0.3908266
	speed: 0.0972s/iter; left time: 313.6207s
Epoch: 6 cost time: 5.857866287231445
Epoch: 6, Steps: 133 | Train Loss: 0.3757667 Vali Loss: 0.2239571 Test Loss: 0.2865956
EarlyStopping counter: 3 out of 15
Updating learning rate to 0.0025600000000000006
	iters: 100, epoch: 7 | loss: 0.3627217
	speed: 0.1061s/iter; left time: 328.1464s
Epoch: 7 cost time: 4.7859673500061035
Epoch: 7, Steps: 133 | Train Loss: 0.3679734 Vali Loss: 0.2265256 Test Loss: 0.2870424
EarlyStopping counter: 4 out of 15
Updating learning rate to 0.0020480000000000003
	iters: 100, epoch: 8 | loss: 0.3904122
	speed: 0.1214s/iter; left time: 359.4481s
Epoch: 8 cost time: 5.6368207931518555
Epoch: 8, Steps: 133 | Train Loss: 0.3600487 Vali Loss: 0.2349115 Test Loss: 0.2938310
EarlyStopping counter: 5 out of 15
Updating learning rate to 0.0016384000000000004
	iters: 100, epoch: 9 | loss: 0.3933220
	speed: 0.1158s/iter; left time: 327.4976s
Epoch: 9 cost time: 4.0401599407196045
Epoch: 9, Steps: 133 | Train Loss: 0.3519412 Vali Loss: 0.2317112 Test Loss: 0.2888652
EarlyStopping counter: 6 out of 15
Updating learning rate to 0.0013107200000000005
	iters: 100, epoch: 10 | loss: 0.3152526
	speed: 0.1244s/iter; left time: 335.0240s
Epoch: 10 cost time: 5.583220481872559
Epoch: 10, Steps: 133 | Train Loss: 0.3443640 Vali Loss: 0.2336598 Test Loss: 0.2895403
EarlyStopping counter: 7 out of 15
Updating learning rate to 0.0010485760000000005
	iters: 100, epoch: 11 | loss: 0.2659916
	speed: 0.1203s/iter; left time: 308.1360s
Epoch: 11 cost time: 5.677870273590088
Epoch: 11, Steps: 133 | Train Loss: 0.3383592 Vali Loss: 0.2324329 Test Loss: 0.2891205
EarlyStopping counter: 8 out of 15
Updating learning rate to 0.0008388608000000005
	iters: 100, epoch: 12 | loss: 0.2533716
	speed: 0.1173s/iter; left time: 284.8276s
Epoch: 12 cost time: 5.501896858215332
Epoch: 12, Steps: 133 | Train Loss: 0.3327606 Vali Loss: 0.2399533 Test Loss: 0.2945703
EarlyStopping counter: 9 out of 15
Updating learning rate to 0.0006710886400000003
	iters: 100, epoch: 13 | loss: 0.4059294
	speed: 0.1160s/iter; left time: 266.2162s
Epoch: 13 cost time: 6.060500144958496
Epoch: 13, Steps: 133 | Train Loss: 0.3292698 Vali Loss: 0.2381425 Test Loss: 0.2935142
EarlyStopping counter: 10 out of 15
Updating learning rate to 0.0005368709120000003
	iters: 100, epoch: 14 | loss: 0.3702080
	speed: 0.1292s/iter; left time: 279.4044s
Epoch: 14 cost time: 6.585615158081055
Epoch: 14, Steps: 133 | Train Loss: 0.3261503 Vali Loss: 0.2375668 Test Loss: 0.2930786
EarlyStopping counter: 11 out of 15
Updating learning rate to 0.0004294967296000003
	iters: 100, epoch: 15 | loss: 0.3554948
	speed: 0.1329s/iter; left time: 269.7243s
Epoch: 15 cost time: 6.375586032867432
Epoch: 15, Steps: 133 | Train Loss: 0.3233930 Vali Loss: 0.2369599 Test Loss: 0.2944358
EarlyStopping counter: 12 out of 15
Updating learning rate to 0.0003435973836800002
	iters: 100, epoch: 16 | loss: 0.3660223
	speed: 0.1297s/iter; left time: 245.8313s
Epoch: 16 cost time: 6.4761481285095215
Epoch: 16, Steps: 133 | Train Loss: 0.3217845 Vali Loss: 0.2416885 Test Loss: 0.2961544
EarlyStopping counter: 13 out of 15
Updating learning rate to 0.0002748779069440002
	iters: 100, epoch: 17 | loss: 0.3327934
	speed: 0.1428s/iter; left time: 251.8126s
Epoch: 17 cost time: 6.824670314788818
Epoch: 17, Steps: 133 | Train Loss: 0.3201805 Vali Loss: 0.2417011 Test Loss: 0.2957546
EarlyStopping counter: 14 out of 15
Updating learning rate to 0.00021990232555520019
	iters: 100, epoch: 18 | loss: 0.3200489
	speed: 0.1408s/iter; left time: 229.5128s
Epoch: 18 cost time: 6.561868667602539
Epoch: 18, Steps: 133 | Train Loss: 0.3194431 Vali Loss: 0.2406419 Test Loss: 0.2957797
EarlyStopping counter: 15 out of 15
Early stopping
>>>>>>>testing : ETTm2_96_336_CycleNet_ETTm2_ftM_sl96_pl336_cycle96_mlp_freqv21_seed2024<<<<<<<<<<<<<<<<<<<<<<<<<<<<<<<<<
test 11185
mse:0.28286316990852356, mae:0.32704415917396545
