Args in experiment:
Namespace(random_seed=2024, is_training=1, model_id='ETTm2_96_720', model='CycleNet', data='ETTm2', root_path='./dataset/ETT-small/', data_path='ETTm2.csv', features='M', target='OT', freq='h', checkpoints='./checkpoints/', seq_len=96, label_len=0, pred_len=720, cycle=96, model_type='mlp', use_revin=1, mrt_layers=0, freq_layers=1, freq_v2_layers=0, freq_v3_layers=0, freq_v4_layers=0, fc_dropout=0.05, head_dropout=0.0, patch_len=16, stride=8, padding_patch='end', revin=0, affine=0, subtract_last=0, decomposition=0, kernel_size=25, individual=0, rnn_type='gru', dec_way='pmf', seg_len=48, channel_id=1, period_len=24, embed_type=0, enc_in=7, dec_in=7, c_out=7, d_model=512, n_heads=8, e_layers=2, d_layers=1, d_ff=2048, moving_avg=25, factor=1, distil=True, dropout=0, embed='timeF', activation='gelu', output_attention=False, do_predict=False, num_workers=10, itr=1, train_epochs=30, batch_size=256, patience=15, learning_rate=0.005, des='test', loss='mse', lradj='type3', pct_start=0.3, use_amp=False, use_gpu=True, gpu=0, use_multi_gpu=False, devices='0,1', test_flop=False)
Use GPU: cuda:0
>>>>>>>start training : ETTm2_96_720_CycleNet_ETTm2_ftM_sl96_pl720_cycle96_mlp_freq1_seed2024>>>>>>>>>>>>>>>>>>>>>>>>>>
train 33745
val 10801
test 10801
	iters: 100, epoch: 1 | loss: 0.6183233
	speed: 0.0450s/iter; left time: 172.5259s
Epoch: 1 cost time: 5.135146379470825
Epoch: 1, Steps: 131 | Train Loss: 0.5950722 Vali Loss: 0.2919398 Test Loss: 0.4126877
Validation loss decreased (inf --> 0.291940).  Saving model ...
Updating learning rate to 0.005
	iters: 100, epoch: 2 | loss: 0.5417315
	speed: 0.0744s/iter; left time: 275.3657s
Epoch: 2 cost time: 3.476872205734253
Epoch: 2, Steps: 131 | Train Loss: 0.5767742 Vali Loss: 0.2799855 Test Loss: 0.3945073
Validation loss decreased (0.291940 --> 0.279985).  Saving model ...
Updating learning rate to 0.005
	iters: 100, epoch: 3 | loss: 0.6837686
	speed: 0.1162s/iter; left time: 414.5950s
Epoch: 3 cost time: 6.3593645095825195
Epoch: 3, Steps: 131 | Train Loss: 0.5508421 Vali Loss: 0.2758296 Test Loss: 0.3876573
Validation loss decreased (0.279985 --> 0.275830).  Saving model ...
Updating learning rate to 0.005
	iters: 100, epoch: 4 | loss: 0.5778340
	speed: 0.1418s/iter; left time: 487.5555s
Epoch: 4 cost time: 5.998708963394165
Epoch: 4, Steps: 131 | Train Loss: 0.5342398 Vali Loss: 0.2749209 Test Loss: 0.3919029
Validation loss decreased (0.275830 --> 0.274921).  Saving model ...
Updating learning rate to 0.004
	iters: 100, epoch: 5 | loss: 0.3781863
	speed: 0.1253s/iter; left time: 414.5199s
Epoch: 5 cost time: 5.43049168586731
Epoch: 5, Steps: 131 | Train Loss: 0.5206966 Vali Loss: 0.2892787 Test Loss: 0.3928272
EarlyStopping counter: 1 out of 15
Updating learning rate to 0.0032000000000000006
	iters: 100, epoch: 6 | loss: 0.5635843
	speed: 0.1273s/iter; left time: 404.4361s
Epoch: 6 cost time: 4.92467737197876
Epoch: 6, Steps: 131 | Train Loss: 0.5103237 Vali Loss: 0.2946541 Test Loss: 0.3974450
EarlyStopping counter: 2 out of 15
Updating learning rate to 0.0025600000000000006
	iters: 100, epoch: 7 | loss: 0.4326839
	speed: 0.1288s/iter; left time: 392.2488s
Epoch: 7 cost time: 5.966313362121582
Epoch: 7, Steps: 131 | Train Loss: 0.5021976 Vali Loss: 0.2907096 Test Loss: 0.3977413
EarlyStopping counter: 3 out of 15
Updating learning rate to 0.0020480000000000003
	iters: 100, epoch: 8 | loss: 0.5042024
	speed: 0.1359s/iter; left time: 396.1465s
Epoch: 8 cost time: 6.176968336105347
Epoch: 8, Steps: 131 | Train Loss: 0.4964609 Vali Loss: 0.2961400 Test Loss: 0.3996765
EarlyStopping counter: 4 out of 15
Updating learning rate to 0.0016384000000000004
	iters: 100, epoch: 9 | loss: 0.5120227
	speed: 0.1413s/iter; left time: 393.1619s
Epoch: 9 cost time: 6.391467332839966
Epoch: 9, Steps: 131 | Train Loss: 0.4904142 Vali Loss: 0.2985909 Test Loss: 0.4006971
EarlyStopping counter: 5 out of 15
Updating learning rate to 0.0013107200000000005
	iters: 100, epoch: 10 | loss: 0.5722860
	speed: 0.1345s/iter; left time: 356.8266s
Epoch: 10 cost time: 5.877966403961182
Epoch: 10, Steps: 131 | Train Loss: 0.4850269 Vali Loss: 0.2950435 Test Loss: 0.3971796
EarlyStopping counter: 6 out of 15
Updating learning rate to 0.0010485760000000005
	iters: 100, epoch: 11 | loss: 0.3994391
	speed: 0.1275s/iter; left time: 321.4565s
Epoch: 11 cost time: 5.775237321853638
Epoch: 11, Steps: 131 | Train Loss: 0.4811417 Vali Loss: 0.2970091 Test Loss: 0.3994180
EarlyStopping counter: 7 out of 15
Updating learning rate to 0.0008388608000000005
	iters: 100, epoch: 12 | loss: 0.5825833
	speed: 0.1239s/iter; left time: 296.1201s
Epoch: 12 cost time: 5.800287246704102
Epoch: 12, Steps: 131 | Train Loss: 0.4769429 Vali Loss: 0.3010083 Test Loss: 0.4045646
EarlyStopping counter: 8 out of 15
Updating learning rate to 0.0006710886400000003
	iters: 100, epoch: 13 | loss: 0.5379496
	speed: 0.1233s/iter; left time: 278.4526s
Epoch: 13 cost time: 5.648329496383667
Epoch: 13, Steps: 131 | Train Loss: 0.4739401 Vali Loss: 0.2964871 Test Loss: 0.4017920
EarlyStopping counter: 9 out of 15
Updating learning rate to 0.0005368709120000003
	iters: 100, epoch: 14 | loss: 0.4499817
	speed: 0.1395s/iter; left time: 296.8408s
Epoch: 14 cost time: 5.92676854133606
Epoch: 14, Steps: 131 | Train Loss: 0.4719129 Vali Loss: 0.3000192 Test Loss: 0.4024114
EarlyStopping counter: 10 out of 15
Updating learning rate to 0.0004294967296000003
	iters: 100, epoch: 15 | loss: 0.5126137
	speed: 0.1286s/iter; left time: 256.8441s
Epoch: 15 cost time: 5.430777072906494
Epoch: 15, Steps: 131 | Train Loss: 0.4698929 Vali Loss: 0.2988835 Test Loss: 0.4007220
EarlyStopping counter: 11 out of 15
Updating learning rate to 0.0003435973836800002
	iters: 100, epoch: 16 | loss: 0.5095092
	speed: 0.1421s/iter; left time: 265.0729s
Epoch: 16 cost time: 5.950121164321899
Epoch: 16, Steps: 131 | Train Loss: 0.4678851 Vali Loss: 0.3020151 Test Loss: 0.4040156
EarlyStopping counter: 12 out of 15
Updating learning rate to 0.0002748779069440002
	iters: 100, epoch: 17 | loss: 0.4869791
	speed: 0.1416s/iter; left time: 245.6275s
Epoch: 17 cost time: 6.442022800445557
Epoch: 17, Steps: 131 | Train Loss: 0.4667895 Vali Loss: 0.3010691 Test Loss: 0.4029646
EarlyStopping counter: 13 out of 15
Updating learning rate to 0.00021990232555520019
	iters: 100, epoch: 18 | loss: 0.4635105
	speed: 0.1463s/iter; left time: 234.7046s
Epoch: 18 cost time: 5.790392875671387
Epoch: 18, Steps: 131 | Train Loss: 0.4662285 Vali Loss: 0.3014261 Test Loss: 0.4027128
EarlyStopping counter: 14 out of 15
Updating learning rate to 0.00017592186044416015
	iters: 100, epoch: 19 | loss: 0.4437259
	speed: 0.1341s/iter; left time: 197.5914s
Epoch: 19 cost time: 5.931078672409058
Epoch: 19, Steps: 131 | Train Loss: 0.4651745 Vali Loss: 0.3022960 Test Loss: 0.4045251
EarlyStopping counter: 15 out of 15
Early stopping
>>>>>>>testing : ETTm2_96_720_CycleNet_ETTm2_ftM_sl96_pl720_cycle96_mlp_freq1_seed2024<<<<<<<<<<<<<<<<<<<<<<<<<<<<<<<<<
test 10801
mse:0.38673943281173706, mae:0.38954049348831177
