Args in experiment:
Namespace(random_seed=2024, is_training=1, model_id='ETTm1_96_96', model='CycleNet', data='ETTm1', root_path='./dataset/ETT-small/', data_path='ETTm1.csv', features='M', target='OT', freq='h', checkpoints='./checkpoints/', seq_len=96, label_len=0, pred_len=96, cycle=96, model_type='mlp', use_revin=1, mrt_layers=0, freq_layers=1, fc_dropout=0.05, head_dropout=0.0, patch_len=16, stride=8, padding_patch='end', revin=0, affine=0, subtract_last=0, decomposition=0, kernel_size=25, individual=0, rnn_type='gru', dec_way='pmf', seg_len=48, channel_id=1, period_len=24, embed_type=0, enc_in=7, dec_in=7, c_out=7, d_model=512, n_heads=8, e_layers=2, d_layers=1, d_ff=2048, moving_avg=25, factor=1, distil=True, dropout=0, embed='timeF', activation='gelu', output_attention=False, do_predict=False, num_workers=10, itr=1, train_epochs=30, batch_size=256, patience=15, learning_rate=0.005, des='test', loss='mse', lradj='type3', pct_start=0.3, use_amp=False, use_gpu=True, gpu=0, use_multi_gpu=False, devices='0,1', test_flop=False)
Use GPU: cuda:0
>>>>>>>start training : ETTm1_96_96_CycleNet_ETTm1_ftM_sl96_pl96_cycle96_mlp_freq1_seed2024>>>>>>>>>>>>>>>>>>>>>>>>>>
train 34369
val 11425
test 11425
	iters: 100, epoch: 1 | loss: 0.3314738
	speed: 0.0461s/iter; left time: 180.7022s
Epoch: 1 cost time: 5.109870672225952
Epoch: 1, Steps: 134 | Train Loss: 0.3725803 Vali Loss: 0.4150331 Test Loss: 0.3531528
Validation loss decreased (inf --> 0.415033).  Saving model ...
Updating learning rate to 0.005
	iters: 100, epoch: 2 | loss: 0.2887699
	speed: 0.0504s/iter; left time: 190.9599s
Epoch: 2 cost time: 2.507089614868164
Epoch: 2, Steps: 134 | Train Loss: 0.3060767 Vali Loss: 0.3988211 Test Loss: 0.3273829
Validation loss decreased (0.415033 --> 0.398821).  Saving model ...
Updating learning rate to 0.005
	iters: 100, epoch: 3 | loss: 0.2594077
	speed: 0.0520s/iter; left time: 189.8346s
Epoch: 3 cost time: 2.5178632736206055
Epoch: 3, Steps: 134 | Train Loss: 0.2736687 Vali Loss: 0.3965727 Test Loss: 0.3284071
Validation loss decreased (0.398821 --> 0.396573).  Saving model ...
Updating learning rate to 0.005
	iters: 100, epoch: 4 | loss: 0.2465932
	speed: 0.0535s/iter; left time: 188.1326s
Epoch: 4 cost time: 2.5204660892486572
Epoch: 4, Steps: 134 | Train Loss: 0.2616782 Vali Loss: 0.3839486 Test Loss: 0.3160289
Validation loss decreased (0.396573 --> 0.383949).  Saving model ...
Updating learning rate to 0.004
	iters: 100, epoch: 5 | loss: 0.2487092
	speed: 0.0520s/iter; left time: 175.9715s
Epoch: 5 cost time: 2.5341320037841797
Epoch: 5, Steps: 134 | Train Loss: 0.2548232 Vali Loss: 0.3880797 Test Loss: 0.3190032
EarlyStopping counter: 1 out of 15
Updating learning rate to 0.0032000000000000006
	iters: 100, epoch: 6 | loss: 0.2322462
	speed: 0.0545s/iter; left time: 177.3385s
Epoch: 6 cost time: 2.757728099822998
Epoch: 6, Steps: 134 | Train Loss: 0.2506591 Vali Loss: 0.3901019 Test Loss: 0.3193226
EarlyStopping counter: 2 out of 15
Updating learning rate to 0.0025600000000000006
	iters: 100, epoch: 7 | loss: 0.2522117
	speed: 0.0525s/iter; left time: 163.5297s
Epoch: 7 cost time: 2.4708690643310547
Epoch: 7, Steps: 134 | Train Loss: 0.2471308 Vali Loss: 0.3863750 Test Loss: 0.3152623
EarlyStopping counter: 3 out of 15
Updating learning rate to 0.0020480000000000003
	iters: 100, epoch: 8 | loss: 0.2428716
	speed: 0.0539s/iter; left time: 160.8727s
Epoch: 8 cost time: 2.6204028129577637
Epoch: 8, Steps: 134 | Train Loss: 0.2448112 Vali Loss: 0.3863720 Test Loss: 0.3165658
EarlyStopping counter: 4 out of 15
Updating learning rate to 0.0016384000000000004
	iters: 100, epoch: 9 | loss: 0.2450815
	speed: 0.0524s/iter; left time: 149.1841s
Epoch: 9 cost time: 2.4942245483398438
Epoch: 9, Steps: 134 | Train Loss: 0.2428095 Vali Loss: 0.3912439 Test Loss: 0.3166718
EarlyStopping counter: 5 out of 15
Updating learning rate to 0.0013107200000000005
	iters: 100, epoch: 10 | loss: 0.2384439
	speed: 0.0498s/iter; left time: 135.2266s
Epoch: 10 cost time: 2.440213680267334
Epoch: 10, Steps: 134 | Train Loss: 0.2408926 Vali Loss: 0.3911323 Test Loss: 0.3186975
EarlyStopping counter: 6 out of 15
Updating learning rate to 0.0010485760000000005
	iters: 100, epoch: 11 | loss: 0.2328448
	speed: 0.0518s/iter; left time: 133.7817s
Epoch: 11 cost time: 2.59639048576355
Epoch: 11, Steps: 134 | Train Loss: 0.2393160 Vali Loss: 0.3904993 Test Loss: 0.3159528
EarlyStopping counter: 7 out of 15
Updating learning rate to 0.0008388608000000005
	iters: 100, epoch: 12 | loss: 0.2271599
	speed: 0.0497s/iter; left time: 121.6612s
Epoch: 12 cost time: 2.153590202331543
Epoch: 12, Steps: 134 | Train Loss: 0.2381309 Vali Loss: 0.3946545 Test Loss: 0.3174446
EarlyStopping counter: 8 out of 15
Updating learning rate to 0.0006710886400000003
	iters: 100, epoch: 13 | loss: 0.2175332
	speed: 0.0460s/iter; left time: 106.3317s
Epoch: 13 cost time: 2.1926417350769043
Epoch: 13, Steps: 134 | Train Loss: 0.2370150 Vali Loss: 0.3916792 Test Loss: 0.3188063
EarlyStopping counter: 9 out of 15
Updating learning rate to 0.0005368709120000003
	iters: 100, epoch: 14 | loss: 0.2447727
	speed: 0.0472s/iter; left time: 102.7881s
Epoch: 14 cost time: 2.2013816833496094
Epoch: 14, Steps: 134 | Train Loss: 0.2364501 Vali Loss: 0.3927633 Test Loss: 0.3173111
EarlyStopping counter: 10 out of 15
Updating learning rate to 0.0004294967296000003
	iters: 100, epoch: 15 | loss: 0.2374306
	speed: 0.0485s/iter; left time: 99.1513s
Epoch: 15 cost time: 2.2455554008483887
Epoch: 15, Steps: 134 | Train Loss: 0.2354045 Vali Loss: 0.3936554 Test Loss: 0.3166787
EarlyStopping counter: 11 out of 15
Updating learning rate to 0.0003435973836800002
	iters: 100, epoch: 16 | loss: 0.2255167
	speed: 0.0465s/iter; left time: 88.9100s
Epoch: 16 cost time: 2.1878035068511963
Epoch: 16, Steps: 134 | Train Loss: 0.2348164 Vali Loss: 0.3925001 Test Loss: 0.3161814
EarlyStopping counter: 12 out of 15
Updating learning rate to 0.0002748779069440002
	iters: 100, epoch: 17 | loss: 0.2354911
	speed: 0.0449s/iter; left time: 79.8369s
Epoch: 17 cost time: 1.916416883468628
Epoch: 17, Steps: 134 | Train Loss: 0.2341963 Vali Loss: 0.3943389 Test Loss: 0.3161781
EarlyStopping counter: 13 out of 15
Updating learning rate to 0.00021990232555520019
	iters: 100, epoch: 18 | loss: 0.2473873
	speed: 0.0476s/iter; left time: 78.2284s
Epoch: 18 cost time: 2.2093498706817627
Epoch: 18, Steps: 134 | Train Loss: 0.2338016 Vali Loss: 0.3913044 Test Loss: 0.3158930
EarlyStopping counter: 14 out of 15
Updating learning rate to 0.00017592186044416015
	iters: 100, epoch: 19 | loss: 0.2378190
	speed: 0.0493s/iter; left time: 74.4463s
Epoch: 19 cost time: 2.273592472076416
Epoch: 19, Steps: 134 | Train Loss: 0.2334748 Vali Loss: 0.3928054 Test Loss: 0.3163742
EarlyStopping counter: 15 out of 15
Early stopping
>>>>>>>testing : ETTm1_96_96_CycleNet_ETTm1_ftM_sl96_pl96_cycle96_mlp_freq1_seed2024<<<<<<<<<<<<<<<<<<<<<<<<<<<<<<<<<
test 11425
mse:0.317322313785553, mae:0.3559598922729492
