============================================================
CONFIGURATION
============================================================
Device     : cuda:0
Dataset    : ettm1
Pred len   : 336
Seed       : 2024

--- Data ---
enc_in     : 7
seq_len    : 96
cycle      : 96
use_revin  : 1
batch_size : 256

--- Model ---
model_type : mlp
d_model    : 512
mrt_layers : 1
freq_layers: 0
fusion     : mode=serial, gate=0, sparsity=0.0

--- Training ---
base_lr    : 0.005
Stage1     : epochs=30, patience=15
Stage2     : epochs=15, patience=5, freeze_backbone=0
Stage3     : SKIPPED (stage2_only)
============================================================

============================================================
STAGE 1: Train MRT only (freq_layers=0)
============================================================
train 34129
val 11185
test 11185
    iters: 100, epoch: 1 | loss: 0.4131836 | speed: 0.0324s/iter; left: 126s
Epoch: 1, Steps: 133 | Train: 0.4486127 Vali: 0.6921597 Test: 0.4284741
Validation loss decreased (inf --> 0.692160).  Saving model ...
Updating learning rate to 0.005
    iters: 100, epoch: 2 | loss: 0.4231424 | speed: 0.0224s/iter; left: 84s
Epoch: 2, Steps: 133 | Train: 0.3990453 Vali: 0.6713901 Test: 0.4050352
Validation loss decreased (0.692160 --> 0.671390).  Saving model ...
Updating learning rate to 0.005
    iters: 100, epoch: 3 | loss: 0.3820235 | speed: 0.0262s/iter; left: 95s
Epoch: 3, Steps: 133 | Train: 0.3753198 Vali: 0.6556261 Test: 0.3975703
Validation loss decreased (0.671390 --> 0.655626).  Saving model ...
Updating learning rate to 0.005
    iters: 100, epoch: 4 | loss: 0.3706916 | speed: 0.0260s/iter; left: 91s
Epoch: 4, Steps: 133 | Train: 0.3643539 Vali: 0.6461191 Test: 0.3905543
Validation loss decreased (0.655626 --> 0.646119).  Saving model ...
Updating learning rate to 0.004
    iters: 100, epoch: 5 | loss: 0.3273199 | speed: 0.0238s/iter; left: 80s
Epoch: 5, Steps: 133 | Train: 0.3578871 Vali: 0.6451690 Test: 0.3873760
Validation loss decreased (0.646119 --> 0.645169).  Saving model ...
Updating learning rate to 0.0032000000000000006
    iters: 100, epoch: 6 | loss: 0.3299691 | speed: 0.0238s/iter; left: 77s
Epoch: 6, Steps: 133 | Train: 0.3535183 Vali: 0.6451528 Test: 0.3865757
Validation loss decreased (0.645169 --> 0.645153).  Saving model ...
Updating learning rate to 0.0025600000000000006
    iters: 100, epoch: 7 | loss: 0.3416221 | speed: 0.0254s/iter; left: 79s
Epoch: 7, Steps: 133 | Train: 0.3502944 Vali: 0.6459726 Test: 0.3871049
EarlyStopping counter: 1 out of 15
Updating learning rate to 0.0020480000000000003
    iters: 100, epoch: 8 | loss: 0.3378792 | speed: 0.0234s/iter; left: 69s
Epoch: 8, Steps: 133 | Train: 0.3475982 Vali: 0.6445954 Test: 0.3876027
Validation loss decreased (0.645153 --> 0.644595).  Saving model ...
Updating learning rate to 0.0016384000000000004
    iters: 100, epoch: 9 | loss: 0.3236777 | speed: 0.0237s/iter; left: 67s
Epoch: 9, Steps: 133 | Train: 0.3451947 Vali: 0.6464370 Test: 0.3882093
EarlyStopping counter: 1 out of 15
Updating learning rate to 0.0013107200000000005
    iters: 100, epoch: 10 | loss: 0.3712711 | speed: 0.0224s/iter; left: 60s
Epoch: 10, Steps: 133 | Train: 0.3433003 Vali: 0.6439460 Test: 0.3901002
Validation loss decreased (0.644595 --> 0.643946).  Saving model ...
Updating learning rate to 0.0010485760000000005
    iters: 100, epoch: 11 | loss: 0.3556689 | speed: 0.0252s/iter; left: 64s
Epoch: 11, Steps: 133 | Train: 0.3414077 Vali: 0.6419251 Test: 0.3868974
Validation loss decreased (0.643946 --> 0.641925).  Saving model ...
Updating learning rate to 0.0008388608000000005
    iters: 100, epoch: 12 | loss: 0.3583302 | speed: 0.0215s/iter; left: 52s
Epoch: 12, Steps: 133 | Train: 0.3399857 Vali: 0.6438208 Test: 0.3879991
EarlyStopping counter: 1 out of 15
Updating learning rate to 0.0006710886400000003
    iters: 100, epoch: 13 | loss: 0.3413776 | speed: 0.0245s/iter; left: 56s
Epoch: 13, Steps: 133 | Train: 0.3384674 Vali: 0.6429369 Test: 0.3881329
EarlyStopping counter: 2 out of 15
Updating learning rate to 0.0005368709120000003
    iters: 100, epoch: 14 | loss: 0.3317219 | speed: 0.0217s/iter; left: 47s
Epoch: 14, Steps: 133 | Train: 0.3375710 Vali: 0.6444741 Test: 0.3870523
EarlyStopping counter: 3 out of 15
Updating learning rate to 0.0004294967296000003
    iters: 100, epoch: 15 | loss: 0.3283142 | speed: 0.0241s/iter; left: 49s
Epoch: 15, Steps: 133 | Train: 0.3366387 Vali: 0.6449337 Test: 0.3880237
EarlyStopping counter: 4 out of 15
Updating learning rate to 0.0003435973836800002
    iters: 100, epoch: 16 | loss: 0.3165455 | speed: 0.0240s/iter; left: 45s
Epoch: 16, Steps: 133 | Train: 0.3358561 Vali: 0.6454371 Test: 0.3880187
EarlyStopping counter: 5 out of 15
Updating learning rate to 0.0002748779069440002
    iters: 100, epoch: 17 | loss: 0.3129635 | speed: 0.0223s/iter; left: 39s
Epoch: 17, Steps: 133 | Train: 0.3352381 Vali: 0.6458997 Test: 0.3873766
EarlyStopping counter: 6 out of 15
Updating learning rate to 0.00021990232555520019
    iters: 100, epoch: 18 | loss: 0.3541646 | speed: 0.0198s/iter; left: 32s
Epoch: 18, Steps: 133 | Train: 0.3347234 Vali: 0.6455416 Test: 0.3875403
EarlyStopping counter: 7 out of 15
Updating learning rate to 0.00017592186044416015
    iters: 100, epoch: 19 | loss: 0.3318758 | speed: 0.0278s/iter; left: 42s
Epoch: 19, Steps: 133 | Train: 0.3344131 Vali: 0.6466388 Test: 0.3884797
EarlyStopping counter: 8 out of 15
Updating learning rate to 0.00014073748835532812
    iters: 100, epoch: 20 | loss: 0.2998078 | speed: 0.0239s/iter; left: 33s
Epoch: 20, Steps: 133 | Train: 0.3338013 Vali: 0.6442482 Test: 0.3884248
EarlyStopping counter: 9 out of 15
Updating learning rate to 0.00011258999068426252
    iters: 100, epoch: 21 | loss: 0.3299031 | speed: 0.0218s/iter; left: 27s
Epoch: 21, Steps: 133 | Train: 0.3337424 Vali: 0.6457224 Test: 0.3882229
EarlyStopping counter: 10 out of 15
Updating learning rate to 9.007199254741001e-05
    iters: 100, epoch: 22 | loss: 0.3344414 | speed: 0.0204s/iter; left: 22s
Epoch: 22, Steps: 133 | Train: 0.3334683 Vali: 0.6450347 Test: 0.3885829
EarlyStopping counter: 11 out of 15
Updating learning rate to 7.205759403792801e-05
    iters: 100, epoch: 23 | loss: 0.3521685 | speed: 0.0238s/iter; left: 23s
Epoch: 23, Steps: 133 | Train: 0.3331888 Vali: 0.6448555 Test: 0.3885330
EarlyStopping counter: 12 out of 15
Updating learning rate to 5.764607523034242e-05
    iters: 100, epoch: 24 | loss: 0.3193256 | speed: 0.0243s/iter; left: 20s
Epoch: 24, Steps: 133 | Train: 0.3330159 Vali: 0.6455992 Test: 0.3885575
EarlyStopping counter: 13 out of 15
Updating learning rate to 4.611686018427394e-05
    iters: 100, epoch: 25 | loss: 0.3239681 | speed: 0.0225s/iter; left: 16s
Epoch: 25, Steps: 133 | Train: 0.3329710 Vali: 0.6460331 Test: 0.3884870
EarlyStopping counter: 14 out of 15
Updating learning rate to 3.689348814741915e-05
    iters: 100, epoch: 26 | loss: 0.3278639 | speed: 0.0204s/iter; left: 12s
Epoch: 26, Steps: 133 | Train: 0.3329124 Vali: 0.6456853 Test: 0.3884262
EarlyStopping counter: 15 out of 15
Early stopping at epoch 26
STAGE 1 RESULT: mse=0.3863, mae=0.4009, smape=75.1587

============================================================
STAGE 2: Load MRT + add Freq branch (frozen backbone/MRT/cycle, max_epochs=15, patience=5)
============================================================
train 34129
val 11185
test 11185
Loaded 10 params from stage1, 0 new (Freq branch)
Trainable: 222,376 / 223,133 (99.7%)  freeze_backbone=0
    iters: 100, epoch: 1 | loss: 0.3614987 | speed: 0.0223s/iter; left: 42s
Epoch: 1, Train: 0.3385738 Vali: 0.6414227
[diag s2-1]  freq.rs=+0.0189 mask.mean=0.438 mask.std=0.141  mrt.rs=+0.4121
Validation loss decreased (inf --> 0.641423).  Saving model ...
    iters: 100, epoch: 2 | loss: 0.3213437 | speed: 0.0230s/iter; left: 41s
Epoch: 2, Train: 0.3381161 Vali: 0.6432853
[diag s2-2]  freq.rs=+0.0359 mask.mean=0.439 mask.std=0.141  mrt.rs=+0.4121
EarlyStopping counter: 1 out of 5
    iters: 100, epoch: 3 | loss: 0.3524263 | speed: 0.0203s/iter; left: 33s
Epoch: 3, Train: 0.3378108 Vali: 0.6426540
[diag s2-3]  freq.rs=+0.0505 mask.mean=0.440 mask.std=0.142  mrt.rs=+0.4121
EarlyStopping counter: 2 out of 5
    iters: 100, epoch: 4 | loss: 0.3588828 | speed: 0.0253s/iter; left: 38s
Epoch: 4, Train: 0.3373015 Vali: 0.6432553
[diag s2-4]  freq.rs=+0.0654 mask.mean=0.440 mask.std=0.142  mrt.rs=+0.4121
EarlyStopping counter: 3 out of 5
    iters: 100, epoch: 5 | loss: 0.3237807 | speed: 0.0221s/iter; left: 30s
Epoch: 5, Train: 0.3371454 Vali: 0.6437224
[diag s2-5]  freq.rs=+0.0791 mask.mean=0.441 mask.std=0.142  mrt.rs=+0.4121
EarlyStopping counter: 4 out of 5
    iters: 100, epoch: 6 | loss: 0.3355857 | speed: 0.0217s/iter; left: 27s
Epoch: 6, Train: 0.3368256 Vali: 0.6412543
[diag s2-6]  freq.rs=+0.0924 mask.mean=0.441 mask.std=0.143  mrt.rs=+0.4121
Validation loss decreased (0.641423 --> 0.641254).  Saving model ...
    iters: 100, epoch: 7 | loss: 0.3354405 | speed: 0.0220s/iter; left: 24s
Epoch: 7, Train: 0.3365859 Vali: 0.6430051
[diag s2-7]  freq.rs=+0.1053 mask.mean=0.441 mask.std=0.143  mrt.rs=+0.4121
EarlyStopping counter: 1 out of 5
    iters: 100, epoch: 8 | loss: 0.3209482 | speed: 0.0197s/iter; left: 19s
Epoch: 8, Train: 0.3363900 Vali: 0.6458876
[diag s2-8]  freq.rs=+0.1177 mask.mean=0.442 mask.std=0.143  mrt.rs=+0.4121
EarlyStopping counter: 2 out of 5
    iters: 100, epoch: 9 | loss: 0.3382452 | speed: 0.0244s/iter; left: 20s
Epoch: 9, Train: 0.3361007 Vali: 0.6434607
[diag s2-9]  freq.rs=+0.1305 mask.mean=0.442 mask.std=0.144  mrt.rs=+0.4121
EarlyStopping counter: 3 out of 5
    iters: 100, epoch: 10 | loss: 0.3172907 | speed: 0.0244s/iter; left: 17s
Epoch: 10, Train: 0.3357977 Vali: 0.6442897
[diag s2-10]  freq.rs=+0.1431 mask.mean=0.442 mask.std=0.144  mrt.rs=+0.4121
EarlyStopping counter: 4 out of 5
    iters: 100, epoch: 11 | loss: 0.3532860 | speed: 0.0220s/iter; left: 12s
Epoch: 11, Train: 0.3355814 Vali: 0.6453009
[diag s2-11]  freq.rs=+0.1553 mask.mean=0.443 mask.std=0.144  mrt.rs=+0.4121
EarlyStopping counter: 5 out of 5
STAGE 2 complete.

============================================================
STAGE 2 ONLY: Testing from Stage 2 checkpoint
============================================================
train 34129
val 11185
test 11185
[diag stage2-final]  freq.rs=+0.0924 mask.mean=0.441 mask.std=0.143  mrt.rs=+0.4121

============================================================
FINAL RESULT (Stage 2 only): mse=0.3863, mae=0.4015, smape=74.9495
============================================================
