Args in experiment:
Namespace(random_seed=2024, is_training=1, model_id='ETTm1_96_192', model='CycleNet', data='ETTm1', root_path='./dataset/ETT-small/', data_path='ETTm1.csv', features='M', target='OT', freq='h', checkpoints='./checkpoints/', seq_len=96, label_len=0, pred_len=192, cycle=96, cycle_mode='lookup', cycle_rank=4, model_type='mlp', use_revin=1, mrt_layers=1, freq_layers=0, freq_v2_layers=0, freq_v3_layers=0, freq_v4_layers=0, sgf_layers=0, sgf_prior_path='', freq_loss_alpha=0.8, fusion_mode='serial', fusion_order='mrt_freq', fusion_gate=0, fc_dropout=0.05, head_dropout=0.0, patch_len=16, stride=8, padding_patch='end', revin=0, affine=0, subtract_last=0, decomposition=0, kernel_size=25, individual=0, rnn_type='gru', dec_way='pmf', seg_len=48, channel_id=1, period_len=24, embed_type=0, enc_in=7, dec_in=7, c_out=7, d_model=512, n_heads=8, e_layers=2, d_layers=1, d_ff=2048, moving_avg=25, factor=1, distil=True, dropout=0, embed='timeF', activation='gelu', output_attention=False, do_predict=False, num_workers=10, itr=1, train_epochs=30, batch_size=256, patience=15, learning_rate=0.005, des='test', loss='mse', lradj='type3', pct_start=0.3, use_amp=False, use_gpu=True, gpu=0, use_multi_gpu=False, devices='0,1', test_flop=False)
Use GPU: cuda:0
>>>>>>>start training : ETTm1_96_192_CycleNet_ETTm1_ftM_sl96_pl192_cycle96_mlp_mrt1_fredf08_seed2024>>>>>>>>>>>>>>>>>>>>>>>>>>
train 34273
val 11329
test 11329
	iters: 100, epoch: 1 | loss: 1.0429437
	speed: 0.1240s/iter; left time: 482.4870s
Epoch: 1 cost time: 15.13410758972168
Epoch: 1, Steps: 133 | Train Loss: 1.0879219 Vali Loss: 0.5484502 Test Loss: 0.3980923
Validation loss decreased (inf --> 0.548450).  Saving model ...
Updating learning rate to 0.005
	iters: 100, epoch: 2 | loss: 0.9899415
	speed: 0.2921s/iter; left time: 1097.8298s
Epoch: 2 cost time: 13.421932935714722
Epoch: 2, Steps: 133 | Train Loss: 0.9813547 Vali Loss: 0.5210776 Test Loss: 0.3666685
Validation loss decreased (0.548450 --> 0.521078).  Saving model ...
Updating learning rate to 0.005
	iters: 100, epoch: 3 | loss: 0.9684193
	speed: 0.3247s/iter; left time: 1177.0773s
Epoch: 3 cost time: 14.020385026931763
Epoch: 3, Steps: 133 | Train Loss: 0.9484340 Vali Loss: 0.5094613 Test Loss: 0.3567282
Validation loss decreased (0.521078 --> 0.509461).  Saving model ...
Updating learning rate to 0.005
	iters: 100, epoch: 4 | loss: 0.9601222
	speed: 0.2605s/iter; left time: 909.7036s
Epoch: 4 cost time: 13.746936082839966
Epoch: 4, Steps: 133 | Train Loss: 0.9333424 Vali Loss: 0.5094817 Test Loss: 0.3567575
EarlyStopping counter: 1 out of 15
Updating learning rate to 0.004
	iters: 100, epoch: 5 | loss: 0.9392767
	speed: 0.3242s/iter; left time: 1089.0487s
Epoch: 5 cost time: 15.052280187606812
Epoch: 5, Steps: 133 | Train Loss: 0.9228273 Vali Loss: 0.5033064 Test Loss: 0.3522718
Validation loss decreased (0.509461 --> 0.503306).  Saving model ...
Updating learning rate to 0.0032000000000000006
	iters: 100, epoch: 6 | loss: 0.9263754
	speed: 0.3767s/iter; left time: 1215.1305s
Epoch: 6 cost time: 16.768970251083374
Epoch: 6, Steps: 133 | Train Loss: 0.9162998 Vali Loss: 0.5017221 Test Loss: 0.3518162
Validation loss decreased (0.503306 --> 0.501722).  Saving model ...
Updating learning rate to 0.0025600000000000006
	iters: 100, epoch: 7 | loss: 0.9322216
	speed: 0.4096s/iter; left time: 1267.0198s
Epoch: 7 cost time: 16.913986921310425
Epoch: 7, Steps: 133 | Train Loss: 0.9118572 Vali Loss: 0.5000865 Test Loss: 0.3519230
Validation loss decreased (0.501722 --> 0.500086).  Saving model ...
Updating learning rate to 0.0020480000000000003
	iters: 100, epoch: 8 | loss: 0.9203061
	speed: 0.3973s/iter; left time: 1175.9624s
Epoch: 8 cost time: 18.91092014312744
Epoch: 8, Steps: 133 | Train Loss: 0.9081191 Vali Loss: 0.5005659 Test Loss: 0.3537675
EarlyStopping counter: 1 out of 15
Updating learning rate to 0.0016384000000000004
	iters: 100, epoch: 9 | loss: 0.9080572
	speed: 0.4251s/iter; left time: 1201.8541s
Epoch: 9 cost time: 18.237706422805786
Epoch: 9, Steps: 133 | Train Loss: 0.9046627 Vali Loss: 0.5003210 Test Loss: 0.3525107
EarlyStopping counter: 2 out of 15
Updating learning rate to 0.0013107200000000005
	iters: 100, epoch: 10 | loss: 0.9052659
	speed: 0.4139s/iter; left time: 1114.9399s
Epoch: 10 cost time: 18.09621548652649
Epoch: 10, Steps: 133 | Train Loss: 0.9021627 Vali Loss: 0.5001698 Test Loss: 0.3522007
EarlyStopping counter: 3 out of 15
Updating learning rate to 0.0010485760000000005
	iters: 100, epoch: 11 | loss: 0.8864354
	speed: 0.4245s/iter; left time: 1087.1328s
Epoch: 11 cost time: 19.15250301361084
Epoch: 11, Steps: 133 | Train Loss: 0.8998993 Vali Loss: 0.5013088 Test Loss: 0.3511023
EarlyStopping counter: 4 out of 15
Updating learning rate to 0.0008388608000000005
	iters: 100, epoch: 12 | loss: 0.9262654
	speed: 0.4274s/iter; left time: 1037.7268s
Epoch: 12 cost time: 17.968647241592407
Epoch: 12, Steps: 133 | Train Loss: 0.8979997 Vali Loss: 0.5020766 Test Loss: 0.3516269
EarlyStopping counter: 5 out of 15
Updating learning rate to 0.0006710886400000003
	iters: 100, epoch: 13 | loss: 0.8799488
	speed: 0.4316s/iter; left time: 990.5866s
Epoch: 13 cost time: 18.928327798843384
Epoch: 13, Steps: 133 | Train Loss: 0.8962998 Vali Loss: 0.5005634 Test Loss: 0.3520091
EarlyStopping counter: 6 out of 15
Updating learning rate to 0.0005368709120000003
	iters: 100, epoch: 14 | loss: 0.9270755
	speed: 0.4047s/iter; left time: 874.9776s
Epoch: 14 cost time: 18.78236413002014
Epoch: 14, Steps: 133 | Train Loss: 0.8948591 Vali Loss: 0.5008109 Test Loss: 0.3529774
EarlyStopping counter: 7 out of 15
Updating learning rate to 0.0004294967296000003
	iters: 100, epoch: 15 | loss: 0.8676098
	speed: 0.3436s/iter; left time: 697.2651s
Epoch: 15 cost time: 16.01605772972107
Epoch: 15, Steps: 133 | Train Loss: 0.8936836 Vali Loss: 0.5014128 Test Loss: 0.3530132
EarlyStopping counter: 8 out of 15
Updating learning rate to 0.0003435973836800002
	iters: 100, epoch: 16 | loss: 0.8949323
	speed: 0.4187s/iter; left time: 793.7664s
Epoch: 16 cost time: 18.659077167510986
Epoch: 16, Steps: 133 | Train Loss: 0.8924153 Vali Loss: 0.5024920 Test Loss: 0.3530462
EarlyStopping counter: 9 out of 15
Updating learning rate to 0.0002748779069440002
	iters: 100, epoch: 17 | loss: 0.8687751
	speed: 0.3742s/iter; left time: 659.6645s
Epoch: 17 cost time: 15.584367513656616
Epoch: 17, Steps: 133 | Train Loss: 0.8920082 Vali Loss: 0.5018923 Test Loss: 0.3529518
EarlyStopping counter: 10 out of 15
Updating learning rate to 0.00021990232555520019
	iters: 100, epoch: 18 | loss: 0.9088407
	speed: 0.4183s/iter; left time: 681.7702s
Epoch: 18 cost time: 17.961822748184204
Epoch: 18, Steps: 133 | Train Loss: 0.8912507 Vali Loss: 0.5016453 Test Loss: 0.3531151
EarlyStopping counter: 11 out of 15
Updating learning rate to 0.00017592186044416015
	iters: 100, epoch: 19 | loss: 0.9289037
	speed: 0.4106s/iter; left time: 614.6288s
Epoch: 19 cost time: 18.24860119819641
Epoch: 19, Steps: 133 | Train Loss: 0.8908478 Vali Loss: 0.5033507 Test Loss: 0.3533058
EarlyStopping counter: 12 out of 15
Updating learning rate to 0.00014073748835532812
	iters: 100, epoch: 20 | loss: 0.8728890
	speed: 0.4106s/iter; left time: 560.1183s
Epoch: 20 cost time: 18.612656831741333
Epoch: 20, Steps: 133 | Train Loss: 0.8904192 Vali Loss: 0.5022103 Test Loss: 0.3535229
EarlyStopping counter: 13 out of 15
Updating learning rate to 0.00011258999068426252
	iters: 100, epoch: 21 | loss: 0.8722264
	speed: 0.4136s/iter; left time: 509.1525s
Epoch: 21 cost time: 18.473270416259766
Epoch: 21, Steps: 133 | Train Loss: 0.8896970 Vali Loss: 0.5018823 Test Loss: 0.3531853
EarlyStopping counter: 14 out of 15
Updating learning rate to 9.007199254741001e-05
	iters: 100, epoch: 22 | loss: 0.9045330
	speed: 0.4107s/iter; left time: 450.9271s
Epoch: 22 cost time: 18.492603302001953
Epoch: 22, Steps: 133 | Train Loss: 0.8899569 Vali Loss: 0.5023927 Test Loss: 0.3533582
EarlyStopping counter: 15 out of 15
Early stopping
>>>>>>>testing : ETTm1_96_192_CycleNet_ETTm1_ftM_sl96_pl192_cycle96_mlp_mrt1_fredf08_seed2024<<<<<<<<<<<<<<<<<<<<<<<<<<<<<<<<<
test 11329
mse:0.3529544472694397, mae:0.37391263246536255, smape:71.69137001037598
Traceback (most recent call last):
  File "/data/data_huaji/timeSeries/CycleNetBaseLine/run.py", line 234, in <module>
    exp.test(setting)
  File "/data/data_huaji/timeSeries/CycleNetBaseLine/exp/exp_main.py", line 337, in test
    np.save(folder_path + 'metrics.npy', np.array([mae, mse, rmse, mape, mspe, rse, corr, smape]))
ValueError: setting an array element with a sequence. The requested array has an inhomogeneous shape after 1 dimensions. The detected shape was (8,) + inhomogeneous part.
