Args in experiment:
Namespace(random_seed=2024, is_training=1, model_id='ETTm1_96_336', model='CycleNet', data='ETTm1', root_path='./dataset/ETT-small/', data_path='ETTm1.csv', features='M', target='OT', freq='h', checkpoints='./checkpoints/', seq_len=96, label_len=0, pred_len=336, cycle=96, model_type='mlp', use_revin=1, mrt_layers=0, freq_layers=1, fc_dropout=0.05, head_dropout=0.0, patch_len=16, stride=8, padding_patch='end', revin=0, affine=0, subtract_last=0, decomposition=0, kernel_size=25, individual=0, rnn_type='gru', dec_way='pmf', seg_len=48, channel_id=1, period_len=24, embed_type=0, enc_in=7, dec_in=7, c_out=7, d_model=512, n_heads=8, e_layers=2, d_layers=1, d_ff=2048, moving_avg=25, factor=1, distil=True, dropout=0, embed='timeF', activation='gelu', output_attention=False, do_predict=False, num_workers=10, itr=1, train_epochs=30, batch_size=256, patience=15, learning_rate=0.005, des='test', loss='mse', lradj='type3', pct_start=0.3, use_amp=False, use_gpu=True, gpu=0, use_multi_gpu=False, devices='0,1', test_flop=False)
Use GPU: cuda:0
>>>>>>>start training : ETTm1_96_336_CycleNet_ETTm1_ftM_sl96_pl336_cycle96_mlp_freq1_seed2024>>>>>>>>>>>>>>>>>>>>>>>>>>
train 34129
val 11185
test 11185
	iters: 100, epoch: 1 | loss: 0.4128967
	speed: 0.0424s/iter; left time: 164.8570s
Epoch: 1 cost time: 4.789716958999634
Epoch: 1, Steps: 133 | Train Loss: 0.4482628 Vali Loss: 0.6895378 Test Loss: 0.4272866
Validation loss decreased (inf --> 0.689538).  Saving model ...
Updating learning rate to 0.005
	iters: 100, epoch: 2 | loss: 0.4033561
	speed: 0.0557s/iter; left time: 209.2697s
Epoch: 2 cost time: 2.633028745651245
Epoch: 2, Steps: 133 | Train Loss: 0.3980732 Vali Loss: 0.6673739 Test Loss: 0.4053275
Validation loss decreased (0.689538 --> 0.667374).  Saving model ...
Updating learning rate to 0.005
	iters: 100, epoch: 3 | loss: 0.3841564
	speed: 0.0602s/iter; left time: 218.3791s
Epoch: 3 cost time: 2.8081674575805664
Epoch: 3, Steps: 133 | Train Loss: 0.3742400 Vali Loss: 0.6537194 Test Loss: 0.3934965
Validation loss decreased (0.667374 --> 0.653719).  Saving model ...
Updating learning rate to 0.005
	iters: 100, epoch: 4 | loss: 0.3258559
	speed: 0.0608s/iter; left time: 212.2158s
Epoch: 4 cost time: 2.805405855178833
Epoch: 4, Steps: 133 | Train Loss: 0.3628151 Vali Loss: 0.6466497 Test Loss: 0.3910883
Validation loss decreased (0.653719 --> 0.646650).  Saving model ...
Updating learning rate to 0.004
	iters: 100, epoch: 5 | loss: 0.3463246
	speed: 0.0590s/iter; left time: 198.3124s
Epoch: 5 cost time: 2.7013494968414307
Epoch: 5, Steps: 133 | Train Loss: 0.3563520 Vali Loss: 0.6433273 Test Loss: 0.3880443
Validation loss decreased (0.646650 --> 0.643327).  Saving model ...
Updating learning rate to 0.0032000000000000006
	iters: 100, epoch: 6 | loss: 0.3519853
	speed: 0.0598s/iter; left time: 192.9364s
Epoch: 6 cost time: 2.7443552017211914
Epoch: 6, Steps: 133 | Train Loss: 0.3521956 Vali Loss: 0.6380418 Test Loss: 0.3890956
Validation loss decreased (0.643327 --> 0.638042).  Saving model ...
Updating learning rate to 0.0025600000000000006
	iters: 100, epoch: 7 | loss: 0.3256741
	speed: 0.0593s/iter; left time: 183.2835s
Epoch: 7 cost time: 2.843471050262451
Epoch: 7, Steps: 133 | Train Loss: 0.3485390 Vali Loss: 0.6403229 Test Loss: 0.3878906
EarlyStopping counter: 1 out of 15
Updating learning rate to 0.0020480000000000003
	iters: 100, epoch: 8 | loss: 0.3556078
	speed: 0.0575s/iter; left time: 170.0681s
Epoch: 8 cost time: 2.74995493888855
Epoch: 8, Steps: 133 | Train Loss: 0.3456848 Vali Loss: 0.6371431 Test Loss: 0.3874608
Validation loss decreased (0.638042 --> 0.637143).  Saving model ...
Updating learning rate to 0.0016384000000000004
	iters: 100, epoch: 9 | loss: 0.3499833
	speed: 0.0582s/iter; left time: 164.6436s
Epoch: 9 cost time: 2.6512017250061035
Epoch: 9, Steps: 133 | Train Loss: 0.3436517 Vali Loss: 0.6396980 Test Loss: 0.3867263
EarlyStopping counter: 1 out of 15
Updating learning rate to 0.0013107200000000005
	iters: 100, epoch: 10 | loss: 0.3274006
	speed: 0.0591s/iter; left time: 159.1373s
Epoch: 10 cost time: 2.7470829486846924
Epoch: 10, Steps: 133 | Train Loss: 0.3418188 Vali Loss: 0.6395826 Test Loss: 0.3873359
EarlyStopping counter: 2 out of 15
Updating learning rate to 0.0010485760000000005
	iters: 100, epoch: 11 | loss: 0.3503917
	speed: 0.0587s/iter; left time: 150.3954s
Epoch: 11 cost time: 2.6074695587158203
Epoch: 11, Steps: 133 | Train Loss: 0.3398663 Vali Loss: 0.6431177 Test Loss: 0.3891611
EarlyStopping counter: 3 out of 15
Updating learning rate to 0.0008388608000000005
	iters: 100, epoch: 12 | loss: 0.3280136
	speed: 0.0598s/iter; left time: 145.2778s
Epoch: 12 cost time: 2.7757816314697266
Epoch: 12, Steps: 133 | Train Loss: 0.3387237 Vali Loss: 0.6378880 Test Loss: 0.3862825
EarlyStopping counter: 4 out of 15
Updating learning rate to 0.0006710886400000003
	iters: 100, epoch: 13 | loss: 0.3087753
	speed: 0.0604s/iter; left time: 138.5405s
Epoch: 13 cost time: 2.8136377334594727
Epoch: 13, Steps: 133 | Train Loss: 0.3374977 Vali Loss: 0.6380167 Test Loss: 0.3864901
EarlyStopping counter: 5 out of 15
Updating learning rate to 0.0005368709120000003
	iters: 100, epoch: 14 | loss: 0.3455492
	speed: 0.0637s/iter; left time: 137.6182s
Epoch: 14 cost time: 2.7645037174224854
Epoch: 14, Steps: 133 | Train Loss: 0.3363746 Vali Loss: 0.6398451 Test Loss: 0.3881297
EarlyStopping counter: 6 out of 15
Updating learning rate to 0.0004294967296000003
	iters: 100, epoch: 15 | loss: 0.3368006
	speed: 0.0636s/iter; left time: 129.0250s
Epoch: 15 cost time: 2.752986431121826
Epoch: 15, Steps: 133 | Train Loss: 0.3355641 Vali Loss: 0.6394365 Test Loss: 0.3879476
EarlyStopping counter: 7 out of 15
Updating learning rate to 0.0003435973836800002
	iters: 100, epoch: 16 | loss: 0.3110208
	speed: 0.0647s/iter; left time: 122.7064s
Epoch: 16 cost time: 2.776458263397217
Epoch: 16, Steps: 133 | Train Loss: 0.3352252 Vali Loss: 0.6398888 Test Loss: 0.3868466
EarlyStopping counter: 8 out of 15
Updating learning rate to 0.0002748779069440002
	iters: 100, epoch: 17 | loss: 0.3482116
	speed: 0.0619s/iter; left time: 109.0826s
Epoch: 17 cost time: 2.762033224105835
Epoch: 17, Steps: 133 | Train Loss: 0.3345847 Vali Loss: 0.6398817 Test Loss: 0.3870414
EarlyStopping counter: 9 out of 15
Updating learning rate to 0.00021990232555520019
	iters: 100, epoch: 18 | loss: 0.3246734
	speed: 0.0634s/iter; left time: 103.2812s
Epoch: 18 cost time: 2.7051613330841064
Epoch: 18, Steps: 133 | Train Loss: 0.3340935 Vali Loss: 0.6390745 Test Loss: 0.3872409
EarlyStopping counter: 10 out of 15
Updating learning rate to 0.00017592186044416015
	iters: 100, epoch: 19 | loss: 0.3025250
	speed: 0.0613s/iter; left time: 91.7587s
Epoch: 19 cost time: 2.7151660919189453
Epoch: 19, Steps: 133 | Train Loss: 0.3337256 Vali Loss: 0.6376538 Test Loss: 0.3872060
EarlyStopping counter: 11 out of 15
Updating learning rate to 0.00014073748835532812
	iters: 100, epoch: 20 | loss: 0.3324633
	speed: 0.0653s/iter; left time: 89.0365s
Epoch: 20 cost time: 2.809113025665283
Epoch: 20, Steps: 133 | Train Loss: 0.3333900 Vali Loss: 0.6382521 Test Loss: 0.3869668
EarlyStopping counter: 12 out of 15
Updating learning rate to 0.00011258999068426252
	iters: 100, epoch: 21 | loss: 0.3313976
	speed: 0.0626s/iter; left time: 77.0111s
Epoch: 21 cost time: 2.756783962249756
Epoch: 21, Steps: 133 | Train Loss: 0.3330100 Vali Loss: 0.6388768 Test Loss: 0.3873316
EarlyStopping counter: 13 out of 15
Updating learning rate to 9.007199254741001e-05
	iters: 100, epoch: 22 | loss: 0.3276476
	speed: 0.0635s/iter; left time: 69.6893s
Epoch: 22 cost time: 2.7611756324768066
Epoch: 22, Steps: 133 | Train Loss: 0.3329637 Vali Loss: 0.6409154 Test Loss: 0.3871973
EarlyStopping counter: 14 out of 15
Updating learning rate to 7.205759403792801e-05
	iters: 100, epoch: 23 | loss: 0.3321128
	speed: 0.0638s/iter; left time: 61.6151s
Epoch: 23 cost time: 2.8963990211486816
Epoch: 23, Steps: 133 | Train Loss: 0.3326981 Vali Loss: 0.6416742 Test Loss: 0.3872927
EarlyStopping counter: 15 out of 15
Early stopping
>>>>>>>testing : ETTm1_96_336_CycleNet_ETTm1_ftM_sl96_pl336_cycle96_mlp_freq1_seed2024<<<<<<<<<<<<<<<<<<<<<<<<<<<<<<<<<
test 11185
mse:0.3867693245410919, mae:0.4020974934101105
