Args in experiment:
Namespace(random_seed=2024, is_training=1, model_id='ETTm1_96_720', model='CycleNet', data='ETTm1', root_path='./dataset/ETT-small/', data_path='ETTm1.csv', features='M', target='OT', freq='h', checkpoints='./checkpoints/', seq_len=96, label_len=0, pred_len=720, cycle=96, model_type='mlp', use_revin=1, mrt_layers=0, freq_layers=0, freq_v2_layers=1, freq_v3_layers=0, freq_v4_layers=0, fc_dropout=0.05, head_dropout=0.0, patch_len=16, stride=8, padding_patch='end', revin=0, affine=0, subtract_last=0, decomposition=0, kernel_size=25, individual=0, rnn_type='gru', dec_way='pmf', seg_len=48, channel_id=1, period_len=24, embed_type=0, enc_in=7, dec_in=7, c_out=7, d_model=512, n_heads=8, e_layers=2, d_layers=1, d_ff=2048, moving_avg=25, factor=1, distil=True, dropout=0, embed='timeF', activation='gelu', output_attention=False, do_predict=False, num_workers=10, itr=1, train_epochs=30, batch_size=256, patience=15, learning_rate=0.005, des='test', loss='mse', lradj='type3', pct_start=0.3, use_amp=False, use_gpu=True, gpu=0, use_multi_gpu=False, devices='0,1', test_flop=False)
Use GPU: cuda:0
>>>>>>>start training : ETTm1_96_720_CycleNet_ETTm1_ftM_sl96_pl720_cycle96_mlp_freqv21_seed2024>>>>>>>>>>>>>>>>>>>>>>>>>>
train 33745
val 10801
test 10801
	iters: 100, epoch: 1 | loss: 0.4989932
	speed: 0.0671s/iter; left time: 257.1000s
Epoch: 1 cost time: 8.31886887550354
Epoch: 1, Steps: 131 | Train Loss: 0.5169918 Vali Loss: 1.0104384 Test Loss: 0.4975553
Validation loss decreased (inf --> 1.010438).  Saving model ...
Updating learning rate to 0.005
	iters: 100, epoch: 2 | loss: 0.4401555
	speed: 0.1245s/iter; left time: 460.8148s
Epoch: 2 cost time: 6.360047101974487
Epoch: 2, Steps: 131 | Train Loss: 0.4676997 Vali Loss: 0.9961699 Test Loss: 0.4744048
Validation loss decreased (1.010438 --> 0.996170).  Saving model ...
Updating learning rate to 0.005
	iters: 100, epoch: 3 | loss: 0.4686920
	speed: 0.1293s/iter; left time: 461.6230s
Epoch: 3 cost time: 5.364311933517456
Epoch: 3, Steps: 131 | Train Loss: 0.4441610 Vali Loss: 0.9729713 Test Loss: 0.4654430
Validation loss decreased (0.996170 --> 0.972971).  Saving model ...
Updating learning rate to 0.005
	iters: 100, epoch: 4 | loss: 0.4189119
	speed: 0.1271s/iter; left time: 437.0760s
Epoch: 4 cost time: 5.613525867462158
Epoch: 4, Steps: 131 | Train Loss: 0.4330808 Vali Loss: 0.9623233 Test Loss: 0.4615513
Validation loss decreased (0.972971 --> 0.962323).  Saving model ...
Updating learning rate to 0.004
	iters: 100, epoch: 5 | loss: 0.4339108
	speed: 0.1165s/iter; left time: 385.4197s
Epoch: 5 cost time: 4.819198846817017
Epoch: 5, Steps: 131 | Train Loss: 0.4262684 Vali Loss: 0.9618341 Test Loss: 0.4602260
Validation loss decreased (0.962323 --> 0.961834).  Saving model ...
Updating learning rate to 0.0032000000000000006
	iters: 100, epoch: 6 | loss: 0.3956023
	speed: 0.1157s/iter; left time: 367.3622s
Epoch: 6 cost time: 6.379515886306763
Epoch: 6, Steps: 131 | Train Loss: 0.4215416 Vali Loss: 0.9602826 Test Loss: 0.4569007
Validation loss decreased (0.961834 --> 0.960283).  Saving model ...
Updating learning rate to 0.0025600000000000006
	iters: 100, epoch: 7 | loss: 0.4303221
	speed: 0.1484s/iter; left time: 452.0270s
Epoch: 7 cost time: 5.736516237258911
Epoch: 7, Steps: 131 | Train Loss: 0.4176924 Vali Loss: 0.9579324 Test Loss: 0.4539159
Validation loss decreased (0.960283 --> 0.957932).  Saving model ...
Updating learning rate to 0.0020480000000000003
	iters: 100, epoch: 8 | loss: 0.4567794
	speed: 0.1393s/iter; left time: 405.8280s
Epoch: 8 cost time: 5.986572980880737
Epoch: 8, Steps: 131 | Train Loss: 0.4148372 Vali Loss: 0.9611638 Test Loss: 0.4571282
EarlyStopping counter: 1 out of 15
Updating learning rate to 0.0016384000000000004
	iters: 100, epoch: 9 | loss: 0.4215936
	speed: 0.1186s/iter; left time: 330.1248s
Epoch: 9 cost time: 6.017054319381714
Epoch: 9, Steps: 131 | Train Loss: 0.4122034 Vali Loss: 0.9594864 Test Loss: 0.4546803
EarlyStopping counter: 2 out of 15
Updating learning rate to 0.0013107200000000005
	iters: 100, epoch: 10 | loss: 0.4205574
	speed: 0.1538s/iter; left time: 407.8704s
Epoch: 10 cost time: 6.401183605194092
Epoch: 10, Steps: 131 | Train Loss: 0.4097161 Vali Loss: 0.9589256 Test Loss: 0.4572866
EarlyStopping counter: 3 out of 15
Updating learning rate to 0.0010485760000000005
	iters: 100, epoch: 11 | loss: 0.3761853
	speed: 0.1416s/iter; left time: 357.0575s
Epoch: 11 cost time: 5.909572124481201
Epoch: 11, Steps: 131 | Train Loss: 0.4080494 Vali Loss: 0.9577312 Test Loss: 0.4557654
Validation loss decreased (0.957932 --> 0.957731).  Saving model ...
Updating learning rate to 0.0008388608000000005
	iters: 100, epoch: 12 | loss: 0.4318945
	speed: 0.1265s/iter; left time: 302.2737s
Epoch: 12 cost time: 6.4804847240448
Epoch: 12, Steps: 131 | Train Loss: 0.4060857 Vali Loss: 0.9589353 Test Loss: 0.4571647
EarlyStopping counter: 1 out of 15
Updating learning rate to 0.0006710886400000003
	iters: 100, epoch: 13 | loss: 0.4526528
	speed: 0.1032s/iter; left time: 233.0624s
Epoch: 13 cost time: 3.9688639640808105
Epoch: 13, Steps: 131 | Train Loss: 0.4048879 Vali Loss: 0.9575589 Test Loss: 0.4567563
Validation loss decreased (0.957731 --> 0.957559).  Saving model ...
Updating learning rate to 0.0005368709120000003
	iters: 100, epoch: 14 | loss: 0.4250506
	speed: 0.0815s/iter; left time: 173.4372s
Epoch: 14 cost time: 4.286174774169922
Epoch: 14, Steps: 131 | Train Loss: 0.4035056 Vali Loss: 0.9587869 Test Loss: 0.4569098
EarlyStopping counter: 1 out of 15
Updating learning rate to 0.0004294967296000003
	iters: 100, epoch: 15 | loss: 0.3802345
	speed: 0.1285s/iter; left time: 256.6686s
Epoch: 15 cost time: 5.621645212173462
Epoch: 15, Steps: 131 | Train Loss: 0.4025599 Vali Loss: 0.9579263 Test Loss: 0.4560373
EarlyStopping counter: 2 out of 15
Updating learning rate to 0.0003435973836800002
	iters: 100, epoch: 16 | loss: 0.4043148
	speed: 0.1197s/iter; left time: 223.4394s
Epoch: 16 cost time: 5.922104120254517
Epoch: 16, Steps: 131 | Train Loss: 0.4015057 Vali Loss: 0.9582618 Test Loss: 0.4559130
EarlyStopping counter: 3 out of 15
Updating learning rate to 0.0002748779069440002
	iters: 100, epoch: 17 | loss: 0.3962913
	speed: 0.1377s/iter; left time: 238.8693s
Epoch: 17 cost time: 6.242938041687012
Epoch: 17, Steps: 131 | Train Loss: 0.4010197 Vali Loss: 0.9586303 Test Loss: 0.4568371
EarlyStopping counter: 4 out of 15
Updating learning rate to 0.00021990232555520019
	iters: 100, epoch: 18 | loss: 0.3932187
	speed: 0.1294s/iter; left time: 207.6290s
Epoch: 18 cost time: 6.641230344772339
Epoch: 18, Steps: 131 | Train Loss: 0.4005282 Vali Loss: 0.9579073 Test Loss: 0.4564831
EarlyStopping counter: 5 out of 15
Updating learning rate to 0.00017592186044416015
	iters: 100, epoch: 19 | loss: 0.3964772
	speed: 0.1528s/iter; left time: 225.0938s
Epoch: 19 cost time: 7.1379265785217285
Epoch: 19, Steps: 131 | Train Loss: 0.4000169 Vali Loss: 0.9583147 Test Loss: 0.4567305
EarlyStopping counter: 6 out of 15
Updating learning rate to 0.00014073748835532812
	iters: 100, epoch: 20 | loss: 0.4262934
	speed: 0.1420s/iter; left time: 190.5252s
Epoch: 20 cost time: 6.660656929016113
Epoch: 20, Steps: 131 | Train Loss: 0.3996784 Vali Loss: 0.9574516 Test Loss: 0.4569038
Validation loss decreased (0.957559 --> 0.957452).  Saving model ...
Updating learning rate to 0.00011258999068426252
	iters: 100, epoch: 21 | loss: 0.3871152
	speed: 0.1582s/iter; left time: 191.5199s
Epoch: 21 cost time: 6.824077129364014
Epoch: 21, Steps: 131 | Train Loss: 0.3992579 Vali Loss: 0.9565893 Test Loss: 0.4570162
Validation loss decreased (0.957452 --> 0.956589).  Saving model ...
Updating learning rate to 9.007199254741001e-05
	iters: 100, epoch: 22 | loss: 0.3994038
	speed: 0.1298s/iter; left time: 140.2227s
Epoch: 22 cost time: 6.9194724559783936
Epoch: 22, Steps: 131 | Train Loss: 0.3992823 Vali Loss: 0.9572322 Test Loss: 0.4571002
EarlyStopping counter: 1 out of 15
Updating learning rate to 7.205759403792801e-05
	iters: 100, epoch: 23 | loss: 0.3773743
	speed: 0.1516s/iter; left time: 143.8655s
Epoch: 23 cost time: 5.917141914367676
Epoch: 23, Steps: 131 | Train Loss: 0.3992226 Vali Loss: 0.9574297 Test Loss: 0.4572167
EarlyStopping counter: 2 out of 15
Updating learning rate to 5.764607523034242e-05
	iters: 100, epoch: 24 | loss: 0.4299117
	speed: 0.1352s/iter; left time: 110.6007s
Epoch: 24 cost time: 6.255635023117065
Epoch: 24, Steps: 131 | Train Loss: 0.3987738 Vali Loss: 0.9585748 Test Loss: 0.4572549
EarlyStopping counter: 3 out of 15
Updating learning rate to 4.611686018427394e-05
	iters: 100, epoch: 25 | loss: 0.3846280
	speed: 0.1324s/iter; left time: 90.9660s
Epoch: 25 cost time: 6.122811794281006
Epoch: 25, Steps: 131 | Train Loss: 0.3988333 Vali Loss: 0.9570765 Test Loss: 0.4572246
EarlyStopping counter: 4 out of 15
Updating learning rate to 3.689348814741915e-05
	iters: 100, epoch: 26 | loss: 0.4063576
	speed: 0.1155s/iter; left time: 64.2330s
Epoch: 26 cost time: 5.731227874755859
Epoch: 26, Steps: 131 | Train Loss: 0.3984307 Vali Loss: 0.9579662 Test Loss: 0.4570808
EarlyStopping counter: 5 out of 15
Updating learning rate to 2.951479051793532e-05
	iters: 100, epoch: 27 | loss: 0.4075175
	speed: 0.1336s/iter; left time: 56.7744s
Epoch: 27 cost time: 5.938512563705444
Epoch: 27, Steps: 131 | Train Loss: 0.3985480 Vali Loss: 0.9578138 Test Loss: 0.4573016
EarlyStopping counter: 6 out of 15
Updating learning rate to 2.361183241434826e-05
	iters: 100, epoch: 28 | loss: 0.4062553
	speed: 0.1458s/iter; left time: 42.8572s
Epoch: 28 cost time: 6.122702121734619
Epoch: 28, Steps: 131 | Train Loss: 0.3984065 Vali Loss: 0.9588145 Test Loss: 0.4572640
EarlyStopping counter: 7 out of 15
Updating learning rate to 1.888946593147861e-05
	iters: 100, epoch: 29 | loss: 0.3874781
	speed: 0.1427s/iter; left time: 23.2572s
Epoch: 29 cost time: 6.436484098434448
Epoch: 29, Steps: 131 | Train Loss: 0.3983156 Vali Loss: 0.9577274 Test Loss: 0.4572458
EarlyStopping counter: 8 out of 15
Updating learning rate to 1.5111572745182888e-05
	iters: 100, epoch: 30 | loss: 0.3918258
	speed: 0.1023s/iter; left time: 3.2727s
Epoch: 30 cost time: 4.447178840637207
Epoch: 30, Steps: 131 | Train Loss: 0.3984365 Vali Loss: 0.9579819 Test Loss: 0.4571272
EarlyStopping counter: 9 out of 15
Updating learning rate to 1.208925819614631e-05
>>>>>>>testing : ETTm1_96_720_CycleNet_ETTm1_ftM_sl96_pl720_cycle96_mlp_freqv21_seed2024<<<<<<<<<<<<<<<<<<<<<<<<<<<<<<<<<
test 10801
mse:0.45503854751586914, mae:0.44643574953079224
