Args in experiment:
Namespace(random_seed=2024, is_training=1, model_id='ETTm1_96_192', model='CycleNet', data='ETTm1', root_path='./dataset/ETT-small/', data_path='ETTm1.csv', features='M', target='OT', freq='h', checkpoints='./checkpoints/', seq_len=96, label_len=0, pred_len=192, cycle=96, cycle_mode='lookup', cycle_rank=4, model_type='mlp', use_revin=1, mrt_layers=1, freq_layers=1, freq_v2_layers=0, freq_v3_layers=0, freq_v4_layers=0, sgf_layers=0, sgf_prior_path='', freq_loss_alpha=1.0, fusion_mode='serial', fusion_order='mrt_freq', fusion_gate=0, fc_dropout=0.05, head_dropout=0.0, patch_len=16, stride=8, padding_patch='end', revin=0, affine=0, subtract_last=0, decomposition=0, kernel_size=25, individual=0, rnn_type='gru', dec_way='pmf', seg_len=48, channel_id=1, period_len=24, embed_type=0, enc_in=7, dec_in=7, c_out=7, d_model=512, n_heads=8, e_layers=2, d_layers=1, d_ff=2048, moving_avg=25, factor=1, distil=True, dropout=0, embed='timeF', activation='gelu', output_attention=False, do_predict=False, num_workers=10, itr=1, train_epochs=30, batch_size=256, patience=15, learning_rate=0.005, des='test', loss='mse', lradj='type3', pct_start=0.3, use_amp=False, use_gpu=True, gpu=0, use_multi_gpu=False, devices='0,1', test_flop=False)
Use GPU: cuda:0
>>>>>>>start training : ETTm1_96_192_CycleNet_ETTm1_ftM_sl96_pl192_cycle96_mlp_mrt1_freq1_seed2024>>>>>>>>>>>>>>>>>>>>>>>>>>
train 34273
val 11329
test 11329
	iters: 100, epoch: 1 | loss: 0.3805457
	speed: 0.1480s/iter; left time: 575.8484s
Epoch: 1 cost time: 18.542922973632812
Epoch: 1, Steps: 133 | Train Loss: 0.4015848 Vali Loss: 0.5427034 Test Loss: 0.3950939
Validation loss decreased (inf --> 0.542703).  Saving model ...
Updating learning rate to 0.005
	iters: 100, epoch: 2 | loss: 0.3540474
	speed: 0.3694s/iter; left time: 1388.3797s
Epoch: 2 cost time: 16.494463682174683
Epoch: 2, Steps: 133 | Train Loss: 0.3479890 Vali Loss: 0.5229355 Test Loss: 0.3692833
Validation loss decreased (0.542703 --> 0.522935).  Saving model ...
Updating learning rate to 0.005
	iters: 100, epoch: 3 | loss: 0.3395277
	speed: 0.3980s/iter; left time: 1442.7573s
Epoch: 3 cost time: 17.346657276153564
Epoch: 3, Steps: 133 | Train Loss: 0.3233532 Vali Loss: 0.5093805 Test Loss: 0.3585177
Validation loss decreased (0.522935 --> 0.509381).  Saving model ...
Updating learning rate to 0.005
	iters: 100, epoch: 4 | loss: 0.3296566
	speed: 0.3872s/iter; left time: 1352.0704s
Epoch: 4 cost time: 16.923258304595947
Epoch: 4, Steps: 133 | Train Loss: 0.3128530 Vali Loss: 0.5051278 Test Loss: 0.3584384
Validation loss decreased (0.509381 --> 0.505128).  Saving model ...
Updating learning rate to 0.004
	iters: 100, epoch: 5 | loss: 0.3158944
	speed: 0.3982s/iter; left time: 1337.4722s
Epoch: 5 cost time: 17.572779893875122
Epoch: 5, Steps: 133 | Train Loss: 0.3058803 Vali Loss: 0.5014190 Test Loss: 0.3553783
Validation loss decreased (0.505128 --> 0.501419).  Saving model ...
Updating learning rate to 0.0032000000000000006
	iters: 100, epoch: 6 | loss: 0.3066790
	speed: 0.3914s/iter; left time: 1262.7686s
Epoch: 6 cost time: 17.89542031288147
Epoch: 6, Steps: 133 | Train Loss: 0.3017436 Vali Loss: 0.5000830 Test Loss: 0.3567493
Validation loss decreased (0.501419 --> 0.500083).  Saving model ...
Updating learning rate to 0.0025600000000000006
	iters: 100, epoch: 7 | loss: 0.3168264
	speed: 0.4065s/iter; left time: 1257.1754s
Epoch: 7 cost time: 18.720224142074585
Epoch: 7, Steps: 133 | Train Loss: 0.2990887 Vali Loss: 0.4991113 Test Loss: 0.3537745
Validation loss decreased (0.500083 --> 0.499111).  Saving model ...
Updating learning rate to 0.0020480000000000003
	iters: 100, epoch: 8 | loss: 0.3079930
	speed: 0.4152s/iter; left time: 1229.0029s
Epoch: 8 cost time: 18.331864833831787
Epoch: 8, Steps: 133 | Train Loss: 0.2965722 Vali Loss: 0.4981605 Test Loss: 0.3550070
Validation loss decreased (0.499111 --> 0.498160).  Saving model ...
Updating learning rate to 0.0016384000000000004
	iters: 100, epoch: 9 | loss: 0.2971583
	speed: 0.4244s/iter; left time: 1199.7673s
Epoch: 9 cost time: 19.972105026245117
Epoch: 9, Steps: 133 | Train Loss: 0.2938830 Vali Loss: 0.4989288 Test Loss: 0.3563927
EarlyStopping counter: 1 out of 15
Updating learning rate to 0.0013107200000000005
	iters: 100, epoch: 10 | loss: 0.2951775
	speed: 0.4977s/iter; left time: 1340.7851s
Epoch: 10 cost time: 24.022401094436646
Epoch: 10, Steps: 133 | Train Loss: 0.2923946 Vali Loss: 0.4991105 Test Loss: 0.3563797
EarlyStopping counter: 2 out of 15
Updating learning rate to 0.0010485760000000005
	iters: 100, epoch: 11 | loss: 0.2776859
	speed: 0.4755s/iter; left time: 1217.7240s
Epoch: 11 cost time: 19.403266191482544
Epoch: 11, Steps: 133 | Train Loss: 0.2908579 Vali Loss: 0.5037058 Test Loss: 0.3550778
EarlyStopping counter: 3 out of 15
Updating learning rate to 0.0008388608000000005
	iters: 100, epoch: 12 | loss: 0.3091368
	speed: 0.4416s/iter; left time: 1072.3110s
Epoch: 12 cost time: 21.54357361793518
Epoch: 12, Steps: 133 | Train Loss: 0.2892807 Vali Loss: 0.5020466 Test Loss: 0.3546540
EarlyStopping counter: 4 out of 15
Updating learning rate to 0.0006710886400000003
	iters: 100, epoch: 13 | loss: 0.2780026
	speed: 0.4912s/iter; left time: 1127.3294s
Epoch: 13 cost time: 21.67176127433777
Epoch: 13, Steps: 133 | Train Loss: 0.2879783 Vali Loss: 0.5014596 Test Loss: 0.3544212
EarlyStopping counter: 5 out of 15
Updating learning rate to 0.0005368709120000003
	iters: 100, epoch: 14 | loss: 0.3168459
	speed: 0.5671s/iter; left time: 1226.0875s
Epoch: 14 cost time: 23.281141996383667
Epoch: 14, Steps: 133 | Train Loss: 0.2869417 Vali Loss: 0.5011621 Test Loss: 0.3556918
EarlyStopping counter: 6 out of 15
Updating learning rate to 0.0004294967296000003
	iters: 100, epoch: 15 | loss: 0.2719838
	speed: 0.3894s/iter; left time: 790.0426s
Epoch: 15 cost time: 17.27275061607361
Epoch: 15, Steps: 133 | Train Loss: 0.2861871 Vali Loss: 0.5018336 Test Loss: 0.3557538
EarlyStopping counter: 7 out of 15
Updating learning rate to 0.0003435973836800002
	iters: 100, epoch: 16 | loss: 0.2870902
	speed: 0.3888s/iter; left time: 737.1545s
Epoch: 16 cost time: 17.03713822364807
Epoch: 16, Steps: 133 | Train Loss: 0.2852058 Vali Loss: 0.5024663 Test Loss: 0.3560682
EarlyStopping counter: 8 out of 15
Updating learning rate to 0.0002748779069440002
	iters: 100, epoch: 17 | loss: 0.2701866
	speed: 0.3655s/iter; left time: 644.4642s
Epoch: 17 cost time: 17.43307089805603
Epoch: 17, Steps: 133 | Train Loss: 0.2848995 Vali Loss: 0.5031497 Test Loss: 0.3555594
EarlyStopping counter: 9 out of 15
Updating learning rate to 0.00021990232555520019
	iters: 100, epoch: 18 | loss: 0.2979534
	speed: 0.3762s/iter; left time: 613.2054s
Epoch: 18 cost time: 17.523471355438232
Epoch: 18, Steps: 133 | Train Loss: 0.2843613 Vali Loss: 0.5023867 Test Loss: 0.3558960
EarlyStopping counter: 10 out of 15
Updating learning rate to 0.00017592186044416015
	iters: 100, epoch: 19 | loss: 0.3082369
	speed: 0.4158s/iter; left time: 622.4206s
Epoch: 19 cost time: 18.264704704284668
Epoch: 19, Steps: 133 | Train Loss: 0.2840629 Vali Loss: 0.5038847 Test Loss: 0.3556694
EarlyStopping counter: 11 out of 15
Updating learning rate to 0.00014073748835532812
	iters: 100, epoch: 20 | loss: 0.2697371
	speed: 0.5177s/iter; left time: 706.1978s
Epoch: 20 cost time: 23.063335418701172
Epoch: 20, Steps: 133 | Train Loss: 0.2837403 Vali Loss: 0.5029967 Test Loss: 0.3560268
EarlyStopping counter: 12 out of 15
Updating learning rate to 0.00011258999068426252
	iters: 100, epoch: 21 | loss: 0.2646127
	speed: 0.4577s/iter; left time: 563.4894s
Epoch: 21 cost time: 20.281725883483887
Epoch: 21, Steps: 133 | Train Loss: 0.2832305 Vali Loss: 0.5024627 Test Loss: 0.3557450
EarlyStopping counter: 13 out of 15
Updating learning rate to 9.007199254741001e-05
	iters: 100, epoch: 22 | loss: 0.2966765
	speed: 0.5398s/iter; left time: 592.7068s
Epoch: 22 cost time: 23.390799045562744
Epoch: 22, Steps: 133 | Train Loss: 0.2834169 Vali Loss: 0.5033048 Test Loss: 0.3558086
EarlyStopping counter: 14 out of 15
Updating learning rate to 7.205759403792801e-05
	iters: 100, epoch: 23 | loss: 0.3057776
	speed: 0.5254s/iter; left time: 507.0172s
Epoch: 23 cost time: 22.715714931488037
Epoch: 23, Steps: 133 | Train Loss: 0.2830605 Vali Loss: 0.5030302 Test Loss: 0.3560967
EarlyStopping counter: 15 out of 15
Early stopping
>>>>>>>testing : ETTm1_96_192_CycleNet_ETTm1_ftM_sl96_pl192_cycle96_mlp_mrt1_freq1_seed2024<<<<<<<<<<<<<<<<<<<<<<<<<<<<<<<<<
test 11329
mse:0.3555915951728821, mae:0.3782236576080322, smape:72.19850420951843
Traceback (most recent call last):
  File "/data/data_huaji/timeSeries/CycleNetBaseLine/run.py", line 234, in <module>
    exp.test(setting)
  File "/data/data_huaji/timeSeries/CycleNetBaseLine/exp/exp_main.py", line 337, in test
    np.save(folder_path + 'metrics.npy', np.array([mae, mse, rmse, mape, mspe, rse, corr, smape]))
ValueError: setting an array element with a sequence. The requested array has an inhomogeneous shape after 1 dimensions. The detected shape was (8,) + inhomogeneous part.
