Args in experiment:
Namespace(random_seed=2024, is_training=1, model_id='ETTm1_96_192', model='CycleNet', data='ETTm1', root_path='./dataset/ETT-small/', data_path='ETTm1.csv', features='M', target='OT', freq='h', checkpoints='./checkpoints/', seq_len=96, label_len=0, pred_len=192, cycle=96, model_type='mlp', use_revin=1, mrt_layers=0, freq_layers=0, freq_v2_layers=0, freq_v3_layers=0, freq_v4_layers=1, fc_dropout=0.05, head_dropout=0.0, patch_len=16, stride=8, padding_patch='end', revin=0, affine=0, subtract_last=0, decomposition=0, kernel_size=25, individual=0, rnn_type='gru', dec_way='pmf', seg_len=48, channel_id=1, period_len=24, embed_type=0, enc_in=7, dec_in=7, c_out=7, d_model=512, n_heads=8, e_layers=2, d_layers=1, d_ff=2048, moving_avg=25, factor=1, distil=True, dropout=0, embed='timeF', activation='gelu', output_attention=False, do_predict=False, num_workers=10, itr=1, train_epochs=30, batch_size=256, patience=15, learning_rate=0.005, des='test', loss='mse', lradj='type3', pct_start=0.3, use_amp=False, use_gpu=True, gpu=0, use_multi_gpu=False, devices='0,1', test_flop=False)
Use GPU: cuda:0
>>>>>>>start training : ETTm1_96_192_CycleNet_ETTm1_ftM_sl96_pl192_cycle96_mlp_freqv41_seed2024>>>>>>>>>>>>>>>>>>>>>>>>>>
train 34273
val 11329
test 11329
	iters: 100, epoch: 1 | loss: 0.3894059
	speed: 0.0344s/iter; left time: 133.7467s
Epoch: 1 cost time: 3.9041199684143066
Epoch: 1, Steps: 133 | Train Loss: 0.4005106 Vali Loss: 0.5408502 Test Loss: 0.3917916
Validation loss decreased (inf --> 0.540850).  Saving model ...
Updating learning rate to 0.005
	iters: 100, epoch: 2 | loss: 0.3609588
	speed: 0.0603s/iter; left time: 226.5840s
Epoch: 2 cost time: 2.9279136657714844
Epoch: 2, Steps: 133 | Train Loss: 0.3477995 Vali Loss: 0.5213678 Test Loss: 0.3693497
Validation loss decreased (0.540850 --> 0.521368).  Saving model ...
Updating learning rate to 0.005
	iters: 100, epoch: 3 | loss: 0.3368445
	speed: 0.0685s/iter; left time: 248.4606s
Epoch: 3 cost time: 3.0308494567871094
Epoch: 3, Steps: 133 | Train Loss: 0.3245095 Vali Loss: 0.5130856 Test Loss: 0.3650590
Validation loss decreased (0.521368 --> 0.513086).  Saving model ...
Updating learning rate to 0.005
	iters: 100, epoch: 4 | loss: 0.3224694
	speed: 0.0612s/iter; left time: 213.6246s
Epoch: 4 cost time: 2.8838703632354736
Epoch: 4, Steps: 133 | Train Loss: 0.3143483 Vali Loss: 0.5007988 Test Loss: 0.3580384
Validation loss decreased (0.513086 --> 0.500799).  Saving model ...
Updating learning rate to 0.004
	iters: 100, epoch: 5 | loss: 0.3355670
	speed: 0.0583s/iter; left time: 195.8814s
Epoch: 5 cost time: 2.7282848358154297
Epoch: 5, Steps: 133 | Train Loss: 0.3086071 Vali Loss: 0.5012239 Test Loss: 0.3563696
EarlyStopping counter: 1 out of 15
Updating learning rate to 0.0032000000000000006
	iters: 100, epoch: 6 | loss: 0.3097683
	speed: 0.0582s/iter; left time: 187.8476s
Epoch: 6 cost time: 2.860153913497925
Epoch: 6, Steps: 133 | Train Loss: 0.3043149 Vali Loss: 0.4992557 Test Loss: 0.3567676
Validation loss decreased (0.500799 --> 0.499256).  Saving model ...
Updating learning rate to 0.0025600000000000006
	iters: 100, epoch: 7 | loss: 0.2867615
	speed: 0.0596s/iter; left time: 184.4181s
Epoch: 7 cost time: 2.777911901473999
Epoch: 7, Steps: 133 | Train Loss: 0.3013861 Vali Loss: 0.4989229 Test Loss: 0.3588425
Validation loss decreased (0.499256 --> 0.498923).  Saving model ...
Updating learning rate to 0.0020480000000000003
	iters: 100, epoch: 8 | loss: 0.3085274
	speed: 0.0511s/iter; left time: 151.2642s
Epoch: 8 cost time: 2.168919563293457
Epoch: 8, Steps: 133 | Train Loss: 0.2989823 Vali Loss: 0.5023708 Test Loss: 0.3578141
EarlyStopping counter: 1 out of 15
Updating learning rate to 0.0016384000000000004
	iters: 100, epoch: 9 | loss: 0.2821314
	speed: 0.0484s/iter; left time: 136.9108s
Epoch: 9 cost time: 2.178527355194092
Epoch: 9, Steps: 133 | Train Loss: 0.2968147 Vali Loss: 0.4985713 Test Loss: 0.3581195
Validation loss decreased (0.498923 --> 0.498571).  Saving model ...
Updating learning rate to 0.0013107200000000005
	iters: 100, epoch: 10 | loss: 0.2836887
	speed: 0.0638s/iter; left time: 172.0069s
Epoch: 10 cost time: 3.2159183025360107
Epoch: 10, Steps: 133 | Train Loss: 0.2945445 Vali Loss: 0.4987354 Test Loss: 0.3587602
EarlyStopping counter: 1 out of 15
Updating learning rate to 0.0010485760000000005
	iters: 100, epoch: 11 | loss: 0.3070720
	speed: 0.0611s/iter; left time: 156.4447s
Epoch: 11 cost time: 3.3030989170074463
Epoch: 11, Steps: 133 | Train Loss: 0.2930603 Vali Loss: 0.5000408 Test Loss: 0.3605215
EarlyStopping counter: 2 out of 15
Updating learning rate to 0.0008388608000000005
	iters: 100, epoch: 12 | loss: 0.3050391
	speed: 0.0646s/iter; left time: 156.8096s
Epoch: 12 cost time: 3.4279775619506836
Epoch: 12, Steps: 133 | Train Loss: 0.2914745 Vali Loss: 0.5033665 Test Loss: 0.3580983
EarlyStopping counter: 3 out of 15
Updating learning rate to 0.0006710886400000003
	iters: 100, epoch: 13 | loss: 0.2793690
	speed: 0.0637s/iter; left time: 146.2781s
Epoch: 13 cost time: 3.624565601348877
Epoch: 13, Steps: 133 | Train Loss: 0.2905052 Vali Loss: 0.4999993 Test Loss: 0.3583507
EarlyStopping counter: 4 out of 15
Updating learning rate to 0.0005368709120000003
	iters: 100, epoch: 14 | loss: 0.2903364
	speed: 0.0681s/iter; left time: 147.1526s
Epoch: 14 cost time: 3.3370165824890137
Epoch: 14, Steps: 133 | Train Loss: 0.2894048 Vali Loss: 0.5025606 Test Loss: 0.3574907
EarlyStopping counter: 5 out of 15
Updating learning rate to 0.0004294967296000003
	iters: 100, epoch: 15 | loss: 0.3085997
	speed: 0.0642s/iter; left time: 130.3587s
Epoch: 15 cost time: 3.1271989345550537
Epoch: 15, Steps: 133 | Train Loss: 0.2885614 Vali Loss: 0.4990979 Test Loss: 0.3592970
EarlyStopping counter: 6 out of 15
Updating learning rate to 0.0003435973836800002
	iters: 100, epoch: 16 | loss: 0.2815927
	speed: 0.0664s/iter; left time: 125.8463s
Epoch: 16 cost time: 3.6988067626953125
Epoch: 16, Steps: 133 | Train Loss: 0.2878163 Vali Loss: 0.5026758 Test Loss: 0.3584256
EarlyStopping counter: 7 out of 15
Updating learning rate to 0.0002748779069440002
	iters: 100, epoch: 17 | loss: 0.3013604
	speed: 0.0683s/iter; left time: 120.3466s
Epoch: 17 cost time: 3.6001110076904297
Epoch: 17, Steps: 133 | Train Loss: 0.2873166 Vali Loss: 0.5039622 Test Loss: 0.3579794
EarlyStopping counter: 8 out of 15
Updating learning rate to 0.00021990232555520019
	iters: 100, epoch: 18 | loss: 0.2726730
	speed: 0.0825s/iter; left time: 134.5204s
Epoch: 18 cost time: 3.9167609214782715
Epoch: 18, Steps: 133 | Train Loss: 0.2867723 Vali Loss: 0.5007678 Test Loss: 0.3589794
EarlyStopping counter: 9 out of 15
Updating learning rate to 0.00017592186044416015
	iters: 100, epoch: 19 | loss: 0.2662574
	speed: 0.1374s/iter; left time: 205.7115s
Epoch: 19 cost time: 6.3283867835998535
Epoch: 19, Steps: 133 | Train Loss: 0.2864777 Vali Loss: 0.5025148 Test Loss: 0.3586287
EarlyStopping counter: 10 out of 15
Updating learning rate to 0.00014073748835532812
	iters: 100, epoch: 20 | loss: 0.2658422
	speed: 0.1386s/iter; left time: 189.0482s
Epoch: 20 cost time: 6.358215093612671
Epoch: 20, Steps: 133 | Train Loss: 0.2861537 Vali Loss: 0.5022048 Test Loss: 0.3580358
EarlyStopping counter: 11 out of 15
Updating learning rate to 0.00011258999068426252
	iters: 100, epoch: 21 | loss: 0.2755219
	speed: 0.1206s/iter; left time: 148.4871s
Epoch: 21 cost time: 6.158430576324463
Epoch: 21, Steps: 133 | Train Loss: 0.2858348 Vali Loss: 0.5017819 Test Loss: 0.3582678
EarlyStopping counter: 12 out of 15
Updating learning rate to 9.007199254741001e-05
	iters: 100, epoch: 22 | loss: 0.2908155
	speed: 0.1133s/iter; left time: 124.4313s
Epoch: 22 cost time: 5.6184632778167725
Epoch: 22, Steps: 133 | Train Loss: 0.2856224 Vali Loss: 0.5027965 Test Loss: 0.3579585
EarlyStopping counter: 13 out of 15
Updating learning rate to 7.205759403792801e-05
	iters: 100, epoch: 23 | loss: 0.3132330
	speed: 0.1113s/iter; left time: 107.4295s
Epoch: 23 cost time: 5.544547080993652
Epoch: 23, Steps: 133 | Train Loss: 0.2854763 Vali Loss: 0.5025645 Test Loss: 0.3582837
EarlyStopping counter: 14 out of 15
Updating learning rate to 5.764607523034242e-05
	iters: 100, epoch: 24 | loss: 0.2904895
	speed: 0.1235s/iter; left time: 102.7254s
Epoch: 24 cost time: 6.585630655288696
Epoch: 24, Steps: 133 | Train Loss: 0.2854139 Vali Loss: 0.5031052 Test Loss: 0.3581584
EarlyStopping counter: 15 out of 15
Early stopping
>>>>>>>testing : ETTm1_96_192_CycleNet_ETTm1_ftM_sl96_pl192_cycle96_mlp_freqv41_seed2024<<<<<<<<<<<<<<<<<<<<<<<<<<<<<<<<<
test 11329
mse:0.3586229681968689, mae:0.3795039653778076
