Args in experiment:
Namespace(random_seed=2024, is_training=1, model_id='ETTm1_96_96', model='CycleNet', data='ETTm1', root_path='./dataset/ETT-small/', data_path='ETTm1.csv', features='M', target='OT', freq='h', checkpoints='./checkpoints/', seq_len=96, label_len=0, pred_len=96, cycle=96, model_type='mlp', use_revin=1, mrt_layers=0, freq_layers=0, freq_v2_layers=0, freq_v3_layers=1, freq_v4_layers=0, fc_dropout=0.05, head_dropout=0.0, patch_len=16, stride=8, padding_patch='end', revin=0, affine=0, subtract_last=0, decomposition=0, kernel_size=25, individual=0, rnn_type='gru', dec_way='pmf', seg_len=48, channel_id=1, period_len=24, embed_type=0, enc_in=7, dec_in=7, c_out=7, d_model=512, n_heads=8, e_layers=2, d_layers=1, d_ff=2048, moving_avg=25, factor=1, distil=True, dropout=0, embed='timeF', activation='gelu', output_attention=False, do_predict=False, num_workers=10, itr=1, train_epochs=30, batch_size=256, patience=15, learning_rate=0.005, des='test', loss='mse', lradj='type3', pct_start=0.3, use_amp=False, use_gpu=True, gpu=0, use_multi_gpu=False, devices='0,1', test_flop=False)
Use GPU: cuda:0
>>>>>>>start training : ETTm1_96_96_CycleNet_ETTm1_ftM_sl96_pl96_cycle96_mlp_freqv31_seed2024>>>>>>>>>>>>>>>>>>>>>>>>>>
train 34369
val 11425
test 11425
	iters: 100, epoch: 1 | loss: 0.3410700
	speed: 0.0322s/iter; left time: 126.2318s
Epoch: 1 cost time: 3.9120609760284424
Epoch: 1, Steps: 134 | Train Loss: 0.3734278 Vali Loss: 0.4168472 Test Loss: 0.3544599
Validation loss decreased (inf --> 0.416847).  Saving model ...
Updating learning rate to 0.005
	iters: 100, epoch: 2 | loss: 0.2917643
	speed: 0.0532s/iter; left time: 201.5334s
Epoch: 2 cost time: 2.6527764797210693
Epoch: 2, Steps: 134 | Train Loss: 0.3057337 Vali Loss: 0.4101822 Test Loss: 0.3318383
Validation loss decreased (0.416847 --> 0.410182).  Saving model ...
Updating learning rate to 0.005
	iters: 100, epoch: 3 | loss: 0.2726382
	speed: 0.0525s/iter; left time: 191.8178s
Epoch: 3 cost time: 2.9725513458251953
Epoch: 3, Steps: 134 | Train Loss: 0.2777071 Vali Loss: 0.3944979 Test Loss: 0.3280695
Validation loss decreased (0.410182 --> 0.394498).  Saving model ...
Updating learning rate to 0.005
	iters: 100, epoch: 4 | loss: 0.2711743
	speed: 0.0567s/iter; left time: 199.5505s
Epoch: 4 cost time: 2.846457004547119
Epoch: 4, Steps: 134 | Train Loss: 0.2692290 Vali Loss: 0.3859785 Test Loss: 0.3175155
Validation loss decreased (0.394498 --> 0.385979).  Saving model ...
Updating learning rate to 0.004
	iters: 100, epoch: 5 | loss: 0.2595374
	speed: 0.0546s/iter; left time: 184.9195s
Epoch: 5 cost time: 2.7366697788238525
Epoch: 5, Steps: 134 | Train Loss: 0.2613272 Vali Loss: 0.3814840 Test Loss: 0.3161563
Validation loss decreased (0.385979 --> 0.381484).  Saving model ...
Updating learning rate to 0.0032000000000000006
	iters: 100, epoch: 6 | loss: 0.2639145
	speed: 0.0566s/iter; left time: 183.9351s
Epoch: 6 cost time: 3.179129123687744
Epoch: 6, Steps: 134 | Train Loss: 0.2556341 Vali Loss: 0.3895043 Test Loss: 0.3220201
EarlyStopping counter: 1 out of 15
Updating learning rate to 0.0025600000000000006
	iters: 100, epoch: 7 | loss: 0.2516364
	speed: 0.0613s/iter; left time: 191.0716s
Epoch: 7 cost time: 2.9436612129211426
Epoch: 7, Steps: 134 | Train Loss: 0.2527090 Vali Loss: 0.3842450 Test Loss: 0.3190272
EarlyStopping counter: 2 out of 15
Updating learning rate to 0.0020480000000000003
	iters: 100, epoch: 8 | loss: 0.2467846
	speed: 0.0573s/iter; left time: 170.8366s
Epoch: 8 cost time: 3.1216421127319336
Epoch: 8, Steps: 134 | Train Loss: 0.2492714 Vali Loss: 0.3888581 Test Loss: 0.3183632
EarlyStopping counter: 3 out of 15
Updating learning rate to 0.0016384000000000004
	iters: 100, epoch: 9 | loss: 0.2317113
	speed: 0.0556s/iter; left time: 158.5329s
Epoch: 9 cost time: 2.7703211307525635
Epoch: 9, Steps: 134 | Train Loss: 0.2480143 Vali Loss: 0.3869402 Test Loss: 0.3193371
EarlyStopping counter: 4 out of 15
Updating learning rate to 0.0013107200000000005
	iters: 100, epoch: 10 | loss: 0.2398071
	speed: 0.0567s/iter; left time: 153.8353s
Epoch: 10 cost time: 2.7121386528015137
Epoch: 10, Steps: 134 | Train Loss: 0.2450433 Vali Loss: 0.3815807 Test Loss: 0.3147505
EarlyStopping counter: 5 out of 15
Updating learning rate to 0.0010485760000000005
	iters: 100, epoch: 11 | loss: 0.2473888
	speed: 0.0567s/iter; left time: 146.2978s
Epoch: 11 cost time: 2.8323967456817627
Epoch: 11, Steps: 134 | Train Loss: 0.2431179 Vali Loss: 0.3868555 Test Loss: 0.3156325
EarlyStopping counter: 6 out of 15
Updating learning rate to 0.0008388608000000005
	iters: 100, epoch: 12 | loss: 0.2360821
	speed: 0.0531s/iter; left time: 130.0079s
Epoch: 12 cost time: 2.6380348205566406
Epoch: 12, Steps: 134 | Train Loss: 0.2416113 Vali Loss: 0.3865157 Test Loss: 0.3163755
EarlyStopping counter: 7 out of 15
Updating learning rate to 0.0006710886400000003
	iters: 100, epoch: 13 | loss: 0.2466248
	speed: 0.0565s/iter; left time: 130.7916s
Epoch: 13 cost time: 2.663821220397949
Epoch: 13, Steps: 134 | Train Loss: 0.2400617 Vali Loss: 0.3871363 Test Loss: 0.3178525
EarlyStopping counter: 8 out of 15
Updating learning rate to 0.0005368709120000003
	iters: 100, epoch: 14 | loss: 0.2398821
	speed: 0.0605s/iter; left time: 131.7323s
Epoch: 14 cost time: 3.0559539794921875
Epoch: 14, Steps: 134 | Train Loss: 0.2392817 Vali Loss: 0.3859467 Test Loss: 0.3156064
EarlyStopping counter: 9 out of 15
Updating learning rate to 0.0004294967296000003
	iters: 100, epoch: 15 | loss: 0.2329381
	speed: 0.0583s/iter; left time: 119.2763s
Epoch: 15 cost time: 2.808356523513794
Epoch: 15, Steps: 134 | Train Loss: 0.2384359 Vali Loss: 0.3842754 Test Loss: 0.3148519
EarlyStopping counter: 10 out of 15
Updating learning rate to 0.0003435973836800002
	iters: 100, epoch: 16 | loss: 0.2331048
	speed: 0.0544s/iter; left time: 103.9847s
Epoch: 16 cost time: 3.1143970489501953
Epoch: 16, Steps: 134 | Train Loss: 0.2375948 Vali Loss: 0.3859845 Test Loss: 0.3157891
EarlyStopping counter: 11 out of 15
Updating learning rate to 0.0002748779069440002
	iters: 100, epoch: 17 | loss: 0.2293108
	speed: 0.0517s/iter; left time: 91.9070s
Epoch: 17 cost time: 2.6636040210723877
Epoch: 17, Steps: 134 | Train Loss: 0.2369346 Vali Loss: 0.3872323 Test Loss: 0.3166241
EarlyStopping counter: 12 out of 15
Updating learning rate to 0.00021990232555520019
	iters: 100, epoch: 18 | loss: 0.2268079
	speed: 0.0546s/iter; left time: 89.7751s
Epoch: 18 cost time: 2.677489995956421
Epoch: 18, Steps: 134 | Train Loss: 0.2362762 Vali Loss: 0.3852884 Test Loss: 0.3142247
EarlyStopping counter: 13 out of 15
Updating learning rate to 0.00017592186044416015
	iters: 100, epoch: 19 | loss: 0.2370445
	speed: 0.0459s/iter; left time: 69.2463s
Epoch: 19 cost time: 2.0787835121154785
Epoch: 19, Steps: 134 | Train Loss: 0.2360294 Vali Loss: 0.3862885 Test Loss: 0.3152273
EarlyStopping counter: 14 out of 15
Updating learning rate to 0.00014073748835532812
	iters: 100, epoch: 20 | loss: 0.2139227
	speed: 0.0488s/iter; left time: 67.1371s
Epoch: 20 cost time: 2.1869168281555176
Epoch: 20, Steps: 134 | Train Loss: 0.2357324 Vali Loss: 0.3863276 Test Loss: 0.3143030
EarlyStopping counter: 15 out of 15
Early stopping
>>>>>>>testing : ETTm1_96_96_CycleNet_ETTm1_ftM_sl96_pl96_cycle96_mlp_freqv31_seed2024<<<<<<<<<<<<<<<<<<<<<<<<<<<<<<<<<
test 11425
mse:0.3174668252468109, mae:0.358289510011673
