Args in experiment:
Namespace(random_seed=2024, is_training=1, model_id='electricity_96_96', model='CycleNet', data='custom', root_path='./dataset/electricity/', data_path='electricity.csv', features='M', target='OT', freq='h', checkpoints='./checkpoints/', seq_len=96, label_len=0, pred_len=96, cycle=168, cycle_mode='lookup', cycle_rank=4, model_type='mlp', use_revin=1, mrt_layers=0, freq_layers=1, freq_v2_layers=0, freq_v3_layers=0, freq_v4_layers=0, sgf_layers=0, sgf_prior_path='', freq_loss_alpha=1.0, fc_dropout=0.05, head_dropout=0.0, patch_len=16, stride=8, padding_patch='end', revin=0, affine=0, subtract_last=0, decomposition=0, kernel_size=25, individual=0, rnn_type='gru', dec_way='pmf', seg_len=48, channel_id=1, period_len=24, embed_type=0, enc_in=321, dec_in=7, c_out=7, d_model=512, n_heads=8, e_layers=2, d_layers=1, d_ff=2048, moving_avg=25, factor=1, distil=True, dropout=0, embed='timeF', activation='gelu', output_attention=False, do_predict=False, num_workers=10, itr=1, train_epochs=30, batch_size=64, patience=15, learning_rate=0.005, des='test', loss='mse', lradj='type3', pct_start=0.3, use_amp=False, use_gpu=True, gpu=0, use_multi_gpu=False, devices='0,1', test_flop=False)
Use GPU: cuda:0
>>>>>>>start training : electricity_96_96_CycleNet_custom_ftM_sl96_pl96_cycle168_mlp_freq1_seed2024>>>>>>>>>>>>>>>>>>>>>>>>>>
train 18221
val 2537
test 5165
	iters: 100, epoch: 1 | loss: 0.2502396
	speed: 0.0657s/iter; left time: 553.3567s
	iters: 200, epoch: 1 | loss: 0.2104445
	speed: 0.0295s/iter; left time: 245.2440s
Epoch: 1 cost time: 12.074316263198853
Epoch: 1, Steps: 284 | Train Loss: 0.2820471 Vali Loss: 0.1832350 Test Loss: 0.2063194
Validation loss decreased (inf --> 0.183235).  Saving model ...
Updating learning rate to 0.005
	iters: 100, epoch: 2 | loss: 0.1587041
	speed: 0.1364s/iter; left time: 1109.9029s
	iters: 200, epoch: 2 | loss: 0.1303096
	speed: 0.0291s/iter; left time: 234.0127s
Epoch: 2 cost time: 9.805542707443237
Epoch: 2, Steps: 284 | Train Loss: 0.1545991 Vali Loss: 0.1213039 Test Loss: 0.1437989
Validation loss decreased (0.183235 --> 0.121304).  Saving model ...
Updating learning rate to 0.005
	iters: 100, epoch: 3 | loss: 0.1380698
	speed: 0.1431s/iter; left time: 1123.5969s
	iters: 200, epoch: 3 | loss: 0.1314644
	speed: 0.0320s/iter; left time: 248.1538s
Epoch: 3 cost time: 9.976487159729004
Epoch: 3, Steps: 284 | Train Loss: 0.1351331 Vali Loss: 0.1183634 Test Loss: 0.1407760
Validation loss decreased (0.121304 --> 0.118363).  Saving model ...
Updating learning rate to 0.005
	iters: 100, epoch: 4 | loss: 0.1342944
	speed: 0.1558s/iter; left time: 1179.0519s
	iters: 200, epoch: 4 | loss: 0.1441394
	speed: 0.0306s/iter; left time: 228.5529s
Epoch: 4 cost time: 10.338275671005249
Epoch: 4, Steps: 284 | Train Loss: 0.1319860 Vali Loss: 0.1170511 Test Loss: 0.1395627
Validation loss decreased (0.118363 --> 0.117051).  Saving model ...
Updating learning rate to 0.004
	iters: 100, epoch: 5 | loss: 0.1296931
	speed: 0.1492s/iter; left time: 1086.6361s
	iters: 200, epoch: 5 | loss: 0.1303401
	speed: 0.0301s/iter; left time: 216.1795s
Epoch: 5 cost time: 9.843399286270142
Epoch: 5, Steps: 284 | Train Loss: 0.1298600 Vali Loss: 0.1159617 Test Loss: 0.1382816
Validation loss decreased (0.117051 --> 0.115962).  Saving model ...
Updating learning rate to 0.0032000000000000006
	iters: 100, epoch: 6 | loss: 0.1570410
	speed: 0.1444s/iter; left time: 1010.9761s
	iters: 200, epoch: 6 | loss: 0.1279684
	speed: 0.0288s/iter; left time: 198.8407s
Epoch: 6 cost time: 9.446048736572266
Epoch: 6, Steps: 284 | Train Loss: 0.1289825 Vali Loss: 0.1159512 Test Loss: 0.1384389
Validation loss decreased (0.115962 --> 0.115951).  Saving model ...
Updating learning rate to 0.0025600000000000006
	iters: 100, epoch: 7 | loss: 0.1430691
	speed: 0.1496s/iter; left time: 1004.7956s
	iters: 200, epoch: 7 | loss: 0.1246809
	speed: 0.0305s/iter; left time: 201.6990s
Epoch: 7 cost time: 10.197942018508911
Epoch: 7, Steps: 284 | Train Loss: 0.1282894 Vali Loss: 0.1154018 Test Loss: 0.1382082
Validation loss decreased (0.115951 --> 0.115402).  Saving model ...
Updating learning rate to 0.0020480000000000003
	iters: 100, epoch: 8 | loss: 0.1582989
	speed: 0.1582s/iter; left time: 1017.7412s
	iters: 200, epoch: 8 | loss: 0.1321869
	speed: 0.0302s/iter; left time: 191.0613s
Epoch: 8 cost time: 10.000821352005005
Epoch: 8, Steps: 284 | Train Loss: 0.1278615 Vali Loss: 0.1157224 Test Loss: 0.1372824
EarlyStopping counter: 1 out of 15
Updating learning rate to 0.0016384000000000004
	iters: 100, epoch: 9 | loss: 0.1188120
	speed: 0.1563s/iter; left time: 960.9058s
	iters: 200, epoch: 9 | loss: 0.1208599
	speed: 0.0329s/iter; left time: 198.7429s
Epoch: 9 cost time: 10.756628036499023
Epoch: 9, Steps: 284 | Train Loss: 0.1274789 Vali Loss: 0.1144456 Test Loss: 0.1374005
Validation loss decreased (0.115402 --> 0.114446).  Saving model ...
Updating learning rate to 0.0013107200000000005
	iters: 100, epoch: 10 | loss: 0.1199925
	speed: 0.1637s/iter; left time: 960.1883s
	iters: 200, epoch: 10 | loss: 0.1186397
	speed: 0.0305s/iter; left time: 175.8214s
Epoch: 10 cost time: 10.375357627868652
Epoch: 10, Steps: 284 | Train Loss: 0.1271582 Vali Loss: 0.1153922 Test Loss: 0.1372056
EarlyStopping counter: 1 out of 15
Updating learning rate to 0.0010485760000000005
	iters: 100, epoch: 11 | loss: 0.1267723
	speed: 0.1576s/iter; left time: 879.5051s
	iters: 200, epoch: 11 | loss: 0.1249031
	speed: 0.0301s/iter; left time: 164.9701s
Epoch: 11 cost time: 10.021696090698242
Epoch: 11, Steps: 284 | Train Loss: 0.1268879 Vali Loss: 0.1149543 Test Loss: 0.1368096
EarlyStopping counter: 2 out of 15
Updating learning rate to 0.0008388608000000005
	iters: 100, epoch: 12 | loss: 0.1172186
	speed: 0.1478s/iter; left time: 782.9674s
	iters: 200, epoch: 12 | loss: 0.1156866
	speed: 0.0307s/iter; left time: 159.4825s
Epoch: 12 cost time: 9.859321594238281
Epoch: 12, Steps: 284 | Train Loss: 0.1266883 Vali Loss: 0.1143712 Test Loss: 0.1364818
Validation loss decreased (0.114446 --> 0.114371).  Saving model ...
Updating learning rate to 0.0006710886400000003
	iters: 100, epoch: 13 | loss: 0.1233602
	speed: 0.1472s/iter; left time: 737.6948s
	iters: 200, epoch: 13 | loss: 0.1113233
	speed: 0.0303s/iter; left time: 148.8459s
Epoch: 13 cost time: 10.298530340194702
Epoch: 13, Steps: 284 | Train Loss: 0.1265038 Vali Loss: 0.1139210 Test Loss: 0.1364512
Validation loss decreased (0.114371 --> 0.113921).  Saving model ...
Updating learning rate to 0.0005368709120000003
	iters: 100, epoch: 14 | loss: 0.1145958
	speed: 0.1561s/iter; left time: 738.1216s
	iters: 200, epoch: 14 | loss: 0.1186690
	speed: 0.0318s/iter; left time: 147.2443s
Epoch: 14 cost time: 10.248022079467773
Epoch: 14, Steps: 284 | Train Loss: 0.1262838 Vali Loss: 0.1140801 Test Loss: 0.1363804
EarlyStopping counter: 1 out of 15
Updating learning rate to 0.0004294967296000003
	iters: 100, epoch: 15 | loss: 0.1398692
	speed: 0.1476s/iter; left time: 656.2732s
	iters: 200, epoch: 15 | loss: 0.1256566
	speed: 0.0298s/iter; left time: 129.6803s
Epoch: 15 cost time: 9.929307460784912
Epoch: 15, Steps: 284 | Train Loss: 0.1261541 Vali Loss: 0.1142227 Test Loss: 0.1362202
EarlyStopping counter: 2 out of 15
Updating learning rate to 0.0003435973836800002
	iters: 100, epoch: 16 | loss: 0.1396978
	speed: 0.1453s/iter; left time: 604.3878s
	iters: 200, epoch: 16 | loss: 0.1154562
	speed: 0.0310s/iter; left time: 125.7050s
Epoch: 16 cost time: 9.913581132888794
Epoch: 16, Steps: 284 | Train Loss: 0.1261023 Vali Loss: 0.1141153 Test Loss: 0.1362576
EarlyStopping counter: 3 out of 15
Updating learning rate to 0.0002748779069440002
	iters: 100, epoch: 17 | loss: 0.1252362
	speed: 0.1542s/iter; left time: 597.6724s
	iters: 200, epoch: 17 | loss: 0.1348006
	speed: 0.0335s/iter; left time: 126.6309s
Epoch: 17 cost time: 10.46818232536316
Epoch: 17, Steps: 284 | Train Loss: 0.1259790 Vali Loss: 0.1142410 Test Loss: 0.1360663
EarlyStopping counter: 4 out of 15
Updating learning rate to 0.00021990232555520019
	iters: 100, epoch: 18 | loss: 0.1241894
	speed: 0.1473s/iter; left time: 529.2106s
	iters: 200, epoch: 18 | loss: 0.1233716
	speed: 0.0288s/iter; left time: 100.7013s
Epoch: 18 cost time: 9.758938312530518
Epoch: 18, Steps: 284 | Train Loss: 0.1259003 Vali Loss: 0.1137937 Test Loss: 0.1362980
Validation loss decreased (0.113921 --> 0.113794).  Saving model ...
Updating learning rate to 0.00017592186044416015
	iters: 100, epoch: 19 | loss: 0.1443748
	speed: 0.1457s/iter; left time: 482.0479s
	iters: 200, epoch: 19 | loss: 0.1121779
	speed: 0.0293s/iter; left time: 94.1655s
Epoch: 19 cost time: 9.654051542282104
Epoch: 19, Steps: 284 | Train Loss: 0.1258050 Vali Loss: 0.1138205 Test Loss: 0.1361072
EarlyStopping counter: 1 out of 15
Updating learning rate to 0.00014073748835532812
	iters: 100, epoch: 20 | loss: 0.1170762
	speed: 0.1542s/iter; left time: 466.4486s
	iters: 200, epoch: 20 | loss: 0.1184903
	speed: 0.0324s/iter; left time: 94.8823s
Epoch: 20 cost time: 10.58652138710022
Epoch: 20, Steps: 284 | Train Loss: 0.1257504 Vali Loss: 0.1138012 Test Loss: 0.1360920
EarlyStopping counter: 2 out of 15
Updating learning rate to 0.00011258999068426252
	iters: 100, epoch: 21 | loss: 0.1184745
	speed: 0.1586s/iter; left time: 434.8182s
	iters: 200, epoch: 21 | loss: 0.1386385
	speed: 0.0300s/iter; left time: 79.1886s
Epoch: 21 cost time: 10.083669424057007
Epoch: 21, Steps: 284 | Train Loss: 0.1256983 Vali Loss: 0.1135485 Test Loss: 0.1361709
Validation loss decreased (0.113794 --> 0.113549).  Saving model ...
Updating learning rate to 9.007199254741001e-05
	iters: 100, epoch: 22 | loss: 0.1204166
	speed: 0.1490s/iter; left time: 366.0457s
	iters: 200, epoch: 22 | loss: 0.1310831
	speed: 0.0309s/iter; left time: 72.7542s
Epoch: 22 cost time: 9.983936309814453
Epoch: 22, Steps: 284 | Train Loss: 0.1256543 Vali Loss: 0.1135481 Test Loss: 0.1360533
Validation loss decreased (0.113549 --> 0.113548).  Saving model ...
Updating learning rate to 7.205759403792801e-05
	iters: 100, epoch: 23 | loss: 0.1230611
	speed: 0.1558s/iter; left time: 338.5951s
	iters: 200, epoch: 23 | loss: 0.1168125
	speed: 0.0330s/iter; left time: 68.3617s
Epoch: 23 cost time: 10.801567792892456
Epoch: 23, Steps: 284 | Train Loss: 0.1255901 Vali Loss: 0.1137679 Test Loss: 0.1358760
EarlyStopping counter: 1 out of 15
Updating learning rate to 5.764607523034242e-05
	iters: 100, epoch: 24 | loss: 0.1255509
	speed: 0.1640s/iter; left time: 309.8205s
	iters: 200, epoch: 24 | loss: 0.1458307
	speed: 0.0347s/iter; left time: 62.1526s
Epoch: 24 cost time: 10.910262823104858
Epoch: 24, Steps: 284 | Train Loss: 0.1255991 Vali Loss: 0.1138603 Test Loss: 0.1358657
EarlyStopping counter: 2 out of 15
Updating learning rate to 4.611686018427394e-05
	iters: 100, epoch: 25 | loss: 0.1126966
	speed: 0.1571s/iter; left time: 252.1048s
	iters: 200, epoch: 25 | loss: 0.1306069
	speed: 0.0336s/iter; left time: 50.5670s
Epoch: 25 cost time: 10.40186858177185
Epoch: 25, Steps: 284 | Train Loss: 0.1255366 Vali Loss: 0.1136979 Test Loss: 0.1360200
EarlyStopping counter: 3 out of 15
Updating learning rate to 3.689348814741915e-05
	iters: 100, epoch: 26 | loss: 0.1277297
	speed: 0.1490s/iter; left time: 196.8796s
	iters: 200, epoch: 26 | loss: 0.1303363
	speed: 0.0316s/iter; left time: 38.5439s
Epoch: 26 cost time: 10.447421073913574
Epoch: 26, Steps: 284 | Train Loss: 0.1255697 Vali Loss: 0.1138169 Test Loss: 0.1358926
EarlyStopping counter: 4 out of 15
Updating learning rate to 2.951479051793532e-05
	iters: 100, epoch: 27 | loss: 0.1268828
	speed: 0.1574s/iter; left time: 163.2728s
	iters: 200, epoch: 27 | loss: 0.1086047
	speed: 0.0336s/iter; left time: 31.4473s
Epoch: 27 cost time: 10.504038572311401
Epoch: 27, Steps: 284 | Train Loss: 0.1255213 Vali Loss: 0.1136893 Test Loss: 0.1358753
EarlyStopping counter: 5 out of 15
Updating learning rate to 2.361183241434826e-05
	iters: 100, epoch: 28 | loss: 0.1232817
	speed: 0.1494s/iter; left time: 112.5126s
	iters: 200, epoch: 28 | loss: 0.1286448
	speed: 0.0298s/iter; left time: 19.4787s
Epoch: 28 cost time: 10.03720211982727
Epoch: 28, Steps: 284 | Train Loss: 0.1255552 Vali Loss: 0.1137053 Test Loss: 0.1359767
EarlyStopping counter: 6 out of 15
Updating learning rate to 1.888946593147861e-05
	iters: 100, epoch: 29 | loss: 0.1291881
	speed: 0.1529s/iter; left time: 71.7099s
	iters: 200, epoch: 29 | loss: 0.1148412
	speed: 0.0326s/iter; left time: 12.0395s
Epoch: 29 cost time: 10.841937780380249
Epoch: 29, Steps: 284 | Train Loss: 0.1254975 Vali Loss: 0.1134103 Test Loss: 0.1358959
Validation loss decreased (0.113548 --> 0.113410).  Saving model ...
Updating learning rate to 1.5111572745182888e-05
	iters: 100, epoch: 30 | loss: 0.1243616
	speed: 0.1578s/iter; left time: 29.1956s
	iters: 200, epoch: 30 | loss: 0.1183049
	speed: 0.0329s/iter; left time: 2.7995s
Epoch: 30 cost time: 10.98778223991394
Epoch: 30, Steps: 284 | Train Loss: 0.1254939 Vali Loss: 0.1137329 Test Loss: 0.1359432
EarlyStopping counter: 1 out of 15
Updating learning rate to 1.208925819614631e-05
>>>>>>>testing : electricity_96_96_CycleNet_custom_ftM_sl96_pl96_cycle168_mlp_freq1_seed2024<<<<<<<<<<<<<<<<<<<<<<<<<<<<<<<<<
test 5165
mse:0.1357085406780243, mae:0.22960986196994781
