Args in experiment:
Namespace(random_seed=2024, is_training=1, model_id='electricity_96_96', model='CycleNet', data='custom', root_path='./dataset/electricity/', data_path='electricity.csv', features='M', target='OT', freq='h', checkpoints='./checkpoints/', seq_len=96, label_len=0, pred_len=96, cycle=168, cycle_mode='lookup', cycle_rank=4, model_type='mlp', use_revin=1, mrt_layers=1, freq_layers=0, freq_v2_layers=0, freq_v3_layers=0, freq_v4_layers=0, sgf_layers=0, sgf_prior_path='', freq_loss_alpha=0.8, fusion_mode='serial', fusion_order='mrt_freq', fusion_gate=0, fc_dropout=0.05, head_dropout=0.0, patch_len=16, stride=8, padding_patch='end', revin=0, affine=0, subtract_last=0, decomposition=0, kernel_size=25, individual=0, rnn_type='gru', dec_way='pmf', seg_len=48, channel_id=1, period_len=24, embed_type=0, enc_in=321, dec_in=7, c_out=7, d_model=512, n_heads=8, e_layers=2, d_layers=1, d_ff=2048, moving_avg=25, factor=1, distil=True, dropout=0, embed='timeF', activation='gelu', output_attention=False, do_predict=False, num_workers=10, itr=1, train_epochs=30, batch_size=64, patience=15, learning_rate=0.005, des='test', loss='mse', lradj='type3', pct_start=0.3, use_amp=False, use_gpu=True, gpu=0, use_multi_gpu=False, devices='0,1', test_flop=False)
Use GPU: cuda:0
>>>>>>>start training : electricity_96_96_CycleNet_custom_ftM_sl96_pl96_cycle168_mlp_mrt1_fredf08_seed2024>>>>>>>>>>>>>>>>>>>>>>>>>>
train 18221
val 2537
test 5165
	iters: 100, epoch: 1 | loss: 0.7895118
	speed: 0.0945s/iter; left time: 795.4464s
	iters: 200, epoch: 1 | loss: 0.7084216
	speed: 0.0675s/iter; left time: 561.7327s
Epoch: 1 cost time: 21.995847463607788
Epoch: 1, Steps: 284 | Train Loss: 0.8133802 Vali Loss: 0.1788061 Test Loss: 0.2022505
Validation loss decreased (inf --> 0.178806).  Saving model ...
Updating learning rate to 0.005
	iters: 100, epoch: 2 | loss: 0.5679482
	speed: 0.2974s/iter; left time: 2420.0604s
	iters: 200, epoch: 2 | loss: 0.5397800
	speed: 0.0672s/iter; left time: 540.0277s
Epoch: 2 cost time: 20.793631553649902
Epoch: 2, Steps: 284 | Train Loss: 0.5644719 Vali Loss: 0.1188765 Test Loss: 0.1420071
Validation loss decreased (0.178806 --> 0.118877).  Saving model ...
Updating learning rate to 0.005
	iters: 100, epoch: 3 | loss: 0.5352355
	speed: 0.2957s/iter; left time: 2322.5018s
	iters: 200, epoch: 3 | loss: 0.5197035
	speed: 0.0594s/iter; left time: 460.3991s
Epoch: 3 cost time: 19.25804567337036
Epoch: 3, Steps: 284 | Train Loss: 0.5268626 Vali Loss: 0.1164939 Test Loss: 0.1398174
Validation loss decreased (0.118877 --> 0.116494).  Saving model ...
Updating learning rate to 0.005
	iters: 100, epoch: 4 | loss: 0.5335262
	speed: 0.3024s/iter; left time: 2288.9467s
	iters: 200, epoch: 4 | loss: 0.5204716
	speed: 0.0678s/iter; left time: 506.1897s
Epoch: 4 cost time: 20.815786838531494
Epoch: 4, Steps: 284 | Train Loss: 0.5227084 Vali Loss: 0.1154803 Test Loss: 0.1388377
Validation loss decreased (0.116494 --> 0.115480).  Saving model ...
Updating learning rate to 0.004
	iters: 100, epoch: 5 | loss: 0.5104642
	speed: 0.3170s/iter; left time: 2309.3648s
	iters: 200, epoch: 5 | loss: 0.5177577
	speed: 0.0676s/iter; left time: 485.8587s
Epoch: 5 cost time: 20.98967981338501
Epoch: 5, Steps: 284 | Train Loss: 0.5201213 Vali Loss: 0.1152494 Test Loss: 0.1390996
Validation loss decreased (0.115480 --> 0.115249).  Saving model ...
Updating learning rate to 0.0032000000000000006
	iters: 100, epoch: 6 | loss: 0.5174053
	speed: 0.3168s/iter; left time: 2217.7027s
	iters: 200, epoch: 6 | loss: 0.5010134
	speed: 0.0645s/iter; left time: 444.9083s
Epoch: 6 cost time: 20.337465047836304
Epoch: 6, Steps: 284 | Train Loss: 0.5181834 Vali Loss: 0.1148385 Test Loss: 0.1382587
Validation loss decreased (0.115249 --> 0.114838).  Saving model ...
Updating learning rate to 0.0025600000000000006
	iters: 100, epoch: 7 | loss: 0.5061208
	speed: 0.3032s/iter; left time: 2036.3410s
	iters: 200, epoch: 7 | loss: 0.4835507
	speed: 0.0691s/iter; left time: 456.9322s
Epoch: 7 cost time: 21.240663290023804
Epoch: 7, Steps: 284 | Train Loss: 0.5170186 Vali Loss: 0.1145944 Test Loss: 0.1377611
Validation loss decreased (0.114838 --> 0.114594).  Saving model ...
Updating learning rate to 0.0020480000000000003
	iters: 100, epoch: 8 | loss: 0.5465161
	speed: 0.3145s/iter; left time: 2023.4249s
	iters: 200, epoch: 8 | loss: 0.5127349
	speed: 0.0705s/iter; left time: 446.1891s
Epoch: 8 cost time: 21.29272484779358
Epoch: 8, Steps: 284 | Train Loss: 0.5162965 Vali Loss: 0.1142429 Test Loss: 0.1371373
Validation loss decreased (0.114594 --> 0.114243).  Saving model ...
Updating learning rate to 0.0016384000000000004
	iters: 100, epoch: 9 | loss: 0.5020652
	speed: 0.3083s/iter; left time: 1895.6388s
	iters: 200, epoch: 9 | loss: 0.5215567
	speed: 0.0693s/iter; left time: 419.4274s
Epoch: 9 cost time: 20.787577152252197
Epoch: 9, Steps: 284 | Train Loss: 0.5156929 Vali Loss: 0.1138056 Test Loss: 0.1371848
Validation loss decreased (0.114243 --> 0.113806).  Saving model ...
Updating learning rate to 0.0013107200000000005
	iters: 100, epoch: 10 | loss: 0.5330878
	speed: 0.3047s/iter; left time: 1786.8005s
	iters: 200, epoch: 10 | loss: 0.5309397
	speed: 0.0680s/iter; left time: 392.1998s
Epoch: 10 cost time: 21.06963038444519
Epoch: 10, Steps: 284 | Train Loss: 0.5150554 Vali Loss: 0.1136908 Test Loss: 0.1372893
Validation loss decreased (0.113806 --> 0.113691).  Saving model ...
Updating learning rate to 0.0010485760000000005
	iters: 100, epoch: 11 | loss: 0.5468321
	speed: 0.3121s/iter; left time: 1741.8244s
	iters: 200, epoch: 11 | loss: 0.5212232
	speed: 0.0676s/iter; left time: 370.2791s
Epoch: 11 cost time: 20.97183847427368
Epoch: 11, Steps: 284 | Train Loss: 0.5147002 Vali Loss: 0.1141919 Test Loss: 0.1367421
EarlyStopping counter: 1 out of 15
Updating learning rate to 0.0008388608000000005
	iters: 100, epoch: 12 | loss: 0.5289457
	speed: 0.3130s/iter; left time: 1657.7640s
	iters: 200, epoch: 12 | loss: 0.5483919
	speed: 0.0668s/iter; left time: 347.1293s
Epoch: 12 cost time: 20.84169340133667
Epoch: 12, Steps: 284 | Train Loss: 0.5141532 Vali Loss: 0.1138777 Test Loss: 0.1365995
EarlyStopping counter: 2 out of 15
Updating learning rate to 0.0006710886400000003
	iters: 100, epoch: 13 | loss: 0.4953899
	speed: 0.2727s/iter; left time: 1366.8889s
	iters: 200, epoch: 13 | loss: 0.5231898
	speed: 0.0640s/iter; left time: 314.6740s
Epoch: 13 cost time: 19.49766230583191
Epoch: 13, Steps: 284 | Train Loss: 0.5139353 Vali Loss: 0.1137850 Test Loss: 0.1365219
EarlyStopping counter: 3 out of 15
Updating learning rate to 0.0005368709120000003
	iters: 100, epoch: 14 | loss: 0.5021476
	speed: 0.2916s/iter; left time: 1378.8539s
	iters: 200, epoch: 14 | loss: 0.5443762
	speed: 0.0654s/iter; left time: 302.7570s
Epoch: 14 cost time: 19.555956602096558
Epoch: 14, Steps: 284 | Train Loss: 0.5136148 Vali Loss: 0.1137937 Test Loss: 0.1366169
EarlyStopping counter: 4 out of 15
Updating learning rate to 0.0004294967296000003
	iters: 100, epoch: 15 | loss: 0.4904259
	speed: 0.2730s/iter; left time: 1213.4662s
	iters: 200, epoch: 15 | loss: 0.4798470
	speed: 0.0646s/iter; left time: 280.6905s
Epoch: 15 cost time: 19.83138680458069
Epoch: 15, Steps: 284 | Train Loss: 0.5133320 Vali Loss: 0.1135111 Test Loss: 0.1365752
Validation loss decreased (0.113691 --> 0.113511).  Saving model ...
Updating learning rate to 0.0003435973836800002
	iters: 100, epoch: 16 | loss: 0.5107363
	speed: 0.2700s/iter; left time: 1123.4926s
	iters: 200, epoch: 16 | loss: 0.5156426
	speed: 0.0696s/iter; left time: 282.6485s
Epoch: 16 cost time: 21.278636693954468
Epoch: 16, Steps: 284 | Train Loss: 0.5132821 Vali Loss: 0.1135746 Test Loss: 0.1364085
EarlyStopping counter: 1 out of 15
Updating learning rate to 0.0002748779069440002
	iters: 100, epoch: 17 | loss: 0.5027823
	speed: 0.3097s/iter; left time: 1200.7181s
	iters: 200, epoch: 17 | loss: 0.5000284
	speed: 0.0690s/iter; left time: 260.6859s
Epoch: 17 cost time: 20.871906757354736
Epoch: 17, Steps: 284 | Train Loss: 0.5130650 Vali Loss: 0.1131414 Test Loss: 0.1364385
Validation loss decreased (0.113511 --> 0.113141).  Saving model ...
Updating learning rate to 0.00021990232555520019
	iters: 100, epoch: 18 | loss: 0.5106882
	speed: 0.3051s/iter; left time: 1096.2038s
	iters: 200, epoch: 18 | loss: 0.4804334
	speed: 0.0663s/iter; left time: 231.4352s
Epoch: 18 cost time: 20.389957427978516
Epoch: 18, Steps: 284 | Train Loss: 0.5129302 Vali Loss: 0.1132413 Test Loss: 0.1363505
EarlyStopping counter: 1 out of 15
Updating learning rate to 0.00017592186044416015
	iters: 100, epoch: 19 | loss: 0.5344517
	speed: 0.2997s/iter; left time: 991.7118s
	iters: 200, epoch: 19 | loss: 0.5235488
	speed: 0.0659s/iter; left time: 211.3920s
Epoch: 19 cost time: 20.48062014579773
Epoch: 19, Steps: 284 | Train Loss: 0.5128220 Vali Loss: 0.1131849 Test Loss: 0.1362330
EarlyStopping counter: 2 out of 15
Updating learning rate to 0.00014073748835532812
	iters: 100, epoch: 20 | loss: 0.4901586
	speed: 0.3087s/iter; left time: 933.7378s
	iters: 200, epoch: 20 | loss: 0.5043240
	speed: 0.0675s/iter; left time: 197.3055s
Epoch: 20 cost time: 20.736352682113647
Epoch: 20, Steps: 284 | Train Loss: 0.5125805 Vali Loss: 0.1132393 Test Loss: 0.1361808
EarlyStopping counter: 3 out of 15
Updating learning rate to 0.00011258999068426252
	iters: 100, epoch: 21 | loss: 0.5189524
	speed: 0.3142s/iter; left time: 861.3231s
	iters: 200, epoch: 21 | loss: 0.5003121
	speed: 0.0708s/iter; left time: 187.0872s
Epoch: 21 cost time: 21.529587507247925
Epoch: 21, Steps: 284 | Train Loss: 0.5125939 Vali Loss: 0.1133118 Test Loss: 0.1361458
EarlyStopping counter: 4 out of 15
Updating learning rate to 9.007199254741001e-05
	iters: 100, epoch: 22 | loss: 0.5027753
	speed: 0.2992s/iter; left time: 735.0908s
	iters: 200, epoch: 22 | loss: 0.5029469
	speed: 0.0635s/iter; left time: 149.5974s
Epoch: 22 cost time: 20.45540475845337
Epoch: 22, Steps: 284 | Train Loss: 0.5124317 Vali Loss: 0.1131522 Test Loss: 0.1361601
EarlyStopping counter: 5 out of 15
Updating learning rate to 7.205759403792801e-05
	iters: 100, epoch: 23 | loss: 0.5206186
	speed: 0.2933s/iter; left time: 637.3138s
	iters: 200, epoch: 23 | loss: 0.5139312
	speed: 0.0607s/iter; left time: 125.8924s
Epoch: 23 cost time: 18.8818097114563
Epoch: 23, Steps: 284 | Train Loss: 0.5124851 Vali Loss: 0.1129899 Test Loss: 0.1361856
Validation loss decreased (0.113141 --> 0.112990).  Saving model ...
Updating learning rate to 5.764607523034242e-05
	iters: 100, epoch: 24 | loss: 0.5120310
	speed: 0.3021s/iter; left time: 570.7039s
	iters: 200, epoch: 24 | loss: 0.5306752
	speed: 0.0681s/iter; left time: 121.7561s
Epoch: 24 cost time: 20.879156589508057
Epoch: 24, Steps: 284 | Train Loss: 0.5124614 Vali Loss: 0.1132047 Test Loss: 0.1360876
EarlyStopping counter: 1 out of 15
Updating learning rate to 4.611686018427394e-05
	iters: 100, epoch: 25 | loss: 0.5177749
	speed: 0.2939s/iter; left time: 471.6910s
	iters: 200, epoch: 25 | loss: 0.4958687
	speed: 0.0643s/iter; left time: 96.8128s
Epoch: 25 cost time: 19.762019157409668
Epoch: 25, Steps: 284 | Train Loss: 0.5123000 Vali Loss: 0.1131678 Test Loss: 0.1361130
EarlyStopping counter: 2 out of 15
Updating learning rate to 3.689348814741915e-05
	iters: 100, epoch: 26 | loss: 0.5388998
	speed: 0.2958s/iter; left time: 390.8001s
	iters: 200, epoch: 26 | loss: 0.4973519
	speed: 0.0674s/iter; left time: 82.2738s
Epoch: 26 cost time: 20.52014422416687
Epoch: 26, Steps: 284 | Train Loss: 0.5124249 Vali Loss: 0.1129942 Test Loss: 0.1361452
EarlyStopping counter: 3 out of 15
Updating learning rate to 2.951479051793532e-05
	iters: 100, epoch: 27 | loss: 0.4916156
	speed: 0.3001s/iter; left time: 311.2256s
	iters: 200, epoch: 27 | loss: 0.5204107
	speed: 0.0682s/iter; left time: 63.8711s
Epoch: 27 cost time: 20.55550265312195
Epoch: 27, Steps: 284 | Train Loss: 0.5122801 Vali Loss: 0.1131388 Test Loss: 0.1360917
EarlyStopping counter: 4 out of 15
Updating learning rate to 2.361183241434826e-05
	iters: 100, epoch: 28 | loss: 0.4874010
	speed: 0.3010s/iter; left time: 226.6897s
	iters: 200, epoch: 28 | loss: 0.5051212
	speed: 0.0679s/iter; left time: 44.3071s
Epoch: 28 cost time: 20.302395343780518
Epoch: 28, Steps: 284 | Train Loss: 0.5123122 Vali Loss: 0.1129944 Test Loss: 0.1360484
EarlyStopping counter: 5 out of 15
Updating learning rate to 1.888946593147861e-05
	iters: 100, epoch: 29 | loss: 0.5109417
	speed: 0.2790s/iter; left time: 130.8739s
	iters: 200, epoch: 29 | loss: 0.5409640
	speed: 0.0666s/iter; left time: 24.5793s
Epoch: 29 cost time: 20.59860372543335
Epoch: 29, Steps: 284 | Train Loss: 0.5123155 Vali Loss: 0.1132066 Test Loss: 0.1360828
EarlyStopping counter: 6 out of 15
Updating learning rate to 1.5111572745182888e-05
	iters: 100, epoch: 30 | loss: 0.4883254
	speed: 0.2989s/iter; left time: 55.2959s
	iters: 200, epoch: 30 | loss: 0.4976595
	speed: 0.0659s/iter; left time: 5.6009s
Epoch: 30 cost time: 20.5930757522583
Epoch: 30, Steps: 284 | Train Loss: 0.5123364 Vali Loss: 0.1131859 Test Loss: 0.1360466
EarlyStopping counter: 7 out of 15
Updating learning rate to 1.208925819614631e-05
>>>>>>>testing : electricity_96_96_CycleNet_custom_ftM_sl96_pl96_cycle168_mlp_mrt1_fredf08_seed2024<<<<<<<<<<<<<<<<<<<<<<<<<<<<<<<<<
test 5165
mse:0.1360165923833847, mae:0.22838173806667328, smape:45.982825756073
