============================================================
CONFIGURATION
============================================================
Device     : cuda:0
Dataset    : etth1
Pred len   : 96
Seed       : 2024

--- Data ---
enc_in     : 7
seq_len    : 96
cycle      : 24
use_revin  : 1
batch_size : 256

--- Model ---
model_type : mlp
d_model    : 512
mrt_layers : 1
freq_layers: 0
fusion     : mode=serial, gate=0, sparsity=0.0

--- Training ---
base_lr    : 0.005
Stage1     : epochs=30, patience=15
Stage2     : epochs=3, patience=3, freeze_backbone=1
Stage3 FreDF: True
Stage3a    : epochs=12, patience=6
Stage3b    : epochs=20, patience=10, freq×0.67 model×0.33 mrt×0.10
============================================================

============================================================
STAGE 1: Train MRT only (freq_layers=0)
============================================================
train 8449
val 2785
test 2785
Epoch: 1, Steps: 33 | Train: 0.4837496 Vali: 0.8331960 Test: 0.4722749
Validation loss decreased (inf --> 0.833196).  Saving model ...
Updating learning rate to 0.005
Epoch: 2, Steps: 33 | Train: 0.4442869 Vali: 0.7593926 Test: 0.4308418
Validation loss decreased (0.833196 --> 0.759393).  Saving model ...
Updating learning rate to 0.005
Epoch: 3, Steps: 33 | Train: 0.3604900 Vali: 0.7043577 Test: 0.3974999
Validation loss decreased (0.759393 --> 0.704358).  Saving model ...
Updating learning rate to 0.005
Epoch: 4, Steps: 33 | Train: 0.3461772 Vali: 0.6983055 Test: 0.3803990
Validation loss decreased (0.704358 --> 0.698305).  Saving model ...
Updating learning rate to 0.004
Epoch: 5, Steps: 33 | Train: 0.3392813 Vali: 0.6854058 Test: 0.3801101
Validation loss decreased (0.698305 --> 0.685406).  Saving model ...
Updating learning rate to 0.0032000000000000006
Epoch: 6, Steps: 33 | Train: 0.3351144 Vali: 0.6876778 Test: 0.3770249
EarlyStopping counter: 1 out of 15
Updating learning rate to 0.0025600000000000006
Epoch: 7, Steps: 33 | Train: 0.3317469 Vali: 0.6836043 Test: 0.3775036
Validation loss decreased (0.685406 --> 0.683604).  Saving model ...
Updating learning rate to 0.0020480000000000003
Epoch: 8, Steps: 33 | Train: 0.3289414 Vali: 0.6932144 Test: 0.3765948
EarlyStopping counter: 1 out of 15
Updating learning rate to 0.0016384000000000004
Epoch: 9, Steps: 33 | Train: 0.3262216 Vali: 0.6835550 Test: 0.3765057
Validation loss decreased (0.683604 --> 0.683555).  Saving model ...
Updating learning rate to 0.0013107200000000005
Epoch: 10, Steps: 33 | Train: 0.3239821 Vali: 0.6808884 Test: 0.3767248
Validation loss decreased (0.683555 --> 0.680888).  Saving model ...
Updating learning rate to 0.0010485760000000005
Epoch: 11, Steps: 33 | Train: 0.3224492 Vali: 0.6850544 Test: 0.3763110
EarlyStopping counter: 1 out of 15
Updating learning rate to 0.0008388608000000005
Epoch: 12, Steps: 33 | Train: 0.3200980 Vali: 0.6819945 Test: 0.3762400
EarlyStopping counter: 2 out of 15
Updating learning rate to 0.0006710886400000003
Epoch: 13, Steps: 33 | Train: 0.3189592 Vali: 0.6878148 Test: 0.3759613
EarlyStopping counter: 3 out of 15
Updating learning rate to 0.0005368709120000003
Epoch: 14, Steps: 33 | Train: 0.3178796 Vali: 0.6850832 Test: 0.3755100
EarlyStopping counter: 4 out of 15
Updating learning rate to 0.0004294967296000003
Epoch: 15, Steps: 33 | Train: 0.3169859 Vali: 0.6799362 Test: 0.3763225
Validation loss decreased (0.680888 --> 0.679936).  Saving model ...
Updating learning rate to 0.0003435973836800002
Epoch: 16, Steps: 33 | Train: 0.3160002 Vali: 0.6861279 Test: 0.3754780
EarlyStopping counter: 1 out of 15
Updating learning rate to 0.0002748779069440002
Epoch: 17, Steps: 33 | Train: 0.3152779 Vali: 0.6834021 Test: 0.3758070
EarlyStopping counter: 2 out of 15
Updating learning rate to 0.00021990232555520019
Epoch: 18, Steps: 33 | Train: 0.3147350 Vali: 0.6894225 Test: 0.3758037
EarlyStopping counter: 3 out of 15
Updating learning rate to 0.00017592186044416015
Epoch: 19, Steps: 33 | Train: 0.3143918 Vali: 0.6829156 Test: 0.3764075
EarlyStopping counter: 4 out of 15
Updating learning rate to 0.00014073748835532812
Epoch: 20, Steps: 33 | Train: 0.3140362 Vali: 0.6859814 Test: 0.3761522
EarlyStopping counter: 5 out of 15
Updating learning rate to 0.00011258999068426252
Epoch: 21, Steps: 33 | Train: 0.3137236 Vali: 0.6837486 Test: 0.3757824
EarlyStopping counter: 6 out of 15
Updating learning rate to 9.007199254741001e-05
Epoch: 22, Steps: 33 | Train: 0.3135083 Vali: 0.6863185 Test: 0.3763439
EarlyStopping counter: 7 out of 15
Updating learning rate to 7.205759403792801e-05
Epoch: 23, Steps: 33 | Train: 0.3133306 Vali: 0.6891716 Test: 0.3764610
EarlyStopping counter: 8 out of 15
Updating learning rate to 5.764607523034242e-05
Epoch: 24, Steps: 33 | Train: 0.3131478 Vali: 0.6791017 Test: 0.3761478
Validation loss decreased (0.679936 --> 0.679102).  Saving model ...
Updating learning rate to 4.611686018427394e-05
Epoch: 25, Steps: 33 | Train: 0.3130489 Vali: 0.6895261 Test: 0.3764852
EarlyStopping counter: 1 out of 15
Updating learning rate to 3.689348814741915e-05
Epoch: 26, Steps: 33 | Train: 0.3129187 Vali: 0.6879329 Test: 0.3763321
EarlyStopping counter: 2 out of 15
Updating learning rate to 2.951479051793532e-05
Epoch: 27, Steps: 33 | Train: 0.3128581 Vali: 0.6878386 Test: 0.3763918
EarlyStopping counter: 3 out of 15
Updating learning rate to 2.361183241434826e-05
Epoch: 28, Steps: 33 | Train: 0.3127861 Vali: 0.6848610 Test: 0.3763551
EarlyStopping counter: 4 out of 15
Updating learning rate to 1.888946593147861e-05
Epoch: 29, Steps: 33 | Train: 0.3127318 Vali: 0.6804524 Test: 0.3763710
EarlyStopping counter: 5 out of 15
Updating learning rate to 1.5111572745182888e-05
Epoch: 30, Steps: 33 | Train: 0.3126956 Vali: 0.6793321 Test: 0.3763508
EarlyStopping counter: 6 out of 15
Updating learning rate to 1.208925819614631e-05
STAGE 1 RESULT: mse=0.3755, mae=0.3962, smape=73.1783

============================================================
STAGE 2: Load MRT + add Freq branch (frozen backbone/MRT/cycle, max_epochs=3, patience=3)
============================================================
train 8449
val 2785
test 2785
Loaded 10 params from stage1, 0 new (Freq branch)
Trainable: 344 / 99,509 (0.3%)  freeze_backbone=1
Epoch: 1, Train: 0.8823599 Vali: 0.6864770
[diag s2-1]  freq.rs=+0.0007 mask.mean=0.438 mask.std=0.141  mrt.rs=-0.0655
Validation loss decreased (inf --> 0.686477).  Saving model ...
Epoch: 2, Train: 0.8823020 Vali: 0.6843662
[diag s2-2]  freq.rs=+0.0014 mask.mean=0.438 mask.std=0.141  mrt.rs=-0.0655
Validation loss decreased (0.686477 --> 0.684366).  Saving model ...
Epoch: 3, Train: 0.8823360 Vali: 0.6871689
[diag s2-3]  freq.rs=+0.0018 mask.mean=0.438 mask.std=0.141  mrt.rs=-0.0655
EarlyStopping counter: 1 out of 3
STAGE 2 complete.

============================================================
SKIPPING Stage 3a (--no_stage3a): Stage 2 -> Stage 3b directly
============================================================

============================================================
STAGE 3b: Unfreeze all, group-wise LR (base=0.001500, max_epochs=20, patience=10) + FreDF(α=0.8)
  LR groups: freq/gate ×0.67, model ×0.33, mrt/cycle ×0.10
============================================================
train 8449
val 2785
test 2785
Loaded stage3a checkpoint, unfreezing all parameters.
  Group freq/gate: 344 params, LR=0.001005
  Group model: 98,912 params, LR=0.000495
  Group mrt/cycle: 253 params, LR=0.000150
Epoch: 1, Steps: 33 | Train: 0.8826910 Vali: 0.6820059 Test: 0.3757381
[diag 3b-1]  freq.rs=+0.0012 mask.mean=0.438 mask.std=0.141  mrt.rs=-0.0668
Validation loss decreased (inf --> 0.682006).  Saving model ...
Updating learning rate to 0.005
Epoch: 2, Steps: 33 | Train: 0.8958377 Vali: 0.6962646 Test: 0.3877458
[diag 3b-2]  freq.rs=-0.0714 mask.mean=0.440 mask.std=0.142  mrt.rs=-0.1513
EarlyStopping counter: 1 out of 10
Updating learning rate to 0.005
Epoch: 3, Steps: 33 | Train: 0.8904830 Vali: 0.6753277 Test: 0.3819725
[diag 3b-3]  freq.rs=-0.1460 mask.mean=0.444 mask.std=0.144  mrt.rs=-0.1809
Validation loss decreased (0.682006 --> 0.675328).  Saving model ...
Updating learning rate to 0.005
Epoch: 4, Steps: 33 | Train: 0.8835020 Vali: 0.6882678 Test: 0.3799564
[diag 3b-4]  freq.rs=-0.1882 mask.mean=0.446 mask.std=0.149  mrt.rs=-0.2290
EarlyStopping counter: 1 out of 10
Updating learning rate to 0.004
Epoch: 5, Steps: 33 | Train: 0.8762405 Vali: 0.6827921 Test: 0.3772411
[diag 3b-5]  freq.rs=-0.2019 mask.mean=0.447 mask.std=0.155  mrt.rs=-0.2567
EarlyStopping counter: 2 out of 10
Updating learning rate to 0.0032000000000000006
Epoch: 6, Steps: 33 | Train: 0.8697515 Vali: 0.6789967 Test: 0.3791337
[diag 3b-6]  freq.rs=-0.2043 mask.mean=0.447 mask.std=0.160  mrt.rs=-0.2564
EarlyStopping counter: 3 out of 10
Updating learning rate to 0.0025600000000000006
Epoch: 7, Steps: 33 | Train: 0.8657598 Vali: 0.6785282 Test: 0.3797922
[diag 3b-7]  freq.rs=-0.1997 mask.mean=0.445 mask.std=0.163  mrt.rs=-0.2636
EarlyStopping counter: 4 out of 10
Updating learning rate to 0.0020480000000000003
Epoch: 8, Steps: 33 | Train: 0.8609363 Vali: 0.6852063 Test: 0.3779933
[diag 3b-8]  freq.rs=-0.1958 mask.mean=0.444 mask.std=0.166  mrt.rs=-0.2605
EarlyStopping counter: 5 out of 10
Updating learning rate to 0.0016384000000000004
Epoch: 9, Steps: 33 | Train: 0.8563055 Vali: 0.6795942 Test: 0.3800245
[diag 3b-9]  freq.rs=-0.1841 mask.mean=0.443 mask.std=0.168  mrt.rs=-0.2562
EarlyStopping counter: 6 out of 10
Updating learning rate to 0.0013107200000000005
Epoch: 10, Steps: 33 | Train: 0.8530908 Vali: 0.6831799 Test: 0.3801581
[diag 3b-10]  freq.rs=-0.1748 mask.mean=0.442 mask.std=0.169  mrt.rs=-0.2507
EarlyStopping counter: 7 out of 10
Updating learning rate to 0.0010485760000000005
Epoch: 11, Steps: 33 | Train: 0.8504974 Vali: 0.6738342 Test: 0.3828441
[diag 3b-11]  freq.rs=-0.1625 mask.mean=0.441 mask.std=0.171  mrt.rs=-0.2474
Validation loss decreased (0.675328 --> 0.673834).  Saving model ...
Updating learning rate to 0.0008388608000000005
Epoch: 12, Steps: 33 | Train: 0.8482429 Vali: 0.6862143 Test: 0.3828472
[diag 3b-12]  freq.rs=-0.1529 mask.mean=0.440 mask.std=0.171  mrt.rs=-0.2429
EarlyStopping counter: 1 out of 10
Updating learning rate to 0.0006710886400000003
Epoch: 13, Steps: 33 | Train: 0.8461499 Vali: 0.6821047 Test: 0.3807675
[diag 3b-13]  freq.rs=-0.1453 mask.mean=0.439 mask.std=0.172  mrt.rs=-0.2409
EarlyStopping counter: 2 out of 10
Updating learning rate to 0.0005368709120000003
Epoch: 14, Steps: 33 | Train: 0.8442798 Vali: 0.6763603 Test: 0.3825692
[diag 3b-14]  freq.rs=-0.1366 mask.mean=0.439 mask.std=0.173  mrt.rs=-0.2362
EarlyStopping counter: 3 out of 10
Updating learning rate to 0.0004294967296000003
Epoch: 15, Steps: 33 | Train: 0.8426854 Vali: 0.6746750 Test: 0.3827493
[diag 3b-15]  freq.rs=-0.1300 mask.mean=0.438 mask.std=0.173  mrt.rs=-0.2335
EarlyStopping counter: 4 out of 10
Updating learning rate to 0.0003435973836800002
Epoch: 16, Steps: 33 | Train: 0.8419417 Vali: 0.6875313 Test: 0.3829398
[diag 3b-16]  freq.rs=-0.1242 mask.mean=0.438 mask.std=0.173  mrt.rs=-0.2313
EarlyStopping counter: 5 out of 10
Updating learning rate to 0.0002748779069440002
Epoch: 17, Steps: 33 | Train: 0.8411403 Vali: 0.6845768 Test: 0.3838185
[diag 3b-17]  freq.rs=-0.1199 mask.mean=0.438 mask.std=0.173  mrt.rs=-0.2296
EarlyStopping counter: 6 out of 10
Updating learning rate to 0.00021990232555520019
Epoch: 18, Steps: 33 | Train: 0.8402946 Vali: 0.6864224 Test: 0.3829836
[diag 3b-18]  freq.rs=-0.1167 mask.mean=0.438 mask.std=0.174  mrt.rs=-0.2289
EarlyStopping counter: 7 out of 10
Updating learning rate to 0.00017592186044416015
Epoch: 19, Steps: 33 | Train: 0.8397430 Vali: 0.6870584 Test: 0.3834579
[diag 3b-19]  freq.rs=-0.1132 mask.mean=0.438 mask.std=0.174  mrt.rs=-0.2271
EarlyStopping counter: 8 out of 10
Updating learning rate to 0.00014073748835532812
Epoch: 20, Steps: 33 | Train: 0.8392513 Vali: 0.6904024 Test: 0.3836379
[diag 3b-20]  freq.rs=-0.1108 mask.mean=0.438 mask.std=0.174  mrt.rs=-0.2261
EarlyStopping counter: 9 out of 10
Updating learning rate to 0.00011258999068426252

============================================================
FINAL RESULT (Stage 3b): mse=0.3818, mae=0.4030, smape=73.9426
============================================================
[diag 3b-final]  freq.rs=-0.1625 mask.mean=0.441 mask.std=0.171  mrt.rs=-0.2474
