============================================================
CONFIGURATION
============================================================
Device     : cuda:0
Dataset    : etth1
Pred len   : 336
Seed       : 2024

--- Data ---
enc_in     : 7
seq_len    : 96
cycle      : 24
use_revin  : 1
batch_size : 256

--- Model ---
model_type : mlp
d_model    : 512
mrt_layers : 1
freq_layers: 0
fusion     : mode=serial, gate=0, sparsity=0.0

--- Training ---
base_lr    : 0.005
Stage1     : epochs=30, patience=15
Stage2     : epochs=3, patience=3, freeze_backbone=1
Stage3 FreDF: True
Stage3a    : epochs=12, patience=6
Stage3b    : epochs=20, patience=10, freq×0.67 model×0.33 mrt×0.10
============================================================

============================================================
STAGE 1: Train MRT only (freq_layers=0)
============================================================
train 8209
val 2545
test 2545
Epoch: 1, Steps: 32 | Train: 0.5957221 Vali: 1.4096049 Test: 0.5542048
Validation loss decreased (inf --> 1.409605).  Saving model ...
Updating learning rate to 0.005
Epoch: 2, Steps: 32 | Train: 0.5571024 Vali: 1.3432574 Test: 0.4964613
Validation loss decreased (1.409605 --> 1.343257).  Saving model ...
Updating learning rate to 0.005
Epoch: 3, Steps: 32 | Train: 0.4837779 Vali: 1.3098270 Test: 0.4972932
Validation loss decreased (1.343257 --> 1.309827).  Saving model ...
Updating learning rate to 0.005
Epoch: 4, Steps: 32 | Train: 0.4653606 Vali: 1.3167134 Test: 0.4852565
EarlyStopping counter: 1 out of 15
Updating learning rate to 0.004
Epoch: 5, Steps: 32 | Train: 0.4560278 Vali: 1.3270719 Test: 0.5081725
EarlyStopping counter: 2 out of 15
Updating learning rate to 0.0032000000000000006
Epoch: 6, Steps: 32 | Train: 0.4500447 Vali: 1.3317628 Test: 0.4995337
EarlyStopping counter: 3 out of 15
Updating learning rate to 0.0025600000000000006
Epoch: 7, Steps: 32 | Train: 0.4462202 Vali: 1.3386497 Test: 0.5095267
EarlyStopping counter: 4 out of 15
Updating learning rate to 0.0020480000000000003
Epoch: 8, Steps: 32 | Train: 0.4427360 Vali: 1.3469543 Test: 0.5025003
EarlyStopping counter: 5 out of 15
Updating learning rate to 0.0016384000000000004
Epoch: 9, Steps: 32 | Train: 0.4402261 Vali: 1.3319304 Test: 0.5061710
EarlyStopping counter: 6 out of 15
Updating learning rate to 0.0013107200000000005
Epoch: 10, Steps: 32 | Train: 0.4381779 Vali: 1.3496579 Test: 0.5065771
EarlyStopping counter: 7 out of 15
Updating learning rate to 0.0010485760000000005
Epoch: 11, Steps: 32 | Train: 0.4359812 Vali: 1.3491497 Test: 0.5049984
EarlyStopping counter: 8 out of 15
Updating learning rate to 0.0008388608000000005
Epoch: 12, Steps: 32 | Train: 0.4342897 Vali: 1.3406808 Test: 0.5073493
EarlyStopping counter: 9 out of 15
Updating learning rate to 0.0006710886400000003
Epoch: 13, Steps: 32 | Train: 0.4328206 Vali: 1.3515347 Test: 0.5056842
EarlyStopping counter: 10 out of 15
Updating learning rate to 0.0005368709120000003
Epoch: 14, Steps: 32 | Train: 0.4313220 Vali: 1.3471469 Test: 0.5105528
EarlyStopping counter: 11 out of 15
Updating learning rate to 0.0004294967296000003
Epoch: 15, Steps: 32 | Train: 0.4306757 Vali: 1.3452983 Test: 0.5080441
EarlyStopping counter: 12 out of 15
Updating learning rate to 0.0003435973836800002
Epoch: 16, Steps: 32 | Train: 0.4298860 Vali: 1.3500414 Test: 0.5036143
EarlyStopping counter: 13 out of 15
Updating learning rate to 0.0002748779069440002
Epoch: 17, Steps: 32 | Train: 0.4289754 Vali: 1.3504769 Test: 0.5095732
EarlyStopping counter: 14 out of 15
Updating learning rate to 0.00021990232555520019
Epoch: 18, Steps: 32 | Train: 0.4286503 Vali: 1.3499437 Test: 0.5051434
EarlyStopping counter: 15 out of 15
Early stopping at epoch 18
STAGE 1 RESULT: mse=0.4958, mae=0.4525, smape=79.4182

============================================================
STAGE 2: Load MRT + add Freq branch (frozen backbone/MRT/cycle, max_epochs=3, patience=3)
============================================================
train 8209
val 2545
test 2545
Loaded 10 params from stage1, 0 new (Freq branch)
Trainable: 344 / 222,629 (0.2%)  freeze_backbone=1
Epoch: 1, Train: 1.6303516 Vali: 1.3183091
[diag s2-1]  freq.rs=-0.0064 mask.mean=0.439 mask.std=0.141  mrt.rs=-0.0974
Validation loss decreased (inf --> 1.318309).  Saving model ...
Epoch: 2, Train: 1.6300402 Vali: 1.3215735
[diag s2-2]  freq.rs=-0.0127 mask.mean=0.440 mask.std=0.141  mrt.rs=-0.0974
EarlyStopping counter: 1 out of 3
Epoch: 3, Train: 1.6297598 Vali: 1.3143284
[diag s2-3]  freq.rs=-0.0190 mask.mean=0.441 mask.std=0.142  mrt.rs=-0.0974
Validation loss decreased (1.318309 --> 1.314328).  Saving model ...
STAGE 2 complete.

============================================================
SKIPPING Stage 3a (--no_stage3a): Stage 2 -> Stage 3b directly
============================================================

============================================================
STAGE 3b: Unfreeze all, group-wise LR (base=0.001500, max_epochs=20, patience=10) + FreDF(α=0.8)
  LR groups: freq/gate ×0.67, model ×0.33, mrt/cycle ×0.10
============================================================
train 8209
val 2545
test 2545
Loaded stage3a checkpoint, unfreezing all parameters.
  Group freq/gate: 344 params, LR=0.001005
  Group model: 222,032 params, LR=0.000495
  Group mrt/cycle: 253 params, LR=0.000150
Epoch: 1, Steps: 32 | Train: 1.6207936 Vali: 1.3104980 Test: 0.4817750
[diag 3b-1]  freq.rs=-0.0208 mask.mean=0.441 mask.std=0.142  mrt.rs=-0.0991
Validation loss decreased (inf --> 1.310498).  Saving model ...
Updating learning rate to 0.005
Epoch: 2, Steps: 32 | Train: 1.6280462 Vali: 1.3006030 Test: 0.4887696
[diag 3b-2]  freq.rs=-0.1430 mask.mean=0.466 mask.std=0.149  mrt.rs=-0.2273
Validation loss decreased (1.310498 --> 1.300603).  Saving model ...
Updating learning rate to 0.005
Epoch: 3, Steps: 32 | Train: 1.5913960 Vali: 1.3139906 Test: 0.4876458
[diag 3b-3]  freq.rs=-0.2220 mask.mean=0.484 mask.std=0.159  mrt.rs=-0.2690
EarlyStopping counter: 1 out of 10
Updating learning rate to 0.005
Epoch: 4, Steps: 32 | Train: 1.5752297 Vali: 1.3207637 Test: 0.4941563
[diag 3b-4]  freq.rs=-0.2783 mask.mean=0.495 mask.std=0.168  mrt.rs=-0.3008
EarlyStopping counter: 2 out of 10
Updating learning rate to 0.004
Epoch: 5, Steps: 32 | Train: 1.5648033 Vali: 1.3296367 Test: 0.4846918
[diag 3b-5]  freq.rs=-0.3142 mask.mean=0.501 mask.std=0.175  mrt.rs=-0.3224
EarlyStopping counter: 3 out of 10
Updating learning rate to 0.0032000000000000006
Epoch: 6, Steps: 32 | Train: 1.5564680 Vali: 1.3303462 Test: 0.4980578
[diag 3b-6]  freq.rs=-0.3340 mask.mean=0.503 mask.std=0.179  mrt.rs=-0.3371
EarlyStopping counter: 4 out of 10
Updating learning rate to 0.0025600000000000006
Epoch: 7, Steps: 32 | Train: 1.5502283 Vali: 1.3232353 Test: 0.4901397
[diag 3b-7]  freq.rs=-0.3495 mask.mean=0.504 mask.std=0.183  mrt.rs=-0.3414
EarlyStopping counter: 5 out of 10
Updating learning rate to 0.0020480000000000003
Epoch: 8, Steps: 32 | Train: 1.5443838 Vali: 1.3314838 Test: 0.4925685
[diag 3b-8]  freq.rs=-0.3586 mask.mean=0.504 mask.std=0.186  mrt.rs=-0.3383
EarlyStopping counter: 6 out of 10
Updating learning rate to 0.0016384000000000004
Epoch: 9, Steps: 32 | Train: 1.5398654 Vali: 1.3386678 Test: 0.4950923
[diag 3b-9]  freq.rs=-0.3668 mask.mean=0.504 mask.std=0.188  mrt.rs=-0.3375
EarlyStopping counter: 7 out of 10
Updating learning rate to 0.0013107200000000005
Epoch: 10, Steps: 32 | Train: 1.5362778 Vali: 1.3369227 Test: 0.4965625
[diag 3b-10]  freq.rs=-0.3710 mask.mean=0.503 mask.std=0.190  mrt.rs=-0.3349
EarlyStopping counter: 8 out of 10
Updating learning rate to 0.0010485760000000005
Epoch: 11, Steps: 32 | Train: 1.5333290 Vali: 1.3318115 Test: 0.4954876
[diag 3b-11]  freq.rs=-0.3736 mask.mean=0.503 mask.std=0.191  mrt.rs=-0.3310
EarlyStopping counter: 9 out of 10
Updating learning rate to 0.0008388608000000005
Epoch: 12, Steps: 32 | Train: 1.5308575 Vali: 1.3409179 Test: 0.4977699
[diag 3b-12]  freq.rs=-0.3757 mask.mean=0.502 mask.std=0.192  mrt.rs=-0.3273
EarlyStopping counter: 10 out of 10
Early stopping at epoch 12

============================================================
FINAL RESULT (Stage 3b): mse=0.4873, mae=0.4531, smape=80.5145
============================================================
[diag 3b-final]  freq.rs=-0.1430 mask.mean=0.466 mask.std=0.149  mrt.rs=-0.2273
