============================================================
CONFIGURATION
============================================================
Device     : cuda:0
Dataset    : etth1
Pred len   : 720
Seed       : 2024

--- Data ---
enc_in     : 7
seq_len    : 96
cycle      : 24
use_revin  : 1
batch_size : 256

--- Model ---
model_type : mlp
d_model    : 512
mrt_layers : 1
freq_layers: 0
fusion     : mode=serial, gate=0, sparsity=0.0

--- Training ---
base_lr    : 0.005
Stage1     : epochs=30, patience=15
Stage2     : epochs=3, patience=3, freeze_backbone=1
Stage3 FreDF: False
Stage3a    : epochs=12, patience=6
Stage3b    : epochs=20, patience=10, freq×0.67 model×0.33 mrt×0.10
============================================================

============================================================
STAGE 1: Train MRT only (freq_layers=0)
============================================================
train 7825
val 2161
test 2161
Epoch: 1, Steps: 30 | Train: 0.7155213 Vali: 1.6862001 Test: 0.5716936
Validation loss decreased (inf --> 1.686200).  Saving model ...
Updating learning rate to 0.005
Epoch: 2, Steps: 30 | Train: 0.6774952 Vali: 1.6683812 Test: 0.5334744
Validation loss decreased (1.686200 --> 1.668381).  Saving model ...
Updating learning rate to 0.005
Epoch: 3, Steps: 30 | Train: 0.6023801 Vali: 1.5758204 Test: 0.5267836
Validation loss decreased (1.668381 --> 1.575820).  Saving model ...
Updating learning rate to 0.005
Epoch: 4, Steps: 30 | Train: 0.5754450 Vali: 1.5872474 Test: 0.5375913
EarlyStopping counter: 1 out of 15
Updating learning rate to 0.004
Epoch: 5, Steps: 30 | Train: 0.5622134 Vali: 1.6103888 Test: 0.5578947
EarlyStopping counter: 2 out of 15
Updating learning rate to 0.0032000000000000006
Epoch: 6, Steps: 30 | Train: 0.5546484 Vali: 1.6055764 Test: 0.5545449
EarlyStopping counter: 3 out of 15
Updating learning rate to 0.0025600000000000006
Epoch: 7, Steps: 30 | Train: 0.5497864 Vali: 1.6008361 Test: 0.5506263
EarlyStopping counter: 4 out of 15
Updating learning rate to 0.0020480000000000003
Epoch: 8, Steps: 30 | Train: 0.5460930 Vali: 1.5895904 Test: 0.5862028
EarlyStopping counter: 5 out of 15
Updating learning rate to 0.0016384000000000004
Epoch: 9, Steps: 30 | Train: 0.5414676 Vali: 1.6113930 Test: 0.5567650
EarlyStopping counter: 6 out of 15
Updating learning rate to 0.0013107200000000005
Epoch: 10, Steps: 30 | Train: 0.5390254 Vali: 1.6059008 Test: 0.5660994
EarlyStopping counter: 7 out of 15
Updating learning rate to 0.0010485760000000005
Epoch: 11, Steps: 30 | Train: 0.5366886 Vali: 1.6042167 Test: 0.5614114
EarlyStopping counter: 8 out of 15
Updating learning rate to 0.0008388608000000005
Epoch: 12, Steps: 30 | Train: 0.5348327 Vali: 1.6162231 Test: 0.5627447
EarlyStopping counter: 9 out of 15
Updating learning rate to 0.0006710886400000003
Epoch: 13, Steps: 30 | Train: 0.5323362 Vali: 1.6186710 Test: 0.5677008
EarlyStopping counter: 10 out of 15
Updating learning rate to 0.0005368709120000003
Epoch: 14, Steps: 30 | Train: 0.5308855 Vali: 1.6059840 Test: 0.5692568
EarlyStopping counter: 11 out of 15
Updating learning rate to 0.0004294967296000003
Epoch: 15, Steps: 30 | Train: 0.5296049 Vali: 1.6136436 Test: 0.5635810
EarlyStopping counter: 12 out of 15
Updating learning rate to 0.0003435973836800002
Epoch: 16, Steps: 30 | Train: 0.5291719 Vali: 1.6201091 Test: 0.5638606
EarlyStopping counter: 13 out of 15
Updating learning rate to 0.0002748779069440002
Epoch: 17, Steps: 30 | Train: 0.5282472 Vali: 1.6131198 Test: 0.5669586
EarlyStopping counter: 14 out of 15
Updating learning rate to 0.00021990232555520019
Epoch: 18, Steps: 30 | Train: 0.5277036 Vali: 1.6110227 Test: 0.5720080
EarlyStopping counter: 15 out of 15
Early stopping at epoch 18
STAGE 1 RESULT: mse=0.5221, mae=0.4822, smape=85.5059

============================================================
STAGE 2: Load MRT + add Freq branch (frozen backbone/MRT/cycle, max_epochs=3, patience=3)
============================================================
train 7825
val 2161
test 2161
Loaded 10 params from stage1, 0 new (Freq branch)
Trainable: 344 / 419,621 (0.1%)  freeze_backbone=1
Epoch: 1, Train: 0.5844955 Vali: 1.5975065
[diag s2-1]  freq.rs=-0.0046 mask.mean=0.438 mask.std=0.141  mrt.rs=-0.0874
Validation loss decreased (inf --> 1.597506).  Saving model ...
Epoch: 2, Train: 0.5834288 Vali: 1.5890403
[diag s2-2]  freq.rs=-0.0092 mask.mean=0.439 mask.std=0.141  mrt.rs=-0.0874
Validation loss decreased (1.597506 --> 1.589040).  Saving model ...
Epoch: 3, Train: 0.5835185 Vali: 1.5829612
[diag s2-3]  freq.rs=-0.0140 mask.mean=0.439 mask.std=0.141  mrt.rs=-0.0874
Validation loss decreased (1.589040 --> 1.582961).  Saving model ...
STAGE 2 complete.

============================================================
SKIPPING Stage 3a (--no_stage3a): Stage 2 -> Stage 3b directly
============================================================

============================================================
STAGE 3b: Unfreeze all, group-wise LR (base=0.001500, max_epochs=20, patience=10) (pure MSE)
  LR groups: freq/gate ×0.67, model ×0.33, mrt/cycle ×0.10
============================================================
train 7825
val 2161
test 2161
Loaded stage3a checkpoint, unfreezing all parameters.
  Group freq/gate: 344 params, LR=0.001005
  Group model: 419,024 params, LR=0.000495
  Group mrt/cycle: 253 params, LR=0.000150
Epoch: 1, Steps: 30 | Train: 0.5816043 Vali: 1.5766781 Test: 0.5061534
[diag 3b-1]  freq.rs=-0.0145 mask.mean=0.439 mask.std=0.141  mrt.rs=-0.0886
Validation loss decreased (inf --> 1.576678).  Saving model ...
Updating learning rate to 0.005
Epoch: 2, Steps: 30 | Train: 0.5809023 Vali: 1.6021993 Test: 0.5359456
[diag 3b-2]  freq.rs=-0.0655 mask.mean=0.448 mask.std=0.145  mrt.rs=-0.2050
EarlyStopping counter: 1 out of 10
Updating learning rate to 0.005
Epoch: 3, Steps: 30 | Train: 0.5617119 Vali: 1.6150138 Test: 0.5342886
[diag 3b-3]  freq.rs=-0.1418 mask.mean=0.458 mask.std=0.150  mrt.rs=-0.2882
EarlyStopping counter: 2 out of 10
Updating learning rate to 0.005
Epoch: 4, Steps: 30 | Train: 0.5501523 Vali: 1.6017961 Test: 0.5559694
[diag 3b-4]  freq.rs=-0.1996 mask.mean=0.467 mask.std=0.155  mrt.rs=-0.3192
EarlyStopping counter: 3 out of 10
Updating learning rate to 0.004
Epoch: 5, Steps: 30 | Train: 0.5410590 Vali: 1.5911657 Test: 0.5587204
[diag 3b-5]  freq.rs=-0.2239 mask.mean=0.472 mask.std=0.160  mrt.rs=-0.3485
EarlyStopping counter: 4 out of 10
Updating learning rate to 0.0032000000000000006
Epoch: 6, Steps: 30 | Train: 0.5332150 Vali: 1.6150644 Test: 0.5664107
[diag 3b-6]  freq.rs=-0.2407 mask.mean=0.474 mask.std=0.164  mrt.rs=-0.3496
EarlyStopping counter: 5 out of 10
Updating learning rate to 0.0025600000000000006
Epoch: 7, Steps: 30 | Train: 0.5260119 Vali: 1.5988139 Test: 0.5812990
[diag 3b-7]  freq.rs=-0.2553 mask.mean=0.474 mask.std=0.167  mrt.rs=-0.3511
EarlyStopping counter: 6 out of 10
Updating learning rate to 0.0020480000000000003
Epoch: 8, Steps: 30 | Train: 0.5217297 Vali: 1.6093586 Test: 0.5898248
[diag 3b-8]  freq.rs=-0.2608 mask.mean=0.474 mask.std=0.169  mrt.rs=-0.3513
EarlyStopping counter: 7 out of 10
Updating learning rate to 0.0016384000000000004
Epoch: 9, Steps: 30 | Train: 0.5162952 Vali: 1.6130108 Test: 0.5845341
[diag 3b-9]  freq.rs=-0.2648 mask.mean=0.474 mask.std=0.171  mrt.rs=-0.3460
EarlyStopping counter: 8 out of 10
Updating learning rate to 0.0013107200000000005
Epoch: 10, Steps: 30 | Train: 0.5113353 Vali: 1.6169191 Test: 0.5811321
[diag 3b-10]  freq.rs=-0.2681 mask.mean=0.473 mask.std=0.173  mrt.rs=-0.3432
EarlyStopping counter: 9 out of 10
Updating learning rate to 0.0010485760000000005
Epoch: 11, Steps: 30 | Train: 0.5076059 Vali: 1.6117395 Test: 0.5928601
[diag 3b-11]  freq.rs=-0.2672 mask.mean=0.472 mask.std=0.174  mrt.rs=-0.3366
EarlyStopping counter: 10 out of 10
Early stopping at epoch 11

============================================================
FINAL RESULT (Stage 3b): mse=0.5003, mae=0.4765, smape=85.8008
============================================================
[diag 3b-final]  freq.rs=-0.0145 mask.mean=0.439 mask.std=0.141  mrt.rs=-0.0886
