============================================================
CONFIGURATION
============================================================
Device     : cuda:0
Dataset    : etth1
Pred len   : 96
Seed       : 2024

--- Data ---
enc_in     : 7
seq_len    : 96
cycle      : 24
use_revin  : 1
batch_size : 256

--- Model ---
model_type : mlp
d_model    : 512
mrt_layers : 1
freq_layers: 0
fusion     : mode=serial, gate=0, sparsity=0.0

--- Training ---
base_lr    : 0.005
Stage1     : epochs=30, patience=15
Stage2     : epochs=3, patience=3, freeze_backbone=1
Stage3 FreDF: False
Stage3a    : epochs=12, patience=6
Stage3b    : epochs=20, patience=10, freq×0.67 model×0.33 mrt×0.10
============================================================

============================================================
STAGE 1: Train MRT only (freq_layers=0)
============================================================
train 8449
val 2785
test 2785
Epoch: 1, Steps: 33 | Train: 0.4837496 Vali: 0.8331960 Test: 0.4722749
Validation loss decreased (inf --> 0.833196).  Saving model ...
Updating learning rate to 0.005
Epoch: 2, Steps: 33 | Train: 0.4442869 Vali: 0.7593926 Test: 0.4308418
Validation loss decreased (0.833196 --> 0.759393).  Saving model ...
Updating learning rate to 0.005
Epoch: 3, Steps: 33 | Train: 0.3604900 Vali: 0.7043577 Test: 0.3974999
Validation loss decreased (0.759393 --> 0.704358).  Saving model ...
Updating learning rate to 0.005
Epoch: 4, Steps: 33 | Train: 0.3461772 Vali: 0.6983051 Test: 0.3803990
Validation loss decreased (0.704358 --> 0.698305).  Saving model ...
Updating learning rate to 0.004
Epoch: 5, Steps: 33 | Train: 0.3392812 Vali: 0.6854058 Test: 0.3801074
Validation loss decreased (0.698305 --> 0.685406).  Saving model ...
Updating learning rate to 0.0032000000000000006
Epoch: 6, Steps: 33 | Train: 0.3351130 Vali: 0.6876599 Test: 0.3770190
EarlyStopping counter: 1 out of 15
Updating learning rate to 0.0025600000000000006
Epoch: 7, Steps: 33 | Train: 0.3317480 Vali: 0.6836077 Test: 0.3775289
Validation loss decreased (0.685406 --> 0.683608).  Saving model ...
Updating learning rate to 0.0020480000000000003
Epoch: 8, Steps: 33 | Train: 0.3289413 Vali: 0.6931677 Test: 0.3765808
EarlyStopping counter: 1 out of 15
Updating learning rate to 0.0016384000000000004
Epoch: 9, Steps: 33 | Train: 0.3262203 Vali: 0.6835802 Test: 0.3764874
Validation loss decreased (0.683608 --> 0.683580).  Saving model ...
Updating learning rate to 0.0013107200000000005
Epoch: 10, Steps: 33 | Train: 0.3239721 Vali: 0.6808862 Test: 0.3767411
Validation loss decreased (0.683580 --> 0.680886).  Saving model ...
Updating learning rate to 0.0010485760000000005
Epoch: 11, Steps: 33 | Train: 0.3224401 Vali: 0.6850340 Test: 0.3762753
EarlyStopping counter: 1 out of 15
Updating learning rate to 0.0008388608000000005
Epoch: 12, Steps: 33 | Train: 0.3200920 Vali: 0.6819688 Test: 0.3762438
EarlyStopping counter: 2 out of 15
Updating learning rate to 0.0006710886400000003
Epoch: 13, Steps: 33 | Train: 0.3189530 Vali: 0.6877603 Test: 0.3759596
EarlyStopping counter: 3 out of 15
Updating learning rate to 0.0005368709120000003
Epoch: 14, Steps: 33 | Train: 0.3178763 Vali: 0.6850301 Test: 0.3755061
EarlyStopping counter: 4 out of 15
Updating learning rate to 0.0004294967296000003
Epoch: 15, Steps: 33 | Train: 0.3169851 Vali: 0.6798789 Test: 0.3763324
Validation loss decreased (0.680886 --> 0.679879).  Saving model ...
Updating learning rate to 0.0003435973836800002
Epoch: 16, Steps: 33 | Train: 0.3160003 Vali: 0.6860690 Test: 0.3754933
EarlyStopping counter: 1 out of 15
Updating learning rate to 0.0002748779069440002
Epoch: 17, Steps: 33 | Train: 0.3152763 Vali: 0.6833621 Test: 0.3758073
EarlyStopping counter: 2 out of 15
Updating learning rate to 0.00021990232555520019
Epoch: 18, Steps: 33 | Train: 0.3147332 Vali: 0.6893634 Test: 0.3758131
EarlyStopping counter: 3 out of 15
Updating learning rate to 0.00017592186044416015
Epoch: 19, Steps: 33 | Train: 0.3143908 Vali: 0.6828706 Test: 0.3764097
EarlyStopping counter: 4 out of 15
Updating learning rate to 0.00014073748835532812
Epoch: 20, Steps: 33 | Train: 0.3140346 Vali: 0.6859354 Test: 0.3761561
EarlyStopping counter: 5 out of 15
Updating learning rate to 0.00011258999068426252
Epoch: 21, Steps: 33 | Train: 0.3137211 Vali: 0.6837235 Test: 0.3757795
EarlyStopping counter: 6 out of 15
Updating learning rate to 9.007199254741001e-05
Epoch: 22, Steps: 33 | Train: 0.3135060 Vali: 0.6862686 Test: 0.3763466
EarlyStopping counter: 7 out of 15
Updating learning rate to 7.205759403792801e-05
Epoch: 23, Steps: 33 | Train: 0.3133280 Vali: 0.6891131 Test: 0.3764656
EarlyStopping counter: 8 out of 15
Updating learning rate to 5.764607523034242e-05
Epoch: 24, Steps: 33 | Train: 0.3131441 Vali: 0.6790495 Test: 0.3761497
Validation loss decreased (0.679879 --> 0.679050).  Saving model ...
Updating learning rate to 4.611686018427394e-05
Epoch: 25, Steps: 33 | Train: 0.3130451 Vali: 0.6894678 Test: 0.3764879
EarlyStopping counter: 1 out of 15
Updating learning rate to 3.689348814741915e-05
Epoch: 26, Steps: 33 | Train: 0.3129151 Vali: 0.6878882 Test: 0.3763322
EarlyStopping counter: 2 out of 15
Updating learning rate to 2.951479051793532e-05
Epoch: 27, Steps: 33 | Train: 0.3128541 Vali: 0.6877855 Test: 0.3763935
EarlyStopping counter: 3 out of 15
Updating learning rate to 2.361183241434826e-05
Epoch: 28, Steps: 33 | Train: 0.3127819 Vali: 0.6848186 Test: 0.3763564
EarlyStopping counter: 4 out of 15
Updating learning rate to 1.888946593147861e-05
Epoch: 29, Steps: 33 | Train: 0.3127276 Vali: 0.6804101 Test: 0.3763734
EarlyStopping counter: 5 out of 15
Updating learning rate to 1.5111572745182888e-05
Epoch: 30, Steps: 33 | Train: 0.3126915 Vali: 0.6792929 Test: 0.3763521
EarlyStopping counter: 6 out of 15
Updating learning rate to 1.208925819614631e-05
STAGE 1 RESULT: mse=0.3755, mae=0.3962, smape=73.1800

============================================================
STAGE 2: Load MRT + add Freq branch (frozen backbone/MRT/cycle, max_epochs=3, patience=3)
============================================================
train 8449
val 2785
test 2785
Loaded 10 params from stage1, 0 new (Freq branch)
Trainable: 344 / 99,509 (0.3%)  freeze_backbone=1
Epoch: 1, Train: 0.3129707 Vali: 0.6863715
[diag s2-1]  freq.rs=+0.0049 mask.mean=0.438 mask.std=0.141  mrt.rs=-0.0657
Validation loss decreased (inf --> 0.686371).  Saving model ...
Epoch: 2, Train: 0.3129341 Vali: 0.6842107
[diag s2-2]  freq.rs=+0.0097 mask.mean=0.438 mask.std=0.141  mrt.rs=-0.0657
Validation loss decreased (0.686371 --> 0.684211).  Saving model ...
Epoch: 3, Train: 0.3129325 Vali: 0.6869504
[diag s2-3]  freq.rs=+0.0141 mask.mean=0.438 mask.std=0.141  mrt.rs=-0.0657
EarlyStopping counter: 1 out of 3
STAGE 2 complete.

============================================================
SKIPPING Stage 3a (--no_stage3a): Stage 2 -> Stage 3b directly
============================================================

============================================================
STAGE 3b: Unfreeze all, group-wise LR (base=0.001500, max_epochs=20, patience=10) (pure MSE)
  LR groups: freq/gate ×0.67, model ×0.33, mrt/cycle ×0.10
============================================================
train 8449
val 2785
test 2785
Loaded stage3a checkpoint, unfreezing all parameters.
  Group freq/gate: 344 params, LR=0.001005
  Group model: 98,912 params, LR=0.000495
  Group mrt/cycle: 253 params, LR=0.000150
Epoch: 1, Steps: 33 | Train: 0.3132570 Vali: 0.6830204 Test: 0.3763025
[diag 3b-1]  freq.rs=+0.0111 mask.mean=0.438 mask.std=0.141  mrt.rs=-0.0656
Validation loss decreased (inf --> 0.683020).  Saving model ...
Updating learning rate to 0.005
Epoch: 2, Steps: 33 | Train: 0.3227998 Vali: 0.6978786 Test: 0.3927561
[diag 3b-2]  freq.rs=+0.0062 mask.mean=0.434 mask.std=0.141  mrt.rs=-0.1268
EarlyStopping counter: 1 out of 10
Updating learning rate to 0.005
Epoch: 3, Steps: 33 | Train: 0.3194058 Vali: 0.6857085 Test: 0.3911954
[diag 3b-3]  freq.rs=-0.0463 mask.mean=0.433 mask.std=0.141  mrt.rs=-0.1652
EarlyStopping counter: 2 out of 10
Updating learning rate to 0.005
Epoch: 4, Steps: 33 | Train: 0.3154340 Vali: 0.7082031 Test: 0.3894403
[diag 3b-4]  freq.rs=-0.0748 mask.mean=0.434 mask.std=0.140  mrt.rs=-0.2049
EarlyStopping counter: 3 out of 10
Updating learning rate to 0.004
Epoch: 5, Steps: 33 | Train: 0.3095466 Vali: 0.6880609 Test: 0.3835326
[diag 3b-5]  freq.rs=-0.0784 mask.mean=0.435 mask.std=0.141  mrt.rs=-0.2278
EarlyStopping counter: 4 out of 10
Updating learning rate to 0.0032000000000000006
Epoch: 6, Steps: 33 | Train: 0.3041152 Vali: 0.6887106 Test: 0.3886341
[diag 3b-6]  freq.rs=-0.0706 mask.mean=0.434 mask.std=0.142  mrt.rs=-0.2256
EarlyStopping counter: 5 out of 10
Updating learning rate to 0.0025600000000000006
Epoch: 7, Steps: 33 | Train: 0.3008999 Vali: 0.6928260 Test: 0.3896439
[diag 3b-7]  freq.rs=-0.0570 mask.mean=0.433 mask.std=0.143  mrt.rs=-0.2345
EarlyStopping counter: 6 out of 10
Updating learning rate to 0.0020480000000000003
Epoch: 8, Steps: 33 | Train: 0.2975406 Vali: 0.6985555 Test: 0.3858442
[diag 3b-8]  freq.rs=-0.0462 mask.mean=0.432 mask.std=0.144  mrt.rs=-0.2330
EarlyStopping counter: 7 out of 10
Updating learning rate to 0.0016384000000000004
Epoch: 9, Steps: 33 | Train: 0.2931768 Vali: 0.6934136 Test: 0.3887327
[diag 3b-9]  freq.rs=-0.0281 mask.mean=0.431 mask.std=0.145  mrt.rs=-0.2265
EarlyStopping counter: 8 out of 10
Updating learning rate to 0.0013107200000000005
Epoch: 10, Steps: 33 | Train: 0.2903325 Vali: 0.6962782 Test: 0.3887306
[diag 3b-10]  freq.rs=-0.0127 mask.mean=0.431 mask.std=0.145  mrt.rs=-0.2180
EarlyStopping counter: 9 out of 10
Updating learning rate to 0.0010485760000000005
Epoch: 11, Steps: 33 | Train: 0.2884901 Vali: 0.6841079 Test: 0.3921222
[diag 3b-11]  freq.rs=+0.0042 mask.mean=0.430 mask.std=0.145  mrt.rs=-0.2147
EarlyStopping counter: 10 out of 10
Early stopping at epoch 11

============================================================
FINAL RESULT (Stage 3b): mse=0.3757, mae=0.3964, smape=73.2399
============================================================
[diag 3b-final]  freq.rs=+0.0111 mask.mean=0.438 mask.std=0.141  mrt.rs=-0.0656
