============================================================
CONFIGURATION
============================================================
Device     : cuda:0
Dataset    : etth1
Pred len   : 720
Seed       : 2024

--- Data ---
enc_in     : 7
seq_len    : 96
cycle      : 24
use_revin  : 1
batch_size : 256

--- Model ---
model_type : mlp
d_model    : 512
mrt_layers : 1
freq_layers: 0
fusion     : mode=serial, gate=0, sparsity=0.0

--- Training ---
base_lr    : 0.005
Stage1     : epochs=30, patience=15
Stage2     : epochs=3, patience=3, freeze_backbone=1
Stage3 FreDF: True
Stage3a    : epochs=12, patience=6
Stage3b    : epochs=20, patience=10, freq×0.67 model×0.33 mrt×0.10
============================================================

============================================================
STAGE 1: Train MRT only (freq_layers=0)
============================================================
train 7825
val 2161
test 2161
Epoch: 1, Steps: 30 | Train: 0.7155213 Vali: 1.6862001 Test: 0.5716936
Validation loss decreased (inf --> 1.686200).  Saving model ...
Updating learning rate to 0.005
Epoch: 2, Steps: 30 | Train: 0.6774952 Vali: 1.6683812 Test: 0.5334744
Validation loss decreased (1.686200 --> 1.668381).  Saving model ...
Updating learning rate to 0.005
Epoch: 3, Steps: 30 | Train: 0.6023801 Vali: 1.5758206 Test: 0.5267839
Validation loss decreased (1.668381 --> 1.575821).  Saving model ...
Updating learning rate to 0.005
Epoch: 4, Steps: 30 | Train: 0.5754449 Vali: 1.5872532 Test: 0.5375964
EarlyStopping counter: 1 out of 15
Updating learning rate to 0.004
Epoch: 5, Steps: 30 | Train: 0.5622130 Vali: 1.6103592 Test: 0.5578249
EarlyStopping counter: 2 out of 15
Updating learning rate to 0.0032000000000000006
Epoch: 6, Steps: 30 | Train: 0.5546437 Vali: 1.6052846 Test: 0.5543884
EarlyStopping counter: 3 out of 15
Updating learning rate to 0.0025600000000000006
Epoch: 7, Steps: 30 | Train: 0.5497735 Vali: 1.6003331 Test: 0.5506335
EarlyStopping counter: 4 out of 15
Updating learning rate to 0.0020480000000000003
Epoch: 8, Steps: 30 | Train: 0.5460701 Vali: 1.5894105 Test: 0.5858622
EarlyStopping counter: 5 out of 15
Updating learning rate to 0.0016384000000000004
Epoch: 9, Steps: 30 | Train: 0.5414423 Vali: 1.6111427 Test: 0.5566254
EarlyStopping counter: 6 out of 15
Updating learning rate to 0.0013107200000000005
Epoch: 10, Steps: 30 | Train: 0.5390010 Vali: 1.6053991 Test: 0.5659608
EarlyStopping counter: 7 out of 15
Updating learning rate to 0.0010485760000000005
Epoch: 11, Steps: 30 | Train: 0.5366583 Vali: 1.6040057 Test: 0.5613797
EarlyStopping counter: 8 out of 15
Updating learning rate to 0.0008388608000000005
Epoch: 12, Steps: 30 | Train: 0.5348062 Vali: 1.6160979 Test: 0.5624031
EarlyStopping counter: 9 out of 15
Updating learning rate to 0.0006710886400000003
Epoch: 13, Steps: 30 | Train: 0.5323052 Vali: 1.6185405 Test: 0.5674076
EarlyStopping counter: 10 out of 15
Updating learning rate to 0.0005368709120000003
Epoch: 14, Steps: 30 | Train: 0.5308501 Vali: 1.6058782 Test: 0.5689536
EarlyStopping counter: 11 out of 15
Updating learning rate to 0.0004294967296000003
Epoch: 15, Steps: 30 | Train: 0.5295667 Vali: 1.6135350 Test: 0.5632936
EarlyStopping counter: 12 out of 15
Updating learning rate to 0.0003435973836800002
Epoch: 16, Steps: 30 | Train: 0.5291259 Vali: 1.6199861 Test: 0.5637488
EarlyStopping counter: 13 out of 15
Updating learning rate to 0.0002748779069440002
Epoch: 17, Steps: 30 | Train: 0.5281959 Vali: 1.6131231 Test: 0.5668238
EarlyStopping counter: 14 out of 15
Updating learning rate to 0.00021990232555520019
Epoch: 18, Steps: 30 | Train: 0.5276547 Vali: 1.6110210 Test: 0.5718303
EarlyStopping counter: 15 out of 15
Early stopping at epoch 18
STAGE 1 RESULT: mse=0.5221, mae=0.4822, smape=85.5059

============================================================
STAGE 2: Load MRT + add Freq branch (frozen backbone/MRT/cycle, max_epochs=3, patience=3)
============================================================
train 7825
val 2161
test 2161
Loaded 10 params from stage1, 0 new (Freq branch)
Trainable: 344 / 419,621 (0.1%)  freeze_backbone=1
Epoch: 1, Train: 2.3261514 Vali: 1.5974976
[diag s2-1]  freq.rs=-0.0059 mask.mean=0.439 mask.std=0.141  mrt.rs=-0.0874
Validation loss decreased (inf --> 1.597498).  Saving model ...
Epoch: 2, Train: 2.3247071 Vali: 1.5890228
[diag s2-2]  freq.rs=-0.0118 mask.mean=0.440 mask.std=0.141  mrt.rs=-0.0874
Validation loss decreased (1.597498 --> 1.589023).  Saving model ...
Epoch: 3, Train: 2.3247695 Vali: 1.5829337
[diag s2-3]  freq.rs=-0.0177 mask.mean=0.441 mask.std=0.142  mrt.rs=-0.0874
Validation loss decreased (1.589023 --> 1.582934).  Saving model ...
STAGE 2 complete.

============================================================
SKIPPING Stage 3a (--no_stage3a): Stage 2 -> Stage 3b directly
============================================================

============================================================
STAGE 3b: Unfreeze all, group-wise LR (base=0.001500, max_epochs=20, patience=10) + FreDF(α=0.8)
  LR groups: freq/gate ×0.67, model ×0.33, mrt/cycle ×0.10
============================================================
train 7825
val 2161
test 2161
Loaded stage3a checkpoint, unfreezing all parameters.
  Group freq/gate: 344 params, LR=0.001005
  Group model: 419,024 params, LR=0.000495
  Group mrt/cycle: 253 params, LR=0.000150
Epoch: 1, Steps: 30 | Train: 2.3135686 Vali: 1.5762619 Test: 0.5042592
[diag 3b-1]  freq.rs=-0.0194 mask.mean=0.441 mask.std=0.142  mrt.rs=-0.0890
Validation loss decreased (inf --> 1.576262).  Saving model ...
Updating learning rate to 0.005
Epoch: 2, Steps: 30 | Train: 2.3222877 Vali: 1.5608792 Test: 0.5134924
[diag 3b-2]  freq.rs=-0.1432 mask.mean=0.469 mask.std=0.149  mrt.rs=-0.2203
Validation loss decreased (1.576262 --> 1.560879).  Saving model ...
Updating learning rate to 0.005
Epoch: 3, Steps: 30 | Train: 2.2728147 Vali: 1.5713435 Test: 0.5393240
[diag 3b-3]  freq.rs=-0.2232 mask.mean=0.489 mask.std=0.158  mrt.rs=-0.2761
EarlyStopping counter: 1 out of 10
Updating learning rate to 0.005
Epoch: 4, Steps: 30 | Train: 2.2507205 Vali: 1.5714500 Test: 0.5373053
[diag 3b-4]  freq.rs=-0.2789 mask.mean=0.502 mask.std=0.167  mrt.rs=-0.3025
EarlyStopping counter: 2 out of 10
Updating learning rate to 0.004
Epoch: 5, Steps: 30 | Train: 2.2358837 Vali: 1.5683519 Test: 0.5395221
[diag 3b-5]  freq.rs=-0.2996 mask.mean=0.508 mask.std=0.172  mrt.rs=-0.3153
EarlyStopping counter: 3 out of 10
Updating learning rate to 0.0032000000000000006
Epoch: 6, Steps: 30 | Train: 2.2264448 Vali: 1.5928263 Test: 0.5321282
[diag 3b-6]  freq.rs=-0.3126 mask.mean=0.510 mask.std=0.177  mrt.rs=-0.3200
EarlyStopping counter: 4 out of 10
Updating learning rate to 0.0025600000000000006
Epoch: 7, Steps: 30 | Train: 2.2170801 Vali: 1.5810350 Test: 0.5429121
[diag 3b-7]  freq.rs=-0.3238 mask.mean=0.511 mask.std=0.180  mrt.rs=-0.3235
EarlyStopping counter: 5 out of 10
Updating learning rate to 0.0020480000000000003
Epoch: 8, Steps: 30 | Train: 2.2121842 Vali: 1.5845454 Test: 0.5441508
[diag 3b-8]  freq.rs=-0.3260 mask.mean=0.511 mask.std=0.182  mrt.rs=-0.3248
EarlyStopping counter: 6 out of 10
Updating learning rate to 0.0016384000000000004
Epoch: 9, Steps: 30 | Train: 2.2054729 Vali: 1.5887117 Test: 0.5451229
[diag 3b-9]  freq.rs=-0.3292 mask.mean=0.510 mask.std=0.184  mrt.rs=-0.3229
EarlyStopping counter: 7 out of 10
Updating learning rate to 0.0013107200000000005
Epoch: 10, Steps: 30 | Train: 2.2003331 Vali: 1.5911184 Test: 0.5409448
[diag 3b-10]  freq.rs=-0.3320 mask.mean=0.510 mask.std=0.185  mrt.rs=-0.3200
EarlyStopping counter: 8 out of 10
Updating learning rate to 0.0010485760000000005
Epoch: 11, Steps: 30 | Train: 2.1972477 Vali: 1.5980990 Test: 0.5432638
[diag 3b-11]  freq.rs=-0.3319 mask.mean=0.509 mask.std=0.186  mrt.rs=-0.3145
EarlyStopping counter: 9 out of 10
Updating learning rate to 0.0008388608000000005
Epoch: 12, Steps: 30 | Train: 2.1932545 Vali: 1.5891664 Test: 0.5533485
[diag 3b-12]  freq.rs=-0.3312 mask.mean=0.508 mask.std=0.187  mrt.rs=-0.3115
EarlyStopping counter: 10 out of 10
Early stopping at epoch 12

============================================================
FINAL RESULT (Stage 3b): mse=0.5080, mae=0.4868, smape=88.0186
============================================================
[diag 3b-final]  freq.rs=-0.1432 mask.mean=0.469 mask.std=0.149  mrt.rs=-0.2203
