============================================================
CONFIGURATION
============================================================
Device     : cuda:0
Dataset    : etth1
Pred len   : 720
Seed       : 2024

--- Data ---
enc_in     : 7
seq_len    : 96
cycle      : 24
use_revin  : 1
batch_size : 256

--- Model ---
model_type : mlp
d_model    : 512
mrt_layers : 1
freq_layers: 0
fusion     : mode=serial, gate=0, sparsity=0.0

--- Training ---
base_lr    : 0.005
Stage1     : epochs=30, patience=15
Stage2     : epochs=3, patience=3, freeze_backbone=0
Stage3     : SKIPPED (stage2_only)
============================================================

============================================================
STAGE 1: Train MRT only (freq_layers=0)
============================================================
train 7825
val 2161
test 2161
Epoch: 1, Steps: 30 | Train: 0.7155213 Vali: 1.6862001 Test: 0.5716936
Validation loss decreased (inf --> 1.686200).  Saving model ...
Updating learning rate to 0.005
Epoch: 2, Steps: 30 | Train: 0.6774952 Vali: 1.6683812 Test: 0.5334744
Validation loss decreased (1.686200 --> 1.668381).  Saving model ...
Updating learning rate to 0.005
Epoch: 3, Steps: 30 | Train: 0.6023801 Vali: 1.5758206 Test: 0.5267839
Validation loss decreased (1.668381 --> 1.575821).  Saving model ...
Updating learning rate to 0.005
Epoch: 4, Steps: 30 | Train: 0.5754449 Vali: 1.5872532 Test: 0.5375964
EarlyStopping counter: 1 out of 15
Updating learning rate to 0.004
Epoch: 5, Steps: 30 | Train: 0.5622130 Vali: 1.6103592 Test: 0.5578249
EarlyStopping counter: 2 out of 15
Updating learning rate to 0.0032000000000000006
Epoch: 6, Steps: 30 | Train: 0.5546437 Vali: 1.6052847 Test: 0.5543891
EarlyStopping counter: 3 out of 15
Updating learning rate to 0.0025600000000000006
Epoch: 7, Steps: 30 | Train: 0.5497733 Vali: 1.6003371 Test: 0.5506282
EarlyStopping counter: 4 out of 15
Updating learning rate to 0.0020480000000000003
Epoch: 8, Steps: 30 | Train: 0.5460696 Vali: 1.5894022 Test: 0.5858326
EarlyStopping counter: 5 out of 15
Updating learning rate to 0.0016384000000000004
Epoch: 9, Steps: 30 | Train: 0.5414397 Vali: 1.6110984 Test: 0.5565709
EarlyStopping counter: 6 out of 15
Updating learning rate to 0.0013107200000000005
Epoch: 10, Steps: 30 | Train: 0.5390051 Vali: 1.6053555 Test: 0.5659338
EarlyStopping counter: 7 out of 15
Updating learning rate to 0.0010485760000000005
Epoch: 11, Steps: 30 | Train: 0.5366647 Vali: 1.6039027 Test: 0.5614366
EarlyStopping counter: 8 out of 15
Updating learning rate to 0.0008388608000000005
Epoch: 12, Steps: 30 | Train: 0.5348017 Vali: 1.6160102 Test: 0.5624949
EarlyStopping counter: 9 out of 15
Updating learning rate to 0.0006710886400000003
Epoch: 13, Steps: 30 | Train: 0.5323062 Vali: 1.6184602 Test: 0.5675268
EarlyStopping counter: 10 out of 15
Updating learning rate to 0.0005368709120000003
Epoch: 14, Steps: 30 | Train: 0.5308491 Vali: 1.6058214 Test: 0.5690450
EarlyStopping counter: 11 out of 15
Updating learning rate to 0.0004294967296000003
Epoch: 15, Steps: 30 | Train: 0.5295651 Vali: 1.6135130 Test: 0.5632871
EarlyStopping counter: 12 out of 15
Updating learning rate to 0.0003435973836800002
Epoch: 16, Steps: 30 | Train: 0.5291279 Vali: 1.6200059 Test: 0.5637158
EarlyStopping counter: 13 out of 15
Updating learning rate to 0.0002748779069440002
Epoch: 17, Steps: 30 | Train: 0.5281967 Vali: 1.6131481 Test: 0.5668139
EarlyStopping counter: 14 out of 15
Updating learning rate to 0.00021990232555520019
Epoch: 18, Steps: 30 | Train: 0.5276549 Vali: 1.6110250 Test: 0.5717897
EarlyStopping counter: 15 out of 15
Early stopping at epoch 18
STAGE 1 RESULT: mse=0.5221, mae=0.4822, smape=85.5059

============================================================
STAGE 2: Load MRT + add Freq branch (frozen backbone/MRT/cycle, max_epochs=3, patience=3)
============================================================
train 7825
val 2161
test 2161
Loaded 10 params from stage1, 0 new (Freq branch)
Trainable: 419,368 / 419,621 (99.9%)  freeze_backbone=0
Epoch: 1, Train: 2.3090323 Vali: 1.5863068
[diag s2-1]  freq.rs=-0.0050 mask.mean=0.439 mask.std=0.141  mrt.rs=-0.0874
Validation loss decreased (inf --> 1.586307).  Saving model ...
Epoch: 2, Train: 2.2963228 Vali: 1.5735366
[diag s2-2]  freq.rs=-0.0087 mask.mean=0.439 mask.std=0.141  mrt.rs=-0.0874
Validation loss decreased (1.586307 --> 1.573537).  Saving model ...
Epoch: 3, Train: 2.2913230 Vali: 1.5657877
[diag s2-3]  freq.rs=-0.0123 mask.mean=0.441 mask.std=0.142  mrt.rs=-0.0874
Validation loss decreased (1.573537 --> 1.565788).  Saving model ...
STAGE 2 complete.

============================================================
STAGE 2 ONLY: Testing from Stage 2 checkpoint
============================================================
train 7825
val 2161
test 2161
[diag stage2-final]  freq.rs=-0.0123 mask.mean=0.441 mask.std=0.142  mrt.rs=-0.0874

============================================================
FINAL RESULT (Stage 2 only): mse=0.4903, mae=0.4728, smape=85.4922
============================================================
