============================================================
CONFIGURATION
============================================================
Device     : cuda:0
Dataset    : etth1
Pred len   : 720
Seed       : 2024

--- Data ---
enc_in     : 7
seq_len    : 96
cycle      : 24
use_revin  : 1
batch_size : 256

--- Model ---
model_type : mlp
d_model    : 512
mrt_layers : 1
freq_layers: 0
fusion     : mode=serial, gate=0, sparsity=0.0

--- Training ---
base_lr    : 0.005
Stage1     : epochs=30, patience=15
Stage2     : epochs=3, patience=3, freeze_backbone=0
Stage3     : SKIPPED (stage2_only)
============================================================

============================================================
STAGE 1: Train MRT only (freq_layers=0)
============================================================
train 7825
val 2161
test 2161
Epoch: 1, Steps: 30 | Train: 0.7155213 Vali: 1.6862001 Test: 0.5716936
Validation loss decreased (inf --> 1.686200).  Saving model ...
Updating learning rate to 0.005
Epoch: 2, Steps: 30 | Train: 0.6774952 Vali: 1.6683812 Test: 0.5334744
Validation loss decreased (1.686200 --> 1.668381).  Saving model ...
Updating learning rate to 0.005
Epoch: 3, Steps: 30 | Train: 0.6023801 Vali: 1.5758206 Test: 0.5267839
Validation loss decreased (1.668381 --> 1.575821).  Saving model ...
Updating learning rate to 0.005
Epoch: 4, Steps: 30 | Train: 0.5754449 Vali: 1.5872525 Test: 0.5375962
EarlyStopping counter: 1 out of 15
Updating learning rate to 0.004
Epoch: 5, Steps: 30 | Train: 0.5622132 Vali: 1.6103658 Test: 0.5578534
EarlyStopping counter: 2 out of 15
Updating learning rate to 0.0032000000000000006
Epoch: 6, Steps: 30 | Train: 0.5546433 Vali: 1.6053499 Test: 0.5543914
EarlyStopping counter: 3 out of 15
Updating learning rate to 0.0025600000000000006
Epoch: 7, Steps: 30 | Train: 0.5497783 Vali: 1.6002487 Test: 0.5506848
EarlyStopping counter: 4 out of 15
Updating learning rate to 0.0020480000000000003
Epoch: 8, Steps: 30 | Train: 0.5460710 Vali: 1.5893734 Test: 0.5856498
EarlyStopping counter: 5 out of 15
Updating learning rate to 0.0016384000000000004
Epoch: 9, Steps: 30 | Train: 0.5414417 Vali: 1.6109108 Test: 0.5566502
EarlyStopping counter: 6 out of 15
Updating learning rate to 0.0013107200000000005
Epoch: 10, Steps: 30 | Train: 0.5390018 Vali: 1.6053147 Test: 0.5660990
EarlyStopping counter: 7 out of 15
Updating learning rate to 0.0010485760000000005
Epoch: 11, Steps: 30 | Train: 0.5366695 Vali: 1.6038519 Test: 0.5614857
EarlyStopping counter: 8 out of 15
Updating learning rate to 0.0008388608000000005
Epoch: 12, Steps: 30 | Train: 0.5348089 Vali: 1.6158648 Test: 0.5625584
EarlyStopping counter: 9 out of 15
Updating learning rate to 0.0006710886400000003
Epoch: 13, Steps: 30 | Train: 0.5323158 Vali: 1.6183747 Test: 0.5675264
EarlyStopping counter: 10 out of 15
Updating learning rate to 0.0005368709120000003
Epoch: 14, Steps: 30 | Train: 0.5308571 Vali: 1.6058253 Test: 0.5691743
EarlyStopping counter: 11 out of 15
Updating learning rate to 0.0004294967296000003
Epoch: 15, Steps: 30 | Train: 0.5295744 Vali: 1.6134405 Test: 0.5634924
EarlyStopping counter: 12 out of 15
Updating learning rate to 0.0003435973836800002
Epoch: 16, Steps: 30 | Train: 0.5291360 Vali: 1.6198033 Test: 0.5639898
EarlyStopping counter: 13 out of 15
Updating learning rate to 0.0002748779069440002
Epoch: 17, Steps: 30 | Train: 0.5282059 Vali: 1.6129439 Test: 0.5669595
EarlyStopping counter: 14 out of 15
Updating learning rate to 0.00021990232555520019
Epoch: 18, Steps: 30 | Train: 0.5276639 Vali: 1.6108948 Test: 0.5719703
EarlyStopping counter: 15 out of 15
Early stopping at epoch 18
STAGE 1 RESULT: mse=0.5221, mae=0.4822, smape=85.5059

============================================================
STAGE 2: Load MRT + add Freq branch (frozen backbone/MRT/cycle, max_epochs=3, patience=3)
============================================================
train 7825
val 2161
test 2161
Loaded 10 params from stage1, 0 new (Freq branch)
Trainable: 419,368 / 419,621 (99.9%)  freeze_backbone=0
Epoch: 1, Train: 0.5807076 Vali: 1.5860541
[diag s2-1]  freq.rs=+0.0010 mask.mean=0.438 mask.std=0.141  mrt.rs=-0.0874
Validation loss decreased (inf --> 1.586054).  Saving model ...
Epoch: 2, Train: 0.5756860 Vali: 1.5761490
[diag s2-2]  freq.rs=+0.0050 mask.mean=0.438 mask.std=0.141  mrt.rs=-0.0874
Validation loss decreased (1.586054 --> 1.576149).  Saving model ...
Epoch: 3, Train: 0.5733384 Vali: 1.5681539
[diag s2-3]  freq.rs=+0.0091 mask.mean=0.437 mask.std=0.141  mrt.rs=-0.0874
Validation loss decreased (1.576149 --> 1.568154).  Saving model ...
STAGE 2 complete.

============================================================
STAGE 2 ONLY: Testing from Stage 2 checkpoint
============================================================
train 7825
val 2161
test 2161
[diag stage2-final]  freq.rs=+0.0091 mask.mean=0.437 mask.std=0.141  mrt.rs=-0.0874

============================================================
FINAL RESULT (Stage 2 only): mse=0.5048, mae=0.4803, smape=86.8757
============================================================
