============================================================
CONFIGURATION
============================================================
Device     : cuda:0
Dataset    : etth1
Pred len   : 96
Seed       : 2024

--- Data ---
enc_in     : 7
seq_len    : 96
cycle      : 24
use_revin  : 1
batch_size : 256

--- Model ---
model_type : mlp
d_model    : 512
mrt_layers : 1
freq_layers: 0
fusion     : mode=serial, gate=0, sparsity=0.0

--- Training ---
base_lr    : 0.005
Stage1     : epochs=30, patience=15
Stage2     : epochs=3, patience=3, freeze_backbone=1
Stage3     : SKIPPED (stage2_only)
============================================================

============================================================
STAGE 1: Train MRT only (freq_layers=0)
============================================================
train 8449
val 2785
test 2785
Epoch: 1, Steps: 33 | Train: 0.4837496 Vali: 0.8331960 Test: 0.4722749
Validation loss decreased (inf --> 0.833196).  Saving model ...
Updating learning rate to 0.005
Epoch: 2, Steps: 33 | Train: 0.4442869 Vali: 0.7593926 Test: 0.4308418
Validation loss decreased (0.833196 --> 0.759393).  Saving model ...
Updating learning rate to 0.005
Epoch: 3, Steps: 33 | Train: 0.3604900 Vali: 0.7043577 Test: 0.3974999
Validation loss decreased (0.759393 --> 0.704358).  Saving model ...
Updating learning rate to 0.005
Epoch: 4, Steps: 33 | Train: 0.3461772 Vali: 0.6983051 Test: 0.3803990
Validation loss decreased (0.704358 --> 0.698305).  Saving model ...
Updating learning rate to 0.004
Epoch: 5, Steps: 33 | Train: 0.3392812 Vali: 0.6854069 Test: 0.3801078
Validation loss decreased (0.698305 --> 0.685407).  Saving model ...
Updating learning rate to 0.0032000000000000006
Epoch: 6, Steps: 33 | Train: 0.3351134 Vali: 0.6876665 Test: 0.3770209
EarlyStopping counter: 1 out of 15
Updating learning rate to 0.0025600000000000006
Epoch: 7, Steps: 33 | Train: 0.3317474 Vali: 0.6836032 Test: 0.3775008
Validation loss decreased (0.685407 --> 0.683603).  Saving model ...
Updating learning rate to 0.0020480000000000003
Epoch: 8, Steps: 33 | Train: 0.3289411 Vali: 0.6931995 Test: 0.3765657
EarlyStopping counter: 1 out of 15
Updating learning rate to 0.0016384000000000004
Epoch: 9, Steps: 33 | Train: 0.3262191 Vali: 0.6836043 Test: 0.3765039
EarlyStopping counter: 2 out of 15
Updating learning rate to 0.0013107200000000005
Epoch: 10, Steps: 33 | Train: 0.3239741 Vali: 0.6808886 Test: 0.3767122
Validation loss decreased (0.683603 --> 0.680889).  Saving model ...
Updating learning rate to 0.0010485760000000005
Epoch: 11, Steps: 33 | Train: 0.3224413 Vali: 0.6850958 Test: 0.3762578
EarlyStopping counter: 1 out of 15
Updating learning rate to 0.0008388608000000005
Epoch: 12, Steps: 33 | Train: 0.3200941 Vali: 0.6820211 Test: 0.3762307
EarlyStopping counter: 2 out of 15
Updating learning rate to 0.0006710886400000003
Epoch: 13, Steps: 33 | Train: 0.3189548 Vali: 0.6878378 Test: 0.3759555
EarlyStopping counter: 3 out of 15
Updating learning rate to 0.0005368709120000003
Epoch: 14, Steps: 33 | Train: 0.3178781 Vali: 0.6850877 Test: 0.3755057
EarlyStopping counter: 4 out of 15
Updating learning rate to 0.0004294967296000003
Epoch: 15, Steps: 33 | Train: 0.3169849 Vali: 0.6799308 Test: 0.3763251
Validation loss decreased (0.680889 --> 0.679931).  Saving model ...
Updating learning rate to 0.0003435973836800002
Epoch: 16, Steps: 33 | Train: 0.3160014 Vali: 0.6860716 Test: 0.3754966
EarlyStopping counter: 1 out of 15
Updating learning rate to 0.0002748779069440002
Epoch: 17, Steps: 33 | Train: 0.3152782 Vali: 0.6833918 Test: 0.3758138
EarlyStopping counter: 2 out of 15
Updating learning rate to 0.00021990232555520019
Epoch: 18, Steps: 33 | Train: 0.3147353 Vali: 0.6893753 Test: 0.3758161
EarlyStopping counter: 3 out of 15
Updating learning rate to 0.00017592186044416015
Epoch: 19, Steps: 33 | Train: 0.3143917 Vali: 0.6828791 Test: 0.3764159
EarlyStopping counter: 4 out of 15
Updating learning rate to 0.00014073748835532812
Epoch: 20, Steps: 33 | Train: 0.3140357 Vali: 0.6859456 Test: 0.3761618
EarlyStopping counter: 5 out of 15
Updating learning rate to 0.00011258999068426252
Epoch: 21, Steps: 33 | Train: 0.3137227 Vali: 0.6837160 Test: 0.3757901
EarlyStopping counter: 6 out of 15
Updating learning rate to 9.007199254741001e-05
Epoch: 22, Steps: 33 | Train: 0.3135081 Vali: 0.6862739 Test: 0.3763558
EarlyStopping counter: 7 out of 15
Updating learning rate to 7.205759403792801e-05
Epoch: 23, Steps: 33 | Train: 0.3133301 Vali: 0.6891327 Test: 0.3764730
EarlyStopping counter: 8 out of 15
Updating learning rate to 5.764607523034242e-05
Epoch: 24, Steps: 33 | Train: 0.3131470 Vali: 0.6790551 Test: 0.3761612
Validation loss decreased (0.679931 --> 0.679055).  Saving model ...
Updating learning rate to 4.611686018427394e-05
Epoch: 25, Steps: 33 | Train: 0.3130483 Vali: 0.6894829 Test: 0.3764969
EarlyStopping counter: 1 out of 15
Updating learning rate to 3.689348814741915e-05
Epoch: 26, Steps: 33 | Train: 0.3129182 Vali: 0.6878946 Test: 0.3763428
EarlyStopping counter: 2 out of 15
Updating learning rate to 2.951479051793532e-05
Epoch: 27, Steps: 33 | Train: 0.3128575 Vali: 0.6877840 Test: 0.3764056
EarlyStopping counter: 3 out of 15
Updating learning rate to 2.361183241434826e-05
Epoch: 28, Steps: 33 | Train: 0.3127856 Vali: 0.6848274 Test: 0.3763687
EarlyStopping counter: 4 out of 15
Updating learning rate to 1.888946593147861e-05
Epoch: 29, Steps: 33 | Train: 0.3127314 Vali: 0.6804121 Test: 0.3763848
EarlyStopping counter: 5 out of 15
Updating learning rate to 1.5111572745182888e-05
Epoch: 30, Steps: 33 | Train: 0.3126953 Vali: 0.6792986 Test: 0.3763637
EarlyStopping counter: 6 out of 15
Updating learning rate to 1.208925819614631e-05
STAGE 1 RESULT: mse=0.3755, mae=0.3962, smape=73.1758

============================================================
STAGE 2: Load MRT + add Freq branch (frozen backbone/MRT/cycle, max_epochs=3, patience=3)
============================================================
train 8449
val 2785
test 2785
Loaded 10 params from stage1, 0 new (Freq branch)
Trainable: 344 / 99,509 (0.3%)  freeze_backbone=1
Epoch: 1, Train: 0.8823573 Vali: 0.6864310
[diag s2-1]  freq.rs=+0.0006 mask.mean=0.438 mask.std=0.141  mrt.rs=-0.0656
Validation loss decreased (inf --> 0.686431).  Saving model ...
Epoch: 2, Train: 0.8822993 Vali: 0.6843256
[diag s2-2]  freq.rs=+0.0013 mask.mean=0.438 mask.std=0.141  mrt.rs=-0.0656
Validation loss decreased (0.686431 --> 0.684326).  Saving model ...
Epoch: 3, Train: 0.8823335 Vali: 0.6871152
[diag s2-3]  freq.rs=+0.0017 mask.mean=0.438 mask.std=0.141  mrt.rs=-0.0656
EarlyStopping counter: 1 out of 3
STAGE 2 complete.

============================================================
STAGE 2 ONLY: Testing from Stage 2 checkpoint
============================================================
train 8449
val 2785
test 2785
[diag stage2-final]  freq.rs=+0.0013 mask.mean=0.438 mask.std=0.141  mrt.rs=-0.0656

============================================================
FINAL RESULT (Stage 2 only): mse=0.3755, mae=0.3962, smape=73.1751
============================================================
