============================================================
CONFIGURATION
============================================================
Device     : cuda:0
Dataset    : solar
Pred len   : 96
Seed       : 2024

--- Data ---
enc_in     : 137
seq_len    : 96
cycle      : 144
use_revin  : 0
batch_size : 64

--- Model ---
model_type : mlp
d_model    : 512
mrt_layers : 1
freq_layers: 0
fusion     : mode=serial, gate=0, sparsity=0.0

--- Training ---
base_lr    : 0.01
Stage1     : epochs=30, patience=15
Stage2     : epochs=3, patience=3, freeze_backbone=1
Stage3     : SKIPPED (stage2_only)
============================================================

============================================================
STAGE 1: Train MRT only (freq_layers=0)
============================================================
train 36601
val 5161
test 10417
    iters: 100, epoch: 1 | loss: 0.2518978 | speed: 0.0418s/iter; left: 712s
    iters: 200, epoch: 1 | loss: 0.2361575 | speed: 0.0208s/iter; left: 353s
    iters: 300, epoch: 1 | loss: 0.1894104 | speed: 0.0196s/iter; left: 330s
    iters: 400, epoch: 1 | loss: 0.2109566 | speed: 0.0173s/iter; left: 289s
    iters: 500, epoch: 1 | loss: 0.1860229 | speed: 0.0177s/iter; left: 294s
Epoch: 1, Steps: 571 | Train: 0.2343505 Vali: 0.1631809 Test: 0.2312353
Validation loss decreased (inf --> 0.163181).  Saving model ...
Updating learning rate to 0.01
    iters: 100, epoch: 2 | loss: 0.2157016 | speed: 0.0334s/iter; left: 550s
    iters: 200, epoch: 2 | loss: 0.1818117 | speed: 0.0232s/iter; left: 379s
    iters: 300, epoch: 2 | loss: 0.1572777 | speed: 0.0226s/iter; left: 368s
    iters: 400, epoch: 2 | loss: 0.1730557 | speed: 0.0233s/iter; left: 376s
    iters: 500, epoch: 2 | loss: 0.1724339 | speed: 0.0213s/iter; left: 342s
Epoch: 2, Steps: 571 | Train: 0.1797577 Vali: 0.1510150 Test: 0.1818062
Validation loss decreased (0.163181 --> 0.151015).  Saving model ...
Updating learning rate to 0.01
    iters: 100, epoch: 3 | loss: 0.1623910 | speed: 0.0314s/iter; left: 499s
    iters: 200, epoch: 3 | loss: 0.1833678 | speed: 0.0240s/iter; left: 378s
    iters: 300, epoch: 3 | loss: 0.1552559 | speed: 0.0245s/iter; left: 385s
    iters: 400, epoch: 3 | loss: 0.1736941 | speed: 0.0237s/iter; left: 369s
    iters: 500, epoch: 3 | loss: 0.1793848 | speed: 0.0258s/iter; left: 400s
Epoch: 3, Steps: 571 | Train: 0.1673777 Vali: 0.1513053 Test: 0.2110217
EarlyStopping counter: 1 out of 15
Updating learning rate to 0.01
    iters: 100, epoch: 4 | loss: 0.2131034 | speed: 0.0335s/iter; left: 513s
    iters: 200, epoch: 4 | loss: 0.1393451 | speed: 0.0244s/iter; left: 372s
    iters: 300, epoch: 4 | loss: 0.2899500 | speed: 0.0234s/iter; left: 354s
    iters: 400, epoch: 4 | loss: 0.1835678 | speed: 0.0236s/iter; left: 355s
    iters: 500, epoch: 4 | loss: 0.1832683 | speed: 0.0234s/iter; left: 349s
Epoch: 4, Steps: 571 | Train: 0.1651695 Vali: 0.1496474 Test: 0.1854811
Validation loss decreased (0.151015 --> 0.149647).  Saving model ...
Updating learning rate to 0.008
    iters: 100, epoch: 5 | loss: 0.1652406 | speed: 0.0299s/iter; left: 441s
    iters: 200, epoch: 5 | loss: 0.1492731 | speed: 0.0260s/iter; left: 380s
    iters: 300, epoch: 5 | loss: 0.1514991 | speed: 0.0230s/iter; left: 335s
    iters: 400, epoch: 5 | loss: 0.1401578 | speed: 0.0249s/iter; left: 360s
    iters: 500, epoch: 5 | loss: 0.1566655 | speed: 0.0248s/iter; left: 356s
Epoch: 5, Steps: 571 | Train: 0.1614448 Vali: 0.1423588 Test: 0.1870780
Validation loss decreased (0.149647 --> 0.142359).  Saving model ...
Updating learning rate to 0.006400000000000001
    iters: 100, epoch: 6 | loss: 0.1625732 | speed: 0.0329s/iter; left: 466s
    iters: 200, epoch: 6 | loss: 0.1483951 | speed: 0.0221s/iter; left: 311s
    iters: 300, epoch: 6 | loss: 0.1818555 | speed: 0.0235s/iter; left: 329s
    iters: 400, epoch: 6 | loss: 0.1864121 | speed: 0.0234s/iter; left: 325s
    iters: 500, epoch: 6 | loss: 0.1578216 | speed: 0.0232s/iter; left: 320s
Epoch: 6, Steps: 571 | Train: 0.1582273 Vali: 0.1481586 Test: 0.1827651
EarlyStopping counter: 1 out of 15
Updating learning rate to 0.005120000000000001
    iters: 100, epoch: 7 | loss: 0.1486021 | speed: 0.0286s/iter; left: 389s
    iters: 200, epoch: 7 | loss: 0.1567340 | speed: 0.0171s/iter; left: 231s
    iters: 300, epoch: 7 | loss: 0.1418453 | speed: 0.0243s/iter; left: 326s
    iters: 400, epoch: 7 | loss: 0.1096232 | speed: 0.0230s/iter; left: 306s
    iters: 500, epoch: 7 | loss: 0.1283553 | speed: 0.0234s/iter; left: 309s
Epoch: 7, Steps: 571 | Train: 0.1579514 Vali: 0.1414567 Test: 0.1826732
Validation loss decreased (0.142359 --> 0.141457).  Saving model ...
Updating learning rate to 0.004096000000000001
    iters: 100, epoch: 8 | loss: 0.1878051 | speed: 0.0247s/iter; left: 322s
    iters: 200, epoch: 8 | loss: 0.2147484 | speed: 0.0174s/iter; left: 226s
    iters: 300, epoch: 8 | loss: 0.1669985 | speed: 0.0170s/iter; left: 218s
    iters: 400, epoch: 8 | loss: 0.1629947 | speed: 0.0173s/iter; left: 221s
    iters: 500, epoch: 8 | loss: 0.1160027 | speed: 0.0177s/iter; left: 223s
Epoch: 8, Steps: 571 | Train: 0.1556414 Vali: 0.1442597 Test: 0.1940464
EarlyStopping counter: 1 out of 15
Updating learning rate to 0.0032768000000000007
    iters: 100, epoch: 9 | loss: 0.1377959 | speed: 0.0309s/iter; left: 386s
    iters: 200, epoch: 9 | loss: 0.1651804 | speed: 0.0227s/iter; left: 281s
    iters: 300, epoch: 9 | loss: 0.1566154 | speed: 0.0247s/iter; left: 303s
    iters: 400, epoch: 9 | loss: 0.1474151 | speed: 0.0205s/iter; left: 249s
    iters: 500, epoch: 9 | loss: 0.1623337 | speed: 0.0252s/iter; left: 304s
Epoch: 9, Steps: 571 | Train: 0.1539491 Vali: 0.1478195 Test: 0.1957886
EarlyStopping counter: 2 out of 15
Updating learning rate to 0.002621440000000001
    iters: 100, epoch: 10 | loss: 0.1410208 | speed: 0.0316s/iter; left: 376s
    iters: 200, epoch: 10 | loss: 0.1406509 | speed: 0.0235s/iter; left: 278s
    iters: 300, epoch: 10 | loss: 0.1381697 | speed: 0.0221s/iter; left: 259s
    iters: 400, epoch: 10 | loss: 0.1166317 | speed: 0.0215s/iter; left: 249s
    iters: 500, epoch: 10 | loss: 0.1388784 | speed: 0.0251s/iter; left: 288s
Epoch: 10, Steps: 571 | Train: 0.1525614 Vali: 0.1480976 Test: 0.1788159
EarlyStopping counter: 3 out of 15
Updating learning rate to 0.002097152000000001
    iters: 100, epoch: 11 | loss: 0.1472368 | speed: 0.0321s/iter; left: 363s
    iters: 200, epoch: 11 | loss: 0.1333649 | speed: 0.0247s/iter; left: 277s
    iters: 300, epoch: 11 | loss: 0.1244231 | speed: 0.0230s/iter; left: 256s
    iters: 400, epoch: 11 | loss: 0.1205804 | speed: 0.0236s/iter; left: 260s
    iters: 500, epoch: 11 | loss: 0.2062604 | speed: 0.0222s/iter; left: 243s
Epoch: 11, Steps: 571 | Train: 0.1509676 Vali: 0.1448901 Test: 0.1858201
EarlyStopping counter: 4 out of 15
Updating learning rate to 0.001677721600000001
    iters: 100, epoch: 12 | loss: 0.1653527 | speed: 0.0349s/iter; left: 375s
    iters: 200, epoch: 12 | loss: 0.1781015 | speed: 0.0256s/iter; left: 272s
    iters: 300, epoch: 12 | loss: 0.1612807 | speed: 0.0224s/iter; left: 236s
    iters: 400, epoch: 12 | loss: 0.1627133 | speed: 0.0228s/iter; left: 239s
    iters: 500, epoch: 12 | loss: 0.1223197 | speed: 0.0223s/iter; left: 231s
Epoch: 12, Steps: 571 | Train: 0.1504326 Vali: 0.1435524 Test: 0.1828597
EarlyStopping counter: 5 out of 15
Updating learning rate to 0.0013421772800000006
    iters: 100, epoch: 13 | loss: 0.1639070 | speed: 0.0290s/iter; left: 295s
    iters: 200, epoch: 13 | loss: 0.1205780 | speed: 0.0240s/iter; left: 242s
    iters: 300, epoch: 13 | loss: 0.1539973 | speed: 0.0240s/iter; left: 240s
    iters: 400, epoch: 13 | loss: 0.1331110 | speed: 0.0216s/iter; left: 213s
    iters: 500, epoch: 13 | loss: 0.1202818 | speed: 0.0249s/iter; left: 243s
Epoch: 13, Steps: 571 | Train: 0.1493910 Vali: 0.1505849 Test: 0.1871658
EarlyStopping counter: 6 out of 15
Updating learning rate to 0.0010737418240000006
    iters: 100, epoch: 14 | loss: 0.1868413 | speed: 0.0311s/iter; left: 299s
    iters: 200, epoch: 14 | loss: 0.1643361 | speed: 0.0242s/iter; left: 231s
    iters: 300, epoch: 14 | loss: 0.1221447 | speed: 0.0179s/iter; left: 168s
    iters: 400, epoch: 14 | loss: 0.1275111 | speed: 0.0172s/iter; left: 160s
    iters: 500, epoch: 14 | loss: 0.1639718 | speed: 0.0202s/iter; left: 186s
Epoch: 14, Steps: 571 | Train: 0.1486657 Vali: 0.1473000 Test: 0.1884666
EarlyStopping counter: 7 out of 15
Updating learning rate to 0.0008589934592000006
    iters: 100, epoch: 15 | loss: 0.1715522 | speed: 0.0331s/iter; left: 299s
    iters: 200, epoch: 15 | loss: 0.1479565 | speed: 0.0232s/iter; left: 207s
    iters: 300, epoch: 15 | loss: 0.2017925 | speed: 0.0220s/iter; left: 195s
    iters: 400, epoch: 15 | loss: 0.1715159 | speed: 0.0175s/iter; left: 153s
    iters: 500, epoch: 15 | loss: 0.1552660 | speed: 0.0170s/iter; left: 147s
Epoch: 15, Steps: 571 | Train: 0.1481119 Vali: 0.1469318 Test: 0.1822536
EarlyStopping counter: 8 out of 15
Updating learning rate to 0.0006871947673600004
    iters: 100, epoch: 16 | loss: 0.1492701 | speed: 0.0264s/iter; left: 224s
    iters: 200, epoch: 16 | loss: 0.1258784 | speed: 0.0214s/iter; left: 179s
    iters: 300, epoch: 16 | loss: 0.1173955 | speed: 0.0210s/iter; left: 173s
    iters: 400, epoch: 16 | loss: 0.1252884 | speed: 0.0240s/iter; left: 196s
    iters: 500, epoch: 16 | loss: 0.1532603 | speed: 0.0206s/iter; left: 166s
Epoch: 16, Steps: 571 | Train: 0.1475219 Vali: 0.1461402 Test: 0.1830610
EarlyStopping counter: 9 out of 15
Updating learning rate to 0.0005497558138880004
    iters: 100, epoch: 17 | loss: 0.1312721 | speed: 0.0304s/iter; left: 240s
    iters: 200, epoch: 17 | loss: 0.1352878 | speed: 0.0222s/iter; left: 173s
    iters: 300, epoch: 17 | loss: 0.1413189 | speed: 0.0203s/iter; left: 156s
    iters: 400, epoch: 17 | loss: 0.1493468 | speed: 0.0224s/iter; left: 170s
    iters: 500, epoch: 17 | loss: 0.1668069 | speed: 0.0231s/iter; left: 173s
Epoch: 17, Steps: 571 | Train: 0.1471981 Vali: 0.1496405 Test: 0.1850334
EarlyStopping counter: 10 out of 15
Updating learning rate to 0.00043980465111040037
    iters: 100, epoch: 18 | loss: 0.1332240 | speed: 0.0290s/iter; left: 212s
    iters: 200, epoch: 18 | loss: 0.1334380 | speed: 0.0227s/iter; left: 164s
    iters: 300, epoch: 18 | loss: 0.1345184 | speed: 0.0210s/iter; left: 150s
    iters: 400, epoch: 18 | loss: 0.1082051 | speed: 0.0195s/iter; left: 137s
    iters: 500, epoch: 18 | loss: 0.1365980 | speed: 0.0218s/iter; left: 151s
Epoch: 18, Steps: 571 | Train: 0.1469160 Vali: 0.1473304 Test: 0.1851104
EarlyStopping counter: 11 out of 15
Updating learning rate to 0.0003518437208883203
    iters: 100, epoch: 19 | loss: 0.1338556 | speed: 0.0305s/iter; left: 206s
    iters: 200, epoch: 19 | loss: 0.1429410 | speed: 0.0219s/iter; left: 146s
    iters: 300, epoch: 19 | loss: 0.1539998 | speed: 0.0225s/iter; left: 147s
    iters: 400, epoch: 19 | loss: 0.1581649 | speed: 0.0210s/iter; left: 135s
    iters: 500, epoch: 19 | loss: 0.1394021 | speed: 0.0225s/iter; left: 143s
Epoch: 19, Steps: 571 | Train: 0.1464788 Vali: 0.1490653 Test: 0.1847431
EarlyStopping counter: 12 out of 15
Updating learning rate to 0.00028147497671065624
    iters: 100, epoch: 20 | loss: 0.1591680 | speed: 0.0300s/iter; left: 185s
    iters: 200, epoch: 20 | loss: 0.1425704 | speed: 0.0198s/iter; left: 120s
    iters: 300, epoch: 20 | loss: 0.1478238 | speed: 0.0221s/iter; left: 132s
    iters: 400, epoch: 20 | loss: 0.1274563 | speed: 0.0235s/iter; left: 138s
    iters: 500, epoch: 20 | loss: 0.1533435 | speed: 0.0218s/iter; left: 126s
Epoch: 20, Steps: 571 | Train: 0.1463713 Vali: 0.1490180 Test: 0.1867364
EarlyStopping counter: 13 out of 15
Updating learning rate to 0.00022517998136852504
    iters: 100, epoch: 21 | loss: 0.1306984 | speed: 0.0311s/iter; left: 174s
    iters: 200, epoch: 21 | loss: 0.1491103 | speed: 0.0213s/iter; left: 117s
    iters: 300, epoch: 21 | loss: 0.1353528 | speed: 0.0220s/iter; left: 119s
    iters: 400, epoch: 21 | loss: 0.1728220 | speed: 0.0214s/iter; left: 114s
    iters: 500, epoch: 21 | loss: 0.1567072 | speed: 0.0223s/iter; left: 116s
Epoch: 21, Steps: 571 | Train: 0.1460911 Vali: 0.1465906 Test: 0.1851634
EarlyStopping counter: 14 out of 15
Updating learning rate to 0.00018014398509482002
    iters: 100, epoch: 22 | loss: 0.1421870 | speed: 0.0311s/iter; left: 156s
    iters: 200, epoch: 22 | loss: 0.1379793 | speed: 0.0231s/iter; left: 114s
    iters: 300, epoch: 22 | loss: 0.1390355 | speed: 0.0245s/iter; left: 118s
    iters: 400, epoch: 22 | loss: 0.1569926 | speed: 0.0219s/iter; left: 104s
    iters: 500, epoch: 22 | loss: 0.1422082 | speed: 0.0209s/iter; left: 97s
Epoch: 22, Steps: 571 | Train: 0.1458737 Vali: 0.1523078 Test: 0.1855110
EarlyStopping counter: 15 out of 15
Early stopping at epoch 22
STAGE 1 RESULT: mse=0.1819, mae=0.2514, smape=41.3243

============================================================
STAGE 2: Load MRT + add Freq branch (frozen backbone/MRT/cycle, max_epochs=3, patience=3)
============================================================
train 36601
val 5161
test 10417
Loaded 10 params from stage1, 0 new (Freq branch)
Trainable: 6,714 / 126,999 (5.3%)  freeze_backbone=1
    iters: 100, epoch: 1 | loss: 0.5463072 | speed: 0.0340s/iter; left: 55s
    iters: 200, epoch: 1 | loss: 0.4510258 | speed: 0.0204s/iter; left: 31s
    iters: 300, epoch: 1 | loss: 0.4444408 | speed: 0.0213s/iter; left: 30s
    iters: 400, epoch: 1 | loss: 0.5032236 | speed: 0.0183s/iter; left: 24s
    iters: 500, epoch: 1 | loss: 0.4601113 | speed: 0.0214s/iter; left: 26s
Epoch: 1, Train: 0.4684565 Vali: 0.1419903
[diag s2-1]  freq.rs=+0.0087 mask.mean=0.439 mask.std=0.141  mrt.rs=+0.4678
Validation loss decreased (inf --> 0.141990).  Saving model ...
    iters: 100, epoch: 2 | loss: 0.4579765 | speed: 0.0308s/iter; left: 32s
    iters: 200, epoch: 2 | loss: 0.4654234 | speed: 0.0205s/iter; left: 19s
    iters: 300, epoch: 2 | loss: 0.5083236 | speed: 0.0208s/iter; left: 18s
    iters: 400, epoch: 2 | loss: 0.4438477 | speed: 0.0218s/iter; left: 16s
    iters: 500, epoch: 2 | loss: 0.4922080 | speed: 0.0215s/iter; left: 14s
Epoch: 2, Train: 0.4682965 Vali: 0.1419059
[diag s2-2]  freq.rs=+0.0131 mask.mean=0.441 mask.std=0.142  mrt.rs=+0.4678
Validation loss decreased (0.141990 --> 0.141906).  Saving model ...
    iters: 100, epoch: 3 | loss: 0.5184052 | speed: 0.0276s/iter; left: 13s
    iters: 200, epoch: 3 | loss: 0.4499068 | speed: 0.0178s/iter; left: 7s
    iters: 300, epoch: 3 | loss: 0.4788266 | speed: 0.0177s/iter; left: 5s
    iters: 400, epoch: 3 | loss: 0.4997185 | speed: 0.0185s/iter; left: 3s
    iters: 500, epoch: 3 | loss: 0.4968560 | speed: 0.0180s/iter; left: 1s
Epoch: 3, Train: 0.4683474 Vali: 0.1417125
[diag s2-3]  freq.rs=+0.0157 mask.mean=0.443 mask.std=0.144  mrt.rs=+0.4678
Validation loss decreased (0.141906 --> 0.141713).  Saving model ...
STAGE 2 complete.

============================================================
STAGE 2 ONLY: Testing from Stage 2 checkpoint
============================================================
train 36601
val 5161
test 10417
[diag stage2-final]  freq.rs=+0.0157 mask.mean=0.443 mask.std=0.144  mrt.rs=+0.4678

============================================================
FINAL RESULT (Stage 2 only): mse=0.1822, mae=0.2517, smape=41.3491
============================================================
