============================================================
CONFIGURATION
============================================================
Device     : cuda:0
Dataset    : solar
Pred len   : 720
Seed       : 2024

--- Data ---
enc_in     : 137
seq_len    : 96
cycle      : 144
use_revin  : 0
batch_size : 64

--- Model ---
model_type : mlp
d_model    : 512
mrt_layers : 1
freq_layers: 0
fusion     : mode=serial, gate=0, sparsity=0.0

--- Training ---
base_lr    : 0.01
Stage1     : epochs=30, patience=15
Stage2     : epochs=3, patience=3, freeze_backbone=1
Stage3 FreDF: True
Stage3a    : epochs=12, patience=6
Stage3b    : epochs=20, patience=10, freq×0.67 model×0.33 mrt×0.10
============================================================

============================================================
STAGE 1: Train MRT only (freq_layers=0)
============================================================
train 35977
val 4537
test 9793
    iters: 100, epoch: 1 | loss: 0.2786602 | speed: 0.0676s/iter; left: 1134s
    iters: 200, epoch: 1 | loss: 0.2418521 | speed: 0.0489s/iter; left: 814s
    iters: 300, epoch: 1 | loss: 0.2299277 | speed: 0.0500s/iter; left: 828s
    iters: 400, epoch: 1 | loss: 0.2227459 | speed: 0.0511s/iter; left: 841s
    iters: 500, epoch: 1 | loss: 0.2108902 | speed: 0.0475s/iter; left: 777s
Epoch: 1, Steps: 562 | Train: 0.2622427 Vali: 0.1806923 Test: 0.2912736
Validation loss decreased (inf --> 0.180692).  Saving model ...
Updating learning rate to 0.01
    iters: 100, epoch: 2 | loss: 0.2013334 | speed: 0.0575s/iter; left: 931s
    iters: 200, epoch: 2 | loss: 0.1985872 | speed: 0.0515s/iter; left: 829s
    iters: 300, epoch: 2 | loss: 0.2006998 | speed: 0.0489s/iter; left: 782s
    iters: 400, epoch: 2 | loss: 0.2235381 | speed: 0.0481s/iter; left: 765s
    iters: 500, epoch: 2 | loss: 0.1847345 | speed: 0.0484s/iter; left: 765s
Epoch: 2, Steps: 562 | Train: 0.2029589 Vali: 0.1642406 Test: 0.2417771
Validation loss decreased (0.180692 --> 0.164241).  Saving model ...
Updating learning rate to 0.01
    iters: 100, epoch: 3 | loss: 0.1819120 | speed: 0.0594s/iter; left: 929s
    iters: 200, epoch: 3 | loss: 0.1840250 | speed: 0.0475s/iter; left: 738s
    iters: 300, epoch: 3 | loss: 0.1840087 | speed: 0.0514s/iter; left: 794s
    iters: 400, epoch: 3 | loss: 0.1985916 | speed: 0.0488s/iter; left: 749s
    iters: 500, epoch: 3 | loss: 0.1956047 | speed: 0.0394s/iter; left: 601s
Epoch: 3, Steps: 562 | Train: 0.1899680 Vali: 0.1660244 Test: 0.2208959
EarlyStopping counter: 1 out of 15
Updating learning rate to 0.01
    iters: 100, epoch: 4 | loss: 0.2009807 | speed: 0.0579s/iter; left: 873s
    iters: 200, epoch: 4 | loss: 0.1831821 | speed: 0.0504s/iter; left: 755s
    iters: 300, epoch: 4 | loss: 0.2171588 | speed: 0.0480s/iter; left: 714s
    iters: 400, epoch: 4 | loss: 0.1910748 | speed: 0.0494s/iter; left: 730s
    iters: 500, epoch: 4 | loss: 0.2027565 | speed: 0.0506s/iter; left: 743s
Epoch: 4, Steps: 562 | Train: 0.1882270 Vali: 0.1638101 Test: 0.2197519
Validation loss decreased (0.164241 --> 0.163810).  Saving model ...
Updating learning rate to 0.008
    iters: 100, epoch: 5 | loss: 0.1594487 | speed: 0.0567s/iter; left: 823s
    iters: 200, epoch: 5 | loss: 0.1778752 | speed: 0.0488s/iter; left: 703s
    iters: 300, epoch: 5 | loss: 0.2011547 | speed: 0.0473s/iter; left: 677s
    iters: 400, epoch: 5 | loss: 0.1724308 | speed: 0.0493s/iter; left: 700s
    iters: 500, epoch: 5 | loss: 0.1899385 | speed: 0.0513s/iter; left: 723s
Epoch: 5, Steps: 562 | Train: 0.1848933 Vali: 0.1641966 Test: 0.2147662
EarlyStopping counter: 1 out of 15
Updating learning rate to 0.006400000000000001
    iters: 100, epoch: 6 | loss: 0.1919094 | speed: 0.0603s/iter; left: 841s
    iters: 200, epoch: 6 | loss: 0.2010283 | speed: 0.0513s/iter; left: 710s
    iters: 300, epoch: 6 | loss: 0.1944114 | speed: 0.0526s/iter; left: 724s
    iters: 400, epoch: 6 | loss: 0.1856111 | speed: 0.0483s/iter; left: 660s
    iters: 500, epoch: 6 | loss: 0.1809060 | speed: 0.0505s/iter; left: 684s
Epoch: 6, Steps: 562 | Train: 0.1828743 Vali: 0.1645026 Test: 0.2121068
EarlyStopping counter: 2 out of 15
Updating learning rate to 0.005120000000000001
    iters: 100, epoch: 7 | loss: 0.1957763 | speed: 0.0563s/iter; left: 754s
    iters: 200, epoch: 7 | loss: 0.1774536 | speed: 0.0467s/iter; left: 621s
    iters: 300, epoch: 7 | loss: 0.1668400 | speed: 0.0417s/iter; left: 550s
    iters: 400, epoch: 7 | loss: 0.1976069 | speed: 0.0430s/iter; left: 563s
    iters: 500, epoch: 7 | loss: 0.1784820 | speed: 0.0396s/iter; left: 514s
Epoch: 7, Steps: 562 | Train: 0.1817053 Vali: 0.1624209 Test: 0.2190297
Validation loss decreased (0.163810 --> 0.162421).  Saving model ...
Updating learning rate to 0.004096000000000001
    iters: 100, epoch: 8 | loss: 0.1852183 | speed: 0.0596s/iter; left: 765s
    iters: 200, epoch: 8 | loss: 0.1697437 | speed: 0.0499s/iter; left: 635s
    iters: 300, epoch: 8 | loss: 0.1737909 | speed: 0.0480s/iter; left: 606s
    iters: 400, epoch: 8 | loss: 0.1745836 | speed: 0.0502s/iter; left: 629s
    iters: 500, epoch: 8 | loss: 0.1914023 | speed: 0.0514s/iter; left: 639s
Epoch: 8, Steps: 562 | Train: 0.1802383 Vali: 0.1609224 Test: 0.2172719
Validation loss decreased (0.162421 --> 0.160922).  Saving model ...
Updating learning rate to 0.0032768000000000007
    iters: 100, epoch: 9 | loss: 0.1679817 | speed: 0.0564s/iter; left: 692s
    iters: 200, epoch: 9 | loss: 0.1748351 | speed: 0.0485s/iter; left: 590s
    iters: 300, epoch: 9 | loss: 0.1814064 | speed: 0.0494s/iter; left: 596s
    iters: 400, epoch: 9 | loss: 0.1775187 | speed: 0.0496s/iter; left: 593s
    iters: 500, epoch: 9 | loss: 0.1833980 | speed: 0.0496s/iter; left: 588s
Epoch: 9, Steps: 562 | Train: 0.1793371 Vali: 0.1636545 Test: 0.2092038
EarlyStopping counter: 1 out of 15
Updating learning rate to 0.002621440000000001
    iters: 100, epoch: 10 | loss: 0.1716932 | speed: 0.0588s/iter; left: 688s
    iters: 200, epoch: 10 | loss: 0.1815626 | speed: 0.0473s/iter; left: 549s
    iters: 300, epoch: 10 | loss: 0.2003052 | speed: 0.0481s/iter; left: 553s
    iters: 400, epoch: 10 | loss: 0.1907790 | speed: 0.0466s/iter; left: 532s
    iters: 500, epoch: 10 | loss: 0.1609855 | speed: 0.0476s/iter; left: 538s
Epoch: 10, Steps: 562 | Train: 0.1787314 Vali: 0.1610272 Test: 0.2132984
EarlyStopping counter: 2 out of 15
Updating learning rate to 0.002097152000000001
    iters: 100, epoch: 11 | loss: 0.1576871 | speed: 0.0611s/iter; left: 681s
    iters: 200, epoch: 11 | loss: 0.1746020 | speed: 0.0517s/iter; left: 571s
    iters: 300, epoch: 11 | loss: 0.1732273 | speed: 0.0484s/iter; left: 530s
    iters: 400, epoch: 11 | loss: 0.1733451 | speed: 0.0404s/iter; left: 438s
    iters: 500, epoch: 11 | loss: 0.1700057 | speed: 0.0505s/iter; left: 542s
Epoch: 11, Steps: 562 | Train: 0.1774125 Vali: 0.1634740 Test: 0.2177370
EarlyStopping counter: 3 out of 15
Updating learning rate to 0.001677721600000001
    iters: 100, epoch: 12 | loss: 0.1646921 | speed: 0.0492s/iter; left: 521s
    iters: 200, epoch: 12 | loss: 0.1698064 | speed: 0.0406s/iter; left: 426s
    iters: 300, epoch: 12 | loss: 0.1827744 | speed: 0.0474s/iter; left: 492s
    iters: 400, epoch: 12 | loss: 0.1672983 | speed: 0.0473s/iter; left: 486s
    iters: 500, epoch: 12 | loss: 0.1712200 | speed: 0.0504s/iter; left: 513s
Epoch: 12, Steps: 562 | Train: 0.1770683 Vali: 0.1617015 Test: 0.2113220
EarlyStopping counter: 4 out of 15
Updating learning rate to 0.0013421772800000006
    iters: 100, epoch: 13 | loss: 0.1579736 | speed: 0.0598s/iter; left: 599s
    iters: 200, epoch: 13 | loss: 0.1749400 | speed: 0.0501s/iter; left: 497s
    iters: 300, epoch: 13 | loss: 0.1864051 | speed: 0.0495s/iter; left: 486s
    iters: 400, epoch: 13 | loss: 0.1743338 | speed: 0.0477s/iter; left: 464s
    iters: 500, epoch: 13 | loss: 0.1562893 | speed: 0.0458s/iter; left: 441s
Epoch: 13, Steps: 562 | Train: 0.1763929 Vali: 0.1606007 Test: 0.2109892
Validation loss decreased (0.160922 --> 0.160601).  Saving model ...
Updating learning rate to 0.0010737418240000006
    iters: 100, epoch: 14 | loss: 0.1720301 | speed: 0.0566s/iter; left: 535s
    iters: 200, epoch: 14 | loss: 0.1793253 | speed: 0.0481s/iter; left: 450s
    iters: 300, epoch: 14 | loss: 0.1683064 | speed: 0.0465s/iter; left: 431s
    iters: 400, epoch: 14 | loss: 0.1900087 | speed: 0.0480s/iter; left: 439s
    iters: 500, epoch: 14 | loss: 0.2019371 | speed: 0.0464s/iter; left: 420s
Epoch: 14, Steps: 562 | Train: 0.1758992 Vali: 0.1646575 Test: 0.2108840
EarlyStopping counter: 1 out of 15
Updating learning rate to 0.0008589934592000006
    iters: 100, epoch: 15 | loss: 0.1601437 | speed: 0.0577s/iter; left: 513s
    iters: 200, epoch: 15 | loss: 0.1816452 | speed: 0.0497s/iter; left: 437s
    iters: 300, epoch: 15 | loss: 0.1503540 | speed: 0.0492s/iter; left: 428s
    iters: 400, epoch: 15 | loss: 0.1623112 | speed: 0.0466s/iter; left: 400s
    iters: 500, epoch: 15 | loss: 0.1751019 | speed: 0.0454s/iter; left: 385s
Epoch: 15, Steps: 562 | Train: 0.1755417 Vali: 0.1617569 Test: 0.2081207
EarlyStopping counter: 2 out of 15
Updating learning rate to 0.0006871947673600004
    iters: 100, epoch: 16 | loss: 0.1641842 | speed: 0.0541s/iter; left: 451s
    iters: 200, epoch: 16 | loss: 0.1851126 | speed: 0.0435s/iter; left: 358s
    iters: 300, epoch: 16 | loss: 0.1862976 | speed: 0.0465s/iter; left: 378s
    iters: 400, epoch: 16 | loss: 0.1710017 | speed: 0.0446s/iter; left: 358s
    iters: 500, epoch: 16 | loss: 0.1821407 | speed: 0.0387s/iter; left: 307s
Epoch: 16, Steps: 562 | Train: 0.1750511 Vali: 0.1614306 Test: 0.2094287
EarlyStopping counter: 3 out of 15
Updating learning rate to 0.0005497558138880004
    iters: 100, epoch: 17 | loss: 0.1830091 | speed: 0.0513s/iter; left: 398s
    iters: 200, epoch: 17 | loss: 0.1741035 | speed: 0.0467s/iter; left: 358s
    iters: 300, epoch: 17 | loss: 0.2029990 | speed: 0.0486s/iter; left: 368s
    iters: 400, epoch: 17 | loss: 0.1821610 | speed: 0.0505s/iter; left: 377s
    iters: 500, epoch: 17 | loss: 0.1864033 | speed: 0.0502s/iter; left: 370s
Epoch: 17, Steps: 562 | Train: 0.1747535 Vali: 0.1627853 Test: 0.2114569
EarlyStopping counter: 4 out of 15
Updating learning rate to 0.00043980465111040037
    iters: 100, epoch: 18 | loss: 0.1672039 | speed: 0.0577s/iter; left: 416s
    iters: 200, epoch: 18 | loss: 0.1923551 | speed: 0.0500s/iter; left: 356s
    iters: 300, epoch: 18 | loss: 0.1663785 | speed: 0.0498s/iter; left: 349s
    iters: 400, epoch: 18 | loss: 0.1376563 | speed: 0.0497s/iter; left: 343s
    iters: 500, epoch: 18 | loss: 0.1748222 | speed: 0.0495s/iter; left: 337s
Epoch: 18, Steps: 562 | Train: 0.1746279 Vali: 0.1632110 Test: 0.2086991
EarlyStopping counter: 5 out of 15
Updating learning rate to 0.0003518437208883203
    iters: 100, epoch: 19 | loss: 0.1571780 | speed: 0.0594s/iter; left: 395s
    iters: 200, epoch: 19 | loss: 0.1665833 | speed: 0.0538s/iter; left: 352s
    iters: 300, epoch: 19 | loss: 0.1781738 | speed: 0.0511s/iter; left: 329s
    iters: 400, epoch: 19 | loss: 0.1737136 | speed: 0.0523s/iter; left: 332s
    iters: 500, epoch: 19 | loss: 0.1727549 | speed: 0.0512s/iter; left: 320s
Epoch: 19, Steps: 562 | Train: 0.1743637 Vali: 0.1617410 Test: 0.2093257
EarlyStopping counter: 6 out of 15
Updating learning rate to 0.00028147497671065624
    iters: 100, epoch: 20 | loss: 0.1807981 | speed: 0.0546s/iter; left: 332s
    iters: 200, epoch: 20 | loss: 0.1650539 | speed: 0.0425s/iter; left: 254s
    iters: 300, epoch: 20 | loss: 0.1727750 | speed: 0.0397s/iter; left: 234s
    iters: 400, epoch: 20 | loss: 0.1810182 | speed: 0.0481s/iter; left: 278s
    iters: 500, epoch: 20 | loss: 0.1812662 | speed: 0.0501s/iter; left: 285s
Epoch: 20, Steps: 562 | Train: 0.1741664 Vali: 0.1628820 Test: 0.2077227
EarlyStopping counter: 7 out of 15
Updating learning rate to 0.00022517998136852504
    iters: 100, epoch: 21 | loss: 0.1663787 | speed: 0.0573s/iter; left: 317s
    iters: 200, epoch: 21 | loss: 0.1739175 | speed: 0.0477s/iter; left: 259s
    iters: 300, epoch: 21 | loss: 0.1854069 | speed: 0.0494s/iter; left: 263s
    iters: 400, epoch: 21 | loss: 0.1755187 | speed: 0.0500s/iter; left: 261s
    iters: 500, epoch: 21 | loss: 0.1656724 | speed: 0.0491s/iter; left: 251s
Epoch: 21, Steps: 562 | Train: 0.1740216 Vali: 0.1622276 Test: 0.2089389
EarlyStopping counter: 8 out of 15
Updating learning rate to 0.00018014398509482002
    iters: 100, epoch: 22 | loss: 0.1678903 | speed: 0.0598s/iter; left: 296s
    iters: 200, epoch: 22 | loss: 0.1793943 | speed: 0.0493s/iter; left: 240s
    iters: 300, epoch: 22 | loss: 0.1630365 | speed: 0.0491s/iter; left: 234s
    iters: 400, epoch: 22 | loss: 0.1941493 | speed: 0.0509s/iter; left: 237s
    iters: 500, epoch: 22 | loss: 0.1677350 | speed: 0.0497s/iter; left: 227s
Epoch: 22, Steps: 562 | Train: 0.1739212 Vali: 0.1619727 Test: 0.2085931
EarlyStopping counter: 9 out of 15
Updating learning rate to 0.00014411518807585602
    iters: 100, epoch: 23 | loss: 0.1838566 | speed: 0.0586s/iter; left: 258s
    iters: 200, epoch: 23 | loss: 0.1672213 | speed: 0.0485s/iter; left: 208s
    iters: 300, epoch: 23 | loss: 0.1707513 | speed: 0.0490s/iter; left: 206s
    iters: 400, epoch: 23 | loss: 0.1933621 | speed: 0.0490s/iter; left: 201s
    iters: 500, epoch: 23 | loss: 0.1697710 | speed: 0.0467s/iter; left: 187s
Epoch: 23, Steps: 562 | Train: 0.1738557 Vali: 0.1625875 Test: 0.2096510
EarlyStopping counter: 10 out of 15
Updating learning rate to 0.00011529215046068484
    iters: 100, epoch: 24 | loss: 0.1784143 | speed: 0.0572s/iter; left: 219s
    iters: 200, epoch: 24 | loss: 0.1852092 | speed: 0.0447s/iter; left: 167s
    iters: 300, epoch: 24 | loss: 0.1713717 | speed: 0.0401s/iter; left: 146s
    iters: 400, epoch: 24 | loss: 0.1703841 | speed: 0.0397s/iter; left: 140s
    iters: 500, epoch: 24 | loss: 0.1691474 | speed: 0.0455s/iter; left: 156s
Epoch: 24, Steps: 562 | Train: 0.1737273 Vali: 0.1632373 Test: 0.2088234
EarlyStopping counter: 11 out of 15
Updating learning rate to 9.223372036854788e-05
    iters: 100, epoch: 25 | loss: 0.1921270 | speed: 0.0578s/iter; left: 189s
    iters: 200, epoch: 25 | loss: 0.1614100 | speed: 0.0465s/iter; left: 148s
    iters: 300, epoch: 25 | loss: 0.1595187 | speed: 0.0460s/iter; left: 141s
    iters: 400, epoch: 25 | loss: 0.1659980 | speed: 0.0453s/iter; left: 135s
    iters: 500, epoch: 25 | loss: 0.1564693 | speed: 0.0477s/iter; left: 137s
Epoch: 25, Steps: 562 | Train: 0.1736747 Vali: 0.1626560 Test: 0.2085392
EarlyStopping counter: 12 out of 15
Updating learning rate to 7.37869762948383e-05
    iters: 100, epoch: 26 | loss: 0.1728228 | speed: 0.0566s/iter; left: 153s
    iters: 200, epoch: 26 | loss: 0.1650981 | speed: 0.0485s/iter; left: 127s
    iters: 300, epoch: 26 | loss: 0.1728616 | speed: 0.0477s/iter; left: 120s
    iters: 400, epoch: 26 | loss: 0.1753601 | speed: 0.0471s/iter; left: 114s
    iters: 500, epoch: 26 | loss: 0.1710846 | speed: 0.0446s/iter; left: 103s
Epoch: 26, Steps: 562 | Train: 0.1736359 Vali: 0.1619581 Test: 0.2091468
EarlyStopping counter: 13 out of 15
Updating learning rate to 5.902958103587064e-05
    iters: 100, epoch: 27 | loss: 0.1585044 | speed: 0.0606s/iter; left: 130s
    iters: 200, epoch: 27 | loss: 0.1815235 | speed: 0.0479s/iter; left: 98s
    iters: 300, epoch: 27 | loss: 0.1587168 | speed: 0.0462s/iter; left: 90s
    iters: 400, epoch: 27 | loss: 0.1636637 | speed: 0.0452s/iter; left: 84s
    iters: 500, epoch: 27 | loss: 0.1711932 | speed: 0.0474s/iter; left: 83s
Epoch: 27, Steps: 562 | Train: 0.1736014 Vali: 0.1631075 Test: 0.2078025
EarlyStopping counter: 14 out of 15
Updating learning rate to 4.722366482869652e-05
    iters: 100, epoch: 28 | loss: 0.1873416 | speed: 0.0584s/iter; left: 93s
    iters: 200, epoch: 28 | loss: 0.1520062 | speed: 0.0481s/iter; left: 72s
    iters: 300, epoch: 28 | loss: 0.1850011 | speed: 0.0482s/iter; left: 67s
    iters: 400, epoch: 28 | loss: 0.1687065 | speed: 0.0484s/iter; left: 62s
    iters: 500, epoch: 28 | loss: 0.1776357 | speed: 0.0385s/iter; left: 46s
Epoch: 28, Steps: 562 | Train: 0.1735441 Vali: 0.1627759 Test: 0.2072926
EarlyStopping counter: 15 out of 15
Early stopping at epoch 28
STAGE 1 RESULT: mse=0.2108, mae=0.2607, smape=40.5134

============================================================
STAGE 2: Load MRT + add Freq branch (frozen backbone/MRT/cycle, max_epochs=3, patience=3)
============================================================
train 35977
val 4537
test 9793
Loaded 10 params from stage1, 0 new (Freq branch)
Trainable: 6,714 / 447,111 (1.5%)  freeze_backbone=1
    iters: 100, epoch: 1 | loss: 1.1115910 | speed: 0.0718s/iter; left: 114s
    iters: 200, epoch: 1 | loss: 1.1015764 | speed: 0.0417s/iter; left: 62s
    iters: 300, epoch: 1 | loss: 1.1087432 | speed: 0.0428s/iter; left: 59s
    iters: 400, epoch: 1 | loss: 1.0892584 | speed: 0.0401s/iter; left: 52s
    iters: 500, epoch: 1 | loss: 1.1009365 | speed: 0.0433s/iter; left: 51s
Epoch: 1, Train: 1.1002611 Vali: 0.1609947
[diag s2-1]  freq.rs=-0.0540 mask.mean=0.427 mask.std=0.137  mrt.rs=+0.4773
Validation loss decreased (inf --> 0.160995).  Saving model ...
    iters: 100, epoch: 2 | loss: 1.1256888 | speed: 0.0726s/iter; left: 74s
    iters: 200, epoch: 2 | loss: 1.0685216 | speed: 0.0425s/iter; left: 39s
    iters: 300, epoch: 2 | loss: 1.1306350 | speed: 0.0448s/iter; left: 37s
    iters: 400, epoch: 2 | loss: 1.0891260 | speed: 0.0455s/iter; left: 33s
    iters: 500, epoch: 2 | loss: 1.0605739 | speed: 0.0433s/iter; left: 27s
Epoch: 2, Train: 1.1001605 Vali: 0.1609530
[diag s2-2]  freq.rs=-0.0624 mask.mean=0.413 mask.std=0.132  mrt.rs=+0.4773
Validation loss decreased (0.160995 --> 0.160953).  Saving model ...
    iters: 100, epoch: 3 | loss: 1.1257712 | speed: 0.0697s/iter; left: 32s
    iters: 200, epoch: 3 | loss: 1.0962293 | speed: 0.0416s/iter; left: 15s
    iters: 300, epoch: 3 | loss: 1.0955868 | speed: 0.0409s/iter; left: 11s
    iters: 400, epoch: 3 | loss: 1.1537986 | speed: 0.0394s/iter; left: 6s
    iters: 500, epoch: 3 | loss: 1.1095409 | speed: 0.0412s/iter; left: 3s
Epoch: 3, Train: 1.1001192 Vali: 0.1611561
[diag s2-3]  freq.rs=-0.0610 mask.mean=0.400 mask.std=0.128  mrt.rs=+0.4773
EarlyStopping counter: 1 out of 3
STAGE 2 complete.

============================================================
SKIPPING Stage 3a (--no_stage3a): Stage 2 -> Stage 3b directly
============================================================

============================================================
STAGE 3b: Unfreeze all, group-wise LR (base=0.003000, max_epochs=20, patience=10) + FreDF(α=0.8)
  LR groups: freq/gate ×0.67, model ×0.33, mrt/cycle ×0.10
============================================================
train 35977
val 4537
test 9793
Loaded stage3a checkpoint, unfreezing all parameters.
  Group freq/gate: 6,714 params, LR=0.002010
  Group model: 419,024 params, LR=0.000990
  Group mrt/cycle: 21,373 params, LR=0.000300
    iters: 100, epoch: 1 | loss: 1.1202605 | speed: 0.0622s/iter; left: 693s
    iters: 200, epoch: 1 | loss: 1.1022679 | speed: 0.0426s/iter; left: 471s
    iters: 300, epoch: 1 | loss: 1.1375643 | speed: 0.0516s/iter; left: 565s
    iters: 400, epoch: 1 | loss: 1.0988632 | speed: 0.0507s/iter; left: 549s
    iters: 500, epoch: 1 | loss: 1.0931813 | speed: 0.0512s/iter; left: 550s
Epoch: 1, Steps: 562 | Train: 1.0952063 Vali: 0.1611963 Test: 0.2087923
[diag 3b-1]  freq.rs=-0.0618 mask.mean=0.413 mask.std=0.132  mrt.rs=+0.4772
Validation loss decreased (inf --> 0.161196).  Saving model ...
Updating learning rate to 0.01
    iters: 100, epoch: 2 | loss: 1.0896477 | speed: 0.0795s/iter; left: 841s
    iters: 200, epoch: 2 | loss: 1.1226794 | speed: 0.0479s/iter; left: 502s
    iters: 300, epoch: 2 | loss: 1.1190157 | speed: 0.0500s/iter; left: 519s
    iters: 400, epoch: 2 | loss: 1.1070206 | speed: 0.0501s/iter; left: 515s
    iters: 500, epoch: 2 | loss: 1.1065623 | speed: 0.0483s/iter; left: 492s
Epoch: 2, Steps: 562 | Train: 1.1212277 Vali: 0.1627798 Test: 0.2173470
[diag 3b-2]  freq.rs=-0.4348 mask.mean=0.434 mask.std=0.177  mrt.rs=+0.4833
EarlyStopping counter: 1 out of 10
Updating learning rate to 0.01
    iters: 100, epoch: 3 | loss: 1.0970066 | speed: 0.0776s/iter; left: 777s
    iters: 200, epoch: 3 | loss: 1.0669008 | speed: 0.0471s/iter; left: 468s
    iters: 300, epoch: 3 | loss: 1.0784464 | speed: 0.0477s/iter; left: 468s
    iters: 400, epoch: 3 | loss: 1.1262064 | speed: 0.0422s/iter; left: 410s
    iters: 500, epoch: 3 | loss: 1.0760829 | speed: 0.0481s/iter; left: 463s
Epoch: 3, Steps: 562 | Train: 1.1147814 Vali: 0.1664484 Test: 0.2173513
[diag 3b-3]  freq.rs=-0.6250 mask.mean=0.427 mask.std=0.181  mrt.rs=+0.4841
EarlyStopping counter: 2 out of 10
Updating learning rate to 0.01
    iters: 100, epoch: 4 | loss: 1.1508182 | speed: 0.0761s/iter; left: 719s
    iters: 200, epoch: 4 | loss: 1.0747468 | speed: 0.0477s/iter; left: 446s
    iters: 300, epoch: 4 | loss: 1.1074829 | speed: 0.0503s/iter; left: 466s
    iters: 400, epoch: 4 | loss: 1.1450320 | speed: 0.0501s/iter; left: 458s
    iters: 500, epoch: 4 | loss: 1.0978919 | speed: 0.0450s/iter; left: 408s
Epoch: 4, Steps: 562 | Train: 1.1130350 Vali: 0.1678957 Test: 0.2264187
[diag 3b-4]  freq.rs=-0.7752 mask.mean=0.421 mask.std=0.175  mrt.rs=+0.4831
EarlyStopping counter: 3 out of 10
Updating learning rate to 0.008
    iters: 100, epoch: 5 | loss: 1.1251523 | speed: 0.0755s/iter; left: 672s
    iters: 200, epoch: 5 | loss: 1.0857029 | speed: 0.0372s/iter; left: 327s
    iters: 300, epoch: 5 | loss: 1.1378279 | speed: 0.0378s/iter; left: 329s
    iters: 400, epoch: 5 | loss: 1.1088277 | speed: 0.0405s/iter; left: 348s
    iters: 500, epoch: 5 | loss: 1.1083556 | speed: 0.0477s/iter; left: 405s
Epoch: 5, Steps: 562 | Train: 1.1082480 Vali: 0.1619644 Test: 0.2162163
[diag 3b-5]  freq.rs=-0.8700 mask.mean=0.411 mask.std=0.168  mrt.rs=+0.4811
EarlyStopping counter: 4 out of 10
Updating learning rate to 0.006400000000000001
    iters: 100, epoch: 6 | loss: 1.1095222 | speed: 0.0757s/iter; left: 630s
    iters: 200, epoch: 6 | loss: 1.1092085 | speed: 0.0492s/iter; left: 405s
    iters: 300, epoch: 6 | loss: 1.1781930 | speed: 0.0485s/iter; left: 394s
    iters: 400, epoch: 6 | loss: 1.1173906 | speed: 0.0478s/iter; left: 383s
    iters: 500, epoch: 6 | loss: 1.0412134 | speed: 0.0478s/iter; left: 379s
Epoch: 6, Steps: 562 | Train: 1.1042163 Vali: 0.1626733 Test: 0.2121678
[diag 3b-6]  freq.rs=-0.9286 mask.mean=0.408 mask.std=0.165  mrt.rs=+0.4797
EarlyStopping counter: 5 out of 10
Updating learning rate to 0.005120000000000001
    iters: 100, epoch: 7 | loss: 1.0997541 | speed: 0.0737s/iter; left: 573s
    iters: 200, epoch: 7 | loss: 1.1390046 | speed: 0.0498s/iter; left: 382s
    iters: 300, epoch: 7 | loss: 1.1163663 | speed: 0.0475s/iter; left: 360s
    iters: 400, epoch: 7 | loss: 1.0829273 | speed: 0.0491s/iter; left: 367s
    iters: 500, epoch: 7 | loss: 1.1006955 | speed: 0.0494s/iter; left: 364s
Epoch: 7, Steps: 562 | Train: 1.1019679 Vali: 0.1639138 Test: 0.2118663
[diag 3b-7]  freq.rs=-0.9688 mask.mean=0.404 mask.std=0.163  mrt.rs=+0.4799
EarlyStopping counter: 6 out of 10
Updating learning rate to 0.004096000000000001
    iters: 100, epoch: 8 | loss: 1.1084405 | speed: 0.0746s/iter; left: 538s
    iters: 200, epoch: 8 | loss: 1.1199197 | speed: 0.0462s/iter; left: 328s
    iters: 300, epoch: 8 | loss: 1.1094613 | speed: 0.0436s/iter; left: 306s
    iters: 400, epoch: 8 | loss: 1.1220611 | speed: 0.0447s/iter; left: 309s
    iters: 500, epoch: 8 | loss: 1.1157278 | speed: 0.0441s/iter; left: 300s
Epoch: 8, Steps: 562 | Train: 1.0996143 Vali: 0.1627224 Test: 0.2124925
[diag 3b-8]  freq.rs=-0.9977 mask.mean=0.403 mask.std=0.162  mrt.rs=+0.4790
EarlyStopping counter: 7 out of 10
Updating learning rate to 0.0032768000000000007
    iters: 100, epoch: 9 | loss: 1.1216229 | speed: 0.0762s/iter; left: 507s
    iters: 200, epoch: 9 | loss: 1.1054500 | speed: 0.0477s/iter; left: 312s
    iters: 300, epoch: 9 | loss: 1.1019194 | speed: 0.0439s/iter; left: 283s
    iters: 400, epoch: 9 | loss: 1.1084697 | speed: 0.0441s/iter; left: 280s
    iters: 500, epoch: 9 | loss: 1.1006656 | speed: 0.0452s/iter; left: 282s
Epoch: 9, Steps: 562 | Train: 1.0979964 Vali: 0.1617194 Test: 0.2112841
[diag 3b-9]  freq.rs=-1.0192 mask.mean=0.402 mask.std=0.162  mrt.rs=+0.4794
EarlyStopping counter: 8 out of 10
Updating learning rate to 0.002621440000000001
    iters: 100, epoch: 10 | loss: 1.1096365 | speed: 0.0631s/iter; left: 384s
    iters: 200, epoch: 10 | loss: 1.0839884 | speed: 0.0391s/iter; left: 234s
    iters: 300, epoch: 10 | loss: 1.0678127 | speed: 0.0466s/iter; left: 274s
    iters: 400, epoch: 10 | loss: 1.0823104 | speed: 0.0460s/iter; left: 266s
    iters: 500, epoch: 10 | loss: 1.0730212 | speed: 0.0466s/iter; left: 265s
Epoch: 10, Steps: 562 | Train: 1.0958888 Vali: 0.1616252 Test: 0.2092749
[diag 3b-10]  freq.rs=-1.0291 mask.mean=0.400 mask.std=0.162  mrt.rs=+0.4793
EarlyStopping counter: 9 out of 10
Updating learning rate to 0.002097152000000001
    iters: 100, epoch: 11 | loss: 1.0722016 | speed: 0.0746s/iter; left: 412s
    iters: 200, epoch: 11 | loss: 1.0798595 | speed: 0.0474s/iter; left: 257s
    iters: 300, epoch: 11 | loss: 1.0898688 | speed: 0.0474s/iter; left: 252s
    iters: 400, epoch: 11 | loss: 1.0911577 | speed: 0.0496s/iter; left: 259s
    iters: 500, epoch: 11 | loss: 1.0731533 | speed: 0.0490s/iter; left: 251s
Epoch: 11, Steps: 562 | Train: 1.0946678 Vali: 0.1654587 Test: 0.2090931
[diag 3b-11]  freq.rs=-1.0372 mask.mean=0.400 mask.std=0.163  mrt.rs=+0.4788
EarlyStopping counter: 10 out of 10
Early stopping at epoch 11

============================================================
FINAL RESULT (Stage 3b): mse=0.2087, mae=0.2559, smape=39.8345
============================================================
[diag 3b-final]  freq.rs=-0.0618 mask.mean=0.413 mask.std=0.132  mrt.rs=+0.4772
