============================================================
CONFIGURATION
============================================================
Device     : cuda:0
Dataset    : solar
Pred len   : 192
Seed       : 2024

--- Data ---
enc_in     : 137
seq_len    : 96
cycle      : 144
use_revin  : 0
batch_size : 64

--- Model ---
model_type : mlp
d_model    : 512
mrt_layers : 1
freq_layers: 0
fusion     : mode=serial, gate=0, sparsity=0.0

--- Training ---
base_lr    : 0.01
Stage1     : epochs=30, patience=15
Stage2     : epochs=3, patience=3, freeze_backbone=1
Stage3 FreDF: True
Stage3a    : epochs=12, patience=6
Stage3b    : epochs=20, patience=10, freq×0.67 model×0.33 mrt×0.10
============================================================

============================================================
STAGE 1: Train MRT only (freq_layers=0)
============================================================
train 36505
val 5065
test 10321
    iters: 100, epoch: 1 | loss: 0.2351642 | speed: 0.0454s/iter; left: 773s
    iters: 200, epoch: 1 | loss: 0.2225852 | speed: 0.0275s/iter; left: 465s
    iters: 300, epoch: 1 | loss: 0.2273871 | speed: 0.0248s/iter; left: 417s
    iters: 400, epoch: 1 | loss: 0.2008566 | speed: 0.0262s/iter; left: 437s
    iters: 500, epoch: 1 | loss: 0.2679840 | speed: 0.0240s/iter; left: 399s
Epoch: 1, Steps: 570 | Train: 0.2491222 Vali: 0.1734760 Test: 0.2640372
Validation loss decreased (inf --> 0.173476).  Saving model ...
Updating learning rate to 0.01
    iters: 100, epoch: 2 | loss: 0.2228799 | speed: 0.0341s/iter; left: 560s
    iters: 200, epoch: 2 | loss: 0.1700909 | speed: 0.0245s/iter; left: 401s
    iters: 300, epoch: 2 | loss: 0.1981813 | speed: 0.0253s/iter; left: 411s
    iters: 400, epoch: 2 | loss: 0.1889352 | speed: 0.0258s/iter; left: 415s
    iters: 500, epoch: 2 | loss: 0.1825680 | speed: 0.0264s/iter; left: 423s
Epoch: 2, Steps: 570 | Train: 0.1921810 Vali: 0.1554746 Test: 0.2062102
Validation loss decreased (0.173476 --> 0.155475).  Saving model ...
Updating learning rate to 0.01
    iters: 100, epoch: 3 | loss: 0.1795186 | speed: 0.0358s/iter; left: 568s
    iters: 200, epoch: 3 | loss: 0.1659193 | speed: 0.0269s/iter; left: 424s
    iters: 300, epoch: 3 | loss: 0.1666271 | speed: 0.0256s/iter; left: 401s
    iters: 400, epoch: 3 | loss: 0.1938579 | speed: 0.0266s/iter; left: 413s
    iters: 500, epoch: 3 | loss: 0.1853464 | speed: 0.0256s/iter; left: 396s
Epoch: 3, Steps: 570 | Train: 0.1782522 Vali: 0.1604040 Test: 0.2117489
EarlyStopping counter: 1 out of 15
Updating learning rate to 0.01
    iters: 100, epoch: 4 | loss: 0.1665139 | speed: 0.0347s/iter; left: 530s
    iters: 200, epoch: 4 | loss: 0.2145508 | speed: 0.0223s/iter; left: 338s
    iters: 300, epoch: 4 | loss: 0.1563653 | speed: 0.0209s/iter; left: 315s
    iters: 400, epoch: 4 | loss: 0.1765430 | speed: 0.0208s/iter; left: 313s
    iters: 500, epoch: 4 | loss: 0.1679075 | speed: 0.0234s/iter; left: 349s
Epoch: 4, Steps: 570 | Train: 0.1773805 Vali: 0.1558495 Test: 0.2042072
EarlyStopping counter: 2 out of 15
Updating learning rate to 0.008
    iters: 100, epoch: 5 | loss: 0.2146747 | speed: 0.0343s/iter; left: 505s
    iters: 200, epoch: 5 | loss: 0.1874314 | speed: 0.0256s/iter; left: 374s
    iters: 300, epoch: 5 | loss: 0.1770436 | speed: 0.0290s/iter; left: 421s
    iters: 400, epoch: 5 | loss: 0.1373954 | speed: 0.0308s/iter; left: 444s
    iters: 500, epoch: 5 | loss: 0.1799004 | speed: 0.0263s/iter; left: 376s
Epoch: 5, Steps: 570 | Train: 0.1734107 Vali: 0.1550100 Test: 0.2072916
Validation loss decreased (0.155475 --> 0.155010).  Saving model ...
Updating learning rate to 0.006400000000000001
    iters: 100, epoch: 6 | loss: 0.1886725 | speed: 0.0366s/iter; left: 518s
    iters: 200, epoch: 6 | loss: 0.1744841 | speed: 0.0259s/iter; left: 363s
    iters: 300, epoch: 6 | loss: 0.1562964 | speed: 0.0279s/iter; left: 389s
    iters: 400, epoch: 6 | loss: 0.1638412 | speed: 0.0305s/iter; left: 423s
    iters: 500, epoch: 6 | loss: 0.1647599 | speed: 0.0282s/iter; left: 388s
Epoch: 6, Steps: 570 | Train: 0.1711056 Vali: 0.1528491 Test: 0.2062660
Validation loss decreased (0.155010 --> 0.152849).  Saving model ...
Updating learning rate to 0.005120000000000001
    iters: 100, epoch: 7 | loss: 0.1863998 | speed: 0.0364s/iter; left: 494s
    iters: 200, epoch: 7 | loss: 0.1730253 | speed: 0.0263s/iter; left: 355s
    iters: 300, epoch: 7 | loss: 0.1770772 | speed: 0.0280s/iter; left: 375s
    iters: 400, epoch: 7 | loss: 0.1676010 | speed: 0.0273s/iter; left: 362s
    iters: 500, epoch: 7 | loss: 0.1630527 | speed: 0.0275s/iter; left: 362s
Epoch: 7, Steps: 570 | Train: 0.1702060 Vali: 0.1625402 Test: 0.1987937
EarlyStopping counter: 1 out of 15
Updating learning rate to 0.004096000000000001
    iters: 100, epoch: 8 | loss: 0.1701811 | speed: 0.0367s/iter; left: 477s
    iters: 200, epoch: 8 | loss: 0.1830910 | speed: 0.0266s/iter; left: 344s
    iters: 300, epoch: 8 | loss: 0.1485430 | speed: 0.0292s/iter; left: 374s
    iters: 400, epoch: 8 | loss: 0.1719437 | speed: 0.0275s/iter; left: 350s
    iters: 500, epoch: 8 | loss: 0.1693538 | speed: 0.0260s/iter; left: 328s
Epoch: 8, Steps: 570 | Train: 0.1685318 Vali: 0.1531904 Test: 0.2044176
EarlyStopping counter: 2 out of 15
Updating learning rate to 0.0032768000000000007
    iters: 100, epoch: 9 | loss: 0.1631437 | speed: 0.0346s/iter; left: 430s
    iters: 200, epoch: 9 | loss: 0.1993863 | speed: 0.0268s/iter; left: 331s
    iters: 300, epoch: 9 | loss: 0.1557200 | speed: 0.0273s/iter; left: 334s
    iters: 400, epoch: 9 | loss: 0.1511510 | speed: 0.0260s/iter; left: 315s
    iters: 500, epoch: 9 | loss: 0.1370202 | speed: 0.0282s/iter; left: 340s
Epoch: 9, Steps: 570 | Train: 0.1668365 Vali: 0.1572790 Test: 0.1981776
EarlyStopping counter: 3 out of 15
Updating learning rate to 0.002621440000000001
    iters: 100, epoch: 10 | loss: 0.1435848 | speed: 0.0356s/iter; left: 423s
    iters: 200, epoch: 10 | loss: 0.1468206 | speed: 0.0244s/iter; left: 287s
    iters: 300, epoch: 10 | loss: 0.1724887 | speed: 0.0259s/iter; left: 302s
    iters: 400, epoch: 10 | loss: 0.1781871 | speed: 0.0270s/iter; left: 313s
    iters: 500, epoch: 10 | loss: 0.1721441 | speed: 0.0280s/iter; left: 321s
Epoch: 10, Steps: 570 | Train: 0.1656707 Vali: 0.1580671 Test: 0.1982498
EarlyStopping counter: 4 out of 15
Updating learning rate to 0.002097152000000001
    iters: 100, epoch: 11 | loss: 0.1896173 | speed: 0.0350s/iter; left: 396s
    iters: 200, epoch: 11 | loss: 0.1910367 | speed: 0.0267s/iter; left: 299s
    iters: 300, epoch: 11 | loss: 0.1830377 | speed: 0.0263s/iter; left: 291s
    iters: 400, epoch: 11 | loss: 0.1686324 | speed: 0.0264s/iter; left: 290s
    iters: 500, epoch: 11 | loss: 0.1798275 | speed: 0.0270s/iter; left: 294s
Epoch: 11, Steps: 570 | Train: 0.1649867 Vali: 0.1567127 Test: 0.1961579
EarlyStopping counter: 5 out of 15
Updating learning rate to 0.001677721600000001
    iters: 100, epoch: 12 | loss: 0.1584102 | speed: 0.0344s/iter; left: 369s
    iters: 200, epoch: 12 | loss: 0.1575468 | speed: 0.0255s/iter; left: 272s
    iters: 300, epoch: 12 | loss: 0.1759677 | speed: 0.0277s/iter; left: 292s
    iters: 400, epoch: 12 | loss: 0.1820945 | speed: 0.0269s/iter; left: 281s
    iters: 500, epoch: 12 | loss: 0.1595128 | speed: 0.0240s/iter; left: 248s
Epoch: 12, Steps: 570 | Train: 0.1639657 Vali: 0.1565858 Test: 0.1955868
EarlyStopping counter: 6 out of 15
Updating learning rate to 0.0013421772800000006
    iters: 100, epoch: 13 | loss: 0.1773498 | speed: 0.0345s/iter; left: 351s
    iters: 200, epoch: 13 | loss: 0.1662024 | speed: 0.0269s/iter; left: 271s
    iters: 300, epoch: 13 | loss: 0.1770366 | speed: 0.0246s/iter; left: 245s
    iters: 400, epoch: 13 | loss: 0.1870174 | speed: 0.0262s/iter; left: 258s
    iters: 500, epoch: 13 | loss: 0.1427860 | speed: 0.0249s/iter; left: 243s
Epoch: 13, Steps: 570 | Train: 0.1632854 Vali: 0.1554021 Test: 0.1998696
EarlyStopping counter: 7 out of 15
Updating learning rate to 0.0010737418240000006
    iters: 100, epoch: 14 | loss: 0.1834839 | speed: 0.0343s/iter; left: 329s
    iters: 200, epoch: 14 | loss: 0.1722964 | speed: 0.0249s/iter; left: 236s
    iters: 300, epoch: 14 | loss: 0.1524560 | speed: 0.0264s/iter; left: 247s
    iters: 400, epoch: 14 | loss: 0.1669887 | speed: 0.0264s/iter; left: 246s
    iters: 500, epoch: 14 | loss: 0.1796540 | speed: 0.0252s/iter; left: 232s
Epoch: 14, Steps: 570 | Train: 0.1625642 Vali: 0.1553138 Test: 0.1980029
EarlyStopping counter: 8 out of 15
Updating learning rate to 0.0008589934592000006
    iters: 100, epoch: 15 | loss: 0.1771166 | speed: 0.0284s/iter; left: 256s
    iters: 200, epoch: 15 | loss: 0.1824036 | speed: 0.0220s/iter; left: 196s
    iters: 300, epoch: 15 | loss: 0.1483671 | speed: 0.0226s/iter; left: 199s
    iters: 400, epoch: 15 | loss: 0.1363936 | speed: 0.0261s/iter; left: 228s
    iters: 500, epoch: 15 | loss: 0.1666486 | speed: 0.0270s/iter; left: 233s
Epoch: 15, Steps: 570 | Train: 0.1622432 Vali: 0.1581676 Test: 0.1958262
EarlyStopping counter: 9 out of 15
Updating learning rate to 0.0006871947673600004
    iters: 100, epoch: 16 | loss: 0.1502927 | speed: 0.0399s/iter; left: 338s
    iters: 200, epoch: 16 | loss: 0.1602042 | speed: 0.0277s/iter; left: 232s
    iters: 300, epoch: 16 | loss: 0.1696743 | speed: 0.0254s/iter; left: 209s
    iters: 400, epoch: 16 | loss: 0.1453191 | speed: 0.0277s/iter; left: 226s
    iters: 500, epoch: 16 | loss: 0.1797733 | speed: 0.0260s/iter; left: 210s
Epoch: 16, Steps: 570 | Train: 0.1616622 Vali: 0.1560975 Test: 0.2015302
EarlyStopping counter: 10 out of 15
Updating learning rate to 0.0005497558138880004
    iters: 100, epoch: 17 | loss: 0.1654176 | speed: 0.0346s/iter; left: 273s
    iters: 200, epoch: 17 | loss: 0.1619730 | speed: 0.0268s/iter; left: 209s
    iters: 300, epoch: 17 | loss: 0.1493823 | speed: 0.0265s/iter; left: 204s
    iters: 400, epoch: 17 | loss: 0.1481428 | speed: 0.0256s/iter; left: 194s
    iters: 500, epoch: 17 | loss: 0.1593167 | speed: 0.0265s/iter; left: 198s
Epoch: 17, Steps: 570 | Train: 0.1615256 Vali: 0.1570260 Test: 0.1974137
EarlyStopping counter: 11 out of 15
Updating learning rate to 0.00043980465111040037
    iters: 100, epoch: 18 | loss: 0.1698430 | speed: 0.0328s/iter; left: 240s
    iters: 200, epoch: 18 | loss: 0.1934559 | speed: 0.0282s/iter; left: 203s
    iters: 300, epoch: 18 | loss: 0.1750346 | speed: 0.0267s/iter; left: 190s
    iters: 400, epoch: 18 | loss: 0.1592866 | speed: 0.0281s/iter; left: 197s
    iters: 500, epoch: 18 | loss: 0.1647826 | speed: 0.0263s/iter; left: 182s
Epoch: 18, Steps: 570 | Train: 0.1610541 Vali: 0.1572847 Test: 0.2029375
EarlyStopping counter: 12 out of 15
Updating learning rate to 0.0003518437208883203
    iters: 100, epoch: 19 | loss: 0.1831607 | speed: 0.0335s/iter; left: 226s
    iters: 200, epoch: 19 | loss: 0.1639868 | speed: 0.0245s/iter; left: 162s
    iters: 300, epoch: 19 | loss: 0.1783777 | speed: 0.0253s/iter; left: 166s
    iters: 400, epoch: 19 | loss: 0.1520808 | speed: 0.0242s/iter; left: 156s
    iters: 500, epoch: 19 | loss: 0.1752348 | speed: 0.0261s/iter; left: 165s
Epoch: 19, Steps: 570 | Train: 0.1606996 Vali: 0.1572163 Test: 0.1993233
EarlyStopping counter: 13 out of 15
Updating learning rate to 0.00028147497671065624
    iters: 100, epoch: 20 | loss: 0.1571498 | speed: 0.0363s/iter; left: 224s
    iters: 200, epoch: 20 | loss: 0.1537955 | speed: 0.0232s/iter; left: 141s
    iters: 300, epoch: 20 | loss: 0.1613114 | speed: 0.0227s/iter; left: 135s
    iters: 400, epoch: 20 | loss: 0.1605798 | speed: 0.0242s/iter; left: 142s
    iters: 500, epoch: 20 | loss: 0.1716584 | speed: 0.0195s/iter; left: 112s
Epoch: 20, Steps: 570 | Train: 0.1604962 Vali: 0.1587512 Test: 0.1985102
EarlyStopping counter: 14 out of 15
Updating learning rate to 0.00022517998136852504
    iters: 100, epoch: 21 | loss: 0.1645274 | speed: 0.0341s/iter; left: 191s
    iters: 200, epoch: 21 | loss: 0.1490851 | speed: 0.0245s/iter; left: 135s
    iters: 300, epoch: 21 | loss: 0.1715015 | speed: 0.0243s/iter; left: 131s
    iters: 400, epoch: 21 | loss: 0.1660044 | speed: 0.0240s/iter; left: 127s
    iters: 500, epoch: 21 | loss: 0.1414200 | speed: 0.0249s/iter; left: 129s
Epoch: 21, Steps: 570 | Train: 0.1602722 Vali: 0.1568021 Test: 0.2005095
EarlyStopping counter: 15 out of 15
Early stopping at epoch 21
STAGE 1 RESULT: mse=0.2052, mae=0.2663, smape=42.3047

============================================================
STAGE 2: Load MRT + add Freq branch (frozen backbone/MRT/cycle, max_epochs=3, patience=3)
============================================================
train 36505
val 5065
test 10321
Loaded 10 params from stage1, 0 new (Freq branch)
Trainable: 6,714 / 176,247 (3.8%)  freeze_backbone=1
    iters: 100, epoch: 1 | loss: 0.6375284 | speed: 0.0343s/iter; left: 55s
    iters: 200, epoch: 1 | loss: 0.6469116 | speed: 0.0178s/iter; left: 27s
    iters: 300, epoch: 1 | loss: 0.6584483 | speed: 0.0196s/iter; left: 28s
    iters: 400, epoch: 1 | loss: 0.6395091 | speed: 0.0188s/iter; left: 25s
    iters: 500, epoch: 1 | loss: 0.6285868 | speed: 0.0189s/iter; left: 23s
Epoch: 1, Train: 0.6412528 Vali: 0.1528230
[diag s2-1]  freq.rs=-0.0472 mask.mean=0.417 mask.std=0.132  mrt.rs=+0.4743
Validation loss decreased (inf --> 0.152823).  Saving model ...
    iters: 100, epoch: 2 | loss: 0.6260515 | speed: 0.0339s/iter; left: 35s
    iters: 200, epoch: 2 | loss: 0.6582735 | speed: 0.0188s/iter; left: 18s
    iters: 300, epoch: 2 | loss: 0.6548622 | speed: 0.0205s/iter; left: 17s
    iters: 400, epoch: 2 | loss: 0.6367980 | speed: 0.0190s/iter; left: 14s
    iters: 500, epoch: 2 | loss: 0.6724211 | speed: 0.0185s/iter; left: 12s
Epoch: 2, Train: 0.6411470 Vali: 0.1528813
[diag s2-2]  freq.rs=-0.0565 mask.mean=0.390 mask.std=0.122  mrt.rs=+0.4743
EarlyStopping counter: 1 out of 3
    iters: 100, epoch: 3 | loss: 0.6542155 | speed: 0.0327s/iter; left: 15s
    iters: 200, epoch: 3 | loss: 0.6021817 | speed: 0.0208s/iter; left: 8s
    iters: 300, epoch: 3 | loss: 0.6428437 | speed: 0.0190s/iter; left: 5s
    iters: 400, epoch: 3 | loss: 0.6203080 | speed: 0.0193s/iter; left: 3s
    iters: 500, epoch: 3 | loss: 0.6440957 | speed: 0.0206s/iter; left: 1s
Epoch: 3, Train: 0.6410022 Vali: 0.1528635
[diag s2-3]  freq.rs=-0.0677 mask.mean=0.365 mask.std=0.114  mrt.rs=+0.4743
EarlyStopping counter: 2 out of 3
STAGE 2 complete.

============================================================
SKIPPING Stage 3a (--no_stage3a): Stage 2 -> Stage 3b directly
============================================================

============================================================
STAGE 3b: Unfreeze all, group-wise LR (base=0.003000, max_epochs=20, patience=10) + FreDF(α=0.8)
  LR groups: freq/gate ×0.67, model ×0.33, mrt/cycle ×0.10
============================================================
train 36505
val 5065
test 10321
Loaded stage3a checkpoint, unfreezing all parameters.
  Group freq/gate: 6,714 params, LR=0.002010
  Group model: 148,160 params, LR=0.000990
  Group mrt/cycle: 21,373 params, LR=0.000300
    iters: 100, epoch: 1 | loss: 0.6226292 | speed: 0.0403s/iter; left: 456s
    iters: 200, epoch: 1 | loss: 0.6139398 | speed: 0.0250s/iter; left: 280s
    iters: 300, epoch: 1 | loss: 0.6128100 | speed: 0.0254s/iter; left: 282s
    iters: 400, epoch: 1 | loss: 0.6463628 | speed: 0.0257s/iter; left: 282s
    iters: 500, epoch: 1 | loss: 0.6744972 | speed: 0.0271s/iter; left: 296s
Epoch: 1, Steps: 570 | Train: 0.6263163 Vali: 0.1511337 Test: 0.1984936
[diag 3b-1]  freq.rs=-0.0470 mask.mean=0.416 mask.std=0.132  mrt.rs=+0.4746
Validation loss decreased (inf --> 0.151134).  Saving model ...
Updating learning rate to 0.01
    iters: 100, epoch: 2 | loss: 0.6274840 | speed: 0.0387s/iter; left: 415s
    iters: 200, epoch: 2 | loss: 0.6934738 | speed: 0.0270s/iter; left: 287s
    iters: 300, epoch: 2 | loss: 0.6319772 | speed: 0.0252s/iter; left: 265s
    iters: 400, epoch: 2 | loss: 0.6236089 | speed: 0.0257s/iter; left: 268s
    iters: 500, epoch: 2 | loss: 0.6442167 | speed: 0.0273s/iter; left: 282s
Epoch: 2, Steps: 570 | Train: 0.6475136 Vali: 0.1566747 Test: 0.2082583
[diag 3b-2]  freq.rs=-0.3761 mask.mean=0.405 mask.std=0.165  mrt.rs=+0.4807
EarlyStopping counter: 1 out of 10
Updating learning rate to 0.01
    iters: 100, epoch: 3 | loss: 0.6353927 | speed: 0.0422s/iter; left: 429s
    iters: 200, epoch: 3 | loss: 0.6347003 | speed: 0.0250s/iter; left: 252s
    iters: 300, epoch: 3 | loss: 0.6405008 | speed: 0.0227s/iter; left: 226s
    iters: 400, epoch: 3 | loss: 0.6439308 | speed: 0.0212s/iter; left: 209s
    iters: 500, epoch: 3 | loss: 0.6029976 | speed: 0.0219s/iter; left: 214s
Epoch: 3, Steps: 570 | Train: 0.6419872 Vali: 0.1561304 Test: 0.2002169
[diag 3b-3]  freq.rs=-0.5830 mask.mean=0.395 mask.std=0.170  mrt.rs=+0.4805
EarlyStopping counter: 2 out of 10
Updating learning rate to 0.01
    iters: 100, epoch: 4 | loss: 0.6161718 | speed: 0.0405s/iter; left: 389s
    iters: 200, epoch: 4 | loss: 0.6394699 | speed: 0.0273s/iter; left: 260s
    iters: 300, epoch: 4 | loss: 0.6607046 | speed: 0.0257s/iter; left: 241s
    iters: 400, epoch: 4 | loss: 0.6480973 | speed: 0.0264s/iter; left: 246s
    iters: 500, epoch: 4 | loss: 0.6356583 | speed: 0.0264s/iter; left: 243s
Epoch: 4, Steps: 570 | Train: 0.6386404 Vali: 0.1577341 Test: 0.2245573
[diag 3b-4]  freq.rs=-0.7341 mask.mean=0.386 mask.std=0.166  mrt.rs=+0.4761
EarlyStopping counter: 3 out of 10
Updating learning rate to 0.008
    iters: 100, epoch: 5 | loss: 0.6475223 | speed: 0.0414s/iter; left: 373s
    iters: 200, epoch: 5 | loss: 0.6252722 | speed: 0.0255s/iter; left: 228s
    iters: 300, epoch: 5 | loss: 0.6835738 | speed: 0.0260s/iter; left: 229s
    iters: 400, epoch: 5 | loss: 0.6260972 | speed: 0.0273s/iter; left: 238s
    iters: 500, epoch: 5 | loss: 0.6582840 | speed: 0.0254s/iter; left: 219s
Epoch: 5, Steps: 570 | Train: 0.6369810 Vali: 0.1560917 Test: 0.2071834
[diag 3b-5]  freq.rs=-0.8702 mask.mean=0.376 mask.std=0.161  mrt.rs=+0.4729
EarlyStopping counter: 4 out of 10
Updating learning rate to 0.006400000000000001
    iters: 100, epoch: 6 | loss: 0.6570222 | speed: 0.0378s/iter; left: 319s
    iters: 200, epoch: 6 | loss: 0.6771469 | speed: 0.0263s/iter; left: 220s
    iters: 300, epoch: 6 | loss: 0.6354117 | speed: 0.0276s/iter; left: 228s
    iters: 400, epoch: 6 | loss: 0.6550002 | speed: 0.0228s/iter; left: 186s
    iters: 500, epoch: 6 | loss: 0.6417892 | speed: 0.0210s/iter; left: 169s
Epoch: 6, Steps: 570 | Train: 0.6317869 Vali: 0.1535896 Test: 0.2020498
[diag 3b-6]  freq.rs=-0.9294 mask.mean=0.371 mask.std=0.159  mrt.rs=+0.4749
EarlyStopping counter: 5 out of 10
Updating learning rate to 0.005120000000000001
    iters: 100, epoch: 7 | loss: 0.6011591 | speed: 0.0406s/iter; left: 320s
    iters: 200, epoch: 7 | loss: 0.6226972 | speed: 0.0248s/iter; left: 193s
    iters: 300, epoch: 7 | loss: 0.6007450 | speed: 0.0257s/iter; left: 197s
    iters: 400, epoch: 7 | loss: 0.6537476 | speed: 0.0239s/iter; left: 181s
    iters: 500, epoch: 7 | loss: 0.6485844 | speed: 0.0254s/iter; left: 190s
Epoch: 7, Steps: 570 | Train: 0.6283968 Vali: 0.1512824 Test: 0.1997093
[diag 3b-7]  freq.rs=-0.9773 mask.mean=0.370 mask.std=0.159  mrt.rs=+0.4739
EarlyStopping counter: 6 out of 10
Updating learning rate to 0.004096000000000001
    iters: 100, epoch: 8 | loss: 0.5799125 | speed: 0.0396s/iter; left: 289s
    iters: 200, epoch: 8 | loss: 0.6636757 | speed: 0.0251s/iter; left: 181s
    iters: 300, epoch: 8 | loss: 0.6340097 | speed: 0.0255s/iter; left: 181s
    iters: 400, epoch: 8 | loss: 0.5877374 | speed: 0.0244s/iter; left: 171s
    iters: 500, epoch: 8 | loss: 0.6319974 | speed: 0.0256s/iter; left: 177s
Epoch: 8, Steps: 570 | Train: 0.6264481 Vali: 0.1533192 Test: 0.2080687
[diag 3b-8]  freq.rs=-1.0126 mask.mean=0.366 mask.std=0.159  mrt.rs=+0.4720
EarlyStopping counter: 7 out of 10
Updating learning rate to 0.0032768000000000007
    iters: 100, epoch: 9 | loss: 0.6158102 | speed: 0.0408s/iter; left: 275s
    iters: 200, epoch: 9 | loss: 0.6790417 | speed: 0.0252s/iter; left: 167s
    iters: 300, epoch: 9 | loss: 0.6235325 | speed: 0.0261s/iter; left: 171s
    iters: 400, epoch: 9 | loss: 0.5852682 | speed: 0.0245s/iter; left: 158s
    iters: 500, epoch: 9 | loss: 0.6404737 | speed: 0.0240s/iter; left: 152s
Epoch: 9, Steps: 570 | Train: 0.6238005 Vali: 0.1525341 Test: 0.2061485
[diag 3b-9]  freq.rs=-1.0311 mask.mean=0.366 mask.std=0.159  mrt.rs=+0.4705
EarlyStopping counter: 8 out of 10
Updating learning rate to 0.002621440000000001
    iters: 100, epoch: 10 | loss: 0.6312429 | speed: 0.0340s/iter; left: 210s
    iters: 200, epoch: 10 | loss: 0.6180047 | speed: 0.0205s/iter; left: 124s
    iters: 300, epoch: 10 | loss: 0.6166794 | speed: 0.0220s/iter; left: 131s
    iters: 400, epoch: 10 | loss: 0.6631054 | speed: 0.0248s/iter; left: 146s
    iters: 500, epoch: 10 | loss: 0.5517231 | speed: 0.0227s/iter; left: 131s
Epoch: 10, Steps: 570 | Train: 0.6219184 Vali: 0.1556581 Test: 0.1978525
[diag 3b-10]  freq.rs=-1.0482 mask.mean=0.364 mask.std=0.159  mrt.rs=+0.4703
EarlyStopping counter: 9 out of 10
Updating learning rate to 0.002097152000000001
    iters: 100, epoch: 11 | loss: 0.6248510 | speed: 0.0397s/iter; left: 223s
    iters: 200, epoch: 11 | loss: 0.6189357 | speed: 0.0272s/iter; left: 150s
    iters: 300, epoch: 11 | loss: 0.5956020 | speed: 0.0251s/iter; left: 136s
    iters: 400, epoch: 11 | loss: 0.5935265 | speed: 0.0247s/iter; left: 131s
    iters: 500, epoch: 11 | loss: 0.6051505 | speed: 0.0240s/iter; left: 125s
Epoch: 11, Steps: 570 | Train: 0.6208891 Vali: 0.1559963 Test: 0.2022017
[diag 3b-11]  freq.rs=-1.0570 mask.mean=0.363 mask.std=0.160  mrt.rs=+0.4699
EarlyStopping counter: 10 out of 10
Early stopping at epoch 11

============================================================
FINAL RESULT (Stage 3b): mse=0.1973, mae=0.2520, smape=40.2709
============================================================
[diag 3b-final]  freq.rs=-0.0470 mask.mean=0.416 mask.std=0.132  mrt.rs=+0.4746
