============================================================
CONFIGURATION
============================================================
Device     : cuda:0
Dataset    : solar
Pred len   : 96
Seed       : 2024

--- Data ---
enc_in     : 137
seq_len    : 96
cycle      : 144
use_revin  : 0
batch_size : 64

--- Model ---
model_type : mlp
d_model    : 512
mrt_layers : 1
freq_layers: 0
fusion     : mode=serial, gate=0, sparsity=0.0

--- Training ---
base_lr    : 0.01
Stage1     : epochs=30, patience=15
Stage2     : epochs=3, patience=3, freeze_backbone=0
Stage3     : SKIPPED (stage2_only)
============================================================

============================================================
STAGE 1: Train MRT only (freq_layers=0)
============================================================
train 36601
val 5161
test 10417
    iters: 100, epoch: 1 | loss: 0.2518978 | speed: 0.0327s/iter; left: 557s
    iters: 200, epoch: 1 | loss: 0.2361575 | speed: 0.0169s/iter; left: 286s
    iters: 300, epoch: 1 | loss: 0.1894104 | speed: 0.0166s/iter; left: 279s
    iters: 400, epoch: 1 | loss: 0.2109565 | speed: 0.0170s/iter; left: 284s
    iters: 500, epoch: 1 | loss: 0.1860238 | speed: 0.0169s/iter; left: 281s
Epoch: 1, Steps: 571 | Train: 0.2343505 Vali: 0.1631812 Test: 0.2312367
Validation loss decreased (inf --> 0.163181).  Saving model ...
Updating learning rate to 0.01
    iters: 100, epoch: 2 | loss: 0.2157962 | speed: 0.0235s/iter; left: 387s
    iters: 200, epoch: 2 | loss: 0.1810568 | speed: 0.0164s/iter; left: 268s
    iters: 300, epoch: 2 | loss: 0.1565064 | speed: 0.0166s/iter; left: 269s
    iters: 400, epoch: 2 | loss: 0.1737425 | speed: 0.0167s/iter; left: 271s
    iters: 500, epoch: 2 | loss: 0.1731373 | speed: 0.0160s/iter; left: 257s
Epoch: 2, Steps: 571 | Train: 0.1796854 Vali: 0.1510562 Test: 0.1816036
Validation loss decreased (0.163181 --> 0.151056).  Saving model ...
Updating learning rate to 0.01
    iters: 100, epoch: 3 | loss: 0.1627401 | speed: 0.0237s/iter; left: 376s
    iters: 200, epoch: 3 | loss: 0.1834140 | speed: 0.0169s/iter; left: 266s
    iters: 300, epoch: 3 | loss: 0.1541925 | speed: 0.0161s/iter; left: 253s
    iters: 400, epoch: 3 | loss: 0.1740979 | speed: 0.0171s/iter; left: 267s
    iters: 500, epoch: 3 | loss: 0.1781531 | speed: 0.0172s/iter; left: 266s
Epoch: 3, Steps: 571 | Train: 0.1674966 Vali: 0.1511186 Test: 0.2113376
EarlyStopping counter: 1 out of 15
Updating learning rate to 0.01
    iters: 100, epoch: 4 | loss: 0.2129996 | speed: 0.0244s/iter; left: 374s
    iters: 200, epoch: 4 | loss: 0.1392001 | speed: 0.0169s/iter; left: 256s
    iters: 300, epoch: 4 | loss: 0.2884040 | speed: 0.0160s/iter; left: 242s
    iters: 400, epoch: 4 | loss: 0.1836682 | speed: 0.0170s/iter; left: 255s
    iters: 500, epoch: 4 | loss: 0.1825948 | speed: 0.0173s/iter; left: 258s
Epoch: 4, Steps: 571 | Train: 0.1650781 Vali: 0.1492878 Test: 0.1845193
Validation loss decreased (0.151056 --> 0.149288).  Saving model ...
Updating learning rate to 0.008
    iters: 100, epoch: 5 | loss: 0.1658809 | speed: 0.0222s/iter; left: 328s
    iters: 200, epoch: 5 | loss: 0.1489029 | speed: 0.0158s/iter; left: 232s
    iters: 300, epoch: 5 | loss: 0.1518394 | speed: 0.0159s/iter; left: 232s
    iters: 400, epoch: 5 | loss: 0.1400973 | speed: 0.0162s/iter; left: 233s
    iters: 500, epoch: 5 | loss: 0.1564245 | speed: 0.0158s/iter; left: 227s
Epoch: 5, Steps: 571 | Train: 0.1614938 Vali: 0.1420682 Test: 0.1866273
Validation loss decreased (0.149288 --> 0.142068).  Saving model ...
Updating learning rate to 0.006400000000000001
    iters: 100, epoch: 6 | loss: 0.1628263 | speed: 0.0223s/iter; left: 317s
    iters: 200, epoch: 6 | loss: 0.1485109 | speed: 0.0164s/iter; left: 231s
    iters: 300, epoch: 6 | loss: 0.1822024 | speed: 0.0164s/iter; left: 229s
    iters: 400, epoch: 6 | loss: 0.1855388 | speed: 0.0163s/iter; left: 226s
    iters: 500, epoch: 6 | loss: 0.1583202 | speed: 0.0160s/iter; left: 220s
Epoch: 6, Steps: 571 | Train: 0.1581637 Vali: 0.1486771 Test: 0.1825838
EarlyStopping counter: 1 out of 15
Updating learning rate to 0.005120000000000001
    iters: 100, epoch: 7 | loss: 0.1487003 | speed: 0.0262s/iter; left: 357s
    iters: 200, epoch: 7 | loss: 0.1563244 | speed: 0.0192s/iter; left: 259s
    iters: 300, epoch: 7 | loss: 0.1420209 | speed: 0.0192s/iter; left: 257s
    iters: 400, epoch: 7 | loss: 0.1092876 | speed: 0.0193s/iter; left: 256s
    iters: 500, epoch: 7 | loss: 0.1277626 | speed: 0.0195s/iter; left: 258s
Epoch: 7, Steps: 571 | Train: 0.1578123 Vali: 0.1414316 Test: 0.1825313
Validation loss decreased (0.142068 --> 0.141432).  Saving model ...
Updating learning rate to 0.004096000000000001
    iters: 100, epoch: 8 | loss: 0.1878383 | speed: 0.0286s/iter; left: 373s
    iters: 200, epoch: 8 | loss: 0.2155503 | speed: 0.0224s/iter; left: 290s
    iters: 300, epoch: 8 | loss: 0.1674519 | speed: 0.0275s/iter; left: 353s
    iters: 400, epoch: 8 | loss: 0.1627715 | speed: 0.0224s/iter; left: 285s
    iters: 500, epoch: 8 | loss: 0.1155061 | speed: 0.0261s/iter; left: 330s
Epoch: 8, Steps: 571 | Train: 0.1555233 Vali: 0.1444791 Test: 0.1944989
EarlyStopping counter: 1 out of 15
Updating learning rate to 0.0032768000000000007
    iters: 100, epoch: 9 | loss: 0.1370673 | speed: 0.0316s/iter; left: 394s
    iters: 200, epoch: 9 | loss: 0.1653080 | speed: 0.0238s/iter; left: 294s
    iters: 300, epoch: 9 | loss: 0.1559335 | speed: 0.0299s/iter; left: 367s
    iters: 400, epoch: 9 | loss: 0.1475432 | speed: 0.0327s/iter; left: 398s
    iters: 500, epoch: 9 | loss: 0.1622492 | speed: 0.0340s/iter; left: 410s
Epoch: 9, Steps: 571 | Train: 0.1538026 Vali: 0.1487143 Test: 0.1960482
EarlyStopping counter: 2 out of 15
Updating learning rate to 0.002621440000000001
    iters: 100, epoch: 10 | loss: 0.1410962 | speed: 0.0470s/iter; left: 559s
    iters: 200, epoch: 10 | loss: 0.1399887 | speed: 0.0380s/iter; left: 449s
    iters: 300, epoch: 10 | loss: 0.1381232 | speed: 0.0336s/iter; left: 392s
    iters: 400, epoch: 10 | loss: 0.1160581 | speed: 0.0348s/iter; left: 403s
    iters: 500, epoch: 10 | loss: 0.1388971 | speed: 0.0340s/iter; left: 391s
Epoch: 10, Steps: 571 | Train: 0.1525133 Vali: 0.1484858 Test: 0.1786999
EarlyStopping counter: 3 out of 15
Updating learning rate to 0.002097152000000001
    iters: 100, epoch: 11 | loss: 0.1477715 | speed: 0.0482s/iter; left: 546s
    iters: 200, epoch: 11 | loss: 0.1327970 | speed: 0.0366s/iter; left: 411s
    iters: 300, epoch: 11 | loss: 0.1245353 | speed: 0.0356s/iter; left: 395s
    iters: 400, epoch: 11 | loss: 0.1198285 | speed: 0.0316s/iter; left: 348s
    iters: 500, epoch: 11 | loss: 0.2058884 | speed: 0.0343s/iter; left: 375s
Epoch: 11, Steps: 571 | Train: 0.1509045 Vali: 0.1446002 Test: 0.1859327
EarlyStopping counter: 4 out of 15
Updating learning rate to 0.001677721600000001
    iters: 100, epoch: 12 | loss: 0.1657004 | speed: 0.0468s/iter; left: 503s
    iters: 200, epoch: 12 | loss: 0.1777539 | speed: 0.0355s/iter; left: 378s
    iters: 300, epoch: 12 | loss: 0.1616357 | speed: 0.0348s/iter; left: 367s
    iters: 400, epoch: 12 | loss: 0.1624331 | speed: 0.0359s/iter; left: 375s
    iters: 500, epoch: 12 | loss: 0.1224699 | speed: 0.0349s/iter; left: 361s
Epoch: 12, Steps: 571 | Train: 0.1503743 Vali: 0.1440273 Test: 0.1831953
EarlyStopping counter: 5 out of 15
Updating learning rate to 0.0013421772800000006
    iters: 100, epoch: 13 | loss: 0.1636860 | speed: 0.0487s/iter; left: 496s
    iters: 200, epoch: 13 | loss: 0.1205544 | speed: 0.0384s/iter; left: 387s
    iters: 300, epoch: 13 | loss: 0.1532946 | speed: 0.0357s/iter; left: 357s
    iters: 400, epoch: 13 | loss: 0.1338331 | speed: 0.0372s/iter; left: 367s
    iters: 500, epoch: 13 | loss: 0.1206796 | speed: 0.0358s/iter; left: 350s
Epoch: 13, Steps: 571 | Train: 0.1493573 Vali: 0.1506747 Test: 0.1874624
EarlyStopping counter: 6 out of 15
Updating learning rate to 0.0010737418240000006
    iters: 100, epoch: 14 | loss: 0.1870488 | speed: 0.0420s/iter; left: 404s
    iters: 200, epoch: 14 | loss: 0.1641872 | speed: 0.0353s/iter; left: 336s
    iters: 300, epoch: 14 | loss: 0.1220514 | speed: 0.0351s/iter; left: 330s
    iters: 400, epoch: 14 | loss: 0.1274229 | speed: 0.0352s/iter; left: 328s
    iters: 500, epoch: 14 | loss: 0.1639547 | speed: 0.0345s/iter; left: 318s
Epoch: 14, Steps: 571 | Train: 0.1486091 Vali: 0.1471373 Test: 0.1882139
EarlyStopping counter: 7 out of 15
Updating learning rate to 0.0008589934592000006
    iters: 100, epoch: 15 | loss: 0.1713741 | speed: 0.0450s/iter; left: 406s
    iters: 200, epoch: 15 | loss: 0.1483774 | speed: 0.0362s/iter; left: 324s
    iters: 300, epoch: 15 | loss: 0.2008644 | speed: 0.0328s/iter; left: 290s
    iters: 400, epoch: 15 | loss: 0.1718774 | speed: 0.0357s/iter; left: 312s
    iters: 500, epoch: 15 | loss: 0.1548321 | speed: 0.0224s/iter; left: 194s
Epoch: 15, Steps: 571 | Train: 0.1480725 Vali: 0.1473180 Test: 0.1825185
EarlyStopping counter: 8 out of 15
Updating learning rate to 0.0006871947673600004
    iters: 100, epoch: 16 | loss: 0.1492289 | speed: 0.0444s/iter; left: 376s
    iters: 200, epoch: 16 | loss: 0.1260691 | speed: 0.0345s/iter; left: 289s
    iters: 300, epoch: 16 | loss: 0.1173782 | speed: 0.0297s/iter; left: 245s
    iters: 400, epoch: 16 | loss: 0.1249723 | speed: 0.0337s/iter; left: 275s
    iters: 500, epoch: 16 | loss: 0.1537660 | speed: 0.0369s/iter; left: 298s
Epoch: 16, Steps: 571 | Train: 0.1474721 Vali: 0.1462139 Test: 0.1834604
EarlyStopping counter: 9 out of 15
Updating learning rate to 0.0005497558138880004
    iters: 100, epoch: 17 | loss: 0.1312577 | speed: 0.0428s/iter; left: 338s
    iters: 200, epoch: 17 | loss: 0.1352850 | speed: 0.0335s/iter; left: 261s
    iters: 300, epoch: 17 | loss: 0.1415260 | speed: 0.0332s/iter; left: 255s
    iters: 400, epoch: 17 | loss: 0.1489668 | speed: 0.0322s/iter; left: 245s
    iters: 500, epoch: 17 | loss: 0.1664029 | speed: 0.0351s/iter; left: 263s
Epoch: 17, Steps: 571 | Train: 0.1471591 Vali: 0.1496619 Test: 0.1853437
EarlyStopping counter: 10 out of 15
Updating learning rate to 0.00043980465111040037
    iters: 100, epoch: 18 | loss: 0.1332842 | speed: 0.0405s/iter; left: 297s
    iters: 200, epoch: 18 | loss: 0.1340850 | speed: 0.0368s/iter; left: 266s
    iters: 300, epoch: 18 | loss: 0.1346001 | speed: 0.0326s/iter; left: 232s
    iters: 400, epoch: 18 | loss: 0.1081942 | speed: 0.0337s/iter; left: 237s
    iters: 500, epoch: 18 | loss: 0.1363506 | speed: 0.0332s/iter; left: 230s
Epoch: 18, Steps: 571 | Train: 0.1468775 Vali: 0.1474981 Test: 0.1853382
EarlyStopping counter: 11 out of 15
Updating learning rate to 0.0003518437208883203
    iters: 100, epoch: 19 | loss: 0.1337770 | speed: 0.0421s/iter; left: 284s
    iters: 200, epoch: 19 | loss: 0.1430262 | speed: 0.0309s/iter; left: 206s
    iters: 300, epoch: 19 | loss: 0.1536938 | speed: 0.0335s/iter; left: 219s
    iters: 400, epoch: 19 | loss: 0.1578411 | speed: 0.0300s/iter; left: 193s
    iters: 500, epoch: 19 | loss: 0.1395913 | speed: 0.0339s/iter; left: 215s
Epoch: 19, Steps: 571 | Train: 0.1464393 Vali: 0.1491549 Test: 0.1849498
EarlyStopping counter: 12 out of 15
Updating learning rate to 0.00028147497671065624
    iters: 100, epoch: 20 | loss: 0.1590330 | speed: 0.0426s/iter; left: 263s
    iters: 200, epoch: 20 | loss: 0.1423562 | speed: 0.0326s/iter; left: 198s
    iters: 300, epoch: 20 | loss: 0.1478239 | speed: 0.0312s/iter; left: 186s
    iters: 400, epoch: 20 | loss: 0.1274072 | speed: 0.0324s/iter; left: 191s
    iters: 500, epoch: 20 | loss: 0.1529215 | speed: 0.0305s/iter; left: 177s
Epoch: 20, Steps: 571 | Train: 0.1463352 Vali: 0.1490582 Test: 0.1870309
EarlyStopping counter: 13 out of 15
Updating learning rate to 0.00022517998136852504
    iters: 100, epoch: 21 | loss: 0.1309488 | speed: 0.0448s/iter; left: 251s
    iters: 200, epoch: 21 | loss: 0.1496654 | speed: 0.0333s/iter; left: 183s
    iters: 300, epoch: 21 | loss: 0.1359207 | speed: 0.0314s/iter; left: 170s
    iters: 400, epoch: 21 | loss: 0.1722510 | speed: 0.0320s/iter; left: 170s
    iters: 500, epoch: 21 | loss: 0.1568734 | speed: 0.0361s/iter; left: 188s
Epoch: 21, Steps: 571 | Train: 0.1460509 Vali: 0.1466042 Test: 0.1852782
EarlyStopping counter: 14 out of 15
Updating learning rate to 0.00018014398509482002
    iters: 100, epoch: 22 | loss: 0.1424331 | speed: 0.0282s/iter; left: 142s
    iters: 200, epoch: 22 | loss: 0.1385601 | speed: 0.0230s/iter; left: 114s
    iters: 300, epoch: 22 | loss: 0.1389232 | speed: 0.0180s/iter; left: 87s
    iters: 400, epoch: 22 | loss: 0.1569355 | speed: 0.0208s/iter; left: 99s
    iters: 500, epoch: 22 | loss: 0.1427827 | speed: 0.0231s/iter; left: 107s
Epoch: 22, Steps: 571 | Train: 0.1458389 Vali: 0.1519526 Test: 0.1855839
EarlyStopping counter: 15 out of 15
Early stopping at epoch 22
STAGE 1 RESULT: mse=0.1809, mae=0.2499, smape=41.1166

============================================================
STAGE 2: Load MRT + add Freq branch (frozen backbone/MRT/cycle, max_epochs=3, patience=3)
============================================================
train 36601
val 5161
test 10417
Loaded 10 params from stage1, 0 new (Freq branch)
Trainable: 105,626 / 126,999 (83.2%)  freeze_backbone=0
    iters: 100, epoch: 1 | loss: 0.1968240 | speed: 0.0367s/iter; left: 59s
    iters: 200, epoch: 1 | loss: 0.1380738 | speed: 0.0262s/iter; left: 40s
    iters: 300, epoch: 1 | loss: 0.1300127 | speed: 0.0255s/iter; left: 36s
    iters: 400, epoch: 1 | loss: 0.1688731 | speed: 0.0259s/iter; left: 34s
    iters: 500, epoch: 1 | loss: 0.1451487 | speed: 0.0264s/iter; left: 32s
Epoch: 1, Train: 0.1509855 Vali: 0.1422103
[diag s2-1]  freq.rs=+0.0060 mask.mean=0.438 mask.std=0.141  mrt.rs=+0.4672
Validation loss decreased (inf --> 0.142210).  Saving model ...
    iters: 100, epoch: 2 | loss: 0.1429642 | speed: 0.0403s/iter; left: 42s
    iters: 200, epoch: 2 | loss: 0.1422572 | speed: 0.0273s/iter; left: 26s
    iters: 300, epoch: 2 | loss: 0.1678847 | speed: 0.0275s/iter; left: 23s
    iters: 400, epoch: 2 | loss: 0.1230892 | speed: 0.0265s/iter; left: 20s
    iters: 500, epoch: 2 | loss: 0.1662519 | speed: 0.0276s/iter; left: 18s
Epoch: 2, Train: 0.1499992 Vali: 0.1426954
[diag s2-2]  freq.rs=+0.0086 mask.mean=0.437 mask.std=0.141  mrt.rs=+0.4672
EarlyStopping counter: 1 out of 3
    iters: 100, epoch: 3 | loss: 0.1671400 | speed: 0.0373s/iter; left: 18s
    iters: 200, epoch: 3 | loss: 0.1339636 | speed: 0.0271s/iter; left: 10s
    iters: 300, epoch: 3 | loss: 0.1574614 | speed: 0.0268s/iter; left: 7s
    iters: 400, epoch: 3 | loss: 0.1606651 | speed: 0.0280s/iter; left: 5s
    iters: 500, epoch: 3 | loss: 0.1637533 | speed: 0.0294s/iter; left: 2s
Epoch: 3, Train: 0.1495378 Vali: 0.1448058
[diag s2-3]  freq.rs=+0.0159 mask.mean=0.437 mask.std=0.141  mrt.rs=+0.4672
EarlyStopping counter: 2 out of 3
STAGE 2 complete.

============================================================
STAGE 2 ONLY: Testing from Stage 2 checkpoint
============================================================
train 36601
val 5161
test 10417
[diag stage2-final]  freq.rs=+0.0060 mask.mean=0.438 mask.std=0.141  mrt.rs=+0.4672

============================================================
FINAL RESULT (Stage 2 only): mse=0.1848, mae=0.2459, smape=40.4653
============================================================
