============================================================
CONFIGURATION
============================================================
Device     : cuda:0
Dataset    : solar
Pred len   : 192
Seed       : 2024

--- Data ---
enc_in     : 137
seq_len    : 96
cycle      : 144
use_revin  : 0
batch_size : 64

--- Model ---
model_type : mlp
d_model    : 512
mrt_layers : 1
freq_layers: 0
fusion     : mode=serial, gate=0, sparsity=0.0

--- Training ---
base_lr    : 0.01
Stage1     : epochs=30, patience=15
Stage2     : epochs=3, patience=3, freeze_backbone=0
Stage3     : SKIPPED (stage2_only)
============================================================

============================================================
STAGE 1: Train MRT only (freq_layers=0)
============================================================
train 36505
val 5065
test 10321
    iters: 100, epoch: 1 | loss: 0.2351642 | speed: 0.0417s/iter; left: 709s
    iters: 200, epoch: 1 | loss: 0.2225852 | speed: 0.0233s/iter; left: 394s
    iters: 300, epoch: 1 | loss: 0.2273871 | speed: 0.0232s/iter; left: 390s
    iters: 400, epoch: 1 | loss: 0.2008568 | speed: 0.0215s/iter; left: 359s
    iters: 500, epoch: 1 | loss: 0.2679826 | speed: 0.0278s/iter; left: 461s
Epoch: 1, Steps: 570 | Train: 0.2491221 Vali: 0.1734760 Test: 0.2640383
Validation loss decreased (inf --> 0.173476).  Saving model ...
Updating learning rate to 0.01
    iters: 100, epoch: 2 | loss: 0.2229464 | speed: 0.0418s/iter; left: 687s
    iters: 200, epoch: 2 | loss: 0.1693870 | speed: 0.0346s/iter; left: 565s
    iters: 300, epoch: 2 | loss: 0.1984276 | speed: 0.0380s/iter; left: 616s
    iters: 400, epoch: 2 | loss: 0.1893932 | speed: 0.0366s/iter; left: 590s
    iters: 500, epoch: 2 | loss: 0.1830227 | speed: 0.0363s/iter; left: 583s
Epoch: 2, Steps: 570 | Train: 0.1922430 Vali: 0.1554822 Test: 0.2071696
Validation loss decreased (0.173476 --> 0.155482).  Saving model ...
Updating learning rate to 0.01
    iters: 100, epoch: 3 | loss: 0.1789660 | speed: 0.0433s/iter; left: 686s
    iters: 200, epoch: 3 | loss: 0.1656617 | speed: 0.0375s/iter; left: 592s
    iters: 300, epoch: 3 | loss: 0.1672478 | speed: 0.0379s/iter; left: 593s
    iters: 400, epoch: 3 | loss: 0.1941433 | speed: 0.0373s/iter; left: 581s
    iters: 500, epoch: 3 | loss: 0.1846026 | speed: 0.0258s/iter; left: 399s
Epoch: 3, Steps: 570 | Train: 0.1782676 Vali: 0.1603145 Test: 0.2111416
EarlyStopping counter: 1 out of 15
Updating learning rate to 0.01
    iters: 100, epoch: 4 | loss: 0.1653603 | speed: 0.0311s/iter; left: 476s
    iters: 200, epoch: 4 | loss: 0.2151306 | speed: 0.0251s/iter; left: 381s
    iters: 300, epoch: 4 | loss: 0.1570012 | speed: 0.0226s/iter; left: 341s
    iters: 400, epoch: 4 | loss: 0.1768281 | speed: 0.0260s/iter; left: 390s
    iters: 500, epoch: 4 | loss: 0.1680556 | speed: 0.0234s/iter; left: 349s
Epoch: 4, Steps: 570 | Train: 0.1774216 Vali: 0.1558486 Test: 0.2040321
EarlyStopping counter: 2 out of 15
Updating learning rate to 0.008
    iters: 100, epoch: 5 | loss: 0.2141812 | speed: 0.0382s/iter; left: 562s
    iters: 200, epoch: 5 | loss: 0.1873488 | speed: 0.0255s/iter; left: 372s
    iters: 300, epoch: 5 | loss: 0.1772354 | speed: 0.0231s/iter; left: 335s
    iters: 400, epoch: 5 | loss: 0.1370927 | speed: 0.0259s/iter; left: 374s
    iters: 500, epoch: 5 | loss: 0.1793573 | speed: 0.0254s/iter; left: 363s
Epoch: 5, Steps: 570 | Train: 0.1734100 Vali: 0.1548182 Test: 0.2066307
Validation loss decreased (0.155482 --> 0.154818).  Saving model ...
Updating learning rate to 0.006400000000000001
    iters: 100, epoch: 6 | loss: 0.1881505 | speed: 0.0268s/iter; left: 380s
    iters: 200, epoch: 6 | loss: 0.1750284 | speed: 0.0216s/iter; left: 304s
    iters: 300, epoch: 6 | loss: 0.1565833 | speed: 0.0204s/iter; left: 285s
    iters: 400, epoch: 6 | loss: 0.1639741 | speed: 0.0208s/iter; left: 288s
    iters: 500, epoch: 6 | loss: 0.1650490 | speed: 0.0215s/iter; left: 296s
Epoch: 6, Steps: 570 | Train: 0.1711902 Vali: 0.1524905 Test: 0.2063247
Validation loss decreased (0.154818 --> 0.152490).  Saving model ...
Updating learning rate to 0.005120000000000001
    iters: 100, epoch: 7 | loss: 0.1865657 | speed: 0.0351s/iter; left: 477s
    iters: 200, epoch: 7 | loss: 0.1730302 | speed: 0.0231s/iter; left: 312s
    iters: 300, epoch: 7 | loss: 0.1775938 | speed: 0.0221s/iter; left: 296s
    iters: 400, epoch: 7 | loss: 0.1682622 | speed: 0.0262s/iter; left: 348s
    iters: 500, epoch: 7 | loss: 0.1624300 | speed: 0.0249s/iter; left: 328s
Epoch: 7, Steps: 570 | Train: 0.1703134 Vali: 0.1626427 Test: 0.1987450
EarlyStopping counter: 1 out of 15
Updating learning rate to 0.004096000000000001
    iters: 100, epoch: 8 | loss: 0.1707875 | speed: 0.0432s/iter; left: 562s
    iters: 200, epoch: 8 | loss: 0.1834901 | speed: 0.0348s/iter; left: 450s
    iters: 300, epoch: 8 | loss: 0.1489269 | speed: 0.0331s/iter; left: 423s
    iters: 400, epoch: 8 | loss: 0.1716787 | speed: 0.0365s/iter; left: 463s
    iters: 500, epoch: 8 | loss: 0.1686374 | speed: 0.0399s/iter; left: 504s
Epoch: 8, Steps: 570 | Train: 0.1686413 Vali: 0.1533493 Test: 0.2046965
EarlyStopping counter: 2 out of 15
Updating learning rate to 0.0032768000000000007
    iters: 100, epoch: 9 | loss: 0.1633565 | speed: 0.0417s/iter; left: 519s
    iters: 200, epoch: 9 | loss: 0.1987024 | speed: 0.0365s/iter; left: 451s
    iters: 300, epoch: 9 | loss: 0.1560616 | speed: 0.0343s/iter; left: 420s
    iters: 400, epoch: 9 | loss: 0.1522145 | speed: 0.0343s/iter; left: 416s
    iters: 500, epoch: 9 | loss: 0.1370920 | speed: 0.0355s/iter; left: 427s
Epoch: 9, Steps: 570 | Train: 0.1668894 Vali: 0.1575494 Test: 0.1978094
EarlyStopping counter: 3 out of 15
Updating learning rate to 0.002621440000000001
    iters: 100, epoch: 10 | loss: 0.1435859 | speed: 0.0428s/iter; left: 508s
    iters: 200, epoch: 10 | loss: 0.1469689 | speed: 0.0350s/iter; left: 412s
    iters: 300, epoch: 10 | loss: 0.1724058 | speed: 0.0362s/iter; left: 422s
    iters: 400, epoch: 10 | loss: 0.1783715 | speed: 0.0366s/iter; left: 423s
    iters: 500, epoch: 10 | loss: 0.1718761 | speed: 0.0352s/iter; left: 404s
Epoch: 10, Steps: 570 | Train: 0.1657220 Vali: 0.1583071 Test: 0.1980371
EarlyStopping counter: 4 out of 15
Updating learning rate to 0.002097152000000001
    iters: 100, epoch: 11 | loss: 0.1898173 | speed: 0.0422s/iter; left: 477s
    iters: 200, epoch: 11 | loss: 0.1914896 | speed: 0.0325s/iter; left: 364s
    iters: 300, epoch: 11 | loss: 0.1835450 | speed: 0.0351s/iter; left: 389s
    iters: 400, epoch: 11 | loss: 0.1684169 | speed: 0.0340s/iter; left: 374s
    iters: 500, epoch: 11 | loss: 0.1806891 | speed: 0.0375s/iter; left: 409s
Epoch: 11, Steps: 570 | Train: 0.1650555 Vali: 0.1571470 Test: 0.1959839
EarlyStopping counter: 5 out of 15
Updating learning rate to 0.001677721600000001
    iters: 100, epoch: 12 | loss: 0.1585048 | speed: 0.0422s/iter; left: 453s
    iters: 200, epoch: 12 | loss: 0.1577876 | speed: 0.0368s/iter; left: 391s
    iters: 300, epoch: 12 | loss: 0.1760002 | speed: 0.0375s/iter; left: 394s
    iters: 400, epoch: 12 | loss: 0.1823693 | speed: 0.0337s/iter; left: 351s
    iters: 500, epoch: 12 | loss: 0.1597330 | speed: 0.0376s/iter; left: 389s
Epoch: 12, Steps: 570 | Train: 0.1640496 Vali: 0.1565988 Test: 0.1956151
EarlyStopping counter: 6 out of 15
Updating learning rate to 0.0013421772800000006
    iters: 100, epoch: 13 | loss: 0.1769445 | speed: 0.0443s/iter; left: 450s
    iters: 200, epoch: 13 | loss: 0.1662325 | speed: 0.0359s/iter; left: 361s
    iters: 300, epoch: 13 | loss: 0.1773224 | speed: 0.0346s/iter; left: 344s
    iters: 400, epoch: 13 | loss: 0.1866932 | speed: 0.0363s/iter; left: 358s
    iters: 500, epoch: 13 | loss: 0.1430916 | speed: 0.0353s/iter; left: 344s
Epoch: 13, Steps: 570 | Train: 0.1633643 Vali: 0.1553801 Test: 0.1995190
EarlyStopping counter: 7 out of 15
Updating learning rate to 0.0010737418240000006
    iters: 100, epoch: 14 | loss: 0.1836337 | speed: 0.0432s/iter; left: 414s
    iters: 200, epoch: 14 | loss: 0.1722081 | speed: 0.0365s/iter; left: 346s
    iters: 300, epoch: 14 | loss: 0.1524448 | speed: 0.0346s/iter; left: 325s
    iters: 400, epoch: 14 | loss: 0.1668865 | speed: 0.0334s/iter; left: 311s
    iters: 500, epoch: 14 | loss: 0.1798244 | speed: 0.0355s/iter; left: 326s
Epoch: 14, Steps: 570 | Train: 0.1626339 Vali: 0.1553306 Test: 0.1981841
EarlyStopping counter: 8 out of 15
Updating learning rate to 0.0008589934592000006
    iters: 100, epoch: 15 | loss: 0.1773910 | speed: 0.0387s/iter; left: 349s
    iters: 200, epoch: 15 | loss: 0.1822452 | speed: 0.0370s/iter; left: 330s
    iters: 300, epoch: 15 | loss: 0.1487526 | speed: 0.0340s/iter; left: 300s
    iters: 400, epoch: 15 | loss: 0.1364147 | speed: 0.0362s/iter; left: 315s
    iters: 500, epoch: 15 | loss: 0.1665963 | speed: 0.0339s/iter; left: 292s
Epoch: 15, Steps: 570 | Train: 0.1623204 Vali: 0.1583905 Test: 0.1958088
EarlyStopping counter: 9 out of 15
Updating learning rate to 0.0006871947673600004
    iters: 100, epoch: 16 | loss: 0.1502444 | speed: 0.0432s/iter; left: 365s
    iters: 200, epoch: 16 | loss: 0.1607351 | speed: 0.0333s/iter; left: 278s
    iters: 300, epoch: 16 | loss: 0.1698916 | speed: 0.0217s/iter; left: 179s
    iters: 400, epoch: 16 | loss: 0.1455105 | speed: 0.0201s/iter; left: 163s
    iters: 500, epoch: 16 | loss: 0.1800263 | speed: 0.0216s/iter; left: 174s
Epoch: 16, Steps: 570 | Train: 0.1617476 Vali: 0.1563181 Test: 0.2019442
EarlyStopping counter: 10 out of 15
Updating learning rate to 0.0005497558138880004
    iters: 100, epoch: 17 | loss: 0.1657604 | speed: 0.0463s/iter; left: 365s
    iters: 200, epoch: 17 | loss: 0.1625362 | speed: 0.0374s/iter; left: 291s
    iters: 300, epoch: 17 | loss: 0.1502032 | speed: 0.0343s/iter; left: 264s
    iters: 400, epoch: 17 | loss: 0.1483000 | speed: 0.0376s/iter; left: 285s
    iters: 500, epoch: 17 | loss: 0.1595328 | speed: 0.0327s/iter; left: 244s
Epoch: 17, Steps: 570 | Train: 0.1616100 Vali: 0.1571692 Test: 0.1972669
EarlyStopping counter: 11 out of 15
Updating learning rate to 0.00043980465111040037
    iters: 100, epoch: 18 | loss: 0.1698313 | speed: 0.0463s/iter; left: 339s
    iters: 200, epoch: 18 | loss: 0.1934156 | speed: 0.0384s/iter; left: 277s
    iters: 300, epoch: 18 | loss: 0.1752182 | speed: 0.0343s/iter; left: 244s
    iters: 400, epoch: 18 | loss: 0.1592335 | speed: 0.0324s/iter; left: 227s
    iters: 500, epoch: 18 | loss: 0.1655040 | speed: 0.0369s/iter; left: 255s
Epoch: 18, Steps: 570 | Train: 0.1611395 Vali: 0.1574098 Test: 0.2028443
EarlyStopping counter: 12 out of 15
Updating learning rate to 0.0003518437208883203
    iters: 100, epoch: 19 | loss: 0.1835080 | speed: 0.0413s/iter; left: 279s
    iters: 200, epoch: 19 | loss: 0.1640883 | speed: 0.0339s/iter; left: 225s
    iters: 300, epoch: 19 | loss: 0.1788123 | speed: 0.0350s/iter; left: 229s
    iters: 400, epoch: 19 | loss: 0.1520082 | speed: 0.0343s/iter; left: 221s
    iters: 500, epoch: 19 | loss: 0.1752113 | speed: 0.0335s/iter; left: 212s
Epoch: 19, Steps: 570 | Train: 0.1607816 Vali: 0.1574738 Test: 0.1993160
EarlyStopping counter: 13 out of 15
Updating learning rate to 0.00028147497671065624
    iters: 100, epoch: 20 | loss: 0.1569056 | speed: 0.0435s/iter; left: 268s
    iters: 200, epoch: 20 | loss: 0.1541831 | speed: 0.0366s/iter; left: 222s
    iters: 300, epoch: 20 | loss: 0.1614274 | speed: 0.0354s/iter; left: 211s
    iters: 400, epoch: 20 | loss: 0.1605708 | speed: 0.0379s/iter; left: 222s
    iters: 500, epoch: 20 | loss: 0.1719578 | speed: 0.0357s/iter; left: 206s
Epoch: 20, Steps: 570 | Train: 0.1605844 Vali: 0.1589104 Test: 0.1984410
EarlyStopping counter: 14 out of 15
Updating learning rate to 0.00022517998136852504
    iters: 100, epoch: 21 | loss: 0.1645256 | speed: 0.0448s/iter; left: 251s
    iters: 200, epoch: 21 | loss: 0.1490831 | speed: 0.0379s/iter; left: 209s
    iters: 300, epoch: 21 | loss: 0.1713650 | speed: 0.0362s/iter; left: 196s
    iters: 400, epoch: 21 | loss: 0.1662647 | speed: 0.0353s/iter; left: 187s
    iters: 500, epoch: 21 | loss: 0.1413957 | speed: 0.0344s/iter; left: 179s
Epoch: 21, Steps: 570 | Train: 0.1603575 Vali: 0.1570251 Test: 0.2005535
EarlyStopping counter: 15 out of 15
Early stopping at epoch 21
STAGE 1 RESULT: mse=0.2058, mae=0.2664, smape=42.2863

============================================================
STAGE 2: Load MRT + add Freq branch (frozen backbone/MRT/cycle, max_epochs=3, patience=3)
============================================================
train 36505
val 5065
test 10321
Loaded 10 params from stage1, 0 new (Freq branch)
Trainable: 154,874 / 176,247 (87.9%)  freeze_backbone=0
    iters: 100, epoch: 1 | loss: 0.1628322 | speed: 0.0387s/iter; left: 62s
    iters: 200, epoch: 1 | loss: 0.1608030 | speed: 0.0325s/iter; left: 49s
    iters: 300, epoch: 1 | loss: 0.1791575 | speed: 0.0362s/iter; left: 51s
    iters: 400, epoch: 1 | loss: 0.1632927 | speed: 0.0309s/iter; left: 40s
    iters: 500, epoch: 1 | loss: 0.1682098 | speed: 0.0282s/iter; left: 34s
Epoch: 1, Train: 0.1650874 Vali: 0.1538631
[diag s2-1]  freq.rs=-0.0072 mask.mean=0.438 mask.std=0.141  mrt.rs=+0.4741
Validation loss decreased (inf --> 0.153863).  Saving model ...
    iters: 100, epoch: 2 | loss: 0.1644028 | speed: 0.0409s/iter; left: 43s
    iters: 200, epoch: 2 | loss: 0.1810137 | speed: 0.0308s/iter; left: 29s
    iters: 300, epoch: 2 | loss: 0.1695328 | speed: 0.0334s/iter; left: 28s
    iters: 400, epoch: 2 | loss: 0.1611737 | speed: 0.0333s/iter; left: 25s
    iters: 500, epoch: 2 | loss: 0.1834795 | speed: 0.0318s/iter; left: 20s
Epoch: 2, Train: 0.1643592 Vali: 0.1544056
[diag s2-2]  freq.rs=-0.0198 mask.mean=0.438 mask.std=0.141  mrt.rs=+0.4741
EarlyStopping counter: 1 out of 3
    iters: 100, epoch: 3 | loss: 0.1770066 | speed: 0.0391s/iter; left: 18s
    iters: 200, epoch: 3 | loss: 0.1410018 | speed: 0.0317s/iter; left: 12s
    iters: 300, epoch: 3 | loss: 0.1641730 | speed: 0.0342s/iter; left: 9s
    iters: 400, epoch: 3 | loss: 0.1501650 | speed: 0.0321s/iter; left: 5s
    iters: 500, epoch: 3 | loss: 0.1640870 | speed: 0.0306s/iter; left: 2s
Epoch: 3, Train: 0.1639704 Vali: 0.1537610
[diag s2-3]  freq.rs=-0.0442 mask.mean=0.438 mask.std=0.142  mrt.rs=+0.4741
Validation loss decreased (0.153863 --> 0.153761).  Saving model ...
STAGE 2 complete.

============================================================
STAGE 2 ONLY: Testing from Stage 2 checkpoint
============================================================
train 36505
val 5065
test 10321
[diag stage2-final]  freq.rs=-0.0442 mask.mean=0.438 mask.std=0.142  mrt.rs=+0.4741

============================================================
FINAL RESULT (Stage 2 only): mse=0.1987, mae=0.2550, smape=40.6576
============================================================
