============================================================
CONFIGURATION
============================================================
Device     : cuda:0
Dataset    : solar
Pred len   : 336
Seed       : 2024

--- Data ---
enc_in     : 137
seq_len    : 96
cycle      : 144
use_revin  : 0
batch_size : 64

--- Model ---
model_type : mlp
d_model    : 512
mrt_layers : 1
freq_layers: 0
fusion     : mode=serial, gate=0, sparsity=0.0

--- Training ---
base_lr    : 0.01
Stage1     : epochs=30, patience=15
Stage2     : epochs=3, patience=3, freeze_backbone=0
Stage3     : SKIPPED (stage2_only)
============================================================

============================================================
STAGE 1: Train MRT only (freq_layers=0)
============================================================
train 36361
val 4921
test 10177
    iters: 100, epoch: 1 | loss: 0.2434614 | speed: 0.0429s/iter; left: 726s
    iters: 200, epoch: 1 | loss: 0.2262791 | speed: 0.0248s/iter; left: 417s
    iters: 300, epoch: 1 | loss: 0.2375502 | speed: 0.0253s/iter; left: 423s
    iters: 400, epoch: 1 | loss: 0.2135787 | speed: 0.0244s/iter; left: 405s
    iters: 500, epoch: 1 | loss: 0.1986224 | speed: 0.0249s/iter; left: 411s
Epoch: 1, Steps: 568 | Train: 0.2580783 Vali: 0.1839625 Test: 0.2867597
Validation loss decreased (inf --> 0.183962).  Saving model ...
Updating learning rate to 0.01
    iters: 100, epoch: 2 | loss: 0.2009682 | speed: 0.0334s/iter; left: 546s
    iters: 200, epoch: 2 | loss: 0.1818470 | speed: 0.0251s/iter; left: 408s
    iters: 300, epoch: 2 | loss: 0.1922096 | speed: 0.0257s/iter; left: 415s
    iters: 400, epoch: 2 | loss: 0.1911591 | speed: 0.0250s/iter; left: 402s
    iters: 500, epoch: 2 | loss: 0.2049103 | speed: 0.0248s/iter; left: 397s
Epoch: 2, Steps: 568 | Train: 0.2007124 Vali: 0.1671245 Test: 0.2266436
Validation loss decreased (0.183962 --> 0.167125).  Saving model ...
Updating learning rate to 0.01
    iters: 100, epoch: 3 | loss: 0.1753459 | speed: 0.0333s/iter; left: 526s
    iters: 200, epoch: 3 | loss: 0.2072090 | speed: 0.0254s/iter; left: 399s
    iters: 300, epoch: 3 | loss: 0.1816391 | speed: 0.0253s/iter; left: 395s
    iters: 400, epoch: 3 | loss: 0.1813177 | speed: 0.0251s/iter; left: 390s
    iters: 500, epoch: 3 | loss: 0.1929217 | speed: 0.0249s/iter; left: 384s
Epoch: 3, Steps: 568 | Train: 0.1857907 Vali: 0.1658217 Test: 0.2167733
Validation loss decreased (0.167125 --> 0.165822).  Saving model ...
Updating learning rate to 0.01
    iters: 100, epoch: 4 | loss: 0.1835241 | speed: 0.0329s/iter; left: 501s
    iters: 200, epoch: 4 | loss: 0.1748024 | speed: 0.0244s/iter; left: 370s
    iters: 300, epoch: 4 | loss: 0.2216578 | speed: 0.0249s/iter; left: 374s
    iters: 400, epoch: 4 | loss: 0.1842490 | speed: 0.0253s/iter; left: 377s
    iters: 500, epoch: 4 | loss: 0.1814785 | speed: 0.0250s/iter; left: 371s
Epoch: 4, Steps: 568 | Train: 0.1845600 Vali: 0.1667476 Test: 0.2104863
EarlyStopping counter: 1 out of 15
Updating learning rate to 0.008
    iters: 100, epoch: 5 | loss: 0.1634766 | speed: 0.0329s/iter; left: 483s
    iters: 200, epoch: 5 | loss: 0.2013681 | speed: 0.0255s/iter; left: 372s
    iters: 300, epoch: 5 | loss: 0.1809964 | speed: 0.0248s/iter; left: 358s
    iters: 400, epoch: 5 | loss: 0.1915622 | speed: 0.0256s/iter; left: 367s
    iters: 500, epoch: 5 | loss: 0.1801099 | speed: 0.0258s/iter; left: 368s
Epoch: 5, Steps: 568 | Train: 0.1816138 Vali: 0.1669486 Test: 0.2228825
EarlyStopping counter: 2 out of 15
Updating learning rate to 0.006400000000000001
    iters: 100, epoch: 6 | loss: 0.1723479 | speed: 0.0316s/iter; left: 446s
    iters: 200, epoch: 6 | loss: 0.1772749 | speed: 0.0259s/iter; left: 362s
    iters: 300, epoch: 6 | loss: 0.1660038 | speed: 0.0243s/iter; left: 338s
    iters: 400, epoch: 6 | loss: 0.1722581 | speed: 0.0249s/iter; left: 344s
    iters: 500, epoch: 6 | loss: 0.1993945 | speed: 0.0253s/iter; left: 346s
Epoch: 6, Steps: 568 | Train: 0.1786354 Vali: 0.1658090 Test: 0.2255722
Validation loss decreased (0.165822 --> 0.165809).  Saving model ...
Updating learning rate to 0.005120000000000001
    iters: 100, epoch: 7 | loss: 0.1714377 | speed: 0.0326s/iter; left: 441s
    iters: 200, epoch: 7 | loss: 0.1733876 | speed: 0.0252s/iter; left: 338s
    iters: 300, epoch: 7 | loss: 0.1778380 | speed: 0.0262s/iter; left: 349s
    iters: 400, epoch: 7 | loss: 0.1887229 | speed: 0.0248s/iter; left: 328s
    iters: 500, epoch: 7 | loss: 0.1729884 | speed: 0.0249s/iter; left: 327s
Epoch: 7, Steps: 568 | Train: 0.1772031 Vali: 0.1646319 Test: 0.2085230
Validation loss decreased (0.165809 --> 0.164632).  Saving model ...
Updating learning rate to 0.004096000000000001
    iters: 100, epoch: 8 | loss: 0.1822185 | speed: 0.0336s/iter; left: 436s
    iters: 200, epoch: 8 | loss: 0.1743132 | speed: 0.0252s/iter; left: 324s
    iters: 300, epoch: 8 | loss: 0.1725928 | speed: 0.0248s/iter; left: 316s
    iters: 400, epoch: 8 | loss: 0.1695035 | speed: 0.0254s/iter; left: 322s
    iters: 500, epoch: 8 | loss: 0.1758113 | speed: 0.0254s/iter; left: 319s
Epoch: 8, Steps: 568 | Train: 0.1758755 Vali: 0.1651768 Test: 0.2181432
EarlyStopping counter: 1 out of 15
Updating learning rate to 0.0032768000000000007
    iters: 100, epoch: 9 | loss: 0.1732133 | speed: 0.0332s/iter; left: 412s
    iters: 200, epoch: 9 | loss: 0.1735837 | speed: 0.0248s/iter; left: 305s
    iters: 300, epoch: 9 | loss: 0.1668404 | speed: 0.0254s/iter; left: 310s
    iters: 400, epoch: 9 | loss: 0.1565981 | speed: 0.0263s/iter; left: 318s
    iters: 500, epoch: 9 | loss: 0.1680817 | speed: 0.0253s/iter; left: 304s
Epoch: 9, Steps: 568 | Train: 0.1747508 Vali: 0.1625428 Test: 0.2097599
Validation loss decreased (0.164632 --> 0.162543).  Saving model ...
Updating learning rate to 0.002621440000000001
    iters: 100, epoch: 10 | loss: 0.1896509 | speed: 0.0323s/iter; left: 383s
    iters: 200, epoch: 10 | loss: 0.1830759 | speed: 0.0248s/iter; left: 291s
    iters: 300, epoch: 10 | loss: 0.1671650 | speed: 0.0255s/iter; left: 296s
    iters: 400, epoch: 10 | loss: 0.1802003 | speed: 0.0252s/iter; left: 291s
    iters: 500, epoch: 10 | loss: 0.1800901 | speed: 0.0251s/iter; left: 287s
Epoch: 10, Steps: 568 | Train: 0.1736195 Vali: 0.1627449 Test: 0.2065636
EarlyStopping counter: 1 out of 15
Updating learning rate to 0.002097152000000001
    iters: 100, epoch: 11 | loss: 0.1947111 | speed: 0.0327s/iter; left: 368s
    iters: 200, epoch: 11 | loss: 0.1820646 | speed: 0.0250s/iter; left: 279s
    iters: 300, epoch: 11 | loss: 0.1558448 | speed: 0.0253s/iter; left: 280s
    iters: 400, epoch: 11 | loss: 0.1769984 | speed: 0.0255s/iter; left: 279s
    iters: 500, epoch: 11 | loss: 0.1863018 | speed: 0.0251s/iter; left: 273s
Epoch: 11, Steps: 568 | Train: 0.1731045 Vali: 0.1670071 Test: 0.2111056
EarlyStopping counter: 2 out of 15
Updating learning rate to 0.001677721600000001
    iters: 100, epoch: 12 | loss: 0.1940079 | speed: 0.0328s/iter; left: 351s
    iters: 200, epoch: 12 | loss: 0.1612396 | speed: 0.0257s/iter; left: 273s
    iters: 300, epoch: 12 | loss: 0.1489031 | speed: 0.0258s/iter; left: 271s
    iters: 400, epoch: 12 | loss: 0.1784497 | speed: 0.0246s/iter; left: 256s
    iters: 500, epoch: 12 | loss: 0.1807834 | speed: 0.0252s/iter; left: 259s
Epoch: 12, Steps: 568 | Train: 0.1721006 Vali: 0.1652077 Test: 0.2085592
EarlyStopping counter: 3 out of 15
Updating learning rate to 0.0013421772800000006
    iters: 100, epoch: 13 | loss: 0.1692909 | speed: 0.0335s/iter; left: 340s
    iters: 200, epoch: 13 | loss: 0.1676396 | speed: 0.0248s/iter; left: 248s
    iters: 300, epoch: 13 | loss: 0.1614966 | speed: 0.0256s/iter; left: 255s
    iters: 400, epoch: 13 | loss: 0.1743715 | speed: 0.0253s/iter; left: 248s
    iters: 500, epoch: 13 | loss: 0.1690311 | speed: 0.0257s/iter; left: 250s
Epoch: 13, Steps: 568 | Train: 0.1715755 Vali: 0.1628033 Test: 0.2063893
EarlyStopping counter: 4 out of 15
Updating learning rate to 0.0010737418240000006
    iters: 100, epoch: 14 | loss: 0.1726255 | speed: 0.0342s/iter; left: 327s
    iters: 200, epoch: 14 | loss: 0.1544350 | speed: 0.0256s/iter; left: 242s
    iters: 300, epoch: 14 | loss: 0.1928295 | speed: 0.0253s/iter; left: 236s
    iters: 400, epoch: 14 | loss: 0.1581894 | speed: 0.0265s/iter; left: 245s
    iters: 500, epoch: 14 | loss: 0.1713864 | speed: 0.0251s/iter; left: 230s
Epoch: 14, Steps: 568 | Train: 0.1708128 Vali: 0.1627316 Test: 0.2099833
EarlyStopping counter: 5 out of 15
Updating learning rate to 0.0008589934592000006
    iters: 100, epoch: 15 | loss: 0.1845653 | speed: 0.0336s/iter; left: 302s
    iters: 200, epoch: 15 | loss: 0.1643912 | speed: 0.0251s/iter; left: 223s
    iters: 300, epoch: 15 | loss: 0.1649471 | speed: 0.0253s/iter; left: 222s
    iters: 400, epoch: 15 | loss: 0.1555682 | speed: 0.0251s/iter; left: 218s
    iters: 500, epoch: 15 | loss: 0.1759845 | speed: 0.0254s/iter; left: 218s
Epoch: 15, Steps: 568 | Train: 0.1703237 Vali: 0.1648065 Test: 0.2084337
EarlyStopping counter: 6 out of 15
Updating learning rate to 0.0006871947673600004
    iters: 100, epoch: 16 | loss: 0.1586402 | speed: 0.0325s/iter; left: 274s
    iters: 200, epoch: 16 | loss: 0.1463713 | speed: 0.0252s/iter; left: 209s
    iters: 300, epoch: 16 | loss: 0.1714717 | speed: 0.0265s/iter; left: 218s
    iters: 400, epoch: 16 | loss: 0.2066136 | speed: 0.0237s/iter; left: 193s
    iters: 500, epoch: 16 | loss: 0.1694740 | speed: 0.0247s/iter; left: 198s
Epoch: 16, Steps: 568 | Train: 0.1698716 Vali: 0.1668699 Test: 0.2020044
EarlyStopping counter: 7 out of 15
Updating learning rate to 0.0005497558138880004
    iters: 100, epoch: 17 | loss: 0.1689426 | speed: 0.0331s/iter; left: 260s
    iters: 200, epoch: 17 | loss: 0.1817995 | speed: 0.0262s/iter; left: 203s
    iters: 300, epoch: 17 | loss: 0.1782016 | speed: 0.0266s/iter; left: 203s
    iters: 400, epoch: 17 | loss: 0.1717766 | speed: 0.0257s/iter; left: 194s
    iters: 500, epoch: 17 | loss: 0.1490937 | speed: 0.0266s/iter; left: 198s
Epoch: 17, Steps: 568 | Train: 0.1693966 Vali: 0.1657721 Test: 0.2104275
EarlyStopping counter: 8 out of 15
Updating learning rate to 0.00043980465111040037
    iters: 100, epoch: 18 | loss: 0.1812442 | speed: 0.0338s/iter; left: 246s
    iters: 200, epoch: 18 | loss: 0.1911905 | speed: 0.0258s/iter; left: 185s
    iters: 300, epoch: 18 | loss: 0.1459509 | speed: 0.0258s/iter; left: 183s
    iters: 400, epoch: 18 | loss: 0.1797480 | speed: 0.0256s/iter; left: 179s
    iters: 500, epoch: 18 | loss: 0.1604528 | speed: 0.0256s/iter; left: 176s
Epoch: 18, Steps: 568 | Train: 0.1692501 Vali: 0.1633711 Test: 0.2075865
EarlyStopping counter: 9 out of 15
Updating learning rate to 0.0003518437208883203
    iters: 100, epoch: 19 | loss: 0.1615569 | speed: 0.0339s/iter; left: 227s
    iters: 200, epoch: 19 | loss: 0.1484779 | speed: 0.0254s/iter; left: 168s
    iters: 300, epoch: 19 | loss: 0.1741806 | speed: 0.0253s/iter; left: 165s
    iters: 400, epoch: 19 | loss: 0.1725926 | speed: 0.0268s/iter; left: 172s
    iters: 500, epoch: 19 | loss: 0.1619615 | speed: 0.0254s/iter; left: 161s
Epoch: 19, Steps: 568 | Train: 0.1690424 Vali: 0.1628965 Test: 0.2094660
EarlyStopping counter: 10 out of 15
Updating learning rate to 0.00028147497671065624
    iters: 100, epoch: 20 | loss: 0.1602064 | speed: 0.0331s/iter; left: 204s
    iters: 200, epoch: 20 | loss: 0.1477391 | speed: 0.0253s/iter; left: 153s
    iters: 300, epoch: 20 | loss: 0.1503919 | speed: 0.0252s/iter; left: 150s
    iters: 400, epoch: 20 | loss: 0.1654460 | speed: 0.0247s/iter; left: 145s
    iters: 500, epoch: 20 | loss: 0.1910426 | speed: 0.0252s/iter; left: 145s
Epoch: 20, Steps: 568 | Train: 0.1688615 Vali: 0.1656653 Test: 0.2038318
EarlyStopping counter: 11 out of 15
Updating learning rate to 0.00022517998136852504
    iters: 100, epoch: 21 | loss: 0.1882915 | speed: 0.0337s/iter; left: 188s
    iters: 200, epoch: 21 | loss: 0.1573456 | speed: 0.0250s/iter; left: 137s
    iters: 300, epoch: 21 | loss: 0.1747278 | speed: 0.0247s/iter; left: 133s
    iters: 400, epoch: 21 | loss: 0.1535919 | speed: 0.0255s/iter; left: 135s
    iters: 500, epoch: 21 | loss: 0.1676802 | speed: 0.0255s/iter; left: 132s
Epoch: 21, Steps: 568 | Train: 0.1686508 Vali: 0.1648540 Test: 0.2039912
EarlyStopping counter: 12 out of 15
Updating learning rate to 0.00018014398509482002
    iters: 100, epoch: 22 | loss: 0.1715250 | speed: 0.0332s/iter; left: 166s
    iters: 200, epoch: 22 | loss: 0.1758199 | speed: 0.0256s/iter; left: 126s
    iters: 300, epoch: 22 | loss: 0.1618377 | speed: 0.0257s/iter; left: 124s
    iters: 400, epoch: 22 | loss: 0.1381914 | speed: 0.0245s/iter; left: 115s
    iters: 500, epoch: 22 | loss: 0.1743285 | speed: 0.0255s/iter; left: 118s
Epoch: 22, Steps: 568 | Train: 0.1685077 Vali: 0.1656417 Test: 0.2049346
EarlyStopping counter: 13 out of 15
Updating learning rate to 0.00014411518807585602
    iters: 100, epoch: 23 | loss: 0.1862602 | speed: 0.0330s/iter; left: 147s
    iters: 200, epoch: 23 | loss: 0.1482623 | speed: 0.0252s/iter; left: 109s
    iters: 300, epoch: 23 | loss: 0.1894254 | speed: 0.0254s/iter; left: 108s
    iters: 400, epoch: 23 | loss: 0.1473912 | speed: 0.0257s/iter; left: 107s
    iters: 500, epoch: 23 | loss: 0.1938520 | speed: 0.0251s/iter; left: 102s
Epoch: 23, Steps: 568 | Train: 0.1683652 Vali: 0.1660675 Test: 0.2050658
EarlyStopping counter: 14 out of 15
Updating learning rate to 0.00011529215046068484
    iters: 100, epoch: 24 | loss: 0.1783605 | speed: 0.0326s/iter; left: 127s
    iters: 200, epoch: 24 | loss: 0.1585405 | speed: 0.0257s/iter; left: 97s
    iters: 300, epoch: 24 | loss: 0.1578411 | speed: 0.0261s/iter; left: 96s
    iters: 400, epoch: 24 | loss: 0.1572925 | speed: 0.0254s/iter; left: 91s
    iters: 500, epoch: 24 | loss: 0.1504873 | speed: 0.0254s/iter; left: 88s
Epoch: 24, Steps: 568 | Train: 0.1682696 Vali: 0.1657225 Test: 0.2043951
EarlyStopping counter: 15 out of 15
Early stopping at epoch 24
STAGE 1 RESULT: mse=0.2083, mae=0.2609, smape=41.0272

============================================================
STAGE 2: Load MRT + add Freq branch (frozen backbone/MRT/cycle, max_epochs=3, patience=3)
============================================================
train 36361
val 4921
test 10177
Loaded 10 params from stage1, 0 new (Freq branch)
Trainable: 228,746 / 250,119 (91.5%)  freeze_backbone=0
    iters: 100, epoch: 1 | loss: 0.8009017 | speed: 0.0382s/iter; left: 61s
    iters: 200, epoch: 1 | loss: 0.8031462 | speed: 0.0226s/iter; left: 34s
    iters: 300, epoch: 1 | loss: 0.7888530 | speed: 0.0212s/iter; left: 30s
    iters: 400, epoch: 1 | loss: 0.7826247 | speed: 0.0217s/iter; left: 28s
    iters: 500, epoch: 1 | loss: 0.7785307 | speed: 0.0228s/iter; left: 27s
Epoch: 1, Train: 0.7942184 Vali: 0.1628191
[diag s2-1]  freq.rs=-0.0084 mask.mean=0.438 mask.std=0.141  mrt.rs=+0.4745
Validation loss decreased (inf --> 0.162819).  Saving model ...
    iters: 100, epoch: 2 | loss: 0.8011632 | speed: 0.0362s/iter; left: 38s
    iters: 200, epoch: 2 | loss: 0.7884571 | speed: 0.0203s/iter; left: 19s
    iters: 300, epoch: 2 | loss: 0.7846882 | speed: 0.0212s/iter; left: 18s
    iters: 400, epoch: 2 | loss: 0.8207462 | speed: 0.0208s/iter; left: 15s
    iters: 500, epoch: 2 | loss: 0.7525041 | speed: 0.0205s/iter; left: 13s
Epoch: 2, Train: 0.7931932 Vali: 0.1637867
[diag s2-2]  freq.rs=-0.0254 mask.mean=0.438 mask.std=0.141  mrt.rs=+0.4745
EarlyStopping counter: 1 out of 3
    iters: 100, epoch: 3 | loss: 0.8266736 | speed: 0.0366s/iter; left: 17s
    iters: 200, epoch: 3 | loss: 0.7883574 | speed: 0.0206s/iter; left: 8s
    iters: 300, epoch: 3 | loss: 0.8184704 | speed: 0.0212s/iter; left: 6s
    iters: 400, epoch: 3 | loss: 0.7888577 | speed: 0.0223s/iter; left: 4s
    iters: 500, epoch: 3 | loss: 0.7707251 | speed: 0.0208s/iter; left: 1s
Epoch: 3, Train: 0.7928068 Vali: 0.1635309
[diag s2-3]  freq.rs=-0.0482 mask.mean=0.438 mask.std=0.143  mrt.rs=+0.4745
EarlyStopping counter: 2 out of 3
STAGE 2 complete.

============================================================
STAGE 2 ONLY: Testing from Stage 2 checkpoint
============================================================
train 36361
val 4921
test 10177
[diag stage2-final]  freq.rs=-0.0084 mask.mean=0.438 mask.std=0.141  mrt.rs=+0.4745

============================================================
FINAL RESULT (Stage 2 only): mse=0.2058, mae=0.2560, smape=40.0494
============================================================
