Device: cuda:0
Dataset: solar | Pred len: 720 | Seed: 2024
Stage3 FreDF: False
Stage2: max_epochs=10, patience=5
Stage3a: max_epochs=12, patience=6
Stage3b: max_epochs=25, patience=12, LR mults: freq×1.00 model×0.33 mrt×0.10
Fusion: mode=serial, gate=0, sparsity_lambda=0.0

============================================================
STAGE 1: Train MRT only (freq_layers=0)
============================================================
train 35977
val 4537
test 9793
    iters: 100, epoch: 1 | loss: 0.2786602 | speed: 0.0798s/iter; left: 1337s
    iters: 200, epoch: 1 | loss: 0.2418521 | speed: 0.0608s/iter; left: 1014s
    iters: 300, epoch: 1 | loss: 0.2299276 | speed: 0.0592s/iter; left: 981s
    iters: 400, epoch: 1 | loss: 0.2227458 | speed: 0.0553s/iter; left: 910s
    iters: 500, epoch: 1 | loss: 0.2108903 | speed: 0.0567s/iter; left: 927s
Epoch: 1, Steps: 562 | Train: 0.2622426 Vali: 0.1806921 Test: 0.2912737
Validation loss decreased (inf --> 0.180692).  Saving model ...
Updating learning rate to 0.01
    iters: 100, epoch: 2 | loss: 0.2014215 | speed: 0.0669s/iter; left: 1084s
    iters: 200, epoch: 2 | loss: 0.1986173 | speed: 0.0598s/iter; left: 963s
    iters: 300, epoch: 2 | loss: 0.2008388 | speed: 0.0566s/iter; left: 905s
    iters: 400, epoch: 2 | loss: 0.2226113 | speed: 0.0562s/iter; left: 893s
    iters: 500, epoch: 2 | loss: 0.1846964 | speed: 0.0582s/iter; left: 920s
Epoch: 2, Steps: 562 | Train: 0.2029842 Vali: 0.1638582 Test: 0.2396943
Validation loss decreased (0.180692 --> 0.163858).  Saving model ...
Updating learning rate to 0.01
    iters: 100, epoch: 3 | loss: 0.1817973 | speed: 0.0621s/iter; left: 971s
    iters: 200, epoch: 3 | loss: 0.1841148 | speed: 0.0539s/iter; left: 837s
    iters: 300, epoch: 3 | loss: 0.1843499 | speed: 0.0512s/iter; left: 791s
    iters: 400, epoch: 3 | loss: 0.1987486 | speed: 0.0497s/iter; left: 762s
    iters: 500, epoch: 3 | loss: 0.1962774 | speed: 0.0536s/iter; left: 817s
Epoch: 3, Steps: 562 | Train: 0.1899689 Vali: 0.1649688 Test: 0.2223340
EarlyStopping counter: 1 out of 15
Updating learning rate to 0.01
    iters: 100, epoch: 4 | loss: 0.2001885 | speed: 0.0807s/iter; left: 1217s
    iters: 200, epoch: 4 | loss: 0.1830666 | speed: 0.0532s/iter; left: 797s
    iters: 300, epoch: 4 | loss: 0.2188058 | speed: 0.0666s/iter; left: 990s
    iters: 400, epoch: 4 | loss: 0.1922271 | speed: 0.0575s/iter; left: 850s
    iters: 500, epoch: 4 | loss: 0.2022744 | speed: 0.0562s/iter; left: 825s
Epoch: 4, Steps: 562 | Train: 0.1882857 Vali: 0.1639955 Test: 0.2208853
EarlyStopping counter: 2 out of 15
Updating learning rate to 0.008
    iters: 100, epoch: 5 | loss: 0.1595716 | speed: 0.0650s/iter; left: 943s
    iters: 200, epoch: 5 | loss: 0.1780234 | speed: 0.0532s/iter; left: 766s
    iters: 300, epoch: 5 | loss: 0.2015694 | speed: 0.0543s/iter; left: 777s
    iters: 400, epoch: 5 | loss: 0.1723230 | speed: 0.0523s/iter; left: 743s
    iters: 500, epoch: 5 | loss: 0.1899608 | speed: 0.0469s/iter; left: 662s
Epoch: 5, Steps: 562 | Train: 0.1848909 Vali: 0.1647103 Test: 0.2144367
EarlyStopping counter: 3 out of 15
Updating learning rate to 0.006400000000000001
    iters: 100, epoch: 6 | loss: 0.1920732 | speed: 0.0698s/iter; left: 974s
    iters: 200, epoch: 6 | loss: 0.2007897 | speed: 0.0496s/iter; left: 687s
    iters: 300, epoch: 6 | loss: 0.1943325 | speed: 0.0469s/iter; left: 644s
    iters: 400, epoch: 6 | loss: 0.1868961 | speed: 0.0533s/iter; left: 728s
    iters: 500, epoch: 6 | loss: 0.1808223 | speed: 0.0571s/iter; left: 774s
Epoch: 6, Steps: 562 | Train: 0.1829388 Vali: 0.1645366 Test: 0.2122387
EarlyStopping counter: 4 out of 15
Updating learning rate to 0.005120000000000001
    iters: 100, epoch: 7 | loss: 0.1953863 | speed: 0.0710s/iter; left: 951s
    iters: 200, epoch: 7 | loss: 0.1775831 | speed: 0.0583s/iter; left: 775s
    iters: 300, epoch: 7 | loss: 0.1670474 | speed: 0.0622s/iter; left: 821s
    iters: 400, epoch: 7 | loss: 0.1973229 | speed: 0.0553s/iter; left: 723s
    iters: 500, epoch: 7 | loss: 0.1785125 | speed: 0.0518s/iter; left: 672s
Epoch: 7, Steps: 562 | Train: 0.1817662 Vali: 0.1623873 Test: 0.2189403
Validation loss decreased (0.163858 --> 0.162387).  Saving model ...
Updating learning rate to 0.004096000000000001
    iters: 100, epoch: 8 | loss: 0.1851471 | speed: 0.0707s/iter; left: 906s
    iters: 200, epoch: 8 | loss: 0.1699456 | speed: 0.0635s/iter; left: 808s
    iters: 300, epoch: 8 | loss: 0.1738029 | speed: 0.0641s/iter; left: 810s
    iters: 400, epoch: 8 | loss: 0.1744950 | speed: 0.0622s/iter; left: 779s
    iters: 500, epoch: 8 | loss: 0.1913907 | speed: 0.0601s/iter; left: 746s
Epoch: 8, Steps: 562 | Train: 0.1802829 Vali: 0.1609980 Test: 0.2178325
Validation loss decreased (0.162387 --> 0.160998).  Saving model ...
Updating learning rate to 0.0032768000000000007
    iters: 100, epoch: 9 | loss: 0.1681546 | speed: 0.0754s/iter; left: 924s
    iters: 200, epoch: 9 | loss: 0.1749403 | speed: 0.0567s/iter; left: 690s
    iters: 300, epoch: 9 | loss: 0.1813647 | speed: 0.0569s/iter; left: 686s
    iters: 400, epoch: 9 | loss: 0.1779237 | speed: 0.0616s/iter; left: 737s
    iters: 500, epoch: 9 | loss: 0.1833925 | speed: 0.0562s/iter; left: 667s
Epoch: 9, Steps: 562 | Train: 0.1793741 Vali: 0.1642240 Test: 0.2093311
EarlyStopping counter: 1 out of 15
Updating learning rate to 0.002621440000000001
    iters: 100, epoch: 10 | loss: 0.1718325 | speed: 0.0875s/iter; left: 1024s
    iters: 200, epoch: 10 | loss: 0.1815089 | speed: 0.0731s/iter; left: 848s
    iters: 300, epoch: 10 | loss: 0.2004161 | speed: 0.0693s/iter; left: 797s
    iters: 400, epoch: 10 | loss: 0.1908327 | speed: 0.0703s/iter; left: 802s
    iters: 500, epoch: 10 | loss: 0.1607955 | speed: 0.0739s/iter; left: 836s
Epoch: 10, Steps: 562 | Train: 0.1787824 Vali: 0.1609788 Test: 0.2132735
Validation loss decreased (0.160998 --> 0.160979).  Saving model ...
Updating learning rate to 0.002097152000000001
    iters: 100, epoch: 11 | loss: 0.1577941 | speed: 0.0667s/iter; left: 743s
    iters: 200, epoch: 11 | loss: 0.1747189 | speed: 0.0564s/iter; left: 623s
    iters: 300, epoch: 11 | loss: 0.1733584 | speed: 0.0546s/iter; left: 598s
    iters: 400, epoch: 11 | loss: 0.1733877 | speed: 0.0493s/iter; left: 534s
    iters: 500, epoch: 11 | loss: 0.1703413 | speed: 0.0498s/iter; left: 535s
Epoch: 11, Steps: 562 | Train: 0.1774868 Vali: 0.1636757 Test: 0.2184348
EarlyStopping counter: 1 out of 15
Updating learning rate to 0.001677721600000001
    iters: 100, epoch: 12 | loss: 0.1649157 | speed: 0.0651s/iter; left: 689s
    iters: 200, epoch: 12 | loss: 0.1694115 | speed: 0.0552s/iter; left: 578s
    iters: 300, epoch: 12 | loss: 0.1830104 | speed: 0.0500s/iter; left: 519s
    iters: 400, epoch: 12 | loss: 0.1675791 | speed: 0.0518s/iter; left: 533s
    iters: 500, epoch: 12 | loss: 0.1713084 | speed: 0.0546s/iter; left: 556s
Epoch: 12, Steps: 562 | Train: 0.1771332 Vali: 0.1616214 Test: 0.2110865
EarlyStopping counter: 2 out of 15
Updating learning rate to 0.0013421772800000006
    iters: 100, epoch: 13 | loss: 0.1583101 | speed: 0.0671s/iter; left: 672s
    iters: 200, epoch: 13 | loss: 0.1748884 | speed: 0.0573s/iter; left: 568s
    iters: 300, epoch: 13 | loss: 0.1864762 | speed: 0.0544s/iter; left: 534s
    iters: 400, epoch: 13 | loss: 0.1744861 | speed: 0.0595s/iter; left: 579s
    iters: 500, epoch: 13 | loss: 0.1563679 | speed: 0.0565s/iter; left: 543s
Epoch: 13, Steps: 562 | Train: 0.1764410 Vali: 0.1607735 Test: 0.2109180
Validation loss decreased (0.160979 --> 0.160774).  Saving model ...
Updating learning rate to 0.0010737418240000006
    iters: 100, epoch: 14 | loss: 0.1720742 | speed: 0.0871s/iter; left: 823s
    iters: 200, epoch: 14 | loss: 0.1794745 | speed: 0.0723s/iter; left: 676s
    iters: 300, epoch: 14 | loss: 0.1689019 | speed: 0.0716s/iter; left: 663s
    iters: 400, epoch: 14 | loss: 0.1899963 | speed: 0.0704s/iter; left: 645s
    iters: 500, epoch: 14 | loss: 0.2021467 | speed: 0.0692s/iter; left: 627s
Epoch: 14, Steps: 562 | Train: 0.1759632 Vali: 0.1647076 Test: 0.2110855
EarlyStopping counter: 1 out of 15
Updating learning rate to 0.0008589934592000006
    iters: 100, epoch: 15 | loss: 0.1601009 | speed: 0.0842s/iter; left: 749s
    iters: 200, epoch: 15 | loss: 0.1816383 | speed: 0.0907s/iter; left: 798s
    iters: 300, epoch: 15 | loss: 0.1501850 | speed: 0.0715s/iter; left: 622s
    iters: 400, epoch: 15 | loss: 0.1624458 | speed: 0.0726s/iter; left: 624s
    iters: 500, epoch: 15 | loss: 0.1749827 | speed: 0.0699s/iter; left: 594s
Epoch: 15, Steps: 562 | Train: 0.1755934 Vali: 0.1617627 Test: 0.2078903
EarlyStopping counter: 2 out of 15
Updating learning rate to 0.0006871947673600004
    iters: 100, epoch: 16 | loss: 0.1643582 | speed: 0.0783s/iter; left: 653s
    iters: 200, epoch: 16 | loss: 0.1850460 | speed: 0.0714s/iter; left: 588s
    iters: 300, epoch: 16 | loss: 0.1865297 | speed: 0.0881s/iter; left: 716s
    iters: 400, epoch: 16 | loss: 0.1708460 | speed: 0.0726s/iter; left: 583s
    iters: 500, epoch: 16 | loss: 0.1820575 | speed: 0.0729s/iter; left: 578s
Epoch: 16, Steps: 562 | Train: 0.1751101 Vali: 0.1614715 Test: 0.2094372
EarlyStopping counter: 3 out of 15
Updating learning rate to 0.0005497558138880004
    iters: 100, epoch: 17 | loss: 0.1830111 | speed: 0.0821s/iter; left: 638s
    iters: 200, epoch: 17 | loss: 0.1739521 | speed: 0.0638s/iter; left: 489s
    iters: 300, epoch: 17 | loss: 0.2034500 | speed: 0.0736s/iter; left: 557s
    iters: 400, epoch: 17 | loss: 0.1819067 | speed: 0.0737s/iter; left: 550s
    iters: 500, epoch: 17 | loss: 0.1867533 | speed: 0.0659s/iter; left: 485s
Epoch: 17, Steps: 562 | Train: 0.1748068 Vali: 0.1628658 Test: 0.2116707
EarlyStopping counter: 4 out of 15
Updating learning rate to 0.00043980465111040037
    iters: 100, epoch: 18 | loss: 0.1672330 | speed: 0.0846s/iter; left: 610s
    iters: 200, epoch: 18 | loss: 0.1921521 | speed: 0.0706s/iter; left: 502s
    iters: 300, epoch: 18 | loss: 0.1668300 | speed: 0.0675s/iter; left: 473s
    iters: 400, epoch: 18 | loss: 0.1377857 | speed: 0.0842s/iter; left: 582s
    iters: 500, epoch: 18 | loss: 0.1747593 | speed: 0.0722s/iter; left: 491s
Epoch: 18, Steps: 562 | Train: 0.1746823 Vali: 0.1630779 Test: 0.2086633
EarlyStopping counter: 5 out of 15
Updating learning rate to 0.0003518437208883203
    iters: 100, epoch: 19 | loss: 0.1572798 | speed: 0.0852s/iter; left: 566s
    iters: 200, epoch: 19 | loss: 0.1667919 | speed: 0.0714s/iter; left: 467s
    iters: 300, epoch: 19 | loss: 0.1780103 | speed: 0.0704s/iter; left: 454s
    iters: 400, epoch: 19 | loss: 0.1738529 | speed: 0.0790s/iter; left: 501s
    iters: 500, epoch: 19 | loss: 0.1727569 | speed: 0.0741s/iter; left: 463s
Epoch: 19, Steps: 562 | Train: 0.1744161 Vali: 0.1617423 Test: 0.2092964
EarlyStopping counter: 6 out of 15
Updating learning rate to 0.00028147497671065624
    iters: 100, epoch: 20 | loss: 0.1809029 | speed: 0.0836s/iter; left: 509s
    iters: 200, epoch: 20 | loss: 0.1651359 | speed: 0.0750s/iter; left: 449s
    iters: 300, epoch: 20 | loss: 0.1729600 | speed: 0.0630s/iter; left: 370s
    iters: 400, epoch: 20 | loss: 0.1812301 | speed: 0.0569s/iter; left: 329s
    iters: 500, epoch: 20 | loss: 0.1812231 | speed: 0.0715s/iter; left: 406s
Epoch: 20, Steps: 562 | Train: 0.1742196 Vali: 0.1629005 Test: 0.2076779
EarlyStopping counter: 7 out of 15
Updating learning rate to 0.00022517998136852504
    iters: 100, epoch: 21 | loss: 0.1662871 | speed: 0.0776s/iter; left: 428s
    iters: 200, epoch: 21 | loss: 0.1739793 | speed: 0.0604s/iter; left: 327s
    iters: 300, epoch: 21 | loss: 0.1852330 | speed: 0.0709s/iter; left: 378s
    iters: 400, epoch: 21 | loss: 0.1757499 | speed: 0.0651s/iter; left: 340s
    iters: 500, epoch: 21 | loss: 0.1656160 | speed: 0.0642s/iter; left: 329s
Epoch: 21, Steps: 562 | Train: 0.1740726 Vali: 0.1621929 Test: 0.2088599
EarlyStopping counter: 8 out of 15
Updating learning rate to 0.00018014398509482002
    iters: 100, epoch: 22 | loss: 0.1682535 | speed: 0.0711s/iter; left: 353s
    iters: 200, epoch: 22 | loss: 0.1795670 | speed: 0.0743s/iter; left: 361s
    iters: 300, epoch: 22 | loss: 0.1630095 | speed: 0.0675s/iter; left: 321s
    iters: 400, epoch: 22 | loss: 0.1939890 | speed: 0.0627s/iter; left: 292s
    iters: 500, epoch: 22 | loss: 0.1678809 | speed: 0.0630s/iter; left: 287s
Epoch: 22, Steps: 562 | Train: 0.1739712 Vali: 0.1619605 Test: 0.2084938
EarlyStopping counter: 9 out of 15
Updating learning rate to 0.00014411518807585602
    iters: 100, epoch: 23 | loss: 0.1837700 | speed: 0.0716s/iter; left: 315s
    iters: 200, epoch: 23 | loss: 0.1671393 | speed: 0.0603s/iter; left: 259s
    iters: 300, epoch: 23 | loss: 0.1707626 | speed: 0.0623s/iter; left: 262s
    iters: 400, epoch: 23 | loss: 0.1934828 | speed: 0.0635s/iter; left: 260s
    iters: 500, epoch: 23 | loss: 0.1699036 | speed: 0.0569s/iter; left: 228s
Epoch: 23, Steps: 562 | Train: 0.1739065 Vali: 0.1625655 Test: 0.2095839
EarlyStopping counter: 10 out of 15
Updating learning rate to 0.00011529215046068484
    iters: 100, epoch: 24 | loss: 0.1786051 | speed: 0.0749s/iter; left: 287s
    iters: 200, epoch: 24 | loss: 0.1853425 | speed: 0.0651s/iter; left: 243s
    iters: 300, epoch: 24 | loss: 0.1714363 | speed: 0.0551s/iter; left: 200s
    iters: 400, epoch: 24 | loss: 0.1705612 | speed: 0.0696s/iter; left: 246s
    iters: 500, epoch: 24 | loss: 0.1691544 | speed: 0.0653s/iter; left: 224s
Epoch: 24, Steps: 562 | Train: 0.1737768 Vali: 0.1632628 Test: 0.2087291
EarlyStopping counter: 11 out of 15
Updating learning rate to 9.223372036854788e-05
    iters: 100, epoch: 25 | loss: 0.1922923 | speed: 0.0572s/iter; left: 187s
    iters: 200, epoch: 25 | loss: 0.1615983 | speed: 0.0491s/iter; left: 156s
    iters: 300, epoch: 25 | loss: 0.1595847 | speed: 0.0485s/iter; left: 149s
    iters: 400, epoch: 25 | loss: 0.1659202 | speed: 0.0484s/iter; left: 144s
    iters: 500, epoch: 25 | loss: 0.1564764 | speed: 0.0471s/iter; left: 135s
Epoch: 25, Steps: 562 | Train: 0.1737243 Vali: 0.1626348 Test: 0.2084424
EarlyStopping counter: 12 out of 15
Updating learning rate to 7.37869762948383e-05
    iters: 100, epoch: 26 | loss: 0.1728549 | speed: 0.0585s/iter; left: 159s
    iters: 200, epoch: 26 | loss: 0.1653343 | speed: 0.0464s/iter; left: 121s
    iters: 300, epoch: 26 | loss: 0.1727376 | speed: 0.0467s/iter; left: 117s
    iters: 400, epoch: 26 | loss: 0.1754353 | speed: 0.0453s/iter; left: 109s
    iters: 500, epoch: 26 | loss: 0.1710672 | speed: 0.0470s/iter; left: 109s
Epoch: 26, Steps: 562 | Train: 0.1736863 Vali: 0.1619377 Test: 0.2091274
EarlyStopping counter: 13 out of 15
Updating learning rate to 5.902958103587064e-05
    iters: 100, epoch: 27 | loss: 0.1585313 | speed: 0.0616s/iter; left: 132s
    iters: 200, epoch: 27 | loss: 0.1815724 | speed: 0.0485s/iter; left: 99s
    iters: 300, epoch: 27 | loss: 0.1589321 | speed: 0.0503s/iter; left: 98s
    iters: 400, epoch: 27 | loss: 0.1637657 | speed: 0.0478s/iter; left: 88s
    iters: 500, epoch: 27 | loss: 0.1715481 | speed: 0.0505s/iter; left: 88s
Epoch: 27, Steps: 562 | Train: 0.1736511 Vali: 0.1631190 Test: 0.2077752
EarlyStopping counter: 14 out of 15
Updating learning rate to 4.722366482869652e-05
    iters: 100, epoch: 28 | loss: 0.1876853 | speed: 0.0598s/iter; left: 95s
    iters: 200, epoch: 28 | loss: 0.1521280 | speed: 0.0454s/iter; left: 68s
    iters: 300, epoch: 28 | loss: 0.1850279 | speed: 0.0484s/iter; left: 67s
    iters: 400, epoch: 28 | loss: 0.1689894 | speed: 0.0528s/iter; left: 68s
    iters: 500, epoch: 28 | loss: 0.1774879 | speed: 0.0470s/iter; left: 56s
Epoch: 28, Steps: 562 | Train: 0.1735949 Vali: 0.1628111 Test: 0.2072323
EarlyStopping counter: 15 out of 15
Early stopping at epoch 28
STAGE 1 RESULT: mse=0.2107, mae=0.2605, smape=40.5167

============================================================
STAGE 2: Load MRT + add Freq branch (frozen backbone/MRT/cycle, max_epochs=10, patience=5)
============================================================
train 35977
val 4537
test 9793
Loaded 10 params from stage1, 0 new (Freq branch)
Trainable: 6,714 / 447,111 (1.5%)
    iters: 100, epoch: 1 | loss: 0.1804498 | speed: 0.0587s/iter; left: 324s
    iters: 200, epoch: 1 | loss: 0.1770858 | speed: 0.0400s/iter; left: 217s
    iters: 300, epoch: 1 | loss: 0.1735394 | speed: 0.0401s/iter; left: 213s
    iters: 400, epoch: 1 | loss: 0.1780671 | speed: 0.0432s/iter; left: 226s
    iters: 500, epoch: 1 | loss: 0.1816970 | speed: 0.0388s/iter; left: 199s
Epoch: 1, Train: 0.1760972 Vali: 0.1612921
Validation loss decreased (inf --> 0.161292).  Saving model ...
    iters: 100, epoch: 2 | loss: 0.1873700 | speed: 0.0597s/iter; left: 296s
    iters: 200, epoch: 2 | loss: 0.1655858 | speed: 0.0429s/iter; left: 208s
    iters: 300, epoch: 2 | loss: 0.1923583 | speed: 0.0402s/iter; left: 191s
    iters: 400, epoch: 2 | loss: 0.1830970 | speed: 0.0426s/iter; left: 198s
    iters: 500, epoch: 2 | loss: 0.1683656 | speed: 0.0431s/iter; left: 196s
Epoch: 2, Train: 0.1760294 Vali: 0.1612739
Validation loss decreased (0.161292 --> 0.161274).  Saving model ...
    iters: 100, epoch: 3 | loss: 0.1835099 | speed: 0.0571s/iter; left: 251s
    iters: 200, epoch: 3 | loss: 0.1704383 | speed: 0.0414s/iter; left: 178s
    iters: 300, epoch: 3 | loss: 0.1708563 | speed: 0.0404s/iter; left: 169s
    iters: 400, epoch: 3 | loss: 0.2052580 | speed: 0.0456s/iter; left: 187s
    iters: 500, epoch: 3 | loss: 0.1819283 | speed: 0.0383s/iter; left: 153s
Epoch: 3, Train: 0.1760008 Vali: 0.1614766
EarlyStopping counter: 1 out of 5
    iters: 100, epoch: 4 | loss: 0.1846874 | speed: 0.0575s/iter; left: 221s
    iters: 200, epoch: 4 | loss: 0.1864132 | speed: 0.0396s/iter; left: 148s
    iters: 300, epoch: 4 | loss: 0.1871795 | speed: 0.0403s/iter; left: 147s
    iters: 400, epoch: 4 | loss: 0.1790986 | speed: 0.0383s/iter; left: 135s
    iters: 500, epoch: 4 | loss: 0.1620704 | speed: 0.0433s/iter; left: 149s
Epoch: 4, Train: 0.1759883 Vali: 0.1613538
EarlyStopping counter: 2 out of 5
    iters: 100, epoch: 5 | loss: 0.1795835 | speed: 0.0552s/iter; left: 181s
    iters: 200, epoch: 5 | loss: 0.1665138 | speed: 0.0384s/iter; left: 122s
    iters: 300, epoch: 5 | loss: 0.1738307 | speed: 0.0358s/iter; left: 110s
    iters: 400, epoch: 5 | loss: 0.1547906 | speed: 0.0357s/iter; left: 106s
    iters: 500, epoch: 5 | loss: 0.1950857 | speed: 0.0366s/iter; left: 105s
Epoch: 5, Train: 0.1759635 Vali: 0.1614089
EarlyStopping counter: 3 out of 5
    iters: 100, epoch: 6 | loss: 0.1679229 | speed: 0.0571s/iter; left: 155s
    iters: 200, epoch: 6 | loss: 0.1623701 | speed: 0.0398s/iter; left: 104s
    iters: 300, epoch: 6 | loss: 0.1989850 | speed: 0.0403s/iter; left: 101s
    iters: 400, epoch: 6 | loss: 0.1684236 | speed: 0.0411s/iter; left: 99s
    iters: 500, epoch: 6 | loss: 0.1898243 | speed: 0.0398s/iter; left: 92s
Epoch: 6, Train: 0.1759391 Vali: 0.1614580
EarlyStopping counter: 4 out of 5
    iters: 100, epoch: 7 | loss: 0.1504623 | speed: 0.0553s/iter; left: 119s
    iters: 200, epoch: 7 | loss: 0.1738195 | speed: 0.0437s/iter; left: 89s
    iters: 300, epoch: 7 | loss: 0.1644522 | speed: 0.0466s/iter; left: 91s
    iters: 400, epoch: 7 | loss: 0.1883326 | speed: 0.0392s/iter; left: 72s
    iters: 500, epoch: 7 | loss: 0.1866495 | speed: 0.0403s/iter; left: 70s
Epoch: 7, Train: 0.1759571 Vali: 0.1617501
EarlyStopping counter: 5 out of 5
STAGE 2 complete.

============================================================
SKIPPING Stage 3a (--no_stage3a): Stage 2 -> Stage 3b directly
============================================================

============================================================
STAGE 3b: Unfreeze all, group-wise LR (base=0.003000, max_epochs=25, patience=12) (pure MSE)
  LR groups: freq/gate ×1.00, model ×0.33, mrt/cycle ×0.10
============================================================
train 35977
val 4537
test 9793
Loaded stage3a checkpoint, unfreezing all parameters.
  Group freq/gate: 6,714 params, LR=0.003000
  Group model: 419,024 params, LR=0.000990
  Group mrt/cycle: 21,373 params, LR=0.000300
    iters: 100, epoch: 1 | loss: 0.1793073 | speed: 0.0672s/iter; left: 938s
    iters: 200, epoch: 1 | loss: 0.1608133 | speed: 0.0449s/iter; left: 622s
    iters: 300, epoch: 1 | loss: 0.1647769 | speed: 0.0469s/iter; left: 645s
    iters: 400, epoch: 1 | loss: 0.1564366 | speed: 0.0473s/iter; left: 646s
    iters: 500, epoch: 1 | loss: 0.1740946 | speed: 0.0480s/iter; left: 651s
Epoch: 1, Steps: 562 | Train: 0.1747530 Vali: 0.1618784 Test: 0.2093672
[diag 3b-1]  freq.rs=-0.0693 mask.mean=0.415 mask.std=0.133  mrt.rs=+0.4771
Validation loss decreased (inf --> 0.161878).  Saving model ...
Updating learning rate to 0.01
    iters: 100, epoch: 2 | loss: 0.1871824 | speed: 0.0622s/iter; left: 833s
    iters: 200, epoch: 2 | loss: 0.1757488 | speed: 0.0468s/iter; left: 622s
    iters: 300, epoch: 2 | loss: 0.1851455 | speed: 0.0436s/iter; left: 575s
    iters: 400, epoch: 2 | loss: 0.1917809 | speed: 0.0468s/iter; left: 613s
    iters: 500, epoch: 2 | loss: 0.1958273 | speed: 0.0457s/iter; left: 594s
Epoch: 2, Steps: 562 | Train: 0.1857342 Vali: 0.1667831 Test: 0.2276722
[diag 3b-2]  freq.rs=-0.4187 mask.mean=0.456 mask.std=0.178  mrt.rs=+0.4835
EarlyStopping counter: 1 out of 12
Updating learning rate to 0.01
    iters: 100, epoch: 3 | loss: 0.1961047 | speed: 0.0629s/iter; left: 807s
    iters: 200, epoch: 3 | loss: 0.1748058 | speed: 0.0482s/iter; left: 613s
    iters: 300, epoch: 3 | loss: 0.1731596 | speed: 0.0462s/iter; left: 584s
    iters: 400, epoch: 3 | loss: 0.1768939 | speed: 0.0521s/iter; left: 653s
    iters: 500, epoch: 3 | loss: 0.1965836 | speed: 0.0435s/iter; left: 540s
Epoch: 3, Steps: 562 | Train: 0.1838085 Vali: 0.1626890 Test: 0.2187408
[diag 3b-3]  freq.rs=-0.6253 mask.mean=0.470 mask.std=0.190  mrt.rs=+0.4833
EarlyStopping counter: 2 out of 12
Updating learning rate to 0.01
    iters: 100, epoch: 4 | loss: 0.1702889 | speed: 0.0601s/iter; left: 738s
    iters: 200, epoch: 4 | loss: 0.1891568 | speed: 0.0440s/iter; left: 535s
    iters: 300, epoch: 4 | loss: 0.1721899 | speed: 0.0427s/iter; left: 516s
    iters: 400, epoch: 4 | loss: 0.1859795 | speed: 0.0453s/iter; left: 542s
    iters: 500, epoch: 4 | loss: 0.1953374 | speed: 0.0467s/iter; left: 554s
Epoch: 4, Steps: 562 | Train: 0.1834742 Vali: 0.1644659 Test: 0.2173049
[diag 3b-4]  freq.rs=-0.7850 mask.mean=0.467 mask.std=0.183  mrt.rs=+0.4832
EarlyStopping counter: 3 out of 12
Updating learning rate to 0.008
    iters: 100, epoch: 5 | loss: 0.1895259 | speed: 0.0628s/iter; left: 735s
    iters: 200, epoch: 5 | loss: 0.1747137 | speed: 0.0476s/iter; left: 553s
    iters: 300, epoch: 5 | loss: 0.1859251 | speed: 0.0473s/iter; left: 544s
    iters: 400, epoch: 5 | loss: 0.1777341 | speed: 0.0485s/iter; left: 553s
    iters: 500, epoch: 5 | loss: 0.1729993 | speed: 0.0424s/iter; left: 479s
Epoch: 5, Steps: 562 | Train: 0.1805277 Vali: 0.1633925 Test: 0.2205061
[diag 3b-5]  freq.rs=-0.8627 mask.mean=0.464 mask.std=0.178  mrt.rs=+0.4824
EarlyStopping counter: 4 out of 12
Updating learning rate to 0.006400000000000001
    iters: 100, epoch: 6 | loss: 0.1712095 | speed: 0.0634s/iter; left: 707s
    iters: 200, epoch: 6 | loss: 0.1700826 | speed: 0.0481s/iter; left: 531s
    iters: 300, epoch: 6 | loss: 0.1852681 | speed: 0.0461s/iter; left: 505s
    iters: 400, epoch: 6 | loss: 0.1691768 | speed: 0.0457s/iter; left: 496s
    iters: 500, epoch: 6 | loss: 0.1709507 | speed: 0.0465s/iter; left: 499s
Epoch: 6, Steps: 562 | Train: 0.1794155 Vali: 0.1647368 Test: 0.2192994
[diag 3b-6]  freq.rs=-0.9203 mask.mean=0.461 mask.std=0.176  mrt.rs=+0.4817
EarlyStopping counter: 5 out of 12
Updating learning rate to 0.005120000000000001
    iters: 100, epoch: 7 | loss: 0.1930143 | speed: 0.0629s/iter; left: 666s
    iters: 200, epoch: 7 | loss: 0.1704402 | speed: 0.0444s/iter; left: 466s
    iters: 300, epoch: 7 | loss: 0.1614082 | speed: 0.0467s/iter; left: 485s
    iters: 400, epoch: 7 | loss: 0.1938397 | speed: 0.0475s/iter; left: 489s
    iters: 500, epoch: 7 | loss: 0.1718367 | speed: 0.0477s/iter; left: 486s
Epoch: 7, Steps: 562 | Train: 0.1783855 Vali: 0.1668175 Test: 0.2111209
[diag 3b-7]  freq.rs=-0.9586 mask.mean=0.456 mask.std=0.174  mrt.rs=+0.4806
EarlyStopping counter: 6 out of 12
Updating learning rate to 0.004096000000000001
    iters: 100, epoch: 8 | loss: 0.1733526 | speed: 0.0648s/iter; left: 650s
    iters: 200, epoch: 8 | loss: 0.1663239 | speed: 0.0471s/iter; left: 467s
    iters: 300, epoch: 8 | loss: 0.1705414 | speed: 0.0493s/iter; left: 484s
    iters: 400, epoch: 8 | loss: 0.1847682 | speed: 0.0455s/iter; left: 442s
    iters: 500, epoch: 8 | loss: 0.1694461 | speed: 0.0475s/iter; left: 457s
Epoch: 8, Steps: 562 | Train: 0.1775024 Vali: 0.1625757 Test: 0.2132350
[diag 3b-8]  freq.rs=-0.9911 mask.mean=0.452 mask.std=0.173  mrt.rs=+0.4798
EarlyStopping counter: 7 out of 12
Updating learning rate to 0.0032768000000000007
    iters: 100, epoch: 9 | loss: 0.1630834 | speed: 0.0643s/iter; left: 608s
    iters: 200, epoch: 9 | loss: 0.1603010 | speed: 0.0450s/iter; left: 421s
    iters: 300, epoch: 9 | loss: 0.1738053 | speed: 0.0471s/iter; left: 436s
    iters: 400, epoch: 9 | loss: 0.1782278 | speed: 0.0466s/iter; left: 427s
    iters: 500, epoch: 9 | loss: 0.1834958 | speed: 0.0463s/iter; left: 419s
Epoch: 9, Steps: 562 | Train: 0.1762755 Vali: 0.1640778 Test: 0.2102856
[diag 3b-9]  freq.rs=-1.0070 mask.mean=0.450 mask.std=0.174  mrt.rs=+0.4807
EarlyStopping counter: 8 out of 12
Updating learning rate to 0.002621440000000001
    iters: 100, epoch: 10 | loss: 0.1550147 | speed: 0.0580s/iter; left: 516s
    iters: 200, epoch: 10 | loss: 0.1669132 | speed: 0.0426s/iter; left: 375s
    iters: 300, epoch: 10 | loss: 0.1882319 | speed: 0.0438s/iter; left: 381s
    iters: 400, epoch: 10 | loss: 0.1670238 | speed: 0.0434s/iter; left: 373s
    iters: 500, epoch: 10 | loss: 0.1861874 | speed: 0.0463s/iter; left: 393s
Epoch: 10, Steps: 562 | Train: 0.1753598 Vali: 0.1629826 Test: 0.2090835
[diag 3b-10]  freq.rs=-1.0191 mask.mean=0.450 mask.std=0.175  mrt.rs=+0.4799
EarlyStopping counter: 9 out of 12
Updating learning rate to 0.002097152000000001
    iters: 100, epoch: 11 | loss: 0.1757056 | speed: 0.0620s/iter; left: 516s
    iters: 200, epoch: 11 | loss: 0.1662631 | speed: 0.0454s/iter; left: 374s
    iters: 300, epoch: 11 | loss: 0.1703273 | speed: 0.0526s/iter; left: 427s
    iters: 400, epoch: 11 | loss: 0.1686982 | speed: 0.0478s/iter; left: 384s
    iters: 500, epoch: 11 | loss: 0.1617032 | speed: 0.0443s/iter; left: 351s
Epoch: 11, Steps: 562 | Train: 0.1749658 Vali: 0.1637639 Test: 0.2089702
[diag 3b-11]  freq.rs=-1.0259 mask.mean=0.449 mask.std=0.176  mrt.rs=+0.4797
EarlyStopping counter: 10 out of 12
Updating learning rate to 0.001677721600000001
    iters: 100, epoch: 12 | loss: 0.1559105 | speed: 0.0620s/iter; left: 482s
    iters: 200, epoch: 12 | loss: 0.1702236 | speed: 0.0442s/iter; left: 339s
    iters: 300, epoch: 12 | loss: 0.1804064 | speed: 0.0454s/iter; left: 343s
    iters: 400, epoch: 12 | loss: 0.1711948 | speed: 0.0472s/iter; left: 353s
    iters: 500, epoch: 12 | loss: 0.1631916 | speed: 0.0485s/iter; left: 357s
Epoch: 12, Steps: 562 | Train: 0.1743816 Vali: 0.1632596 Test: 0.2096078
[diag 3b-12]  freq.rs=-1.0344 mask.mean=0.448 mask.std=0.177  mrt.rs=+0.4796
EarlyStopping counter: 11 out of 12
Updating learning rate to 0.0013421772800000006
    iters: 100, epoch: 13 | loss: 0.1815964 | speed: 0.0650s/iter; left: 469s
    iters: 200, epoch: 13 | loss: 0.1799443 | speed: 0.0466s/iter; left: 331s
    iters: 300, epoch: 13 | loss: 0.1714662 | speed: 0.0457s/iter; left: 320s
    iters: 400, epoch: 13 | loss: 0.1657517 | speed: 0.0461s/iter; left: 318s
    iters: 500, epoch: 13 | loss: 0.1578139 | speed: 0.0470s/iter; left: 320s
Epoch: 13, Steps: 562 | Train: 0.1739365 Vali: 0.1655027 Test: 0.2097726
[diag 3b-13]  freq.rs=-1.0377 mask.mean=0.448 mask.std=0.178  mrt.rs=+0.4794
EarlyStopping counter: 12 out of 12
Early stopping at epoch 13

============================================================
FINAL RESULT (Stage 3b): mse=0.2093, mae=0.2562, smape=39.8832
============================================================
[diag 3b-final]  freq.rs=-0.0693 mask.mean=0.415 mask.std=0.133  mrt.rs=+0.4771
