============================================================
CONFIGURATION
============================================================
Device     : cuda:0
Dataset    : solar
Pred len   : 336
Seed       : 2024

--- Data ---
enc_in     : 137
seq_len    : 96
cycle      : 144
use_revin  : 0
batch_size : 64

--- Model ---
model_type : mlp
d_model    : 512
mrt_layers : 1
freq_layers: 0
fusion     : mode=serial, gate=0, sparsity=0.0

--- Training ---
base_lr    : 0.01
Stage1     : epochs=30, patience=15
Stage2     : epochs=3, patience=3, freeze_backbone=1
Stage3 FreDF: True
Stage3a    : epochs=12, patience=6
Stage3b    : epochs=20, patience=10, freq×0.67 model×0.33 mrt×0.10
============================================================

============================================================
STAGE 1: Train MRT only (freq_layers=0)
============================================================
train 36361
val 4921
test 10177
    iters: 100, epoch: 1 | loss: 0.2434614 | speed: 0.0476s/iter; left: 806s
    iters: 200, epoch: 1 | loss: 0.2262791 | speed: 0.0282s/iter; left: 475s
    iters: 300, epoch: 1 | loss: 0.2375502 | speed: 0.0295s/iter; left: 494s
    iters: 400, epoch: 1 | loss: 0.2135787 | speed: 0.0304s/iter; left: 506s
    iters: 500, epoch: 1 | loss: 0.1986227 | speed: 0.0287s/iter; left: 475s
Epoch: 1, Steps: 568 | Train: 0.2580783 Vali: 0.1839629 Test: 0.2867606
Validation loss decreased (inf --> 0.183963).  Saving model ...
Updating learning rate to 0.01
    iters: 100, epoch: 2 | loss: 0.2012129 | speed: 0.0390s/iter; left: 638s
    iters: 200, epoch: 2 | loss: 0.1820083 | speed: 0.0297s/iter; left: 483s
    iters: 300, epoch: 2 | loss: 0.1927145 | speed: 0.0236s/iter; left: 381s
    iters: 400, epoch: 2 | loss: 0.1913882 | speed: 0.0232s/iter; left: 373s
    iters: 500, epoch: 2 | loss: 0.2050378 | speed: 0.0244s/iter; left: 390s
Epoch: 2, Steps: 568 | Train: 0.2007503 Vali: 0.1672723 Test: 0.2277974
Validation loss decreased (0.183963 --> 0.167272).  Saving model ...
Updating learning rate to 0.01
    iters: 100, epoch: 3 | loss: 0.1749392 | speed: 0.0376s/iter; left: 594s
    iters: 200, epoch: 3 | loss: 0.2070095 | speed: 0.0295s/iter; left: 464s
    iters: 300, epoch: 3 | loss: 0.1814194 | speed: 0.0294s/iter; left: 458s
    iters: 400, epoch: 3 | loss: 0.1807476 | speed: 0.0299s/iter; left: 463s
    iters: 500, epoch: 3 | loss: 0.1931672 | speed: 0.0285s/iter; left: 439s
Epoch: 3, Steps: 568 | Train: 0.1858400 Vali: 0.1657141 Test: 0.2175768
Validation loss decreased (0.167272 --> 0.165714).  Saving model ...
Updating learning rate to 0.01
    iters: 100, epoch: 4 | loss: 0.1834999 | speed: 0.0390s/iter; left: 594s
    iters: 200, epoch: 4 | loss: 0.1740226 | speed: 0.0291s/iter; left: 440s
    iters: 300, epoch: 4 | loss: 0.2221333 | speed: 0.0295s/iter; left: 443s
    iters: 400, epoch: 4 | loss: 0.1841807 | speed: 0.0289s/iter; left: 431s
    iters: 500, epoch: 4 | loss: 0.1820002 | speed: 0.0308s/iter; left: 457s
Epoch: 4, Steps: 568 | Train: 0.1845736 Vali: 0.1663566 Test: 0.2112023
EarlyStopping counter: 1 out of 15
Updating learning rate to 0.008
    iters: 100, epoch: 5 | loss: 0.1630041 | speed: 0.0372s/iter; left: 545s
    iters: 200, epoch: 5 | loss: 0.2013039 | speed: 0.0305s/iter; left: 444s
    iters: 300, epoch: 5 | loss: 0.1806217 | speed: 0.0241s/iter; left: 349s
    iters: 400, epoch: 5 | loss: 0.1910847 | speed: 0.0237s/iter; left: 340s
    iters: 500, epoch: 5 | loss: 0.1798859 | speed: 0.0250s/iter; left: 357s
Epoch: 5, Steps: 568 | Train: 0.1815491 Vali: 0.1668916 Test: 0.2217643
EarlyStopping counter: 2 out of 15
Updating learning rate to 0.006400000000000001
    iters: 100, epoch: 6 | loss: 0.1723866 | speed: 0.0371s/iter; left: 523s
    iters: 200, epoch: 6 | loss: 0.1776137 | speed: 0.0281s/iter; left: 393s
    iters: 300, epoch: 6 | loss: 0.1661604 | speed: 0.0291s/iter; left: 404s
    iters: 400, epoch: 6 | loss: 0.1718492 | speed: 0.0275s/iter; left: 379s
    iters: 500, epoch: 6 | loss: 0.1995049 | speed: 0.0293s/iter; left: 402s
Epoch: 6, Steps: 568 | Train: 0.1786205 Vali: 0.1658915 Test: 0.2258710
EarlyStopping counter: 3 out of 15
Updating learning rate to 0.005120000000000001
    iters: 100, epoch: 7 | loss: 0.1704107 | speed: 0.0384s/iter; left: 520s
    iters: 200, epoch: 7 | loss: 0.1736189 | speed: 0.0286s/iter; left: 384s
    iters: 300, epoch: 7 | loss: 0.1778873 | speed: 0.0308s/iter; left: 410s
    iters: 400, epoch: 7 | loss: 0.1880101 | speed: 0.0293s/iter; left: 388s
    iters: 500, epoch: 7 | loss: 0.1729981 | speed: 0.0271s/iter; left: 356s
Epoch: 7, Steps: 568 | Train: 0.1772226 Vali: 0.1646377 Test: 0.2090924
Validation loss decreased (0.165714 --> 0.164638).  Saving model ...
Updating learning rate to 0.004096000000000001
    iters: 100, epoch: 8 | loss: 0.1824380 | speed: 0.0361s/iter; left: 468s
    iters: 200, epoch: 8 | loss: 0.1743300 | speed: 0.0255s/iter; left: 328s
    iters: 300, epoch: 8 | loss: 0.1727457 | speed: 0.0275s/iter; left: 351s
    iters: 400, epoch: 8 | loss: 0.1696036 | speed: 0.0293s/iter; left: 371s
    iters: 500, epoch: 8 | loss: 0.1750156 | speed: 0.0250s/iter; left: 314s
Epoch: 8, Steps: 568 | Train: 0.1757875 Vali: 0.1654907 Test: 0.2189967
EarlyStopping counter: 1 out of 15
Updating learning rate to 0.0032768000000000007
    iters: 100, epoch: 9 | loss: 0.1732229 | speed: 0.0340s/iter; left: 422s
    iters: 200, epoch: 9 | loss: 0.1733884 | speed: 0.0274s/iter; left: 337s
    iters: 300, epoch: 9 | loss: 0.1667275 | speed: 0.0289s/iter; left: 352s
    iters: 400, epoch: 9 | loss: 0.1561057 | speed: 0.0259s/iter; left: 313s
    iters: 500, epoch: 9 | loss: 0.1680423 | speed: 0.0287s/iter; left: 344s
Epoch: 9, Steps: 568 | Train: 0.1747126 Vali: 0.1624855 Test: 0.2099275
Validation loss decreased (0.164638 --> 0.162486).  Saving model ...
Updating learning rate to 0.002621440000000001
    iters: 100, epoch: 10 | loss: 0.1899789 | speed: 0.0325s/iter; left: 384s
    iters: 200, epoch: 10 | loss: 0.1824055 | speed: 0.0278s/iter; left: 326s
    iters: 300, epoch: 10 | loss: 0.1670312 | speed: 0.0278s/iter; left: 324s
    iters: 400, epoch: 10 | loss: 0.1800300 | speed: 0.0259s/iter; left: 298s
    iters: 500, epoch: 10 | loss: 0.1800985 | speed: 0.0267s/iter; left: 305s
Epoch: 10, Steps: 568 | Train: 0.1736067 Vali: 0.1628243 Test: 0.2068040
EarlyStopping counter: 1 out of 15
Updating learning rate to 0.002097152000000001
    iters: 100, epoch: 11 | loss: 0.1946142 | speed: 0.0342s/iter; left: 385s
    iters: 200, epoch: 11 | loss: 0.1819952 | speed: 0.0260s/iter; left: 290s
    iters: 300, epoch: 11 | loss: 0.1559310 | speed: 0.0255s/iter; left: 282s
    iters: 400, epoch: 11 | loss: 0.1768772 | speed: 0.0255s/iter; left: 279s
    iters: 500, epoch: 11 | loss: 0.1860086 | speed: 0.0259s/iter; left: 281s
Epoch: 11, Steps: 568 | Train: 0.1730704 Vali: 0.1672647 Test: 0.2112912
EarlyStopping counter: 2 out of 15
Updating learning rate to 0.001677721600000001
    iters: 100, epoch: 12 | loss: 0.1939770 | speed: 0.0343s/iter; left: 367s
    iters: 200, epoch: 12 | loss: 0.1614139 | speed: 0.0267s/iter; left: 282s
    iters: 300, epoch: 12 | loss: 0.1488934 | speed: 0.0227s/iter; left: 238s
    iters: 400, epoch: 12 | loss: 0.1782332 | speed: 0.0242s/iter; left: 251s
    iters: 500, epoch: 12 | loss: 0.1806015 | speed: 0.0223s/iter; left: 229s
Epoch: 12, Steps: 568 | Train: 0.1720942 Vali: 0.1653335 Test: 0.2084364
EarlyStopping counter: 3 out of 15
Updating learning rate to 0.0013421772800000006
    iters: 100, epoch: 13 | loss: 0.1691788 | speed: 0.0405s/iter; left: 410s
    iters: 200, epoch: 13 | loss: 0.1678919 | speed: 0.0331s/iter; left: 332s
    iters: 300, epoch: 13 | loss: 0.1614864 | speed: 0.0311s/iter; left: 309s
    iters: 400, epoch: 13 | loss: 0.1744206 | speed: 0.0320s/iter; left: 314s
    iters: 500, epoch: 13 | loss: 0.1690383 | speed: 0.0307s/iter; left: 299s
Epoch: 13, Steps: 568 | Train: 0.1715719 Vali: 0.1629026 Test: 0.2062039
EarlyStopping counter: 4 out of 15
Updating learning rate to 0.0010737418240000006
    iters: 100, epoch: 14 | loss: 0.1726560 | speed: 0.0408s/iter; left: 390s
    iters: 200, epoch: 14 | loss: 0.1539868 | speed: 0.0317s/iter; left: 300s
    iters: 300, epoch: 14 | loss: 0.1926263 | speed: 0.0306s/iter; left: 286s
    iters: 400, epoch: 14 | loss: 0.1580495 | speed: 0.0294s/iter; left: 272s
    iters: 500, epoch: 14 | loss: 0.1714857 | speed: 0.0322s/iter; left: 295s
Epoch: 14, Steps: 568 | Train: 0.1708029 Vali: 0.1628468 Test: 0.2101119
EarlyStopping counter: 5 out of 15
Updating learning rate to 0.0008589934592000006
    iters: 100, epoch: 15 | loss: 0.1844567 | speed: 0.0387s/iter; left: 348s
    iters: 200, epoch: 15 | loss: 0.1642391 | speed: 0.0337s/iter; left: 300s
    iters: 300, epoch: 15 | loss: 0.1650710 | speed: 0.0308s/iter; left: 271s
    iters: 400, epoch: 15 | loss: 0.1554025 | speed: 0.0299s/iter; left: 260s
    iters: 500, epoch: 15 | loss: 0.1759806 | speed: 0.0311s/iter; left: 267s
Epoch: 15, Steps: 568 | Train: 0.1703233 Vali: 0.1648388 Test: 0.2081860
EarlyStopping counter: 6 out of 15
Updating learning rate to 0.0006871947673600004
    iters: 100, epoch: 16 | loss: 0.1585283 | speed: 0.0395s/iter; left: 333s
    iters: 200, epoch: 16 | loss: 0.1468516 | speed: 0.0311s/iter; left: 259s
    iters: 300, epoch: 16 | loss: 0.1715362 | speed: 0.0321s/iter; left: 264s
    iters: 400, epoch: 16 | loss: 0.2062502 | speed: 0.0309s/iter; left: 251s
    iters: 500, epoch: 16 | loss: 0.1696994 | speed: 0.0314s/iter; left: 252s
Epoch: 16, Steps: 568 | Train: 0.1698729 Vali: 0.1670617 Test: 0.2019658
EarlyStopping counter: 7 out of 15
Updating learning rate to 0.0005497558138880004
    iters: 100, epoch: 17 | loss: 0.1693930 | speed: 0.0406s/iter; left: 319s
    iters: 200, epoch: 17 | loss: 0.1817238 | speed: 0.0304s/iter; left: 236s
    iters: 300, epoch: 17 | loss: 0.1783303 | speed: 0.0278s/iter; left: 213s
    iters: 400, epoch: 17 | loss: 0.1717537 | speed: 0.0279s/iter; left: 210s
    iters: 500, epoch: 17 | loss: 0.1487688 | speed: 0.0288s/iter; left: 215s
Epoch: 17, Steps: 568 | Train: 0.1693900 Vali: 0.1658149 Test: 0.2103112
EarlyStopping counter: 8 out of 15
Updating learning rate to 0.00043980465111040037
    iters: 100, epoch: 18 | loss: 0.1816296 | speed: 0.0437s/iter; left: 318s
    iters: 200, epoch: 18 | loss: 0.1913062 | speed: 0.0313s/iter; left: 225s
    iters: 300, epoch: 18 | loss: 0.1460688 | speed: 0.0295s/iter; left: 209s
    iters: 400, epoch: 18 | loss: 0.1800459 | speed: 0.0317s/iter; left: 222s
    iters: 500, epoch: 18 | loss: 0.1604327 | speed: 0.0306s/iter; left: 211s
Epoch: 18, Steps: 568 | Train: 0.1692486 Vali: 0.1634619 Test: 0.2074218
EarlyStopping counter: 9 out of 15
Updating learning rate to 0.0003518437208883203
    iters: 100, epoch: 19 | loss: 0.1617520 | speed: 0.0386s/iter; left: 259s
    iters: 200, epoch: 19 | loss: 0.1482354 | speed: 0.0280s/iter; left: 185s
    iters: 300, epoch: 19 | loss: 0.1745846 | speed: 0.0291s/iter; left: 190s
    iters: 400, epoch: 19 | loss: 0.1722909 | speed: 0.0265s/iter; left: 170s
    iters: 500, epoch: 19 | loss: 0.1620215 | speed: 0.0279s/iter; left: 177s
Epoch: 19, Steps: 568 | Train: 0.1690342 Vali: 0.1628559 Test: 0.2092647
EarlyStopping counter: 10 out of 15
Updating learning rate to 0.00028147497671065624
    iters: 100, epoch: 20 | loss: 0.1602393 | speed: 0.0316s/iter; left: 194s
    iters: 200, epoch: 20 | loss: 0.1477356 | speed: 0.0289s/iter; left: 175s
    iters: 300, epoch: 20 | loss: 0.1501971 | speed: 0.0315s/iter; left: 187s
    iters: 400, epoch: 20 | loss: 0.1652121 | speed: 0.0345s/iter; left: 202s
    iters: 500, epoch: 20 | loss: 0.1908179 | speed: 0.0319s/iter; left: 183s
Epoch: 20, Steps: 568 | Train: 0.1688618 Vali: 0.1657541 Test: 0.2037649
EarlyStopping counter: 11 out of 15
Updating learning rate to 0.00022517998136852504
    iters: 100, epoch: 21 | loss: 0.1885157 | speed: 0.0405s/iter; left: 226s
    iters: 200, epoch: 21 | loss: 0.1574663 | speed: 0.0309s/iter; left: 169s
    iters: 300, epoch: 21 | loss: 0.1750408 | speed: 0.0291s/iter; left: 157s
    iters: 400, epoch: 21 | loss: 0.1537431 | speed: 0.0303s/iter; left: 160s
    iters: 500, epoch: 21 | loss: 0.1675369 | speed: 0.0288s/iter; left: 149s
Epoch: 21, Steps: 568 | Train: 0.1686493 Vali: 0.1649680 Test: 0.2039318
EarlyStopping counter: 12 out of 15
Updating learning rate to 0.00018014398509482002
    iters: 100, epoch: 22 | loss: 0.1714683 | speed: 0.0403s/iter; left: 202s
    iters: 200, epoch: 22 | loss: 0.1759688 | speed: 0.0290s/iter; left: 142s
    iters: 300, epoch: 22 | loss: 0.1617410 | speed: 0.0305s/iter; left: 147s
    iters: 400, epoch: 22 | loss: 0.1378527 | speed: 0.0285s/iter; left: 134s
    iters: 500, epoch: 22 | loss: 0.1747309 | speed: 0.0306s/iter; left: 141s
Epoch: 22, Steps: 568 | Train: 0.1685074 Vali: 0.1658435 Test: 0.2048865
EarlyStopping counter: 13 out of 15
Updating learning rate to 0.00014411518807585602
    iters: 100, epoch: 23 | loss: 0.1861196 | speed: 0.0391s/iter; left: 174s
    iters: 200, epoch: 23 | loss: 0.1482257 | speed: 0.0292s/iter; left: 127s
    iters: 300, epoch: 23 | loss: 0.1892406 | speed: 0.0284s/iter; left: 121s
    iters: 400, epoch: 23 | loss: 0.1471841 | speed: 0.0300s/iter; left: 124s
    iters: 500, epoch: 23 | loss: 0.1934921 | speed: 0.0289s/iter; left: 117s
Epoch: 23, Steps: 568 | Train: 0.1683668 Vali: 0.1661639 Test: 0.2050755
EarlyStopping counter: 14 out of 15
Updating learning rate to 0.00011529215046068484
    iters: 100, epoch: 24 | loss: 0.1780721 | speed: 0.0393s/iter; left: 153s
    iters: 200, epoch: 24 | loss: 0.1588148 | speed: 0.0281s/iter; left: 106s
    iters: 300, epoch: 24 | loss: 0.1577502 | speed: 0.0302s/iter; left: 111s
    iters: 400, epoch: 24 | loss: 0.1572815 | speed: 0.0287s/iter; left: 103s
    iters: 500, epoch: 24 | loss: 0.1507523 | speed: 0.0304s/iter; left: 106s
Epoch: 24, Steps: 568 | Train: 0.1682758 Vali: 0.1658324 Test: 0.2043506
EarlyStopping counter: 15 out of 15
Early stopping at epoch 24
STAGE 1 RESULT: mse=0.2084, mae=0.2611, smape=41.0315

============================================================
STAGE 2: Load MRT + add Freq branch (frozen backbone/MRT/cycle, max_epochs=3, patience=3)
============================================================
train 36361
val 4921
test 10177
Loaded 10 params from stage1, 0 new (Freq branch)
Trainable: 6,714 / 250,119 (2.7%)  freeze_backbone=1
    iters: 100, epoch: 1 | loss: 0.8066237 | speed: 0.0421s/iter; left: 68s
    iters: 200, epoch: 1 | loss: 0.8092228 | speed: 0.0263s/iter; left: 40s
    iters: 300, epoch: 1 | loss: 0.7887892 | speed: 0.0255s/iter; left: 36s
    iters: 400, epoch: 1 | loss: 0.7922890 | speed: 0.0257s/iter; left: 34s
    iters: 500, epoch: 1 | loss: 0.7812535 | speed: 0.0276s/iter; left: 33s
Epoch: 1, Train: 0.7983676 Vali: 0.1625562
[diag s2-1]  freq.rs=-0.0411 mask.mean=0.442 mask.std=0.143  mrt.rs=+0.4748
Validation loss decreased (inf --> 0.162556).  Saving model ...
    iters: 100, epoch: 2 | loss: 0.8083218 | speed: 0.0433s/iter; left: 45s
    iters: 200, epoch: 2 | loss: 0.7940913 | speed: 0.0265s/iter; left: 25s
    iters: 300, epoch: 2 | loss: 0.7935212 | speed: 0.0263s/iter; left: 22s
    iters: 400, epoch: 2 | loss: 0.8228807 | speed: 0.0267s/iter; left: 20s
    iters: 500, epoch: 2 | loss: 0.7593990 | speed: 0.0282s/iter; left: 18s
Epoch: 2, Train: 0.7982799 Vali: 0.1626551
[diag s2-2]  freq.rs=-0.0448 mask.mean=0.443 mask.std=0.145  mrt.rs=+0.4748
EarlyStopping counter: 1 out of 3
    iters: 100, epoch: 3 | loss: 0.8290437 | speed: 0.0420s/iter; left: 20s
    iters: 200, epoch: 3 | loss: 0.7966070 | speed: 0.0255s/iter; left: 9s
    iters: 300, epoch: 3 | loss: 0.8222052 | speed: 0.0262s/iter; left: 7s
    iters: 400, epoch: 3 | loss: 0.7941889 | speed: 0.0273s/iter; left: 5s
    iters: 500, epoch: 3 | loss: 0.7743539 | speed: 0.0261s/iter; left: 2s
Epoch: 3, Train: 0.7982578 Vali: 0.1624670
[diag s2-3]  freq.rs=-0.0504 mask.mean=0.443 mask.std=0.147  mrt.rs=+0.4748
Validation loss decreased (0.162556 --> 0.162467).  Saving model ...
STAGE 2 complete.

============================================================
SKIPPING Stage 3a (--no_stage3a): Stage 2 -> Stage 3b directly
============================================================

============================================================
STAGE 3b: Unfreeze all, group-wise LR (base=0.003000, max_epochs=20, patience=10) + FreDF(α=0.8)
  LR groups: freq/gate ×0.67, model ×0.33, mrt/cycle ×0.10
============================================================
train 36361
val 4921
test 10177
Loaded stage3a checkpoint, unfreezing all parameters.
  Group freq/gate: 6,714 params, LR=0.002010
  Group model: 222,032 params, LR=0.000990
  Group mrt/cycle: 21,373 params, LR=0.000300
    iters: 100, epoch: 1 | loss: 0.8102630 | speed: 0.0489s/iter; left: 551s
    iters: 200, epoch: 1 | loss: 0.8045526 | speed: 0.0304s/iter; left: 339s
    iters: 300, epoch: 1 | loss: 0.7806903 | speed: 0.0312s/iter; left: 345s
    iters: 400, epoch: 1 | loss: 0.7637882 | speed: 0.0324s/iter; left: 355s
    iters: 500, epoch: 1 | loss: 0.7733970 | speed: 0.0249s/iter; left: 270s
Epoch: 1, Steps: 568 | Train: 0.7905914 Vali: 0.1620094 Test: 0.2064641
[diag 3b-1]  freq.rs=-0.0516 mask.mean=0.443 mask.std=0.148  mrt.rs=+0.4744
Validation loss decreased (inf --> 0.162009).  Saving model ...
Updating learning rate to 0.01
    iters: 100, epoch: 2 | loss: 0.8053214 | speed: 0.0456s/iter; left: 487s
    iters: 200, epoch: 2 | loss: 0.8418541 | speed: 0.0299s/iter; left: 317s
    iters: 300, epoch: 2 | loss: 0.8280178 | speed: 0.0300s/iter; left: 315s
    iters: 400, epoch: 2 | loss: 0.8365331 | speed: 0.0312s/iter; left: 324s
    iters: 500, epoch: 2 | loss: 0.7908802 | speed: 0.0300s/iter; left: 309s
Epoch: 2, Steps: 568 | Train: 0.8134660 Vali: 0.1702185 Test: 0.2248721
[diag 3b-2]  freq.rs=-0.3693 mask.mean=0.437 mask.std=0.187  mrt.rs=+0.4790
EarlyStopping counter: 1 out of 10
Updating learning rate to 0.01
    iters: 100, epoch: 3 | loss: 0.8158665 | speed: 0.0479s/iter; left: 485s
    iters: 200, epoch: 3 | loss: 0.7592737 | speed: 0.0307s/iter; left: 308s
    iters: 300, epoch: 3 | loss: 0.7963374 | speed: 0.0302s/iter; left: 300s
    iters: 400, epoch: 3 | loss: 0.7768133 | speed: 0.0306s/iter; left: 301s
    iters: 500, epoch: 3 | loss: 0.7418677 | speed: 0.0304s/iter; left: 296s
Epoch: 3, Steps: 568 | Train: 0.8104971 Vali: 0.1674198 Test: 0.2172645
[diag 3b-3]  freq.rs=-0.5616 mask.mean=0.422 mask.std=0.195  mrt.rs=+0.4803
EarlyStopping counter: 2 out of 10
Updating learning rate to 0.01
    iters: 100, epoch: 4 | loss: 0.7717680 | speed: 0.0443s/iter; left: 423s
    iters: 200, epoch: 4 | loss: 0.8439394 | speed: 0.0299s/iter; left: 283s
    iters: 300, epoch: 4 | loss: 0.8065726 | speed: 0.0293s/iter; left: 274s
    iters: 400, epoch: 4 | loss: 0.8008726 | speed: 0.0300s/iter; left: 278s
    iters: 500, epoch: 4 | loss: 0.7841367 | speed: 0.0318s/iter; left: 291s
Epoch: 4, Steps: 568 | Train: 0.8077847 Vali: 0.1637000 Test: 0.2156762
[diag 3b-4]  freq.rs=-0.7183 mask.mean=0.414 mask.std=0.193  mrt.rs=+0.4782
EarlyStopping counter: 3 out of 10
Updating learning rate to 0.008
    iters: 100, epoch: 5 | loss: 0.7759614 | speed: 0.0485s/iter; left: 436s
    iters: 200, epoch: 5 | loss: 0.8085852 | speed: 0.0274s/iter; left: 243s
    iters: 300, epoch: 5 | loss: 0.8535517 | speed: 0.0241s/iter; left: 212s
    iters: 400, epoch: 5 | loss: 0.7619862 | speed: 0.0254s/iter; left: 221s
    iters: 500, epoch: 5 | loss: 0.8410076 | speed: 0.0263s/iter; left: 226s
Epoch: 5, Steps: 568 | Train: 0.8036812 Vali: 0.1676630 Test: 0.2187926
[diag 3b-5]  freq.rs=-0.8111 mask.mean=0.406 mask.std=0.187  mrt.rs=+0.4762
EarlyStopping counter: 4 out of 10
Updating learning rate to 0.006400000000000001
    iters: 100, epoch: 6 | loss: 0.8196483 | speed: 0.0449s/iter; left: 378s
    iters: 200, epoch: 6 | loss: 0.7873251 | speed: 0.0292s/iter; left: 243s
    iters: 300, epoch: 6 | loss: 0.7975625 | speed: 0.0291s/iter; left: 239s
    iters: 400, epoch: 6 | loss: 0.7737907 | speed: 0.0284s/iter; left: 231s
    iters: 500, epoch: 6 | loss: 0.7789792 | speed: 0.0360s/iter; left: 289s
Epoch: 6, Steps: 568 | Train: 0.7989981 Vali: 0.1684413 Test: 0.2191645
[diag 3b-6]  freq.rs=-0.8684 mask.mean=0.402 mask.std=0.183  mrt.rs=+0.4752
EarlyStopping counter: 5 out of 10
Updating learning rate to 0.005120000000000001
    iters: 100, epoch: 7 | loss: 0.7955791 | speed: 0.0479s/iter; left: 376s
    iters: 200, epoch: 7 | loss: 0.8228166 | speed: 0.0345s/iter; left: 267s
    iters: 300, epoch: 7 | loss: 0.7914493 | speed: 0.0341s/iter; left: 261s
    iters: 400, epoch: 7 | loss: 0.7774698 | speed: 0.0351s/iter; left: 265s
    iters: 500, epoch: 7 | loss: 0.8044014 | speed: 0.0352s/iter; left: 262s
Epoch: 7, Steps: 568 | Train: 0.7970842 Vali: 0.1652455 Test: 0.2224870
[diag 3b-7]  freq.rs=-0.9081 mask.mean=0.398 mask.std=0.180  mrt.rs=+0.4748
EarlyStopping counter: 6 out of 10
Updating learning rate to 0.004096000000000001
    iters: 100, epoch: 8 | loss: 0.8463097 | speed: 0.0521s/iter; left: 380s
    iters: 200, epoch: 8 | loss: 0.8091503 | speed: 0.0386s/iter; left: 278s
    iters: 300, epoch: 8 | loss: 0.7424657 | speed: 0.0364s/iter; left: 258s
    iters: 400, epoch: 8 | loss: 0.7759293 | speed: 0.0344s/iter; left: 240s
    iters: 500, epoch: 8 | loss: 0.7748787 | speed: 0.0360s/iter; left: 248s
Epoch: 8, Steps: 568 | Train: 0.7940964 Vali: 0.1648799 Test: 0.2133776
[diag 3b-8]  freq.rs=-0.9409 mask.mean=0.397 mask.std=0.179  mrt.rs=+0.4749
EarlyStopping counter: 7 out of 10
Updating learning rate to 0.0032768000000000007
    iters: 100, epoch: 9 | loss: 0.8108137 | speed: 0.0544s/iter; left: 365s
    iters: 200, epoch: 9 | loss: 0.7809416 | speed: 0.0357s/iter; left: 236s
    iters: 300, epoch: 9 | loss: 0.7705728 | speed: 0.0370s/iter; left: 241s
    iters: 400, epoch: 9 | loss: 0.8250222 | speed: 0.0363s/iter; left: 233s
    iters: 500, epoch: 9 | loss: 0.7837393 | speed: 0.0357s/iter; left: 225s
Epoch: 9, Steps: 568 | Train: 0.7915743 Vali: 0.1681077 Test: 0.2132866
[diag 3b-9]  freq.rs=-0.9592 mask.mean=0.396 mask.std=0.179  mrt.rs=+0.4735
EarlyStopping counter: 8 out of 10
Updating learning rate to 0.002621440000000001
    iters: 100, epoch: 10 | loss: 0.7798402 | speed: 0.0409s/iter; left: 251s
    iters: 200, epoch: 10 | loss: 0.7802438 | speed: 0.0264s/iter; left: 160s
    iters: 300, epoch: 10 | loss: 0.7929740 | speed: 0.0355s/iter; left: 211s
    iters: 400, epoch: 10 | loss: 0.8126494 | speed: 0.0331s/iter; left: 194s
    iters: 500, epoch: 10 | loss: 0.7901890 | speed: 0.0338s/iter; left: 194s
Epoch: 10, Steps: 568 | Train: 0.7897739 Vali: 0.1660015 Test: 0.2044423
[diag 3b-10]  freq.rs=-0.9730 mask.mean=0.395 mask.std=0.178  mrt.rs=+0.4743
EarlyStopping counter: 9 out of 10
Updating learning rate to 0.002097152000000001
    iters: 100, epoch: 11 | loss: 0.7974438 | speed: 0.0517s/iter; left: 289s
    iters: 200, epoch: 11 | loss: 0.7728491 | speed: 0.0342s/iter; left: 188s
    iters: 300, epoch: 11 | loss: 0.7987201 | speed: 0.0320s/iter; left: 172s
    iters: 400, epoch: 11 | loss: 0.8360767 | speed: 0.0330s/iter; left: 174s
    iters: 500, epoch: 11 | loss: 0.7868522 | speed: 0.0314s/iter; left: 163s
Epoch: 11, Steps: 568 | Train: 0.7885080 Vali: 0.1657993 Test: 0.2031514
[diag 3b-11]  freq.rs=-0.9836 mask.mean=0.395 mask.std=0.179  mrt.rs=+0.4746
EarlyStopping counter: 10 out of 10
Early stopping at epoch 11

============================================================
FINAL RESULT (Stage 3b): mse=0.2051, mae=0.2549, smape=39.9700
============================================================
[diag 3b-final]  freq.rs=-0.0516 mask.mean=0.443 mask.std=0.148  mrt.rs=+0.4744
