============================================================
CONFIGURATION
============================================================
Device     : cuda:0
Dataset    : solar
Pred len   : 192
Seed       : 2024

--- Data ---
enc_in     : 137
seq_len    : 96
cycle      : 144
use_revin  : 0
batch_size : 64

--- Model ---
model_type : mlp
d_model    : 512
mrt_layers : 1
freq_layers: 0
fusion     : mode=serial, gate=0, sparsity=0.0

--- Training ---
base_lr    : 0.01
Stage1     : epochs=30, patience=15
Stage2     : epochs=3, patience=3, freeze_backbone=0
Stage3     : SKIPPED (stage2_only)
============================================================

============================================================
STAGE 1: Train MRT only (freq_layers=0)
============================================================
train 36505
val 5065
test 10321
    iters: 100, epoch: 1 | loss: 0.2351642 | speed: 0.0389s/iter; left: 661s
    iters: 200, epoch: 1 | loss: 0.2225852 | speed: 0.0203s/iter; left: 343s
    iters: 300, epoch: 1 | loss: 0.2273871 | speed: 0.0210s/iter; left: 353s
    iters: 400, epoch: 1 | loss: 0.2008566 | speed: 0.0201s/iter; left: 336s
    iters: 500, epoch: 1 | loss: 0.2679821 | speed: 0.0202s/iter; left: 335s
Epoch: 1, Steps: 570 | Train: 0.2491221 Vali: 0.1734756 Test: 0.2640377
Validation loss decreased (inf --> 0.173476).  Saving model ...
Updating learning rate to 0.01
    iters: 100, epoch: 2 | loss: 0.2233588 | speed: 0.0276s/iter; left: 454s
    iters: 200, epoch: 2 | loss: 0.1707647 | speed: 0.0204s/iter; left: 333s
    iters: 300, epoch: 2 | loss: 0.1975836 | speed: 0.0200s/iter; left: 325s
    iters: 400, epoch: 2 | loss: 0.1893493 | speed: 0.0198s/iter; left: 319s
    iters: 500, epoch: 2 | loss: 0.1827718 | speed: 0.0207s/iter; left: 332s
Epoch: 2, Steps: 570 | Train: 0.1922554 Vali: 0.1554820 Test: 0.2080476
Validation loss decreased (0.173476 --> 0.155482).  Saving model ...
Updating learning rate to 0.01
    iters: 100, epoch: 3 | loss: 0.1795226 | speed: 0.0276s/iter; left: 438s
    iters: 200, epoch: 3 | loss: 0.1662700 | speed: 0.0204s/iter; left: 322s
    iters: 300, epoch: 3 | loss: 0.1664035 | speed: 0.0207s/iter; left: 324s
    iters: 400, epoch: 3 | loss: 0.1935904 | speed: 0.0205s/iter; left: 319s
    iters: 500, epoch: 3 | loss: 0.1849012 | speed: 0.0207s/iter; left: 320s
Epoch: 3, Steps: 570 | Train: 0.1782642 Vali: 0.1606642 Test: 0.2114058
EarlyStopping counter: 1 out of 15
Updating learning rate to 0.01
    iters: 100, epoch: 4 | loss: 0.1652523 | speed: 0.0299s/iter; left: 457s
    iters: 200, epoch: 4 | loss: 0.2149207 | speed: 0.0205s/iter; left: 312s
    iters: 300, epoch: 4 | loss: 0.1562385 | speed: 0.0205s/iter; left: 309s
    iters: 400, epoch: 4 | loss: 0.1770072 | speed: 0.0206s/iter; left: 309s
    iters: 500, epoch: 4 | loss: 0.1674883 | speed: 0.0197s/iter; left: 294s
Epoch: 4, Steps: 570 | Train: 0.1773570 Vali: 0.1556240 Test: 0.2044060
EarlyStopping counter: 2 out of 15
Updating learning rate to 0.008
    iters: 100, epoch: 5 | loss: 0.2141051 | speed: 0.0279s/iter; left: 411s
    iters: 200, epoch: 5 | loss: 0.1874217 | speed: 0.0202s/iter; left: 296s
    iters: 300, epoch: 5 | loss: 0.1771527 | speed: 0.0205s/iter; left: 298s
    iters: 400, epoch: 5 | loss: 0.1373136 | speed: 0.0205s/iter; left: 296s
    iters: 500, epoch: 5 | loss: 0.1794563 | speed: 0.0204s/iter; left: 292s
Epoch: 5, Steps: 570 | Train: 0.1733815 Vali: 0.1547296 Test: 0.2071186
Validation loss decreased (0.155482 --> 0.154730).  Saving model ...
Updating learning rate to 0.006400000000000001
    iters: 100, epoch: 6 | loss: 0.1878983 | speed: 0.0283s/iter; left: 400s
    iters: 200, epoch: 6 | loss: 0.1743734 | speed: 0.0211s/iter; left: 296s
    iters: 300, epoch: 6 | loss: 0.1569166 | speed: 0.0203s/iter; left: 283s
    iters: 400, epoch: 6 | loss: 0.1644687 | speed: 0.0205s/iter; left: 285s
    iters: 500, epoch: 6 | loss: 0.1648006 | speed: 0.0200s/iter; left: 275s
Epoch: 6, Steps: 570 | Train: 0.1711698 Vali: 0.1528426 Test: 0.2069986
Validation loss decreased (0.154730 --> 0.152843).  Saving model ...
Updating learning rate to 0.005120000000000001
    iters: 100, epoch: 7 | loss: 0.1863376 | speed: 0.0273s/iter; left: 371s
    iters: 200, epoch: 7 | loss: 0.1736085 | speed: 0.0207s/iter; left: 280s
    iters: 300, epoch: 7 | loss: 0.1768844 | speed: 0.0202s/iter; left: 270s
    iters: 400, epoch: 7 | loss: 0.1680476 | speed: 0.0204s/iter; left: 271s
    iters: 500, epoch: 7 | loss: 0.1627739 | speed: 0.0212s/iter; left: 279s
Epoch: 7, Steps: 570 | Train: 0.1702373 Vali: 0.1625067 Test: 0.1987986
EarlyStopping counter: 1 out of 15
Updating learning rate to 0.004096000000000001
    iters: 100, epoch: 8 | loss: 0.1699907 | speed: 0.0288s/iter; left: 375s
    iters: 200, epoch: 8 | loss: 0.1834855 | speed: 0.0219s/iter; left: 282s
    iters: 300, epoch: 8 | loss: 0.1485511 | speed: 0.0224s/iter; left: 287s
    iters: 400, epoch: 8 | loss: 0.1722489 | speed: 0.0214s/iter; left: 272s
    iters: 500, epoch: 8 | loss: 0.1690992 | speed: 0.0212s/iter; left: 268s
Epoch: 8, Steps: 570 | Train: 0.1685759 Vali: 0.1530434 Test: 0.2039386
EarlyStopping counter: 2 out of 15
Updating learning rate to 0.0032768000000000007
    iters: 100, epoch: 9 | loss: 0.1632844 | speed: 0.0303s/iter; left: 377s
    iters: 200, epoch: 9 | loss: 0.1991629 | speed: 0.0207s/iter; left: 256s
    iters: 300, epoch: 9 | loss: 0.1559767 | speed: 0.0205s/iter; left: 251s
    iters: 400, epoch: 9 | loss: 0.1513132 | speed: 0.0207s/iter; left: 251s
    iters: 500, epoch: 9 | loss: 0.1368215 | speed: 0.0205s/iter; left: 246s
Epoch: 9, Steps: 570 | Train: 0.1668585 Vali: 0.1573902 Test: 0.1980734
EarlyStopping counter: 3 out of 15
Updating learning rate to 0.002621440000000001
    iters: 100, epoch: 10 | loss: 0.1435851 | speed: 0.0288s/iter; left: 342s
    iters: 200, epoch: 10 | loss: 0.1468183 | speed: 0.0195s/iter; left: 230s
    iters: 300, epoch: 10 | loss: 0.1722621 | speed: 0.0192s/iter; left: 224s
    iters: 400, epoch: 10 | loss: 0.1779927 | speed: 0.0196s/iter; left: 227s
    iters: 500, epoch: 10 | loss: 0.1719569 | speed: 0.0197s/iter; left: 226s
Epoch: 10, Steps: 570 | Train: 0.1656805 Vali: 0.1582296 Test: 0.1982588
EarlyStopping counter: 4 out of 15
Updating learning rate to 0.002097152000000001
    iters: 100, epoch: 11 | loss: 0.1893986 | speed: 0.0296s/iter; left: 334s
    iters: 200, epoch: 11 | loss: 0.1910501 | speed: 0.0202s/iter; left: 227s
    iters: 300, epoch: 11 | loss: 0.1830886 | speed: 0.0210s/iter; left: 233s
    iters: 400, epoch: 11 | loss: 0.1683008 | speed: 0.0205s/iter; left: 225s
    iters: 500, epoch: 11 | loss: 0.1803405 | speed: 0.0210s/iter; left: 229s
Epoch: 11, Steps: 570 | Train: 0.1649917 Vali: 0.1569878 Test: 0.1963354
EarlyStopping counter: 5 out of 15
Updating learning rate to 0.001677721600000001
    iters: 100, epoch: 12 | loss: 0.1585832 | speed: 0.0285s/iter; left: 306s
    iters: 200, epoch: 12 | loss: 0.1577410 | speed: 0.0224s/iter; left: 239s
    iters: 300, epoch: 12 | loss: 0.1756617 | speed: 0.0205s/iter; left: 216s
    iters: 400, epoch: 12 | loss: 0.1822175 | speed: 0.0205s/iter; left: 213s
    iters: 500, epoch: 12 | loss: 0.1595958 | speed: 0.0203s/iter; left: 209s
Epoch: 12, Steps: 570 | Train: 0.1639784 Vali: 0.1566731 Test: 0.1956300
EarlyStopping counter: 6 out of 15
Updating learning rate to 0.0013421772800000006
    iters: 100, epoch: 13 | loss: 0.1775702 | speed: 0.0283s/iter; left: 288s
    iters: 200, epoch: 13 | loss: 0.1663590 | speed: 0.0213s/iter; left: 214s
    iters: 300, epoch: 13 | loss: 0.1767519 | speed: 0.0208s/iter; left: 208s
    iters: 400, epoch: 13 | loss: 0.1869600 | speed: 0.0218s/iter; left: 215s
    iters: 500, epoch: 13 | loss: 0.1434269 | speed: 0.0212s/iter; left: 207s
Epoch: 13, Steps: 570 | Train: 0.1632808 Vali: 0.1555136 Test: 0.1997784
EarlyStopping counter: 7 out of 15
Updating learning rate to 0.0010737418240000006
    iters: 100, epoch: 14 | loss: 0.1836258 | speed: 0.0282s/iter; left: 271s
    iters: 200, epoch: 14 | loss: 0.1719038 | speed: 0.0211s/iter; left: 201s
    iters: 300, epoch: 14 | loss: 0.1523321 | speed: 0.0232s/iter; left: 218s
    iters: 400, epoch: 14 | loss: 0.1673051 | speed: 0.0219s/iter; left: 203s
    iters: 500, epoch: 14 | loss: 0.1799009 | speed: 0.0215s/iter; left: 198s
Epoch: 14, Steps: 570 | Train: 0.1625345 Vali: 0.1552888 Test: 0.1981027
EarlyStopping counter: 8 out of 15
Updating learning rate to 0.0008589934592000006
    iters: 100, epoch: 15 | loss: 0.1770073 | speed: 0.0282s/iter; left: 254s
    iters: 200, epoch: 15 | loss: 0.1824432 | speed: 0.0204s/iter; left: 182s
    iters: 300, epoch: 15 | loss: 0.1481630 | speed: 0.0207s/iter; left: 182s
    iters: 400, epoch: 15 | loss: 0.1362053 | speed: 0.0204s/iter; left: 178s
    iters: 500, epoch: 15 | loss: 0.1663044 | speed: 0.0203s/iter; left: 175s
Epoch: 15, Steps: 570 | Train: 0.1622235 Vali: 0.1580812 Test: 0.1956394
EarlyStopping counter: 9 out of 15
Updating learning rate to 0.0006871947673600004
    iters: 100, epoch: 16 | loss: 0.1502465 | speed: 0.0286s/iter; left: 241s
    iters: 200, epoch: 16 | loss: 0.1602583 | speed: 0.0206s/iter; left: 172s
    iters: 300, epoch: 16 | loss: 0.1695106 | speed: 0.0207s/iter; left: 170s
    iters: 400, epoch: 16 | loss: 0.1451010 | speed: 0.0199s/iter; left: 162s
    iters: 500, epoch: 16 | loss: 0.1800769 | speed: 0.0210s/iter; left: 169s
Epoch: 16, Steps: 570 | Train: 0.1616501 Vali: 0.1561198 Test: 0.2015609
EarlyStopping counter: 10 out of 15
Updating learning rate to 0.0005497558138880004
    iters: 100, epoch: 17 | loss: 0.1653005 | speed: 0.0283s/iter; left: 223s
    iters: 200, epoch: 17 | loss: 0.1620115 | speed: 0.0212s/iter; left: 165s
    iters: 300, epoch: 17 | loss: 0.1496069 | speed: 0.0202s/iter; left: 155s
    iters: 400, epoch: 17 | loss: 0.1481895 | speed: 0.0203s/iter; left: 154s
    iters: 500, epoch: 17 | loss: 0.1594020 | speed: 0.0206s/iter; left: 154s
Epoch: 17, Steps: 570 | Train: 0.1615063 Vali: 0.1569524 Test: 0.1972799
EarlyStopping counter: 11 out of 15
Updating learning rate to 0.00043980465111040037
    iters: 100, epoch: 18 | loss: 0.1697159 | speed: 0.0283s/iter; left: 207s
    iters: 200, epoch: 18 | loss: 0.1933586 | speed: 0.0200s/iter; left: 144s
    iters: 300, epoch: 18 | loss: 0.1749446 | speed: 0.0205s/iter; left: 146s
    iters: 400, epoch: 18 | loss: 0.1594429 | speed: 0.0213s/iter; left: 150s
    iters: 500, epoch: 18 | loss: 0.1650385 | speed: 0.0211s/iter; left: 146s
Epoch: 18, Steps: 570 | Train: 0.1610306 Vali: 0.1573309 Test: 0.2028702
EarlyStopping counter: 12 out of 15
Updating learning rate to 0.0003518437208883203
    iters: 100, epoch: 19 | loss: 0.1830713 | speed: 0.0281s/iter; left: 190s
    iters: 200, epoch: 19 | loss: 0.1636950 | speed: 0.0208s/iter; left: 138s
    iters: 300, epoch: 19 | loss: 0.1783416 | speed: 0.0213s/iter; left: 139s
    iters: 400, epoch: 19 | loss: 0.1523815 | speed: 0.0236s/iter; left: 152s
    iters: 500, epoch: 19 | loss: 0.1749077 | speed: 0.0217s/iter; left: 137s
Epoch: 19, Steps: 570 | Train: 0.1606762 Vali: 0.1572268 Test: 0.1991193
EarlyStopping counter: 13 out of 15
Updating learning rate to 0.00028147497671065624
    iters: 100, epoch: 20 | loss: 0.1568188 | speed: 0.0290s/iter; left: 179s
    iters: 200, epoch: 20 | loss: 0.1540884 | speed: 0.0208s/iter; left: 126s
    iters: 300, epoch: 20 | loss: 0.1611228 | speed: 0.0206s/iter; left: 123s
    iters: 400, epoch: 20 | loss: 0.1605248 | speed: 0.0207s/iter; left: 122s
    iters: 500, epoch: 20 | loss: 0.1713597 | speed: 0.0208s/iter; left: 120s
Epoch: 20, Steps: 570 | Train: 0.1604832 Vali: 0.1587072 Test: 0.1983906
EarlyStopping counter: 14 out of 15
Updating learning rate to 0.00022517998136852504
    iters: 100, epoch: 21 | loss: 0.1646705 | speed: 0.0282s/iter; left: 158s
    iters: 200, epoch: 21 | loss: 0.1490995 | speed: 0.0206s/iter; left: 114s
    iters: 300, epoch: 21 | loss: 0.1715493 | speed: 0.0209s/iter; left: 113s
    iters: 400, epoch: 21 | loss: 0.1661666 | speed: 0.0204s/iter; left: 108s
    iters: 500, epoch: 21 | loss: 0.1417020 | speed: 0.0210s/iter; left: 109s
Epoch: 21, Steps: 570 | Train: 0.1602533 Vali: 0.1567813 Test: 0.2004324
EarlyStopping counter: 15 out of 15
Early stopping at epoch 21
STAGE 1 RESULT: mse=0.2060, mae=0.2666, smape=42.3135

============================================================
STAGE 2: Load MRT + add Freq branch (frozen backbone/MRT/cycle, max_epochs=3, patience=3)
============================================================
train 36505
val 5065
test 10321
Loaded 10 params from stage1, 0 new (Freq branch)
Trainable: 154,874 / 176,247 (87.9%)  freeze_backbone=0
    iters: 100, epoch: 1 | loss: 0.6239190 | speed: 0.0282s/iter; left: 45s
    iters: 200, epoch: 1 | loss: 0.6364866 | speed: 0.0163s/iter; left: 25s
    iters: 300, epoch: 1 | loss: 0.6575254 | speed: 0.0166s/iter; left: 23s
    iters: 400, epoch: 1 | loss: 0.6236445 | speed: 0.0165s/iter; left: 22s
    iters: 500, epoch: 1 | loss: 0.6192243 | speed: 0.0166s/iter; left: 20s
Epoch: 1, Train: 0.6316125 Vali: 0.1522399
[diag s2-1]  freq.rs=-0.0114 mask.mean=0.438 mask.std=0.141  mrt.rs=+0.4745
Validation loss decreased (inf --> 0.152240).  Saving model ...
    iters: 100, epoch: 2 | loss: 0.6114649 | speed: 0.0299s/iter; left: 31s
    iters: 200, epoch: 2 | loss: 0.6594208 | speed: 0.0170s/iter; left: 16s
    iters: 300, epoch: 2 | loss: 0.6415703 | speed: 0.0166s/iter; left: 14s
    iters: 400, epoch: 2 | loss: 0.6352533 | speed: 0.0169s/iter; left: 13s
    iters: 500, epoch: 2 | loss: 0.6651502 | speed: 0.0165s/iter; left: 11s
Epoch: 2, Train: 0.6300238 Vali: 0.1523744
[diag s2-2]  freq.rs=-0.0300 mask.mean=0.438 mask.std=0.142  mrt.rs=+0.4745
EarlyStopping counter: 1 out of 3
    iters: 100, epoch: 3 | loss: 0.6350199 | speed: 0.0276s/iter; left: 13s
    iters: 200, epoch: 3 | loss: 0.5894289 | speed: 0.0164s/iter; left: 6s
    iters: 300, epoch: 3 | loss: 0.6285905 | speed: 0.0163s/iter; left: 4s
    iters: 400, epoch: 3 | loss: 0.6061467 | speed: 0.0162s/iter; left: 3s
    iters: 500, epoch: 3 | loss: 0.6330349 | speed: 0.0162s/iter; left: 1s
Epoch: 3, Train: 0.6291701 Vali: 0.1514744
[diag s2-3]  freq.rs=-0.0612 mask.mean=0.438 mask.std=0.144  mrt.rs=+0.4745
Validation loss decreased (0.152240 --> 0.151474).  Saving model ...
STAGE 2 complete.

============================================================
STAGE 2 ONLY: Testing from Stage 2 checkpoint
============================================================
train 36505
val 5065
test 10321
[diag stage2-final]  freq.rs=-0.0612 mask.mean=0.438 mask.std=0.144  mrt.rs=+0.4745

============================================================
FINAL RESULT (Stage 2 only): mse=0.2010, mae=0.2542, smape=40.3951
============================================================
