============================================================
CONFIGURATION
============================================================
Device     : cuda:0
Dataset    : etth1
Pred len   : 720
Seed       : 2024

--- Data ---
enc_in     : 7
seq_len    : 96
cycle      : 24
use_revin  : 1
batch_size : 256

--- Model ---
model_type : mlp
d_model    : 512
mrt_layers : 1
freq_layers: 0
fusion     : mode=serial, gate=0, sparsity=0.0

--- Training ---
base_lr    : 0.005
Stage1     : epochs=30, patience=15
Stage2     : epochs=3, patience=3, freeze_backbone=1
Stage3 FreDF: True
Stage3a    : epochs=12, patience=6
Stage3b    : epochs=20, patience=10, freq×0.67 model×0.33 mrt×0.10
============================================================

============================================================
STAGE 1: Train MRT only (freq_layers=0)
============================================================
train 7825
val 2161
test 2161
Epoch: 1, Steps: 30 | Train: 0.7155213 Vali: 1.6862001 Test: 0.5716936
Validation loss decreased (inf --> 1.686200).  Saving model ...
Updating learning rate to 0.005
Epoch: 2, Steps: 30 | Train: 0.6774952 Vali: 1.6683812 Test: 0.5334744
Validation loss decreased (1.686200 --> 1.668381).  Saving model ...
Updating learning rate to 0.005
Epoch: 3, Steps: 30 | Train: 0.6023801 Vali: 1.5758206 Test: 0.5267839
Validation loss decreased (1.668381 --> 1.575821).  Saving model ...
Updating learning rate to 0.005
Epoch: 4, Steps: 30 | Train: 0.5754449 Vali: 1.5872525 Test: 0.5375962
EarlyStopping counter: 1 out of 15
Updating learning rate to 0.004
Epoch: 5, Steps: 30 | Train: 0.5622132 Vali: 1.6103658 Test: 0.5578536
EarlyStopping counter: 2 out of 15
Updating learning rate to 0.0032000000000000006
Epoch: 6, Steps: 30 | Train: 0.5546433 Vali: 1.6053497 Test: 0.5543959
EarlyStopping counter: 3 out of 15
Updating learning rate to 0.0025600000000000006
Epoch: 7, Steps: 30 | Train: 0.5497782 Vali: 1.6002278 Test: 0.5506751
EarlyStopping counter: 4 out of 15
Updating learning rate to 0.0020480000000000003
Epoch: 8, Steps: 30 | Train: 0.5460704 Vali: 1.5894098 Test: 0.5855312
EarlyStopping counter: 5 out of 15
Updating learning rate to 0.0016384000000000004
Epoch: 9, Steps: 30 | Train: 0.5414405 Vali: 1.6110291 Test: 0.5566324
EarlyStopping counter: 6 out of 15
Updating learning rate to 0.0013107200000000005
Epoch: 10, Steps: 30 | Train: 0.5390002 Vali: 1.6054569 Test: 0.5660848
EarlyStopping counter: 7 out of 15
Updating learning rate to 0.0010485760000000005
Epoch: 11, Steps: 30 | Train: 0.5366695 Vali: 1.6039235 Test: 0.5615544
EarlyStopping counter: 8 out of 15
Updating learning rate to 0.0008388608000000005
Epoch: 12, Steps: 30 | Train: 0.5348090 Vali: 1.6159589 Test: 0.5624786
EarlyStopping counter: 9 out of 15
Updating learning rate to 0.0006710886400000003
Epoch: 13, Steps: 30 | Train: 0.5323133 Vali: 1.6185143 Test: 0.5675354
EarlyStopping counter: 10 out of 15
Updating learning rate to 0.0005368709120000003
Epoch: 14, Steps: 30 | Train: 0.5308549 Vali: 1.6059476 Test: 0.5692280
EarlyStopping counter: 11 out of 15
Updating learning rate to 0.0004294967296000003
Epoch: 15, Steps: 30 | Train: 0.5295760 Vali: 1.6135692 Test: 0.5634738
EarlyStopping counter: 12 out of 15
Updating learning rate to 0.0003435973836800002
Epoch: 16, Steps: 30 | Train: 0.5291381 Vali: 1.6199116 Test: 0.5638764
EarlyStopping counter: 13 out of 15
Updating learning rate to 0.0002748779069440002
Epoch: 17, Steps: 30 | Train: 0.5282050 Vali: 1.6130526 Test: 0.5668896
EarlyStopping counter: 14 out of 15
Updating learning rate to 0.00021990232555520019
Epoch: 18, Steps: 30 | Train: 0.5276639 Vali: 1.6109816 Test: 0.5719719
EarlyStopping counter: 15 out of 15
Early stopping at epoch 18
STAGE 1 RESULT: mse=0.5221, mae=0.4822, smape=85.5059

============================================================
STAGE 2: Load MRT + add Freq branch (frozen backbone/MRT/cycle, max_epochs=3, patience=3)
============================================================
train 7825
val 2161
test 2161
Loaded 10 params from stage1, 0 new (Freq branch)
Trainable: 344 / 419,621 (0.1%)  freeze_backbone=1
Epoch: 1, Train: 2.3261514 Vali: 1.5974976
[diag s2-1]  freq.rs=-0.0059 mask.mean=0.439 mask.std=0.141  mrt.rs=-0.0874
Validation loss decreased (inf --> 1.597498).  Saving model ...
Epoch: 2, Train: 2.3247071 Vali: 1.5890228
[diag s2-2]  freq.rs=-0.0118 mask.mean=0.440 mask.std=0.141  mrt.rs=-0.0874
Validation loss decreased (1.597498 --> 1.589023).  Saving model ...
Epoch: 3, Train: 2.3247696 Vali: 1.5829337
[diag s2-3]  freq.rs=-0.0177 mask.mean=0.441 mask.std=0.142  mrt.rs=-0.0874
Validation loss decreased (1.589023 --> 1.582934).  Saving model ...
STAGE 2 complete.

============================================================
SKIPPING Stage 3a (--no_stage3a): Stage 2 -> Stage 3b directly
============================================================

============================================================
STAGE 3b: Unfreeze all, group-wise LR (base=0.001500, max_epochs=20, patience=10) + FreDF(α=0.8)
  LR groups: freq/gate ×0.67, model ×0.33, mrt/cycle ×0.10
============================================================
train 7825
val 2161
test 2161
Loaded stage3a checkpoint, unfreezing all parameters.
  Group freq/gate: 344 params, LR=0.001005
  Group model: 419,024 params, LR=0.000495
  Group mrt/cycle: 253 params, LR=0.000150
Epoch: 1, Steps: 30 | Train: 2.3135686 Vali: 1.5762619 Test: 0.5042592
[diag 3b-1]  freq.rs=-0.0194 mask.mean=0.441 mask.std=0.142  mrt.rs=-0.0890
Validation loss decreased (inf --> 1.576262).  Saving model ...
Updating learning rate to 0.005
Epoch: 2, Steps: 30 | Train: 2.3222875 Vali: 1.5608809 Test: 0.5134912
[diag 3b-2]  freq.rs=-0.1432 mask.mean=0.469 mask.std=0.149  mrt.rs=-0.2203
Validation loss decreased (1.576262 --> 1.560881).  Saving model ...
Updating learning rate to 0.005
Epoch: 3, Steps: 30 | Train: 2.2728132 Vali: 1.5712796 Test: 0.5392174
[diag 3b-3]  freq.rs=-0.2233 mask.mean=0.489 mask.std=0.158  mrt.rs=-0.2761
EarlyStopping counter: 1 out of 10
Updating learning rate to 0.005
Epoch: 4, Steps: 30 | Train: 2.2507037 Vali: 1.5714968 Test: 0.5373992
[diag 3b-4]  freq.rs=-0.2788 mask.mean=0.502 mask.std=0.167  mrt.rs=-0.3024
EarlyStopping counter: 2 out of 10
Updating learning rate to 0.004
Epoch: 5, Steps: 30 | Train: 2.2358824 Vali: 1.5683585 Test: 0.5395902
[diag 3b-5]  freq.rs=-0.2997 mask.mean=0.508 mask.std=0.172  mrt.rs=-0.3152
EarlyStopping counter: 3 out of 10
Updating learning rate to 0.0032000000000000006
Epoch: 6, Steps: 30 | Train: 2.2264246 Vali: 1.5928024 Test: 0.5315509
[diag 3b-6]  freq.rs=-0.3125 mask.mean=0.510 mask.std=0.177  mrt.rs=-0.3199
EarlyStopping counter: 4 out of 10
Updating learning rate to 0.0025600000000000006
Epoch: 7, Steps: 30 | Train: 2.2170512 Vali: 1.5812393 Test: 0.5425741
[diag 3b-7]  freq.rs=-0.3237 mask.mean=0.511 mask.std=0.180  mrt.rs=-0.3237
EarlyStopping counter: 5 out of 10
Updating learning rate to 0.0020480000000000003
Epoch: 8, Steps: 30 | Train: 2.2121629 Vali: 1.5846287 Test: 0.5440537
[diag 3b-8]  freq.rs=-0.3258 mask.mean=0.511 mask.std=0.182  mrt.rs=-0.3252
EarlyStopping counter: 6 out of 10
Updating learning rate to 0.0016384000000000004
Epoch: 9, Steps: 30 | Train: 2.2054677 Vali: 1.5889032 Test: 0.5444025
[diag 3b-9]  freq.rs=-0.3291 mask.mean=0.510 mask.std=0.184  mrt.rs=-0.3229
EarlyStopping counter: 7 out of 10
Updating learning rate to 0.0013107200000000005
Epoch: 10, Steps: 30 | Train: 2.2003392 Vali: 1.5906385 Test: 0.5413854
[diag 3b-10]  freq.rs=-0.3319 mask.mean=0.510 mask.std=0.185  mrt.rs=-0.3203
EarlyStopping counter: 8 out of 10
Updating learning rate to 0.0010485760000000005
Epoch: 11, Steps: 30 | Train: 2.1972211 Vali: 1.5981383 Test: 0.5427617
[diag 3b-11]  freq.rs=-0.3317 mask.mean=0.509 mask.std=0.186  mrt.rs=-0.3148
EarlyStopping counter: 9 out of 10
Updating learning rate to 0.0008388608000000005
Epoch: 12, Steps: 30 | Train: 2.1932474 Vali: 1.5892257 Test: 0.5527741
[diag 3b-12]  freq.rs=-0.3310 mask.mean=0.508 mask.std=0.187  mrt.rs=-0.3116
EarlyStopping counter: 10 out of 10
Early stopping at epoch 12

============================================================
FINAL RESULT (Stage 3b): mse=0.5080, mae=0.4868, smape=88.0190
============================================================
[diag 3b-final]  freq.rs=-0.1432 mask.mean=0.469 mask.std=0.149  mrt.rs=-0.2203
