============================================================
CONFIGURATION
============================================================
Device     : cuda:0
Dataset    : etth1
Pred len   : 336
Seed       : 2024

--- Data ---
enc_in     : 7
seq_len    : 96
cycle      : 24
use_revin  : 1
batch_size : 256

--- Model ---
model_type : mlp
d_model    : 512
mrt_layers : 1
freq_layers: 0
fusion     : mode=serial, gate=0, sparsity=0.0

--- Training ---
base_lr    : 0.005
Stage1     : epochs=30, patience=15
Stage2     : epochs=3, patience=3, freeze_backbone=1
Stage3 FreDF: True
Stage3a    : epochs=12, patience=6
Stage3b    : epochs=20, patience=10, freq×0.67 model×0.33 mrt×0.10
============================================================

============================================================
STAGE 1: Train MRT only (freq_layers=0)
============================================================
train 8209
val 2545
test 2545
Epoch: 1, Steps: 32 | Train: 0.5957221 Vali: 1.4096049 Test: 0.5542048
Validation loss decreased (inf --> 1.409605).  Saving model ...
Updating learning rate to 0.005
Epoch: 2, Steps: 32 | Train: 0.5571024 Vali: 1.3432575 Test: 0.4964613
Validation loss decreased (1.409605 --> 1.343258).  Saving model ...
Updating learning rate to 0.005
Epoch: 3, Steps: 32 | Train: 0.4837779 Vali: 1.3098280 Test: 0.4972936
Validation loss decreased (1.343258 --> 1.309828).  Saving model ...
Updating learning rate to 0.005
Epoch: 4, Steps: 32 | Train: 0.4653609 Vali: 1.3166919 Test: 0.4852513
EarlyStopping counter: 1 out of 15
Updating learning rate to 0.004
Epoch: 5, Steps: 32 | Train: 0.4560267 Vali: 1.3270010 Test: 0.5081817
EarlyStopping counter: 2 out of 15
Updating learning rate to 0.0032000000000000006
Epoch: 6, Steps: 32 | Train: 0.4500356 Vali: 1.3316235 Test: 0.4994684
EarlyStopping counter: 3 out of 15
Updating learning rate to 0.0025600000000000006
Epoch: 7, Steps: 32 | Train: 0.4462167 Vali: 1.3385661 Test: 0.5092414
EarlyStopping counter: 4 out of 15
Updating learning rate to 0.0020480000000000003
Epoch: 8, Steps: 32 | Train: 0.4427222 Vali: 1.3466034 Test: 0.5024288
EarlyStopping counter: 5 out of 15
Updating learning rate to 0.0016384000000000004
Epoch: 9, Steps: 32 | Train: 0.4402026 Vali: 1.3317221 Test: 0.5061517
EarlyStopping counter: 6 out of 15
Updating learning rate to 0.0013107200000000005
Epoch: 10, Steps: 32 | Train: 0.4381550 Vali: 1.3496483 Test: 0.5065655
EarlyStopping counter: 7 out of 15
Updating learning rate to 0.0010485760000000005
Epoch: 11, Steps: 32 | Train: 0.4359435 Vali: 1.3488810 Test: 0.5050053
EarlyStopping counter: 8 out of 15
Updating learning rate to 0.0008388608000000005
Epoch: 12, Steps: 32 | Train: 0.4342346 Vali: 1.3403543 Test: 0.5074104
EarlyStopping counter: 9 out of 15
Updating learning rate to 0.0006710886400000003
Epoch: 13, Steps: 32 | Train: 0.4327586 Vali: 1.3513012 Test: 0.5055965
EarlyStopping counter: 10 out of 15
Updating learning rate to 0.0005368709120000003
Epoch: 14, Steps: 32 | Train: 0.4312513 Vali: 1.3469843 Test: 0.5104886
EarlyStopping counter: 11 out of 15
Updating learning rate to 0.0004294967296000003
Epoch: 15, Steps: 32 | Train: 0.4305912 Vali: 1.3450337 Test: 0.5080372
EarlyStopping counter: 12 out of 15
Updating learning rate to 0.0003435973836800002
Epoch: 16, Steps: 32 | Train: 0.4297962 Vali: 1.3498575 Test: 0.5035558
EarlyStopping counter: 13 out of 15
Updating learning rate to 0.0002748779069440002
Epoch: 17, Steps: 32 | Train: 0.4288826 Vali: 1.3503351 Test: 0.5094335
EarlyStopping counter: 14 out of 15
Updating learning rate to 0.00021990232555520019
Epoch: 18, Steps: 32 | Train: 0.4285546 Vali: 1.3497983 Test: 0.5050500
EarlyStopping counter: 15 out of 15
Early stopping at epoch 18
STAGE 1 RESULT: mse=0.4958, mae=0.4525, smape=79.4182

============================================================
STAGE 2: Load MRT + add Freq branch (frozen backbone/MRT/cycle, max_epochs=3, patience=3)
============================================================
train 8209
val 2545
test 2545
Loaded 10 params from stage1, 0 new (Freq branch)
Trainable: 344 / 222,629 (0.2%)  freeze_backbone=1
Epoch: 1, Train: 1.6303518 Vali: 1.3183099
[diag s2-1]  freq.rs=-0.0064 mask.mean=0.439 mask.std=0.141  mrt.rs=-0.0974
Validation loss decreased (inf --> 1.318310).  Saving model ...
Epoch: 2, Train: 1.6300405 Vali: 1.3215744
[diag s2-2]  freq.rs=-0.0127 mask.mean=0.440 mask.std=0.141  mrt.rs=-0.0974
EarlyStopping counter: 1 out of 3
Epoch: 3, Train: 1.6297601 Vali: 1.3143295
[diag s2-3]  freq.rs=-0.0190 mask.mean=0.441 mask.std=0.142  mrt.rs=-0.0974
Validation loss decreased (1.318310 --> 1.314329).  Saving model ...
STAGE 2 complete.

============================================================
SKIPPING Stage 3a (--no_stage3a): Stage 2 -> Stage 3b directly
============================================================

============================================================
STAGE 3b: Unfreeze all, group-wise LR (base=0.001500, max_epochs=20, patience=10) + FreDF(α=0.8)
  LR groups: freq/gate ×0.67, model ×0.33, mrt/cycle ×0.10
============================================================
train 8209
val 2545
test 2545
Loaded stage3a checkpoint, unfreezing all parameters.
  Group freq/gate: 344 params, LR=0.001005
  Group model: 222,032 params, LR=0.000495
  Group mrt/cycle: 253 params, LR=0.000150
Epoch: 1, Steps: 32 | Train: 1.6207940 Vali: 1.3104987 Test: 0.4817753
[diag 3b-1]  freq.rs=-0.0208 mask.mean=0.441 mask.std=0.142  mrt.rs=-0.0991
Validation loss decreased (inf --> 1.310499).  Saving model ...
Updating learning rate to 0.005
Epoch: 2, Steps: 32 | Train: 1.6280482 Vali: 1.3006698 Test: 0.4888947
[diag 3b-2]  freq.rs=-0.1429 mask.mean=0.466 mask.std=0.149  mrt.rs=-0.2272
Validation loss decreased (1.310499 --> 1.300670).  Saving model ...
Updating learning rate to 0.005
Epoch: 3, Steps: 32 | Train: 1.5913987 Vali: 1.3135993 Test: 0.4874458
[diag 3b-3]  freq.rs=-0.2220 mask.mean=0.484 mask.std=0.159  mrt.rs=-0.2689
EarlyStopping counter: 1 out of 10
Updating learning rate to 0.005
Epoch: 4, Steps: 32 | Train: 1.5752434 Vali: 1.3207479 Test: 0.4939196
[diag 3b-4]  freq.rs=-0.2785 mask.mean=0.495 mask.std=0.168  mrt.rs=-0.3006
EarlyStopping counter: 2 out of 10
Updating learning rate to 0.004
Epoch: 5, Steps: 32 | Train: 1.5648443 Vali: 1.3297440 Test: 0.4846411
[diag 3b-5]  freq.rs=-0.3142 mask.mean=0.501 mask.std=0.175  mrt.rs=-0.3222
EarlyStopping counter: 3 out of 10
Updating learning rate to 0.0032000000000000006
Epoch: 6, Steps: 32 | Train: 1.5564949 Vali: 1.3299586 Test: 0.4981430
[diag 3b-6]  freq.rs=-0.3333 mask.mean=0.503 mask.std=0.179  mrt.rs=-0.3370
EarlyStopping counter: 4 out of 10
Updating learning rate to 0.0025600000000000006
Epoch: 7, Steps: 32 | Train: 1.5502241 Vali: 1.3230427 Test: 0.4902178
[diag 3b-7]  freq.rs=-0.3490 mask.mean=0.504 mask.std=0.183  mrt.rs=-0.3406
EarlyStopping counter: 5 out of 10
Updating learning rate to 0.0020480000000000003
Epoch: 8, Steps: 32 | Train: 1.5443484 Vali: 1.3315134 Test: 0.4924015
[diag 3b-8]  freq.rs=-0.3583 mask.mean=0.504 mask.std=0.186  mrt.rs=-0.3377
EarlyStopping counter: 6 out of 10
Updating learning rate to 0.0016384000000000004
Epoch: 9, Steps: 32 | Train: 1.5398436 Vali: 1.3384209 Test: 0.4951071
[diag 3b-9]  freq.rs=-0.3669 mask.mean=0.504 mask.std=0.188  mrt.rs=-0.3368
EarlyStopping counter: 7 out of 10
Updating learning rate to 0.0013107200000000005
Epoch: 10, Steps: 32 | Train: 1.5362286 Vali: 1.3368261 Test: 0.4965626
[diag 3b-10]  freq.rs=-0.3711 mask.mean=0.503 mask.std=0.189  mrt.rs=-0.3341
EarlyStopping counter: 8 out of 10
Updating learning rate to 0.0010485760000000005
Epoch: 11, Steps: 32 | Train: 1.5332848 Vali: 1.3319494 Test: 0.4955267
[diag 3b-11]  freq.rs=-0.3738 mask.mean=0.502 mask.std=0.191  mrt.rs=-0.3298
EarlyStopping counter: 9 out of 10
Updating learning rate to 0.0008388608000000005
Epoch: 12, Steps: 32 | Train: 1.5307810 Vali: 1.3406363 Test: 0.4978426
[diag 3b-12]  freq.rs=-0.3760 mask.mean=0.502 mask.std=0.192  mrt.rs=-0.3261
EarlyStopping counter: 10 out of 10
Early stopping at epoch 12

============================================================
FINAL RESULT (Stage 3b): mse=0.4875, mae=0.4532, smape=80.5285
============================================================
[diag 3b-final]  freq.rs=-0.1429 mask.mean=0.466 mask.std=0.149  mrt.rs=-0.2272
