============================================================
CONFIGURATION
============================================================
Device     : cuda:0
Dataset    : etth1
Pred len   : 720
Seed       : 2024

--- Data ---
enc_in     : 7
seq_len    : 96
cycle      : 24
use_revin  : 1
batch_size : 256

--- Model ---
model_type : mlp
d_model    : 512
mrt_layers : 1
freq_layers: 0
fusion     : mode=serial, gate=0, sparsity=0.0

--- Training ---
base_lr    : 0.005
Stage1     : epochs=30, patience=15
Stage2     : epochs=3, patience=3, freeze_backbone=1
Stage3     : SKIPPED (stage2_only)
============================================================

============================================================
STAGE 1: Train MRT only (freq_layers=0)
============================================================
train 7825
val 2161
test 2161
Epoch: 1, Steps: 30 | Train: 0.7155213 Vali: 1.6862001 Test: 0.5716936
Validation loss decreased (inf --> 1.686200).  Saving model ...
Updating learning rate to 0.005
Epoch: 2, Steps: 30 | Train: 0.6774952 Vali: 1.6683812 Test: 0.5334744
Validation loss decreased (1.686200 --> 1.668381).  Saving model ...
Updating learning rate to 0.005
Epoch: 3, Steps: 30 | Train: 0.6023800 Vali: 1.5758259 Test: 0.5267864
Validation loss decreased (1.668381 --> 1.575826).  Saving model ...
Updating learning rate to 0.005
Epoch: 4, Steps: 30 | Train: 0.5754443 Vali: 1.5872588 Test: 0.5375821
EarlyStopping counter: 1 out of 15
Updating learning rate to 0.004
Epoch: 5, Steps: 30 | Train: 0.5622142 Vali: 1.6103889 Test: 0.5579225
EarlyStopping counter: 2 out of 15
Updating learning rate to 0.0032000000000000006
Epoch: 6, Steps: 30 | Train: 0.5546487 Vali: 1.6053751 Test: 0.5545636
EarlyStopping counter: 3 out of 15
Updating learning rate to 0.0025600000000000006
Epoch: 7, Steps: 30 | Train: 0.5497774 Vali: 1.6006335 Test: 0.5509983
EarlyStopping counter: 4 out of 15
Updating learning rate to 0.0020480000000000003
Epoch: 8, Steps: 30 | Train: 0.5460726 Vali: 1.5895065 Test: 0.5858577
EarlyStopping counter: 5 out of 15
Updating learning rate to 0.0016384000000000004
Epoch: 9, Steps: 30 | Train: 0.5414615 Vali: 1.6111504 Test: 0.5568092
EarlyStopping counter: 6 out of 15
Updating learning rate to 0.0013107200000000005
Epoch: 10, Steps: 30 | Train: 0.5390193 Vali: 1.6055775 Test: 0.5661074
EarlyStopping counter: 7 out of 15
Updating learning rate to 0.0010485760000000005
Epoch: 11, Steps: 30 | Train: 0.5366758 Vali: 1.6041214 Test: 0.5613670
EarlyStopping counter: 8 out of 15
Updating learning rate to 0.0008388608000000005
Epoch: 12, Steps: 30 | Train: 0.5348283 Vali: 1.6160335 Test: 0.5625671
EarlyStopping counter: 9 out of 15
Updating learning rate to 0.0006710886400000003
Epoch: 13, Steps: 30 | Train: 0.5323191 Vali: 1.6185282 Test: 0.5672535
EarlyStopping counter: 10 out of 15
Updating learning rate to 0.0005368709120000003
Epoch: 14, Steps: 30 | Train: 0.5308720 Vali: 1.6058011 Test: 0.5692251
EarlyStopping counter: 11 out of 15
Updating learning rate to 0.0004294967296000003
Epoch: 15, Steps: 30 | Train: 0.5295833 Vali: 1.6135290 Test: 0.5633442
EarlyStopping counter: 12 out of 15
Updating learning rate to 0.0003435973836800002
Epoch: 16, Steps: 30 | Train: 0.5291515 Vali: 1.6201133 Test: 0.5637299
EarlyStopping counter: 13 out of 15
Updating learning rate to 0.0002748779069440002
Epoch: 17, Steps: 30 | Train: 0.5282261 Vali: 1.6133491 Test: 0.5666396
EarlyStopping counter: 14 out of 15
Updating learning rate to 0.00021990232555520019
Epoch: 18, Steps: 30 | Train: 0.5276825 Vali: 1.6111150 Test: 0.5718387
EarlyStopping counter: 15 out of 15
Early stopping at epoch 18
STAGE 1 RESULT: mse=0.5221, mae=0.4822, smape=85.5058

============================================================
STAGE 2: Load MRT + add Freq branch (frozen backbone/MRT/cycle, max_epochs=3, patience=3)
============================================================
train 7825
val 2161
test 2161
Loaded 10 params from stage1, 0 new (Freq branch)
Trainable: 344 / 419,621 (0.1%)  freeze_backbone=1
Epoch: 1, Train: 0.5844961 Vali: 1.5975114
[diag s2-1]  freq.rs=-0.0046 mask.mean=0.438 mask.std=0.141  mrt.rs=-0.0874
Validation loss decreased (inf --> 1.597511).  Saving model ...
Epoch: 2, Train: 0.5834294 Vali: 1.5890452
[diag s2-2]  freq.rs=-0.0092 mask.mean=0.439 mask.std=0.141  mrt.rs=-0.0874
Validation loss decreased (1.597511 --> 1.589045).  Saving model ...
Epoch: 3, Train: 0.5835191 Vali: 1.5829667
[diag s2-3]  freq.rs=-0.0140 mask.mean=0.439 mask.std=0.141  mrt.rs=-0.0874
Validation loss decreased (1.589045 --> 1.582967).  Saving model ...
STAGE 2 complete.

============================================================
STAGE 2 ONLY: Testing from Stage 2 checkpoint
============================================================
train 7825
val 2161
test 2161
[diag stage2-final]  freq.rs=-0.0140 mask.mean=0.439 mask.std=0.141  mrt.rs=-0.0874

============================================================
FINAL RESULT (Stage 2 only): mse=0.5210, mae=0.4819, smape=85.4977
============================================================
