============================================================
CONFIGURATION
============================================================
Device     : cuda:0
Dataset    : etth1
Pred len   : 96
Seed       : 2024

--- Data ---
enc_in     : 7
seq_len    : 96
cycle      : 24
use_revin  : 1
batch_size : 256

--- Model ---
model_type : mlp
d_model    : 512
mrt_layers : 1
freq_layers: 0
fusion     : mode=serial, gate=0, sparsity=0.0

--- Training ---
base_lr    : 0.005
Stage1     : epochs=30, patience=15
Stage2     : epochs=3, patience=3, freeze_backbone=1
Stage3     : SKIPPED (stage2_only)
============================================================

============================================================
STAGE 1: Train MRT only (freq_layers=0)
============================================================
train 8449
val 2785
test 2785
Epoch: 1, Steps: 33 | Train: 0.4837496 Vali: 0.8331960 Test: 0.4722749
Validation loss decreased (inf --> 0.833196).  Saving model ...
Updating learning rate to 0.005
Epoch: 2, Steps: 33 | Train: 0.4442869 Vali: 0.7593926 Test: 0.4308418
Validation loss decreased (0.833196 --> 0.759393).  Saving model ...
Updating learning rate to 0.005
Epoch: 3, Steps: 33 | Train: 0.3604900 Vali: 0.7043577 Test: 0.3974999
Validation loss decreased (0.759393 --> 0.704358).  Saving model ...
Updating learning rate to 0.005
Epoch: 4, Steps: 33 | Train: 0.3461772 Vali: 0.6983051 Test: 0.3803990
Validation loss decreased (0.704358 --> 0.698305).  Saving model ...
Updating learning rate to 0.004
Epoch: 5, Steps: 33 | Train: 0.3392812 Vali: 0.6854059 Test: 0.3801074
Validation loss decreased (0.698305 --> 0.685406).  Saving model ...
Updating learning rate to 0.0032000000000000006
Epoch: 6, Steps: 33 | Train: 0.3351130 Vali: 0.6876607 Test: 0.3770184
EarlyStopping counter: 1 out of 15
Updating learning rate to 0.0025600000000000006
Epoch: 7, Steps: 33 | Train: 0.3317477 Vali: 0.6836118 Test: 0.3775177
Validation loss decreased (0.685406 --> 0.683612).  Saving model ...
Updating learning rate to 0.0020480000000000003
Epoch: 8, Steps: 33 | Train: 0.3289403 Vali: 0.6931454 Test: 0.3765773
EarlyStopping counter: 1 out of 15
Updating learning rate to 0.0016384000000000004
Epoch: 9, Steps: 33 | Train: 0.3262194 Vali: 0.6835735 Test: 0.3764963
Validation loss decreased (0.683612 --> 0.683573).  Saving model ...
Updating learning rate to 0.0013107200000000005
Epoch: 10, Steps: 33 | Train: 0.3239706 Vali: 0.6808309 Test: 0.3767127
Validation loss decreased (0.683573 --> 0.680831).  Saving model ...
Updating learning rate to 0.0010485760000000005
Epoch: 11, Steps: 33 | Train: 0.3224385 Vali: 0.6850322 Test: 0.3762949
EarlyStopping counter: 1 out of 15
Updating learning rate to 0.0008388608000000005
Epoch: 12, Steps: 33 | Train: 0.3200881 Vali: 0.6819895 Test: 0.3762592
EarlyStopping counter: 2 out of 15
Updating learning rate to 0.0006710886400000003
Epoch: 13, Steps: 33 | Train: 0.3189520 Vali: 0.6877632 Test: 0.3759588
EarlyStopping counter: 3 out of 15
Updating learning rate to 0.0005368709120000003
Epoch: 14, Steps: 33 | Train: 0.3178718 Vali: 0.6850295 Test: 0.3755121
EarlyStopping counter: 4 out of 15
Updating learning rate to 0.0004294967296000003
Epoch: 15, Steps: 33 | Train: 0.3169809 Vali: 0.6798981 Test: 0.3763318
Validation loss decreased (0.680831 --> 0.679898).  Saving model ...
Updating learning rate to 0.0003435973836800002
Epoch: 16, Steps: 33 | Train: 0.3159958 Vali: 0.6860732 Test: 0.3755050
EarlyStopping counter: 1 out of 15
Updating learning rate to 0.0002748779069440002
Epoch: 17, Steps: 33 | Train: 0.3152710 Vali: 0.6833444 Test: 0.3758085
EarlyStopping counter: 2 out of 15
Updating learning rate to 0.00021990232555520019
Epoch: 18, Steps: 33 | Train: 0.3147296 Vali: 0.6893687 Test: 0.3758166
EarlyStopping counter: 3 out of 15
Updating learning rate to 0.00017592186044416015
Epoch: 19, Steps: 33 | Train: 0.3143861 Vali: 0.6828845 Test: 0.3764150
EarlyStopping counter: 4 out of 15
Updating learning rate to 0.00014073748835532812
Epoch: 20, Steps: 33 | Train: 0.3140295 Vali: 0.6859485 Test: 0.3761574
EarlyStopping counter: 5 out of 15
Updating learning rate to 0.00011258999068426252
Epoch: 21, Steps: 33 | Train: 0.3137163 Vali: 0.6837220 Test: 0.3757857
EarlyStopping counter: 6 out of 15
Updating learning rate to 9.007199254741001e-05
Epoch: 22, Steps: 33 | Train: 0.3135011 Vali: 0.6862804 Test: 0.3763455
EarlyStopping counter: 7 out of 15
Updating learning rate to 7.205759403792801e-05
Epoch: 23, Steps: 33 | Train: 0.3133232 Vali: 0.6891295 Test: 0.3764630
EarlyStopping counter: 8 out of 15
Updating learning rate to 5.764607523034242e-05
Epoch: 24, Steps: 33 | Train: 0.3131398 Vali: 0.6790557 Test: 0.3761497
Validation loss decreased (0.679898 --> 0.679056).  Saving model ...
Updating learning rate to 4.611686018427394e-05
Epoch: 25, Steps: 33 | Train: 0.3130408 Vali: 0.6894808 Test: 0.3764896
EarlyStopping counter: 1 out of 15
Updating learning rate to 3.689348814741915e-05
Epoch: 26, Steps: 33 | Train: 0.3129109 Vali: 0.6879009 Test: 0.3763364
EarlyStopping counter: 2 out of 15
Updating learning rate to 2.951479051793532e-05
Epoch: 27, Steps: 33 | Train: 0.3128498 Vali: 0.6877944 Test: 0.3763977
EarlyStopping counter: 3 out of 15
Updating learning rate to 2.361183241434826e-05
Epoch: 28, Steps: 33 | Train: 0.3127778 Vali: 0.6848361 Test: 0.3763613
EarlyStopping counter: 4 out of 15
Updating learning rate to 1.888946593147861e-05
Epoch: 29, Steps: 33 | Train: 0.3127236 Vali: 0.6804247 Test: 0.3763781
EarlyStopping counter: 5 out of 15
Updating learning rate to 1.5111572745182888e-05
Epoch: 30, Steps: 33 | Train: 0.3126875 Vali: 0.6793113 Test: 0.3763569
EarlyStopping counter: 6 out of 15
Updating learning rate to 1.208925819614631e-05
STAGE 1 RESULT: mse=0.3755, mae=0.3962, smape=73.1791

============================================================
STAGE 2: Load MRT + add Freq branch (frozen backbone/MRT/cycle, max_epochs=3, patience=3)
============================================================
train 8449
val 2785
test 2785
Loaded 10 params from stage1, 0 new (Freq branch)
Trainable: 344 / 99,509 (0.3%)  freeze_backbone=1
Epoch: 1, Train: 0.8823507 Vali: 0.6864345
[diag s2-1]  freq.rs=+0.0006 mask.mean=0.438 mask.std=0.141  mrt.rs=-0.0656
Validation loss decreased (inf --> 0.686435).  Saving model ...
Epoch: 2, Train: 0.8822927 Vali: 0.6843261
[diag s2-2]  freq.rs=+0.0014 mask.mean=0.438 mask.std=0.141  mrt.rs=-0.0656
Validation loss decreased (0.686435 --> 0.684326).  Saving model ...
Epoch: 3, Train: 0.8823269 Vali: 0.6871166
[diag s2-3]  freq.rs=+0.0018 mask.mean=0.438 mask.std=0.141  mrt.rs=-0.0656
EarlyStopping counter: 1 out of 3
STAGE 2 complete.

============================================================
STAGE 2 ONLY: Testing from Stage 2 checkpoint
============================================================
train 8449
val 2785
test 2785
[diag stage2-final]  freq.rs=+0.0014 mask.mean=0.438 mask.std=0.141  mrt.rs=-0.0656

============================================================
FINAL RESULT (Stage 2 only): mse=0.3755, mae=0.3962, smape=73.1784
============================================================
