Args in experiment:
Namespace(random_seed=2024, is_training=1, model_id='Solar_96_96', model='CycleNet', data='Solar', root_path='./dataset/Solar/', data_path='solar_AL.txt', features='M', target='OT', freq='h', checkpoints='./checkpoints/', seq_len=96, label_len=0, pred_len=96, cycle=144, cycle_mode='lowrank', cycle_rank=4, model_type='mlp', use_revin=0, mrt_layers=1, freq_layers=1, freq_v2_layers=0, freq_v3_layers=0, freq_v4_layers=0, sgf_layers=0, sgf_prior_path='', freq_loss_alpha=0.8, fc_dropout=0.05, head_dropout=0.0, patch_len=16, stride=8, padding_patch='end', revin=0, affine=0, subtract_last=0, decomposition=0, kernel_size=25, individual=0, rnn_type='gru', dec_way='pmf', seg_len=48, channel_id=1, period_len=24, embed_type=0, enc_in=137, dec_in=7, c_out=7, d_model=512, n_heads=8, e_layers=2, d_layers=1, d_ff=2048, moving_avg=25, factor=1, distil=True, dropout=0, embed='timeF', activation='gelu', output_attention=False, do_predict=False, num_workers=10, itr=1, train_epochs=30, batch_size=64, patience=15, learning_rate=0.01, des='test', loss='mse', lradj='type3', pct_start=0.3, use_amp=False, use_gpu=True, gpu=0, use_multi_gpu=False, devices='0,1', test_flop=False)
Use GPU: cuda:0
>>>>>>>start training : Solar_96_96_CycleNet_Solar_ftM_sl96_pl96_cycle144_mlp_lowrank4_mrt1_freq1_fredf08_seed2024>>>>>>>>>>>>>>>>>>>>>>>>>>
train 36601
val 5161
test 10417
	iters: 100, epoch: 1 | loss: 0.6433554
	speed: 0.0404s/iter; left time: 687.6193s
	iters: 200, epoch: 1 | loss: 0.5772883
	speed: 0.0218s/iter; left time: 369.4945s
	iters: 300, epoch: 1 | loss: 0.5775979
	speed: 0.0166s/iter; left time: 280.2315s
	iters: 400, epoch: 1 | loss: 0.5661477
	speed: 0.0191s/iter; left time: 320.2372s
	iters: 500, epoch: 1 | loss: 0.5349199
	speed: 0.0213s/iter; left time: 353.7783s
Epoch: 1 cost time: 13.4872567653656
Epoch: 1, Steps: 571 | Train Loss: 0.5986926 Vali Loss: 0.1624725 Test Loss: 0.2186139
Validation loss decreased (inf --> 0.162473).  Saving model ...
Updating learning rate to 0.01
	iters: 100, epoch: 2 | loss: 0.5508282
	speed: 0.1151s/iter; left time: 1894.2559s
	iters: 200, epoch: 2 | loss: 0.5250510
	speed: 0.0176s/iter; left time: 288.3473s
	iters: 300, epoch: 2 | loss: 0.5180988
	speed: 0.0183s/iter; left time: 297.4690s
	iters: 400, epoch: 2 | loss: 0.5434387
	speed: 0.0187s/iter; left time: 301.6560s
	iters: 500, epoch: 2 | loss: 0.4557389
	speed: 0.0181s/iter; left time: 290.5519s
Epoch: 2 cost time: 11.432177543640137
Epoch: 2, Steps: 571 | Train Loss: 0.5065004 Vali Loss: 0.1457020 Test Loss: 0.1947780
Validation loss decreased (0.162473 --> 0.145702).  Saving model ...
Updating learning rate to 0.01
	iters: 100, epoch: 3 | loss: 0.4594729
	speed: 0.1240s/iter; left time: 1970.6232s
	iters: 200, epoch: 3 | loss: 0.4888847
	speed: 0.0176s/iter; left time: 277.9973s
	iters: 300, epoch: 3 | loss: 0.5113994
	speed: 0.0173s/iter; left time: 271.1108s
	iters: 400, epoch: 3 | loss: 0.5187693
	speed: 0.0200s/iter; left time: 311.1424s
	iters: 500, epoch: 3 | loss: 0.4781429
	speed: 0.0217s/iter; left time: 336.0172s
Epoch: 3 cost time: 12.195374011993408
Epoch: 3, Steps: 571 | Train Loss: 0.4830831 Vali Loss: 0.1396633 Test Loss: 0.1830426
Validation loss decreased (0.145702 --> 0.139663).  Saving model ...
Updating learning rate to 0.01
	iters: 100, epoch: 4 | loss: 0.5258315
	speed: 0.1324s/iter; left time: 2028.5573s
	iters: 200, epoch: 4 | loss: 0.4064033
	speed: 0.0192s/iter; left time: 292.2135s
	iters: 300, epoch: 4 | loss: 0.5455872
	speed: 0.0170s/iter; left time: 257.6914s
	iters: 400, epoch: 4 | loss: 0.4815893
	speed: 0.0187s/iter; left time: 280.7165s
	iters: 500, epoch: 4 | loss: 0.5000489
	speed: 0.0182s/iter; left time: 271.7641s
Epoch: 4 cost time: 11.719622135162354
Epoch: 4, Steps: 571 | Train Loss: 0.4749769 Vali Loss: 0.1420361 Test Loss: 0.1897963
EarlyStopping counter: 1 out of 15
Updating learning rate to 0.008
	iters: 100, epoch: 5 | loss: 0.5261788
	speed: 0.1209s/iter; left time: 1783.1715s
	iters: 200, epoch: 5 | loss: 0.4615975
	speed: 0.0181s/iter; left time: 264.5126s
	iters: 300, epoch: 5 | loss: 0.4390388
	speed: 0.0183s/iter; left time: 265.5743s
	iters: 400, epoch: 5 | loss: 0.4413533
	speed: 0.0183s/iter; left time: 264.8818s
	iters: 500, epoch: 5 | loss: 0.4457501
	speed: 0.0178s/iter; left time: 255.0912s
Epoch: 5 cost time: 11.51445484161377
Epoch: 5, Steps: 571 | Train Loss: 0.4702809 Vali Loss: 0.1385455 Test Loss: 0.1795003
Validation loss decreased (0.139663 --> 0.138546).  Saving model ...
Updating learning rate to 0.006400000000000001
	iters: 100, epoch: 6 | loss: 0.4419385
	speed: 0.1321s/iter; left time: 1872.0002s
	iters: 200, epoch: 6 | loss: 0.5185363
	speed: 0.0221s/iter; left time: 310.6971s
	iters: 300, epoch: 6 | loss: 0.4709098
	speed: 0.0222s/iter; left time: 309.8173s
	iters: 400, epoch: 6 | loss: 0.4618674
	speed: 0.0196s/iter; left time: 271.8332s
	iters: 500, epoch: 6 | loss: 0.4441369
	speed: 0.0196s/iter; left time: 269.6195s
Epoch: 6 cost time: 12.813677072525024
Epoch: 6, Steps: 571 | Train Loss: 0.4654148 Vali Loss: 0.1426363 Test Loss: 0.1867914
EarlyStopping counter: 1 out of 15
Updating learning rate to 0.005120000000000001
	iters: 100, epoch: 7 | loss: 0.5062139
	speed: 0.1239s/iter; left time: 1685.5734s
	iters: 200, epoch: 7 | loss: 0.4512221
	speed: 0.0181s/iter; left time: 244.9821s
	iters: 300, epoch: 7 | loss: 0.4745839
	speed: 0.0185s/iter; left time: 248.2344s
	iters: 400, epoch: 7 | loss: 0.4450023
	speed: 0.0180s/iter; left time: 239.0574s
	iters: 500, epoch: 7 | loss: 0.4949742
	speed: 0.0184s/iter; left time: 243.3795s
Epoch: 7 cost time: 11.706289529800415
Epoch: 7, Steps: 571 | Train Loss: 0.4631506 Vali Loss: 0.1377690 Test Loss: 0.1786480
Validation loss decreased (0.138546 --> 0.137769).  Saving model ...
Updating learning rate to 0.004096000000000001
	iters: 100, epoch: 8 | loss: 0.4899226
	speed: 0.1247s/iter; left time: 1625.2011s
	iters: 200, epoch: 8 | loss: 0.5143840
	speed: 0.0188s/iter; left time: 243.4087s
	iters: 300, epoch: 8 | loss: 0.4593493
	speed: 0.0189s/iter; left time: 242.3763s
	iters: 400, epoch: 8 | loss: 0.4155142
	speed: 0.0209s/iter; left time: 266.5391s
	iters: 500, epoch: 8 | loss: 0.4797936
	speed: 0.0207s/iter; left time: 261.6188s
Epoch: 8 cost time: 12.813343048095703
Epoch: 8, Steps: 571 | Train Loss: 0.4603032 Vali Loss: 0.1380406 Test Loss: 0.1760150
EarlyStopping counter: 1 out of 15
Updating learning rate to 0.0032768000000000007
	iters: 100, epoch: 9 | loss: 0.4261645
	speed: 0.1208s/iter; left time: 1505.2636s
	iters: 200, epoch: 9 | loss: 0.4867999
	speed: 0.0182s/iter; left time: 225.1138s
	iters: 300, epoch: 9 | loss: 0.4487281
	speed: 0.0179s/iter; left time: 219.1568s
	iters: 400, epoch: 9 | loss: 0.4918252
	speed: 0.0184s/iter; left time: 223.3897s
	iters: 500, epoch: 9 | loss: 0.4935300
	speed: 0.0189s/iter; left time: 228.1739s
Epoch: 9 cost time: 11.555360078811646
Epoch: 9, Steps: 571 | Train Loss: 0.4584028 Vali Loss: 0.1410156 Test Loss: 0.1775481
EarlyStopping counter: 2 out of 15
Updating learning rate to 0.002621440000000001
	iters: 100, epoch: 10 | loss: 0.4147512
	speed: 0.1231s/iter; left time: 1463.9032s
	iters: 200, epoch: 10 | loss: 0.4295247
	speed: 0.0167s/iter; left time: 196.9309s
	iters: 300, epoch: 10 | loss: 0.4600893
	speed: 0.0183s/iter; left time: 213.5560s
	iters: 400, epoch: 10 | loss: 0.4780712
	speed: 0.0219s/iter; left time: 253.7521s
	iters: 500, epoch: 10 | loss: 0.4299876
	speed: 0.0216s/iter; left time: 247.7330s
Epoch: 10 cost time: 12.020763158798218
Epoch: 10, Steps: 571 | Train Loss: 0.4563824 Vali Loss: 0.1389465 Test Loss: 0.1786115
EarlyStopping counter: 3 out of 15
Updating learning rate to 0.002097152000000001
	iters: 100, epoch: 11 | loss: 0.4415601
	speed: 0.1357s/iter; left time: 1536.1023s
	iters: 200, epoch: 11 | loss: 0.4483290
	speed: 0.0181s/iter; left time: 203.3983s
	iters: 300, epoch: 11 | loss: 0.4689950
	speed: 0.0164s/iter; left time: 182.1353s
	iters: 400, epoch: 11 | loss: 0.4208159
	speed: 0.0193s/iter; left time: 212.8807s
	iters: 500, epoch: 11 | loss: 0.4296240
	speed: 0.0184s/iter; left time: 201.3651s
Epoch: 11 cost time: 11.4775869846344
Epoch: 11, Steps: 571 | Train Loss: 0.4543235 Vali Loss: 0.1432001 Test Loss: 0.1754623
EarlyStopping counter: 4 out of 15
Updating learning rate to 0.001677721600000001
	iters: 100, epoch: 12 | loss: 0.5083072
	speed: 0.1232s/iter; left time: 1323.9044s
	iters: 200, epoch: 12 | loss: 0.4259793
	speed: 0.0175s/iter; left time: 185.9745s
	iters: 300, epoch: 12 | loss: 0.4760320
	speed: 0.0174s/iter; left time: 183.1278s
	iters: 400, epoch: 12 | loss: 0.3997747
	speed: 0.0179s/iter; left time: 186.8824s
	iters: 500, epoch: 12 | loss: 0.4706163
	speed: 0.0178s/iter; left time: 184.3963s
Epoch: 12 cost time: 11.264305591583252
Epoch: 12, Steps: 571 | Train Loss: 0.4531933 Vali Loss: 0.1403401 Test Loss: 0.1797258
EarlyStopping counter: 5 out of 15
Updating learning rate to 0.0013421772800000006
	iters: 100, epoch: 13 | loss: 0.4550282
	speed: 0.1329s/iter; left time: 1352.7908s
	iters: 200, epoch: 13 | loss: 0.4668801
	speed: 0.0211s/iter; left time: 212.6083s
	iters: 300, epoch: 13 | loss: 0.4271499
	speed: 0.0212s/iter; left time: 211.8376s
	iters: 400, epoch: 13 | loss: 0.4803873
	speed: 0.0189s/iter; left time: 186.5303s
	iters: 500, epoch: 13 | loss: 0.4128843
	speed: 0.0204s/iter; left time: 199.4626s
Epoch: 13 cost time: 12.689810991287231
Epoch: 13, Steps: 571 | Train Loss: 0.4517503 Vali Loss: 0.1414411 Test Loss: 0.1863583
EarlyStopping counter: 6 out of 15
Updating learning rate to 0.0010737418240000006
	iters: 100, epoch: 14 | loss: 0.4413759
	speed: 0.1224s/iter; left time: 1176.2848s
	iters: 200, epoch: 14 | loss: 0.4745472
	speed: 0.0184s/iter; left time: 174.8499s
	iters: 300, epoch: 14 | loss: 0.4937127
	speed: 0.0181s/iter; left time: 170.0490s
	iters: 400, epoch: 14 | loss: 0.4981503
	speed: 0.0170s/iter; left time: 158.4743s
	iters: 500, epoch: 14 | loss: 0.4094471
	speed: 0.0174s/iter; left time: 159.7994s
Epoch: 14 cost time: 11.173081159591675
Epoch: 14, Steps: 571 | Train Loss: 0.4508634 Vali Loss: 0.1393156 Test Loss: 0.1799428
EarlyStopping counter: 7 out of 15
Updating learning rate to 0.0008589934592000006
	iters: 100, epoch: 15 | loss: 0.4629791
	speed: 0.1205s/iter; left time: 1088.5356s
	iters: 200, epoch: 15 | loss: 0.4066858
	speed: 0.0210s/iter; left time: 187.7890s
	iters: 300, epoch: 15 | loss: 0.4766202
	speed: 0.0157s/iter; left time: 138.7585s
	iters: 400, epoch: 15 | loss: 0.4472093
	speed: 0.0189s/iter; left time: 165.2622s
	iters: 500, epoch: 15 | loss: 0.4999008
	speed: 0.0202s/iter; left time: 174.2275s
Epoch: 15 cost time: 12.410675525665283
Epoch: 15, Steps: 571 | Train Loss: 0.4502662 Vali Loss: 0.1408468 Test Loss: 0.1800203
EarlyStopping counter: 8 out of 15
Updating learning rate to 0.0006871947673600004
	iters: 100, epoch: 16 | loss: 0.4527781
	speed: 0.1290s/iter; left time: 1092.0659s
	iters: 200, epoch: 16 | loss: 0.4116580
	speed: 0.0174s/iter; left time: 145.2227s
	iters: 300, epoch: 16 | loss: 0.4748639
	speed: 0.0178s/iter; left time: 147.1100s
	iters: 400, epoch: 16 | loss: 0.4019422
	speed: 0.0166s/iter; left time: 135.8652s
	iters: 500, epoch: 16 | loss: 0.3965074
	speed: 0.0178s/iter; left time: 143.4432s
Epoch: 16 cost time: 11.107839107513428
Epoch: 16, Steps: 571 | Train Loss: 0.4494010 Vali Loss: 0.1417365 Test Loss: 0.1856597
EarlyStopping counter: 9 out of 15
Updating learning rate to 0.0005497558138880004
	iters: 100, epoch: 17 | loss: 0.4720198
	speed: 0.1225s/iter; left time: 966.9940s
	iters: 200, epoch: 17 | loss: 0.4222660
	speed: 0.0166s/iter; left time: 129.1385s
	iters: 300, epoch: 17 | loss: 0.4729588
	speed: 0.0160s/iter; left time: 123.2066s
	iters: 400, epoch: 17 | loss: 0.5220338
	speed: 0.0206s/iter; left time: 156.5909s
	iters: 500, epoch: 17 | loss: 0.4512122
	speed: 0.0219s/iter; left time: 163.9208s
Epoch: 17 cost time: 11.847728252410889
Epoch: 17, Steps: 571 | Train Loss: 0.4491851 Vali Loss: 0.1412021 Test Loss: 0.1845193
EarlyStopping counter: 10 out of 15
Updating learning rate to 0.00043980465111040037
	iters: 100, epoch: 18 | loss: 0.4769509
	speed: 0.1365s/iter; left time: 999.9899s
	iters: 200, epoch: 18 | loss: 0.4198544
	speed: 0.0187s/iter; left time: 134.9996s
	iters: 300, epoch: 18 | loss: 0.4432458
	speed: 0.0178s/iter; left time: 126.7005s
	iters: 400, epoch: 18 | loss: 0.4563507
	speed: 0.0153s/iter; left time: 107.3523s
	iters: 500, epoch: 18 | loss: 0.4953399
	speed: 0.0151s/iter; left time: 104.2924s
Epoch: 18 cost time: 10.906986713409424
Epoch: 18, Steps: 571 | Train Loss: 0.4484547 Vali Loss: 0.1421072 Test Loss: 0.1832037
EarlyStopping counter: 11 out of 15
Updating learning rate to 0.0003518437208883203
	iters: 100, epoch: 19 | loss: 0.4414004
	speed: 0.1082s/iter; left time: 730.8477s
	iters: 200, epoch: 19 | loss: 0.4773411
	speed: 0.0181s/iter; left time: 120.5199s
	iters: 300, epoch: 19 | loss: 0.4573007
	speed: 0.0176s/iter; left time: 115.2212s
	iters: 400, epoch: 19 | loss: 0.4904864
	speed: 0.0186s/iter; left time: 120.0124s
	iters: 500, epoch: 19 | loss: 0.4031908
	speed: 0.0180s/iter; left time: 114.4495s
Epoch: 19 cost time: 11.294970273971558
Epoch: 19, Steps: 571 | Train Loss: 0.4479691 Vali Loss: 0.1408795 Test Loss: 0.1843719
EarlyStopping counter: 12 out of 15
Updating learning rate to 0.00028147497671065624
	iters: 100, epoch: 20 | loss: 0.4539874
	speed: 0.1047s/iter; left time: 647.4106s
	iters: 200, epoch: 20 | loss: 0.4179240
	speed: 0.0145s/iter; left time: 88.1068s
	iters: 300, epoch: 20 | loss: 0.4328956
	speed: 0.0153s/iter; left time: 91.7988s
	iters: 400, epoch: 20 | loss: 0.4754575
	speed: 0.0151s/iter; left time: 89.0341s
	iters: 500, epoch: 20 | loss: 0.4124243
	speed: 0.0147s/iter; left time: 84.9038s
Epoch: 20 cost time: 9.629588603973389
Epoch: 20, Steps: 571 | Train Loss: 0.4476811 Vali Loss: 0.1412203 Test Loss: 0.1830332
EarlyStopping counter: 13 out of 15
Updating learning rate to 0.00022517998136852504
	iters: 100, epoch: 21 | loss: 0.4767558
	speed: 0.1025s/iter; left time: 575.0242s
	iters: 200, epoch: 21 | loss: 0.4358130
	speed: 0.0152s/iter; left time: 83.5241s
	iters: 300, epoch: 21 | loss: 0.3996791
	speed: 0.0147s/iter; left time: 79.4814s
	iters: 400, epoch: 21 | loss: 0.4343854
	speed: 0.0142s/iter; left time: 75.3588s
	iters: 500, epoch: 21 | loss: 0.4319310
	speed: 0.0146s/iter; left time: 76.2661s
Epoch: 21 cost time: 9.367640495300293
Epoch: 21, Steps: 571 | Train Loss: 0.4472921 Vali Loss: 0.1422570 Test Loss: 0.1862065
EarlyStopping counter: 14 out of 15
Updating learning rate to 0.00018014398509482002
	iters: 100, epoch: 22 | loss: 0.4845785
	speed: 0.1006s/iter; left time: 506.7890s
	iters: 200, epoch: 22 | loss: 0.4522423
	speed: 0.0153s/iter; left time: 75.5402s
	iters: 300, epoch: 22 | loss: 0.4317895
	speed: 0.0149s/iter; left time: 72.0729s
	iters: 400, epoch: 22 | loss: 0.5487798
	speed: 0.0145s/iter; left time: 68.8864s
	iters: 500, epoch: 22 | loss: 0.4259878
	speed: 0.0143s/iter; left time: 66.4649s
Epoch: 22 cost time: 9.639193773269653
Epoch: 22, Steps: 571 | Train Loss: 0.4471731 Vali Loss: 0.1412822 Test Loss: 0.1847761
EarlyStopping counter: 15 out of 15
Early stopping
>>>>>>>testing : Solar_96_96_CycleNet_Solar_ftM_sl96_pl96_cycle144_mlp_lowrank4_mrt1_freq1_fredf08_seed2024<<<<<<<<<<<<<<<<<<<<<<<<<<<<<<<<<
test 10417
mse:0.17779923975467682, mae:0.23837853968143463
