============================================================
CONFIGURATION
============================================================
Device     : cuda:0
Dataset    : etth2
Pred len   : 720
Seed       : 2024

--- Data ---
enc_in     : 7
seq_len    : 96
cycle      : 24
use_revin  : 1
batch_size : 256

--- Model ---
model_type : mlp
d_model    : 512
mrt_layers : 1
freq_layers: 0
fusion     : mode=serial, gate=0, sparsity=0.0

--- Training ---
base_lr    : 0.005
Stage1     : epochs=30, patience=15
Stage2     : epochs=3, patience=3, freeze_backbone=0
Stage3     : SKIPPED (stage2_only)
============================================================

============================================================
STAGE 1: Train MRT only (freq_layers=0)
============================================================
train 7825
val 2161
test 2161
Epoch: 1, Steps: 30 | Train: 0.8852574 Vali: 0.6289992 Test: 0.4573043
Validation loss decreased (inf --> 0.628999).  Saving model ...
Updating learning rate to 0.005
Epoch: 2, Steps: 30 | Train: 0.8553361 Vali: 0.6129722 Test: 0.4629989
Validation loss decreased (0.628999 --> 0.612972).  Saving model ...
Updating learning rate to 0.005
Epoch: 3, Steps: 30 | Train: 0.8181615 Vali: 0.6445329 Test: 0.4753801
EarlyStopping counter: 1 out of 15
Updating learning rate to 0.005
Epoch: 4, Steps: 30 | Train: 0.8004237 Vali: 0.6273544 Test: 0.4715712
EarlyStopping counter: 2 out of 15
Updating learning rate to 0.004
Epoch: 5, Steps: 30 | Train: 0.7877552 Vali: 0.6250355 Test: 0.4722110
EarlyStopping counter: 3 out of 15
Updating learning rate to 0.0032000000000000006
Epoch: 6, Steps: 30 | Train: 0.7846759 Vali: 0.6155297 Test: 0.4759569
EarlyStopping counter: 4 out of 15
Updating learning rate to 0.0025600000000000006
Epoch: 7, Steps: 30 | Train: 0.7757937 Vali: 0.6179210 Test: 0.4764068
EarlyStopping counter: 5 out of 15
Updating learning rate to 0.0020480000000000003
Epoch: 8, Steps: 30 | Train: 0.7667770 Vali: 0.6129929 Test: 0.4762417
EarlyStopping counter: 6 out of 15
Updating learning rate to 0.0016384000000000004
Epoch: 9, Steps: 30 | Train: 0.7598816 Vali: 0.6142885 Test: 0.4829915
EarlyStopping counter: 7 out of 15
Updating learning rate to 0.0013107200000000005
Epoch: 10, Steps: 30 | Train: 0.7546250 Vali: 0.6234024 Test: 0.4738489
EarlyStopping counter: 8 out of 15
Updating learning rate to 0.0010485760000000005
Epoch: 11, Steps: 30 | Train: 0.7498994 Vali: 0.6150775 Test: 0.4788097
EarlyStopping counter: 9 out of 15
Updating learning rate to 0.0008388608000000005
Epoch: 12, Steps: 30 | Train: 0.7434297 Vali: 0.6198350 Test: 0.4720821
EarlyStopping counter: 10 out of 15
Updating learning rate to 0.0006710886400000003
Epoch: 13, Steps: 30 | Train: 0.7400314 Vali: 0.6224020 Test: 0.4721090
EarlyStopping counter: 11 out of 15
Updating learning rate to 0.0005368709120000003
Epoch: 14, Steps: 30 | Train: 0.7367498 Vali: 0.6204218 Test: 0.4704408
EarlyStopping counter: 12 out of 15
Updating learning rate to 0.0004294967296000003
Epoch: 15, Steps: 30 | Train: 0.7318494 Vali: 0.6213492 Test: 0.4686330
EarlyStopping counter: 13 out of 15
Updating learning rate to 0.0003435973836800002
Epoch: 16, Steps: 30 | Train: 0.7297300 Vali: 0.6254721 Test: 0.4701714
EarlyStopping counter: 14 out of 15
Updating learning rate to 0.0002748779069440002
Epoch: 17, Steps: 30 | Train: 0.7305798 Vali: 0.6226265 Test: 0.4700192
EarlyStopping counter: 15 out of 15
Early stopping at epoch 17
STAGE 1 RESULT: mse=0.4484, mae=0.4556, smape=66.7213

============================================================
STAGE 2: Load MRT + add Freq branch (frozen backbone/MRT/cycle, max_epochs=3, patience=3)
============================================================
train 7825
val 2161
test 2161
Loaded 10 params from stage1, 0 new (Freq branch)
Trainable: 419,368 / 419,621 (99.9%)  freeze_backbone=0
Epoch: 1, Train: 2.1912870 Vali: 0.6108185
[diag s2-1]  freq.rs=-0.0053 mask.mean=0.438 mask.std=0.141  mrt.rs=+0.1123
Validation loss decreased (inf --> 0.610818).  Saving model ...
Epoch: 2, Train: 2.1658778 Vali: 0.6114613
[diag s2-2]  freq.rs=-0.0093 mask.mean=0.439 mask.std=0.141  mrt.rs=+0.1123
EarlyStopping counter: 1 out of 3
Epoch: 3, Train: 2.1565617 Vali: 0.6109138
[diag s2-3]  freq.rs=-0.0127 mask.mean=0.440 mask.std=0.142  mrt.rs=+0.1123
EarlyStopping counter: 2 out of 3
STAGE 2 complete.

============================================================
STAGE 2 ONLY: Testing from Stage 2 checkpoint
============================================================
train 7825
val 2161
test 2161
[diag stage2-final]  freq.rs=-0.0053 mask.mean=0.438 mask.std=0.141  mrt.rs=+0.1123

============================================================
FINAL RESULT (Stage 2 only): mse=0.4294, mae=0.4447, smape=66.7645
============================================================
