============================================================
CONFIGURATION
============================================================
Device     : cuda:0
Dataset    : etth2
Pred len   : 96
Seed       : 2024

--- Data ---
enc_in     : 7
seq_len    : 96
cycle      : 24
use_revin  : 1
batch_size : 256

--- Model ---
model_type : mlp
d_model    : 512
mrt_layers : 1
freq_layers: 0
fusion     : mode=serial, gate=0, sparsity=0.0

--- Training ---
base_lr    : 0.005
Stage1     : epochs=30, patience=15
Stage2     : epochs=3, patience=3, freeze_backbone=1
Stage3 FreDF: True
Stage3a    : epochs=12, patience=6
Stage3b    : epochs=20, patience=10, freq×0.67 model×0.33 mrt×0.10
============================================================

============================================================
STAGE 1: Train MRT only (freq_layers=0)
============================================================
train 8449
val 2785
test 2785
Epoch: 1, Steps: 33 | Train: 0.4931008 Vali: 0.2409400 Test: 0.3206125
Validation loss decreased (inf --> 0.240940).  Saving model ...
Updating learning rate to 0.005
Epoch: 2, Steps: 33 | Train: 0.4498097 Vali: 0.2209639 Test: 0.3287569
Validation loss decreased (0.240940 --> 0.220964).  Saving model ...
Updating learning rate to 0.005
Epoch: 3, Steps: 33 | Train: 0.4077671 Vali: 0.2174262 Test: 0.2990300
Validation loss decreased (0.220964 --> 0.217426).  Saving model ...
Updating learning rate to 0.005
Epoch: 4, Steps: 33 | Train: 0.3857940 Vali: 0.2184049 Test: 0.2911647
EarlyStopping counter: 1 out of 15
Updating learning rate to 0.004
Epoch: 5, Steps: 33 | Train: 0.3737675 Vali: 0.2154636 Test: 0.2954923
Validation loss decreased (0.217426 --> 0.215464).  Saving model ...
Updating learning rate to 0.0032000000000000006
Epoch: 6, Steps: 33 | Train: 0.3623664 Vali: 0.2163475 Test: 0.2965790
EarlyStopping counter: 1 out of 15
Updating learning rate to 0.0025600000000000006
Epoch: 7, Steps: 33 | Train: 0.3551974 Vali: 0.2145491 Test: 0.2983558
Validation loss decreased (0.215464 --> 0.214549).  Saving model ...
Updating learning rate to 0.0020480000000000003
Epoch: 8, Steps: 33 | Train: 0.3505548 Vali: 0.2151407 Test: 0.3021669
EarlyStopping counter: 1 out of 15
Updating learning rate to 0.0016384000000000004
Epoch: 9, Steps: 33 | Train: 0.3442128 Vali: 0.2159793 Test: 0.2977194
EarlyStopping counter: 2 out of 15
Updating learning rate to 0.0013107200000000005
Epoch: 10, Steps: 33 | Train: 0.3386569 Vali: 0.2173900 Test: 0.2986879
EarlyStopping counter: 3 out of 15
Updating learning rate to 0.0010485760000000005
Epoch: 11, Steps: 33 | Train: 0.3351724 Vali: 0.2156576 Test: 0.3006803
EarlyStopping counter: 4 out of 15
Updating learning rate to 0.0008388608000000005
Epoch: 12, Steps: 33 | Train: 0.3327228 Vali: 0.2150840 Test: 0.3023268
EarlyStopping counter: 5 out of 15
Updating learning rate to 0.0006710886400000003
Epoch: 13, Steps: 33 | Train: 0.3297571 Vali: 0.2172697 Test: 0.2992306
EarlyStopping counter: 6 out of 15
Updating learning rate to 0.0005368709120000003
Epoch: 14, Steps: 33 | Train: 0.3275828 Vali: 0.2162197 Test: 0.2984334
EarlyStopping counter: 7 out of 15
Updating learning rate to 0.0004294967296000003
Epoch: 15, Steps: 33 | Train: 0.3265415 Vali: 0.2187791 Test: 0.3004236
EarlyStopping counter: 8 out of 15
Updating learning rate to 0.0003435973836800002
Epoch: 16, Steps: 33 | Train: 0.3246814 Vali: 0.2185111 Test: 0.2985880
EarlyStopping counter: 9 out of 15
Updating learning rate to 0.0002748779069440002
Epoch: 17, Steps: 33 | Train: 0.3230070 Vali: 0.2185273 Test: 0.3012607
EarlyStopping counter: 10 out of 15
Updating learning rate to 0.00021990232555520019
Epoch: 18, Steps: 33 | Train: 0.3216535 Vali: 0.2191392 Test: 0.2999502
EarlyStopping counter: 11 out of 15
Updating learning rate to 0.00017592186044416015
Epoch: 19, Steps: 33 | Train: 0.3212774 Vali: 0.2182833 Test: 0.3009462
EarlyStopping counter: 12 out of 15
Updating learning rate to 0.00014073748835532812
Epoch: 20, Steps: 33 | Train: 0.3202487 Vali: 0.2197650 Test: 0.3006743
EarlyStopping counter: 13 out of 15
Updating learning rate to 0.00011258999068426252
Epoch: 21, Steps: 33 | Train: 0.3197618 Vali: 0.2189906 Test: 0.3006909
EarlyStopping counter: 14 out of 15
Updating learning rate to 9.007199254741001e-05
Epoch: 22, Steps: 33 | Train: 0.3192330 Vali: 0.2178130 Test: 0.3006511
EarlyStopping counter: 15 out of 15
Early stopping at epoch 22
STAGE 1 RESULT: mse=0.2965, mae=0.3452, smape=53.5328

============================================================
STAGE 2: Load MRT + add Freq branch (frozen backbone/MRT/cycle, max_epochs=3, patience=3)
============================================================
train 8449
val 2785
test 2785
Loaded 10 params from stage1, 0 new (Freq branch)
Trainable: 344 / 99,509 (0.3%)  freeze_backbone=1
Epoch: 1, Train: 0.7818094 Vali: 0.2142549
[diag s2-1]  freq.rs=-0.0030 mask.mean=0.438 mask.std=0.141  mrt.rs=+0.2923
Validation loss decreased (inf --> 0.214255).  Saving model ...
Epoch: 2, Train: 0.7817525 Vali: 0.2146523
[diag s2-2]  freq.rs=-0.0056 mask.mean=0.438 mask.std=0.141  mrt.rs=+0.2923
EarlyStopping counter: 1 out of 3
Epoch: 3, Train: 0.7817956 Vali: 0.2138857
[diag s2-3]  freq.rs=-0.0083 mask.mean=0.438 mask.std=0.141  mrt.rs=+0.2923
Validation loss decreased (0.214255 --> 0.213886).  Saving model ...
STAGE 2 complete.

============================================================
SKIPPING Stage 3a (--no_stage3a): Stage 2 -> Stage 3b directly
============================================================

============================================================
STAGE 3b: Unfreeze all, group-wise LR (base=0.001500, max_epochs=20, patience=10) + FreDF(α=0.8)
  LR groups: freq/gate ×0.67, model ×0.33, mrt/cycle ×0.10
============================================================
train 8449
val 2785
test 2785
Loaded stage3a checkpoint, unfreezing all parameters.
  Group freq/gate: 344 params, LR=0.001005
  Group model: 98,912 params, LR=0.000495
  Group mrt/cycle: 253 params, LR=0.000150
Epoch: 1, Steps: 33 | Train: 0.7792776 Vali: 0.2143989 Test: 0.2949726
[diag 3b-1]  freq.rs=-0.0094 mask.mean=0.438 mask.std=0.141  mrt.rs=+0.2937
Validation loss decreased (inf --> 0.214399).  Saving model ...
Updating learning rate to 0.005
Epoch: 2, Steps: 33 | Train: 0.8072467 Vali: 0.2129854 Test: 0.2889185
[diag 3b-2]  freq.rs=-0.0910 mask.mean=0.436 mask.std=0.141  mrt.rs=+0.3855
Validation loss decreased (0.214399 --> 0.212985).  Saving model ...
Updating learning rate to 0.005
Epoch: 3, Steps: 33 | Train: 0.7890522 Vali: 0.2142755 Test: 0.2921113
[diag 3b-3]  freq.rs=-0.1349 mask.mean=0.436 mask.std=0.144  mrt.rs=+0.3897
EarlyStopping counter: 1 out of 10
Updating learning rate to 0.005
Epoch: 4, Steps: 33 | Train: 0.7730442 Vali: 0.2114936 Test: 0.2919734
[diag 3b-4]  freq.rs=-0.1544 mask.mean=0.433 mask.std=0.146  mrt.rs=+0.4096
Validation loss decreased (0.212985 --> 0.211494).  Saving model ...
Updating learning rate to 0.004
Epoch: 5, Steps: 33 | Train: 0.7590627 Vali: 0.2137681 Test: 0.3026400
[diag 3b-5]  freq.rs=-0.1589 mask.mean=0.430 mask.std=0.149  mrt.rs=+0.4086
EarlyStopping counter: 1 out of 10
Updating learning rate to 0.0032000000000000006
Epoch: 6, Steps: 33 | Train: 0.7493438 Vali: 0.2145885 Test: 0.2961848
[diag 3b-6]  freq.rs=-0.1558 mask.mean=0.427 mask.std=0.151  mrt.rs=+0.4104
EarlyStopping counter: 2 out of 10
Updating learning rate to 0.0025600000000000006
Epoch: 7, Steps: 33 | Train: 0.7393802 Vali: 0.2144802 Test: 0.2967536
[diag 3b-7]  freq.rs=-0.1511 mask.mean=0.424 mask.std=0.153  mrt.rs=+0.4116
EarlyStopping counter: 3 out of 10
Updating learning rate to 0.0020480000000000003
Epoch: 8, Steps: 33 | Train: 0.7297100 Vali: 0.2182334 Test: 0.3007670
[diag 3b-8]  freq.rs=-0.1408 mask.mean=0.422 mask.std=0.154  mrt.rs=+0.4036
EarlyStopping counter: 4 out of 10
Updating learning rate to 0.0016384000000000004
Epoch: 9, Steps: 33 | Train: 0.7229491 Vali: 0.2191279 Test: 0.3036940
[diag 3b-9]  freq.rs=-0.1292 mask.mean=0.421 mask.std=0.155  mrt.rs=+0.3995
EarlyStopping counter: 5 out of 10
Updating learning rate to 0.0013107200000000005
Epoch: 10, Steps: 33 | Train: 0.7164971 Vali: 0.2214527 Test: 0.3005631
[diag 3b-10]  freq.rs=-0.1205 mask.mean=0.419 mask.std=0.155  mrt.rs=+0.3953
EarlyStopping counter: 6 out of 10
Updating learning rate to 0.0010485760000000005
Epoch: 11, Steps: 33 | Train: 0.7104722 Vali: 0.2209875 Test: 0.3000178
[diag 3b-11]  freq.rs=-0.1123 mask.mean=0.418 mask.std=0.156  mrt.rs=+0.3921
EarlyStopping counter: 7 out of 10
Updating learning rate to 0.0008388608000000005
Epoch: 12, Steps: 33 | Train: 0.7057386 Vali: 0.2191389 Test: 0.3012582
[diag 3b-12]  freq.rs=-0.1047 mask.mean=0.417 mask.std=0.156  mrt.rs=+0.3894
EarlyStopping counter: 8 out of 10
Updating learning rate to 0.0006710886400000003
Epoch: 13, Steps: 33 | Train: 0.7030026 Vali: 0.2192314 Test: 0.3030048
[diag 3b-13]  freq.rs=-0.0971 mask.mean=0.417 mask.std=0.156  mrt.rs=+0.3859
EarlyStopping counter: 9 out of 10
Updating learning rate to 0.0005368709120000003
Epoch: 14, Steps: 33 | Train: 0.7003236 Vali: 0.2216337 Test: 0.3008606
[diag 3b-14]  freq.rs=-0.0912 mask.mean=0.416 mask.std=0.156  mrt.rs=+0.3837
EarlyStopping counter: 10 out of 10
Early stopping at epoch 14

============================================================
FINAL RESULT (Stage 3b): mse=0.2905, mae=0.3389, smape=52.6005
============================================================
[diag 3b-final]  freq.rs=-0.1544 mask.mean=0.433 mask.std=0.146  mrt.rs=+0.4096
