============================================================
CONFIGURATION
============================================================
Device     : cuda:0
Dataset    : etth2
Pred len   : 192
Seed       : 2024

--- Data ---
enc_in     : 7
seq_len    : 96
cycle      : 24
use_revin  : 1
batch_size : 256

--- Model ---
model_type : mlp
d_model    : 512
mrt_layers : 1
freq_layers: 0
fusion     : mode=serial, gate=0, sparsity=0.0

--- Training ---
base_lr    : 0.005
Stage1     : epochs=30, patience=15
Stage2     : epochs=3, patience=3, freeze_backbone=1
Stage3 FreDF: False
Stage3a    : epochs=12, patience=6
Stage3b    : epochs=20, patience=10, freq×0.67 model×0.33 mrt×0.10
============================================================

============================================================
STAGE 1: Train MRT only (freq_layers=0)
============================================================
train 8353
val 2689
test 2689
Epoch: 1, Steps: 32 | Train: 0.5950085 Vali: 0.3014026 Test: 0.4212618
Validation loss decreased (inf --> 0.301403).  Saving model ...
Updating learning rate to 0.005
Epoch: 2, Steps: 32 | Train: 0.5644771 Vali: 0.2871662 Test: 0.3860593
Validation loss decreased (0.301403 --> 0.287166).  Saving model ...
Updating learning rate to 0.005
Epoch: 3, Steps: 32 | Train: 0.5236601 Vali: 0.2763478 Test: 0.3931812
Validation loss decreased (0.287166 --> 0.276348).  Saving model ...
Updating learning rate to 0.005
Epoch: 4, Steps: 32 | Train: 0.5044229 Vali: 0.2766997 Test: 0.3830409
EarlyStopping counter: 1 out of 15
Updating learning rate to 0.004
Epoch: 5, Steps: 32 | Train: 0.4903930 Vali: 0.2773397 Test: 0.3813050
EarlyStopping counter: 2 out of 15
Updating learning rate to 0.0032000000000000006
Epoch: 6, Steps: 32 | Train: 0.4811878 Vali: 0.2823106 Test: 0.3770321
EarlyStopping counter: 3 out of 15
Updating learning rate to 0.0025600000000000006
Epoch: 7, Steps: 32 | Train: 0.4774798 Vali: 0.2811432 Test: 0.3751501
EarlyStopping counter: 4 out of 15
Updating learning rate to 0.0020480000000000003
Epoch: 8, Steps: 32 | Train: 0.4695381 Vali: 0.2793621 Test: 0.3794881
EarlyStopping counter: 5 out of 15
Updating learning rate to 0.0016384000000000004
Epoch: 9, Steps: 32 | Train: 0.4636793 Vali: 0.2812007 Test: 0.3789015
EarlyStopping counter: 6 out of 15
Updating learning rate to 0.0013107200000000005
Epoch: 10, Steps: 32 | Train: 0.4585912 Vali: 0.2804619 Test: 0.3811537
EarlyStopping counter: 7 out of 15
Updating learning rate to 0.0010485760000000005
Epoch: 11, Steps: 32 | Train: 0.4540250 Vali: 0.2800444 Test: 0.3827530
EarlyStopping counter: 8 out of 15
Updating learning rate to 0.0008388608000000005
Epoch: 12, Steps: 32 | Train: 0.4511693 Vali: 0.2808126 Test: 0.3836029
EarlyStopping counter: 9 out of 15
Updating learning rate to 0.0006710886400000003
Epoch: 13, Steps: 32 | Train: 0.4478663 Vali: 0.2823043 Test: 0.3807703
EarlyStopping counter: 10 out of 15
Updating learning rate to 0.0005368709120000003
Epoch: 14, Steps: 32 | Train: 0.4458104 Vali: 0.2826592 Test: 0.3813878
EarlyStopping counter: 11 out of 15
Updating learning rate to 0.0004294967296000003
Epoch: 15, Steps: 32 | Train: 0.4439009 Vali: 0.2818609 Test: 0.3821787
EarlyStopping counter: 12 out of 15
Updating learning rate to 0.0003435973836800002
Epoch: 16, Steps: 32 | Train: 0.4396221 Vali: 0.2834459 Test: 0.3809679
EarlyStopping counter: 13 out of 15
Updating learning rate to 0.0002748779069440002
Epoch: 17, Steps: 32 | Train: 0.4371695 Vali: 0.2840088 Test: 0.3822753
EarlyStopping counter: 14 out of 15
Updating learning rate to 0.00021990232555520019
Epoch: 18, Steps: 32 | Train: 0.4366758 Vali: 0.2819795 Test: 0.3817743
EarlyStopping counter: 15 out of 15
Early stopping at epoch 18
STAGE 1 RESULT: mse=0.3787, mae=0.4011, smape=59.0682

============================================================
STAGE 2: Load MRT + add Freq branch (frozen backbone/MRT/cycle, max_epochs=3, patience=3)
============================================================
train 8353
val 2689
test 2689
Loaded 10 params from stage1, 0 new (Freq branch)
Trainable: 344 / 148,757 (0.2%)  freeze_backbone=1
Epoch: 1, Train: 0.5073153 Vali: 0.2761645
[diag s2-1]  freq.rs=-0.0023 mask.mean=0.438 mask.std=0.141  mrt.rs=+0.1921
Validation loss decreased (inf --> 0.276165).  Saving model ...
Epoch: 2, Train: 0.5067402 Vali: 0.2757179
[diag s2-2]  freq.rs=-0.0044 mask.mean=0.438 mask.std=0.141  mrt.rs=+0.1921
Validation loss decreased (0.276165 --> 0.275718).  Saving model ...
Epoch: 3, Train: 0.4998276 Vali: 0.2745470
[diag s2-3]  freq.rs=-0.0073 mask.mean=0.438 mask.std=0.141  mrt.rs=+0.1921
Validation loss decreased (0.275718 --> 0.274547).  Saving model ...
STAGE 2 complete.

============================================================
SKIPPING Stage 3a (--no_stage3a): Stage 2 -> Stage 3b directly
============================================================

============================================================
STAGE 3b: Unfreeze all, group-wise LR (base=0.001500, max_epochs=20, patience=10) (pure MSE)
  LR groups: freq/gate ×0.67, model ×0.33, mrt/cycle ×0.10
============================================================
train 8353
val 2689
test 2689
Loaded stage3a checkpoint, unfreezing all parameters.
  Group freq/gate: 344 params, LR=0.001005
  Group model: 148,160 params, LR=0.000495
  Group mrt/cycle: 253 params, LR=0.000150
Epoch: 1, Steps: 32 | Train: 0.5026224 Vali: 0.2736544 Test: 0.3833760
[diag 3b-1]  freq.rs=-0.0077 mask.mean=0.438 mask.std=0.141  mrt.rs=+0.1921
Validation loss decreased (inf --> 0.273654).  Saving model ...
Updating learning rate to 0.005
Epoch: 2, Steps: 32 | Train: 0.5098284 Vali: 0.2812830 Test: 0.3906241
[diag 3b-2]  freq.rs=-0.0931 mask.mean=0.437 mask.std=0.142  mrt.rs=+0.2565
EarlyStopping counter: 1 out of 10
Updating learning rate to 0.005
Epoch: 3, Steps: 32 | Train: 0.4933183 Vali: 0.2795128 Test: 0.3833978
[diag 3b-3]  freq.rs=-0.1733 mask.mean=0.435 mask.std=0.144  mrt.rs=+0.3004
EarlyStopping counter: 2 out of 10
Updating learning rate to 0.005
Epoch: 4, Steps: 32 | Train: 0.4851107 Vali: 0.2751640 Test: 0.3818328
[diag 3b-4]  freq.rs=-0.2418 mask.mean=0.430 mask.std=0.148  mrt.rs=+0.3423
EarlyStopping counter: 3 out of 10
Updating learning rate to 0.004
Epoch: 5, Steps: 32 | Train: 0.4746769 Vali: 0.2798924 Test: 0.3814161
[diag 3b-5]  freq.rs=-0.2861 mask.mean=0.426 mask.std=0.152  mrt.rs=+0.3612
EarlyStopping counter: 4 out of 10
Updating learning rate to 0.0032000000000000006
Epoch: 6, Steps: 32 | Train: 0.4622940 Vali: 0.2813281 Test: 0.3825280
[diag 3b-6]  freq.rs=-0.3142 mask.mean=0.423 mask.std=0.156  mrt.rs=+0.3627
EarlyStopping counter: 5 out of 10
Updating learning rate to 0.0025600000000000006
Epoch: 7, Steps: 32 | Train: 0.4516461 Vali: 0.2789059 Test: 0.3835372
[diag 3b-7]  freq.rs=-0.3366 mask.mean=0.420 mask.std=0.159  mrt.rs=+0.3656
EarlyStopping counter: 6 out of 10
Updating learning rate to 0.0020480000000000003
Epoch: 8, Steps: 32 | Train: 0.4464383 Vali: 0.2834970 Test: 0.3837840
[diag 3b-8]  freq.rs=-0.3503 mask.mean=0.418 mask.std=0.161  mrt.rs=+0.3647
EarlyStopping counter: 7 out of 10
Updating learning rate to 0.0016384000000000004
Epoch: 9, Steps: 32 | Train: 0.4402325 Vali: 0.2854481 Test: 0.3844598
[diag 3b-9]  freq.rs=-0.3568 mask.mean=0.416 mask.std=0.163  mrt.rs=+0.3639
EarlyStopping counter: 8 out of 10
Updating learning rate to 0.0013107200000000005
Epoch: 10, Steps: 32 | Train: 0.4318566 Vali: 0.2873278 Test: 0.3826494
[diag 3b-10]  freq.rs=-0.3581 mask.mean=0.415 mask.std=0.164  mrt.rs=+0.3601
EarlyStopping counter: 9 out of 10
Updating learning rate to 0.0010485760000000005
Epoch: 11, Steps: 32 | Train: 0.4281536 Vali: 0.2892885 Test: 0.3850489
[diag 3b-11]  freq.rs=-0.3558 mask.mean=0.414 mask.std=0.165  mrt.rs=+0.3546
EarlyStopping counter: 10 out of 10
Early stopping at epoch 11

============================================================
FINAL RESULT (Stage 3b): mse=0.3701, mae=0.3943, smape=58.6203
============================================================
[diag 3b-final]  freq.rs=-0.0077 mask.mean=0.438 mask.std=0.141  mrt.rs=+0.1921
