============================================================
CONFIGURATION
============================================================
Device     : cuda:0
Dataset    : etth2
Pred len   : 96
Seed       : 2024

--- Data ---
enc_in     : 7
seq_len    : 96
cycle      : 24
use_revin  : 1
batch_size : 256

--- Model ---
model_type : mlp
d_model    : 512
mrt_layers : 1
freq_layers: 0
fusion     : mode=serial, gate=0, sparsity=0.0

--- Training ---
base_lr    : 0.005
Stage1     : epochs=30, patience=15
Stage2     : epochs=3, patience=3, freeze_backbone=1
Stage3     : SKIPPED (stage2_only)
============================================================

============================================================
STAGE 1: Train MRT only (freq_layers=0)
============================================================
train 8449
val 2785
test 2785
Epoch: 1, Steps: 33 | Train: 0.4931008 Vali: 0.2409400 Test: 0.3206125
Validation loss decreased (inf --> 0.240940).  Saving model ...
Updating learning rate to 0.005
Epoch: 2, Steps: 33 | Train: 0.4498097 Vali: 0.2209639 Test: 0.3287569
Validation loss decreased (0.240940 --> 0.220964).  Saving model ...
Updating learning rate to 0.005
Epoch: 3, Steps: 33 | Train: 0.4077671 Vali: 0.2174262 Test: 0.2990300
Validation loss decreased (0.220964 --> 0.217426).  Saving model ...
Updating learning rate to 0.005
Epoch: 4, Steps: 33 | Train: 0.3857940 Vali: 0.2184049 Test: 0.2911647
EarlyStopping counter: 1 out of 15
Updating learning rate to 0.004
Epoch: 5, Steps: 33 | Train: 0.3737675 Vali: 0.2154635 Test: 0.2954915
Validation loss decreased (0.217426 --> 0.215464).  Saving model ...
Updating learning rate to 0.0032000000000000006
Epoch: 6, Steps: 33 | Train: 0.3623698 Vali: 0.2163513 Test: 0.2965767
EarlyStopping counter: 1 out of 15
Updating learning rate to 0.0025600000000000006
Epoch: 7, Steps: 33 | Train: 0.3552000 Vali: 0.2145478 Test: 0.2983696
Validation loss decreased (0.215464 --> 0.214548).  Saving model ...
Updating learning rate to 0.0020480000000000003
Epoch: 8, Steps: 33 | Train: 0.3505497 Vali: 0.2151569 Test: 0.3021304
EarlyStopping counter: 1 out of 15
Updating learning rate to 0.0016384000000000004
Epoch: 9, Steps: 33 | Train: 0.3441931 Vali: 0.2160267 Test: 0.2977042
EarlyStopping counter: 2 out of 15
Updating learning rate to 0.0013107200000000005
Epoch: 10, Steps: 33 | Train: 0.3386682 Vali: 0.2173731 Test: 0.2986934
EarlyStopping counter: 3 out of 15
Updating learning rate to 0.0010485760000000005
Epoch: 11, Steps: 33 | Train: 0.3351702 Vali: 0.2156390 Test: 0.3006753
EarlyStopping counter: 4 out of 15
Updating learning rate to 0.0008388608000000005
Epoch: 12, Steps: 33 | Train: 0.3327100 Vali: 0.2150678 Test: 0.3023000
EarlyStopping counter: 5 out of 15
Updating learning rate to 0.0006710886400000003
Epoch: 13, Steps: 33 | Train: 0.3297564 Vali: 0.2172469 Test: 0.2992422
EarlyStopping counter: 6 out of 15
Updating learning rate to 0.0005368709120000003
Epoch: 14, Steps: 33 | Train: 0.3275945 Vali: 0.2162384 Test: 0.2983990
EarlyStopping counter: 7 out of 15
Updating learning rate to 0.0004294967296000003
Epoch: 15, Steps: 33 | Train: 0.3265539 Vali: 0.2187631 Test: 0.3004037
EarlyStopping counter: 8 out of 15
Updating learning rate to 0.0003435973836800002
Epoch: 16, Steps: 33 | Train: 0.3246884 Vali: 0.2185046 Test: 0.2985746
EarlyStopping counter: 9 out of 15
Updating learning rate to 0.0002748779069440002
Epoch: 17, Steps: 33 | Train: 0.3230043 Vali: 0.2185201 Test: 0.3012466
EarlyStopping counter: 10 out of 15
Updating learning rate to 0.00021990232555520019
Epoch: 18, Steps: 33 | Train: 0.3216535 Vali: 0.2191429 Test: 0.2999499
EarlyStopping counter: 11 out of 15
Updating learning rate to 0.00017592186044416015
Epoch: 19, Steps: 33 | Train: 0.3212740 Vali: 0.2182803 Test: 0.3009281
EarlyStopping counter: 12 out of 15
Updating learning rate to 0.00014073748835532812
Epoch: 20, Steps: 33 | Train: 0.3202466 Vali: 0.2197699 Test: 0.3006615
EarlyStopping counter: 13 out of 15
Updating learning rate to 0.00011258999068426252
Epoch: 21, Steps: 33 | Train: 0.3197615 Vali: 0.2189974 Test: 0.3006730
EarlyStopping counter: 14 out of 15
Updating learning rate to 9.007199254741001e-05
Epoch: 22, Steps: 33 | Train: 0.3192359 Vali: 0.2178175 Test: 0.3006401
EarlyStopping counter: 15 out of 15
Early stopping at epoch 22
STAGE 1 RESULT: mse=0.2965, mae=0.3452, smape=53.5328

============================================================
STAGE 2: Load MRT + add Freq branch (frozen backbone/MRT/cycle, max_epochs=3, patience=3)
============================================================
train 8449
val 2785
test 2785
Loaded 10 params from stage1, 0 new (Freq branch)
Trainable: 344 / 99,509 (0.3%)  freeze_backbone=1
Epoch: 1, Train: 0.7818107 Vali: 0.2142531
[diag s2-1]  freq.rs=-0.0030 mask.mean=0.438 mask.std=0.141  mrt.rs=+0.2923
Validation loss decreased (inf --> 0.214253).  Saving model ...
Epoch: 2, Train: 0.7817538 Vali: 0.2146506
[diag s2-2]  freq.rs=-0.0057 mask.mean=0.438 mask.std=0.141  mrt.rs=+0.2923
EarlyStopping counter: 1 out of 3
Epoch: 3, Train: 0.7817967 Vali: 0.2138823
[diag s2-3]  freq.rs=-0.0084 mask.mean=0.438 mask.std=0.141  mrt.rs=+0.2923
Validation loss decreased (0.214253 --> 0.213882).  Saving model ...
STAGE 2 complete.

============================================================
STAGE 2 ONLY: Testing from Stage 2 checkpoint
============================================================
train 8449
val 2785
test 2785
[diag stage2-final]  freq.rs=-0.0084 mask.mean=0.438 mask.std=0.141  mrt.rs=+0.2923

============================================================
FINAL RESULT (Stage 2 only): mse=0.2964, mae=0.3451, smape=53.5307
============================================================
