============================================================
CONFIGURATION
============================================================
Device     : cuda:0
Dataset    : ettm2
Pred len   : 720
Seed       : 2024

--- Data ---
enc_in     : 7
seq_len    : 96
cycle      : 96
use_revin  : 1
batch_size : 256

--- Model ---
model_type : mlp
d_model    : 512
mrt_layers : 1
freq_layers: 0
fusion     : mode=serial, gate=0, sparsity=0.0

--- Training ---
base_lr    : 0.005
Stage1     : epochs=30, patience=15
Stage2     : epochs=3, patience=3, freeze_backbone=1
Stage3 FreDF: False
Stage3a    : epochs=12, patience=6
Stage3b    : epochs=20, patience=10, freq×0.67 model×0.33 mrt×0.10
============================================================

============================================================
STAGE 1: Train MRT only (freq_layers=0)
============================================================
train 33745
val 10801
test 10801
    iters: 100, epoch: 1 | loss: 0.5191592 | speed: 0.0336s/iter; left: 129s
Epoch: 1, Steps: 131 | Train: 0.5941881 Vali: 0.2906349 Test: 0.4122788
Validation loss decreased (inf --> 0.290635).  Saving model ...
Updating learning rate to 0.005
    iters: 100, epoch: 2 | loss: 0.5323145 | speed: 0.0286s/iter; left: 106s
Epoch: 2, Steps: 131 | Train: 0.5776860 Vali: 0.2813978 Test: 0.4011934
Validation loss decreased (0.290635 --> 0.281398).  Saving model ...
Updating learning rate to 0.005
    iters: 100, epoch: 3 | loss: 0.4333897 | speed: 0.0284s/iter; left: 101s
Epoch: 3, Steps: 131 | Train: 0.5532714 Vali: 0.2774570 Test: 0.3871726
Validation loss decreased (0.281398 --> 0.277457).  Saving model ...
Updating learning rate to 0.005
    iters: 100, epoch: 4 | loss: 0.5489210 | speed: 0.0257s/iter; left: 88s
Epoch: 4, Steps: 131 | Train: 0.5423676 Vali: 0.2893561 Test: 0.3911260
EarlyStopping counter: 1 out of 15
Updating learning rate to 0.004
    iters: 100, epoch: 5 | loss: 0.4733716 | speed: 0.0210s/iter; left: 69s
Epoch: 5, Steps: 131 | Train: 0.5218365 Vali: 0.2961835 Test: 0.3940109
EarlyStopping counter: 2 out of 15
Updating learning rate to 0.0032000000000000006
    iters: 100, epoch: 6 | loss: 0.4409864 | speed: 0.0206s/iter; left: 65s
Epoch: 6, Steps: 131 | Train: 0.5094089 Vali: 0.2937575 Test: 0.3963065
EarlyStopping counter: 3 out of 15
Updating learning rate to 0.0025600000000000006
    iters: 100, epoch: 7 | loss: 0.4517681 | speed: 0.0206s/iter; left: 63s
Epoch: 7, Steps: 131 | Train: 0.5003482 Vali: 0.2952519 Test: 0.3949259
EarlyStopping counter: 4 out of 15
Updating learning rate to 0.0020480000000000003
    iters: 100, epoch: 8 | loss: 0.5382397 | speed: 0.0193s/iter; left: 56s
Epoch: 8, Steps: 131 | Train: 0.4898452 Vali: 0.3005961 Test: 0.4007778
EarlyStopping counter: 5 out of 15
Updating learning rate to 0.0016384000000000004
    iters: 100, epoch: 9 | loss: 0.5071246 | speed: 0.0207s/iter; left: 58s
Epoch: 9, Steps: 131 | Train: 0.4785913 Vali: 0.3128091 Test: 0.4087622
EarlyStopping counter: 6 out of 15
Updating learning rate to 0.0013107200000000005
    iters: 100, epoch: 10 | loss: 0.4350652 | speed: 0.0270s/iter; left: 72s
Epoch: 10, Steps: 131 | Train: 0.4718199 Vali: 0.3060400 Test: 0.4066998
EarlyStopping counter: 7 out of 15
Updating learning rate to 0.0010485760000000005
    iters: 100, epoch: 11 | loss: 0.3885285 | speed: 0.0227s/iter; left: 57s
Epoch: 11, Steps: 131 | Train: 0.4666745 Vali: 0.3097609 Test: 0.4105780
EarlyStopping counter: 8 out of 15
Updating learning rate to 0.0008388608000000005
    iters: 100, epoch: 12 | loss: 0.3971797 | speed: 0.0226s/iter; left: 54s
Epoch: 12, Steps: 131 | Train: 0.4607108 Vali: 0.3165940 Test: 0.4149226
EarlyStopping counter: 9 out of 15
Updating learning rate to 0.0006710886400000003
    iters: 100, epoch: 13 | loss: 0.4504681 | speed: 0.0203s/iter; left: 46s
Epoch: 13, Steps: 131 | Train: 0.4577427 Vali: 0.3151149 Test: 0.4149582
EarlyStopping counter: 10 out of 15
Updating learning rate to 0.0005368709120000003
    iters: 100, epoch: 14 | loss: 0.5460001 | speed: 0.0220s/iter; left: 47s
Epoch: 14, Steps: 131 | Train: 0.4545500 Vali: 0.3145732 Test: 0.4157859
EarlyStopping counter: 11 out of 15
Updating learning rate to 0.0004294967296000003
    iters: 100, epoch: 15 | loss: 0.4301633 | speed: 0.0223s/iter; left: 45s
Epoch: 15, Steps: 131 | Train: 0.4526930 Vali: 0.3163649 Test: 0.4173601
EarlyStopping counter: 12 out of 15
Updating learning rate to 0.0003435973836800002
    iters: 100, epoch: 16 | loss: 0.4505580 | speed: 0.0210s/iter; left: 39s
Epoch: 16, Steps: 131 | Train: 0.4504427 Vali: 0.3159015 Test: 0.4167828
EarlyStopping counter: 13 out of 15
Updating learning rate to 0.0002748779069440002
    iters: 100, epoch: 17 | loss: 0.4414680 | speed: 0.0209s/iter; left: 36s
Epoch: 17, Steps: 131 | Train: 0.4488835 Vali: 0.3179140 Test: 0.4183152
EarlyStopping counter: 14 out of 15
Updating learning rate to 0.00021990232555520019
    iters: 100, epoch: 18 | loss: 0.4381430 | speed: 0.0217s/iter; left: 35s
Epoch: 18, Steps: 131 | Train: 0.4473996 Vali: 0.3173249 Test: 0.4178362
EarlyStopping counter: 15 out of 15
Early stopping at epoch 18
STAGE 1 RESULT: mse=0.3806, mae=0.3849, smape=57.0626

============================================================
STAGE 2: Load MRT + add Freq branch (frozen backbone/MRT/cycle, max_epochs=3, patience=3)
============================================================
train 33745
val 10801
test 10801
Loaded 10 params from stage1, 0 new (Freq branch)
Trainable: 344 / 420,125 (0.1%)  freeze_backbone=1
    iters: 100, epoch: 1 | loss: 0.4825171 | speed: 0.0219s/iter; left: 6s
Epoch: 1, Train: 0.5395435 Vali: 0.2772030
[diag s2-1]  freq.rs=-0.0066 mask.mean=0.437 mask.std=0.141  mrt.rs=+0.4662
Validation loss decreased (inf --> 0.277203).  Saving model ...
    iters: 100, epoch: 2 | loss: 0.6012283 | speed: 0.0190s/iter; left: 3s
Epoch: 2, Train: 0.5390017 Vali: 0.2772779
[diag s2-2]  freq.rs=-0.0108 mask.mean=0.437 mask.std=0.141  mrt.rs=+0.4662
EarlyStopping counter: 1 out of 3
    iters: 100, epoch: 3 | loss: 0.5133552 | speed: 0.0207s/iter; left: 1s
Epoch: 3, Train: 0.5387214 Vali: 0.2771608
[diag s2-3]  freq.rs=-0.0154 mask.mean=0.436 mask.std=0.141  mrt.rs=+0.4662
Validation loss decreased (0.277203 --> 0.277161).  Saving model ...
STAGE 2 complete.

============================================================
SKIPPING Stage 3a (--no_stage3a): Stage 2 -> Stage 3b directly
============================================================

============================================================
STAGE 3b: Unfreeze all, group-wise LR (base=0.001500, max_epochs=20, patience=10) (pure MSE)
  LR groups: freq/gate ×0.67, model ×0.33, mrt/cycle ×0.10
============================================================
train 33745
val 10801
test 10801
Loaded stage3a checkpoint, unfreezing all parameters.
  Group freq/gate: 344 params, LR=0.001005
  Group model: 419,024 params, LR=0.000495
  Group mrt/cycle: 757 params, LR=0.000150
    iters: 100, epoch: 1 | loss: 0.5003912 | speed: 0.0248s/iter; left: 62s
Epoch: 1, Steps: 131 | Train: 0.5381135 Vali: 0.2763951 Test: 0.3861165
[diag 3b-1]  freq.rs=-0.0159 mask.mean=0.436 mask.std=0.141  mrt.rs=+0.4669
Validation loss decreased (inf --> 0.276395).  Saving model ...
Updating learning rate to 0.005
    iters: 100, epoch: 2 | loss: 0.4386178 | speed: 0.0257s/iter; left: 61s
Epoch: 2, Steps: 131 | Train: 0.5334164 Vali: 0.2885495 Test: 0.3891666
[diag 3b-2]  freq.rs=-0.2050 mask.mean=0.447 mask.std=0.163  mrt.rs=+0.5152
EarlyStopping counter: 1 out of 10
Updating learning rate to 0.005
    iters: 100, epoch: 3 | loss: 0.6001021 | speed: 0.0242s/iter; left: 55s
Epoch: 3, Steps: 131 | Train: 0.5154736 Vali: 0.3094480 Test: 0.4059294
[diag 3b-3]  freq.rs=-0.3569 mask.mean=0.457 mask.std=0.190  mrt.rs=+0.5070
EarlyStopping counter: 2 out of 10
Updating learning rate to 0.005
    iters: 100, epoch: 4 | loss: 0.4446249 | speed: 0.0238s/iter; left: 51s
Epoch: 4, Steps: 131 | Train: 0.5054173 Vali: 0.2925343 Test: 0.3980335
[diag 3b-4]  freq.rs=-0.4330 mask.mean=0.460 mask.std=0.213  mrt.rs=+0.5158
EarlyStopping counter: 3 out of 10
Updating learning rate to 0.004
    iters: 100, epoch: 5 | loss: 0.3904145 | speed: 0.0237s/iter; left: 47s
Epoch: 5, Steps: 131 | Train: 0.4899401 Vali: 0.3138240 Test: 0.4123212
[diag 3b-5]  freq.rs=-0.4849 mask.mean=0.463 mask.std=0.228  mrt.rs=+0.5089
EarlyStopping counter: 4 out of 10
Updating learning rate to 0.0032000000000000006
    iters: 100, epoch: 6 | loss: 0.5215258 | speed: 0.0240s/iter; left: 45s
Epoch: 6, Steps: 131 | Train: 0.4741108 Vali: 0.3088730 Test: 0.4101030
[diag 3b-6]  freq.rs=-0.4916 mask.mean=0.463 mask.std=0.233  mrt.rs=+0.5137
EarlyStopping counter: 5 out of 10
Updating learning rate to 0.0025600000000000006
    iters: 100, epoch: 7 | loss: 0.3823937 | speed: 0.0235s/iter; left: 41s
Epoch: 7, Steps: 131 | Train: 0.4623055 Vali: 0.3167506 Test: 0.4192688
[diag 3b-7]  freq.rs=-0.4974 mask.mean=0.462 mask.std=0.237  mrt.rs=+0.5106
EarlyStopping counter: 6 out of 10
Updating learning rate to 0.0020480000000000003
    iters: 100, epoch: 8 | loss: 0.5320801 | speed: 0.0280s/iter; left: 45s
Epoch: 8, Steps: 131 | Train: 0.4524765 Vali: 0.3223344 Test: 0.4243424
[diag 3b-8]  freq.rs=-0.4894 mask.mean=0.462 mask.std=0.239  mrt.rs=+0.5079
EarlyStopping counter: 7 out of 10
Updating learning rate to 0.0016384000000000004
    iters: 100, epoch: 9 | loss: 0.3793443 | speed: 0.0274s/iter; left: 40s
Epoch: 9, Steps: 131 | Train: 0.4457511 Vali: 0.3179263 Test: 0.4229986
[diag 3b-9]  freq.rs=-0.4830 mask.mean=0.461 mask.std=0.241  mrt.rs=+0.5075
EarlyStopping counter: 8 out of 10
Updating learning rate to 0.0013107200000000005
    iters: 100, epoch: 10 | loss: 0.4904072 | speed: 0.0289s/iter; left: 39s
Epoch: 10, Steps: 131 | Train: 0.4397400 Vali: 0.3203463 Test: 0.4249535
[diag 3b-10]  freq.rs=-0.4779 mask.mean=0.460 mask.std=0.242  mrt.rs=+0.5059
EarlyStopping counter: 9 out of 10
Updating learning rate to 0.0010485760000000005
    iters: 100, epoch: 11 | loss: 0.4805683 | speed: 0.0269s/iter; left: 33s
Epoch: 11, Steps: 131 | Train: 0.4341326 Vali: 0.3258714 Test: 0.4303115
[diag 3b-11]  freq.rs=-0.4741 mask.mean=0.459 mask.std=0.243  mrt.rs=+0.5040
EarlyStopping counter: 10 out of 10
Early stopping at epoch 11

============================================================
FINAL RESULT (Stage 3b): mse=0.3796, mae=0.3842, smape=56.9317
============================================================
[diag 3b-final]  freq.rs=-0.0159 mask.mean=0.436 mask.std=0.141  mrt.rs=+0.4669
