============================================================
CONFIGURATION
============================================================
Device     : cuda:0
Dataset    : ettm2
Pred len   : 96
Seed       : 2024

--- Data ---
enc_in     : 7
seq_len    : 96
cycle      : 96
use_revin  : 1
batch_size : 256

--- Model ---
model_type : mlp
d_model    : 512
mrt_layers : 1
freq_layers: 0
fusion     : mode=serial, gate=0, sparsity=0.0

--- Training ---
base_lr    : 0.005
Stage1     : epochs=30, patience=15
Stage2     : epochs=3, patience=3, freeze_backbone=1
Stage3     : SKIPPED (stage2_only)
============================================================

============================================================
STAGE 1: Train MRT only (freq_layers=0)
============================================================
train 34369
val 11425
test 11425
    iters: 100, epoch: 1 | loss: 0.3065302 | speed: 0.0370s/iter; left: 145s
Epoch: 1, Steps: 134 | Train: 0.2582052 Vali: 0.1297999 Test: 0.1850648
Validation loss decreased (inf --> 0.129800).  Saving model ...
Updating learning rate to 0.005
    iters: 100, epoch: 2 | loss: 0.2410429 | speed: 0.0195s/iter; left: 74s
Epoch: 2, Steps: 134 | Train: 0.2304140 Vali: 0.1199547 Test: 0.1686397
Validation loss decreased (0.129800 --> 0.119955).  Saving model ...
Updating learning rate to 0.005
    iters: 100, epoch: 3 | loss: 0.1573712 | speed: 0.0224s/iter; left: 82s
Epoch: 3, Steps: 134 | Train: 0.2134533 Vali: 0.1196109 Test: 0.1647817
Validation loss decreased (0.119955 --> 0.119611).  Saving model ...
Updating learning rate to 0.005
    iters: 100, epoch: 4 | loss: 0.1880987 | speed: 0.0216s/iter; left: 76s
Epoch: 4, Steps: 134 | Train: 0.2070700 Vali: 0.1171503 Test: 0.1624203
Validation loss decreased (0.119611 --> 0.117150).  Saving model ...
Updating learning rate to 0.004
    iters: 100, epoch: 5 | loss: 0.2393136 | speed: 0.0230s/iter; left: 78s
Epoch: 5, Steps: 134 | Train: 0.2020289 Vali: 0.1198778 Test: 0.1639232
EarlyStopping counter: 1 out of 15
Updating learning rate to 0.0032000000000000006
    iters: 100, epoch: 6 | loss: 0.2185768 | speed: 0.0199s/iter; left: 65s
Epoch: 6, Steps: 134 | Train: 0.1962261 Vali: 0.1224918 Test: 0.1628180
EarlyStopping counter: 2 out of 15
Updating learning rate to 0.0025600000000000006
    iters: 100, epoch: 7 | loss: 0.1888367 | speed: 0.0203s/iter; left: 63s
Epoch: 7, Steps: 134 | Train: 0.1912370 Vali: 0.1273759 Test: 0.1648756
EarlyStopping counter: 3 out of 15
Updating learning rate to 0.0020480000000000003
    iters: 100, epoch: 8 | loss: 0.2115910 | speed: 0.0201s/iter; left: 60s
Epoch: 8, Steps: 134 | Train: 0.1853035 Vali: 0.1288228 Test: 0.1657464
EarlyStopping counter: 4 out of 15
Updating learning rate to 0.0016384000000000004
    iters: 100, epoch: 9 | loss: 0.2095767 | speed: 0.0197s/iter; left: 56s
Epoch: 9, Steps: 134 | Train: 0.1814587 Vali: 0.1330736 Test: 0.1678466
EarlyStopping counter: 5 out of 15
Updating learning rate to 0.0013107200000000005
    iters: 100, epoch: 10 | loss: 0.1912382 | speed: 0.0211s/iter; left: 57s
Epoch: 10, Steps: 134 | Train: 0.1771427 Vali: 0.1337762 Test: 0.1690118
EarlyStopping counter: 6 out of 15
Updating learning rate to 0.0010485760000000005
    iters: 100, epoch: 11 | loss: 0.1474037 | speed: 0.0207s/iter; left: 53s
Epoch: 11, Steps: 134 | Train: 0.1737267 Vali: 0.1345145 Test: 0.1697036
EarlyStopping counter: 7 out of 15
Updating learning rate to 0.0008388608000000005
    iters: 100, epoch: 12 | loss: 0.1676004 | speed: 0.0197s/iter; left: 48s
Epoch: 12, Steps: 134 | Train: 0.1710448 Vali: 0.1362536 Test: 0.1700235
EarlyStopping counter: 8 out of 15
Updating learning rate to 0.0006710886400000003
    iters: 100, epoch: 13 | loss: 0.1583069 | speed: 0.0201s/iter; left: 47s
Epoch: 13, Steps: 134 | Train: 0.1690001 Vali: 0.1369800 Test: 0.1707310
EarlyStopping counter: 9 out of 15
Updating learning rate to 0.0005368709120000003
    iters: 100, epoch: 14 | loss: 0.1658739 | speed: 0.0220s/iter; left: 48s
Epoch: 14, Steps: 134 | Train: 0.1671651 Vali: 0.1367181 Test: 0.1712099
EarlyStopping counter: 10 out of 15
Updating learning rate to 0.0004294967296000003
    iters: 100, epoch: 15 | loss: 0.1535984 | speed: 0.0237s/iter; left: 49s
Epoch: 15, Steps: 134 | Train: 0.1660264 Vali: 0.1388682 Test: 0.1717497
EarlyStopping counter: 11 out of 15
Updating learning rate to 0.0003435973836800002
    iters: 100, epoch: 16 | loss: 0.1376956 | speed: 0.0205s/iter; left: 39s
Epoch: 16, Steps: 134 | Train: 0.1647261 Vali: 0.1394921 Test: 0.1724612
EarlyStopping counter: 12 out of 15
Updating learning rate to 0.0002748779069440002
    iters: 100, epoch: 17 | loss: 0.1671358 | speed: 0.0206s/iter; left: 37s
Epoch: 17, Steps: 134 | Train: 0.1637050 Vali: 0.1400935 Test: 0.1727555
EarlyStopping counter: 13 out of 15
Updating learning rate to 0.00021990232555520019
    iters: 100, epoch: 18 | loss: 0.2047258 | speed: 0.0215s/iter; left: 35s
Epoch: 18, Steps: 134 | Train: 0.1632156 Vali: 0.1403274 Test: 0.1729481
EarlyStopping counter: 14 out of 15
Updating learning rate to 0.00017592186044416015
    iters: 100, epoch: 19 | loss: 0.1720676 | speed: 0.0209s/iter; left: 32s
Epoch: 19, Steps: 134 | Train: 0.1626671 Vali: 0.1401377 Test: 0.1731042
EarlyStopping counter: 15 out of 15
Early stopping at epoch 19
STAGE 1 RESULT: mse=0.1631, mae=0.2458, smape=41.7864

============================================================
STAGE 2: Load MRT + add Freq branch (frozen backbone/MRT/cycle, max_epochs=3, patience=3)
============================================================
train 34369
val 11425
test 11425
Loaded 10 params from stage1, 0 new (Freq branch)
Trainable: 344 / 100,013 (0.3%)  freeze_backbone=1
    iters: 100, epoch: 1 | loss: 0.4416655 | speed: 0.0197s/iter; left: 6s
Epoch: 1, Train: 0.5076791 Vali: 0.1169154
[diag s2-1]  freq.rs=-0.0212 mask.mean=0.440 mask.std=0.142  mrt.rs=+0.4168
Validation loss decreased (inf --> 0.116915).  Saving model ...
    iters: 100, epoch: 2 | loss: 0.4957144 | speed: 0.0198s/iter; left: 3s
Epoch: 2, Train: 0.5075340 Vali: 0.1170175
[diag s2-2]  freq.rs=-0.0415 mask.mean=0.444 mask.std=0.143  mrt.rs=+0.4168
EarlyStopping counter: 1 out of 3
    iters: 100, epoch: 3 | loss: 0.4844776 | speed: 0.0195s/iter; left: 1s
Epoch: 3, Train: 0.5072703 Vali: 0.1166598
[diag s2-3]  freq.rs=-0.0606 mask.mean=0.447 mask.std=0.143  mrt.rs=+0.4168
Validation loss decreased (0.116915 --> 0.116660).  Saving model ...
STAGE 2 complete.

============================================================
STAGE 2 ONLY: Testing from Stage 2 checkpoint
============================================================
train 34369
val 11425
test 11425
[diag stage2-final]  freq.rs=-0.0606 mask.mean=0.447 mask.std=0.143  mrt.rs=+0.4168

============================================================
FINAL RESULT (Stage 2 only): mse=0.1627, mae=0.2455, smape=41.7499
============================================================
