============================================================
CONFIGURATION
============================================================
Device     : cuda:0
Dataset    : ettm2
Pred len   : 192
Seed       : 2024

--- Data ---
enc_in     : 7
seq_len    : 96
cycle      : 96
use_revin  : 1
batch_size : 256

--- Model ---
model_type : mlp
d_model    : 512
mrt_layers : 1
freq_layers: 0
fusion     : mode=serial, gate=0, sparsity=0.0

--- Training ---
base_lr    : 0.005
Stage1     : epochs=30, patience=15
Stage2     : epochs=3, patience=3, freeze_backbone=1
Stage3 FreDF: False
Stage3a    : epochs=12, patience=6
Stage3b    : epochs=20, patience=10, freq×0.67 model×0.33 mrt×0.10
============================================================

============================================================
STAGE 1: Train MRT only (freq_layers=0)
============================================================
train 34273
val 11329
test 11329
    iters: 100, epoch: 1 | loss: 0.3285691 | speed: 0.0346s/iter; left: 135s
Epoch: 1, Steps: 133 | Train: 0.3503935 Vali: 0.1738490 Test: 0.2471536
Validation loss decreased (inf --> 0.173849).  Saving model ...
Updating learning rate to 0.005
    iters: 100, epoch: 2 | loss: 0.2477745 | speed: 0.0221s/iter; left: 83s
Epoch: 2, Steps: 133 | Train: 0.3264308 Vali: 0.1635647 Test: 0.2311424
Validation loss decreased (0.173849 --> 0.163565).  Saving model ...
Updating learning rate to 0.005
    iters: 100, epoch: 3 | loss: 0.2661471 | speed: 0.0224s/iter; left: 81s
Epoch: 3, Steps: 133 | Train: 0.3077395 Vali: 0.1613323 Test: 0.2254620
Validation loss decreased (0.163565 --> 0.161332).  Saving model ...
Updating learning rate to 0.005
    iters: 100, epoch: 4 | loss: 0.3486378 | speed: 0.0259s/iter; left: 91s
Epoch: 4, Steps: 133 | Train: 0.2992981 Vali: 0.1624365 Test: 0.2276370
EarlyStopping counter: 1 out of 15
Updating learning rate to 0.004
    iters: 100, epoch: 5 | loss: 0.2667758 | speed: 0.0225s/iter; left: 76s
Epoch: 5, Steps: 133 | Train: 0.2957920 Vali: 0.1710816 Test: 0.2284223
EarlyStopping counter: 2 out of 15
Updating learning rate to 0.0032000000000000006
    iters: 100, epoch: 6 | loss: 0.2371198 | speed: 0.0230s/iter; left: 74s
Epoch: 6, Steps: 133 | Train: 0.2846444 Vali: 0.1746900 Test: 0.2282487
EarlyStopping counter: 3 out of 15
Updating learning rate to 0.0025600000000000006
    iters: 100, epoch: 7 | loss: 0.2478559 | speed: 0.0220s/iter; left: 68s
Epoch: 7, Steps: 133 | Train: 0.2730877 Vali: 0.1791567 Test: 0.2319741
EarlyStopping counter: 4 out of 15
Updating learning rate to 0.0020480000000000003
    iters: 100, epoch: 8 | loss: 0.2691298 | speed: 0.0200s/iter; left: 59s
Epoch: 8, Steps: 133 | Train: 0.2652777 Vali: 0.1865450 Test: 0.2360966
EarlyStopping counter: 5 out of 15
Updating learning rate to 0.0016384000000000004
    iters: 100, epoch: 9 | loss: 0.2288825 | speed: 0.0261s/iter; left: 74s
Epoch: 9, Steps: 133 | Train: 0.2585793 Vali: 0.1916171 Test: 0.2385928
EarlyStopping counter: 6 out of 15
Updating learning rate to 0.0013107200000000005
    iters: 100, epoch: 10 | loss: 0.2604860 | speed: 0.0223s/iter; left: 60s
Epoch: 10, Steps: 133 | Train: 0.2529944 Vali: 0.1933424 Test: 0.2405101
EarlyStopping counter: 7 out of 15
Updating learning rate to 0.0010485760000000005
    iters: 100, epoch: 11 | loss: 0.1994797 | speed: 0.0211s/iter; left: 54s
Epoch: 11, Steps: 133 | Train: 0.2480897 Vali: 0.1953925 Test: 0.2424700
EarlyStopping counter: 8 out of 15
Updating learning rate to 0.0008388608000000005
    iters: 100, epoch: 12 | loss: 0.2487377 | speed: 0.0215s/iter; left: 52s
Epoch: 12, Steps: 133 | Train: 0.2450069 Vali: 0.1970367 Test: 0.2438715
EarlyStopping counter: 9 out of 15
Updating learning rate to 0.0006710886400000003
    iters: 100, epoch: 13 | loss: 0.2159772 | speed: 0.0220s/iter; left: 50s
Epoch: 13, Steps: 133 | Train: 0.2420267 Vali: 0.1980507 Test: 0.2445468
EarlyStopping counter: 10 out of 15
Updating learning rate to 0.0005368709120000003
    iters: 100, epoch: 14 | loss: 0.2389275 | speed: 0.0275s/iter; left: 59s
Epoch: 14, Steps: 133 | Train: 0.2397583 Vali: 0.2009806 Test: 0.2463771
EarlyStopping counter: 11 out of 15
Updating learning rate to 0.0004294967296000003
    iters: 100, epoch: 15 | loss: 0.1912489 | speed: 0.0226s/iter; left: 46s
Epoch: 15, Steps: 133 | Train: 0.2384542 Vali: 0.2005835 Test: 0.2465329
EarlyStopping counter: 12 out of 15
Updating learning rate to 0.0003435973836800002
    iters: 100, epoch: 16 | loss: 0.2767820 | speed: 0.0220s/iter; left: 42s
Epoch: 16, Steps: 133 | Train: 0.2368509 Vali: 0.2019879 Test: 0.2477984
EarlyStopping counter: 13 out of 15
Updating learning rate to 0.0002748779069440002
    iters: 100, epoch: 17 | loss: 0.2601132 | speed: 0.0212s/iter; left: 37s
Epoch: 17, Steps: 133 | Train: 0.2357701 Vali: 0.2036529 Test: 0.2486134
EarlyStopping counter: 14 out of 15
Updating learning rate to 0.00021990232555520019
    iters: 100, epoch: 18 | loss: 0.1901373 | speed: 0.0235s/iter; left: 38s
Epoch: 18, Steps: 133 | Train: 0.2347922 Vali: 0.2030095 Test: 0.2486488
EarlyStopping counter: 15 out of 15
Early stopping at epoch 18
STAGE 1 RESULT: mse=0.2276, mae=0.2889, smape=46.4571

============================================================
STAGE 2: Load MRT + add Freq branch (frozen backbone/MRT/cycle, max_epochs=3, patience=3)
============================================================
train 34273
val 11329
test 11329
Loaded 10 params from stage1, 0 new (Freq branch)
Trainable: 344 / 149,261 (0.2%)  freeze_backbone=1
    iters: 100, epoch: 1 | loss: 0.3328147 | speed: 0.0221s/iter; left: 7s
Epoch: 1, Train: 0.3008120 Vali: 0.1616108
[diag s2-1]  freq.rs=+0.0176 mask.mean=0.439 mask.std=0.141  mrt.rs=+0.4310
Validation loss decreased (inf --> 0.161611).  Saving model ...
    iters: 100, epoch: 2 | loss: 0.2842033 | speed: 0.0195s/iter; left: 3s
Epoch: 2, Train: 0.3009083 Vali: 0.1615272
[diag s2-2]  freq.rs=+0.0335 mask.mean=0.441 mask.std=0.142  mrt.rs=+0.4310
Validation loss decreased (0.161611 --> 0.161527).  Saving model ...
    iters: 100, epoch: 3 | loss: 0.3695357 | speed: 0.0191s/iter; left: 1s
Epoch: 3, Train: 0.2997642 Vali: 0.1616147
[diag s2-3]  freq.rs=+0.0498 mask.mean=0.444 mask.std=0.142  mrt.rs=+0.4310
EarlyStopping counter: 1 out of 3
STAGE 2 complete.

============================================================
SKIPPING Stage 3a (--no_stage3a): Stage 2 -> Stage 3b directly
============================================================

============================================================
STAGE 3b: Unfreeze all, group-wise LR (base=0.001500, max_epochs=20, patience=10) (pure MSE)
  LR groups: freq/gate ×0.67, model ×0.33, mrt/cycle ×0.10
============================================================
train 34273
val 11329
test 11329
Loaded stage3a checkpoint, unfreezing all parameters.
  Group freq/gate: 344 params, LR=0.001005
  Group model: 148,160 params, LR=0.000495
  Group mrt/cycle: 757 params, LR=0.000150
    iters: 100, epoch: 1 | loss: 0.3121225 | speed: 0.0224s/iter; left: 57s
Epoch: 1, Steps: 133 | Train: 0.2986897 Vali: 0.1605600 Test: 0.2251206
[diag 3b-1]  freq.rs=+0.0367 mask.mean=0.442 mask.std=0.142  mrt.rs=+0.4276
Validation loss decreased (inf --> 0.160560).  Saving model ...
Updating learning rate to 0.005
    iters: 100, epoch: 2 | loss: 0.2941822 | speed: 0.0213s/iter; left: 52s
Epoch: 2, Steps: 133 | Train: 0.3009618 Vali: 0.1646402 Test: 0.2271236
[diag 3b-2]  freq.rs=-0.1348 mask.mean=0.448 mask.std=0.146  mrt.rs=+0.4564
EarlyStopping counter: 1 out of 10
Updating learning rate to 0.005
    iters: 100, epoch: 3 | loss: 0.2576579 | speed: 0.0268s/iter; left: 61s
Epoch: 3, Steps: 133 | Train: 0.2915657 Vali: 0.1752296 Test: 0.2302522
[diag 3b-3]  freq.rs=-0.2714 mask.mean=0.461 mask.std=0.163  mrt.rs=+0.4663
EarlyStopping counter: 2 out of 10
Updating learning rate to 0.005
    iters: 100, epoch: 4 | loss: 0.3328300 | speed: 0.0230s/iter; left: 50s
Epoch: 4, Steps: 133 | Train: 0.2812915 Vali: 0.1822376 Test: 0.2355080
[diag 3b-4]  freq.rs=-0.3963 mask.mean=0.474 mask.std=0.187  mrt.rs=+0.4757
EarlyStopping counter: 3 out of 10
Updating learning rate to 0.004
    iters: 100, epoch: 5 | loss: 0.2572347 | speed: 0.0226s/iter; left: 46s
Epoch: 5, Steps: 133 | Train: 0.2670631 Vali: 0.1945970 Test: 0.2407882
[diag 3b-5]  freq.rs=-0.4178 mask.mean=0.478 mask.std=0.205  mrt.rs=+0.4814
EarlyStopping counter: 4 out of 10
Updating learning rate to 0.0032000000000000006
    iters: 100, epoch: 6 | loss: 0.2026062 | speed: 0.0238s/iter; left: 45s
Epoch: 6, Steps: 133 | Train: 0.2549585 Vali: 0.1958880 Test: 0.2444135
[diag 3b-6]  freq.rs=-0.4384 mask.mean=0.480 mask.std=0.217  mrt.rs=+0.4793
EarlyStopping counter: 5 out of 10
Updating learning rate to 0.0025600000000000006
    iters: 100, epoch: 7 | loss: 0.2518266 | speed: 0.0283s/iter; left: 50s
Epoch: 7, Steps: 133 | Train: 0.2462531 Vali: 0.2008483 Test: 0.2473539
[diag 3b-7]  freq.rs=-0.4482 mask.mean=0.482 mask.std=0.224  mrt.rs=+0.4777
EarlyStopping counter: 6 out of 10
Updating learning rate to 0.0020480000000000003
    iters: 100, epoch: 8 | loss: 0.2301817 | speed: 0.0232s/iter; left: 38s
Epoch: 8, Steps: 133 | Train: 0.2385512 Vali: 0.2066990 Test: 0.2528989
[diag 3b-8]  freq.rs=-0.4436 mask.mean=0.482 mask.std=0.229  mrt.rs=+0.4772
EarlyStopping counter: 7 out of 10
Updating learning rate to 0.0016384000000000004
    iters: 100, epoch: 9 | loss: 0.2821803 | speed: 0.0233s/iter; left: 35s
Epoch: 9, Steps: 133 | Train: 0.2329309 Vali: 0.2094599 Test: 0.2532996
[diag 3b-9]  freq.rs=-0.4471 mask.mean=0.482 mask.std=0.233  mrt.rs=+0.4742
EarlyStopping counter: 8 out of 10
Updating learning rate to 0.0013107200000000005
    iters: 100, epoch: 10 | loss: 0.2683164 | speed: 0.0226s/iter; left: 31s
Epoch: 10, Steps: 133 | Train: 0.2287300 Vali: 0.2144058 Test: 0.2570968
[diag 3b-10]  freq.rs=-0.4395 mask.mean=0.481 mask.std=0.236  mrt.rs=+0.4721
EarlyStopping counter: 9 out of 10
Updating learning rate to 0.0010485760000000005
    iters: 100, epoch: 11 | loss: 0.2388127 | speed: 0.0244s/iter; left: 30s
Epoch: 11, Steps: 133 | Train: 0.2252599 Vali: 0.2143695 Test: 0.2569051
[diag 3b-11]  freq.rs=-0.4433 mask.mean=0.481 mask.std=0.238  mrt.rs=+0.4711
EarlyStopping counter: 10 out of 10
Early stopping at epoch 11

============================================================
FINAL RESULT (Stage 3b): mse=0.2272, mae=0.2890, smape=46.5083
============================================================
[diag 3b-final]  freq.rs=+0.0367 mask.mean=0.442 mask.std=0.142  mrt.rs=+0.4276
