============================================================
CONFIGURATION
============================================================
Device     : cuda:0
Dataset    : ettm2
Pred len   : 336
Seed       : 2024

--- Data ---
enc_in     : 7
seq_len    : 96
cycle      : 96
use_revin  : 1
batch_size : 256

--- Model ---
model_type : mlp
d_model    : 512
mrt_layers : 1
freq_layers: 0
fusion     : mode=serial, gate=0, sparsity=0.0

--- Training ---
base_lr    : 0.005
Stage1     : epochs=30, patience=15
Stage2     : epochs=3, patience=3, freeze_backbone=1
Stage3 FreDF: True
Stage3a    : epochs=12, patience=6
Stage3b    : epochs=20, patience=10, freq×0.67 model×0.33 mrt×0.10
============================================================

============================================================
STAGE 1: Train MRT only (freq_layers=0)
============================================================
train 34129
val 11185
test 11185
    iters: 100, epoch: 1 | loss: 0.5884538 | speed: 0.0395s/iter; left: 154s
Epoch: 1, Steps: 133 | Train: 0.4514566 Vali: 0.2218349 Test: 0.3084316
Validation loss decreased (inf --> 0.221835).  Saving model ...
Updating learning rate to 0.005
    iters: 100, epoch: 2 | loss: 0.3015712 | speed: 0.0320s/iter; left: 120s
Epoch: 2, Steps: 133 | Train: 0.4296689 Vali: 0.2122982 Test: 0.2898176
Validation loss decreased (0.221835 --> 0.212298).  Saving model ...
Updating learning rate to 0.005
    iters: 100, epoch: 3 | loss: 0.3639676 | speed: 0.0316s/iter; left: 114s
Epoch: 3, Steps: 133 | Train: 0.4070214 Vali: 0.2067032 Test: 0.2826666
Validation loss decreased (0.212298 --> 0.206703).  Saving model ...
Updating learning rate to 0.005
    iters: 100, epoch: 4 | loss: 0.4230949 | speed: 0.0223s/iter; left: 78s
Epoch: 4, Steps: 133 | Train: 0.3967949 Vali: 0.2110243 Test: 0.2831511
EarlyStopping counter: 1 out of 15
Updating learning rate to 0.004
    iters: 100, epoch: 5 | loss: 0.4203492 | speed: 0.0288s/iter; left: 97s
Epoch: 5, Steps: 133 | Train: 0.3814964 Vali: 0.2274816 Test: 0.2869312
EarlyStopping counter: 2 out of 15
Updating learning rate to 0.0032000000000000006
    iters: 100, epoch: 6 | loss: 0.3945306 | speed: 0.0346s/iter; left: 112s
Epoch: 6, Steps: 133 | Train: 0.3648747 Vali: 0.2301186 Test: 0.2883690
EarlyStopping counter: 3 out of 15
Updating learning rate to 0.0025600000000000006
    iters: 100, epoch: 7 | loss: 0.3720461 | speed: 0.0249s/iter; left: 77s
Epoch: 7, Steps: 133 | Train: 0.3550947 Vali: 0.2381665 Test: 0.2913062
EarlyStopping counter: 4 out of 15
Updating learning rate to 0.0020480000000000003
    iters: 100, epoch: 8 | loss: 0.3229611 | speed: 0.0233s/iter; left: 69s
Epoch: 8, Steps: 133 | Train: 0.3465442 Vali: 0.2419013 Test: 0.2945971
EarlyStopping counter: 5 out of 15
Updating learning rate to 0.0016384000000000004
    iters: 100, epoch: 9 | loss: 0.2916701 | speed: 0.0230s/iter; left: 65s
Epoch: 9, Steps: 133 | Train: 0.3390596 Vali: 0.2447275 Test: 0.2966181
EarlyStopping counter: 6 out of 15
Updating learning rate to 0.0013107200000000005
    iters: 100, epoch: 10 | loss: 0.3545733 | speed: 0.0228s/iter; left: 61s
Epoch: 10, Steps: 133 | Train: 0.3333487 Vali: 0.2468061 Test: 0.2988059
EarlyStopping counter: 7 out of 15
Updating learning rate to 0.0010485760000000005
    iters: 100, epoch: 11 | loss: 0.3620555 | speed: 0.0213s/iter; left: 55s
Epoch: 11, Steps: 133 | Train: 0.3278755 Vali: 0.2504259 Test: 0.3006824
EarlyStopping counter: 8 out of 15
Updating learning rate to 0.0008388608000000005
    iters: 100, epoch: 12 | loss: 0.3132803 | speed: 0.0217s/iter; left: 53s
Epoch: 12, Steps: 133 | Train: 0.3238520 Vali: 0.2495708 Test: 0.3012499
EarlyStopping counter: 9 out of 15
Updating learning rate to 0.0006710886400000003
    iters: 100, epoch: 13 | loss: 0.2765814 | speed: 0.0233s/iter; left: 53s
Epoch: 13, Steps: 133 | Train: 0.3205575 Vali: 0.2512147 Test: 0.3028776
EarlyStopping counter: 10 out of 15
Updating learning rate to 0.0005368709120000003
    iters: 100, epoch: 14 | loss: 0.2990989 | speed: 0.0215s/iter; left: 47s
Epoch: 14, Steps: 133 | Train: 0.3179435 Vali: 0.2538569 Test: 0.3045119
EarlyStopping counter: 11 out of 15
Updating learning rate to 0.0004294967296000003
    iters: 100, epoch: 15 | loss: 0.2511393 | speed: 0.0223s/iter; left: 45s
Epoch: 15, Steps: 133 | Train: 0.3158808 Vali: 0.2547156 Test: 0.3056088
EarlyStopping counter: 12 out of 15
Updating learning rate to 0.0003435973836800002
    iters: 100, epoch: 16 | loss: 0.2732466 | speed: 0.0200s/iter; left: 38s
Epoch: 16, Steps: 133 | Train: 0.3139856 Vali: 0.2559976 Test: 0.3067320
EarlyStopping counter: 13 out of 15
Updating learning rate to 0.0002748779069440002
    iters: 100, epoch: 17 | loss: 0.3721013 | speed: 0.0215s/iter; left: 38s
Epoch: 17, Steps: 133 | Train: 0.3128682 Vali: 0.2552865 Test: 0.3064102
EarlyStopping counter: 14 out of 15
Updating learning rate to 0.00021990232555520019
    iters: 100, epoch: 18 | loss: 0.2585600 | speed: 0.0216s/iter; left: 35s
Epoch: 18, Steps: 133 | Train: 0.3115349 Vali: 0.2561623 Test: 0.3078878
EarlyStopping counter: 15 out of 15
Early stopping at epoch 18
STAGE 1 RESULT: mse=0.2840, mae=0.3278, smape=50.7667

============================================================
STAGE 2: Load MRT + add Freq branch (frozen backbone/MRT/cycle, max_epochs=3, patience=3)
============================================================
train 34129
val 11185
test 11185
Loaded 10 params from stage1, 0 new (Freq branch)
Trainable: 344 / 223,133 (0.2%)  freeze_backbone=1
    iters: 100, epoch: 1 | loss: 0.9660518 | speed: 0.0334s/iter; left: 10s
Epoch: 1, Train: 1.0088468 Vali: 0.2064099
[diag s2-1]  freq.rs=+0.0174 mask.mean=0.439 mask.std=0.141  mrt.rs=+0.4677
Validation loss decreased (inf --> 0.206410).  Saving model ...
    iters: 100, epoch: 2 | loss: 0.9940389 | speed: 0.0326s/iter; left: 5s
Epoch: 2, Train: 1.0089258 Vali: 0.2067743
[diag s2-2]  freq.rs=+0.0359 mask.mean=0.440 mask.std=0.141  mrt.rs=+0.4677
EarlyStopping counter: 1 out of 3
    iters: 100, epoch: 3 | loss: 1.1802117 | speed: 0.0269s/iter; left: 1s
Epoch: 3, Train: 1.0082062 Vali: 0.2066991
[diag s2-3]  freq.rs=+0.0542 mask.mean=0.441 mask.std=0.141  mrt.rs=+0.4677
EarlyStopping counter: 2 out of 3
STAGE 2 complete.

============================================================
SKIPPING Stage 3a (--no_stage3a): Stage 2 -> Stage 3b directly
============================================================

============================================================
STAGE 3b: Unfreeze all, group-wise LR (base=0.001500, max_epochs=20, patience=10) + FreDF(α=0.8)
  LR groups: freq/gate ×0.67, model ×0.33, mrt/cycle ×0.10
============================================================
train 34129
val 11185
test 11185
Loaded stage3a checkpoint, unfreezing all parameters.
  Group freq/gate: 344 params, LR=0.001005
  Group model: 222,032 params, LR=0.000495
  Group mrt/cycle: 757 params, LR=0.000150
    iters: 100, epoch: 1 | loss: 0.9860269 | speed: 0.0342s/iter; left: 88s
Epoch: 1, Steps: 133 | Train: 1.0042043 Vali: 0.2068028 Test: 0.2814205
[diag 3b-1]  freq.rs=+0.0207 mask.mean=0.439 mask.std=0.141  mrt.rs=+0.4632
Validation loss decreased (inf --> 0.206803).  Saving model ...
Updating learning rate to 0.005
    iters: 100, epoch: 2 | loss: 1.0895040 | speed: 0.0333s/iter; left: 81s
Epoch: 2, Steps: 133 | Train: 1.0003239 Vali: 0.2090308 Test: 0.2798139
[diag 3b-2]  freq.rs=-0.2206 mask.mean=0.452 mask.std=0.159  mrt.rs=+0.4853
EarlyStopping counter: 1 out of 10
Updating learning rate to 0.005
    iters: 100, epoch: 3 | loss: 0.9959431 | speed: 0.0345s/iter; left: 79s
Epoch: 3, Steps: 133 | Train: 0.9879552 Vali: 0.2185685 Test: 0.2816246
[diag 3b-3]  freq.rs=-0.3836 mask.mean=0.474 mask.std=0.192  mrt.rs=+0.4953
EarlyStopping counter: 2 out of 10
Updating learning rate to 0.005
    iters: 100, epoch: 4 | loss: 1.0283384 | speed: 0.0345s/iter; left: 75s
Epoch: 4, Steps: 133 | Train: 0.9813095 Vali: 0.2172305 Test: 0.2809352
[diag 3b-4]  freq.rs=-0.5287 mask.mean=0.495 mask.std=0.215  mrt.rs=+0.5044
EarlyStopping counter: 3 out of 10
Updating learning rate to 0.004
    iters: 100, epoch: 5 | loss: 0.9838188 | speed: 0.0341s/iter; left: 69s
Epoch: 5, Steps: 133 | Train: 0.9676872 Vali: 0.2233494 Test: 0.2829005
[diag 3b-5]  freq.rs=-0.5604 mask.mean=0.501 mask.std=0.226  mrt.rs=+0.4980
EarlyStopping counter: 4 out of 10
Updating learning rate to 0.0032000000000000006
    iters: 100, epoch: 6 | loss: 0.9505950 | speed: 0.0353s/iter; left: 67s
Epoch: 6, Steps: 133 | Train: 0.9586652 Vali: 0.2377014 Test: 0.2948215
[diag 3b-6]  freq.rs=-0.5622 mask.mean=0.504 mask.std=0.233  mrt.rs=+0.4962
EarlyStopping counter: 5 out of 10
Updating learning rate to 0.0025600000000000006
    iters: 100, epoch: 7 | loss: 0.9769465 | speed: 0.0256s/iter; left: 45s
Epoch: 7, Steps: 133 | Train: 0.9485320 Vali: 0.2285143 Test: 0.2867932
[diag 3b-7]  freq.rs=-0.5693 mask.mean=0.505 mask.std=0.238  mrt.rs=+0.5003
EarlyStopping counter: 6 out of 10
Updating learning rate to 0.0020480000000000003
    iters: 100, epoch: 8 | loss: 0.9561642 | speed: 0.0249s/iter; left: 41s
Epoch: 8, Steps: 133 | Train: 0.9403649 Vali: 0.2346793 Test: 0.2913688
[diag 3b-8]  freq.rs=-0.5626 mask.mean=0.505 mask.std=0.242  mrt.rs=+0.4956
EarlyStopping counter: 7 out of 10
Updating learning rate to 0.0016384000000000004
    iters: 100, epoch: 9 | loss: 0.9169029 | speed: 0.0244s/iter; left: 37s
Epoch: 9, Steps: 133 | Train: 0.9334784 Vali: 0.2354376 Test: 0.2927015
[diag 3b-9]  freq.rs=-0.5538 mask.mean=0.504 mask.std=0.245  mrt.rs=+0.4951
EarlyStopping counter: 8 out of 10
Updating learning rate to 0.0013107200000000005
    iters: 100, epoch: 10 | loss: 0.9034358 | speed: 0.0265s/iter; left: 36s
Epoch: 10, Steps: 133 | Train: 0.9279126 Vali: 0.2349490 Test: 0.2949414
[diag 3b-10]  freq.rs=-0.5457 mask.mean=0.503 mask.std=0.247  mrt.rs=+0.4942
EarlyStopping counter: 9 out of 10
Updating learning rate to 0.0010485760000000005
    iters: 100, epoch: 11 | loss: 0.8691351 | speed: 0.0263s/iter; left: 32s
Epoch: 11, Steps: 133 | Train: 0.9233813 Vali: 0.2354752 Test: 0.2946913
[diag 3b-11]  freq.rs=-0.5376 mask.mean=0.502 mask.std=0.249  mrt.rs=+0.4928
EarlyStopping counter: 10 out of 10
Early stopping at epoch 11

============================================================
FINAL RESULT (Stage 3b): mse=0.2827, mae=0.3255, smape=50.5362
============================================================
[diag 3b-final]  freq.rs=+0.0207 mask.mean=0.439 mask.std=0.141  mrt.rs=+0.4632
