============================================================
CONFIGURATION
============================================================
Device     : cuda:0
Dataset    : ettm2
Pred len   : 720
Seed       : 2024

--- Data ---
enc_in     : 7
seq_len    : 96
cycle      : 96
use_revin  : 1
batch_size : 256

--- Model ---
model_type : mlp
d_model    : 512
mrt_layers : 1
freq_layers: 0
fusion     : mode=serial, gate=0, sparsity=0.0

--- Training ---
base_lr    : 0.005
Stage1     : epochs=30, patience=15
Stage2     : epochs=3, patience=3, freeze_backbone=0
Stage3     : SKIPPED (stage2_only)
============================================================

============================================================
STAGE 1: Train MRT only (freq_layers=0)
============================================================
train 33745
val 10801
test 10801
    iters: 100, epoch: 1 | loss: 0.5191592 | speed: 0.0358s/iter; left: 137s
Epoch: 1, Steps: 131 | Train: 0.5941881 Vali: 0.2906349 Test: 0.4122788
Validation loss decreased (inf --> 0.290635).  Saving model ...
Updating learning rate to 0.005
    iters: 100, epoch: 2 | loss: 0.5323136 | speed: 0.0248s/iter; left: 92s
Epoch: 2, Steps: 131 | Train: 0.5776855 Vali: 0.2814002 Test: 0.4012009
Validation loss decreased (0.290635 --> 0.281400).  Saving model ...
Updating learning rate to 0.005
    iters: 100, epoch: 3 | loss: 0.4333305 | speed: 0.0251s/iter; left: 90s
Epoch: 3, Steps: 131 | Train: 0.5532942 Vali: 0.2774488 Test: 0.3871640
Validation loss decreased (0.281400 --> 0.277449).  Saving model ...
Updating learning rate to 0.005
    iters: 100, epoch: 4 | loss: 0.5489188 | speed: 0.0267s/iter; left: 92s
Epoch: 4, Steps: 131 | Train: 0.5424931 Vali: 0.2895322 Test: 0.3911112
EarlyStopping counter: 1 out of 15
Updating learning rate to 0.004
    iters: 100, epoch: 5 | loss: 0.4732752 | speed: 0.0240s/iter; left: 79s
Epoch: 5, Steps: 131 | Train: 0.5216837 Vali: 0.2963941 Test: 0.3940845
EarlyStopping counter: 2 out of 15
Updating learning rate to 0.0032000000000000006
    iters: 100, epoch: 6 | loss: 0.4397904 | speed: 0.0242s/iter; left: 77s
Epoch: 6, Steps: 131 | Train: 0.5092615 Vali: 0.2937441 Test: 0.3959849
EarlyStopping counter: 3 out of 15
Updating learning rate to 0.0025600000000000006
    iters: 100, epoch: 7 | loss: 0.4516324 | speed: 0.0209s/iter; left: 64s
Epoch: 7, Steps: 131 | Train: 0.5003891 Vali: 0.2953194 Test: 0.3948468
EarlyStopping counter: 4 out of 15
Updating learning rate to 0.0020480000000000003
    iters: 100, epoch: 8 | loss: 0.5397785 | speed: 0.0212s/iter; left: 62s
Epoch: 8, Steps: 131 | Train: 0.4899147 Vali: 0.3004608 Test: 0.4006640
EarlyStopping counter: 5 out of 15
Updating learning rate to 0.0016384000000000004
    iters: 100, epoch: 9 | loss: 0.5070385 | speed: 0.0231s/iter; left: 64s
Epoch: 9, Steps: 131 | Train: 0.4787062 Vali: 0.3130363 Test: 0.4087723
EarlyStopping counter: 6 out of 15
Updating learning rate to 0.0013107200000000005
    iters: 100, epoch: 10 | loss: 0.4335825 | speed: 0.0216s/iter; left: 57s
Epoch: 10, Steps: 131 | Train: 0.4719097 Vali: 0.3056824 Test: 0.4062482
EarlyStopping counter: 7 out of 15
Updating learning rate to 0.0010485760000000005
    iters: 100, epoch: 11 | loss: 0.3883161 | speed: 0.0199s/iter; left: 50s
Epoch: 11, Steps: 131 | Train: 0.4666373 Vali: 0.3095877 Test: 0.4102989
EarlyStopping counter: 8 out of 15
Updating learning rate to 0.0008388608000000005
    iters: 100, epoch: 12 | loss: 0.3968932 | speed: 0.0219s/iter; left: 52s
Epoch: 12, Steps: 131 | Train: 0.4607119 Vali: 0.3162791 Test: 0.4146196
EarlyStopping counter: 9 out of 15
Updating learning rate to 0.0006710886400000003
    iters: 100, epoch: 13 | loss: 0.4529369 | speed: 0.0203s/iter; left: 46s
Epoch: 13, Steps: 131 | Train: 0.4577585 Vali: 0.3144629 Test: 0.4145169
EarlyStopping counter: 10 out of 15
Updating learning rate to 0.0005368709120000003
    iters: 100, epoch: 14 | loss: 0.5464414 | speed: 0.0223s/iter; left: 47s
Epoch: 14, Steps: 131 | Train: 0.4545327 Vali: 0.3139963 Test: 0.4153496
EarlyStopping counter: 11 out of 15
Updating learning rate to 0.0004294967296000003
    iters: 100, epoch: 15 | loss: 0.4303626 | speed: 0.0222s/iter; left: 44s
Epoch: 15, Steps: 131 | Train: 0.4527145 Vali: 0.3158191 Test: 0.4169802
EarlyStopping counter: 12 out of 15
Updating learning rate to 0.0003435973836800002
    iters: 100, epoch: 16 | loss: 0.4517301 | speed: 0.0205s/iter; left: 38s
Epoch: 16, Steps: 131 | Train: 0.4504572 Vali: 0.3154298 Test: 0.4163462
EarlyStopping counter: 13 out of 15
Updating learning rate to 0.0002748779069440002
    iters: 100, epoch: 17 | loss: 0.4400117 | speed: 0.0223s/iter; left: 39s
Epoch: 17, Steps: 131 | Train: 0.4489395 Vali: 0.3173836 Test: 0.4178533
EarlyStopping counter: 14 out of 15
Updating learning rate to 0.00021990232555520019
    iters: 100, epoch: 18 | loss: 0.4367033 | speed: 0.0233s/iter; left: 37s
Epoch: 18, Steps: 131 | Train: 0.4474398 Vali: 0.3166708 Test: 0.4173422
EarlyStopping counter: 15 out of 15
Early stopping at epoch 18
STAGE 1 RESULT: mse=0.3806, mae=0.3849, smape=57.0681

============================================================
STAGE 2: Load MRT + add Freq branch (frozen backbone/MRT/cycle, max_epochs=3, patience=3)
============================================================
train 33745
val 10801
test 10801
Loaded 10 params from stage1, 0 new (Freq branch)
Trainable: 419,368 / 420,125 (99.8%)  freeze_backbone=0
    iters: 100, epoch: 1 | loss: 0.4760105 | speed: 0.0239s/iter; left: 7s
Epoch: 1, Train: 0.5375349 Vali: 0.2760358
[diag s2-1]  freq.rs=-0.0027 mask.mean=0.438 mask.std=0.141  mrt.rs=+0.4660
Validation loss decreased (inf --> 0.276036).  Saving model ...
    iters: 100, epoch: 2 | loss: 0.5977206 | speed: 0.0220s/iter; left: 4s
Epoch: 2, Train: 0.5337967 Vali: 0.2764241
[diag s2-2]  freq.rs=+0.0003 mask.mean=0.437 mask.std=0.141  mrt.rs=+0.4660
EarlyStopping counter: 1 out of 3
    iters: 100, epoch: 3 | loss: 0.4981207 | speed: 0.0224s/iter; left: 1s
Epoch: 3, Train: 0.5313121 Vali: 0.2765160
[diag s2-3]  freq.rs=+0.0034 mask.mean=0.437 mask.std=0.141  mrt.rs=+0.4660
EarlyStopping counter: 2 out of 3
STAGE 2 complete.

============================================================
STAGE 2 ONLY: Testing from Stage 2 checkpoint
============================================================
train 33745
val 10801
test 10801
[diag stage2-final]  freq.rs=-0.0027 mask.mean=0.438 mask.std=0.141  mrt.rs=+0.4660

============================================================
FINAL RESULT (Stage 2 only): mse=0.3790, mae=0.3836, smape=56.8454
============================================================
