============================================================
CONFIGURATION
============================================================
Device     : cuda:0
Dataset    : ettm2
Pred len   : 336
Seed       : 2024

--- Data ---
enc_in     : 7
seq_len    : 96
cycle      : 96
use_revin  : 1
batch_size : 256

--- Model ---
model_type : mlp
d_model    : 512
mrt_layers : 1
freq_layers: 0
fusion     : mode=serial, gate=0, sparsity=0.0

--- Training ---
base_lr    : 0.005
Stage1     : epochs=30, patience=15
Stage2     : epochs=3, patience=3, freeze_backbone=0
Stage3     : SKIPPED (stage2_only)
============================================================

============================================================
STAGE 1: Train MRT only (freq_layers=0)
============================================================
train 34129
val 11185
test 11185
    iters: 100, epoch: 1 | loss: 0.5884537 | speed: 0.0319s/iter; left: 124s
Epoch: 1, Steps: 133 | Train: 0.4514566 Vali: 0.2218349 Test: 0.3084316
Validation loss decreased (inf --> 0.221835).  Saving model ...
Updating learning rate to 0.005
    iters: 100, epoch: 2 | loss: 0.3016686 | speed: 0.0214s/iter; left: 80s
Epoch: 2, Steps: 133 | Train: 0.4296540 Vali: 0.2122753 Test: 0.2898195
Validation loss decreased (0.221835 --> 0.212275).  Saving model ...
Updating learning rate to 0.005
    iters: 100, epoch: 3 | loss: 0.3635224 | speed: 0.0260s/iter; left: 94s
Epoch: 3, Steps: 133 | Train: 0.4070460 Vali: 0.2067705 Test: 0.2827105
Validation loss decreased (0.212275 --> 0.206770).  Saving model ...
Updating learning rate to 0.005
    iters: 100, epoch: 4 | loss: 0.4229506 | speed: 0.0230s/iter; left: 80s
Epoch: 4, Steps: 133 | Train: 0.3968116 Vali: 0.2111704 Test: 0.2833240
EarlyStopping counter: 1 out of 15
Updating learning rate to 0.004
    iters: 100, epoch: 5 | loss: 0.4195749 | speed: 0.0237s/iter; left: 80s
Epoch: 5, Steps: 133 | Train: 0.3812928 Vali: 0.2273785 Test: 0.2869927
EarlyStopping counter: 2 out of 15
Updating learning rate to 0.0032000000000000006
    iters: 100, epoch: 6 | loss: 0.3949124 | speed: 0.0230s/iter; left: 74s
Epoch: 6, Steps: 133 | Train: 0.3646604 Vali: 0.2300374 Test: 0.2883871
EarlyStopping counter: 3 out of 15
Updating learning rate to 0.0025600000000000006
    iters: 100, epoch: 7 | loss: 0.3724999 | speed: 0.0227s/iter; left: 70s
Epoch: 7, Steps: 133 | Train: 0.3549171 Vali: 0.2382441 Test: 0.2916944
EarlyStopping counter: 4 out of 15
Updating learning rate to 0.0020480000000000003
    iters: 100, epoch: 8 | loss: 0.3229595 | speed: 0.0231s/iter; left: 68s
Epoch: 8, Steps: 133 | Train: 0.3463731 Vali: 0.2415898 Test: 0.2946654
EarlyStopping counter: 5 out of 15
Updating learning rate to 0.0016384000000000004
    iters: 100, epoch: 9 | loss: 0.2926937 | speed: 0.0233s/iter; left: 66s
Epoch: 9, Steps: 133 | Train: 0.3390039 Vali: 0.2441511 Test: 0.2966231
EarlyStopping counter: 6 out of 15
Updating learning rate to 0.0013107200000000005
    iters: 100, epoch: 10 | loss: 0.3523169 | speed: 0.0240s/iter; left: 65s
Epoch: 10, Steps: 133 | Train: 0.3333382 Vali: 0.2460970 Test: 0.2987635
EarlyStopping counter: 7 out of 15
Updating learning rate to 0.0010485760000000005
    iters: 100, epoch: 11 | loss: 0.3598146 | speed: 0.0221s/iter; left: 57s
Epoch: 11, Steps: 133 | Train: 0.3278783 Vali: 0.2502737 Test: 0.3009578
EarlyStopping counter: 8 out of 15
Updating learning rate to 0.0008388608000000005
    iters: 100, epoch: 12 | loss: 0.3116629 | speed: 0.0231s/iter; left: 56s
Epoch: 12, Steps: 133 | Train: 0.3238110 Vali: 0.2495423 Test: 0.3015853
EarlyStopping counter: 9 out of 15
Updating learning rate to 0.0006710886400000003
    iters: 100, epoch: 13 | loss: 0.2761549 | speed: 0.0241s/iter; left: 55s
Epoch: 13, Steps: 133 | Train: 0.3205838 Vali: 0.2507715 Test: 0.3030118
EarlyStopping counter: 10 out of 15
Updating learning rate to 0.0005368709120000003
    iters: 100, epoch: 14 | loss: 0.2986258 | speed: 0.0227s/iter; left: 49s
Epoch: 14, Steps: 133 | Train: 0.3179847 Vali: 0.2535656 Test: 0.3047059
EarlyStopping counter: 11 out of 15
Updating learning rate to 0.0004294967296000003
    iters: 100, epoch: 15 | loss: 0.2499308 | speed: 0.0256s/iter; left: 52s
Epoch: 15, Steps: 133 | Train: 0.3159186 Vali: 0.2543634 Test: 0.3058232
EarlyStopping counter: 12 out of 15
Updating learning rate to 0.0003435973836800002
    iters: 100, epoch: 16 | loss: 0.2725090 | speed: 0.0238s/iter; left: 45s
Epoch: 16, Steps: 133 | Train: 0.3140589 Vali: 0.2557960 Test: 0.3069497
EarlyStopping counter: 13 out of 15
Updating learning rate to 0.0002748779069440002
    iters: 100, epoch: 17 | loss: 0.3754085 | speed: 0.0237s/iter; left: 42s
Epoch: 17, Steps: 133 | Train: 0.3129499 Vali: 0.2548918 Test: 0.3066082
EarlyStopping counter: 14 out of 15
Updating learning rate to 0.00021990232555520019
    iters: 100, epoch: 18 | loss: 0.2573558 | speed: 0.0246s/iter; left: 40s
Epoch: 18, Steps: 133 | Train: 0.3116419 Vali: 0.2558874 Test: 0.3081385
EarlyStopping counter: 15 out of 15
Early stopping at epoch 18
STAGE 1 RESULT: mse=0.2840, mae=0.3278, smape=50.7804

============================================================
STAGE 2: Load MRT + add Freq branch (frozen backbone/MRT/cycle, max_epochs=3, patience=3)
============================================================
train 34129
val 11185
test 11185
Loaded 10 params from stage1, 0 new (Freq branch)
Trainable: 222,376 / 223,133 (99.7%)  freeze_backbone=0
    iters: 100, epoch: 1 | loss: 0.3512210 | speed: 0.0248s/iter; left: 7s
Epoch: 1, Train: 0.3947236 Vali: 0.2072254
[diag s2-1]  freq.rs=+0.0066 mask.mean=0.438 mask.std=0.141  mrt.rs=+0.4678
Validation loss decreased (inf --> 0.207225).  Saving model ...
    iters: 100, epoch: 2 | loss: 0.3719966 | speed: 0.0249s/iter; left: 4s
Epoch: 2, Train: 0.3919902 Vali: 0.2084902
[diag s2-2]  freq.rs=+0.0098 mask.mean=0.438 mask.std=0.141  mrt.rs=+0.4678
EarlyStopping counter: 1 out of 3
    iters: 100, epoch: 3 | loss: 0.5674558 | speed: 0.0245s/iter; left: 1s
Epoch: 3, Train: 0.3898540 Vali: 0.2076702
[diag s2-3]  freq.rs=+0.0115 mask.mean=0.438 mask.std=0.141  mrt.rs=+0.4678
EarlyStopping counter: 2 out of 3
STAGE 2 complete.

============================================================
STAGE 2 ONLY: Testing from Stage 2 checkpoint
============================================================
train 34129
val 11185
test 11185
[diag stage2-final]  freq.rs=+0.0066 mask.mean=0.438 mask.std=0.141  mrt.rs=+0.4678

============================================================
FINAL RESULT (Stage 2 only): mse=0.2827, mae=0.3261, smape=50.6984
============================================================
