============================================================
CONFIGURATION
============================================================
Device     : cuda:0
Dataset    : ettm2
Pred len   : 336
Seed       : 2024

--- Data ---
enc_in     : 7
seq_len    : 96
cycle      : 96
use_revin  : 1
batch_size : 256

--- Model ---
model_type : mlp
d_model    : 512
mrt_layers : 1
freq_layers: 0
fusion     : mode=serial, gate=0, sparsity=0.0

--- Training ---
base_lr    : 0.005
Stage1     : epochs=30, patience=15
Stage2     : epochs=3, patience=3, freeze_backbone=1
Stage3 FreDF: False
Stage3a    : epochs=12, patience=6
Stage3b    : epochs=20, patience=10, freq×0.67 model×0.33 mrt×0.10
============================================================

============================================================
STAGE 1: Train MRT only (freq_layers=0)
============================================================
train 34129
val 11185
test 11185
    iters: 100, epoch: 1 | loss: 0.5884537 | speed: 0.0283s/iter; left: 110s
Epoch: 1, Steps: 133 | Train: 0.4514566 Vali: 0.2218349 Test: 0.3084316
Validation loss decreased (inf --> 0.221835).  Saving model ...
Updating learning rate to 0.005
    iters: 100, epoch: 2 | loss: 0.3016466 | speed: 0.0169s/iter; left: 63s
Epoch: 2, Steps: 133 | Train: 0.4296554 Vali: 0.2122675 Test: 0.2897756
Validation loss decreased (0.221835 --> 0.212268).  Saving model ...
Updating learning rate to 0.005
    iters: 100, epoch: 3 | loss: 0.3629447 | speed: 0.0171s/iter; left: 62s
Epoch: 3, Steps: 133 | Train: 0.4070218 Vali: 0.2067166 Test: 0.2827753
Validation loss decreased (0.212268 --> 0.206717).  Saving model ...
Updating learning rate to 0.005
    iters: 100, epoch: 4 | loss: 0.4231225 | speed: 0.0173s/iter; left: 60s
Epoch: 4, Steps: 133 | Train: 0.3968673 Vali: 0.2109589 Test: 0.2832353
EarlyStopping counter: 1 out of 15
Updating learning rate to 0.004
    iters: 100, epoch: 5 | loss: 0.4198022 | speed: 0.0174s/iter; left: 58s
Epoch: 5, Steps: 133 | Train: 0.3815196 Vali: 0.2274081 Test: 0.2869222
EarlyStopping counter: 2 out of 15
Updating learning rate to 0.0032000000000000006
    iters: 100, epoch: 6 | loss: 0.3944086 | speed: 0.0175s/iter; left: 56s
Epoch: 6, Steps: 133 | Train: 0.3650297 Vali: 0.2301601 Test: 0.2881584
EarlyStopping counter: 3 out of 15
Updating learning rate to 0.0025600000000000006
    iters: 100, epoch: 7 | loss: 0.3710884 | speed: 0.0169s/iter; left: 52s
Epoch: 7, Steps: 133 | Train: 0.3552234 Vali: 0.2381930 Test: 0.2912309
EarlyStopping counter: 4 out of 15
Updating learning rate to 0.0020480000000000003
    iters: 100, epoch: 8 | loss: 0.3235722 | speed: 0.0174s/iter; left: 52s
Epoch: 8, Steps: 133 | Train: 0.3466989 Vali: 0.2417246 Test: 0.2945599
EarlyStopping counter: 5 out of 15
Updating learning rate to 0.0016384000000000004
    iters: 100, epoch: 9 | loss: 0.2937244 | speed: 0.0179s/iter; left: 51s
Epoch: 9, Steps: 133 | Train: 0.3392898 Vali: 0.2441699 Test: 0.2963278
EarlyStopping counter: 6 out of 15
Updating learning rate to 0.0013107200000000005
    iters: 100, epoch: 10 | loss: 0.3522129 | speed: 0.0178s/iter; left: 48s
Epoch: 10, Steps: 133 | Train: 0.3335596 Vali: 0.2464460 Test: 0.2985229
EarlyStopping counter: 7 out of 15
Updating learning rate to 0.0010485760000000005
    iters: 100, epoch: 11 | loss: 0.3610832 | speed: 0.0175s/iter; left: 45s
Epoch: 11, Steps: 133 | Train: 0.3281646 Vali: 0.2504849 Test: 0.3006616
EarlyStopping counter: 8 out of 15
Updating learning rate to 0.0008388608000000005
    iters: 100, epoch: 12 | loss: 0.3139289 | speed: 0.0175s/iter; left: 43s
Epoch: 12, Steps: 133 | Train: 0.3241404 Vali: 0.2494599 Test: 0.3012110
EarlyStopping counter: 9 out of 15
Updating learning rate to 0.0006710886400000003
    iters: 100, epoch: 13 | loss: 0.2774436 | speed: 0.0173s/iter; left: 40s
Epoch: 13, Steps: 133 | Train: 0.3209256 Vali: 0.2509251 Test: 0.3027351
EarlyStopping counter: 10 out of 15
Updating learning rate to 0.0005368709120000003
    iters: 100, epoch: 14 | loss: 0.2988312 | speed: 0.0170s/iter; left: 37s
Epoch: 14, Steps: 133 | Train: 0.3183199 Vali: 0.2534691 Test: 0.3042227
EarlyStopping counter: 11 out of 15
Updating learning rate to 0.0004294967296000003
    iters: 100, epoch: 15 | loss: 0.2512350 | speed: 0.0170s/iter; left: 35s
Epoch: 15, Steps: 133 | Train: 0.3162552 Vali: 0.2544962 Test: 0.3054422
EarlyStopping counter: 12 out of 15
Updating learning rate to 0.0003435973836800002
    iters: 100, epoch: 16 | loss: 0.2717552 | speed: 0.0172s/iter; left: 33s
Epoch: 16, Steps: 133 | Train: 0.3143816 Vali: 0.2557981 Test: 0.3065279
EarlyStopping counter: 13 out of 15
Updating learning rate to 0.0002748779069440002
    iters: 100, epoch: 17 | loss: 0.3758783 | speed: 0.0174s/iter; left: 31s
Epoch: 17, Steps: 133 | Train: 0.3132828 Vali: 0.2548725 Test: 0.3062126
EarlyStopping counter: 14 out of 15
Updating learning rate to 0.00021990232555520019
    iters: 100, epoch: 18 | loss: 0.2580961 | speed: 0.0164s/iter; left: 27s
Epoch: 18, Steps: 133 | Train: 0.3119578 Vali: 0.2558851 Test: 0.3077873
EarlyStopping counter: 15 out of 15
Early stopping at epoch 18
STAGE 1 RESULT: mse=0.2841, mae=0.3278, smape=50.7668

============================================================
STAGE 2: Load MRT + add Freq branch (frozen backbone/MRT/cycle, max_epochs=3, patience=3)
============================================================
train 34129
val 11185
test 11185
Loaded 10 params from stage1, 0 new (Freq branch)
Trainable: 344 / 223,133 (0.2%)  freeze_backbone=1
    iters: 100, epoch: 1 | loss: 0.9654554 | speed: 0.0166s/iter; left: 5s
Epoch: 1, Train: 1.0088820 Vali: 0.2064230
[diag s2-1]  freq.rs=+0.0171 mask.mean=0.439 mask.std=0.141  mrt.rs=+0.4669
Validation loss decreased (inf --> 0.206423).  Saving model ...
    iters: 100, epoch: 2 | loss: 0.9942802 | speed: 0.0171s/iter; left: 3s
Epoch: 2, Train: 1.0089643 Vali: 0.2067917
[diag s2-2]  freq.rs=+0.0353 mask.mean=0.439 mask.std=0.141  mrt.rs=+0.4669
EarlyStopping counter: 1 out of 3
    iters: 100, epoch: 3 | loss: 1.1803561 | speed: 0.0171s/iter; left: 1s
Epoch: 3, Train: 1.0082492 Vali: 0.2067149
[diag s2-3]  freq.rs=+0.0533 mask.mean=0.440 mask.std=0.141  mrt.rs=+0.4669
EarlyStopping counter: 2 out of 3
STAGE 2 complete.

============================================================
SKIPPING Stage 3a (--no_stage3a): Stage 2 -> Stage 3b directly
============================================================

============================================================
STAGE 3b: Unfreeze all, group-wise LR (base=0.001500, max_epochs=20, patience=10) (pure MSE)
  LR groups: freq/gate ×0.67, model ×0.33, mrt/cycle ×0.10
============================================================
train 34129
val 11185
test 11185
Loaded stage3a checkpoint, unfreezing all parameters.
  Group freq/gate: 344 params, LR=0.001005
  Group model: 222,032 params, LR=0.000495
  Group mrt/cycle: 757 params, LR=0.000150
    iters: 100, epoch: 1 | loss: 0.3737705 | speed: 0.0191s/iter; left: 49s
Epoch: 1, Steps: 133 | Train: 0.3955724 Vali: 0.2072592 Test: 0.2817576
[diag 3b-1]  freq.rs=+0.0217 mask.mean=0.439 mask.std=0.141  mrt.rs=+0.4623
Validation loss decreased (inf --> 0.207259).  Saving model ...
Updating learning rate to 0.005
    iters: 100, epoch: 2 | loss: 0.4729442 | speed: 0.0192s/iter; left: 47s
Epoch: 2, Steps: 133 | Train: 0.3947832 Vali: 0.2183958 Test: 0.2844812
[diag 3b-2]  freq.rs=-0.1164 mask.mean=0.444 mask.std=0.149  mrt.rs=+0.4865
EarlyStopping counter: 1 out of 10
Updating learning rate to 0.005
    iters: 100, epoch: 3 | loss: 0.3648843 | speed: 0.0186s/iter; left: 43s
Epoch: 3, Steps: 133 | Train: 0.3769974 Vali: 0.2362816 Test: 0.2903461
[diag 3b-3]  freq.rs=-0.2532 mask.mean=0.459 mask.std=0.175  mrt.rs=+0.4968
EarlyStopping counter: 2 out of 10
Updating learning rate to 0.005
    iters: 100, epoch: 4 | loss: 0.4012704 | speed: 0.0197s/iter; left: 43s
Epoch: 4, Steps: 133 | Train: 0.3641802 Vali: 0.2314047 Test: 0.2924460
[diag 3b-4]  freq.rs=-0.3784 mask.mean=0.469 mask.std=0.201  mrt.rs=+0.5082
EarlyStopping counter: 3 out of 10
Updating learning rate to 0.004
    iters: 100, epoch: 5 | loss: 0.3726528 | speed: 0.0197s/iter; left: 40s
Epoch: 5, Steps: 133 | Train: 0.3500980 Vali: 0.2433751 Test: 0.2996616
[diag 3b-5]  freq.rs=-0.3999 mask.mean=0.470 mask.std=0.216  mrt.rs=+0.5024
EarlyStopping counter: 4 out of 10
Updating learning rate to 0.0032000000000000006
    iters: 100, epoch: 6 | loss: 0.3264749 | speed: 0.0195s/iter; left: 37s
Epoch: 6, Steps: 133 | Train: 0.3387996 Vali: 0.2638091 Test: 0.3143000
[diag 3b-6]  freq.rs=-0.4007 mask.mean=0.472 mask.std=0.226  mrt.rs=+0.5025
EarlyStopping counter: 5 out of 10
Updating learning rate to 0.0025600000000000006
    iters: 100, epoch: 7 | loss: 0.3452410 | speed: 0.0199s/iter; left: 35s
Epoch: 7, Steps: 133 | Train: 0.3266117 Vali: 0.2553523 Test: 0.3080745
[diag 3b-7]  freq.rs=-0.4049 mask.mean=0.471 mask.std=0.232  mrt.rs=+0.5043
EarlyStopping counter: 6 out of 10
Updating learning rate to 0.0020480000000000003
    iters: 100, epoch: 8 | loss: 0.3312177 | speed: 0.0197s/iter; left: 32s
Epoch: 8, Steps: 133 | Train: 0.3179263 Vali: 0.2607340 Test: 0.3110571
[diag 3b-8]  freq.rs=-0.4060 mask.mean=0.471 mask.std=0.237  mrt.rs=+0.5011
EarlyStopping counter: 7 out of 10
Updating learning rate to 0.0016384000000000004
    iters: 100, epoch: 9 | loss: 0.2952291 | speed: 0.0186s/iter; left: 28s
Epoch: 9, Steps: 133 | Train: 0.3110813 Vali: 0.2631537 Test: 0.3145907
[diag 3b-9]  freq.rs=-0.4038 mask.mean=0.470 mask.std=0.240  mrt.rs=+0.5003
EarlyStopping counter: 8 out of 10
Updating learning rate to 0.0013107200000000005
    iters: 100, epoch: 10 | loss: 0.2877155 | speed: 0.0184s/iter; left: 25s
Epoch: 10, Steps: 133 | Train: 0.3056217 Vali: 0.2628315 Test: 0.3168758
[diag 3b-10]  freq.rs=-0.4008 mask.mean=0.469 mask.std=0.243  mrt.rs=+0.4987
EarlyStopping counter: 9 out of 10
Updating learning rate to 0.0010485760000000005
    iters: 100, epoch: 11 | loss: 0.2599098 | speed: 0.0180s/iter; left: 22s
Epoch: 11, Steps: 133 | Train: 0.3014843 Vali: 0.2672985 Test: 0.3194005
[diag 3b-11]  freq.rs=-0.3940 mask.mean=0.468 mask.std=0.244  mrt.rs=+0.4975
EarlyStopping counter: 10 out of 10
Early stopping at epoch 11

============================================================
FINAL RESULT (Stage 3b): mse=0.2831, mae=0.3261, smape=50.6601
============================================================
[diag 3b-final]  freq.rs=+0.0217 mask.mean=0.439 mask.std=0.141  mrt.rs=+0.4623
