Args in experiment:
Namespace(random_seed=2024, is_training=1, model_id='ETTh1_96_336', model='CycleNet', data='ETTh1', root_path='./dataset/ETT-small/', data_path='ETTh1.csv', features='M', target='OT', freq='h', checkpoints='./checkpoints/', seq_len=96, label_len=0, pred_len=336, cycle=24, model_type='mlp', use_revin=1, mrt_layers=0, freq_layers=1, freq_v2_layers=0, freq_v3_layers=0, freq_v4_layers=0, freq_loss_alpha=0.8, fc_dropout=0.05, head_dropout=0.0, patch_len=16, stride=8, padding_patch='end', revin=0, affine=0, subtract_last=0, decomposition=0, kernel_size=25, individual=0, rnn_type='gru', dec_way='pmf', seg_len=48, channel_id=1, period_len=24, embed_type=0, enc_in=7, dec_in=7, c_out=7, d_model=512, n_heads=8, e_layers=2, d_layers=1, d_ff=2048, moving_avg=25, factor=1, distil=True, dropout=0, embed='timeF', activation='gelu', output_attention=False, do_predict=False, num_workers=10, itr=1, train_epochs=30, batch_size=256, patience=15, learning_rate=0.005, des='test', loss='mse', lradj='type3', pct_start=0.3, use_amp=False, use_gpu=True, gpu=0, use_multi_gpu=False, devices='0,1', test_flop=False)
Use GPU: cuda:0
>>>>>>>start training : ETTh1_96_336_CycleNet_ETTh1_ftM_sl96_pl336_cycle24_mlp_freq1_fredf08_seed2024>>>>>>>>>>>>>>>>>>>>>>>>>>
train 8209
val 2545
test 2545
Epoch: 1 cost time: 3.9710423946380615
Epoch: 1, Steps: 32 | Train Loss: 1.8795748 Vali Loss: 1.5127901 Test Loss: 0.6146775
Validation loss decreased (inf --> 1.512790).  Saving model ...
Updating learning rate to 0.005
Epoch: 2 cost time: 2.1236214637756348
Epoch: 2, Steps: 32 | Train Loss: 1.7207117 Vali Loss: 1.3174802 Test Loss: 0.4798648
Validation loss decreased (1.512790 --> 1.317480).  Saving model ...
Updating learning rate to 0.005
Epoch: 3 cost time: 2.491887331008911
Epoch: 3, Steps: 32 | Train Loss: 1.6246570 Vali Loss: 1.2961855 Test Loss: 0.4793300
Validation loss decreased (1.317480 --> 1.296185).  Saving model ...
Updating learning rate to 0.005
Epoch: 4 cost time: 2.124350070953369
Epoch: 4, Steps: 32 | Train Loss: 1.6010902 Vali Loss: 1.3005042 Test Loss: 0.4817496
EarlyStopping counter: 1 out of 15
Updating learning rate to 0.004
Epoch: 5 cost time: 2.0348541736602783
Epoch: 5, Steps: 32 | Train Loss: 1.5867618 Vali Loss: 1.3004098 Test Loss: 0.4891557
EarlyStopping counter: 2 out of 15
Updating learning rate to 0.0032000000000000006
Epoch: 6 cost time: 1.9532427787780762
Epoch: 6, Steps: 32 | Train Loss: 1.5784945 Vali Loss: 1.3114326 Test Loss: 0.4886266
EarlyStopping counter: 3 out of 15
Updating learning rate to 0.0025600000000000006
Epoch: 7 cost time: 1.7249348163604736
Epoch: 7, Steps: 32 | Train Loss: 1.5720803 Vali Loss: 1.3197733 Test Loss: 0.4862457
EarlyStopping counter: 4 out of 15
Updating learning rate to 0.0020480000000000003
Epoch: 8 cost time: 2.3554089069366455
Epoch: 8, Steps: 32 | Train Loss: 1.5669017 Vali Loss: 1.3177031 Test Loss: 0.4879185
EarlyStopping counter: 5 out of 15
Updating learning rate to 0.0016384000000000004
Epoch: 9 cost time: 2.791715383529663
Epoch: 9, Steps: 32 | Train Loss: 1.5634050 Vali Loss: 1.3155515 Test Loss: 0.4899317
EarlyStopping counter: 6 out of 15
Updating learning rate to 0.0013107200000000005
Epoch: 10 cost time: 1.9105629920959473
Epoch: 10, Steps: 32 | Train Loss: 1.5601280 Vali Loss: 1.3160611 Test Loss: 0.4860029
EarlyStopping counter: 7 out of 15
Updating learning rate to 0.0010485760000000005
Epoch: 11 cost time: 2.1059353351593018
Epoch: 11, Steps: 32 | Train Loss: 1.5577791 Vali Loss: 1.3164545 Test Loss: 0.4888999
EarlyStopping counter: 8 out of 15
Updating learning rate to 0.0008388608000000005
Epoch: 12 cost time: 1.7938344478607178
Epoch: 12, Steps: 32 | Train Loss: 1.5552660 Vali Loss: 1.3162053 Test Loss: 0.4915925
EarlyStopping counter: 9 out of 15
Updating learning rate to 0.0006710886400000003
Epoch: 13 cost time: 2.3801348209381104
Epoch: 13, Steps: 32 | Train Loss: 1.5540967 Vali Loss: 1.3167233 Test Loss: 0.4902003
EarlyStopping counter: 10 out of 15
Updating learning rate to 0.0005368709120000003
Epoch: 14 cost time: 2.3489441871643066
Epoch: 14, Steps: 32 | Train Loss: 1.5523385 Vali Loss: 1.3132790 Test Loss: 0.4905761
EarlyStopping counter: 11 out of 15
Updating learning rate to 0.0004294967296000003
Epoch: 15 cost time: 2.580915689468384
Epoch: 15, Steps: 32 | Train Loss: 1.5509633 Vali Loss: 1.3137231 Test Loss: 0.4873120
EarlyStopping counter: 12 out of 15
Updating learning rate to 0.0003435973836800002
Epoch: 16 cost time: 2.6954634189605713
Epoch: 16, Steps: 32 | Train Loss: 1.5501121 Vali Loss: 1.3227159 Test Loss: 0.4909593
EarlyStopping counter: 13 out of 15
Updating learning rate to 0.0002748779069440002
Epoch: 17 cost time: 1.940093994140625
Epoch: 17, Steps: 32 | Train Loss: 1.5493944 Vali Loss: 1.3229280 Test Loss: 0.4892439
EarlyStopping counter: 14 out of 15
Updating learning rate to 0.00021990232555520019
Epoch: 18 cost time: 2.373394250869751
Epoch: 18, Steps: 32 | Train Loss: 1.5484719 Vali Loss: 1.3264194 Test Loss: 0.4903722
EarlyStopping counter: 15 out of 15
Early stopping
>>>>>>>testing : ETTh1_96_336_CycleNet_ETTh1_ftM_sl96_pl336_cycle24_mlp_freq1_fredf08_seed2024<<<<<<<<<<<<<<<<<<<<<<<<<<<<<<<<<
test 2545
mse:0.4778333604335785, mae:0.4451047480106354
