Device: cuda:0
Dataset: etth1 | Pred len: 96 | Seed: 2024
Stage3 FreDF: False

============================================================
STAGE 1: Train MRT only (freq_layers=0)
============================================================
train 8449
val 2785
test 2785
Epoch: 1, Steps: 33 | Train: 0.4837496 Vali: 0.8331960 Test: 0.4722749
Validation loss decreased (inf --> 0.833196).  Saving model ...
Updating learning rate to 0.005
Epoch: 2, Steps: 33 | Train: 0.4442869 Vali: 0.7593926 Test: 0.4308418
Validation loss decreased (0.833196 --> 0.759393).  Saving model ...
Updating learning rate to 0.005
Epoch: 3, Steps: 33 | Train: 0.3604900 Vali: 0.7043579 Test: 0.3975001
Validation loss decreased (0.759393 --> 0.704358).  Saving model ...
Updating learning rate to 0.005
Epoch: 4, Steps: 33 | Train: 0.3461775 Vali: 0.6983090 Test: 0.3803942
Validation loss decreased (0.704358 --> 0.698309).  Saving model ...
Updating learning rate to 0.004
Epoch: 5, Steps: 33 | Train: 0.3392808 Vali: 0.6854224 Test: 0.3801032
Validation loss decreased (0.698309 --> 0.685422).  Saving model ...
Updating learning rate to 0.0032000000000000006
Epoch: 6, Steps: 33 | Train: 0.3351077 Vali: 0.6876607 Test: 0.3770475
EarlyStopping counter: 1 out of 15
Updating learning rate to 0.0025600000000000006
Epoch: 7, Steps: 33 | Train: 0.3317461 Vali: 0.6836048 Test: 0.3774953
Validation loss decreased (0.685422 --> 0.683605).  Saving model ...
Updating learning rate to 0.0020480000000000003
Epoch: 8, Steps: 33 | Train: 0.3289405 Vali: 0.6931876 Test: 0.3766104
EarlyStopping counter: 1 out of 15
Updating learning rate to 0.0016384000000000004
Epoch: 9, Steps: 33 | Train: 0.3262119 Vali: 0.6835534 Test: 0.3764638
Validation loss decreased (0.683605 --> 0.683553).  Saving model ...
Updating learning rate to 0.0013107200000000005
Epoch: 10, Steps: 33 | Train: 0.3239709 Vali: 0.6807861 Test: 0.3766923
Validation loss decreased (0.683553 --> 0.680786).  Saving model ...
Updating learning rate to 0.0010485760000000005
Epoch: 11, Steps: 33 | Train: 0.3224431 Vali: 0.6850350 Test: 0.3762886
EarlyStopping counter: 1 out of 15
Updating learning rate to 0.0008388608000000005
Epoch: 12, Steps: 33 | Train: 0.3201002 Vali: 0.6819371 Test: 0.3762563
EarlyStopping counter: 2 out of 15
Updating learning rate to 0.0006710886400000003
Epoch: 13, Steps: 33 | Train: 0.3189608 Vali: 0.6878145 Test: 0.3759677
EarlyStopping counter: 3 out of 15
Updating learning rate to 0.0005368709120000003
Epoch: 14, Steps: 33 | Train: 0.3178834 Vali: 0.6850212 Test: 0.3755256
EarlyStopping counter: 4 out of 15
Updating learning rate to 0.0004294967296000003
Epoch: 15, Steps: 33 | Train: 0.3169893 Vali: 0.6798173 Test: 0.3763189
Validation loss decreased (0.680786 --> 0.679817).  Saving model ...
Updating learning rate to 0.0003435973836800002
Epoch: 16, Steps: 33 | Train: 0.3160032 Vali: 0.6860245 Test: 0.3754918
EarlyStopping counter: 1 out of 15
Updating learning rate to 0.0002748779069440002
Epoch: 17, Steps: 33 | Train: 0.3152812 Vali: 0.6832888 Test: 0.3757921
EarlyStopping counter: 2 out of 15
Updating learning rate to 0.00021990232555520019
Epoch: 18, Steps: 33 | Train: 0.3147380 Vali: 0.6892894 Test: 0.3757986
EarlyStopping counter: 3 out of 15
Updating learning rate to 0.00017592186044416015
Epoch: 19, Steps: 33 | Train: 0.3143958 Vali: 0.6828213 Test: 0.3764042
EarlyStopping counter: 4 out of 15
Updating learning rate to 0.00014073748835532812
Epoch: 20, Steps: 33 | Train: 0.3140403 Vali: 0.6858565 Test: 0.3761449
EarlyStopping counter: 5 out of 15
Updating learning rate to 0.00011258999068426252
Epoch: 21, Steps: 33 | Train: 0.3137268 Vali: 0.6836706 Test: 0.3757643
EarlyStopping counter: 6 out of 15
Updating learning rate to 9.007199254741001e-05
Epoch: 22, Steps: 33 | Train: 0.3135121 Vali: 0.6862307 Test: 0.3763350
EarlyStopping counter: 7 out of 15
Updating learning rate to 7.205759403792801e-05
Epoch: 23, Steps: 33 | Train: 0.3133340 Vali: 0.6890547 Test: 0.3764503
EarlyStopping counter: 8 out of 15
Updating learning rate to 5.764607523034242e-05
Epoch: 24, Steps: 33 | Train: 0.3131508 Vali: 0.6789871 Test: 0.3761333
Validation loss decreased (0.679817 --> 0.678987).  Saving model ...
Updating learning rate to 4.611686018427394e-05
Epoch: 25, Steps: 33 | Train: 0.3130515 Vali: 0.6894245 Test: 0.3764702
EarlyStopping counter: 1 out of 15
Updating learning rate to 3.689348814741915e-05
Epoch: 26, Steps: 33 | Train: 0.3129215 Vali: 0.6878100 Test: 0.3763181
EarlyStopping counter: 2 out of 15
Updating learning rate to 2.951479051793532e-05
Epoch: 27, Steps: 33 | Train: 0.3128606 Vali: 0.6877164 Test: 0.3763801
EarlyStopping counter: 3 out of 15
Updating learning rate to 2.361183241434826e-05
Epoch: 28, Steps: 33 | Train: 0.3127885 Vali: 0.6847489 Test: 0.3763438
EarlyStopping counter: 4 out of 15
Updating learning rate to 1.888946593147861e-05
Epoch: 29, Steps: 33 | Train: 0.3127342 Vali: 0.6803445 Test: 0.3763597
EarlyStopping counter: 5 out of 15
Updating learning rate to 1.5111572745182888e-05
Epoch: 30, Steps: 33 | Train: 0.3126979 Vali: 0.6792262 Test: 0.3763379
EarlyStopping counter: 6 out of 15
Updating learning rate to 1.208925819614631e-05
STAGE 1 RESULT: mse=0.3755, mae=0.3962, smape=73.1778

============================================================
STAGE 2: Load MRT + add Freq branch (frozen backbone/MRT/cycle)
============================================================
train 8449
val 2785
test 2785
Loaded 10 params from stage1, 0 new (Freq branch)
Trainable: 344 / 99,509 (0.3%)
Epoch: 1, Train: 0.3129714 Vali: 0.6862414
Validation loss decreased (inf --> 0.686241).  Saving model ...
Epoch: 2, Train: 0.3129260 Vali: 0.6840229
Validation loss decreased (0.686241 --> 0.684023).  Saving model ...
Epoch: 3, Train: 0.3129168 Vali: 0.6867395
EarlyStopping counter: 1 out of 3
STAGE 2 complete.

============================================================
STAGE 3: Unfreeze all, joint fine-tune (LR=0.0015 (pure MSE))
============================================================
train 8449
val 2785
test 2785
Loaded stage2 checkpoint, unfreezing all parameters.
Epoch: 1, Steps: 33 | Train: 0.3132433 Vali: 0.6830279 Test: 0.3763297
Validation loss decreased (inf --> 0.683028).  Saving model ...
Updating learning rate to 0.0015
Epoch: 2, Steps: 33 | Train: 0.3153820 Vali: 0.6908250 Test: 0.3793121
EarlyStopping counter: 1 out of 15
Updating learning rate to 0.0015
Epoch: 3, Steps: 33 | Train: 0.3131956 Vali: 0.6908204 Test: 0.3845094
EarlyStopping counter: 2 out of 15
Updating learning rate to 0.0015
Epoch: 4, Steps: 33 | Train: 0.3112962 Vali: 0.7056612 Test: 0.3826980
EarlyStopping counter: 3 out of 15
Updating learning rate to 0.0012000000000000001
Epoch: 5, Steps: 33 | Train: 0.3082438 Vali: 0.6861463 Test: 0.3824697
EarlyStopping counter: 4 out of 15
Updating learning rate to 0.0009600000000000002
Epoch: 6, Steps: 33 | Train: 0.3057228 Vali: 0.6873236 Test: 0.3840319
EarlyStopping counter: 5 out of 15
Updating learning rate to 0.0007680000000000002
Epoch: 7, Steps: 33 | Train: 0.3038360 Vali: 0.6908932 Test: 0.3832614
EarlyStopping counter: 6 out of 15
Updating learning rate to 0.0006144000000000001
Epoch: 8, Steps: 33 | Train: 0.3019190 Vali: 0.6856516 Test: 0.3840547
EarlyStopping counter: 7 out of 15
Updating learning rate to 0.0004915200000000002
Epoch: 9, Steps: 33 | Train: 0.3007014 Vali: 0.6872312 Test: 0.3834051
EarlyStopping counter: 8 out of 15
Updating learning rate to 0.00039321600000000016
Epoch: 10, Steps: 33 | Train: 0.2994820 Vali: 0.6943288 Test: 0.3842166
EarlyStopping counter: 9 out of 15
Updating learning rate to 0.0003145728000000001
Epoch: 11, Steps: 33 | Train: 0.2985508 Vali: 0.6821250 Test: 0.3842824
Validation loss decreased (0.683028 --> 0.682125).  Saving model ...
Updating learning rate to 0.00025165824000000016
Epoch: 12, Steps: 33 | Train: 0.2977762 Vali: 0.6882525 Test: 0.3847460
EarlyStopping counter: 1 out of 15
Updating learning rate to 0.0002013265920000001
Epoch: 13, Steps: 33 | Train: 0.2971277 Vali: 0.6846608 Test: 0.3844269
EarlyStopping counter: 2 out of 15
Updating learning rate to 0.0001610612736000001
Epoch: 14, Steps: 33 | Train: 0.2965107 Vali: 0.6813687 Test: 0.3855464
Validation loss decreased (0.682125 --> 0.681369).  Saving model ...
Updating learning rate to 0.00012884901888000007
Epoch: 15, Steps: 33 | Train: 0.2960140 Vali: 0.6797264 Test: 0.3845937
Validation loss decreased (0.681369 --> 0.679726).  Saving model ...
Updating learning rate to 0.00010307921510400006
Epoch: 16, Steps: 33 | Train: 0.2958636 Vali: 0.6941263 Test: 0.3849746
EarlyStopping counter: 1 out of 15
Updating learning rate to 8.246337208320005e-05
Epoch: 17, Steps: 33 | Train: 0.2955889 Vali: 0.6926029 Test: 0.3855177
EarlyStopping counter: 2 out of 15
Updating learning rate to 6.597069766656006e-05
Epoch: 18, Steps: 33 | Train: 0.2953285 Vali: 0.6921795 Test: 0.3847232
EarlyStopping counter: 3 out of 15
Updating learning rate to 5.2776558133248044e-05
Epoch: 19, Steps: 33 | Train: 0.2951754 Vali: 0.6927007 Test: 0.3848958
EarlyStopping counter: 4 out of 15
Updating learning rate to 4.222124650659844e-05
Epoch: 20, Steps: 33 | Train: 0.2950000 Vali: 0.6983213 Test: 0.3849689
EarlyStopping counter: 5 out of 15
Updating learning rate to 3.377699720527876e-05
Epoch: 21, Steps: 33 | Train: 0.2949147 Vali: 0.6828499 Test: 0.3851490
EarlyStopping counter: 6 out of 15
Updating learning rate to 2.7021597764223006e-05
Epoch: 22, Steps: 33 | Train: 0.2948536 Vali: 0.6928693 Test: 0.3851875
EarlyStopping counter: 7 out of 15
Updating learning rate to 2.1617278211378404e-05
Epoch: 23, Steps: 33 | Train: 0.2947366 Vali: 0.6873492 Test: 0.3850219
EarlyStopping counter: 8 out of 15
Updating learning rate to 1.7293822569102725e-05
Epoch: 24, Steps: 33 | Train: 0.2946841 Vali: 0.6913505 Test: 0.3850284
EarlyStopping counter: 9 out of 15
Updating learning rate to 1.383505805528218e-05
Epoch: 25, Steps: 33 | Train: 0.2946462 Vali: 0.6856186 Test: 0.3852221
EarlyStopping counter: 10 out of 15
Updating learning rate to 1.1068046444225745e-05
Epoch: 26, Steps: 33 | Train: 0.2945941 Vali: 0.6876863 Test: 0.3851775
EarlyStopping counter: 11 out of 15
Updating learning rate to 8.854437155380597e-06
Epoch: 27, Steps: 33 | Train: 0.2945818 Vali: 0.6906640 Test: 0.3852560
EarlyStopping counter: 12 out of 15
Updating learning rate to 7.083549724304478e-06
Epoch: 28, Steps: 33 | Train: 0.2945710 Vali: 0.6862764 Test: 0.3852225
EarlyStopping counter: 13 out of 15
Updating learning rate to 5.666839779443583e-06
Epoch: 29, Steps: 33 | Train: 0.2945488 Vali: 0.6858090 Test: 0.3852339
EarlyStopping counter: 14 out of 15
Updating learning rate to 4.5334718235548666e-06
Epoch: 30, Steps: 33 | Train: 0.2945288 Vali: 0.6906237 Test: 0.3852278
EarlyStopping counter: 15 out of 15
Early stopping at epoch 30

============================================================
FINAL RESULT: mse=0.3838, mae=0.4046, smape=74.5663
============================================================
