Args in experiment:
Namespace(random_seed=2024, is_training=1, model_id='etth1_96_336', model='CycleNet', data='ETTh1', root_path='./dataset/ETT-small/', data_path='ETTh1.csv', features='M', target='OT', freq='h', checkpoints='./checkpoints/', seq_len=96, label_len=0, pred_len=336, cycle=24, cycle_mode='lookup', cycle_rank=4, model_type='mlp', use_revin=1, mrt_layers=1, freq_layers=0, freq_v2_layers=0, freq_v3_layers=0, freq_v4_layers=0, sgf_layers=0, sgf_prior_path='', freq_loss_alpha=0.8, fusion_mode='serial', fusion_order='mrt_freq', fusion_gate=0, fc_dropout=0.05, head_dropout=0.0, patch_len=16, stride=8, padding_patch='end', revin=0, affine=0, subtract_last=0, decomposition=0, kernel_size=25, individual=0, rnn_type='gru', dec_way='pmf', seg_len=48, channel_id=1, period_len=24, embed_type=0, enc_in=7, dec_in=7, c_out=7, d_model=512, n_heads=8, e_layers=2, d_layers=1, d_ff=2048, moving_avg=25, factor=1, distil=True, dropout=0, embed='timeF', activation='gelu', output_attention=False, do_predict=False, num_workers=10, itr=1, train_epochs=30, batch_size=256, patience=15, learning_rate=0.005, des='test', loss='mse', lradj='type3', pct_start=0.3, use_amp=False, use_gpu=True, gpu=0, use_multi_gpu=False, devices='0,1', test_flop=False)
Use GPU: cuda:0
>>>>>>>start training : etth1_96_336_CycleNet_ETTh1_ftM_sl96_pl336_cycle24_mlp_mrt1_fredf08_seed2024>>>>>>>>>>>>>>>>>>>>>>>>>>
train 8209
val 2545
test 2545
Epoch: 1 cost time: 3.34562349319458
Epoch: 1, Steps: 32 | Train Loss: 1.8789875 Vali Loss: 1.5152450 Test Loss: 0.6139706
Validation loss decreased (inf --> 1.515245).  Saving model ...
Updating learning rate to 0.005
Epoch: 2 cost time: 2.635249137878418
Epoch: 2, Steps: 32 | Train Loss: 1.7206788 Vali Loss: 1.3024089 Test Loss: 0.4800013
Validation loss decreased (1.515245 --> 1.302409).  Saving model ...
Updating learning rate to 0.005
Epoch: 3 cost time: 3.0382637977600098
Epoch: 3, Steps: 32 | Train Loss: 1.6244630 Vali Loss: 1.2875302 Test Loss: 0.4748468
Validation loss decreased (1.302409 --> 1.287530).  Saving model ...
Updating learning rate to 0.005
Epoch: 4 cost time: 2.2990927696228027
Epoch: 4, Steps: 32 | Train Loss: 1.6008442 Vali Loss: 1.2907459 Test Loss: 0.4793896
EarlyStopping counter: 1 out of 15
Updating learning rate to 0.004
Epoch: 5 cost time: 1.8346614837646484
Epoch: 5, Steps: 32 | Train Loss: 1.5877349 Vali Loss: 1.2986116 Test Loss: 0.4847594
EarlyStopping counter: 2 out of 15
Updating learning rate to 0.0032000000000000006
Epoch: 6 cost time: 1.9533545970916748
Epoch: 6, Steps: 32 | Train Loss: 1.5785119 Vali Loss: 1.3071938 Test Loss: 0.4848034
EarlyStopping counter: 3 out of 15
Updating learning rate to 0.0025600000000000006
Epoch: 7 cost time: 2.361417770385742
Epoch: 7, Steps: 32 | Train Loss: 1.5726223 Vali Loss: 1.3124309 Test Loss: 0.4858942
EarlyStopping counter: 4 out of 15
Updating learning rate to 0.0020480000000000003
Epoch: 8 cost time: 2.775463104248047
Epoch: 8, Steps: 32 | Train Loss: 1.5677148 Vali Loss: 1.3218541 Test Loss: 0.4856606
EarlyStopping counter: 5 out of 15
Updating learning rate to 0.0016384000000000004
Epoch: 9 cost time: 2.1344993114471436
Epoch: 9, Steps: 32 | Train Loss: 1.5636515 Vali Loss: 1.3089833 Test Loss: 0.4877854
EarlyStopping counter: 6 out of 15
Updating learning rate to 0.0013107200000000005
Epoch: 10 cost time: 2.979776620864868
Epoch: 10, Steps: 32 | Train Loss: 1.5601980 Vali Loss: 1.3217080 Test Loss: 0.4929594
EarlyStopping counter: 7 out of 15
Updating learning rate to 0.0010485760000000005
Epoch: 11 cost time: 1.8620223999023438
Epoch: 11, Steps: 32 | Train Loss: 1.5579567 Vali Loss: 1.3252468 Test Loss: 0.4917808
EarlyStopping counter: 8 out of 15
Updating learning rate to 0.0008388608000000005
Epoch: 12 cost time: 2.6191391944885254
Epoch: 12, Steps: 32 | Train Loss: 1.5555504 Vali Loss: 1.3163171 Test Loss: 0.4917569
EarlyStopping counter: 9 out of 15
Updating learning rate to 0.0006710886400000003
Epoch: 13 cost time: 2.3294522762298584
Epoch: 13, Steps: 32 | Train Loss: 1.5534451 Vali Loss: 1.3290350 Test Loss: 0.4899305
EarlyStopping counter: 10 out of 15
Updating learning rate to 0.0005368709120000003
Epoch: 14 cost time: 2.732163190841675
Epoch: 14, Steps: 32 | Train Loss: 1.5518062 Vali Loss: 1.3264406 Test Loss: 0.4915518
EarlyStopping counter: 11 out of 15
Updating learning rate to 0.0004294967296000003
Epoch: 15 cost time: 2.3624892234802246
Epoch: 15, Steps: 32 | Train Loss: 1.5509445 Vali Loss: 1.3237889 Test Loss: 0.4893448
EarlyStopping counter: 12 out of 15
Updating learning rate to 0.0003435973836800002
Epoch: 16 cost time: 2.803194761276245
Epoch: 16, Steps: 32 | Train Loss: 1.5500735 Vali Loss: 1.3250185 Test Loss: 0.4896756
EarlyStopping counter: 13 out of 15
Updating learning rate to 0.0002748779069440002
Epoch: 17 cost time: 2.357916831970215
Epoch: 17, Steps: 32 | Train Loss: 1.5489128 Vali Loss: 1.3265374 Test Loss: 0.4915435
EarlyStopping counter: 14 out of 15
Updating learning rate to 0.00021990232555520019
Epoch: 18 cost time: 2.2169485092163086
Epoch: 18, Steps: 32 | Train Loss: 1.5486777 Vali Loss: 1.3268808 Test Loss: 0.4904071
EarlyStopping counter: 15 out of 15
Early stopping
>>>>>>>testing : etth1_96_336_CycleNet_ETTh1_ftM_sl96_pl336_cycle24_mlp_mrt1_fredf08_seed2024<<<<<<<<<<<<<<<<<<<<<<<<<<<<<<<<<
test 2545
mse:0.47330164909362793, mae:0.4440357983112335, smape:78.67854237556458
