Args in experiment:
Namespace(random_seed=2024, is_training=1, model_id='ETTh1_96_96', model='CycleNet', data='ETTh1', root_path='./dataset/ETT-small/', data_path='ETTh1.csv', features='M', target='OT', freq='h', checkpoints='./checkpoints/', seq_len=96, label_len=0, pred_len=96, cycle=24, cycle_mode='lowrank', cycle_rank=4, model_type='mlp', use_revin=1, mrt_layers=0, freq_layers=0, freq_v2_layers=0, freq_v3_layers=0, freq_v4_layers=0, sgf_layers=0, sgf_prior_path='', freq_loss_alpha=1.0, fc_dropout=0.05, head_dropout=0.0, patch_len=16, stride=8, padding_patch='end', revin=0, affine=0, subtract_last=0, decomposition=0, kernel_size=25, individual=0, rnn_type='gru', dec_way='pmf', seg_len=48, channel_id=1, period_len=24, embed_type=0, enc_in=7, dec_in=7, c_out=7, d_model=512, n_heads=8, e_layers=2, d_layers=1, d_ff=2048, moving_avg=25, factor=1, distil=True, dropout=0, embed='timeF', activation='gelu', output_attention=False, do_predict=False, num_workers=10, itr=1, train_epochs=30, batch_size=256, patience=15, learning_rate=0.005, des='test', loss='mse', lradj='type3', pct_start=0.3, use_amp=False, use_gpu=True, gpu=0, use_multi_gpu=False, devices='0,1', test_flop=False)
Use GPU: cuda:0
>>>>>>>start training : ETTh1_96_96_CycleNet_ETTh1_ftM_sl96_pl96_cycle24_mlp_lowrank4_seed2024>>>>>>>>>>>>>>>>>>>>>>>>>>
train 8449
val 2785
test 2785
Epoch: 1 cost time: 3.6175906658172607
Epoch: 1, Steps: 33 | Train Loss: 0.4864225 Vali Loss: 0.8382627 Test Loss: 0.4759724
Validation loss decreased (inf --> 0.838263).  Saving model ...
Updating learning rate to 0.005
Epoch: 2 cost time: 1.2109692096710205
Epoch: 2, Steps: 33 | Train Loss: 0.4474167 Vali Loss: 0.7428242 Test Loss: 0.4216331
Validation loss decreased (0.838263 --> 0.742824).  Saving model ...
Updating learning rate to 0.005
Epoch: 3 cost time: 1.5612967014312744
Epoch: 3, Steps: 33 | Train Loss: 0.3617271 Vali Loss: 0.7061230 Test Loss: 0.3935379
Validation loss decreased (0.742824 --> 0.706123).  Saving model ...
Updating learning rate to 0.005
Epoch: 4 cost time: 1.8377530574798584
Epoch: 4, Steps: 33 | Train Loss: 0.3468051 Vali Loss: 0.6964393 Test Loss: 0.3809690
Validation loss decreased (0.706123 --> 0.696439).  Saving model ...
Updating learning rate to 0.004
Epoch: 5 cost time: 2.0574920177459717
Epoch: 5, Steps: 33 | Train Loss: 0.3393509 Vali Loss: 0.6841593 Test Loss: 0.3777795
Validation loss decreased (0.696439 --> 0.684159).  Saving model ...
Updating learning rate to 0.0032000000000000006
Epoch: 6 cost time: 1.655609369277954
Epoch: 6, Steps: 33 | Train Loss: 0.3344125 Vali Loss: 0.6864038 Test Loss: 0.3764026
EarlyStopping counter: 1 out of 15
Updating learning rate to 0.0025600000000000006
Epoch: 7 cost time: 2.1346187591552734
Epoch: 7, Steps: 33 | Train Loss: 0.3308409 Vali Loss: 0.6888931 Test Loss: 0.3756924
EarlyStopping counter: 2 out of 15
Updating learning rate to 0.0020480000000000003
Epoch: 8 cost time: 1.3705871105194092
Epoch: 8, Steps: 33 | Train Loss: 0.3280354 Vali Loss: 0.6837753 Test Loss: 0.3738694
Validation loss decreased (0.684159 --> 0.683775).  Saving model ...
Updating learning rate to 0.0016384000000000004
Epoch: 9 cost time: 1.8645589351654053
Epoch: 9, Steps: 33 | Train Loss: 0.3259407 Vali Loss: 0.6838761 Test Loss: 0.3772013
EarlyStopping counter: 1 out of 15
Updating learning rate to 0.0013107200000000005
Epoch: 10 cost time: 1.5114047527313232
Epoch: 10, Steps: 33 | Train Loss: 0.3238748 Vali Loss: 0.6838409 Test Loss: 0.3733123
EarlyStopping counter: 2 out of 15
Updating learning rate to 0.0010485760000000005
Epoch: 11 cost time: 1.6407978534698486
Epoch: 11, Steps: 33 | Train Loss: 0.3215733 Vali Loss: 0.6830708 Test Loss: 0.3744857
Validation loss decreased (0.683775 --> 0.683071).  Saving model ...
Updating learning rate to 0.0008388608000000005
Epoch: 12 cost time: 1.5721328258514404
Epoch: 12, Steps: 33 | Train Loss: 0.3201677 Vali Loss: 0.6888632 Test Loss: 0.3745968
EarlyStopping counter: 1 out of 15
Updating learning rate to 0.0006710886400000003
Epoch: 13 cost time: 1.440723180770874
Epoch: 13, Steps: 33 | Train Loss: 0.3189732 Vali Loss: 0.6735172 Test Loss: 0.3751073
Validation loss decreased (0.683071 --> 0.673517).  Saving model ...
Updating learning rate to 0.0005368709120000003
Epoch: 14 cost time: 1.609205722808838
Epoch: 14, Steps: 33 | Train Loss: 0.3179233 Vali Loss: 0.6753522 Test Loss: 0.3760388
EarlyStopping counter: 1 out of 15
Updating learning rate to 0.0004294967296000003
Epoch: 15 cost time: 1.5428462028503418
Epoch: 15, Steps: 33 | Train Loss: 0.3168865 Vali Loss: 0.6834907 Test Loss: 0.3747449
EarlyStopping counter: 2 out of 15
Updating learning rate to 0.0003435973836800002
Epoch: 16 cost time: 1.418236494064331
Epoch: 16, Steps: 33 | Train Loss: 0.3162206 Vali Loss: 0.6836979 Test Loss: 0.3752983
EarlyStopping counter: 3 out of 15
Updating learning rate to 0.0002748779069440002
Epoch: 17 cost time: 1.4944701194763184
Epoch: 17, Steps: 33 | Train Loss: 0.3156189 Vali Loss: 0.6778662 Test Loss: 0.3755094
EarlyStopping counter: 4 out of 15
Updating learning rate to 0.00021990232555520019
Epoch: 18 cost time: 1.3920965194702148
Epoch: 18, Steps: 33 | Train Loss: 0.3151109 Vali Loss: 0.6809613 Test Loss: 0.3752648
EarlyStopping counter: 5 out of 15
Updating learning rate to 0.00017592186044416015
Epoch: 19 cost time: 1.5677809715270996
Epoch: 19, Steps: 33 | Train Loss: 0.3147588 Vali Loss: 0.6900295 Test Loss: 0.3754959
EarlyStopping counter: 6 out of 15
Updating learning rate to 0.00014073748835532812
Epoch: 20 cost time: 1.5871214866638184
Epoch: 20, Steps: 33 | Train Loss: 0.3143951 Vali Loss: 0.6781541 Test Loss: 0.3757913
EarlyStopping counter: 7 out of 15
Updating learning rate to 0.00011258999068426252
Epoch: 21 cost time: 1.347593069076538
Epoch: 21, Steps: 33 | Train Loss: 0.3141624 Vali Loss: 0.6851119 Test Loss: 0.3754806
EarlyStopping counter: 8 out of 15
Updating learning rate to 9.007199254741001e-05
Epoch: 22 cost time: 1.6754112243652344
Epoch: 22, Steps: 33 | Train Loss: 0.3139485 Vali Loss: 0.6803853 Test Loss: 0.3758333
EarlyStopping counter: 9 out of 15
Updating learning rate to 7.205759403792801e-05
Epoch: 23 cost time: 1.4684398174285889
Epoch: 23, Steps: 33 | Train Loss: 0.3138026 Vali Loss: 0.6781617 Test Loss: 0.3757509
EarlyStopping counter: 10 out of 15
Updating learning rate to 5.764607523034242e-05
Epoch: 24 cost time: 1.364424467086792
Epoch: 24, Steps: 33 | Train Loss: 0.3136543 Vali Loss: 0.6796307 Test Loss: 0.3755090
EarlyStopping counter: 11 out of 15
Updating learning rate to 4.611686018427394e-05
Epoch: 25 cost time: 1.268479347229004
Epoch: 25, Steps: 33 | Train Loss: 0.3135155 Vali Loss: 0.6852405 Test Loss: 0.3757400
EarlyStopping counter: 12 out of 15
Updating learning rate to 3.689348814741915e-05
Epoch: 26 cost time: 1.1907272338867188
Epoch: 26, Steps: 33 | Train Loss: 0.3134234 Vali Loss: 0.6858491 Test Loss: 0.3758322
EarlyStopping counter: 13 out of 15
Updating learning rate to 2.951479051793532e-05
Epoch: 27 cost time: 1.532658338546753
Epoch: 27, Steps: 33 | Train Loss: 0.3133700 Vali Loss: 0.6851206 Test Loss: 0.3758480
EarlyStopping counter: 14 out of 15
Updating learning rate to 2.361183241434826e-05
Epoch: 28 cost time: 1.457470178604126
Epoch: 28, Steps: 33 | Train Loss: 0.3132977 Vali Loss: 0.6824392 Test Loss: 0.3757849
EarlyStopping counter: 15 out of 15
Early stopping
>>>>>>>testing : ETTh1_96_96_CycleNet_ETTh1_ftM_sl96_pl96_cycle24_mlp_lowrank4_seed2024<<<<<<<<<<<<<<<<<<<<<<<<<<<<<<<<<
test 2785
mse:0.3743402063846588, mae:0.39591294527053833
