Args in experiment:
Namespace(random_seed=2024, is_training=1, model_id='ETTh1_96_720', model='CycleNet', data='ETTh1', root_path='./dataset/ETT-small/', data_path='ETTh1.csv', features='M', target='OT', freq='h', checkpoints='./checkpoints/', seq_len=96, label_len=0, pred_len=720, cycle=24, model_type='mlp', use_revin=1, mrt_layers=0, freq_layers=0, freq_v2_layers=1, fc_dropout=0.05, head_dropout=0.0, patch_len=16, stride=8, padding_patch='end', revin=0, affine=0, subtract_last=0, decomposition=0, kernel_size=25, individual=0, rnn_type='gru', dec_way='pmf', seg_len=48, channel_id=1, period_len=24, embed_type=0, enc_in=7, dec_in=7, c_out=7, d_model=512, n_heads=8, e_layers=2, d_layers=1, d_ff=2048, moving_avg=25, factor=1, distil=True, dropout=0, embed='timeF', activation='gelu', output_attention=False, do_predict=False, num_workers=10, itr=1, train_epochs=30, batch_size=256, patience=15, learning_rate=0.005, des='test', loss='mse', lradj='type3', pct_start=0.3, use_amp=False, use_gpu=True, gpu=0, use_multi_gpu=False, devices='0,1', test_flop=False)
Use GPU: cuda:0
>>>>>>>start training : ETTh1_96_720_CycleNet_ETTh1_ftM_sl96_pl720_cycle24_mlp_freqv21_seed2024>>>>>>>>>>>>>>>>>>>>>>>>>>
train 7825
val 2161
test 2161
Epoch: 1 cost time: 3.4062297344207764
Epoch: 1, Steps: 30 | Train Loss: 0.7138324 Vali Loss: 1.6816144 Test Loss: 0.5736719
Validation loss decreased (inf --> 1.681614).  Saving model ...
Updating learning rate to 0.005
Epoch: 2 cost time: 1.464592695236206
Epoch: 2, Steps: 30 | Train Loss: 0.6831904 Vali Loss: 1.6812141 Test Loss: 0.5287482
Validation loss decreased (1.681614 --> 1.681214).  Saving model ...
Updating learning rate to 0.005
Epoch: 3 cost time: 1.5254945755004883
Epoch: 3, Steps: 30 | Train Loss: 0.6044489 Vali Loss: 1.5704061 Test Loss: 0.5040652
Validation loss decreased (1.681214 --> 1.570406).  Saving model ...
Updating learning rate to 0.005
Epoch: 4 cost time: 1.50093412399292
Epoch: 4, Steps: 30 | Train Loss: 0.5758040 Vali Loss: 1.5765226 Test Loss: 0.5434362
EarlyStopping counter: 1 out of 15
Updating learning rate to 0.004
Epoch: 5 cost time: 1.514350414276123
Epoch: 5, Steps: 30 | Train Loss: 0.5627915 Vali Loss: 1.6043813 Test Loss: 0.5548127
EarlyStopping counter: 2 out of 15
Updating learning rate to 0.0032000000000000006
Epoch: 6 cost time: 1.5094094276428223
Epoch: 6, Steps: 30 | Train Loss: 0.5555144 Vali Loss: 1.5915674 Test Loss: 0.5836256
EarlyStopping counter: 3 out of 15
Updating learning rate to 0.0025600000000000006
Epoch: 7 cost time: 1.4655568599700928
Epoch: 7, Steps: 30 | Train Loss: 0.5513121 Vali Loss: 1.6185411 Test Loss: 0.5431660
EarlyStopping counter: 4 out of 15
Updating learning rate to 0.0020480000000000003
Epoch: 8 cost time: 1.5656402111053467
Epoch: 8, Steps: 30 | Train Loss: 0.5459822 Vali Loss: 1.6116462 Test Loss: 0.5602536
EarlyStopping counter: 5 out of 15
Updating learning rate to 0.0016384000000000004
Epoch: 9 cost time: 1.4078385829925537
Epoch: 9, Steps: 30 | Train Loss: 0.5422077 Vali Loss: 1.6249744 Test Loss: 0.5502087
EarlyStopping counter: 6 out of 15
Updating learning rate to 0.0013107200000000005
Epoch: 10 cost time: 1.5317490100860596
Epoch: 10, Steps: 30 | Train Loss: 0.5397159 Vali Loss: 1.6115159 Test Loss: 0.5708147
EarlyStopping counter: 7 out of 15
Updating learning rate to 0.0010485760000000005
Epoch: 11 cost time: 1.4790613651275635
Epoch: 11, Steps: 30 | Train Loss: 0.5367181 Vali Loss: 1.6160434 Test Loss: 0.5744984
EarlyStopping counter: 8 out of 15
Updating learning rate to 0.0008388608000000005
Epoch: 12 cost time: 1.4290647506713867
Epoch: 12, Steps: 30 | Train Loss: 0.5346726 Vali Loss: 1.6098330 Test Loss: 0.5841739
EarlyStopping counter: 9 out of 15
Updating learning rate to 0.0006710886400000003
Epoch: 13 cost time: 1.3520326614379883
Epoch: 13, Steps: 30 | Train Loss: 0.5340054 Vali Loss: 1.6102214 Test Loss: 0.5725608
EarlyStopping counter: 10 out of 15
Updating learning rate to 0.0005368709120000003
Epoch: 14 cost time: 1.3285934925079346
Epoch: 14, Steps: 30 | Train Loss: 0.5317716 Vali Loss: 1.6134255 Test Loss: 0.5692772
EarlyStopping counter: 11 out of 15
Updating learning rate to 0.0004294967296000003
Epoch: 15 cost time: 1.3912174701690674
Epoch: 15, Steps: 30 | Train Loss: 0.5303992 Vali Loss: 1.6175961 Test Loss: 0.5659682
EarlyStopping counter: 12 out of 15
Updating learning rate to 0.0003435973836800002
Epoch: 16 cost time: 1.5762581825256348
Epoch: 16, Steps: 30 | Train Loss: 0.5291015 Vali Loss: 1.6317742 Test Loss: 0.5643147
EarlyStopping counter: 13 out of 15
Updating learning rate to 0.0002748779069440002
Epoch: 17 cost time: 1.5899972915649414
Epoch: 17, Steps: 30 | Train Loss: 0.5280532 Vali Loss: 1.6192069 Test Loss: 0.5687452
EarlyStopping counter: 14 out of 15
Updating learning rate to 0.00021990232555520019
Epoch: 18 cost time: 1.5226325988769531
Epoch: 18, Steps: 30 | Train Loss: 0.5271325 Vali Loss: 1.6217368 Test Loss: 0.5674143
EarlyStopping counter: 15 out of 15
Early stopping
>>>>>>>testing : ETTh1_96_720_CycleNet_ETTh1_ftM_sl96_pl720_cycle24_mlp_freqv21_seed2024<<<<<<<<<<<<<<<<<<<<<<<<<<<<<<<<<
test 2161
mse:0.4978860914707184, mae:0.4718967378139496
