Args in experiment:
Namespace(random_seed=2024, is_training=1, model_id='ETTh1_96_192', model='CycleNet', data='ETTh1', root_path='./dataset/ETT-small/', data_path='ETTh1.csv', features='M', target='OT', freq='h', checkpoints='./checkpoints/', seq_len=96, label_len=0, pred_len=192, cycle=24, cycle_mode='lookup', cycle_rank=4, model_type='mlp', use_revin=1, mrt_layers=0, freq_layers=0, freq_v2_layers=0, freq_v3_layers=0, freq_v4_layers=0, sgf_layers=0, sgf_prior_path='', freq_loss_alpha=1.0, fc_dropout=0.05, head_dropout=0.0, patch_len=16, stride=8, padding_patch='end', revin=0, affine=0, subtract_last=0, decomposition=0, kernel_size=25, individual=0, rnn_type='gru', dec_way='pmf', seg_len=48, channel_id=1, period_len=24, embed_type=0, enc_in=7, dec_in=7, c_out=7, d_model=512, n_heads=8, e_layers=2, d_layers=1, d_ff=2048, moving_avg=25, factor=1, distil=True, dropout=0, embed='timeF', activation='gelu', output_attention=False, do_predict=False, num_workers=10, itr=1, train_epochs=30, batch_size=256, patience=15, learning_rate=0.005, des='test', loss='mse', lradj='type3', pct_start=0.3, use_amp=False, use_gpu=True, gpu=0, use_multi_gpu=False, devices='0,1', test_flop=False)
Use GPU: cuda:0
>>>>>>>start training : ETTh1_96_192_CycleNet_ETTh1_ftM_sl96_pl192_cycle24_mlp_seed2024>>>>>>>>>>>>>>>>>>>>>>>>>>
train 8353
val 2689
test 2689
Epoch: 1 cost time: 5.050425052642822
Epoch: 1, Steps: 32 | Train Loss: 0.5391045 Vali Loss: 1.1309624 Test Loss: 0.5223606
Validation loss decreased (inf --> 1.130962).  Saving model ...
Updating learning rate to 0.005
Epoch: 2 cost time: 3.168887138366699
Epoch: 2, Steps: 32 | Train Loss: 0.4967218 Vali Loss: 1.0569888 Test Loss: 0.4717827
Validation loss decreased (1.130962 --> 1.056989).  Saving model ...
Updating learning rate to 0.005
Epoch: 3 cost time: 3.2555110454559326
Epoch: 3, Steps: 32 | Train Loss: 0.4231680 Vali Loss: 1.0133985 Test Loss: 0.4527914
Validation loss decreased (1.056989 --> 1.013399).  Saving model ...
Updating learning rate to 0.005
Epoch: 4 cost time: 3.5816478729248047
Epoch: 4, Steps: 32 | Train Loss: 0.4083441 Vali Loss: 1.0076200 Test Loss: 0.4355476
Validation loss decreased (1.013399 --> 1.007620).  Saving model ...
Updating learning rate to 0.004
Epoch: 5 cost time: 3.6128180027008057
Epoch: 5, Steps: 32 | Train Loss: 0.4006328 Vali Loss: 1.0243690 Test Loss: 0.4436144
EarlyStopping counter: 1 out of 15
Updating learning rate to 0.0032000000000000006
Epoch: 6 cost time: 3.512723684310913
Epoch: 6, Steps: 32 | Train Loss: 0.3951568 Vali Loss: 1.0190234 Test Loss: 0.4388572
EarlyStopping counter: 2 out of 15
Updating learning rate to 0.0025600000000000006
Epoch: 7 cost time: 3.577035427093506
Epoch: 7, Steps: 32 | Train Loss: 0.3906728 Vali Loss: 1.0061929 Test Loss: 0.4415078
Validation loss decreased (1.007620 --> 1.006193).  Saving model ...
Updating learning rate to 0.0020480000000000003
Epoch: 8 cost time: 3.4939844608306885
Epoch: 8, Steps: 32 | Train Loss: 0.3876097 Vali Loss: 1.0118616 Test Loss: 0.4384394
EarlyStopping counter: 1 out of 15
Updating learning rate to 0.0016384000000000004
Epoch: 9 cost time: 3.4244041442871094
Epoch: 9, Steps: 32 | Train Loss: 0.3842517 Vali Loss: 1.0133774 Test Loss: 0.4402438
EarlyStopping counter: 2 out of 15
Updating learning rate to 0.0013107200000000005
Epoch: 10 cost time: 3.6477956771850586
Epoch: 10, Steps: 32 | Train Loss: 0.3821381 Vali Loss: 1.0141741 Test Loss: 0.4407623
EarlyStopping counter: 3 out of 15
Updating learning rate to 0.0010485760000000005
Epoch: 11 cost time: 2.5442426204681396
Epoch: 11, Steps: 32 | Train Loss: 0.3797582 Vali Loss: 1.0095091 Test Loss: 0.4400729
EarlyStopping counter: 4 out of 15
Updating learning rate to 0.0008388608000000005
Epoch: 12 cost time: 4.137752056121826
Epoch: 12, Steps: 32 | Train Loss: 0.3779930 Vali Loss: 1.0108540 Test Loss: 0.4391955
EarlyStopping counter: 5 out of 15
Updating learning rate to 0.0006710886400000003
Epoch: 13 cost time: 3.108596086502075
Epoch: 13, Steps: 32 | Train Loss: 0.3771828 Vali Loss: 1.0100777 Test Loss: 0.4412333
EarlyStopping counter: 6 out of 15
Updating learning rate to 0.0005368709120000003
Epoch: 14 cost time: 4.1223859786987305
Epoch: 14, Steps: 32 | Train Loss: 0.3755077 Vali Loss: 1.0081241 Test Loss: 0.4401744
EarlyStopping counter: 7 out of 15
Updating learning rate to 0.0004294967296000003
Epoch: 15 cost time: 2.391432762145996
Epoch: 15, Steps: 32 | Train Loss: 0.3740052 Vali Loss: 1.0114641 Test Loss: 0.4434206
EarlyStopping counter: 8 out of 15
Updating learning rate to 0.0003435973836800002
Epoch: 16 cost time: 2.3011109828948975
Epoch: 16, Steps: 32 | Train Loss: 0.3737942 Vali Loss: 1.0064567 Test Loss: 0.4413835
EarlyStopping counter: 9 out of 15
Updating learning rate to 0.0002748779069440002
Epoch: 17 cost time: 2.812812566757202
Epoch: 17, Steps: 32 | Train Loss: 0.3732549 Vali Loss: 1.0175273 Test Loss: 0.4416322
EarlyStopping counter: 10 out of 15
Updating learning rate to 0.00021990232555520019
Epoch: 18 cost time: 1.9315640926361084
Epoch: 18, Steps: 32 | Train Loss: 0.3724794 Vali Loss: 1.0113012 Test Loss: 0.4406975
EarlyStopping counter: 11 out of 15
Updating learning rate to 0.00017592186044416015
Epoch: 19 cost time: 1.8211965560913086
Epoch: 19, Steps: 32 | Train Loss: 0.3724550 Vali Loss: 1.0150325 Test Loss: 0.4431392
EarlyStopping counter: 12 out of 15
Updating learning rate to 0.00014073748835532812
Epoch: 20 cost time: 1.9120686054229736
Epoch: 20, Steps: 32 | Train Loss: 0.3711178 Vali Loss: 1.0164855 Test Loss: 0.4414748
EarlyStopping counter: 13 out of 15
Updating learning rate to 0.00011258999068426252
Epoch: 21 cost time: 2.707062005996704
Epoch: 21, Steps: 32 | Train Loss: 0.3702613 Vali Loss: 1.0181931 Test Loss: 0.4416345
EarlyStopping counter: 14 out of 15
Updating learning rate to 9.007199254741001e-05
Epoch: 22 cost time: 1.8277146816253662
Epoch: 22, Steps: 32 | Train Loss: 0.3710421 Vali Loss: 1.0141973 Test Loss: 0.4422961
EarlyStopping counter: 15 out of 15
Early stopping
>>>>>>>testing : ETTh1_96_192_CycleNet_ETTh1_ftM_sl96_pl192_cycle24_mlp_seed2024<<<<<<<<<<<<<<<<<<<<<<<<<<<<<<<<<
test 2689
mse:0.44053328037261963, mae:0.4313471019268036
