Args in experiment:
Namespace(random_seed=2024, is_training=1, model_id='etth1_96_192', model='CycleNet', data='ETTh1', root_path='./dataset/ETT-small/', data_path='ETTh1.csv', features='M', target='OT', freq='h', checkpoints='./checkpoints/', seq_len=96, label_len=0, pred_len=192, cycle=24, cycle_mode='lookup', cycle_rank=4, model_type='mlp', use_revin=1, mrt_layers=1, freq_layers=1, freq_v2_layers=0, freq_v3_layers=0, freq_v4_layers=0, sgf_layers=0, sgf_prior_path='', freq_loss_alpha=0.8, fusion_mode='serial', fusion_order='mrt_freq', fusion_gate=0, fc_dropout=0.05, head_dropout=0.0, patch_len=16, stride=8, padding_patch='end', revin=0, affine=0, subtract_last=0, decomposition=0, kernel_size=25, individual=0, rnn_type='gru', dec_way='pmf', seg_len=48, channel_id=1, period_len=24, embed_type=0, enc_in=7, dec_in=7, c_out=7, d_model=512, n_heads=8, e_layers=2, d_layers=1, d_ff=2048, moving_avg=25, factor=1, distil=True, dropout=0, embed='timeF', activation='gelu', output_attention=False, do_predict=False, num_workers=10, itr=1, train_epochs=30, batch_size=256, patience=15, learning_rate=0.005, des='test', loss='mse', lradj='type3', pct_start=0.3, use_amp=False, use_gpu=True, gpu=0, use_multi_gpu=False, devices='0,1', test_flop=False)
Use GPU: cuda:0
>>>>>>>start training : etth1_96_192_CycleNet_ETTh1_ftM_sl96_pl192_cycle24_mlp_mrt1_freq1_fredf08_seed2024>>>>>>>>>>>>>>>>>>>>>>>>>>
train 8353
val 2689
test 2689
Epoch: 1 cost time: 3.4793741703033447
Epoch: 1, Steps: 32 | Train Loss: 1.5077444 Vali Loss: 1.2075870 Test Loss: 0.5705172
Validation loss decreased (inf --> 1.207587).  Saving model ...
Updating learning rate to 0.005
Epoch: 2 cost time: 2.7186548709869385
Epoch: 2, Steps: 32 | Train Loss: 1.3746866 Vali Loss: 1.0224893 Test Loss: 0.4479044
Validation loss decreased (1.207587 --> 1.022489).  Saving model ...
Updating learning rate to 0.005
Epoch: 3 cost time: 2.160830020904541
Epoch: 3, Steps: 32 | Train Loss: 1.2695164 Vali Loss: 1.0016525 Test Loss: 0.4365886
Validation loss decreased (1.022489 --> 1.001652).  Saving model ...
Updating learning rate to 0.005
Epoch: 4 cost time: 1.8077788352966309
Epoch: 4, Steps: 32 | Train Loss: 1.2470436 Vali Loss: 1.0025496 Test Loss: 0.4292828
EarlyStopping counter: 1 out of 15
Updating learning rate to 0.004
Epoch: 5 cost time: 2.505411386489868
Epoch: 5, Steps: 32 | Train Loss: 1.2372800 Vali Loss: 0.9906915 Test Loss: 0.4329374
Validation loss decreased (1.001652 --> 0.990692).  Saving model ...
Updating learning rate to 0.0032000000000000006
Epoch: 6 cost time: 2.2645716667175293
Epoch: 6, Steps: 32 | Train Loss: 1.2307940 Vali Loss: 0.9964398 Test Loss: 0.4319403
EarlyStopping counter: 1 out of 15
Updating learning rate to 0.0025600000000000006
Epoch: 7 cost time: 2.7575955390930176
Epoch: 7, Steps: 32 | Train Loss: 1.2251854 Vali Loss: 0.9967794 Test Loss: 0.4298644
EarlyStopping counter: 2 out of 15
Updating learning rate to 0.0020480000000000003
Epoch: 8 cost time: 2.8546457290649414
Epoch: 8, Steps: 32 | Train Loss: 1.2213201 Vali Loss: 0.9957827 Test Loss: 0.4329094
EarlyStopping counter: 3 out of 15
Updating learning rate to 0.0016384000000000004
Epoch: 9 cost time: 2.7270004749298096
Epoch: 9, Steps: 32 | Train Loss: 1.2171493 Vali Loss: 1.0020010 Test Loss: 0.4332171
EarlyStopping counter: 4 out of 15
Updating learning rate to 0.0013107200000000005
Epoch: 10 cost time: 2.1330771446228027
Epoch: 10, Steps: 32 | Train Loss: 1.2149990 Vali Loss: 0.9970217 Test Loss: 0.4342874
EarlyStopping counter: 5 out of 15
Updating learning rate to 0.0010485760000000005
Epoch: 11 cost time: 1.9547555446624756
Epoch: 11, Steps: 32 | Train Loss: 1.2121410 Vali Loss: 1.0051473 Test Loss: 0.4321400
EarlyStopping counter: 6 out of 15
Updating learning rate to 0.0008388608000000005
Epoch: 12 cost time: 2.25699520111084
Epoch: 12, Steps: 32 | Train Loss: 1.2092396 Vali Loss: 1.0004077 Test Loss: 0.4327020
EarlyStopping counter: 7 out of 15
Updating learning rate to 0.0006710886400000003
Epoch: 13 cost time: 2.035301685333252
Epoch: 13, Steps: 32 | Train Loss: 1.2095314 Vali Loss: 1.0005610 Test Loss: 0.4338939
EarlyStopping counter: 8 out of 15
Updating learning rate to 0.0005368709120000003
Epoch: 14 cost time: 2.914813280105591
Epoch: 14, Steps: 32 | Train Loss: 1.2074256 Vali Loss: 0.9970223 Test Loss: 0.4335336
EarlyStopping counter: 9 out of 15
Updating learning rate to 0.0004294967296000003
Epoch: 15 cost time: 2.4027833938598633
Epoch: 15, Steps: 32 | Train Loss: 1.2055474 Vali Loss: 1.0036861 Test Loss: 0.4337652
EarlyStopping counter: 10 out of 15
Updating learning rate to 0.0003435973836800002
Epoch: 16 cost time: 2.5710983276367188
Epoch: 16, Steps: 32 | Train Loss: 1.2054448 Vali Loss: 0.9956828 Test Loss: 0.4326267
EarlyStopping counter: 11 out of 15
Updating learning rate to 0.0002748779069440002
Epoch: 17 cost time: 2.3646240234375
Epoch: 17, Steps: 32 | Train Loss: 1.2042589 Vali Loss: 1.0066478 Test Loss: 0.4329796
EarlyStopping counter: 12 out of 15
Updating learning rate to 0.00021990232555520019
Epoch: 18 cost time: 2.5044610500335693
Epoch: 18, Steps: 32 | Train Loss: 1.2032603 Vali Loss: 1.0073411 Test Loss: 0.4330430
EarlyStopping counter: 13 out of 15
Updating learning rate to 0.00017592186044416015
Epoch: 19 cost time: 1.9007668495178223
Epoch: 19, Steps: 32 | Train Loss: 1.2024367 Vali Loss: 1.0010723 Test Loss: 0.4333441
EarlyStopping counter: 14 out of 15
Updating learning rate to 0.00014073748835532812
Epoch: 20 cost time: 2.6060163974761963
Epoch: 20, Steps: 32 | Train Loss: 1.2031083 Vali Loss: 1.0050480 Test Loss: 0.4329334
EarlyStopping counter: 15 out of 15
Early stopping
>>>>>>>testing : etth1_96_192_CycleNet_ETTh1_ftM_sl96_pl192_cycle24_mlp_mrt1_freq1_fredf08_seed2024<<<<<<<<<<<<<<<<<<<<<<<<<<<<<<<<<
test 2689
mse:0.42966869473457336, mae:0.42233312129974365, smape:75.63123106956482
