Device: cuda:0
Dataset: etth1 | Pred len: 192 | Seed: 2024
Stage3 FreDF: True

============================================================
STAGE 1: Train MRT only (freq_layers=0)
============================================================
train 8353
val 2689
test 2689
Epoch: 1, Steps: 32 | Train: 0.5406128 Vali: 1.1294357 Test: 0.5234287
Validation loss decreased (inf --> 1.129436).  Saving model ...
Updating learning rate to 0.005
Epoch: 2, Steps: 32 | Train: 0.5031450 Vali: 1.0716809 Test: 0.4808422
Validation loss decreased (1.129436 --> 1.071681).  Saving model ...
Updating learning rate to 0.005
Epoch: 3, Steps: 32 | Train: 0.4232656 Vali: 1.0142131 Test: 0.4498642
Validation loss decreased (1.071681 --> 1.014213).  Saving model ...
Updating learning rate to 0.005
Epoch: 4, Steps: 32 | Train: 0.4077881 Vali: 1.0109912 Test: 0.4368206
Validation loss decreased (1.014213 --> 1.010991).  Saving model ...
Updating learning rate to 0.004
Epoch: 5, Steps: 32 | Train: 0.4007009 Vali: 0.9999403 Test: 0.4362757
Validation loss decreased (1.010991 --> 0.999940).  Saving model ...
Updating learning rate to 0.0032000000000000006
Epoch: 6, Steps: 32 | Train: 0.3962260 Vali: 1.0031129 Test: 0.4404680
EarlyStopping counter: 1 out of 15
Updating learning rate to 0.0025600000000000006
Epoch: 7, Steps: 32 | Train: 0.3917213 Vali: 1.0065277 Test: 0.4370459
EarlyStopping counter: 2 out of 15
Updating learning rate to 0.0020480000000000003
Epoch: 8, Steps: 32 | Train: 0.3883076 Vali: 1.0088261 Test: 0.4406373
EarlyStopping counter: 3 out of 15
Updating learning rate to 0.0016384000000000004
Epoch: 9, Steps: 32 | Train: 0.3853068 Vali: 1.0123835 Test: 0.4422241
EarlyStopping counter: 4 out of 15
Updating learning rate to 0.0013107200000000005
Epoch: 10, Steps: 32 | Train: 0.3829840 Vali: 1.0092216 Test: 0.4427678
EarlyStopping counter: 5 out of 15
Updating learning rate to 0.0010485760000000005
Epoch: 11, Steps: 32 | Train: 0.3805711 Vali: 1.0211690 Test: 0.4406164
EarlyStopping counter: 6 out of 15
Updating learning rate to 0.0008388608000000005
Epoch: 12, Steps: 32 | Train: 0.3783204 Vali: 1.0130149 Test: 0.4407468
EarlyStopping counter: 7 out of 15
Updating learning rate to 0.0006710886400000003
Epoch: 13, Steps: 32 | Train: 0.3782028 Vali: 1.0119792 Test: 0.4423210
EarlyStopping counter: 8 out of 15
Updating learning rate to 0.0005368709120000003
Epoch: 14, Steps: 32 | Train: 0.3766768 Vali: 1.0081423 Test: 0.4410782
EarlyStopping counter: 9 out of 15
Updating learning rate to 0.0004294967296000003
Epoch: 15, Steps: 32 | Train: 0.3748776 Vali: 1.0158885 Test: 0.4404150
EarlyStopping counter: 10 out of 15
Updating learning rate to 0.0003435973836800002
Epoch: 16, Steps: 32 | Train: 0.3749567 Vali: 1.0086239 Test: 0.4410187
EarlyStopping counter: 11 out of 15
Updating learning rate to 0.0002748779069440002
Epoch: 17, Steps: 32 | Train: 0.3739373 Vali: 1.0214070 Test: 0.4410671
EarlyStopping counter: 12 out of 15
Updating learning rate to 0.00021990232555520019
Epoch: 18, Steps: 32 | Train: 0.3730231 Vali: 1.0182349 Test: 0.4415399
EarlyStopping counter: 13 out of 15
Updating learning rate to 0.00017592186044416015
Epoch: 19, Steps: 32 | Train: 0.3722230 Vali: 1.0159074 Test: 0.4411343
EarlyStopping counter: 14 out of 15
Updating learning rate to 0.00014073748835532812
Epoch: 20, Steps: 32 | Train: 0.3725718 Vali: 1.0157895 Test: 0.4414349
EarlyStopping counter: 15 out of 15
Early stopping at epoch 20
STAGE 1 RESULT: mse=0.4338, mae=0.4258, smape=76.5407

============================================================
STAGE 2: Load MRT + add Freq branch (frozen backbone/MRT/cycle)
============================================================
train 8353
val 2689
test 2689
Loaded 10 params from stage1, 0 new (Freq branch)
Trainable: 344 / 148,757 (0.2%)
Epoch: 1, Train: 0.3952308 Vali: 1.0057084
Validation loss decreased (inf --> 1.005708).  Saving model ...
Epoch: 2, Train: 0.3961941 Vali: 1.0128211
EarlyStopping counter: 1 out of 3
Epoch: 3, Train: 0.3961669 Vali: 1.0078150
EarlyStopping counter: 2 out of 3
STAGE 2 complete.

============================================================
STAGE 3: Unfreeze all, joint fine-tune (LR=0.0015 + FreDF(α=0.8))
============================================================
train 8353
val 2689
test 2689
Loaded stage2 checkpoint, unfreezing all parameters.
Epoch: 1, Steps: 32 | Train: 1.2371463 Vali: 1.0060088 Test: 0.4348922
Validation loss decreased (inf --> 1.006009).  Saving model ...
Updating learning rate to 0.0015
Epoch: 2, Steps: 32 | Train: 1.2371072 Vali: 1.0020493 Test: 0.4341756
Validation loss decreased (1.006009 --> 1.002049).  Saving model ...
Updating learning rate to 0.0015
Epoch: 3, Steps: 32 | Train: 1.2279205 Vali: 0.9993924 Test: 0.4344318
Validation loss decreased (1.002049 --> 0.999392).  Saving model ...
Updating learning rate to 0.0015
Epoch: 4, Steps: 32 | Train: 1.2228812 Vali: 1.0073980 Test: 0.4352334
EarlyStopping counter: 1 out of 15
Updating learning rate to 0.0012000000000000001
Epoch: 5, Steps: 32 | Train: 1.2188877 Vali: 1.0138632 Test: 0.4328268
EarlyStopping counter: 2 out of 15
Updating learning rate to 0.0009600000000000002
Epoch: 6, Steps: 32 | Train: 1.2148273 Vali: 1.0057930 Test: 0.4329659
EarlyStopping counter: 3 out of 15
Updating learning rate to 0.0007680000000000002
Epoch: 7, Steps: 32 | Train: 1.2112979 Vali: 1.0059995 Test: 0.4336402
EarlyStopping counter: 4 out of 15
Updating learning rate to 0.0006144000000000001
Epoch: 8, Steps: 32 | Train: 1.2085676 Vali: 1.0054489 Test: 0.4324964
EarlyStopping counter: 5 out of 15
Updating learning rate to 0.0004915200000000002
Epoch: 9, Steps: 32 | Train: 1.2056331 Vali: 1.0037993 Test: 0.4342271
EarlyStopping counter: 6 out of 15
Updating learning rate to 0.00039321600000000016
Epoch: 10, Steps: 32 | Train: 1.2045589 Vali: 0.9996887 Test: 0.4333493
EarlyStopping counter: 7 out of 15
Updating learning rate to 0.0003145728000000001
Epoch: 11, Steps: 32 | Train: 1.2034584 Vali: 1.0023438 Test: 0.4340139
EarlyStopping counter: 8 out of 15
Updating learning rate to 0.00025165824000000016
Epoch: 12, Steps: 32 | Train: 1.2025130 Vali: 1.0015259 Test: 0.4333269
EarlyStopping counter: 9 out of 15
Updating learning rate to 0.0002013265920000001
Epoch: 13, Steps: 32 | Train: 1.2015513 Vali: 0.9991203 Test: 0.4338709
Validation loss decreased (0.999392 --> 0.999120).  Saving model ...
Updating learning rate to 0.0001610612736000001
Epoch: 14, Steps: 32 | Train: 1.2005083 Vali: 1.0035887 Test: 0.4336904
EarlyStopping counter: 1 out of 15
Updating learning rate to 0.00012884901888000007
Epoch: 15, Steps: 32 | Train: 1.1998810 Vali: 1.0071174 Test: 0.4338673
EarlyStopping counter: 2 out of 15
Updating learning rate to 0.00010307921510400006
Epoch: 16, Steps: 32 | Train: 1.1986256 Vali: 1.0050310 Test: 0.4339522
EarlyStopping counter: 3 out of 15
Updating learning rate to 8.246337208320005e-05
Epoch: 17, Steps: 32 | Train: 1.1987037 Vali: 1.0015649 Test: 0.4335263
EarlyStopping counter: 4 out of 15
Updating learning rate to 6.597069766656006e-05
Epoch: 18, Steps: 32 | Train: 1.1996036 Vali: 0.9988179 Test: 0.4341752
Validation loss decreased (0.999120 --> 0.998818).  Saving model ...
Updating learning rate to 5.2776558133248044e-05
Epoch: 19, Steps: 32 | Train: 1.1996307 Vali: 1.0050825 Test: 0.4341102
EarlyStopping counter: 1 out of 15
Updating learning rate to 4.222124650659844e-05
Epoch: 20, Steps: 32 | Train: 1.1982728 Vali: 1.0056428 Test: 0.4337772
EarlyStopping counter: 2 out of 15
Updating learning rate to 3.377699720527876e-05
Epoch: 21, Steps: 32 | Train: 1.1979338 Vali: 1.0064803 Test: 0.4339337
EarlyStopping counter: 3 out of 15
Updating learning rate to 2.7021597764223006e-05
Epoch: 22, Steps: 32 | Train: 1.1985779 Vali: 1.0044259 Test: 0.4340507
EarlyStopping counter: 4 out of 15
Updating learning rate to 2.1617278211378404e-05
Epoch: 23, Steps: 32 | Train: 1.1986212 Vali: 1.0061241 Test: 0.4340001
EarlyStopping counter: 5 out of 15
Updating learning rate to 1.7293822569102725e-05
Epoch: 24, Steps: 32 | Train: 1.1979856 Vali: 1.0045473 Test: 0.4340434
EarlyStopping counter: 6 out of 15
Updating learning rate to 1.383505805528218e-05
Epoch: 25, Steps: 32 | Train: 1.1977481 Vali: 0.9973482 Test: 0.4340846
Validation loss decreased (0.998818 --> 0.997348).  Saving model ...
Updating learning rate to 1.1068046444225745e-05
Epoch: 26, Steps: 32 | Train: 1.1968444 Vali: 1.0070848 Test: 0.4340621
EarlyStopping counter: 1 out of 15
Updating learning rate to 8.854437155380597e-06
Epoch: 27, Steps: 32 | Train: 1.1976840 Vali: 1.0080067 Test: 0.4340600
EarlyStopping counter: 2 out of 15
Updating learning rate to 7.083549724304478e-06
Epoch: 28, Steps: 32 | Train: 1.1978285 Vali: 1.0088072 Test: 0.4340514
EarlyStopping counter: 3 out of 15
Updating learning rate to 5.666839779443583e-06
Epoch: 29, Steps: 32 | Train: 1.1973405 Vali: 1.0024569 Test: 0.4340634
EarlyStopping counter: 4 out of 15
Updating learning rate to 4.5334718235548666e-06
Epoch: 30, Steps: 32 | Train: 1.1973626 Vali: 1.0025727 Test: 0.4340914
EarlyStopping counter: 5 out of 15
Updating learning rate to 3.626777458843893e-06

============================================================
FINAL RESULT: mse=0.4312, mae=0.4271, smape=77.2198
============================================================
