Args in experiment:
Namespace(random_seed=2024, is_training=1, model_id='etth1_96_96', model='CycleNet', data='ETTh1', root_path='./dataset/ETT-small/', data_path='ETTh1.csv', features='M', target='OT', freq='h', checkpoints='./checkpoints/', seq_len=96, label_len=0, pred_len=96, cycle=24, cycle_mode='lookup', cycle_rank=4, model_type='mlp', use_revin=1, mrt_layers=1, freq_layers=1, freq_v2_layers=0, freq_v3_layers=0, freq_v4_layers=0, sgf_layers=0, sgf_prior_path='', freq_loss_alpha=1.0, fusion_mode='serial', fusion_order='mrt_freq', fusion_gate=0, fc_dropout=0.05, head_dropout=0.0, patch_len=16, stride=8, padding_patch='end', revin=0, affine=0, subtract_last=0, decomposition=0, kernel_size=25, individual=0, rnn_type='gru', dec_way='pmf', seg_len=48, channel_id=1, period_len=24, embed_type=0, enc_in=7, dec_in=7, c_out=7, d_model=512, n_heads=8, e_layers=2, d_layers=1, d_ff=2048, moving_avg=25, factor=1, distil=True, dropout=0, embed='timeF', activation='gelu', output_attention=False, do_predict=False, num_workers=10, itr=1, train_epochs=30, batch_size=256, patience=15, learning_rate=0.005, des='test', loss='mse', lradj='type3', pct_start=0.3, use_amp=False, use_gpu=True, gpu=0, use_multi_gpu=False, devices='0,1', test_flop=False)
Use GPU: cuda:0
>>>>>>>start training : etth1_96_96_CycleNet_ETTh1_ftM_sl96_pl96_cycle24_mlp_mrt1_freq1_seed2024>>>>>>>>>>>>>>>>>>>>>>>>>>
train 8449
val 2785
test 2785
Epoch: 1 cost time: 3.571280002593994
Epoch: 1, Steps: 33 | Train Loss: 0.4837640 Vali Loss: 0.8331566 Test Loss: 0.4722579
Validation loss decreased (inf --> 0.833157).  Saving model ...
Updating learning rate to 0.005
Epoch: 2 cost time: 2.571488857269287
Epoch: 2, Steps: 33 | Train Loss: 0.4433440 Vali Loss: 0.7614525 Test Loss: 0.4322250
Validation loss decreased (0.833157 --> 0.761452).  Saving model ...
Updating learning rate to 0.005
Epoch: 3 cost time: 2.272355794906616
Epoch: 3, Steps: 33 | Train Loss: 0.3600288 Vali Loss: 0.7018810 Test Loss: 0.3952565
Validation loss decreased (0.761452 --> 0.701881).  Saving model ...
Updating learning rate to 0.005
Epoch: 4 cost time: 2.4755194187164307
Epoch: 4, Steps: 33 | Train Loss: 0.3458542 Vali Loss: 0.6985065 Test Loss: 0.3816520
Validation loss decreased (0.701881 --> 0.698507).  Saving model ...
Updating learning rate to 0.004
Epoch: 5 cost time: 2.7744641304016113
Epoch: 5, Steps: 33 | Train Loss: 0.3390965 Vali Loss: 0.6853908 Test Loss: 0.3809692
Validation loss decreased (0.698507 --> 0.685391).  Saving model ...
Updating learning rate to 0.0032000000000000006
Epoch: 6 cost time: 2.6406185626983643
Epoch: 6, Steps: 33 | Train Loss: 0.3350100 Vali Loss: 0.6862265 Test Loss: 0.3773707
EarlyStopping counter: 1 out of 15
Updating learning rate to 0.0025600000000000006
Epoch: 7 cost time: 2.9866886138916016
Epoch: 7, Steps: 33 | Train Loss: 0.3316356 Vali Loss: 0.6834066 Test Loss: 0.3773144
Validation loss decreased (0.685391 --> 0.683407).  Saving model ...
Updating learning rate to 0.0020480000000000003
Epoch: 8 cost time: 2.335603952407837
Epoch: 8, Steps: 33 | Train Loss: 0.3290210 Vali Loss: 0.6925747 Test Loss: 0.3766428
EarlyStopping counter: 1 out of 15
Updating learning rate to 0.0016384000000000004
Epoch: 9 cost time: 2.6155426502227783
Epoch: 9, Steps: 33 | Train Loss: 0.3263729 Vali Loss: 0.6810860 Test Loss: 0.3760056
Validation loss decreased (0.683407 --> 0.681086).  Saving model ...
Updating learning rate to 0.0013107200000000005
Epoch: 10 cost time: 2.545856475830078
Epoch: 10, Steps: 33 | Train Loss: 0.3243257 Vali Loss: 0.6771187 Test Loss: 0.3762955
Validation loss decreased (0.681086 --> 0.677119).  Saving model ...
Updating learning rate to 0.0010485760000000005
Epoch: 11 cost time: 2.0359065532684326
Epoch: 11, Steps: 33 | Train Loss: 0.3227854 Vali Loss: 0.6833779 Test Loss: 0.3764715
EarlyStopping counter: 1 out of 15
Updating learning rate to 0.0008388608000000005
Epoch: 12 cost time: 1.6457593441009521
Epoch: 12, Steps: 33 | Train Loss: 0.3204875 Vali Loss: 0.6806026 Test Loss: 0.3762989
EarlyStopping counter: 2 out of 15
Updating learning rate to 0.0006710886400000003
Epoch: 13 cost time: 2.7495534420013428
Epoch: 13, Steps: 33 | Train Loss: 0.3194739 Vali Loss: 0.6870561 Test Loss: 0.3760669
EarlyStopping counter: 3 out of 15
Updating learning rate to 0.0005368709120000003
Epoch: 14 cost time: 2.8616933822631836
Epoch: 14, Steps: 33 | Train Loss: 0.3184131 Vali Loss: 0.6831798 Test Loss: 0.3755154
EarlyStopping counter: 4 out of 15
Updating learning rate to 0.0004294967296000003
Epoch: 15 cost time: 2.8438589572906494
Epoch: 15, Steps: 33 | Train Loss: 0.3175320 Vali Loss: 0.6788020 Test Loss: 0.3764155
EarlyStopping counter: 5 out of 15
Updating learning rate to 0.0003435973836800002
Epoch: 16 cost time: 2.5655431747436523
Epoch: 16, Steps: 33 | Train Loss: 0.3165624 Vali Loss: 0.6859671 Test Loss: 0.3752881
EarlyStopping counter: 6 out of 15
Updating learning rate to 0.0002748779069440002
Epoch: 17 cost time: 3.2582309246063232
Epoch: 17, Steps: 33 | Train Loss: 0.3158454 Vali Loss: 0.6820223 Test Loss: 0.3756671
EarlyStopping counter: 7 out of 15
Updating learning rate to 0.00021990232555520019
Epoch: 18 cost time: 3.1159234046936035
Epoch: 18, Steps: 33 | Train Loss: 0.3153529 Vali Loss: 0.6886958 Test Loss: 0.3755940
EarlyStopping counter: 8 out of 15
Updating learning rate to 0.00017592186044416015
Epoch: 19 cost time: 2.1942126750946045
Epoch: 19, Steps: 33 | Train Loss: 0.3149976 Vali Loss: 0.6818873 Test Loss: 0.3760591
EarlyStopping counter: 9 out of 15
Updating learning rate to 0.00014073748835532812
Epoch: 20 cost time: 3.107748508453369
Epoch: 20, Steps: 33 | Train Loss: 0.3146543 Vali Loss: 0.6853812 Test Loss: 0.3759065
EarlyStopping counter: 10 out of 15
Updating learning rate to 0.00011258999068426252
Epoch: 21 cost time: 2.570826768875122
Epoch: 21, Steps: 33 | Train Loss: 0.3143562 Vali Loss: 0.6825575 Test Loss: 0.3755927
EarlyStopping counter: 11 out of 15
Updating learning rate to 9.007199254741001e-05
Epoch: 22 cost time: 2.56915020942688
Epoch: 22, Steps: 33 | Train Loss: 0.3141485 Vali Loss: 0.6855489 Test Loss: 0.3760008
EarlyStopping counter: 12 out of 15
Updating learning rate to 7.205759403792801e-05
Epoch: 23 cost time: 2.715147018432617
Epoch: 23, Steps: 33 | Train Loss: 0.3139734 Vali Loss: 0.6882544 Test Loss: 0.3761991
EarlyStopping counter: 13 out of 15
Updating learning rate to 5.764607523034242e-05
Epoch: 24 cost time: 3.0543065071105957
Epoch: 24, Steps: 33 | Train Loss: 0.3137993 Vali Loss: 0.6779803 Test Loss: 0.3758871
EarlyStopping counter: 14 out of 15
Updating learning rate to 4.611686018427394e-05
Epoch: 25 cost time: 2.6811671257019043
Epoch: 25, Steps: 33 | Train Loss: 0.3137039 Vali Loss: 0.6885442 Test Loss: 0.3761901
EarlyStopping counter: 15 out of 15
Early stopping
>>>>>>>testing : etth1_96_96_CycleNet_ETTh1_ftM_sl96_pl96_cycle24_mlp_mrt1_freq1_seed2024<<<<<<<<<<<<<<<<<<<<<<<<<<<<<<<<<
test 2785
mse:0.37572556734085083, mae:0.3950251340866089, smape:73.13629984855652
