Args in experiment:
Namespace(random_seed=2024, is_training=1, model_id='ETTh1_96_336', model='CycleNet', data='ETTh1', root_path='./dataset/ETT-small/', data_path='ETTh1.csv', features='M', target='OT', freq='h', checkpoints='./checkpoints/', seq_len=96, label_len=0, pred_len=336, cycle=24, cycle_mode='lookup', cycle_rank=4, model_type='mlp', use_revin=1, mrt_layers=0, freq_layers=0, freq_v2_layers=0, freq_v3_layers=0, freq_v4_layers=0, sgf_layers=0, sgf_prior_path='', freq_loss_alpha=1.0, fc_dropout=0.05, head_dropout=0.0, patch_len=16, stride=8, padding_patch='end', revin=0, affine=0, subtract_last=0, decomposition=0, kernel_size=25, individual=0, rnn_type='gru', dec_way='pmf', seg_len=48, channel_id=1, period_len=24, embed_type=0, enc_in=7, dec_in=7, c_out=7, d_model=512, n_heads=8, e_layers=2, d_layers=1, d_ff=2048, moving_avg=25, factor=1, distil=True, dropout=0, embed='timeF', activation='gelu', output_attention=False, do_predict=False, num_workers=10, itr=1, train_epochs=30, batch_size=256, patience=15, learning_rate=0.005, des='test', loss='mse', lradj='type3', pct_start=0.3, use_amp=False, use_gpu=True, gpu=0, use_multi_gpu=False, devices='0,1', test_flop=False)
Use GPU: cuda:0
>>>>>>>start training : ETTh1_96_336_CycleNet_ETTh1_ftM_sl96_pl336_cycle24_mlp_seed2024>>>>>>>>>>>>>>>>>>>>>>>>>>
train 8209
val 2545
test 2545
Epoch: 1 cost time: 4.993244647979736
Epoch: 1, Steps: 32 | Train Loss: 0.5964297 Vali Loss: 1.4071505 Test Loss: 0.5548933
Validation loss decreased (inf --> 1.407151).  Saving model ...
Updating learning rate to 0.005
Epoch: 2 cost time: 2.397777557373047
Epoch: 2, Steps: 32 | Train Loss: 0.5574378 Vali Loss: 1.3610270 Test Loss: 0.5061304
Validation loss decreased (1.407151 --> 1.361027).  Saving model ...
Updating learning rate to 0.005
Epoch: 3 cost time: 2.690077066421509
Epoch: 3, Steps: 32 | Train Loss: 0.4833188 Vali Loss: 1.3190389 Test Loss: 0.4963786
Validation loss decreased (1.361027 --> 1.319039).  Saving model ...
Updating learning rate to 0.005
Epoch: 4 cost time: 2.693572998046875
Epoch: 4, Steps: 32 | Train Loss: 0.4656520 Vali Loss: 1.3277342 Test Loss: 0.4906771
EarlyStopping counter: 1 out of 15
Updating learning rate to 0.004
Epoch: 5 cost time: 2.646279811859131
Epoch: 5, Steps: 32 | Train Loss: 0.4553711 Vali Loss: 1.3371136 Test Loss: 0.5006970
EarlyStopping counter: 2 out of 15
Updating learning rate to 0.0032000000000000006
Epoch: 6 cost time: 2.2975244522094727
Epoch: 6, Steps: 32 | Train Loss: 0.4509015 Vali Loss: 1.3383293 Test Loss: 0.4953391
EarlyStopping counter: 3 out of 15
Updating learning rate to 0.0025600000000000006
Epoch: 7 cost time: 1.8048267364501953
Epoch: 7, Steps: 32 | Train Loss: 0.4463198 Vali Loss: 1.3437179 Test Loss: 0.5075933
EarlyStopping counter: 4 out of 15
Updating learning rate to 0.0020480000000000003
Epoch: 8 cost time: 2.049628734588623
Epoch: 8, Steps: 32 | Train Loss: 0.4426861 Vali Loss: 1.3368518 Test Loss: 0.4996415
EarlyStopping counter: 5 out of 15
Updating learning rate to 0.0016384000000000004
Epoch: 9 cost time: 3.024193525314331
Epoch: 9, Steps: 32 | Train Loss: 0.4399392 Vali Loss: 1.3372401 Test Loss: 0.5064834
EarlyStopping counter: 6 out of 15
Updating learning rate to 0.0013107200000000005
Epoch: 10 cost time: 2.5838093757629395
Epoch: 10, Steps: 32 | Train Loss: 0.4374853 Vali Loss: 1.3396672 Test Loss: 0.5023218
EarlyStopping counter: 7 out of 15
Updating learning rate to 0.0010485760000000005
Epoch: 11 cost time: 2.345830202102661
Epoch: 11, Steps: 32 | Train Loss: 0.4357120 Vali Loss: 1.3411664 Test Loss: 0.4967200
EarlyStopping counter: 8 out of 15
Updating learning rate to 0.0008388608000000005
Epoch: 12 cost time: 2.1989259719848633
Epoch: 12, Steps: 32 | Train Loss: 0.4338215 Vali Loss: 1.3431401 Test Loss: 0.5017805
EarlyStopping counter: 9 out of 15
Updating learning rate to 0.0006710886400000003
Epoch: 13 cost time: 2.5664753913879395
Epoch: 13, Steps: 32 | Train Loss: 0.4328939 Vali Loss: 1.3410805 Test Loss: 0.5010639
EarlyStopping counter: 10 out of 15
Updating learning rate to 0.0005368709120000003
Epoch: 14 cost time: 3.0954713821411133
Epoch: 14, Steps: 32 | Train Loss: 0.4313562 Vali Loss: 1.3368293 Test Loss: 0.5052580
EarlyStopping counter: 11 out of 15
Updating learning rate to 0.0004294967296000003
Epoch: 15 cost time: 2.1820573806762695
Epoch: 15, Steps: 32 | Train Loss: 0.4303070 Vali Loss: 1.3367839 Test Loss: 0.5042379
EarlyStopping counter: 12 out of 15
Updating learning rate to 0.0003435973836800002
Epoch: 16 cost time: 2.5029470920562744
Epoch: 16, Steps: 32 | Train Loss: 0.4294001 Vali Loss: 1.3431545 Test Loss: 0.5052339
EarlyStopping counter: 13 out of 15
Updating learning rate to 0.0002748779069440002
Epoch: 17 cost time: 2.401686429977417
Epoch: 17, Steps: 32 | Train Loss: 0.4286546 Vali Loss: 1.3418131 Test Loss: 0.5043578
EarlyStopping counter: 14 out of 15
Updating learning rate to 0.00021990232555520019
Epoch: 18 cost time: 2.2313947677612305
Epoch: 18, Steps: 32 | Train Loss: 0.4280142 Vali Loss: 1.3468710 Test Loss: 0.5024231
EarlyStopping counter: 15 out of 15
Early stopping
>>>>>>>testing : ETTh1_96_336_CycleNet_ETTh1_ftM_sl96_pl336_cycle24_mlp_seed2024<<<<<<<<<<<<<<<<<<<<<<<<<<<<<<<<<
test 2545
mse:0.49485698342323303, mae:0.45309752225875854
