Device: cuda:0
Dataset: etth1 | Pred len: 336 | Seed: 2024
Stage3 FreDF: True

============================================================
STAGE 1: Train MRT only (freq_layers=0)
============================================================
train 8209
val 2545
test 2545
Epoch: 1, Steps: 32 | Train: 0.5957221 Vali: 1.4096049 Test: 0.5542048
Validation loss decreased (inf --> 1.409605).  Saving model ...
Updating learning rate to 0.005
Epoch: 2, Steps: 32 | Train: 0.5571024 Vali: 1.3432574 Test: 0.4964613
Validation loss decreased (1.409605 --> 1.343257).  Saving model ...
Updating learning rate to 0.005
Epoch: 3, Steps: 32 | Train: 0.4837780 Vali: 1.3098263 Test: 0.4972943
Validation loss decreased (1.343257 --> 1.309826).  Saving model ...
Updating learning rate to 0.005
Epoch: 4, Steps: 32 | Train: 0.4653617 Vali: 1.3166942 Test: 0.4852495
EarlyStopping counter: 1 out of 15
Updating learning rate to 0.004
Epoch: 5, Steps: 32 | Train: 0.4560267 Vali: 1.3270554 Test: 0.5082148
EarlyStopping counter: 2 out of 15
Updating learning rate to 0.0032000000000000006
Epoch: 6, Steps: 32 | Train: 0.4500394 Vali: 1.3317203 Test: 0.4995450
EarlyStopping counter: 3 out of 15
Updating learning rate to 0.0025600000000000006
Epoch: 7, Steps: 32 | Train: 0.4462218 Vali: 1.3388026 Test: 0.5093571
EarlyStopping counter: 4 out of 15
Updating learning rate to 0.0020480000000000003
Epoch: 8, Steps: 32 | Train: 0.4427224 Vali: 1.3468586 Test: 0.5025498
EarlyStopping counter: 5 out of 15
Updating learning rate to 0.0016384000000000004
Epoch: 9, Steps: 32 | Train: 0.4402137 Vali: 1.3318402 Test: 0.5062917
EarlyStopping counter: 6 out of 15
Updating learning rate to 0.0013107200000000005
Epoch: 10, Steps: 32 | Train: 0.4381776 Vali: 1.3495467 Test: 0.5066827
EarlyStopping counter: 7 out of 15
Updating learning rate to 0.0010485760000000005
Epoch: 11, Steps: 32 | Train: 0.4359572 Vali: 1.3489509 Test: 0.5050267
EarlyStopping counter: 8 out of 15
Updating learning rate to 0.0008388608000000005
Epoch: 12, Steps: 32 | Train: 0.4342507 Vali: 1.3405490 Test: 0.5073034
EarlyStopping counter: 9 out of 15
Updating learning rate to 0.0006710886400000003
Epoch: 13, Steps: 32 | Train: 0.4327769 Vali: 1.3513177 Test: 0.5055570
EarlyStopping counter: 10 out of 15
Updating learning rate to 0.0005368709120000003
Epoch: 14, Steps: 32 | Train: 0.4312741 Vali: 1.3470958 Test: 0.5104310
EarlyStopping counter: 11 out of 15
Updating learning rate to 0.0004294967296000003
Epoch: 15, Steps: 32 | Train: 0.4306189 Vali: 1.3450544 Test: 0.5080006
EarlyStopping counter: 12 out of 15
Updating learning rate to 0.0003435973836800002
Epoch: 16, Steps: 32 | Train: 0.4298293 Vali: 1.3498362 Test: 0.5035423
EarlyStopping counter: 13 out of 15
Updating learning rate to 0.0002748779069440002
Epoch: 17, Steps: 32 | Train: 0.4289146 Vali: 1.3503602 Test: 0.5094508
EarlyStopping counter: 14 out of 15
Updating learning rate to 0.00021990232555520019
Epoch: 18, Steps: 32 | Train: 0.4285912 Vali: 1.3497839 Test: 0.5050798
EarlyStopping counter: 15 out of 15
Early stopping at epoch 18
STAGE 1 RESULT: mse=0.4958, mae=0.4525, smape=79.4184

============================================================
STAGE 2: Load MRT + add Freq branch (frozen backbone/MRT/cycle)
============================================================
train 8209
val 2545
test 2545
Loaded 10 params from stage1, 0 new (Freq branch)
Trainable: 344 / 222,629 (0.2%)
Epoch: 1, Train: 0.4711517 Vali: 1.3182387
Validation loss decreased (inf --> 1.318239).  Saving model ...
Epoch: 2, Train: 0.4708551 Vali: 1.3214281
EarlyStopping counter: 1 out of 3
Epoch: 3, Train: 0.4707705 Vali: 1.3141153
Validation loss decreased (1.318239 --> 1.314115).  Saving model ...
STAGE 2 complete.

============================================================
STAGE 3: Unfreeze all, joint fine-tune (LR=0.0015 + FreDF(α=0.8))
============================================================
train 8209
val 2545
test 2545
Loaded stage2 checkpoint, unfreezing all parameters.
Epoch: 1, Steps: 32 | Train: 1.6205877 Vali: 1.3104841 Test: 0.4815365
Validation loss decreased (inf --> 1.310484).  Saving model ...
Updating learning rate to 0.0015
Epoch: 2, Steps: 32 | Train: 1.6119887 Vali: 1.2990491 Test: 0.4773869
Validation loss decreased (1.310484 --> 1.299049).  Saving model ...
Updating learning rate to 0.0015
Epoch: 3, Steps: 32 | Train: 1.5936313 Vali: 1.3052390 Test: 0.4832286
EarlyStopping counter: 1 out of 15
Updating learning rate to 0.0015
Epoch: 4, Steps: 32 | Train: 1.5832995 Vali: 1.3147690 Test: 0.4831692
EarlyStopping counter: 2 out of 15
Updating learning rate to 0.0012000000000000001
Epoch: 5, Steps: 32 | Train: 1.5766748 Vali: 1.3184598 Test: 0.4828472
EarlyStopping counter: 3 out of 15
Updating learning rate to 0.0009600000000000002
Epoch: 6, Steps: 32 | Train: 1.5717549 Vali: 1.3207726 Test: 0.4860434
EarlyStopping counter: 4 out of 15
Updating learning rate to 0.0007680000000000002
Epoch: 7, Steps: 32 | Train: 1.5686819 Vali: 1.3153501 Test: 0.4866740
EarlyStopping counter: 5 out of 15
Updating learning rate to 0.0006144000000000001
Epoch: 8, Steps: 32 | Train: 1.5655819 Vali: 1.3206560 Test: 0.4887953
EarlyStopping counter: 6 out of 15
Updating learning rate to 0.0004915200000000002
Epoch: 9, Steps: 32 | Train: 1.5632871 Vali: 1.3248126 Test: 0.4906792
EarlyStopping counter: 7 out of 15
Updating learning rate to 0.00039321600000000016
Epoch: 10, Steps: 32 | Train: 1.5614275 Vali: 1.3216855 Test: 0.4878879
EarlyStopping counter: 8 out of 15
Updating learning rate to 0.0003145728000000001
Epoch: 11, Steps: 32 | Train: 1.5600396 Vali: 1.3185044 Test: 0.4884981
EarlyStopping counter: 9 out of 15
Updating learning rate to 0.00025165824000000016
Epoch: 12, Steps: 32 | Train: 1.5589683 Vali: 1.3249253 Test: 0.4878116
EarlyStopping counter: 10 out of 15
Updating learning rate to 0.0002013265920000001
Epoch: 13, Steps: 32 | Train: 1.5578888 Vali: 1.3173524 Test: 0.4893238
EarlyStopping counter: 11 out of 15
Updating learning rate to 0.0001610612736000001
Epoch: 14, Steps: 32 | Train: 1.5570853 Vali: 1.3269002 Test: 0.4885291
EarlyStopping counter: 12 out of 15
Updating learning rate to 0.00012884901888000007
Epoch: 15, Steps: 32 | Train: 1.5565229 Vali: 1.3261005 Test: 0.4890681
EarlyStopping counter: 13 out of 15
Updating learning rate to 0.00010307921510400006
Epoch: 16, Steps: 32 | Train: 1.5561821 Vali: 1.3262975 Test: 0.4889387
EarlyStopping counter: 14 out of 15
Updating learning rate to 8.246337208320005e-05
Epoch: 17, Steps: 32 | Train: 1.5557888 Vali: 1.3161086 Test: 0.4888318
EarlyStopping counter: 15 out of 15
Early stopping at epoch 17

============================================================
FINAL RESULT: mse=0.4759, mae=0.4480, smape=80.2786
============================================================
