Args in experiment:
Namespace(random_seed=2024, is_training=1, model_id='etth1_96_96', model='CycleNet', data='ETTh1', root_path='./dataset/ETT-small/', data_path='ETTh1.csv', features='M', target='OT', freq='h', checkpoints='./checkpoints/', seq_len=96, label_len=0, pred_len=96, cycle=24, cycle_mode='lookup', cycle_rank=4, model_type='mlp', use_revin=1, mrt_layers=1, freq_layers=1, freq_v2_layers=0, freq_v3_layers=0, freq_v4_layers=0, sgf_layers=0, sgf_prior_path='', freq_loss_alpha=0.8, fusion_mode='serial', fusion_order='mrt_freq', fusion_gate=0, fc_dropout=0.05, head_dropout=0.0, patch_len=16, stride=8, padding_patch='end', revin=0, affine=0, subtract_last=0, decomposition=0, kernel_size=25, individual=0, rnn_type='gru', dec_way='pmf', seg_len=48, channel_id=1, period_len=24, embed_type=0, enc_in=7, dec_in=7, c_out=7, d_model=512, n_heads=8, e_layers=2, d_layers=1, d_ff=2048, moving_avg=25, factor=1, distil=True, dropout=0, embed='timeF', activation='gelu', output_attention=False, do_predict=False, num_workers=10, itr=1, train_epochs=30, batch_size=256, patience=15, learning_rate=0.005, des='test', loss='mse', lradj='type3', pct_start=0.3, use_amp=False, use_gpu=True, gpu=0, use_multi_gpu=False, devices='0,1', test_flop=False)
Use GPU: cuda:0
>>>>>>>start training : etth1_96_96_CycleNet_ETTh1_ftM_sl96_pl96_cycle24_mlp_mrt1_freq1_fredf08_seed2024>>>>>>>>>>>>>>>>>>>>>>>>>>
train 8449
val 2785
test 2785
Epoch: 1 cost time: 4.1352763175964355
Epoch: 1, Steps: 33 | Train Loss: 1.1599528 Vali Loss: 0.8808740 Test Loss: 0.4994236
Validation loss decreased (inf --> 0.880874).  Saving model ...
Updating learning rate to 0.005
Epoch: 2 cost time: 3.0742151737213135
Epoch: 2, Steps: 33 | Train Loss: 1.0590445 Vali Loss: 0.7320924 Test Loss: 0.4091744
Validation loss decreased (0.880874 --> 0.732092).  Saving model ...
Updating learning rate to 0.005
Epoch: 3 cost time: 2.90173077583313
Epoch: 3, Steps: 33 | Train Loss: 0.9433450 Vali Loss: 0.6917113 Test Loss: 0.3810132
Validation loss decreased (0.732092 --> 0.691711).  Saving model ...
Updating learning rate to 0.005
Epoch: 4 cost time: 2.8674192428588867
Epoch: 4, Steps: 33 | Train Loss: 0.9206980 Vali Loss: 0.6935538 Test Loss: 0.3773191
EarlyStopping counter: 1 out of 15
Updating learning rate to 0.004
Epoch: 5 cost time: 3.217130422592163
Epoch: 5, Steps: 33 | Train Loss: 0.9111593 Vali Loss: 0.6821355 Test Loss: 0.3757674
Validation loss decreased (0.691711 --> 0.682135).  Saving model ...
Updating learning rate to 0.0032000000000000006
Epoch: 6 cost time: 3.2155933380126953
Epoch: 6, Steps: 33 | Train Loss: 0.9057886 Vali Loss: 0.6828841 Test Loss: 0.3744384
EarlyStopping counter: 1 out of 15
Updating learning rate to 0.0025600000000000006
Epoch: 7 cost time: 3.3551762104034424
Epoch: 7, Steps: 33 | Train Loss: 0.9014909 Vali Loss: 0.6803647 Test Loss: 0.3754628
Validation loss decreased (0.682135 --> 0.680365).  Saving model ...
Updating learning rate to 0.0020480000000000003
Epoch: 8 cost time: 2.669773817062378
Epoch: 8, Steps: 33 | Train Loss: 0.8983122 Vali Loss: 0.6868991 Test Loss: 0.3746892
EarlyStopping counter: 1 out of 15
Updating learning rate to 0.0016384000000000004
Epoch: 9 cost time: 3.146419048309326
Epoch: 9, Steps: 33 | Train Loss: 0.8951793 Vali Loss: 0.6755290 Test Loss: 0.3731275
Validation loss decreased (0.680365 --> 0.675529).  Saving model ...
Updating learning rate to 0.0013107200000000005
Epoch: 10 cost time: 1.8919262886047363
Epoch: 10, Steps: 33 | Train Loss: 0.8927670 Vali Loss: 0.6689540 Test Loss: 0.3733590
Validation loss decreased (0.675529 --> 0.668954).  Saving model ...
Updating learning rate to 0.0010485760000000005
Epoch: 11 cost time: 1.8441884517669678
Epoch: 11, Steps: 33 | Train Loss: 0.8909772 Vali Loss: 0.6755794 Test Loss: 0.3734606
EarlyStopping counter: 1 out of 15
Updating learning rate to 0.0008388608000000005
Epoch: 12 cost time: 1.895535945892334
Epoch: 12, Steps: 33 | Train Loss: 0.8888125 Vali Loss: 0.6749961 Test Loss: 0.3728226
EarlyStopping counter: 2 out of 15
Updating learning rate to 0.0006710886400000003
Epoch: 13 cost time: 3.353999137878418
Epoch: 13, Steps: 33 | Train Loss: 0.8875647 Vali Loss: 0.6785346 Test Loss: 0.3724547
EarlyStopping counter: 3 out of 15
Updating learning rate to 0.0005368709120000003
Epoch: 14 cost time: 3.3438615798950195
Epoch: 14, Steps: 33 | Train Loss: 0.8861667 Vali Loss: 0.6744682 Test Loss: 0.3723294
EarlyStopping counter: 4 out of 15
Updating learning rate to 0.0004294967296000003
Epoch: 15 cost time: 2.7738828659057617
Epoch: 15, Steps: 33 | Train Loss: 0.8850917 Vali Loss: 0.6747710 Test Loss: 0.3727671
EarlyStopping counter: 5 out of 15
Updating learning rate to 0.0003435973836800002
Epoch: 16 cost time: 3.022960662841797
Epoch: 16, Steps: 33 | Train Loss: 0.8841413 Vali Loss: 0.6793951 Test Loss: 0.3713842
EarlyStopping counter: 6 out of 15
Updating learning rate to 0.0002748779069440002
Epoch: 17 cost time: 3.2134087085723877
Epoch: 17, Steps: 33 | Train Loss: 0.8833770 Vali Loss: 0.6734156 Test Loss: 0.3722923
EarlyStopping counter: 7 out of 15
Updating learning rate to 0.00021990232555520019
Epoch: 18 cost time: 2.8987531661987305
Epoch: 18, Steps: 33 | Train Loss: 0.8828095 Vali Loss: 0.6823208 Test Loss: 0.3717536
EarlyStopping counter: 8 out of 15
Updating learning rate to 0.00017592186044416015
Epoch: 19 cost time: 2.8898398876190186
Epoch: 19, Steps: 33 | Train Loss: 0.8824019 Vali Loss: 0.6744258 Test Loss: 0.3721687
EarlyStopping counter: 9 out of 15
Updating learning rate to 0.00014073748835532812
Epoch: 20 cost time: 2.458357334136963
Epoch: 20, Steps: 33 | Train Loss: 0.8819776 Vali Loss: 0.6783220 Test Loss: 0.3720046
EarlyStopping counter: 10 out of 15
Updating learning rate to 0.00011258999068426252
Epoch: 21 cost time: 3.3711488246917725
Epoch: 21, Steps: 33 | Train Loss: 0.8816488 Vali Loss: 0.6745746 Test Loss: 0.3718078
EarlyStopping counter: 11 out of 15
Updating learning rate to 9.007199254741001e-05
Epoch: 22 cost time: 2.695283889770508
Epoch: 22, Steps: 33 | Train Loss: 0.8814074 Vali Loss: 0.6781318 Test Loss: 0.3720260
EarlyStopping counter: 12 out of 15
Updating learning rate to 7.205759403792801e-05
Epoch: 23 cost time: 3.0607733726501465
Epoch: 23, Steps: 33 | Train Loss: 0.8812135 Vali Loss: 0.6811277 Test Loss: 0.3721240
EarlyStopping counter: 13 out of 15
Updating learning rate to 5.764607523034242e-05
Epoch: 24 cost time: 2.540038824081421
Epoch: 24, Steps: 33 | Train Loss: 0.8810114 Vali Loss: 0.6700410 Test Loss: 0.3719908
EarlyStopping counter: 14 out of 15
Updating learning rate to 4.611686018427394e-05
Epoch: 25 cost time: 3.169633626937866
Epoch: 25, Steps: 33 | Train Loss: 0.8809266 Vali Loss: 0.6810694 Test Loss: 0.3721224
EarlyStopping counter: 15 out of 15
Early stopping
>>>>>>>testing : etth1_96_96_CycleNet_ETTh1_ftM_sl96_pl96_cycle24_mlp_mrt1_freq1_fredf08_seed2024<<<<<<<<<<<<<<<<<<<<<<<<<<<<<<<<<
test 2785
mse:0.37262800335884094, mae:0.3923264443874359, smape:72.26406335830688
