Args in experiment:
Namespace(random_seed=2024, is_training=1, model_id='ETTh1_96_336', model='CycleNet', data='ETTh1', root_path='./dataset/ETT-small/', data_path='ETTh1.csv', features='M', target='OT', freq='h', checkpoints='./checkpoints/', seq_len=96, label_len=0, pred_len=336, cycle=24, model_type='mlp', use_revin=1, mrt_layers=0, freq_layers=0, freq_v2_layers=0, freq_v3_layers=0, freq_v4_layers=0, sgf_layers=1, sgf_prior_path='./stability_priors/stability_ETTh1_cycle24_L96.npy', freq_loss_alpha=1.0, fc_dropout=0.05, head_dropout=0.0, patch_len=16, stride=8, padding_patch='end', revin=0, affine=0, subtract_last=0, decomposition=0, kernel_size=25, individual=0, rnn_type='gru', dec_way='pmf', seg_len=48, channel_id=1, period_len=24, embed_type=0, enc_in=7, dec_in=7, c_out=7, d_model=512, n_heads=8, e_layers=2, d_layers=1, d_ff=2048, moving_avg=25, factor=1, distil=True, dropout=0, embed='timeF', activation='gelu', output_attention=False, do_predict=False, num_workers=10, itr=1, train_epochs=30, batch_size=256, patience=15, learning_rate=0.005, des='test', loss='mse', lradj='type3', pct_start=0.3, use_amp=False, use_gpu=True, gpu=0, use_multi_gpu=False, devices='0,1', test_flop=False)
Loaded SGF prior from ./stability_priors/stability_ETTh1_cycle24_L96.npy, shape=(49,)
Use GPU: cuda:0
>>>>>>>start training : ETTh1_96_336_CycleNet_ETTh1_ftM_sl96_pl336_cycle24_mlp_sgf1_seed2024>>>>>>>>>>>>>>>>>>>>>>>>>>
train 8209
val 2545
test 2545
Epoch: 1 cost time: 3.9800028800964355
Epoch: 1, Steps: 32 | Train Loss: 0.5964112 Vali Loss: 1.4071586 Test Loss: 0.5548488
Validation loss decreased (inf --> 1.407159).  Saving model ...
Updating learning rate to 0.005
Epoch: 2 cost time: 2.166354179382324
Epoch: 2, Steps: 32 | Train Loss: 0.5569549 Vali Loss: 1.3603948 Test Loss: 0.5048341
Validation loss decreased (1.407159 --> 1.360395).  Saving model ...
Updating learning rate to 0.005
Epoch: 3 cost time: 1.9046368598937988
Epoch: 3, Steps: 32 | Train Loss: 0.4830793 Vali Loss: 1.3160905 Test Loss: 0.4938568
Validation loss decreased (1.360395 --> 1.316090).  Saving model ...
Updating learning rate to 0.005
Epoch: 4 cost time: 1.9614977836608887
Epoch: 4, Steps: 32 | Train Loss: 0.4654396 Vali Loss: 1.3238503 Test Loss: 0.4895573
EarlyStopping counter: 1 out of 15
Updating learning rate to 0.004
Epoch: 5 cost time: 2.289468765258789
Epoch: 5, Steps: 32 | Train Loss: 0.4550276 Vali Loss: 1.3275723 Test Loss: 0.5015504
EarlyStopping counter: 2 out of 15
Updating learning rate to 0.0032000000000000006
Epoch: 6 cost time: 2.0094666481018066
Epoch: 6, Steps: 32 | Train Loss: 0.4503668 Vali Loss: 1.3342732 Test Loss: 0.4973501
EarlyStopping counter: 3 out of 15
Updating learning rate to 0.0025600000000000006
Epoch: 7 cost time: 2.7440571784973145
Epoch: 7, Steps: 32 | Train Loss: 0.4461744 Vali Loss: 1.3357937 Test Loss: 0.5068268
EarlyStopping counter: 4 out of 15
Updating learning rate to 0.0020480000000000003
Epoch: 8 cost time: 2.134927988052368
Epoch: 8, Steps: 32 | Train Loss: 0.4422171 Vali Loss: 1.3363187 Test Loss: 0.4991758
EarlyStopping counter: 5 out of 15
Updating learning rate to 0.0016384000000000004
Epoch: 9 cost time: 2.5689570903778076
Epoch: 9, Steps: 32 | Train Loss: 0.4397192 Vali Loss: 1.3354516 Test Loss: 0.5090121
EarlyStopping counter: 6 out of 15
Updating learning rate to 0.0013107200000000005
Epoch: 10 cost time: 2.0624334812164307
Epoch: 10, Steps: 32 | Train Loss: 0.4371770 Vali Loss: 1.3351891 Test Loss: 0.5021718
EarlyStopping counter: 7 out of 15
Updating learning rate to 0.0010485760000000005
Epoch: 11 cost time: 2.0101523399353027
Epoch: 11, Steps: 32 | Train Loss: 0.4355085 Vali Loss: 1.3369268 Test Loss: 0.4984563
EarlyStopping counter: 8 out of 15
Updating learning rate to 0.0008388608000000005
Epoch: 12 cost time: 2.319378614425659
Epoch: 12, Steps: 32 | Train Loss: 0.4335391 Vali Loss: 1.3380876 Test Loss: 0.5019784
EarlyStopping counter: 9 out of 15
Updating learning rate to 0.0006710886400000003
Epoch: 13 cost time: 1.8710782527923584
Epoch: 13, Steps: 32 | Train Loss: 0.4325243 Vali Loss: 1.3353983 Test Loss: 0.5027550
EarlyStopping counter: 10 out of 15
Updating learning rate to 0.0005368709120000003
Epoch: 14 cost time: 2.4662036895751953
Epoch: 14, Steps: 32 | Train Loss: 0.4310584 Vali Loss: 1.3309828 Test Loss: 0.5060574
EarlyStopping counter: 11 out of 15
Updating learning rate to 0.0004294967296000003
Epoch: 15 cost time: 1.8931858539581299
Epoch: 15, Steps: 32 | Train Loss: 0.4300129 Vali Loss: 1.3319176 Test Loss: 0.5048546
EarlyStopping counter: 12 out of 15
Updating learning rate to 0.0003435973836800002
Epoch: 16 cost time: 1.6326494216918945
Epoch: 16, Steps: 32 | Train Loss: 0.4292689 Vali Loss: 1.3402439 Test Loss: 0.5074016
EarlyStopping counter: 13 out of 15
Updating learning rate to 0.0002748779069440002
Epoch: 17 cost time: 1.731170654296875
Epoch: 17, Steps: 32 | Train Loss: 0.4286104 Vali Loss: 1.3401010 Test Loss: 0.5060235
EarlyStopping counter: 14 out of 15
Updating learning rate to 0.00021990232555520019
Epoch: 18 cost time: 2.6515941619873047
Epoch: 18, Steps: 32 | Train Loss: 0.4279785 Vali Loss: 1.3450027 Test Loss: 0.5043619
EarlyStopping counter: 15 out of 15
Early stopping
>>>>>>>testing : ETTh1_96_336_CycleNet_ETTh1_ftM_sl96_pl336_cycle24_mlp_sgf1_seed2024<<<<<<<<<<<<<<<<<<<<<<<<<<<<<<<<<
test 2545
mse:0.49231192469596863, mae:0.4515780210494995
