Args in experiment:
Namespace(random_seed=2024, is_training=1, model_id='etth1_96_720', model='CycleNet', data='ETTh1', root_path='./dataset/ETT-small/', data_path='ETTh1.csv', features='M', target='OT', freq='h', checkpoints='./checkpoints/', seq_len=96, label_len=0, pred_len=720, cycle=24, cycle_mode='lookup', cycle_rank=4, model_type='mlp', use_revin=1, mrt_layers=1, freq_layers=0, freq_v2_layers=0, freq_v3_layers=0, freq_v4_layers=0, sgf_layers=0, sgf_prior_path='', freq_loss_alpha=0.8, fusion_mode='serial', fusion_order='mrt_freq', fusion_gate=0, fc_dropout=0.05, head_dropout=0.0, patch_len=16, stride=8, padding_patch='end', revin=0, affine=0, subtract_last=0, decomposition=0, kernel_size=25, individual=0, rnn_type='gru', dec_way='pmf', seg_len=48, channel_id=1, period_len=24, embed_type=0, enc_in=7, dec_in=7, c_out=7, d_model=512, n_heads=8, e_layers=2, d_layers=1, d_ff=2048, moving_avg=25, factor=1, distil=True, dropout=0, embed='timeF', activation='gelu', output_attention=False, do_predict=False, num_workers=10, itr=1, train_epochs=30, batch_size=256, patience=15, learning_rate=0.005, des='test', loss='mse', lradj='type3', pct_start=0.3, use_amp=False, use_gpu=True, gpu=0, use_multi_gpu=False, devices='0,1', test_flop=False)
Use GPU: cuda:0
>>>>>>>start training : etth1_96_720_CycleNet_ETTh1_ftM_sl96_pl720_cycle24_mlp_mrt1_fredf08_seed2024>>>>>>>>>>>>>>>>>>>>>>>>>>
train 7825
val 2161
test 2161
Epoch: 1 cost time: 3.897930383682251
Epoch: 1, Steps: 30 | Train Loss: 2.6026276 Vali Loss: 1.8349344 Test Loss: 0.6592662
Validation loss decreased (inf --> 1.834934).  Saving model ...
Updating learning rate to 0.005
Epoch: 2 cost time: 2.599595308303833
Epoch: 2, Steps: 30 | Train Loss: 2.4074372 Vali Loss: 1.5741576 Test Loss: 0.5005864
Validation loss decreased (1.834934 --> 1.574158).  Saving model ...
Updating learning rate to 0.005
Epoch: 3 cost time: 3.289931535720825
Epoch: 3, Steps: 30 | Train Loss: 2.3172601 Vali Loss: 1.5484633 Test Loss: 0.4996322
Validation loss decreased (1.574158 --> 1.548463).  Saving model ...
Updating learning rate to 0.005
Epoch: 4 cost time: 2.5588741302490234
Epoch: 4, Steps: 30 | Train Loss: 2.2863657 Vali Loss: 1.5487237 Test Loss: 0.5181559
EarlyStopping counter: 1 out of 15
Updating learning rate to 0.004
Epoch: 5 cost time: 2.6064088344573975
Epoch: 5, Steps: 30 | Train Loss: 2.2665738 Vali Loss: 1.5630891 Test Loss: 0.5249368
EarlyStopping counter: 2 out of 15
Updating learning rate to 0.0032000000000000006
Epoch: 6 cost time: 2.9171626567840576
Epoch: 6, Steps: 30 | Train Loss: 2.2543261 Vali Loss: 1.5586601 Test Loss: 0.5284618
EarlyStopping counter: 3 out of 15
Updating learning rate to 0.0025600000000000006
Epoch: 7 cost time: 2.538435459136963
Epoch: 7, Steps: 30 | Train Loss: 2.2456177 Vali Loss: 1.5554345 Test Loss: 0.5281358
EarlyStopping counter: 4 out of 15
Updating learning rate to 0.0020480000000000003
Epoch: 8 cost time: 2.838521718978882
Epoch: 8, Steps: 30 | Train Loss: 2.2390525 Vali Loss: 1.5584722 Test Loss: 0.5438356
EarlyStopping counter: 5 out of 15
Updating learning rate to 0.0016384000000000004
Epoch: 9 cost time: 2.576436758041382
Epoch: 9, Steps: 30 | Train Loss: 2.2327792 Vali Loss: 1.5633140 Test Loss: 0.5430714
EarlyStopping counter: 6 out of 15
Updating learning rate to 0.0013107200000000005
Epoch: 10 cost time: 3.0229485034942627
Epoch: 10, Steps: 30 | Train Loss: 2.2291140 Vali Loss: 1.5625551 Test Loss: 0.5351073
EarlyStopping counter: 7 out of 15
Updating learning rate to 0.0010485760000000005
Epoch: 11 cost time: 2.8954617977142334
Epoch: 11, Steps: 30 | Train Loss: 2.2263390 Vali Loss: 1.5586773 Test Loss: 0.5386658
EarlyStopping counter: 8 out of 15
Updating learning rate to 0.0008388608000000005
Epoch: 12 cost time: 3.2251901626586914
Epoch: 12, Steps: 30 | Train Loss: 2.2237640 Vali Loss: 1.5707970 Test Loss: 0.5445855
EarlyStopping counter: 9 out of 15
Updating learning rate to 0.0006710886400000003
Epoch: 13 cost time: 2.8847694396972656
Epoch: 13, Steps: 30 | Train Loss: 2.2209125 Vali Loss: 1.5762815 Test Loss: 0.5390924
EarlyStopping counter: 10 out of 15
Updating learning rate to 0.0005368709120000003
Epoch: 14 cost time: 2.7273037433624268
Epoch: 14, Steps: 30 | Train Loss: 2.2191894 Vali Loss: 1.5667393 Test Loss: 0.5460171
EarlyStopping counter: 11 out of 15
Updating learning rate to 0.0004294967296000003
Epoch: 15 cost time: 3.155519723892212
Epoch: 15, Steps: 30 | Train Loss: 2.2176083 Vali Loss: 1.5691588 Test Loss: 0.5402333
EarlyStopping counter: 12 out of 15
Updating learning rate to 0.0003435973836800002
Epoch: 16 cost time: 3.575082778930664
Epoch: 16, Steps: 30 | Train Loss: 2.2169200 Vali Loss: 1.5777248 Test Loss: 0.5403688
EarlyStopping counter: 13 out of 15
Updating learning rate to 0.0002748779069440002
Epoch: 17 cost time: 2.7113592624664307
Epoch: 17, Steps: 30 | Train Loss: 2.2163057 Vali Loss: 1.5703120 Test Loss: 0.5418580
EarlyStopping counter: 14 out of 15
Updating learning rate to 0.00021990232555520019
Epoch: 18 cost time: 2.7028329372406006
Epoch: 18, Steps: 30 | Train Loss: 2.2154430 Vali Loss: 1.5726391 Test Loss: 0.5426518
EarlyStopping counter: 15 out of 15
Early stopping
>>>>>>>testing : etth1_96_720_CycleNet_ETTh1_ftM_sl96_pl720_cycle24_mlp_mrt1_fredf08_seed2024<<<<<<<<<<<<<<<<<<<<<<<<<<<<<<<<<
test 2161
mse:0.492509126663208, mae:0.46781980991363525, smape:82.86960124969482
