Args in experiment:
Namespace(random_seed=2024, is_training=1, model_id='weather_96_96', model='CycleNet', data='custom', root_path='./dataset/weather/', data_path='weather.csv', features='M', target='OT', freq='h', checkpoints='./checkpoints/', seq_len=96, label_len=0, pred_len=96, cycle=144, model_type='mlp', use_revin=1, msc_layers=0, freq_layers=0, channel_attn_layers=0, mrt_layers=1, modern_layers=0, fc_dropout=0.05, head_dropout=0.0, patch_len=16, stride=8, padding_patch='end', revin=0, affine=0, subtract_last=0, decomposition=0, kernel_size=25, individual=0, rnn_type='gru', dec_way='pmf', seg_len=48, channel_id=1, period_len=24, embed_type=0, enc_in=21, dec_in=7, c_out=7, d_model=512, n_heads=8, e_layers=2, d_layers=1, d_ff=2048, moving_avg=25, factor=1, distil=True, dropout=0, embed='timeF', activation='gelu', output_attention=False, do_predict=False, num_workers=10, itr=1, train_epochs=30, batch_size=256, patience=5, learning_rate=0.005, des='test', loss='mse', lradj='type3', pct_start=0.3, use_amp=False, use_gpu=True, gpu=0, use_multi_gpu=False, devices='0,1', test_flop=False)
Use GPU: cuda:0
>>>>>>>start training : weather_96_96_CycleNet_custom_ftM_sl96_pl96_cycle144_mlp_mrt1_seed2024>>>>>>>>>>>>>>>>>>>>>>>>>>
train 36696
val 5175
test 10444
	iters: 100, epoch: 1 | loss: 0.5140238
	speed: 0.0270s/iter; left time: 113.0012s
Epoch: 1 cost time: 3.2099270820617676
Epoch: 1, Steps: 143 | Train Loss: 0.5415982 Vali Loss: 0.4897792 Test Loss: 0.1971491
Validation loss decreased (inf --> 0.489779).  Saving model ...
Updating learning rate to 0.005
	iters: 100, epoch: 2 | loss: 0.5858980
	speed: 0.0367s/iter; left time: 148.4840s
Epoch: 2 cost time: 2.082939386367798
Epoch: 2, Steps: 143 | Train Loss: 0.4632444 Vali Loss: 0.4165748 Test Loss: 0.1667618
Validation loss decreased (0.489779 --> 0.416575).  Saving model ...
Updating learning rate to 0.005
	iters: 100, epoch: 3 | loss: 0.3100385
	speed: 0.0363s/iter; left time: 141.8136s
Epoch: 3 cost time: 2.1993091106414795
Epoch: 3, Steps: 143 | Train Loss: 0.4273816 Vali Loss: 0.3972237 Test Loss: 0.1625726
Validation loss decreased (0.416575 --> 0.397224).  Saving model ...
Updating learning rate to 0.005
	iters: 100, epoch: 4 | loss: 0.4400006
	speed: 0.0368s/iter; left time: 138.4103s
Epoch: 4 cost time: 2.1319656372070312
Epoch: 4, Steps: 143 | Train Loss: 0.4192715 Vali Loss: 0.3981234 Test Loss: 0.1578980
EarlyStopping counter: 1 out of 5
Updating learning rate to 0.004
	iters: 100, epoch: 5 | loss: 0.3356549
	speed: 0.0354s/iter; left time: 128.2000s
Epoch: 5 cost time: 2.1306698322296143
Epoch: 5, Steps: 143 | Train Loss: 0.4139347 Vali Loss: 0.3942972 Test Loss: 0.1578865
Validation loss decreased (0.397224 --> 0.394297).  Saving model ...
Updating learning rate to 0.0032000000000000006
	iters: 100, epoch: 6 | loss: 0.4498919
	speed: 0.0367s/iter; left time: 127.4906s
Epoch: 6 cost time: 2.1703338623046875
Epoch: 6, Steps: 143 | Train Loss: 0.4075809 Vali Loss: 0.3939673 Test Loss: 0.1567463
Validation loss decreased (0.394297 --> 0.393967).  Saving model ...
Updating learning rate to 0.0025600000000000006
	iters: 100, epoch: 7 | loss: 0.4722356
	speed: 0.0360s/iter; left time: 119.9769s
Epoch: 7 cost time: 2.0089242458343506
Epoch: 7, Steps: 143 | Train Loss: 0.4050745 Vali Loss: 0.3908089 Test Loss: 0.1567379
Validation loss decreased (0.393967 --> 0.390809).  Saving model ...
Updating learning rate to 0.0020480000000000003
	iters: 100, epoch: 8 | loss: 0.4600723
	speed: 0.0355s/iter; left time: 113.0947s
Epoch: 8 cost time: 2.1595840454101562
Epoch: 8, Steps: 143 | Train Loss: 0.4017843 Vali Loss: 0.3920505 Test Loss: 0.1562151
EarlyStopping counter: 1 out of 5
Updating learning rate to 0.0016384000000000004
	iters: 100, epoch: 9 | loss: 0.3350341
	speed: 0.0360s/iter; left time: 109.5993s
Epoch: 9 cost time: 2.0903687477111816
Epoch: 9, Steps: 143 | Train Loss: 0.4006179 Vali Loss: 0.3910707 Test Loss: 0.1556477
EarlyStopping counter: 2 out of 5
Updating learning rate to 0.0013107200000000005
	iters: 100, epoch: 10 | loss: 0.5859805
	speed: 0.0363s/iter; left time: 105.4353s
Epoch: 10 cost time: 2.1693551540374756
Epoch: 10, Steps: 143 | Train Loss: 0.3985235 Vali Loss: 0.3920608 Test Loss: 0.1558103
EarlyStopping counter: 3 out of 5
Updating learning rate to 0.0010485760000000005
	iters: 100, epoch: 11 | loss: 0.2759385
	speed: 0.0367s/iter; left time: 101.2272s
Epoch: 11 cost time: 2.0730419158935547
Epoch: 11, Steps: 143 | Train Loss: 0.3964379 Vali Loss: 0.3909040 Test Loss: 0.1558269
EarlyStopping counter: 4 out of 5
Updating learning rate to 0.0008388608000000005
	iters: 100, epoch: 12 | loss: 0.4082932
	speed: 0.0361s/iter; left time: 94.6326s
Epoch: 12 cost time: 2.146893262863159
Epoch: 12, Steps: 143 | Train Loss: 0.3944693 Vali Loss: 0.3886540 Test Loss: 0.1556989
Validation loss decreased (0.390809 --> 0.388654).  Saving model ...
Updating learning rate to 0.0006710886400000003
	iters: 100, epoch: 13 | loss: 0.3242250
	speed: 0.0354s/iter; left time: 87.5825s
Epoch: 13 cost time: 2.058804750442505
Epoch: 13, Steps: 143 | Train Loss: 0.3957686 Vali Loss: 0.3919816 Test Loss: 0.1554580
EarlyStopping counter: 1 out of 5
Updating learning rate to 0.0005368709120000003
	iters: 100, epoch: 14 | loss: 0.2789570
	speed: 0.0363s/iter; left time: 84.6877s
Epoch: 14 cost time: 2.1089961528778076
Epoch: 14, Steps: 143 | Train Loss: 0.3946465 Vali Loss: 0.3856790 Test Loss: 0.1557900
Validation loss decreased (0.388654 --> 0.385679).  Saving model ...
Updating learning rate to 0.0004294967296000003
	iters: 100, epoch: 15 | loss: 0.4874607
	speed: 0.0375s/iter; left time: 82.1001s
Epoch: 15 cost time: 2.10085129737854
Epoch: 15, Steps: 143 | Train Loss: 0.3938555 Vali Loss: 0.3889574 Test Loss: 0.1558311
EarlyStopping counter: 1 out of 5
Updating learning rate to 0.0003435973836800002
	iters: 100, epoch: 16 | loss: 0.3895234
	speed: 0.0357s/iter; left time: 72.9927s
Epoch: 16 cost time: 2.1288037300109863
Epoch: 16, Steps: 143 | Train Loss: 0.3933216 Vali Loss: 0.3872863 Test Loss: 0.1557911
EarlyStopping counter: 2 out of 5
Updating learning rate to 0.0002748779069440002
	iters: 100, epoch: 17 | loss: 0.2924469
	speed: 0.0352s/iter; left time: 67.0751s
Epoch: 17 cost time: 2.121238946914673
Epoch: 17, Steps: 143 | Train Loss: 0.3927970 Vali Loss: 0.3862502 Test Loss: 0.1557461
EarlyStopping counter: 3 out of 5
Updating learning rate to 0.00021990232555520019
	iters: 100, epoch: 18 | loss: 0.3667172
	speed: 0.0357s/iter; left time: 62.8312s
Epoch: 18 cost time: 2.0939126014709473
Epoch: 18, Steps: 143 | Train Loss: 0.3923563 Vali Loss: 0.3895574 Test Loss: 0.1558939
EarlyStopping counter: 4 out of 5
Updating learning rate to 0.00017592186044416015
	iters: 100, epoch: 19 | loss: 0.3373288
	speed: 0.0359s/iter; left time: 58.0817s
Epoch: 19 cost time: 2.0875275135040283
Epoch: 19, Steps: 143 | Train Loss: 0.3920090 Vali Loss: 0.3914159 Test Loss: 0.1556368
EarlyStopping counter: 5 out of 5
Early stopping
>>>>>>>testing : weather_96_96_CycleNet_custom_ftM_sl96_pl96_cycle144_mlp_mrt1_seed2024<<<<<<<<<<<<<<<<<<<<<<<<<<<<<<<<<
test 10444
mse:0.15634901821613312, mae:0.2034633308649063
