Args in experiment:
Namespace(random_seed=2024, is_training=1, model_id='Weather_96_96', model='CycleNet', data='custom', root_path='./dataset/weather/', data_path='weather.csv', features='M', target='OT', freq='h', checkpoints='./checkpoints/', seq_len=96, label_len=0, pred_len=96, cycle=144, cycle_mode='lookup', cycle_rank=4, model_type='mlp', use_revin=1, mrt_layers=1, freq_layers=0, freq_v2_layers=0, freq_v3_layers=0, freq_v4_layers=0, sgf_layers=0, sgf_prior_path='', freq_loss_alpha=0.8, fusion_mode='serial', fusion_order='mrt_freq', fusion_gate=0, fc_dropout=0.05, head_dropout=0.0, patch_len=16, stride=8, padding_patch='end', revin=0, affine=0, subtract_last=0, decomposition=0, kernel_size=25, individual=0, rnn_type='gru', dec_way='pmf', seg_len=48, channel_id=1, period_len=24, embed_type=0, enc_in=21, dec_in=7, c_out=7, d_model=512, n_heads=8, e_layers=2, d_layers=1, d_ff=2048, moving_avg=25, factor=1, distil=True, dropout=0, embed='timeF', activation='gelu', output_attention=False, do_predict=False, num_workers=10, itr=1, train_epochs=30, batch_size=256, patience=15, learning_rate=0.005, des='test', loss='mse', lradj='type3', pct_start=0.3, use_amp=False, use_gpu=True, gpu=0, use_multi_gpu=False, devices='0,1', test_flop=False)
Use GPU: cuda:0
>>>>>>>start training : Weather_96_96_CycleNet_custom_ftM_sl96_pl96_cycle144_mlp_mrt1_fredf08_seed2024>>>>>>>>>>>>>>>>>>>>>>>>>>
train 36696
val 5175
test 10444
	iters: 100, epoch: 1 | loss: 0.8449948
	speed: 0.0936s/iter; left time: 392.3222s
Epoch: 1 cost time: 12.31337571144104
Epoch: 1, Steps: 143 | Train Loss: 0.9017661 Vali Loss: 0.4887557 Test Loss: 0.1988217
Validation loss decreased (inf --> 0.488756).  Saving model ...
Updating learning rate to 0.005
	iters: 100, epoch: 2 | loss: 0.8970199
	speed: 0.1918s/iter; left time: 776.5524s
Epoch: 2 cost time: 10.515010118484497
Epoch: 2, Steps: 143 | Train Loss: 0.7902009 Vali Loss: 0.4122480 Test Loss: 0.1676875
Validation loss decreased (0.488756 --> 0.412248).  Saving model ...
Updating learning rate to 0.005
	iters: 100, epoch: 3 | loss: 0.6344466
	speed: 0.2067s/iter; left time: 807.1123s
Epoch: 3 cost time: 11.804414749145508
Epoch: 3, Steps: 143 | Train Loss: 0.7444900 Vali Loss: 0.3944570 Test Loss: 0.1594886
Validation loss decreased (0.412248 --> 0.394457).  Saving model ...
Updating learning rate to 0.005
	iters: 100, epoch: 4 | loss: 0.7469314
	speed: 0.2047s/iter; left time: 769.9527s
Epoch: 4 cost time: 11.323300123214722
Epoch: 4, Steps: 143 | Train Loss: 0.7338957 Vali Loss: 0.3947877 Test Loss: 0.1566035
EarlyStopping counter: 1 out of 15
Updating learning rate to 0.004
	iters: 100, epoch: 5 | loss: 0.6526365
	speed: 0.1982s/iter; left time: 717.4652s
Epoch: 5 cost time: 11.792128324508667
Epoch: 5, Steps: 143 | Train Loss: 0.7277593 Vali Loss: 0.3921154 Test Loss: 0.1564230
Validation loss decreased (0.394457 --> 0.392115).  Saving model ...
Updating learning rate to 0.0032000000000000006
	iters: 100, epoch: 6 | loss: 0.7616591
	speed: 0.2067s/iter; left time: 718.3869s
Epoch: 6 cost time: 11.011352062225342
Epoch: 6, Steps: 143 | Train Loss: 0.7206367 Vali Loss: 0.3906579 Test Loss: 0.1553303
Validation loss decreased (0.392115 --> 0.390658).  Saving model ...
Updating learning rate to 0.0025600000000000006
	iters: 100, epoch: 7 | loss: 0.7749628
	speed: 0.1873s/iter; left time: 624.3682s
Epoch: 7 cost time: 10.480671405792236
Epoch: 7, Steps: 143 | Train Loss: 0.7171923 Vali Loss: 0.3871935 Test Loss: 0.1549523
Validation loss decreased (0.390658 --> 0.387194).  Saving model ...
Updating learning rate to 0.0020480000000000003
	iters: 100, epoch: 8 | loss: 0.7591920
	speed: 0.2000s/iter; left time: 638.0772s
Epoch: 8 cost time: 10.87985610961914
Epoch: 8, Steps: 143 | Train Loss: 0.7137499 Vali Loss: 0.3880896 Test Loss: 0.1543730
EarlyStopping counter: 1 out of 15
Updating learning rate to 0.0016384000000000004
	iters: 100, epoch: 9 | loss: 0.6443624
	speed: 0.1882s/iter; left time: 573.3911s
Epoch: 9 cost time: 11.46860671043396
Epoch: 9, Steps: 143 | Train Loss: 0.7122099 Vali Loss: 0.3875809 Test Loss: 0.1543859
EarlyStopping counter: 2 out of 15
Updating learning rate to 0.0013107200000000005
	iters: 100, epoch: 10 | loss: 0.8692807
	speed: 0.2069s/iter; left time: 600.9233s
Epoch: 10 cost time: 11.109460353851318
Epoch: 10, Steps: 143 | Train Loss: 0.7104123 Vali Loss: 0.3891694 Test Loss: 0.1540896
EarlyStopping counter: 3 out of 15
Updating learning rate to 0.0010485760000000005
	iters: 100, epoch: 11 | loss: 0.5810423
	speed: 0.1831s/iter; left time: 505.5387s
Epoch: 11 cost time: 10.566975355148315
Epoch: 11, Steps: 143 | Train Loss: 0.7081258 Vali Loss: 0.3875435 Test Loss: 0.1542360
EarlyStopping counter: 4 out of 15
Updating learning rate to 0.0008388608000000005
	iters: 100, epoch: 12 | loss: 0.7072837
	speed: 0.1905s/iter; left time: 498.6102s
Epoch: 12 cost time: 10.266003608703613
Epoch: 12, Steps: 143 | Train Loss: 0.7060201 Vali Loss: 0.3862998 Test Loss: 0.1541169
Validation loss decreased (0.387194 --> 0.386300).  Saving model ...
Updating learning rate to 0.0006710886400000003
	iters: 100, epoch: 13 | loss: 0.6555566
	speed: 0.1941s/iter; left time: 480.5012s
Epoch: 13 cost time: 10.689552783966064
Epoch: 13, Steps: 143 | Train Loss: 0.7067286 Vali Loss: 0.3889219 Test Loss: 0.1540526
EarlyStopping counter: 1 out of 15
Updating learning rate to 0.0005368709120000003
	iters: 100, epoch: 14 | loss: 0.5946426
	speed: 0.1917s/iter; left time: 447.1205s
Epoch: 14 cost time: 10.938215970993042
Epoch: 14, Steps: 143 | Train Loss: 0.7055783 Vali Loss: 0.3840013 Test Loss: 0.1540511
Validation loss decreased (0.386300 --> 0.384001).  Saving model ...
Updating learning rate to 0.0004294967296000003
	iters: 100, epoch: 15 | loss: 0.8046787
	speed: 0.1859s/iter; left time: 407.0001s
Epoch: 15 cost time: 10.916117191314697
Epoch: 15, Steps: 143 | Train Loss: 0.7047345 Vali Loss: 0.3866895 Test Loss: 0.1542491
EarlyStopping counter: 1 out of 15
Updating learning rate to 0.0003435973836800002
	iters: 100, epoch: 16 | loss: 0.7011392
	speed: 0.1929s/iter; left time: 394.6610s
Epoch: 16 cost time: 10.432526588439941
Epoch: 16, Steps: 143 | Train Loss: 0.7041464 Vali Loss: 0.3853451 Test Loss: 0.1539088
EarlyStopping counter: 2 out of 15
Updating learning rate to 0.0002748779069440002
	iters: 100, epoch: 17 | loss: 0.6111670
	speed: 0.1898s/iter; left time: 361.2453s
Epoch: 17 cost time: 11.181039333343506
Epoch: 17, Steps: 143 | Train Loss: 0.7035367 Vali Loss: 0.3841303 Test Loss: 0.1541616
EarlyStopping counter: 3 out of 15
Updating learning rate to 0.00021990232555520019
	iters: 100, epoch: 18 | loss: 0.6890323
	speed: 0.1994s/iter; left time: 350.8616s
Epoch: 18 cost time: 11.328986883163452
Epoch: 18, Steps: 143 | Train Loss: 0.7031028 Vali Loss: 0.3868815 Test Loss: 0.1541994
EarlyStopping counter: 4 out of 15
Updating learning rate to 0.00017592186044416015
	iters: 100, epoch: 19 | loss: 0.6613282
	speed: 0.2028s/iter; left time: 327.9672s
Epoch: 19 cost time: 10.69841194152832
Epoch: 19, Steps: 143 | Train Loss: 0.7027093 Vali Loss: 0.3882824 Test Loss: 0.1540756
EarlyStopping counter: 5 out of 15
Updating learning rate to 0.00014073748835532812
	iters: 100, epoch: 20 | loss: 0.6777081
	speed: 0.1980s/iter; left time: 291.8415s
Epoch: 20 cost time: 11.295554876327515
Epoch: 20, Steps: 143 | Train Loss: 0.7026666 Vali Loss: 0.3845834 Test Loss: 0.1540009
EarlyStopping counter: 6 out of 15
Updating learning rate to 0.00011258999068426252
	iters: 100, epoch: 21 | loss: 0.8199807
	speed: 0.1949s/iter; left time: 259.4520s
Epoch: 21 cost time: 10.769577026367188
Epoch: 21, Steps: 143 | Train Loss: 0.7020125 Vali Loss: 0.3873621 Test Loss: 0.1540565
EarlyStopping counter: 7 out of 15
Updating learning rate to 9.007199254741001e-05
	iters: 100, epoch: 22 | loss: 0.7284812
	speed: 0.1943s/iter; left time: 230.8449s
Epoch: 22 cost time: 10.844584941864014
Epoch: 22, Steps: 143 | Train Loss: 0.7021069 Vali Loss: 0.3861788 Test Loss: 0.1539948
EarlyStopping counter: 8 out of 15
Updating learning rate to 7.205759403792801e-05
	iters: 100, epoch: 23 | loss: 0.7320498
	speed: 0.1863s/iter; left time: 194.6950s
Epoch: 23 cost time: 11.3178129196167
Epoch: 23, Steps: 143 | Train Loss: 0.7019101 Vali Loss: 0.3862386 Test Loss: 0.1540902
EarlyStopping counter: 9 out of 15
Updating learning rate to 5.764607523034242e-05
	iters: 100, epoch: 24 | loss: 0.5863397
	speed: 0.1834s/iter; left time: 165.4713s
Epoch: 24 cost time: 11.119229793548584
Epoch: 24, Steps: 143 | Train Loss: 0.7014856 Vali Loss: 0.3882020 Test Loss: 0.1540762
EarlyStopping counter: 10 out of 15
Updating learning rate to 4.611686018427394e-05
	iters: 100, epoch: 25 | loss: 0.6498729
	speed: 0.1835s/iter; left time: 139.2786s
Epoch: 25 cost time: 10.839914798736572
Epoch: 25, Steps: 143 | Train Loss: 0.7010073 Vali Loss: 0.3864905 Test Loss: 0.1541714
EarlyStopping counter: 11 out of 15
Updating learning rate to 3.689348814741915e-05
	iters: 100, epoch: 26 | loss: 0.7205882
	speed: 0.2066s/iter; left time: 127.2647s
Epoch: 26 cost time: 10.854014158248901
Epoch: 26, Steps: 143 | Train Loss: 0.7014404 Vali Loss: 0.3873322 Test Loss: 0.1540994
EarlyStopping counter: 12 out of 15
Updating learning rate to 2.951479051793532e-05
	iters: 100, epoch: 27 | loss: 0.8158767
	speed: 0.1809s/iter; left time: 85.5892s
Epoch: 27 cost time: 10.993005752563477
Epoch: 27, Steps: 143 | Train Loss: 0.7014850 Vali Loss: 0.3855326 Test Loss: 0.1541085
EarlyStopping counter: 13 out of 15
Updating learning rate to 2.361183241434826e-05
	iters: 100, epoch: 28 | loss: 0.5869093
	speed: 0.1987s/iter; left time: 65.5874s
Epoch: 28 cost time: 11.433212995529175
Epoch: 28, Steps: 143 | Train Loss: 0.7011900 Vali Loss: 0.3851659 Test Loss: 0.1540390
EarlyStopping counter: 14 out of 15
Updating learning rate to 1.888946593147861e-05
	iters: 100, epoch: 29 | loss: 0.7910287
	speed: 0.1904s/iter; left time: 35.6031s
Epoch: 29 cost time: 10.589742183685303
Epoch: 29, Steps: 143 | Train Loss: 0.7011138 Vali Loss: 0.3826780 Test Loss: 0.1540519
Validation loss decreased (0.384001 --> 0.382678).  Saving model ...
Updating learning rate to 1.5111572745182888e-05
	iters: 100, epoch: 30 | loss: 0.6926577
	speed: 0.1840s/iter; left time: 8.0955s
Epoch: 30 cost time: 10.405312061309814
Epoch: 30, Steps: 143 | Train Loss: 0.7004569 Vali Loss: 0.3841660 Test Loss: 0.1540801
EarlyStopping counter: 1 out of 15
Updating learning rate to 1.208925819614631e-05
>>>>>>>testing : Weather_96_96_CycleNet_custom_ftM_sl96_pl96_cycle144_mlp_mrt1_fredf08_seed2024<<<<<<<<<<<<<<<<<<<<<<<<<<<<<<<<<
test 10444
mse:0.1546047478914261, mae:0.199326753616333, smape:52.37286686897278
Traceback (most recent call last):
  File "/data/data_huaji/timeSeries/CycleNetBaseLine/run.py", line 234, in <module>
    exp.test(setting)
  File "/data/data_huaji/timeSeries/CycleNetBaseLine/exp/exp_main.py", line 337, in test
    np.save(folder_path + 'metrics.npy', np.array([mae, mse, rmse, mape, mspe, rse, corr, smape]))
ValueError: setting an array element with a sequence. The requested array has an inhomogeneous shape after 1 dimensions. The detected shape was (8,) + inhomogeneous part.
