=== Weather MRT pred_len=192 multi-seed ===
Start time: 2026年 06月 10日 星期三 16:33:31 CST

==========================================
  SEED=2024  START: 2026年 06月 10日 星期三 16:33:31 CST
==========================================
Args in experiment:
Namespace(random_seed=2024, is_training=1, model_id='weather_96_192', model='CycleNet', data='custom', root_path='./dataset/weather/', data_path='weather.csv', features='M', target='OT', freq='h', checkpoints='./checkpoints/', seq_len=96, label_len=0, pred_len=192, cycle=144, model_type='mlp', use_revin=1, mrt_layers=1, fc_dropout=0.05, head_dropout=0.0, patch_len=16, stride=8, padding_patch='end', revin=0, affine=0, subtract_last=0, decomposition=0, kernel_size=25, individual=0, rnn_type='gru', dec_way='pmf', seg_len=48, channel_id=1, period_len=24, embed_type=0, enc_in=21, dec_in=7, c_out=7, d_model=512, n_heads=8, e_layers=2, d_layers=1, d_ff=2048, moving_avg=25, factor=1, distil=True, dropout=0, embed='timeF', activation='gelu', output_attention=False, do_predict=False, num_workers=10, itr=1, train_epochs=30, batch_size=256, patience=20, learning_rate=0.005, des='test', loss='mse', lradj='type3', pct_start=0.3, use_amp=False, use_gpu=True, gpu=0, use_multi_gpu=False, devices='0,1', test_flop=False)
Use GPU: cuda:0
>>>>>>>start training : weather_96_192_CycleNet_custom_ftM_sl96_pl192_cycle144_mlp_mrt1_seed2024>>>>>>>>>>>>>>>>>>>>>>>>>>
train 36600
val 5079
test 10348
	iters: 100, epoch: 1 | loss: 0.6108654
	speed: 0.0386s/iter; left time: 160.6422s
Epoch: 1 cost time: 4.659773111343384
Epoch: 1, Steps: 142 | Train Loss: 0.6027733 Vali Loss: 0.5600999 Test Loss: 0.2426416
Validation loss decreased (inf --> 0.560100).  Saving model ...
Updating learning rate to 0.005
	iters: 100, epoch: 2 | loss: 0.5058188
	speed: 0.0650s/iter; left time: 261.3083s
Epoch: 2 cost time: 3.616091012954712
Epoch: 2, Steps: 142 | Train Loss: 0.5282462 Vali Loss: 0.4896584 Test Loss: 0.2137693
Validation loss decreased (0.560100 --> 0.489658).  Saving model ...
Updating learning rate to 0.005
	iters: 100, epoch: 3 | loss: 0.4625101
	speed: 0.0663s/iter; left time: 257.0843s
Epoch: 3 cost time: 3.6141397953033447
Epoch: 3, Steps: 142 | Train Loss: 0.4976901 Vali Loss: 0.4817138 Test Loss: 0.2078023
Validation loss decreased (0.489658 --> 0.481714).  Saving model ...
Updating learning rate to 0.005
	iters: 100, epoch: 4 | loss: 0.4322930
	speed: 0.0686s/iter; left time: 256.1027s
Epoch: 4 cost time: 3.545746088027954
Epoch: 4, Steps: 142 | Train Loss: 0.4890746 Vali Loss: 0.4754119 Test Loss: 0.2062562
Validation loss decreased (0.481714 --> 0.475412).  Saving model ...
Updating learning rate to 0.004
	iters: 100, epoch: 5 | loss: 0.4431067
	speed: 0.0681s/iter; left time: 244.5514s
Epoch: 5 cost time: 3.7481019496917725
Epoch: 5, Steps: 142 | Train Loss: 0.4809277 Vali Loss: 0.4758952 Test Loss: 0.2049327
EarlyStopping counter: 1 out of 20
Updating learning rate to 0.0032000000000000006
	iters: 100, epoch: 6 | loss: 0.5139869
	speed: 0.0715s/iter; left time: 246.8498s
Epoch: 6 cost time: 3.8733577728271484
Epoch: 6, Steps: 142 | Train Loss: 0.4779426 Vali Loss: 0.4728831 Test Loss: 0.2043352
Validation loss decreased (0.475412 --> 0.472883).  Saving model ...
Updating learning rate to 0.0025600000000000006
	iters: 100, epoch: 7 | loss: 0.4557001
	speed: 0.0702s/iter; left time: 232.2603s
Epoch: 7 cost time: 3.6530230045318604
Epoch: 7, Steps: 142 | Train Loss: 0.4750397 Vali Loss: 0.4682488 Test Loss: 0.2053104
Validation loss decreased (0.472883 --> 0.468249).  Saving model ...
Updating learning rate to 0.0020480000000000003
	iters: 100, epoch: 8 | loss: 0.4204294
	speed: 0.0693s/iter; left time: 219.3599s
Epoch: 8 cost time: 3.7132017612457275
Epoch: 8, Steps: 142 | Train Loss: 0.4728715 Vali Loss: 0.4719775 Test Loss: 0.2029630
EarlyStopping counter: 1 out of 20
Updating learning rate to 0.0016384000000000004
	iters: 100, epoch: 9 | loss: 0.6109632
	speed: 0.0665s/iter; left time: 201.0502s
Epoch: 9 cost time: 3.6559104919433594
Epoch: 9, Steps: 142 | Train Loss: 0.4705448 Vali Loss: 0.4675130 Test Loss: 0.2034144
Validation loss decreased (0.468249 --> 0.467513).  Saving model ...
Updating learning rate to 0.0013107200000000005
	iters: 100, epoch: 10 | loss: 0.5154468
	speed: 0.0728s/iter; left time: 209.8945s
Epoch: 10 cost time: 3.977076292037964
Epoch: 10, Steps: 142 | Train Loss: 0.4685694 Vali Loss: 0.4616821 Test Loss: 0.2024368
Validation loss decreased (0.467513 --> 0.461682).  Saving model ...
Updating learning rate to 0.0010485760000000005
	iters: 100, epoch: 11 | loss: 0.4607725
	speed: 0.0704s/iter; left time: 192.8513s
Epoch: 11 cost time: 3.696636915206909
Epoch: 11, Steps: 142 | Train Loss: 0.4673415 Vali Loss: 0.4629015 Test Loss: 0.2030840
EarlyStopping counter: 1 out of 20
Updating learning rate to 0.0008388608000000005
	iters: 100, epoch: 12 | loss: 0.5263183
	speed: 0.0686s/iter; left time: 178.4207s
Epoch: 12 cost time: 3.566441774368286
Epoch: 12, Steps: 142 | Train Loss: 0.4658991 Vali Loss: 0.4620058 Test Loss: 0.2023827
EarlyStopping counter: 2 out of 20
Updating learning rate to 0.0006710886400000003
	iters: 100, epoch: 13 | loss: 0.4644362
	speed: 0.0704s/iter; left time: 172.9371s
Epoch: 13 cost time: 3.8361997604370117
Epoch: 13, Steps: 142 | Train Loss: 0.4647074 Vali Loss: 0.4576831 Test Loss: 0.2030349
Validation loss decreased (0.461682 --> 0.457683).  Saving model ...
Updating learning rate to 0.0005368709120000003
	iters: 100, epoch: 14 | loss: 0.4082373
	speed: 0.0687s/iter; left time: 158.9343s
Epoch: 14 cost time: 3.8847880363464355
Epoch: 14, Steps: 142 | Train Loss: 0.4647478 Vali Loss: 0.4650796 Test Loss: 0.2032262
EarlyStopping counter: 1 out of 20
Updating learning rate to 0.0004294967296000003
	iters: 100, epoch: 15 | loss: 0.5355191
	speed: 0.0693s/iter; left time: 150.5042s
Epoch: 15 cost time: 3.6277101039886475
Epoch: 15, Steps: 142 | Train Loss: 0.4637853 Vali Loss: 0.4594428 Test Loss: 0.2031084
EarlyStopping counter: 2 out of 20
Updating learning rate to 0.0003435973836800002
	iters: 100, epoch: 16 | loss: 0.3643647
	speed: 0.0724s/iter; left time: 147.1210s
Epoch: 16 cost time: 3.928736686706543
Epoch: 16, Steps: 142 | Train Loss: 0.4625796 Vali Loss: 0.4637271 Test Loss: 0.2026723
EarlyStopping counter: 3 out of 20
Updating learning rate to 0.0002748779069440002
	iters: 100, epoch: 17 | loss: 0.5404563
	speed: 0.0637s/iter; left time: 120.3062s
Epoch: 17 cost time: 3.4795308113098145
Epoch: 17, Steps: 142 | Train Loss: 0.4625678 Vali Loss: 0.4589897 Test Loss: 0.2026970
EarlyStopping counter: 4 out of 20
Updating learning rate to 0.00021990232555520019
	iters: 100, epoch: 18 | loss: 0.5631469
	speed: 0.0696s/iter; left time: 121.6721s
Epoch: 18 cost time: 3.522456169128418
Epoch: 18, Steps: 142 | Train Loss: 0.4621822 Vali Loss: 0.4603428 Test Loss: 0.2024287
EarlyStopping counter: 5 out of 20
Updating learning rate to 0.00017592186044416015
	iters: 100, epoch: 19 | loss: 0.5775227
	speed: 0.0681s/iter; left time: 109.2231s
Epoch: 19 cost time: 3.5567638874053955
Epoch: 19, Steps: 142 | Train Loss: 0.4615352 Vali Loss: 0.4636643 Test Loss: 0.2028901
EarlyStopping counter: 6 out of 20
Updating learning rate to 0.00014073748835532812
	iters: 100, epoch: 20 | loss: 0.4193655
	speed: 0.0655s/iter; left time: 95.7595s
Epoch: 20 cost time: 3.2484803199768066
Epoch: 20, Steps: 142 | Train Loss: 0.4606207 Vali Loss: 0.4610643 Test Loss: 0.2028969
EarlyStopping counter: 7 out of 20
Updating learning rate to 0.00011258999068426252
	iters: 100, epoch: 21 | loss: 0.3568329
	speed: 0.0682s/iter; left time: 90.1334s
Epoch: 21 cost time: 3.6893675327301025
Epoch: 21, Steps: 142 | Train Loss: 0.4621968 Vali Loss: 0.4617755 Test Loss: 0.2028037
EarlyStopping counter: 8 out of 20
Updating learning rate to 9.007199254741001e-05
	iters: 100, epoch: 22 | loss: 0.4710376
	speed: 0.0666s/iter; left time: 78.4653s
Epoch: 22 cost time: 3.8057186603546143
Epoch: 22, Steps: 142 | Train Loss: 0.4618960 Vali Loss: 0.4600264 Test Loss: 0.2026238
EarlyStopping counter: 9 out of 20
Updating learning rate to 7.205759403792801e-05
	iters: 100, epoch: 23 | loss: 0.5398517
	speed: 0.0715s/iter; left time: 74.1896s
Epoch: 23 cost time: 3.7449862957000732
Epoch: 23, Steps: 142 | Train Loss: 0.4608197 Vali Loss: 0.4608519 Test Loss: 0.2024414
EarlyStopping counter: 10 out of 20
Updating learning rate to 5.764607523034242e-05
	iters: 100, epoch: 24 | loss: 0.4683099
	speed: 0.0700s/iter; left time: 62.6486s
Epoch: 24 cost time: 3.825054407119751
Epoch: 24, Steps: 142 | Train Loss: 0.4609683 Vali Loss: 0.4589828 Test Loss: 0.2025925
EarlyStopping counter: 11 out of 20
Updating learning rate to 4.611686018427394e-05
	iters: 100, epoch: 25 | loss: 0.3950189
	speed: 0.0724s/iter; left time: 54.4934s
Epoch: 25 cost time: 3.5488462448120117
Epoch: 25, Steps: 142 | Train Loss: 0.4606149 Vali Loss: 0.4617451 Test Loss: 0.2025735
EarlyStopping counter: 12 out of 20
Updating learning rate to 3.689348814741915e-05
	iters: 100, epoch: 26 | loss: 0.4374145
	speed: 0.0729s/iter; left time: 44.5138s
Epoch: 26 cost time: 3.673288583755493
Epoch: 26, Steps: 142 | Train Loss: 0.4606525 Vali Loss: 0.4618696 Test Loss: 0.2025758
EarlyStopping counter: 13 out of 20
Updating learning rate to 2.951479051793532e-05
	iters: 100, epoch: 27 | loss: 0.5517096
	speed: 0.0754s/iter; left time: 35.3569s
Epoch: 27 cost time: 4.0004072189331055
Epoch: 27, Steps: 142 | Train Loss: 0.4611028 Vali Loss: 0.4579380 Test Loss: 0.2024719
EarlyStopping counter: 14 out of 20
Updating learning rate to 2.361183241434826e-05
	iters: 100, epoch: 28 | loss: 0.5520061
	speed: 0.0726s/iter; left time: 23.7284s
Epoch: 28 cost time: 3.9482181072235107
Epoch: 28, Steps: 142 | Train Loss: 0.4599727 Vali Loss: 0.4603353 Test Loss: 0.2025562
EarlyStopping counter: 15 out of 20
Updating learning rate to 1.888946593147861e-05
	iters: 100, epoch: 29 | loss: 0.3688477
	speed: 0.0769s/iter; left time: 14.2270s
Epoch: 29 cost time: 3.8427445888519287
Epoch: 29, Steps: 142 | Train Loss: 0.4603224 Vali Loss: 0.4619655 Test Loss: 0.2025458
EarlyStopping counter: 16 out of 20
Updating learning rate to 1.5111572745182888e-05
	iters: 100, epoch: 30 | loss: 0.4149443
	speed: 0.0723s/iter; left time: 3.1103s
Epoch: 30 cost time: 3.74761700630188
Epoch: 30, Steps: 142 | Train Loss: 0.4613169 Vali Loss: 0.4601713 Test Loss: 0.2025487
EarlyStopping counter: 17 out of 20
Updating learning rate to 1.208925819614631e-05
>>>>>>>testing : weather_96_192_CycleNet_custom_ftM_sl96_pl192_cycle144_mlp_mrt1_seed2024<<<<<<<<<<<<<<<<<<<<<<<<<<<<<<<<<
test 10348
mse:0.2049926221370697, mae:0.2472492754459381
  SEED=2024  END: 2026年 06月 10日 星期三 16:37:15 CST

==========================================
  SEED=2025  START: 2026年 06月 10日 星期三 16:37:15 CST
==========================================
Args in experiment:
Namespace(random_seed=2025, is_training=1, model_id='weather_96_192', model='CycleNet', data='custom', root_path='./dataset/weather/', data_path='weather.csv', features='M', target='OT', freq='h', checkpoints='./checkpoints/', seq_len=96, label_len=0, pred_len=192, cycle=144, model_type='mlp', use_revin=1, mrt_layers=1, fc_dropout=0.05, head_dropout=0.0, patch_len=16, stride=8, padding_patch='end', revin=0, affine=0, subtract_last=0, decomposition=0, kernel_size=25, individual=0, rnn_type='gru', dec_way='pmf', seg_len=48, channel_id=1, period_len=24, embed_type=0, enc_in=21, dec_in=7, c_out=7, d_model=512, n_heads=8, e_layers=2, d_layers=1, d_ff=2048, moving_avg=25, factor=1, distil=True, dropout=0, embed='timeF', activation='gelu', output_attention=False, do_predict=False, num_workers=10, itr=1, train_epochs=30, batch_size=256, patience=20, learning_rate=0.005, des='test', loss='mse', lradj='type3', pct_start=0.3, use_amp=False, use_gpu=True, gpu=0, use_multi_gpu=False, devices='0,1', test_flop=False)
Use GPU: cuda:0
>>>>>>>start training : weather_96_192_CycleNet_custom_ftM_sl96_pl192_cycle144_mlp_mrt1_seed2025>>>>>>>>>>>>>>>>>>>>>>>>>>
train 36600
val 5079
test 10348
	iters: 100, epoch: 1 | loss: 0.4851485
	speed: 0.0385s/iter; left time: 160.1983s
Epoch: 1 cost time: 4.6471827030181885
Epoch: 1, Steps: 142 | Train Loss: 0.6051864 Vali Loss: 0.5637514 Test Loss: 0.2420538
Validation loss decreased (inf --> 0.563751).  Saving model ...
Updating learning rate to 0.005
	iters: 100, epoch: 2 | loss: 0.3815167
	speed: 0.0672s/iter; left time: 270.2169s
Epoch: 2 cost time: 3.5970075130462646
Epoch: 2, Steps: 142 | Train Loss: 0.5249379 Vali Loss: 0.4895066 Test Loss: 0.2132524
Validation loss decreased (0.563751 --> 0.489507).  Saving model ...
Updating learning rate to 0.005
	iters: 100, epoch: 3 | loss: 0.4774971
	speed: 0.0718s/iter; left time: 278.3944s
Epoch: 3 cost time: 3.5806868076324463
Epoch: 3, Steps: 142 | Train Loss: 0.4973904 Vali Loss: 0.4815893 Test Loss: 0.2079528
Validation loss decreased (0.489507 --> 0.481589).  Saving model ...
Updating learning rate to 0.005
	iters: 100, epoch: 4 | loss: 0.6486754
	speed: 0.0661s/iter; left time: 246.8462s
Epoch: 4 cost time: 3.2951393127441406
Epoch: 4, Steps: 142 | Train Loss: 0.4870943 Vali Loss: 0.4802736 Test Loss: 0.2067459
Validation loss decreased (0.481589 --> 0.480274).  Saving model ...
Updating learning rate to 0.004
	iters: 100, epoch: 5 | loss: 0.5144041
	speed: 0.0733s/iter; left time: 263.4636s
Epoch: 5 cost time: 3.7229483127593994
Epoch: 5, Steps: 142 | Train Loss: 0.4811486 Vali Loss: 0.4727716 Test Loss: 0.2047822
Validation loss decreased (0.480274 --> 0.472772).  Saving model ...
Updating learning rate to 0.0032000000000000006
	iters: 100, epoch: 6 | loss: 0.4646454
	speed: 0.0737s/iter; left time: 254.2947s
Epoch: 6 cost time: 3.7973320484161377
Epoch: 6, Steps: 142 | Train Loss: 0.4766066 Vali Loss: 0.4651381 Test Loss: 0.2031516
Validation loss decreased (0.472772 --> 0.465138).  Saving model ...
Updating learning rate to 0.0025600000000000006
	iters: 100, epoch: 7 | loss: 0.4465104
	speed: 0.0742s/iter; left time: 245.6228s
Epoch: 7 cost time: 3.7892372608184814
Epoch: 7, Steps: 142 | Train Loss: 0.4734919 Vali Loss: 0.4681928 Test Loss: 0.2028912
EarlyStopping counter: 1 out of 20
Updating learning rate to 0.0020480000000000003
	iters: 100, epoch: 8 | loss: 0.4741264
	speed: 0.0723s/iter; left time: 228.9872s
Epoch: 8 cost time: 3.798171043395996
Epoch: 8, Steps: 142 | Train Loss: 0.4703817 Vali Loss: 0.4673587 Test Loss: 0.2025805
EarlyStopping counter: 2 out of 20
Updating learning rate to 0.0016384000000000004
	iters: 100, epoch: 9 | loss: 0.5597938
	speed: 0.0759s/iter; left time: 229.5764s
Epoch: 9 cost time: 4.033963680267334
Epoch: 9, Steps: 142 | Train Loss: 0.4696570 Vali Loss: 0.4687853 Test Loss: 0.2025945
EarlyStopping counter: 3 out of 20
Updating learning rate to 0.0013107200000000005
	iters: 100, epoch: 10 | loss: 0.4931649
	speed: 0.0767s/iter; left time: 221.2252s
Epoch: 10 cost time: 3.831212043762207
Epoch: 10, Steps: 142 | Train Loss: 0.4679903 Vali Loss: 0.4642557 Test Loss: 0.2032521
Validation loss decreased (0.465138 --> 0.464256).  Saving model ...
Updating learning rate to 0.0010485760000000005
	iters: 100, epoch: 11 | loss: 0.5905610
	speed: 0.0745s/iter; left time: 204.3335s
Epoch: 11 cost time: 3.8594391345977783
Epoch: 11, Steps: 142 | Train Loss: 0.4664854 Vali Loss: 0.4619319 Test Loss: 0.2024491
Validation loss decreased (0.464256 --> 0.461932).  Saving model ...
Updating learning rate to 0.0008388608000000005
	iters: 100, epoch: 12 | loss: 0.4287377
	speed: 0.0775s/iter; left time: 201.4301s
Epoch: 12 cost time: 4.062013626098633
Epoch: 12, Steps: 142 | Train Loss: 0.4651473 Vali Loss: 0.4645203 Test Loss: 0.2027417
EarlyStopping counter: 1 out of 20
Updating learning rate to 0.0006710886400000003
	iters: 100, epoch: 13 | loss: 0.4503941
	speed: 0.0782s/iter; left time: 192.0214s
Epoch: 13 cost time: 4.011399269104004
Epoch: 13, Steps: 142 | Train Loss: 0.4641258 Vali Loss: 0.4651146 Test Loss: 0.2022532
EarlyStopping counter: 2 out of 20
Updating learning rate to 0.0005368709120000003
	iters: 100, epoch: 14 | loss: 0.3909581
	speed: 0.0753s/iter; left time: 174.3187s
Epoch: 14 cost time: 3.876192092895508
Epoch: 14, Steps: 142 | Train Loss: 0.4637245 Vali Loss: 0.4586383 Test Loss: 0.2022446
Validation loss decreased (0.461932 --> 0.458638).  Saving model ...
Updating learning rate to 0.0004294967296000003
	iters: 100, epoch: 15 | loss: 0.4996282
	speed: 0.0791s/iter; left time: 171.9623s
Epoch: 15 cost time: 4.0883448123931885
Epoch: 15, Steps: 142 | Train Loss: 0.4625099 Vali Loss: 0.4652309 Test Loss: 0.2023962
EarlyStopping counter: 1 out of 20
Updating learning rate to 0.0003435973836800002
	iters: 100, epoch: 16 | loss: 0.4919485
	speed: 0.0721s/iter; left time: 146.5347s
Epoch: 16 cost time: 3.5917246341705322
Epoch: 16, Steps: 142 | Train Loss: 0.4616469 Vali Loss: 0.4617338 Test Loss: 0.2026103
EarlyStopping counter: 2 out of 20
Updating learning rate to 0.0002748779069440002
	iters: 100, epoch: 17 | loss: 0.3830360
	speed: 0.0713s/iter; left time: 134.7582s
Epoch: 17 cost time: 3.504301071166992
Epoch: 17, Steps: 142 | Train Loss: 0.4617130 Vali Loss: 0.4622110 Test Loss: 0.2023208
EarlyStopping counter: 3 out of 20
Updating learning rate to 0.00021990232555520019
	iters: 100, epoch: 18 | loss: 0.4871964
	speed: 0.0725s/iter; left time: 126.7000s
Epoch: 18 cost time: 3.610985279083252
Epoch: 18, Steps: 142 | Train Loss: 0.4609725 Vali Loss: 0.4636264 Test Loss: 0.2021634
EarlyStopping counter: 4 out of 20
Updating learning rate to 0.00017592186044416015
	iters: 100, epoch: 19 | loss: 0.5313671
	speed: 0.0661s/iter; left time: 106.1120s
Epoch: 19 cost time: 3.3616387844085693
Epoch: 19, Steps: 142 | Train Loss: 0.4610964 Vali Loss: 0.4608667 Test Loss: 0.2023181
EarlyStopping counter: 5 out of 20
Updating learning rate to 0.00014073748835532812
	iters: 100, epoch: 20 | loss: 0.4420909
	speed: 0.0745s/iter; left time: 109.0156s
Epoch: 20 cost time: 3.901705026626587
Epoch: 20, Steps: 142 | Train Loss: 0.4612063 Vali Loss: 0.4645169 Test Loss: 0.2022367
EarlyStopping counter: 6 out of 20
Updating learning rate to 0.00011258999068426252
	iters: 100, epoch: 21 | loss: 0.4885605
	speed: 0.0751s/iter; left time: 99.1654s
Epoch: 21 cost time: 3.9000465869903564
Epoch: 21, Steps: 142 | Train Loss: 0.4596337 Vali Loss: 0.4594388 Test Loss: 0.2025746
EarlyStopping counter: 7 out of 20
Updating learning rate to 9.007199254741001e-05
	iters: 100, epoch: 22 | loss: 0.5889589
	speed: 0.0777s/iter; left time: 91.5764s
Epoch: 22 cost time: 4.00222110748291
Epoch: 22, Steps: 142 | Train Loss: 0.4606278 Vali Loss: 0.4627180 Test Loss: 0.2023406
EarlyStopping counter: 8 out of 20
Updating learning rate to 7.205759403792801e-05
	iters: 100, epoch: 23 | loss: 0.5412429
	speed: 0.0775s/iter; left time: 80.3799s
Epoch: 23 cost time: 4.010978937149048
Epoch: 23, Steps: 142 | Train Loss: 0.4594802 Vali Loss: 0.4629033 Test Loss: 0.2023156
EarlyStopping counter: 9 out of 20
Updating learning rate to 5.764607523034242e-05
	iters: 100, epoch: 24 | loss: 0.4482551
	speed: 0.0767s/iter; left time: 68.6717s
Epoch: 24 cost time: 3.805476665496826
Epoch: 24, Steps: 142 | Train Loss: 0.4605785 Vali Loss: 0.4641381 Test Loss: 0.2022033
EarlyStopping counter: 10 out of 20
Updating learning rate to 4.611686018427394e-05
	iters: 100, epoch: 25 | loss: 0.4615998
	speed: 0.0757s/iter; left time: 57.0301s
Epoch: 25 cost time: 3.751939058303833
Epoch: 25, Steps: 142 | Train Loss: 0.4596982 Vali Loss: 0.4622479 Test Loss: 0.2022046
EarlyStopping counter: 11 out of 20
Updating learning rate to 3.689348814741915e-05
	iters: 100, epoch: 26 | loss: 0.5335468
	speed: 0.0772s/iter; left time: 47.1795s
Epoch: 26 cost time: 4.039635419845581
Epoch: 26, Steps: 142 | Train Loss: 0.4603118 Vali Loss: 0.4607975 Test Loss: 0.2022689
EarlyStopping counter: 12 out of 20
Updating learning rate to 2.951479051793532e-05
	iters: 100, epoch: 27 | loss: 0.3569708
	speed: 0.0792s/iter; left time: 37.1300s
Epoch: 27 cost time: 4.094693899154663
Epoch: 27, Steps: 142 | Train Loss: 0.4597479 Vali Loss: 0.4591283 Test Loss: 0.2022800
EarlyStopping counter: 13 out of 20
Updating learning rate to 2.361183241434826e-05
	iters: 100, epoch: 28 | loss: 0.4110706
	speed: 0.0785s/iter; left time: 25.6609s
Epoch: 28 cost time: 4.255279064178467
Epoch: 28, Steps: 142 | Train Loss: 0.4596198 Vali Loss: 0.4629837 Test Loss: 0.2022315
EarlyStopping counter: 14 out of 20
Updating learning rate to 1.888946593147861e-05
	iters: 100, epoch: 29 | loss: 0.4124235
	speed: 0.0788s/iter; left time: 14.5688s
Epoch: 29 cost time: 4.119176387786865
Epoch: 29, Steps: 142 | Train Loss: 0.4595194 Vali Loss: 0.4648809 Test Loss: 0.2023070
EarlyStopping counter: 15 out of 20
Updating learning rate to 1.5111572745182888e-05
	iters: 100, epoch: 30 | loss: 0.4636453
	speed: 0.0768s/iter; left time: 3.3006s
Epoch: 30 cost time: 3.9644908905029297
Epoch: 30, Steps: 142 | Train Loss: 0.4585858 Vali Loss: 0.4619307 Test Loss: 0.2023008
EarlyStopping counter: 16 out of 20
Updating learning rate to 1.208925819614631e-05
>>>>>>>testing : weather_96_192_CycleNet_custom_ftM_sl96_pl192_cycle144_mlp_mrt1_seed2025<<<<<<<<<<<<<<<<<<<<<<<<<<<<<<<<<
test 10348
mse:0.20424307882785797, mae:0.24683508276939392
  SEED=2025  END: 2026年 06月 10日 星期三 16:41:13 CST

==========================================
  SEED=2026  START: 2026年 06月 10日 星期三 16:41:13 CST
==========================================
Args in experiment:
Namespace(random_seed=2026, is_training=1, model_id='weather_96_192', model='CycleNet', data='custom', root_path='./dataset/weather/', data_path='weather.csv', features='M', target='OT', freq='h', checkpoints='./checkpoints/', seq_len=96, label_len=0, pred_len=192, cycle=144, model_type='mlp', use_revin=1, mrt_layers=1, fc_dropout=0.05, head_dropout=0.0, patch_len=16, stride=8, padding_patch='end', revin=0, affine=0, subtract_last=0, decomposition=0, kernel_size=25, individual=0, rnn_type='gru', dec_way='pmf', seg_len=48, channel_id=1, period_len=24, embed_type=0, enc_in=21, dec_in=7, c_out=7, d_model=512, n_heads=8, e_layers=2, d_layers=1, d_ff=2048, moving_avg=25, factor=1, distil=True, dropout=0, embed='timeF', activation='gelu', output_attention=False, do_predict=False, num_workers=10, itr=1, train_epochs=30, batch_size=256, patience=20, learning_rate=0.005, des='test', loss='mse', lradj='type3', pct_start=0.3, use_amp=False, use_gpu=True, gpu=0, use_multi_gpu=False, devices='0,1', test_flop=False)
Use GPU: cuda:0
>>>>>>>start training : weather_96_192_CycleNet_custom_ftM_sl96_pl192_cycle144_mlp_mrt1_seed2026>>>>>>>>>>>>>>>>>>>>>>>>>>
train 36600
val 5079
test 10348
	iters: 100, epoch: 1 | loss: 0.5751618
	speed: 0.0398s/iter; left time: 165.4866s
Epoch: 1 cost time: 4.897708415985107
Epoch: 1, Steps: 142 | Train Loss: 0.6043967 Vali Loss: 0.5653850 Test Loss: 0.2429329
Validation loss decreased (inf --> 0.565385).  Saving model ...
Updating learning rate to 0.005
	iters: 100, epoch: 2 | loss: 0.6056466
	speed: 0.0674s/iter; left time: 270.7499s
Epoch: 2 cost time: 3.618619441986084
Epoch: 2, Steps: 142 | Train Loss: 0.5290733 Vali Loss: 0.4934023 Test Loss: 0.2124955
Validation loss decreased (0.565385 --> 0.493402).  Saving model ...
Updating learning rate to 0.005
	iters: 100, epoch: 3 | loss: 0.4412283
	speed: 0.0768s/iter; left time: 297.8252s
Epoch: 3 cost time: 3.9732890129089355
Epoch: 3, Steps: 142 | Train Loss: 0.4983465 Vali Loss: 0.4848780 Test Loss: 0.2083088
Validation loss decreased (0.493402 --> 0.484878).  Saving model ...
Updating learning rate to 0.005
	iters: 100, epoch: 4 | loss: 0.4778776
	speed: 0.0742s/iter; left time: 277.1659s
Epoch: 4 cost time: 4.012719392776489
Epoch: 4, Steps: 142 | Train Loss: 0.4901524 Vali Loss: 0.4757503 Test Loss: 0.2070483
Validation loss decreased (0.484878 --> 0.475750).  Saving model ...
Updating learning rate to 0.004
	iters: 100, epoch: 5 | loss: 0.5031294
	speed: 0.0713s/iter; left time: 256.1107s
Epoch: 5 cost time: 3.6182000637054443
Epoch: 5, Steps: 142 | Train Loss: 0.4838491 Vali Loss: 0.4754921 Test Loss: 0.2042712
Validation loss decreased (0.475750 --> 0.475492).  Saving model ...
Updating learning rate to 0.0032000000000000006
	iters: 100, epoch: 6 | loss: 0.4296505
	speed: 0.0722s/iter; left time: 249.2546s
Epoch: 6 cost time: 3.97110915184021
Epoch: 6, Steps: 142 | Train Loss: 0.4794693 Vali Loss: 0.4658808 Test Loss: 0.2036861
Validation loss decreased (0.475492 --> 0.465881).  Saving model ...
Updating learning rate to 0.0025600000000000006
	iters: 100, epoch: 7 | loss: 0.5342587
	speed: 0.0732s/iter; left time: 242.3569s
Epoch: 7 cost time: 3.482360601425171
Epoch: 7, Steps: 142 | Train Loss: 0.4754302 Vali Loss: 0.4713329 Test Loss: 0.2039819
EarlyStopping counter: 1 out of 20
Updating learning rate to 0.0020480000000000003
	iters: 100, epoch: 8 | loss: 0.5388940
	speed: 0.0741s/iter; left time: 234.8188s
Epoch: 8 cost time: 3.8351361751556396
Epoch: 8, Steps: 142 | Train Loss: 0.4730792 Vali Loss: 0.4730976 Test Loss: 0.2030021
EarlyStopping counter: 2 out of 20
Updating learning rate to 0.0016384000000000004
	iters: 100, epoch: 9 | loss: 0.5338264
	speed: 0.0757s/iter; left time: 228.9707s
Epoch: 9 cost time: 4.021508455276489
Epoch: 9, Steps: 142 | Train Loss: 0.4711874 Vali Loss: 0.4667781 Test Loss: 0.2036108
EarlyStopping counter: 3 out of 20
Updating learning rate to 0.0013107200000000005
	iters: 100, epoch: 10 | loss: 0.3915919
	speed: 0.0774s/iter; left time: 223.0626s
Epoch: 10 cost time: 4.007197141647339
Epoch: 10, Steps: 142 | Train Loss: 0.4691632 Vali Loss: 0.4686553 Test Loss: 0.2035281
EarlyStopping counter: 4 out of 20
Updating learning rate to 0.0010485760000000005
	iters: 100, epoch: 11 | loss: 0.3651702
	speed: 0.0772s/iter; left time: 211.6361s
Epoch: 11 cost time: 4.082942962646484
Epoch: 11, Steps: 142 | Train Loss: 0.4676237 Vali Loss: 0.4667814 Test Loss: 0.2028841
EarlyStopping counter: 5 out of 20
Updating learning rate to 0.0008388608000000005
	iters: 100, epoch: 12 | loss: 0.4983094
	speed: 0.0769s/iter; left time: 199.9829s
Epoch: 12 cost time: 3.984567403793335
Epoch: 12, Steps: 142 | Train Loss: 0.4659259 Vali Loss: 0.4619097 Test Loss: 0.2022247
Validation loss decreased (0.465881 --> 0.461910).  Saving model ...
Updating learning rate to 0.0006710886400000003
	iters: 100, epoch: 13 | loss: 0.5251511
	speed: 0.0781s/iter; left time: 191.9431s
Epoch: 13 cost time: 4.199280500411987
Epoch: 13, Steps: 142 | Train Loss: 0.4644497 Vali Loss: 0.4659885 Test Loss: 0.2022518
EarlyStopping counter: 1 out of 20
Updating learning rate to 0.0005368709120000003
	iters: 100, epoch: 14 | loss: 0.4264787
	speed: 0.0683s/iter; left time: 158.1729s
Epoch: 14 cost time: 3.470799446105957
Epoch: 14, Steps: 142 | Train Loss: 0.4645676 Vali Loss: 0.4614331 Test Loss: 0.2024081
Validation loss decreased (0.461910 --> 0.461433).  Saving model ...
Updating learning rate to 0.0004294967296000003
	iters: 100, epoch: 15 | loss: 0.4879310
	speed: 0.0687s/iter; left time: 149.2603s
Epoch: 15 cost time: 3.480128288269043
Epoch: 15, Steps: 142 | Train Loss: 0.4635052 Vali Loss: 0.4605865 Test Loss: 0.2025558
Validation loss decreased (0.461433 --> 0.460587).  Saving model ...
Updating learning rate to 0.0003435973836800002
	iters: 100, epoch: 16 | loss: 0.4091974
	speed: 0.0694s/iter; left time: 141.0142s
Epoch: 16 cost time: 3.646090269088745
Epoch: 16, Steps: 142 | Train Loss: 0.4634032 Vali Loss: 0.4640328 Test Loss: 0.2021973
EarlyStopping counter: 1 out of 20
Updating learning rate to 0.0002748779069440002
	iters: 100, epoch: 17 | loss: 0.3340126
	speed: 0.0657s/iter; left time: 124.1804s
Epoch: 17 cost time: 3.3827552795410156
Epoch: 17, Steps: 142 | Train Loss: 0.4627527 Vali Loss: 0.4641664 Test Loss: 0.2026180
EarlyStopping counter: 2 out of 20
Updating learning rate to 0.00021990232555520019
	iters: 100, epoch: 18 | loss: 0.4893599
	speed: 0.0718s/iter; left time: 125.3744s
Epoch: 18 cost time: 3.6341488361358643
Epoch: 18, Steps: 142 | Train Loss: 0.4630158 Vali Loss: 0.4647661 Test Loss: 0.2024202
EarlyStopping counter: 3 out of 20
Updating learning rate to 0.00017592186044416015
	iters: 100, epoch: 19 | loss: 0.6376755
	speed: 0.0693s/iter; left time: 111.2766s
Epoch: 19 cost time: 3.772697925567627
Epoch: 19, Steps: 142 | Train Loss: 0.4627741 Vali Loss: 0.4621752 Test Loss: 0.2022731
EarlyStopping counter: 4 out of 20
Updating learning rate to 0.00014073748835532812
	iters: 100, epoch: 20 | loss: 0.4355815
	speed: 0.0726s/iter; left time: 106.2655s
Epoch: 20 cost time: 3.6928277015686035
Epoch: 20, Steps: 142 | Train Loss: 0.4622475 Vali Loss: 0.4615931 Test Loss: 0.2024223
EarlyStopping counter: 5 out of 20
Updating learning rate to 0.00011258999068426252
	iters: 100, epoch: 21 | loss: 0.3763915
	speed: 0.0733s/iter; left time: 96.8850s
Epoch: 21 cost time: 3.7502288818359375
Epoch: 21, Steps: 142 | Train Loss: 0.4612491 Vali Loss: 0.4597151 Test Loss: 0.2025452
Validation loss decreased (0.460587 --> 0.459715).  Saving model ...
Updating learning rate to 9.007199254741001e-05
	iters: 100, epoch: 22 | loss: 0.4747556
	speed: 0.0686s/iter; left time: 80.8468s
Epoch: 22 cost time: 3.61027193069458
Epoch: 22, Steps: 142 | Train Loss: 0.4613151 Vali Loss: 0.4605315 Test Loss: 0.2023241
EarlyStopping counter: 1 out of 20
Updating learning rate to 7.205759403792801e-05
	iters: 100, epoch: 23 | loss: 0.5517014
	speed: 0.0713s/iter; left time: 73.9352s
Epoch: 23 cost time: 3.9377858638763428
Epoch: 23, Steps: 142 | Train Loss: 0.4612570 Vali Loss: 0.4640108 Test Loss: 0.2022788
EarlyStopping counter: 2 out of 20
Updating learning rate to 5.764607523034242e-05
	iters: 100, epoch: 24 | loss: 0.4885896
	speed: 0.0706s/iter; left time: 63.2222s
Epoch: 24 cost time: 3.722900390625
Epoch: 24, Steps: 142 | Train Loss: 0.4614802 Vali Loss: 0.4643728 Test Loss: 0.2021972
EarlyStopping counter: 3 out of 20
Updating learning rate to 4.611686018427394e-05
	iters: 100, epoch: 25 | loss: 0.5266789
	speed: 0.0722s/iter; left time: 54.3997s
Epoch: 25 cost time: 3.8001067638397217
Epoch: 25, Steps: 142 | Train Loss: 0.4604094 Vali Loss: 0.4654355 Test Loss: 0.2023672
EarlyStopping counter: 4 out of 20
Updating learning rate to 3.689348814741915e-05
	iters: 100, epoch: 26 | loss: 0.3808202
	speed: 0.0728s/iter; left time: 44.4537s
Epoch: 26 cost time: 3.850847005844116
Epoch: 26, Steps: 142 | Train Loss: 0.4612327 Vali Loss: 0.4616479 Test Loss: 0.2023690
EarlyStopping counter: 5 out of 20
Updating learning rate to 2.951479051793532e-05
	iters: 100, epoch: 27 | loss: 0.4202647
	speed: 0.0717s/iter; left time: 33.6250s
Epoch: 27 cost time: 3.7697434425354004
Epoch: 27, Steps: 142 | Train Loss: 0.4599466 Vali Loss: 0.4599444 Test Loss: 0.2024045
EarlyStopping counter: 6 out of 20
Updating learning rate to 2.361183241434826e-05
	iters: 100, epoch: 28 | loss: 0.5999273
	speed: 0.0673s/iter; left time: 22.0228s
Epoch: 28 cost time: 3.586421012878418
Epoch: 28, Steps: 142 | Train Loss: 0.4599857 Vali Loss: 0.4610709 Test Loss: 0.2023711
EarlyStopping counter: 7 out of 20
Updating learning rate to 1.888946593147861e-05
	iters: 100, epoch: 29 | loss: 0.4348842
	speed: 0.0721s/iter; left time: 13.3467s
Epoch: 29 cost time: 3.7420811653137207
Epoch: 29, Steps: 142 | Train Loss: 0.4600969 Vali Loss: 0.4606864 Test Loss: 0.2023757
EarlyStopping counter: 8 out of 20
Updating learning rate to 1.5111572745182888e-05
	iters: 100, epoch: 30 | loss: 0.4351623
	speed: 0.0648s/iter; left time: 2.7859s
Epoch: 30 cost time: 3.501704454421997
Epoch: 30, Steps: 142 | Train Loss: 0.4606969 Vali Loss: 0.4616718 Test Loss: 0.2023085
EarlyStopping counter: 9 out of 20
Updating learning rate to 1.208925819614631e-05
>>>>>>>testing : weather_96_192_CycleNet_custom_ftM_sl96_pl192_cycle144_mlp_mrt1_seed2026<<<<<<<<<<<<<<<<<<<<<<<<<<<<<<<<<
test 10348
mse:0.2045803964138031, mae:0.24691924452781677
  SEED=2026  END: 2026年 06月 10日 星期三 16:45:03 CST

==========================================
  SEED=2027  START: 2026年 06月 10日 星期三 16:45:03 CST
==========================================
Args in experiment:
Namespace(random_seed=2027, is_training=1, model_id='weather_96_192', model='CycleNet', data='custom', root_path='./dataset/weather/', data_path='weather.csv', features='M', target='OT', freq='h', checkpoints='./checkpoints/', seq_len=96, label_len=0, pred_len=192, cycle=144, model_type='mlp', use_revin=1, mrt_layers=1, fc_dropout=0.05, head_dropout=0.0, patch_len=16, stride=8, padding_patch='end', revin=0, affine=0, subtract_last=0, decomposition=0, kernel_size=25, individual=0, rnn_type='gru', dec_way='pmf', seg_len=48, channel_id=1, period_len=24, embed_type=0, enc_in=21, dec_in=7, c_out=7, d_model=512, n_heads=8, e_layers=2, d_layers=1, d_ff=2048, moving_avg=25, factor=1, distil=True, dropout=0, embed='timeF', activation='gelu', output_attention=False, do_predict=False, num_workers=10, itr=1, train_epochs=30, batch_size=256, patience=20, learning_rate=0.005, des='test', loss='mse', lradj='type3', pct_start=0.3, use_amp=False, use_gpu=True, gpu=0, use_multi_gpu=False, devices='0,1', test_flop=False)
Use GPU: cuda:0
>>>>>>>start training : weather_96_192_CycleNet_custom_ftM_sl96_pl192_cycle144_mlp_mrt1_seed2027>>>>>>>>>>>>>>>>>>>>>>>>>>
train 36600
val 5079
test 10348
	iters: 100, epoch: 1 | loss: 0.6162685
	speed: 0.0325s/iter; left time: 135.3145s
Epoch: 1 cost time: 3.96885347366333
Epoch: 1, Steps: 142 | Train Loss: 0.6055788 Vali Loss: 0.5655283 Test Loss: 0.2430690
Validation loss decreased (inf --> 0.565528).  Saving model ...
Updating learning rate to 0.005
	iters: 100, epoch: 2 | loss: 0.6038955
	speed: 0.0617s/iter; left time: 248.0537s
Epoch: 2 cost time: 3.5405633449554443
Epoch: 2, Steps: 142 | Train Loss: 0.5264499 Vali Loss: 0.4855908 Test Loss: 0.2119876
Validation loss decreased (0.565528 --> 0.485591).  Saving model ...
Updating learning rate to 0.005
	iters: 100, epoch: 3 | loss: 0.4970209
	speed: 0.0632s/iter; left time: 245.2115s
Epoch: 3 cost time: 3.5845260620117188
Epoch: 3, Steps: 142 | Train Loss: 0.4962313 Vali Loss: 0.4837781 Test Loss: 0.2078133
Validation loss decreased (0.485591 --> 0.483778).  Saving model ...
Updating learning rate to 0.005
	iters: 100, epoch: 4 | loss: 0.7062978
	speed: 0.0670s/iter; left time: 250.4271s
Epoch: 4 cost time: 3.632366180419922
Epoch: 4, Steps: 142 | Train Loss: 0.4862331 Vali Loss: 0.4750914 Test Loss: 0.2049034
Validation loss decreased (0.483778 --> 0.475091).  Saving model ...
Updating learning rate to 0.004
	iters: 100, epoch: 5 | loss: 0.4680096
	speed: 0.0663s/iter; left time: 238.1249s
Epoch: 5 cost time: 3.782104730606079
Epoch: 5, Steps: 142 | Train Loss: 0.4807652 Vali Loss: 0.4722783 Test Loss: 0.2034033
Validation loss decreased (0.475091 --> 0.472278).  Saving model ...
Updating learning rate to 0.0032000000000000006
	iters: 100, epoch: 6 | loss: 0.3923640
	speed: 0.0650s/iter; left time: 224.3031s
Epoch: 6 cost time: 3.590688467025757
Epoch: 6, Steps: 142 | Train Loss: 0.4756715 Vali Loss: 0.4687647 Test Loss: 0.2031101
Validation loss decreased (0.472278 --> 0.468765).  Saving model ...
Updating learning rate to 0.0025600000000000006
	iters: 100, epoch: 7 | loss: 0.4350471
	speed: 0.0626s/iter; left time: 207.2696s
Epoch: 7 cost time: 3.5514841079711914
Epoch: 7, Steps: 142 | Train Loss: 0.4730145 Vali Loss: 0.4670167 Test Loss: 0.2032526
Validation loss decreased (0.468765 --> 0.467017).  Saving model ...
Updating learning rate to 0.0020480000000000003
	iters: 100, epoch: 8 | loss: 0.3858750
	speed: 0.0658s/iter; left time: 208.5136s
Epoch: 8 cost time: 3.5424342155456543
Epoch: 8, Steps: 142 | Train Loss: 0.4710697 Vali Loss: 0.4651132 Test Loss: 0.2030540
Validation loss decreased (0.467017 --> 0.465113).  Saving model ...
Updating learning rate to 0.0016384000000000004
	iters: 100, epoch: 9 | loss: 0.5624518
	speed: 0.0693s/iter; left time: 209.6597s
Epoch: 9 cost time: 4.007073879241943
Epoch: 9, Steps: 142 | Train Loss: 0.4695029 Vali Loss: 0.4655976 Test Loss: 0.2024705
EarlyStopping counter: 1 out of 20
Updating learning rate to 0.0013107200000000005
	iters: 100, epoch: 10 | loss: 0.4575700
	speed: 0.0666s/iter; left time: 191.8971s
Epoch: 10 cost time: 3.711836814880371
Epoch: 10, Steps: 142 | Train Loss: 0.4680373 Vali Loss: 0.4612728 Test Loss: 0.2028007
Validation loss decreased (0.465113 --> 0.461273).  Saving model ...
Updating learning rate to 0.0010485760000000005
	iters: 100, epoch: 11 | loss: 0.4758891
	speed: 0.0651s/iter; left time: 178.3422s
Epoch: 11 cost time: 3.438424825668335
Epoch: 11, Steps: 142 | Train Loss: 0.4657008 Vali Loss: 0.4618792 Test Loss: 0.2029483
EarlyStopping counter: 1 out of 20
Updating learning rate to 0.0008388608000000005
	iters: 100, epoch: 12 | loss: 0.3757564
	speed: 0.0640s/iter; left time: 166.2495s
Epoch: 12 cost time: 3.514292001724243
Epoch: 12, Steps: 142 | Train Loss: 0.4648560 Vali Loss: 0.4656231 Test Loss: 0.2025328
EarlyStopping counter: 2 out of 20
Updating learning rate to 0.0006710886400000003
	iters: 100, epoch: 13 | loss: 0.4295959
	speed: 0.0658s/iter; left time: 161.7794s
Epoch: 13 cost time: 3.566112518310547
Epoch: 13, Steps: 142 | Train Loss: 0.4643992 Vali Loss: 0.4663692 Test Loss: 0.2023294
EarlyStopping counter: 3 out of 20
Updating learning rate to 0.0005368709120000003
	iters: 100, epoch: 14 | loss: 0.5743006
	speed: 0.0637s/iter; left time: 147.5463s
Epoch: 14 cost time: 3.3900396823883057
Epoch: 14, Steps: 142 | Train Loss: 0.4631342 Vali Loss: 0.4612329 Test Loss: 0.2018823
Validation loss decreased (0.461273 --> 0.461233).  Saving model ...
Updating learning rate to 0.0004294967296000003
	iters: 100, epoch: 15 | loss: 0.3345921
	speed: 0.0586s/iter; left time: 127.4273s
Epoch: 15 cost time: 3.1504323482513428
Epoch: 15, Steps: 142 | Train Loss: 0.4621825 Vali Loss: 0.4614255 Test Loss: 0.2026385
EarlyStopping counter: 1 out of 20
Updating learning rate to 0.0003435973836800002
	iters: 100, epoch: 16 | loss: 0.4229057
	speed: 0.0613s/iter; left time: 124.5334s
Epoch: 16 cost time: 3.352811336517334
Epoch: 16, Steps: 142 | Train Loss: 0.4618171 Vali Loss: 0.4643155 Test Loss: 0.2023892
EarlyStopping counter: 2 out of 20
Updating learning rate to 0.0002748779069440002
	iters: 100, epoch: 17 | loss: 0.5935953
	speed: 0.0618s/iter; left time: 116.6710s
Epoch: 17 cost time: 3.496689558029175
Epoch: 17, Steps: 142 | Train Loss: 0.4612240 Vali Loss: 0.4618728 Test Loss: 0.2022071
EarlyStopping counter: 3 out of 20
Updating learning rate to 0.00021990232555520019
	iters: 100, epoch: 18 | loss: 0.3757522
	speed: 0.0659s/iter; left time: 115.0427s
Epoch: 18 cost time: 3.47721004486084
Epoch: 18, Steps: 142 | Train Loss: 0.4611429 Vali Loss: 0.4586392 Test Loss: 0.2023182
Validation loss decreased (0.461233 --> 0.458639).  Saving model ...
Updating learning rate to 0.00017592186044416015
	iters: 100, epoch: 19 | loss: 0.5312447
	speed: 0.0637s/iter; left time: 102.2166s
Epoch: 19 cost time: 3.7365241050720215
Epoch: 19, Steps: 142 | Train Loss: 0.4601991 Vali Loss: 0.4613556 Test Loss: 0.2021598
EarlyStopping counter: 1 out of 20
Updating learning rate to 0.00014073748835532812
	iters: 100, epoch: 20 | loss: 0.4701171
	speed: 0.0743s/iter; left time: 108.6521s
Epoch: 20 cost time: 3.8162028789520264
Epoch: 20, Steps: 142 | Train Loss: 0.4606326 Vali Loss: 0.4613622 Test Loss: 0.2023049
EarlyStopping counter: 2 out of 20
Updating learning rate to 0.00011258999068426252
	iters: 100, epoch: 21 | loss: 0.5553721
	speed: 0.0716s/iter; left time: 94.5560s
Epoch: 21 cost time: 4.012237787246704
Epoch: 21, Steps: 142 | Train Loss: 0.4595203 Vali Loss: 0.4617337 Test Loss: 0.2026077
EarlyStopping counter: 3 out of 20
Updating learning rate to 9.007199254741001e-05
	iters: 100, epoch: 22 | loss: 0.4760942
	speed: 0.0689s/iter; left time: 81.2557s
Epoch: 22 cost time: 3.6464099884033203
Epoch: 22, Steps: 142 | Train Loss: 0.4599875 Vali Loss: 0.4640030 Test Loss: 0.2022804
EarlyStopping counter: 4 out of 20
Updating learning rate to 7.205759403792801e-05
	iters: 100, epoch: 23 | loss: 0.3688405
	speed: 0.0708s/iter; left time: 73.3956s
Epoch: 23 cost time: 3.982449531555176
Epoch: 23, Steps: 142 | Train Loss: 0.4596548 Vali Loss: 0.4624975 Test Loss: 0.2024315
EarlyStopping counter: 5 out of 20
Updating learning rate to 5.764607523034242e-05
	iters: 100, epoch: 24 | loss: 0.3880121
	speed: 0.0728s/iter; left time: 65.1457s
Epoch: 24 cost time: 3.8487539291381836
Epoch: 24, Steps: 142 | Train Loss: 0.4592496 Vali Loss: 0.4596871 Test Loss: 0.2023395
EarlyStopping counter: 6 out of 20
Updating learning rate to 4.611686018427394e-05
	iters: 100, epoch: 25 | loss: 0.4970312
	speed: 0.0706s/iter; left time: 53.1776s
Epoch: 25 cost time: 3.924119472503662
Epoch: 25, Steps: 142 | Train Loss: 0.4599669 Vali Loss: 0.4615721 Test Loss: 0.2023082
EarlyStopping counter: 7 out of 20
Updating learning rate to 3.689348814741915e-05
	iters: 100, epoch: 26 | loss: 0.5150923
	speed: 0.0714s/iter; left time: 43.6127s
Epoch: 26 cost time: 3.8307740688323975
Epoch: 26, Steps: 142 | Train Loss: 0.4582160 Vali Loss: 0.4614352 Test Loss: 0.2023090
EarlyStopping counter: 8 out of 20
Updating learning rate to 2.951479051793532e-05
	iters: 100, epoch: 27 | loss: 0.4396312
	speed: 0.0734s/iter; left time: 34.4094s
Epoch: 27 cost time: 3.8693058490753174
Epoch: 27, Steps: 142 | Train Loss: 0.4589524 Vali Loss: 0.4571404 Test Loss: 0.2022136
Validation loss decreased (0.458639 --> 0.457140).  Saving model ...
Updating learning rate to 2.361183241434826e-05
	iters: 100, epoch: 28 | loss: 0.4066402
	speed: 0.0695s/iter; left time: 22.7396s
Epoch: 28 cost time: 3.9840080738067627
Epoch: 28, Steps: 142 | Train Loss: 0.4589370 Vali Loss: 0.4631588 Test Loss: 0.2022630
EarlyStopping counter: 1 out of 20
Updating learning rate to 1.888946593147861e-05
	iters: 100, epoch: 29 | loss: 0.4614019
	speed: 0.0723s/iter; left time: 13.3712s
Epoch: 29 cost time: 3.967503309249878
Epoch: 29, Steps: 142 | Train Loss: 0.4576886 Vali Loss: 0.4590008 Test Loss: 0.2022415
EarlyStopping counter: 2 out of 20
Updating learning rate to 1.5111572745182888e-05
	iters: 100, epoch: 30 | loss: 0.5794150
	speed: 0.0735s/iter; left time: 3.1608s
Epoch: 30 cost time: 3.6987199783325195
Epoch: 30, Steps: 142 | Train Loss: 0.4595801 Vali Loss: 0.4573615 Test Loss: 0.2022785
EarlyStopping counter: 3 out of 20
Updating learning rate to 1.208925819614631e-05
>>>>>>>testing : weather_96_192_CycleNet_custom_ftM_sl96_pl192_cycle144_mlp_mrt1_seed2027<<<<<<<<<<<<<<<<<<<<<<<<<<<<<<<<<
test 10348
mse:0.20422321557998657, mae:0.247153639793396
  SEED=2027  END: 2026年 06月 10日 星期三 16:48:38 CST

==========================================
  SEED=2028  START: 2026年 06月 10日 星期三 16:48:38 CST
==========================================
Args in experiment:
Namespace(random_seed=2028, is_training=1, model_id='weather_96_192', model='CycleNet', data='custom', root_path='./dataset/weather/', data_path='weather.csv', features='M', target='OT', freq='h', checkpoints='./checkpoints/', seq_len=96, label_len=0, pred_len=192, cycle=144, model_type='mlp', use_revin=1, mrt_layers=1, fc_dropout=0.05, head_dropout=0.0, patch_len=16, stride=8, padding_patch='end', revin=0, affine=0, subtract_last=0, decomposition=0, kernel_size=25, individual=0, rnn_type='gru', dec_way='pmf', seg_len=48, channel_id=1, period_len=24, embed_type=0, enc_in=21, dec_in=7, c_out=7, d_model=512, n_heads=8, e_layers=2, d_layers=1, d_ff=2048, moving_avg=25, factor=1, distil=True, dropout=0, embed='timeF', activation='gelu', output_attention=False, do_predict=False, num_workers=10, itr=1, train_epochs=30, batch_size=256, patience=20, learning_rate=0.005, des='test', loss='mse', lradj='type3', pct_start=0.3, use_amp=False, use_gpu=True, gpu=0, use_multi_gpu=False, devices='0,1', test_flop=False)
Use GPU: cuda:0
>>>>>>>start training : weather_96_192_CycleNet_custom_ftM_sl96_pl192_cycle144_mlp_mrt1_seed2028>>>>>>>>>>>>>>>>>>>>>>>>>>
train 36600
val 5079
test 10348
	iters: 100, epoch: 1 | loss: 0.4916520
	speed: 0.0419s/iter; left time: 174.3385s
Epoch: 1 cost time: 5.0824809074401855
Epoch: 1, Steps: 142 | Train Loss: 0.6070360 Vali Loss: 0.5639488 Test Loss: 0.2434757
Validation loss decreased (inf --> 0.563949).  Saving model ...
Updating learning rate to 0.005
	iters: 100, epoch: 2 | loss: 0.4550306
	speed: 0.0658s/iter; left time: 264.5810s
Epoch: 2 cost time: 3.7516160011291504
Epoch: 2, Steps: 142 | Train Loss: 0.5294991 Vali Loss: 0.4901651 Test Loss: 0.2143530
Validation loss decreased (0.563949 --> 0.490165).  Saving model ...
Updating learning rate to 0.005
	iters: 100, epoch: 3 | loss: 0.4441758
	speed: 0.0733s/iter; left time: 284.0428s
Epoch: 3 cost time: 3.8760170936584473
Epoch: 3, Steps: 142 | Train Loss: 0.4969712 Vali Loss: 0.4827284 Test Loss: 0.2073648
Validation loss decreased (0.490165 --> 0.482728).  Saving model ...
Updating learning rate to 0.005
	iters: 100, epoch: 4 | loss: 0.4475181
	speed: 0.0706s/iter; left time: 263.5458s
Epoch: 4 cost time: 3.9718053340911865
Epoch: 4, Steps: 142 | Train Loss: 0.4878218 Vali Loss: 0.4767489 Test Loss: 0.2058221
Validation loss decreased (0.482728 --> 0.476749).  Saving model ...
Updating learning rate to 0.004
	iters: 100, epoch: 5 | loss: 0.5813316
	speed: 0.0696s/iter; left time: 250.2171s
Epoch: 5 cost time: 3.8085131645202637
Epoch: 5, Steps: 142 | Train Loss: 0.4806017 Vali Loss: 0.4736653 Test Loss: 0.2039359
Validation loss decreased (0.476749 --> 0.473665).  Saving model ...
Updating learning rate to 0.0032000000000000006
	iters: 100, epoch: 6 | loss: 0.3974189
	speed: 0.0722s/iter; left time: 249.3046s
Epoch: 6 cost time: 3.7589926719665527
Epoch: 6, Steps: 142 | Train Loss: 0.4754891 Vali Loss: 0.4730853 Test Loss: 0.2031775
Validation loss decreased (0.473665 --> 0.473085).  Saving model ...
Updating learning rate to 0.0025600000000000006
	iters: 100, epoch: 7 | loss: 0.4988114
	speed: 0.0760s/iter; left time: 251.5345s
Epoch: 7 cost time: 3.8534505367279053
Epoch: 7, Steps: 142 | Train Loss: 0.4724014 Vali Loss: 0.4658847 Test Loss: 0.2031126
Validation loss decreased (0.473085 --> 0.465885).  Saving model ...
Updating learning rate to 0.0020480000000000003
	iters: 100, epoch: 8 | loss: 0.4833987
	speed: 0.0777s/iter; left time: 246.0027s
Epoch: 8 cost time: 3.9921936988830566
Epoch: 8, Steps: 142 | Train Loss: 0.4712027 Vali Loss: 0.4662140 Test Loss: 0.2024223
EarlyStopping counter: 1 out of 20
Updating learning rate to 0.0016384000000000004
	iters: 100, epoch: 9 | loss: 0.4661930
	speed: 0.0768s/iter; left time: 232.4517s
Epoch: 9 cost time: 3.9991273880004883
Epoch: 9, Steps: 142 | Train Loss: 0.4686313 Vali Loss: 0.4662000 Test Loss: 0.2029574
EarlyStopping counter: 2 out of 20
Updating learning rate to 0.0013107200000000005
	iters: 100, epoch: 10 | loss: 0.4509153
	speed: 0.0752s/iter; left time: 216.7614s
Epoch: 10 cost time: 3.926156759262085
Epoch: 10, Steps: 142 | Train Loss: 0.4677216 Vali Loss: 0.4634309 Test Loss: 0.2027313
Validation loss decreased (0.465885 --> 0.463431).  Saving model ...
Updating learning rate to 0.0010485760000000005
	iters: 100, epoch: 11 | loss: 0.4144584
	speed: 0.0791s/iter; left time: 216.7234s
Epoch: 11 cost time: 4.049026250839233
Epoch: 11, Steps: 142 | Train Loss: 0.4657075 Vali Loss: 0.4659147 Test Loss: 0.2030590
EarlyStopping counter: 1 out of 20
Updating learning rate to 0.0008388608000000005
	iters: 100, epoch: 12 | loss: 0.4506565
	speed: 0.0796s/iter; left time: 206.7800s
Epoch: 12 cost time: 4.1114420890808105
Epoch: 12, Steps: 142 | Train Loss: 0.4644542 Vali Loss: 0.4636014 Test Loss: 0.2023219
EarlyStopping counter: 2 out of 20
Updating learning rate to 0.0006710886400000003
	iters: 100, epoch: 13 | loss: 0.4224734
	speed: 0.0775s/iter; left time: 190.5143s
Epoch: 13 cost time: 4.179891109466553
Epoch: 13, Steps: 142 | Train Loss: 0.4631996 Vali Loss: 0.4609654 Test Loss: 0.2027017
Validation loss decreased (0.463431 --> 0.460965).  Saving model ...
Updating learning rate to 0.0005368709120000003
	iters: 100, epoch: 14 | loss: 0.5004830
	speed: 0.0715s/iter; left time: 165.4875s
Epoch: 14 cost time: 3.8313167095184326
Epoch: 14, Steps: 142 | Train Loss: 0.4631797 Vali Loss: 0.4623673 Test Loss: 0.2027990
EarlyStopping counter: 1 out of 20
Updating learning rate to 0.0004294967296000003
	iters: 100, epoch: 15 | loss: 0.3686637
	speed: 0.0718s/iter; left time: 156.0486s
Epoch: 15 cost time: 3.581486225128174
Epoch: 15, Steps: 142 | Train Loss: 0.4624935 Vali Loss: 0.4637412 Test Loss: 0.2023073
EarlyStopping counter: 2 out of 20
Updating learning rate to 0.0003435973836800002
	iters: 100, epoch: 16 | loss: 0.5590399
	speed: 0.0728s/iter; left time: 147.8249s
Epoch: 16 cost time: 3.7117273807525635
Epoch: 16, Steps: 142 | Train Loss: 0.4621189 Vali Loss: 0.4651023 Test Loss: 0.2026779
EarlyStopping counter: 3 out of 20
Updating learning rate to 0.0002748779069440002
	iters: 100, epoch: 17 | loss: 0.4792261
	speed: 0.0664s/iter; left time: 125.4945s
Epoch: 17 cost time: 3.3340816497802734
Epoch: 17, Steps: 142 | Train Loss: 0.4612177 Vali Loss: 0.4641570 Test Loss: 0.2025889
EarlyStopping counter: 4 out of 20
Updating learning rate to 0.00021990232555520019
	iters: 100, epoch: 18 | loss: 0.4253557
	speed: 0.0758s/iter; left time: 132.3860s
Epoch: 18 cost time: 4.1282126903533936
Epoch: 18, Steps: 142 | Train Loss: 0.4613602 Vali Loss: 0.4630448 Test Loss: 0.2024304
EarlyStopping counter: 5 out of 20
Updating learning rate to 0.00017592186044416015
	iters: 100, epoch: 19 | loss: 0.6589091
	speed: 0.0732s/iter; left time: 117.5214s
Epoch: 19 cost time: 3.612370014190674
Epoch: 19, Steps: 142 | Train Loss: 0.4599400 Vali Loss: 0.4635015 Test Loss: 0.2024804
EarlyStopping counter: 6 out of 20
Updating learning rate to 0.00014073748835532812
	iters: 100, epoch: 20 | loss: 0.5408044
	speed: 0.0749s/iter; left time: 109.6374s
Epoch: 20 cost time: 4.054238796234131
Epoch: 20, Steps: 142 | Train Loss: 0.4594222 Vali Loss: 0.4588058 Test Loss: 0.2022260
Validation loss decreased (0.460965 --> 0.458806).  Saving model ...
Updating learning rate to 0.00011258999068426252
	iters: 100, epoch: 21 | loss: 0.4819178
	speed: 0.0706s/iter; left time: 93.2523s
Epoch: 21 cost time: 3.7632484436035156
Epoch: 21, Steps: 142 | Train Loss: 0.4602154 Vali Loss: 0.4586084 Test Loss: 0.2025035
Validation loss decreased (0.458806 --> 0.458608).  Saving model ...
Updating learning rate to 9.007199254741001e-05
	iters: 100, epoch: 22 | loss: 0.4988470
	speed: 0.0739s/iter; left time: 87.0795s
Epoch: 22 cost time: 3.6813340187072754
Epoch: 22, Steps: 142 | Train Loss: 0.4588671 Vali Loss: 0.4602495 Test Loss: 0.2023702
EarlyStopping counter: 1 out of 20
Updating learning rate to 7.205759403792801e-05
	iters: 100, epoch: 23 | loss: 0.4767525
	speed: 0.0722s/iter; left time: 74.8486s
Epoch: 23 cost time: 3.739969491958618
Epoch: 23, Steps: 142 | Train Loss: 0.4589902 Vali Loss: 0.4595049 Test Loss: 0.2025351
EarlyStopping counter: 2 out of 20
Updating learning rate to 5.764607523034242e-05
	iters: 100, epoch: 24 | loss: 0.5742377
	speed: 0.0714s/iter; left time: 63.9034s
Epoch: 24 cost time: 3.942427158355713
Epoch: 24, Steps: 142 | Train Loss: 0.4599180 Vali Loss: 0.4614918 Test Loss: 0.2025150
EarlyStopping counter: 3 out of 20
Updating learning rate to 4.611686018427394e-05
	iters: 100, epoch: 25 | loss: 0.4833882
	speed: 0.0729s/iter; left time: 54.8629s
Epoch: 25 cost time: 4.018540143966675
Epoch: 25, Steps: 142 | Train Loss: 0.4592029 Vali Loss: 0.4625998 Test Loss: 0.2026524
EarlyStopping counter: 4 out of 20
Updating learning rate to 3.689348814741915e-05
	iters: 100, epoch: 26 | loss: 0.5169233
	speed: 0.0737s/iter; left time: 45.0146s
Epoch: 26 cost time: 3.8732306957244873
Epoch: 26, Steps: 142 | Train Loss: 0.4585935 Vali Loss: 0.4638931 Test Loss: 0.2025493
EarlyStopping counter: 5 out of 20
Updating learning rate to 2.951479051793532e-05
	iters: 100, epoch: 27 | loss: 0.6135602
	speed: 0.0754s/iter; left time: 35.3760s
Epoch: 27 cost time: 3.902966022491455
Epoch: 27, Steps: 142 | Train Loss: 0.4591990 Vali Loss: 0.4616097 Test Loss: 0.2025766
EarlyStopping counter: 6 out of 20
Updating learning rate to 2.361183241434826e-05
	iters: 100, epoch: 28 | loss: 0.3454567
	speed: 0.0752s/iter; left time: 24.5802s
Epoch: 28 cost time: 3.9101998805999756
Epoch: 28, Steps: 142 | Train Loss: 0.4589952 Vali Loss: 0.4602378 Test Loss: 0.2025166
EarlyStopping counter: 7 out of 20
Updating learning rate to 1.888946593147861e-05
	iters: 100, epoch: 29 | loss: 0.4335436
	speed: 0.0721s/iter; left time: 13.3429s
Epoch: 29 cost time: 3.550462484359741
Epoch: 29, Steps: 142 | Train Loss: 0.4592523 Vali Loss: 0.4615481 Test Loss: 0.2025755
EarlyStopping counter: 8 out of 20
Updating learning rate to 1.5111572745182888e-05
	iters: 100, epoch: 30 | loss: 0.6783221
	speed: 0.0688s/iter; left time: 2.9573s
Epoch: 30 cost time: 3.7497646808624268
Epoch: 30, Steps: 142 | Train Loss: 0.4590473 Vali Loss: 0.4584793 Test Loss: 0.2025746
Validation loss decreased (0.458608 --> 0.458479).  Saving model ...
Updating learning rate to 1.208925819614631e-05
>>>>>>>testing : weather_96_192_CycleNet_custom_ftM_sl96_pl192_cycle144_mlp_mrt1_seed2028<<<<<<<<<<<<<<<<<<<<<<<<<<<<<<<<<
test 10348
mse:0.2045862078666687, mae:0.2474653422832489
  SEED=2028  END: 2026年 06月 10日 星期三 16:52:34 CST

=== Weather MRT pred_len=192 ALL DONE ===
End time: 2026年 06月 10日 星期三 16:52:34 CST
