Args in experiment:
Namespace(random_seed=2024, is_training=1, model_id='weather_96_192', model='CycleNet', data='custom', root_path='./dataset/weather/', data_path='weather.csv', features='M', target='OT', freq='h', checkpoints='./checkpoints/', seq_len=96, label_len=0, pred_len=192, cycle=144, cycle_mode='lookup', cycle_rank=4, model_type='mlp', use_revin=1, mrt_layers=0, freq_layers=1, freq_v2_layers=0, freq_v3_layers=0, freq_v4_layers=0, sgf_layers=0, sgf_prior_path='', freq_loss_alpha=1.0, fc_dropout=0.05, head_dropout=0.0, patch_len=16, stride=8, padding_patch='end', revin=0, affine=0, subtract_last=0, decomposition=0, kernel_size=25, individual=0, rnn_type='gru', dec_way='pmf', seg_len=48, channel_id=1, period_len=24, embed_type=0, enc_in=21, dec_in=7, c_out=7, d_model=512, n_heads=8, e_layers=2, d_layers=1, d_ff=2048, moving_avg=25, factor=1, distil=True, dropout=0, embed='timeF', activation='gelu', output_attention=False, do_predict=False, num_workers=10, itr=1, train_epochs=30, batch_size=256, patience=15, learning_rate=0.005, des='test', loss='mse', lradj='type3', pct_start=0.3, use_amp=False, use_gpu=True, gpu=0, use_multi_gpu=False, devices='0,1', test_flop=False)
Use GPU: cuda:0
>>>>>>>start training : weather_96_192_CycleNet_custom_ftM_sl96_pl192_cycle144_mlp_freq1_seed2024>>>>>>>>>>>>>>>>>>>>>>>>>>
train 36600
val 5079
test 10348
	iters: 100, epoch: 1 | loss: 0.5557755
	speed: 0.0627s/iter; left time: 260.7621s
Epoch: 1 cost time: 7.300361394882202
Epoch: 1, Steps: 142 | Train Loss: 0.6061278 Vali Loss: 0.5694277 Test Loss: 0.2436925
Validation loss decreased (inf --> 0.569428).  Saving model ...
Updating learning rate to 0.005
	iters: 100, epoch: 2 | loss: 0.4294082
	speed: 0.0898s/iter; left time: 360.8949s
Epoch: 2 cost time: 4.8580121994018555
Epoch: 2, Steps: 142 | Train Loss: 0.5435365 Vali Loss: 0.4956383 Test Loss: 0.2244800
Validation loss decreased (0.569428 --> 0.495638).  Saving model ...
Updating learning rate to 0.005
	iters: 100, epoch: 3 | loss: 0.6643385
	speed: 0.0985s/iter; left time: 381.9926s
Epoch: 3 cost time: 5.006804704666138
Epoch: 3, Steps: 142 | Train Loss: 0.5036551 Vali Loss: 0.4776298 Test Loss: 0.2108008
Validation loss decreased (0.495638 --> 0.477630).  Saving model ...
Updating learning rate to 0.005
	iters: 100, epoch: 4 | loss: 0.4883490
	speed: 0.1006s/iter; left time: 375.7977s
Epoch: 4 cost time: 5.315704584121704
Epoch: 4, Steps: 142 | Train Loss: 0.4881150 Vali Loss: 0.4682919 Test Loss: 0.2075888
Validation loss decreased (0.477630 --> 0.468292).  Saving model ...
Updating learning rate to 0.004
	iters: 100, epoch: 5 | loss: 0.5428655
	speed: 0.0949s/iter; left time: 341.0163s
Epoch: 5 cost time: 4.751763820648193
Epoch: 5, Steps: 142 | Train Loss: 0.4800504 Vali Loss: 0.4634560 Test Loss: 0.2052877
Validation loss decreased (0.468292 --> 0.463456).  Saving model ...
Updating learning rate to 0.0032000000000000006
	iters: 100, epoch: 6 | loss: 0.3562004
	speed: 0.1031s/iter; left time: 355.7405s
Epoch: 6 cost time: 5.208817005157471
Epoch: 6, Steps: 142 | Train Loss: 0.4757502 Vali Loss: 0.4625202 Test Loss: 0.2039935
Validation loss decreased (0.463456 --> 0.462520).  Saving model ...
Updating learning rate to 0.0025600000000000006
	iters: 100, epoch: 7 | loss: 0.5545069
	speed: 0.0981s/iter; left time: 324.5866s
Epoch: 7 cost time: 5.138529062271118
Epoch: 7, Steps: 142 | Train Loss: 0.4738464 Vali Loss: 0.4654920 Test Loss: 0.2034241
EarlyStopping counter: 1 out of 15
Updating learning rate to 0.0020480000000000003
	iters: 100, epoch: 8 | loss: 0.4727255
	speed: 0.0998s/iter; left time: 316.0309s
Epoch: 8 cost time: 5.46533989906311
Epoch: 8, Steps: 142 | Train Loss: 0.4713914 Vali Loss: 0.4587724 Test Loss: 0.2024271
Validation loss decreased (0.462520 --> 0.458772).  Saving model ...
Updating learning rate to 0.0016384000000000004
	iters: 100, epoch: 9 | loss: 0.4108675
	speed: 0.0973s/iter; left time: 294.1850s
Epoch: 9 cost time: 4.660111665725708
Epoch: 9, Steps: 142 | Train Loss: 0.4697449 Vali Loss: 0.4625283 Test Loss: 0.2030514
EarlyStopping counter: 1 out of 15
Updating learning rate to 0.0013107200000000005
	iters: 100, epoch: 10 | loss: 0.5371346
	speed: 0.0891s/iter; left time: 256.9883s
Epoch: 10 cost time: 4.925350904464722
Epoch: 10, Steps: 142 | Train Loss: 0.4687286 Vali Loss: 0.4618995 Test Loss: 0.2024126
EarlyStopping counter: 2 out of 15
Updating learning rate to 0.0010485760000000005
	iters: 100, epoch: 11 | loss: 0.4986148
	speed: 0.0944s/iter; left time: 258.8591s
Epoch: 11 cost time: 4.996410846710205
Epoch: 11, Steps: 142 | Train Loss: 0.4671194 Vali Loss: 0.4558244 Test Loss: 0.2020767
Validation loss decreased (0.458772 --> 0.455824).  Saving model ...
Updating learning rate to 0.0008388608000000005
	iters: 100, epoch: 12 | loss: 0.4630606
	speed: 0.1059s/iter; left time: 275.2548s
Epoch: 12 cost time: 4.84842324256897
Epoch: 12, Steps: 142 | Train Loss: 0.4666244 Vali Loss: 0.4579177 Test Loss: 0.2024690
EarlyStopping counter: 1 out of 15
Updating learning rate to 0.0006710886400000003
	iters: 100, epoch: 13 | loss: 0.4547355
	speed: 0.0991s/iter; left time: 243.5967s
Epoch: 13 cost time: 5.029602289199829
Epoch: 13, Steps: 142 | Train Loss: 0.4657193 Vali Loss: 0.4581067 Test Loss: 0.2030497
EarlyStopping counter: 2 out of 15
Updating learning rate to 0.0005368709120000003
	iters: 100, epoch: 14 | loss: 0.3679540
	speed: 0.1011s/iter; left time: 234.0302s
Epoch: 14 cost time: 4.883587598800659
Epoch: 14, Steps: 142 | Train Loss: 0.4643218 Vali Loss: 0.4571017 Test Loss: 0.2027311
EarlyStopping counter: 3 out of 15
Updating learning rate to 0.0004294967296000003
	iters: 100, epoch: 15 | loss: 0.4606951
	speed: 0.0943s/iter; left time: 204.8664s
Epoch: 15 cost time: 4.788466453552246
Epoch: 15, Steps: 142 | Train Loss: 0.4643405 Vali Loss: 0.4566290 Test Loss: 0.2022382
EarlyStopping counter: 4 out of 15
Updating learning rate to 0.0003435973836800002
	iters: 100, epoch: 16 | loss: 0.3737179
	speed: 0.0848s/iter; left time: 172.1365s
Epoch: 16 cost time: 4.788386583328247
Epoch: 16, Steps: 142 | Train Loss: 0.4640544 Vali Loss: 0.4562168 Test Loss: 0.2024252
EarlyStopping counter: 5 out of 15
Updating learning rate to 0.0002748779069440002
	iters: 100, epoch: 17 | loss: 0.5155700
	speed: 0.0992s/iter; left time: 187.3885s
Epoch: 17 cost time: 4.924476385116577
Epoch: 17, Steps: 142 | Train Loss: 0.4631085 Vali Loss: 0.4537947 Test Loss: 0.2026851
Validation loss decreased (0.455824 --> 0.453795).  Saving model ...
Updating learning rate to 0.00021990232555520019
	iters: 100, epoch: 18 | loss: 0.5222336
	speed: 0.1022s/iter; left time: 178.4646s
Epoch: 18 cost time: 5.333806276321411
Epoch: 18, Steps: 142 | Train Loss: 0.4631115 Vali Loss: 0.4567124 Test Loss: 0.2026183
EarlyStopping counter: 1 out of 15
Updating learning rate to 0.00017592186044416015
	iters: 100, epoch: 19 | loss: 0.5684587
	speed: 0.1025s/iter; left time: 164.4969s
Epoch: 19 cost time: 5.500649929046631
Epoch: 19, Steps: 142 | Train Loss: 0.4631965 Vali Loss: 0.4550550 Test Loss: 0.2024971
EarlyStopping counter: 2 out of 15
Updating learning rate to 0.00014073748835532812
	iters: 100, epoch: 20 | loss: 0.4763365
	speed: 0.1004s/iter; left time: 146.9449s
Epoch: 20 cost time: 5.308136224746704
Epoch: 20, Steps: 142 | Train Loss: 0.4626347 Vali Loss: 0.4566948 Test Loss: 0.2025163
EarlyStopping counter: 3 out of 15
Updating learning rate to 0.00011258999068426252
	iters: 100, epoch: 21 | loss: 0.3994735
	speed: 0.0953s/iter; left time: 125.9112s
Epoch: 21 cost time: 4.946496486663818
Epoch: 21, Steps: 142 | Train Loss: 0.4625936 Vali Loss: 0.4541073 Test Loss: 0.2024622
EarlyStopping counter: 4 out of 15
Updating learning rate to 9.007199254741001e-05
	iters: 100, epoch: 22 | loss: 0.3819743
	speed: 0.0967s/iter; left time: 113.9515s
Epoch: 22 cost time: 5.224550485610962
Epoch: 22, Steps: 142 | Train Loss: 0.4625603 Vali Loss: 0.4577132 Test Loss: 0.2023453
EarlyStopping counter: 5 out of 15
Updating learning rate to 7.205759403792801e-05
	iters: 100, epoch: 23 | loss: 0.4905056
	speed: 0.1148s/iter; left time: 119.0945s
Epoch: 23 cost time: 6.310698986053467
Epoch: 23, Steps: 142 | Train Loss: 0.4625752 Vali Loss: 0.4591045 Test Loss: 0.2024411
EarlyStopping counter: 6 out of 15
Updating learning rate to 5.764607523034242e-05
	iters: 100, epoch: 24 | loss: 0.5209200
	speed: 0.1105s/iter; left time: 98.8791s
Epoch: 24 cost time: 6.054721832275391
Epoch: 24, Steps: 142 | Train Loss: 0.4629692 Vali Loss: 0.4534814 Test Loss: 0.2023648
Validation loss decreased (0.453795 --> 0.453481).  Saving model ...
Updating learning rate to 4.611686018427394e-05
	iters: 100, epoch: 25 | loss: 0.4612459
	speed: 0.1131s/iter; left time: 85.1316s
Epoch: 25 cost time: 5.581794738769531
Epoch: 25, Steps: 142 | Train Loss: 0.4608411 Vali Loss: 0.4544462 Test Loss: 0.2022902
EarlyStopping counter: 1 out of 15
Updating learning rate to 3.689348814741915e-05
	iters: 100, epoch: 26 | loss: 0.5329747
	speed: 0.1033s/iter; left time: 63.1250s
Epoch: 26 cost time: 5.2473673820495605
Epoch: 26, Steps: 142 | Train Loss: 0.4618464 Vali Loss: 0.4542399 Test Loss: 0.2024394
EarlyStopping counter: 2 out of 15
Updating learning rate to 2.951479051793532e-05
	iters: 100, epoch: 27 | loss: 0.4405171
	speed: 0.1012s/iter; left time: 47.4852s
Epoch: 27 cost time: 5.088366270065308
Epoch: 27, Steps: 142 | Train Loss: 0.4620056 Vali Loss: 0.4576196 Test Loss: 0.2023205
EarlyStopping counter: 3 out of 15
Updating learning rate to 2.361183241434826e-05
	iters: 100, epoch: 28 | loss: 0.5287539
	speed: 0.1009s/iter; left time: 32.9786s
Epoch: 28 cost time: 5.157742023468018
Epoch: 28, Steps: 142 | Train Loss: 0.4608163 Vali Loss: 0.4570806 Test Loss: 0.2023714
EarlyStopping counter: 4 out of 15
Updating learning rate to 1.888946593147861e-05
	iters: 100, epoch: 29 | loss: 0.4488649
	speed: 0.0961s/iter; left time: 17.7695s
Epoch: 29 cost time: 5.641993522644043
Epoch: 29, Steps: 142 | Train Loss: 0.4604686 Vali Loss: 0.4536580 Test Loss: 0.2023503
EarlyStopping counter: 5 out of 15
Updating learning rate to 1.5111572745182888e-05
	iters: 100, epoch: 30 | loss: 0.4719127
	speed: 0.0981s/iter; left time: 4.2192s
Epoch: 30 cost time: 4.685478210449219
Epoch: 30, Steps: 142 | Train Loss: 0.4625383 Vali Loss: 0.4570887 Test Loss: 0.2022935
EarlyStopping counter: 6 out of 15
Updating learning rate to 1.208925819614631e-05
>>>>>>>testing : weather_96_192_CycleNet_custom_ftM_sl96_pl192_cycle144_mlp_freq1_seed2024<<<<<<<<<<<<<<<<<<<<<<<<<<<<<<<<<
test 10348
mse:0.20428450405597687, mae:0.246953085064888
