Device: cuda:0
Dataset: weather | Pred len: 720 | Seed: 2024
Stage3 FreDF: False

============================================================
STAGE 1: Train MRT only (freq_layers=0)
============================================================
train 36072
val 4551
test 9820
    iters: 100, epoch: 1 | loss: 0.7082058 | speed: 0.0796s/iter; left: 326s
Epoch: 1, Steps: 140 | Train: 0.7492915 Vali: 0.7645546 Test: 0.3725256
Validation loss decreased (inf --> 0.764555).  Saving model ...
Updating learning rate to 0.005
    iters: 100, epoch: 2 | loss: 0.6802908 | speed: 0.0678s/iter; left: 269s
Epoch: 2, Steps: 140 | Train: 0.6798573 Vali: 0.7020401 Test: 0.3558681
Validation loss decreased (0.764555 --> 0.702040).  Saving model ...
Updating learning rate to 0.005
    iters: 100, epoch: 3 | loss: 0.6585593 | speed: 0.0648s/iter; left: 247s
Epoch: 3, Steps: 140 | Train: 0.6527596 Vali: 0.6940609 Test: 0.3514624
Validation loss decreased (0.702040 --> 0.694061).  Saving model ...
Updating learning rate to 0.005
    iters: 100, epoch: 4 | loss: 0.6458681 | speed: 0.0668s/iter; left: 246s
Epoch: 4, Steps: 140 | Train: 0.6441536 Vali: 0.6879988 Test: 0.3501941
Validation loss decreased (0.694061 --> 0.687999).  Saving model ...
Updating learning rate to 0.004
    iters: 100, epoch: 5 | loss: 0.6350924 | speed: 0.0665s/iter; left: 236s
Epoch: 5, Steps: 140 | Train: 0.6372040 Vali: 0.6890142 Test: 0.3494162
EarlyStopping counter: 1 out of 15
Updating learning rate to 0.0032000000000000006
    iters: 100, epoch: 6 | loss: 0.6204532 | speed: 0.0679s/iter; left: 231s
Epoch: 6, Steps: 140 | Train: 0.6324187 Vali: 0.6846638 Test: 0.3492830
Validation loss decreased (0.687999 --> 0.684664).  Saving model ...
Updating learning rate to 0.0025600000000000006
    iters: 100, epoch: 7 | loss: 0.6469555 | speed: 0.0693s/iter; left: 226s
Epoch: 7, Steps: 140 | Train: 0.6288169 Vali: 0.6813493 Test: 0.3485851
Validation loss decreased (0.684664 --> 0.681349).  Saving model ...
Updating learning rate to 0.0020480000000000003
    iters: 100, epoch: 8 | loss: 0.6292038 | speed: 0.0657s/iter; left: 205s
Epoch: 8, Steps: 140 | Train: 0.6258957 Vali: 0.6805464 Test: 0.3486599
Validation loss decreased (0.681349 --> 0.680546).  Saving model ...
Updating learning rate to 0.0016384000000000004
    iters: 100, epoch: 9 | loss: 0.6000123 | speed: 0.0674s/iter; left: 201s
Epoch: 9, Steps: 140 | Train: 0.6238902 Vali: 0.6788715 Test: 0.3475021
Validation loss decreased (0.680546 --> 0.678872).  Saving model ...
Updating learning rate to 0.0013107200000000005
    iters: 100, epoch: 10 | loss: 0.6699603 | speed: 0.0664s/iter; left: 189s
Epoch: 10, Steps: 140 | Train: 0.6220700 Vali: 0.6765419 Test: 0.3475749
Validation loss decreased (0.678872 --> 0.676542).  Saving model ...
Updating learning rate to 0.0010485760000000005
    iters: 100, epoch: 11 | loss: 0.6476120 | speed: 0.0669s/iter; left: 181s
Epoch: 11, Steps: 140 | Train: 0.6205635 Vali: 0.6790445 Test: 0.3481698
EarlyStopping counter: 1 out of 15
Updating learning rate to 0.0008388608000000005
    iters: 100, epoch: 12 | loss: 0.6117122 | speed: 0.0660s/iter; left: 169s
Epoch: 12, Steps: 140 | Train: 0.6185092 Vali: 0.6723705 Test: 0.3478507
Validation loss decreased (0.676542 --> 0.672371).  Saving model ...
Updating learning rate to 0.0006710886400000003
    iters: 100, epoch: 13 | loss: 0.5798703 | speed: 0.0664s/iter; left: 161s
Epoch: 13, Steps: 140 | Train: 0.6176314 Vali: 0.6753770 Test: 0.3476092
EarlyStopping counter: 1 out of 15
Updating learning rate to 0.0005368709120000003
    iters: 100, epoch: 14 | loss: 0.6562201 | speed: 0.0696s/iter; left: 159s
Epoch: 14, Steps: 140 | Train: 0.6161673 Vali: 0.6759599 Test: 0.3478653
EarlyStopping counter: 2 out of 15
Updating learning rate to 0.0004294967296000003
    iters: 100, epoch: 15 | loss: 0.5660588 | speed: 0.0656s/iter; left: 140s
Epoch: 15, Steps: 140 | Train: 0.6152300 Vali: 0.6772830 Test: 0.3482540
EarlyStopping counter: 3 out of 15
Updating learning rate to 0.0003435973836800002
    iters: 100, epoch: 16 | loss: 0.6535404 | speed: 0.0644s/iter; left: 129s
Epoch: 16, Steps: 140 | Train: 0.6150373 Vali: 0.6752081 Test: 0.3482697
EarlyStopping counter: 4 out of 15
Updating learning rate to 0.0002748779069440002
    iters: 100, epoch: 17 | loss: 0.5893939 | speed: 0.0657s/iter; left: 122s
Epoch: 17, Steps: 140 | Train: 0.6141235 Vali: 0.6748079 Test: 0.3477609
EarlyStopping counter: 5 out of 15
Updating learning rate to 0.00021990232555520019
    iters: 100, epoch: 18 | loss: 0.6461319 | speed: 0.0681s/iter; left: 117s
Epoch: 18, Steps: 140 | Train: 0.6139424 Vali: 0.6733033 Test: 0.3474066
EarlyStopping counter: 6 out of 15
Updating learning rate to 0.00017592186044416015
    iters: 100, epoch: 19 | loss: 0.5679449 | speed: 0.0647s/iter; left: 102s
Epoch: 19, Steps: 140 | Train: 0.6132530 Vali: 0.6752975 Test: 0.3479694
EarlyStopping counter: 7 out of 15
Updating learning rate to 0.00014073748835532812
    iters: 100, epoch: 20 | loss: 0.6849313 | speed: 0.0682s/iter; left: 98s
Epoch: 20, Steps: 140 | Train: 0.6127882 Vali: 0.6736209 Test: 0.3477714
EarlyStopping counter: 8 out of 15
Updating learning rate to 0.00011258999068426252
    iters: 100, epoch: 21 | loss: 0.6674868 | speed: 0.0680s/iter; left: 88s
Epoch: 21, Steps: 140 | Train: 0.6122606 Vali: 0.6725488 Test: 0.3477664
EarlyStopping counter: 9 out of 15
Updating learning rate to 9.007199254741001e-05
    iters: 100, epoch: 22 | loss: 0.5850155 | speed: 0.0669s/iter; left: 78s
Epoch: 22, Steps: 140 | Train: 0.6125853 Vali: 0.6739309 Test: 0.3477077
EarlyStopping counter: 10 out of 15
Updating learning rate to 7.205759403792801e-05
    iters: 100, epoch: 23 | loss: 0.6890971 | speed: 0.0705s/iter; left: 72s
Epoch: 23, Steps: 140 | Train: 0.6125688 Vali: 0.6722344 Test: 0.3478617
Validation loss decreased (0.672371 --> 0.672234).  Saving model ...
Updating learning rate to 5.764607523034242e-05
    iters: 100, epoch: 24 | loss: 0.5629420 | speed: 0.0678s/iter; left: 60s
Epoch: 24, Steps: 140 | Train: 0.6119888 Vali: 0.6729181 Test: 0.3478682
EarlyStopping counter: 1 out of 15
Updating learning rate to 4.611686018427394e-05
    iters: 100, epoch: 25 | loss: 0.6100180 | speed: 0.0576s/iter; left: 43s
Epoch: 25, Steps: 140 | Train: 0.6122440 Vali: 0.6718374 Test: 0.3478372
Validation loss decreased (0.672234 --> 0.671837).  Saving model ...
Updating learning rate to 3.689348814741915e-05
    iters: 100, epoch: 26 | loss: 0.5871584 | speed: 0.0587s/iter; left: 35s
Epoch: 26, Steps: 140 | Train: 0.6122341 Vali: 0.6730369 Test: 0.3478631
EarlyStopping counter: 1 out of 15
Updating learning rate to 2.951479051793532e-05
    iters: 100, epoch: 27 | loss: 0.5964265 | speed: 0.0658s/iter; left: 30s
Epoch: 27, Steps: 140 | Train: 0.6121472 Vali: 0.6725539 Test: 0.3478349
EarlyStopping counter: 2 out of 15
Updating learning rate to 2.361183241434826e-05
    iters: 100, epoch: 28 | loss: 0.6397150 | speed: 0.0678s/iter; left: 22s
Epoch: 28, Steps: 140 | Train: 0.6119791 Vali: 0.6716726 Test: 0.3478834
Validation loss decreased (0.671837 --> 0.671673).  Saving model ...
Updating learning rate to 1.888946593147861e-05
    iters: 100, epoch: 29 | loss: 0.6469175 | speed: 0.0671s/iter; left: 12s
Epoch: 29, Steps: 140 | Train: 0.6120643 Vali: 0.6737865 Test: 0.3478848
EarlyStopping counter: 1 out of 15
Updating learning rate to 1.5111572745182888e-05
    iters: 100, epoch: 30 | loss: 0.5684333 | speed: 0.0680s/iter; left: 3s
Epoch: 30, Steps: 140 | Train: 0.6119086 Vali: 0.6744926 Test: 0.3478926
EarlyStopping counter: 2 out of 15
Updating learning rate to 1.208925819614631e-05
STAGE 1 RESULT: mse=0.3421, mae=0.3436, smape=73.2964

============================================================
STAGE 2: Load MRT + add Freq branch (frozen backbone/MRT/cycle)
============================================================
train 36072
val 4551
test 9820
Loaded 10 params from stage1, 0 new (Freq branch)
Trainable: 1,030 / 423,331 (0.2%)
    iters: 100, epoch: 1 | loss: 0.6001372 | speed: 0.0642s/iter; left: 21s
Epoch: 1, Train: 0.6117372 Vali: 0.6721882
Validation loss decreased (inf --> 0.672188).  Saving model ...
    iters: 100, epoch: 2 | loss: 0.6122634 | speed: 0.0660s/iter; left: 12s
Epoch: 2, Train: 0.6118294 Vali: 0.6743136
EarlyStopping counter: 1 out of 3
    iters: 100, epoch: 3 | loss: 0.5975980 | speed: 0.0678s/iter; left: 3s
Epoch: 3, Train: 0.6113859 Vali: 0.6727648
EarlyStopping counter: 2 out of 3
STAGE 2 complete.

============================================================
STAGE 3: Unfreeze all, joint fine-tune (LR=0.0015 (pure MSE))
============================================================
train 36072
val 4551
test 9820
Loaded stage2 checkpoint, unfreezing all parameters.
    iters: 100, epoch: 1 | loss: 0.6422466 | speed: 0.0700s/iter; left: 287s
Epoch: 1, Steps: 140 | Train: 0.6121575 Vali: 0.6745127 Test: 0.3480601
Validation loss decreased (inf --> 0.674513).  Saving model ...
Updating learning rate to 0.0015
    iters: 100, epoch: 2 | loss: 0.6209336 | speed: 0.0713s/iter; left: 282s
Epoch: 2, Steps: 140 | Train: 0.6144356 Vali: 0.6747507 Test: 0.3489273
EarlyStopping counter: 1 out of 15
Updating learning rate to 0.0015
    iters: 100, epoch: 3 | loss: 0.6569828 | speed: 0.0710s/iter; left: 271s
Epoch: 3, Steps: 140 | Train: 0.6128163 Vali: 0.6754689 Test: 0.3491088
EarlyStopping counter: 2 out of 15
Updating learning rate to 0.0015
    iters: 100, epoch: 4 | loss: 0.6180773 | speed: 0.0680s/iter; left: 250s
Epoch: 4, Steps: 140 | Train: 0.6123948 Vali: 0.6734317 Test: 0.3485862
Validation loss decreased (0.674513 --> 0.673432).  Saving model ...
Updating learning rate to 0.0012000000000000001
    iters: 100, epoch: 5 | loss: 0.6256220 | speed: 0.0688s/iter; left: 243s
Epoch: 5, Steps: 140 | Train: 0.6093739 Vali: 0.6722711 Test: 0.3489275
Validation loss decreased (0.673432 --> 0.672271).  Saving model ...
Updating learning rate to 0.0009600000000000002
    iters: 100, epoch: 6 | loss: 0.6004802 | speed: 0.0711s/iter; left: 242s
Epoch: 6, Steps: 140 | Train: 0.6079805 Vali: 0.6728994 Test: 0.3487992
EarlyStopping counter: 1 out of 15
Updating learning rate to 0.0007680000000000002
    iters: 100, epoch: 7 | loss: 0.5476419 | speed: 0.0675s/iter; left: 220s
Epoch: 7, Steps: 140 | Train: 0.6063874 Vali: 0.6713092 Test: 0.3493015
Validation loss decreased (0.672271 --> 0.671309).  Saving model ...
Updating learning rate to 0.0006144000000000001
    iters: 100, epoch: 8 | loss: 0.6362546 | speed: 0.0666s/iter; left: 208s
Epoch: 8, Steps: 140 | Train: 0.6053600 Vali: 0.6688502 Test: 0.3495877
Validation loss decreased (0.671309 --> 0.668850).  Saving model ...
Updating learning rate to 0.0004915200000000002
    iters: 100, epoch: 9 | loss: 0.5792277 | speed: 0.0711s/iter; left: 212s
Epoch: 9, Steps: 140 | Train: 0.6038962 Vali: 0.6710709 Test: 0.3501048
EarlyStopping counter: 1 out of 15
Updating learning rate to 0.00039321600000000016
    iters: 100, epoch: 10 | loss: 0.6111258 | speed: 0.0685s/iter; left: 195s
Epoch: 10, Steps: 140 | Train: 0.6025596 Vali: 0.6729634 Test: 0.3501693
EarlyStopping counter: 2 out of 15
Updating learning rate to 0.0003145728000000001
    iters: 100, epoch: 11 | loss: 0.5877447 | speed: 0.0705s/iter; left: 190s
Epoch: 11, Steps: 140 | Train: 0.6022024 Vali: 0.6746758 Test: 0.3498861
EarlyStopping counter: 3 out of 15
Updating learning rate to 0.00025165824000000016
    iters: 100, epoch: 12 | loss: 0.5280671 | speed: 0.0724s/iter; left: 185s
Epoch: 12, Steps: 140 | Train: 0.6013652 Vali: 0.6716097 Test: 0.3498392
EarlyStopping counter: 4 out of 15
Updating learning rate to 0.0002013265920000001
    iters: 100, epoch: 13 | loss: 0.6294740 | speed: 0.0698s/iter; left: 169s
Epoch: 13, Steps: 140 | Train: 0.6009376 Vali: 0.6700729 Test: 0.3503747
EarlyStopping counter: 5 out of 15
Updating learning rate to 0.0001610612736000001
    iters: 100, epoch: 14 | loss: 0.5573077 | speed: 0.0683s/iter; left: 156s
Epoch: 14, Steps: 140 | Train: 0.6005335 Vali: 0.6726259 Test: 0.3503495
EarlyStopping counter: 6 out of 15
Updating learning rate to 0.00012884901888000007
    iters: 100, epoch: 15 | loss: 0.6084900 | speed: 0.0652s/iter; left: 140s
Epoch: 15, Steps: 140 | Train: 0.5998342 Vali: 0.6722457 Test: 0.3502333
EarlyStopping counter: 7 out of 15
Updating learning rate to 0.00010307921510400006
    iters: 100, epoch: 16 | loss: 0.6405602 | speed: 0.0669s/iter; left: 134s
Epoch: 16, Steps: 140 | Train: 0.6000428 Vali: 0.6716330 Test: 0.3502458
EarlyStopping counter: 8 out of 15
Updating learning rate to 8.246337208320005e-05
    iters: 100, epoch: 17 | loss: 0.6349131 | speed: 0.0717s/iter; left: 133s
Epoch: 17, Steps: 140 | Train: 0.5988943 Vali: 0.6706841 Test: 0.3505124
EarlyStopping counter: 9 out of 15
Updating learning rate to 6.597069766656006e-05
    iters: 100, epoch: 18 | loss: 0.5751394 | speed: 0.0759s/iter; left: 131s
Epoch: 18, Steps: 140 | Train: 0.5994001 Vali: 0.6695585 Test: 0.3504275
EarlyStopping counter: 10 out of 15
Updating learning rate to 5.2776558133248044e-05
    iters: 100, epoch: 19 | loss: 0.6055734 | speed: 0.0726s/iter; left: 115s
Epoch: 19, Steps: 140 | Train: 0.5995229 Vali: 0.6723553 Test: 0.3504680
EarlyStopping counter: 11 out of 15
Updating learning rate to 4.222124650659844e-05
    iters: 100, epoch: 20 | loss: 0.6394423 | speed: 0.0665s/iter; left: 96s
Epoch: 20, Steps: 140 | Train: 0.5991360 Vali: 0.6717150 Test: 0.3505350
EarlyStopping counter: 12 out of 15
Updating learning rate to 3.377699720527876e-05
    iters: 100, epoch: 21 | loss: 0.6419370 | speed: 0.0654s/iter; left: 85s
Epoch: 21, Steps: 140 | Train: 0.5986828 Vali: 0.6720818 Test: 0.3502862
EarlyStopping counter: 13 out of 15
Updating learning rate to 2.7021597764223006e-05
    iters: 100, epoch: 22 | loss: 0.5408153 | speed: 0.0652s/iter; left: 76s
Epoch: 22, Steps: 140 | Train: 0.5987812 Vali: 0.6728239 Test: 0.3503975
EarlyStopping counter: 14 out of 15
Updating learning rate to 2.1617278211378404e-05
    iters: 100, epoch: 23 | loss: 0.6182562 | speed: 0.0659s/iter; left: 67s
Epoch: 23, Steps: 140 | Train: 0.5988319 Vali: 0.6735260 Test: 0.3505509
EarlyStopping counter: 15 out of 15
Early stopping at epoch 23

============================================================
FINAL RESULT: mse=0.3439, mae=0.3460, smape=73.3887
============================================================
