Args in experiment:
Namespace(random_seed=2024, is_training=1, model_id='weather_96_192', model='CycleNet', data='custom', root_path='./dataset/weather/', data_path='weather.csv', features='M', target='OT', freq='h', checkpoints='./checkpoints/', seq_len=96, label_len=0, pred_len=192, cycle=144, cycle_mode='lookup', cycle_rank=4, model_type='mlp', use_revin=1, mrt_layers=1, freq_layers=1, freq_v2_layers=0, freq_v3_layers=0, freq_v4_layers=0, sgf_layers=0, sgf_prior_path='', freq_loss_alpha=1.0, fusion_mode='serial', fusion_order='mrt_freq', fusion_gate=0, fc_dropout=0.05, head_dropout=0.0, patch_len=16, stride=8, padding_patch='end', revin=0, affine=0, subtract_last=0, decomposition=0, kernel_size=25, individual=0, rnn_type='gru', dec_way='pmf', seg_len=48, channel_id=1, period_len=24, embed_type=0, enc_in=21, dec_in=7, c_out=7, d_model=512, n_heads=8, e_layers=2, d_layers=1, d_ff=2048, moving_avg=25, factor=1, distil=True, dropout=0, embed='timeF', activation='gelu', output_attention=False, do_predict=False, num_workers=10, itr=1, train_epochs=30, batch_size=256, patience=15, learning_rate=0.005, des='test', loss='mse', lradj='type3', pct_start=0.3, use_amp=False, use_gpu=True, gpu=0, use_multi_gpu=False, devices='0,1', test_flop=False)
Use GPU: cuda:0
>>>>>>>start training : weather_96_192_CycleNet_custom_ftM_sl96_pl192_cycle144_mlp_mrt1_freq1_seed2024>>>>>>>>>>>>>>>>>>>>>>>>>>
train 36600
val 5079
test 10348
	iters: 100, epoch: 1 | loss: 0.6108673
	speed: 0.0425s/iter; left time: 176.8412s
Epoch: 1 cost time: 5.572036266326904
Epoch: 1, Steps: 142 | Train Loss: 0.6027749 Vali Loss: 0.5600998 Test Loss: 0.2426433
Validation loss decreased (inf --> 0.560100).  Saving model ...
Updating learning rate to 0.005
	iters: 100, epoch: 2 | loss: 0.5041995
	speed: 0.1020s/iter; left time: 409.8134s
Epoch: 2 cost time: 6.51568078994751
Epoch: 2, Steps: 142 | Train Loss: 0.5265140 Vali Loss: 0.4883775 Test Loss: 0.2136627
Validation loss decreased (0.560100 --> 0.488378).  Saving model ...
Updating learning rate to 0.005
	iters: 100, epoch: 3 | loss: 0.4598481
	speed: 0.0993s/iter; left time: 384.8457s
Epoch: 3 cost time: 5.455091238021851
Epoch: 3, Steps: 142 | Train Loss: 0.4950930 Vali Loss: 0.4781862 Test Loss: 0.2082154
Validation loss decreased (0.488378 --> 0.478186).  Saving model ...
Updating learning rate to 0.005
	iters: 100, epoch: 4 | loss: 0.4300863
	speed: 0.0981s/iter; left time: 366.2168s
Epoch: 4 cost time: 5.588054656982422
Epoch: 4, Steps: 142 | Train Loss: 0.4864133 Vali Loss: 0.4719891 Test Loss: 0.2049878
Validation loss decreased (0.478186 --> 0.471989).  Saving model ...
Updating learning rate to 0.004
	iters: 100, epoch: 5 | loss: 0.4407167
	speed: 0.0984s/iter; left time: 353.4749s
Epoch: 5 cost time: 4.7949066162109375
Epoch: 5, Steps: 142 | Train Loss: 0.4780832 Vali Loss: 0.4722484 Test Loss: 0.2042374
EarlyStopping counter: 1 out of 15
Updating learning rate to 0.0032000000000000006
	iters: 100, epoch: 6 | loss: 0.5119968
	speed: 0.0951s/iter; left time: 328.2388s
Epoch: 6 cost time: 6.062675714492798
Epoch: 6, Steps: 142 | Train Loss: 0.4751438 Vali Loss: 0.4690084 Test Loss: 0.2032481
Validation loss decreased (0.471989 --> 0.469008).  Saving model ...
Updating learning rate to 0.0025600000000000006
	iters: 100, epoch: 7 | loss: 0.4548306
	speed: 0.1021s/iter; left time: 337.9498s
Epoch: 7 cost time: 5.439316034317017
Epoch: 7, Steps: 142 | Train Loss: 0.4725708 Vali Loss: 0.4637616 Test Loss: 0.2044804
Validation loss decreased (0.469008 --> 0.463762).  Saving model ...
Updating learning rate to 0.0020480000000000003
	iters: 100, epoch: 8 | loss: 0.4193007
	speed: 0.1017s/iter; left time: 322.1717s
Epoch: 8 cost time: 5.53634238243103
Epoch: 8, Steps: 142 | Train Loss: 0.4706371 Vali Loss: 0.4697210 Test Loss: 0.2024360
EarlyStopping counter: 1 out of 15
Updating learning rate to 0.0016384000000000004
	iters: 100, epoch: 9 | loss: 0.6092480
	speed: 0.0956s/iter; left time: 289.0966s
Epoch: 9 cost time: 5.436298131942749
Epoch: 9, Steps: 142 | Train Loss: 0.4684347 Vali Loss: 0.4650221 Test Loss: 0.2032802
EarlyStopping counter: 2 out of 15
Updating learning rate to 0.0013107200000000005
	iters: 100, epoch: 10 | loss: 0.5132372
	speed: 0.1032s/iter; left time: 297.5393s
Epoch: 10 cost time: 5.743926286697388
Epoch: 10, Steps: 142 | Train Loss: 0.4663926 Vali Loss: 0.4585802 Test Loss: 0.2026217
Validation loss decreased (0.463762 --> 0.458580).  Saving model ...
Updating learning rate to 0.0010485760000000005
	iters: 100, epoch: 11 | loss: 0.4598381
	speed: 0.0919s/iter; left time: 251.9135s
Epoch: 11 cost time: 5.119225740432739
Epoch: 11, Steps: 142 | Train Loss: 0.4653671 Vali Loss: 0.4604346 Test Loss: 0.2027707
EarlyStopping counter: 1 out of 15
Updating learning rate to 0.0008388608000000005
	iters: 100, epoch: 12 | loss: 0.5243948
	speed: 0.1034s/iter; left time: 268.8085s
Epoch: 12 cost time: 5.528710603713989
Epoch: 12, Steps: 142 | Train Loss: 0.4639614 Vali Loss: 0.4592847 Test Loss: 0.2024641
EarlyStopping counter: 2 out of 15
Updating learning rate to 0.0006710886400000003
	iters: 100, epoch: 13 | loss: 0.4622701
	speed: 0.1030s/iter; left time: 253.0833s
Epoch: 13 cost time: 5.317509174346924
Epoch: 13, Steps: 142 | Train Loss: 0.4628047 Vali Loss: 0.4552238 Test Loss: 0.2027368
Validation loss decreased (0.458580 --> 0.455224).  Saving model ...
Updating learning rate to 0.0005368709120000003
	iters: 100, epoch: 14 | loss: 0.4064467
	speed: 0.0958s/iter; left time: 221.8559s
Epoch: 14 cost time: 5.787144184112549
Epoch: 14, Steps: 142 | Train Loss: 0.4628680 Vali Loss: 0.4626828 Test Loss: 0.2027665
EarlyStopping counter: 1 out of 15
Updating learning rate to 0.0004294967296000003
	iters: 100, epoch: 15 | loss: 0.5338805
	speed: 0.1011s/iter; left time: 219.6523s
Epoch: 15 cost time: 5.692227125167847
Epoch: 15, Steps: 142 | Train Loss: 0.4618969 Vali Loss: 0.4571533 Test Loss: 0.2032439
EarlyStopping counter: 2 out of 15
Updating learning rate to 0.0003435973836800002
	iters: 100, epoch: 16 | loss: 0.3636354
	speed: 0.1020s/iter; left time: 207.1677s
Epoch: 16 cost time: 5.475733280181885
Epoch: 16, Steps: 142 | Train Loss: 0.4608245 Vali Loss: 0.4615835 Test Loss: 0.2027670
EarlyStopping counter: 3 out of 15
Updating learning rate to 0.0002748779069440002
	iters: 100, epoch: 17 | loss: 0.5372537
	speed: 0.0970s/iter; left time: 183.2651s
Epoch: 17 cost time: 4.944917917251587
Epoch: 17, Steps: 142 | Train Loss: 0.4608858 Vali Loss: 0.4563477 Test Loss: 0.2027678
EarlyStopping counter: 4 out of 15
Updating learning rate to 0.00021990232555520019
	iters: 100, epoch: 18 | loss: 0.5614620
	speed: 0.1029s/iter; left time: 179.8204s
Epoch: 18 cost time: 5.8032472133636475
Epoch: 18, Steps: 142 | Train Loss: 0.4604962 Vali Loss: 0.4586184 Test Loss: 0.2024703
EarlyStopping counter: 5 out of 15
Updating learning rate to 0.00017592186044416015
	iters: 100, epoch: 19 | loss: 0.5750192
	speed: 0.0962s/iter; left time: 154.3999s
Epoch: 19 cost time: 5.410221576690674
Epoch: 19, Steps: 142 | Train Loss: 0.4599071 Vali Loss: 0.4610725 Test Loss: 0.2028688
EarlyStopping counter: 6 out of 15
Updating learning rate to 0.00014073748835532812
	iters: 100, epoch: 20 | loss: 0.4177028
	speed: 0.1059s/iter; left time: 154.9494s
Epoch: 20 cost time: 5.795841455459595
Epoch: 20, Steps: 142 | Train Loss: 0.4590079 Vali Loss: 0.4590700 Test Loss: 0.2029346
EarlyStopping counter: 7 out of 15
Updating learning rate to 0.00011258999068426252
	iters: 100, epoch: 21 | loss: 0.3583053
	speed: 0.0992s/iter; left time: 131.0915s
Epoch: 21 cost time: 5.285893201828003
Epoch: 21, Steps: 142 | Train Loss: 0.4605998 Vali Loss: 0.4594679 Test Loss: 0.2027738
EarlyStopping counter: 8 out of 15
Updating learning rate to 9.007199254741001e-05
	iters: 100, epoch: 22 | loss: 0.4680494
	speed: 0.0967s/iter; left time: 114.0305s
Epoch: 22 cost time: 6.215946674346924
Epoch: 22, Steps: 142 | Train Loss: 0.4603210 Vali Loss: 0.4579535 Test Loss: 0.2027337
EarlyStopping counter: 9 out of 15
Updating learning rate to 7.205759403792801e-05
	iters: 100, epoch: 23 | loss: 0.5399734
	speed: 0.1039s/iter; left time: 107.7482s
Epoch: 23 cost time: 5.945032835006714
Epoch: 23, Steps: 142 | Train Loss: 0.4592779 Vali Loss: 0.4588524 Test Loss: 0.2025367
EarlyStopping counter: 10 out of 15
Updating learning rate to 5.764607523034242e-05
	iters: 100, epoch: 24 | loss: 0.4675833
	speed: 0.1048s/iter; left time: 93.7823s
Epoch: 24 cost time: 5.794641733169556
Epoch: 24, Steps: 142 | Train Loss: 0.4594333 Vali Loss: 0.4569519 Test Loss: 0.2025706
EarlyStopping counter: 11 out of 15
Updating learning rate to 4.611686018427394e-05
	iters: 100, epoch: 25 | loss: 0.3908036
	speed: 0.0975s/iter; left time: 73.4364s
Epoch: 25 cost time: 5.090973854064941
Epoch: 25, Steps: 142 | Train Loss: 0.4590902 Vali Loss: 0.4597375 Test Loss: 0.2025850
EarlyStopping counter: 12 out of 15
Updating learning rate to 3.689348814741915e-05
	iters: 100, epoch: 26 | loss: 0.4370978
	speed: 0.1025s/iter; left time: 62.6460s
Epoch: 26 cost time: 6.246111869812012
Epoch: 26, Steps: 142 | Train Loss: 0.4591372 Vali Loss: 0.4598334 Test Loss: 0.2026725
EarlyStopping counter: 13 out of 15
Updating learning rate to 2.951479051793532e-05
	iters: 100, epoch: 27 | loss: 0.5504341
	speed: 0.1060s/iter; left time: 49.7155s
Epoch: 27 cost time: 5.247577905654907
Epoch: 27, Steps: 142 | Train Loss: 0.4595853 Vali Loss: 0.4559532 Test Loss: 0.2025201
EarlyStopping counter: 14 out of 15
Updating learning rate to 2.361183241434826e-05
	iters: 100, epoch: 28 | loss: 0.5511338
	speed: 0.1001s/iter; left time: 32.7414s
Epoch: 28 cost time: 6.059775352478027
Epoch: 28, Steps: 142 | Train Loss: 0.4584599 Vali Loss: 0.4583845 Test Loss: 0.2026291
EarlyStopping counter: 15 out of 15
Early stopping
>>>>>>>testing : weather_96_192_CycleNet_custom_ftM_sl96_pl192_cycle144_mlp_mrt1_freq1_seed2024<<<<<<<<<<<<<<<<<<<<<<<<<<<<<<<<<
test 10348
mse:0.20473000407218933, mae:0.2474673092365265, smape:60.28556823730469
