Args in experiment:
Namespace(random_seed=2024, is_training=1, model_id='Weather_96_96', model='CycleNet', data='custom', root_path='./dataset/weather/', data_path='weather.csv', features='M', target='OT', freq='h', checkpoints='./checkpoints/', seq_len=96, label_len=0, pred_len=96, cycle=144, cycle_mode='lookup', cycle_rank=4, model_type='mlp', use_revin=1, mrt_layers=0, freq_layers=0, freq_v2_layers=0, freq_v3_layers=0, freq_v4_layers=0, sgf_layers=0, sgf_prior_path='', freq_loss_alpha=0.8, fusion_mode='serial', fusion_order='mrt_freq', fusion_gate=0, fc_dropout=0.05, head_dropout=0.0, patch_len=16, stride=8, padding_patch='end', revin=0, affine=0, subtract_last=0, decomposition=0, kernel_size=25, individual=0, rnn_type='gru', dec_way='pmf', seg_len=48, channel_id=1, period_len=24, embed_type=0, enc_in=21, dec_in=7, c_out=7, d_model=512, n_heads=8, e_layers=2, d_layers=1, d_ff=2048, moving_avg=25, factor=1, distil=True, dropout=0, embed='timeF', activation='gelu', output_attention=False, do_predict=False, num_workers=10, itr=1, train_epochs=30, batch_size=256, patience=15, learning_rate=0.005, des='test', loss='mse', lradj='type3', pct_start=0.3, use_amp=False, use_gpu=True, gpu=0, use_multi_gpu=False, devices='0,1', test_flop=False)
Use GPU: cuda:0
>>>>>>>start training : Weather_96_96_CycleNet_custom_ftM_sl96_pl96_cycle144_mlp_fredf08_seed2024>>>>>>>>>>>>>>>>>>>>>>>>>>
train 36696
val 5175
test 10444
	iters: 100, epoch: 1 | loss: 0.8424428
	speed: 0.0830s/iter; left time: 347.8329s
Epoch: 1 cost time: 10.803612470626831
Epoch: 1, Steps: 143 | Train Loss: 0.9049426 Vali Loss: 0.4893955 Test Loss: 0.2003743
Validation loss decreased (inf --> 0.489395).  Saving model ...
Updating learning rate to 0.005
	iters: 100, epoch: 2 | loss: 0.6818683
	speed: 0.1825s/iter; left time: 738.8460s
Epoch: 2 cost time: 9.654999494552612
Epoch: 2, Steps: 143 | Train Loss: 0.8123757 Vali Loss: 0.4257289 Test Loss: 0.1771946
Validation loss decreased (0.489395 --> 0.425729).  Saving model ...
Updating learning rate to 0.005
	iters: 100, epoch: 3 | loss: 0.7690463
	speed: 0.1644s/iter; left time: 641.8540s
Epoch: 3 cost time: 9.989609003067017
Epoch: 3, Steps: 143 | Train Loss: 0.7630874 Vali Loss: 0.4089107 Test Loss: 0.1687920
Validation loss decreased (0.425729 --> 0.408911).  Saving model ...
Updating learning rate to 0.005
	iters: 100, epoch: 4 | loss: 0.7368289
	speed: 0.1603s/iter; left time: 602.8701s
Epoch: 4 cost time: 9.283660411834717
Epoch: 4, Steps: 143 | Train Loss: 0.7508718 Vali Loss: 0.4074411 Test Loss: 0.1621417
Validation loss decreased (0.408911 --> 0.407441).  Saving model ...
Updating learning rate to 0.004
	iters: 100, epoch: 5 | loss: 0.7034309
	speed: 0.1863s/iter; left time: 674.1565s
Epoch: 5 cost time: 10.2043137550354
Epoch: 5, Steps: 143 | Train Loss: 0.7386991 Vali Loss: 0.3983622 Test Loss: 0.1610380
Validation loss decreased (0.407441 --> 0.398362).  Saving model ...
Updating learning rate to 0.0032000000000000006
	iters: 100, epoch: 6 | loss: 0.6583934
	speed: 0.1859s/iter; left time: 646.1483s
Epoch: 6 cost time: 8.847629308700562
Epoch: 6, Steps: 143 | Train Loss: 0.7316303 Vali Loss: 0.3967698 Test Loss: 0.1589981
Validation loss decreased (0.398362 --> 0.396770).  Saving model ...
Updating learning rate to 0.0025600000000000006
	iters: 100, epoch: 7 | loss: 0.6419932
	speed: 0.1689s/iter; left time: 562.9633s
Epoch: 7 cost time: 10.391741514205933
Epoch: 7, Steps: 143 | Train Loss: 0.7272084 Vali Loss: 0.3958744 Test Loss: 0.1596385
Validation loss decreased (0.396770 --> 0.395874).  Saving model ...
Updating learning rate to 0.0020480000000000003
	iters: 100, epoch: 8 | loss: 0.6732478
	speed: 0.1561s/iter; left time: 498.0690s
Epoch: 8 cost time: 9.888701915740967
Epoch: 8, Steps: 143 | Train Loss: 0.7235330 Vali Loss: 0.3970374 Test Loss: 0.1586548
EarlyStopping counter: 1 out of 15
Updating learning rate to 0.0016384000000000004
	iters: 100, epoch: 9 | loss: 0.6582050
	speed: 0.1795s/iter; left time: 546.8164s
Epoch: 9 cost time: 9.424757242202759
Epoch: 9, Steps: 143 | Train Loss: 0.7215373 Vali Loss: 0.3913143 Test Loss: 0.1578019
Validation loss decreased (0.395874 --> 0.391314).  Saving model ...
Updating learning rate to 0.0013107200000000005
	iters: 100, epoch: 10 | loss: 0.9109776
	speed: 0.1770s/iter; left time: 513.8911s
Epoch: 10 cost time: 8.5501708984375
Epoch: 10, Steps: 143 | Train Loss: 0.7180134 Vali Loss: 0.3926605 Test Loss: 0.1577966
EarlyStopping counter: 1 out of 15
Updating learning rate to 0.0010485760000000005
	iters: 100, epoch: 11 | loss: 0.6603570
	speed: 0.1822s/iter; left time: 503.1282s
Epoch: 11 cost time: 10.77334475517273
Epoch: 11, Steps: 143 | Train Loss: 0.7161961 Vali Loss: 0.3951020 Test Loss: 0.1572018
EarlyStopping counter: 2 out of 15
Updating learning rate to 0.0008388608000000005
	iters: 100, epoch: 12 | loss: 0.7122880
	speed: 0.1627s/iter; left time: 425.8543s
Epoch: 12 cost time: 10.16615343093872
Epoch: 12, Steps: 143 | Train Loss: 0.7139884 Vali Loss: 0.3938007 Test Loss: 0.1570734
EarlyStopping counter: 3 out of 15
Updating learning rate to 0.0006710886400000003
	iters: 100, epoch: 13 | loss: 0.6488987
	speed: 0.1719s/iter; left time: 425.5513s
Epoch: 13 cost time: 8.48159646987915
Epoch: 13, Steps: 143 | Train Loss: 0.7124469 Vali Loss: 0.3934864 Test Loss: 0.1570895
EarlyStopping counter: 4 out of 15
Updating learning rate to 0.0005368709120000003
	iters: 100, epoch: 14 | loss: 0.6351417
	speed: 0.1685s/iter; left time: 393.0384s
Epoch: 14 cost time: 10.695108652114868
Epoch: 14, Steps: 143 | Train Loss: 0.7117268 Vali Loss: 0.3924018 Test Loss: 0.1566603
EarlyStopping counter: 5 out of 15
Updating learning rate to 0.0004294967296000003
	iters: 100, epoch: 15 | loss: 0.8293087
	speed: 0.1621s/iter; left time: 354.8410s
Epoch: 15 cost time: 9.748296976089478
Epoch: 15, Steps: 143 | Train Loss: 0.7099104 Vali Loss: 0.3905134 Test Loss: 0.1571191
Validation loss decreased (0.391314 --> 0.390513).  Saving model ...
Updating learning rate to 0.0003435973836800002
	iters: 100, epoch: 16 | loss: 0.7518464
	speed: 0.1722s/iter; left time: 352.3893s
Epoch: 16 cost time: 9.130367279052734
Epoch: 16, Steps: 143 | Train Loss: 0.7104166 Vali Loss: 0.3900878 Test Loss: 0.1571190
Validation loss decreased (0.390513 --> 0.390088).  Saving model ...
Updating learning rate to 0.0002748779069440002
	iters: 100, epoch: 17 | loss: 0.7974565
	speed: 0.1757s/iter; left time: 334.2796s
Epoch: 17 cost time: 9.44961166381836
Epoch: 17, Steps: 143 | Train Loss: 0.7096622 Vali Loss: 0.3927814 Test Loss: 0.1571963
EarlyStopping counter: 1 out of 15
Updating learning rate to 0.00021990232555520019
	iters: 100, epoch: 18 | loss: 0.7039533
	speed: 0.1924s/iter; left time: 338.5963s
Epoch: 18 cost time: 10.286985635757446
Epoch: 18, Steps: 143 | Train Loss: 0.7091555 Vali Loss: 0.3916205 Test Loss: 0.1568702
EarlyStopping counter: 2 out of 15
Updating learning rate to 0.00017592186044416015
	iters: 100, epoch: 19 | loss: 0.6468982
	speed: 0.1727s/iter; left time: 279.3123s
Epoch: 19 cost time: 9.926892042160034
Epoch: 19, Steps: 143 | Train Loss: 0.7086245 Vali Loss: 0.3881612 Test Loss: 0.1568439
Validation loss decreased (0.390088 --> 0.388161).  Saving model ...
Updating learning rate to 0.00014073748835532812
	iters: 100, epoch: 20 | loss: 0.6363241
	speed: 0.1834s/iter; left time: 270.3664s
Epoch: 20 cost time: 8.875590562820435
Epoch: 20, Steps: 143 | Train Loss: 0.7081156 Vali Loss: 0.3882647 Test Loss: 0.1569924
EarlyStopping counter: 1 out of 15
Updating learning rate to 0.00011258999068426252
	iters: 100, epoch: 21 | loss: 0.6352994
	speed: 0.1770s/iter; left time: 235.5541s
Epoch: 21 cost time: 10.921639680862427
Epoch: 21, Steps: 143 | Train Loss: 0.7072992 Vali Loss: 0.3902441 Test Loss: 0.1569418
EarlyStopping counter: 2 out of 15
Updating learning rate to 9.007199254741001e-05
	iters: 100, epoch: 22 | loss: 0.7341223
	speed: 0.1603s/iter; left time: 190.4005s
Epoch: 22 cost time: 8.842089653015137
Epoch: 22, Steps: 143 | Train Loss: 0.7078032 Vali Loss: 0.3918638 Test Loss: 0.1568213
EarlyStopping counter: 3 out of 15
Updating learning rate to 7.205759403792801e-05
	iters: 100, epoch: 23 | loss: 0.6551234
	speed: 0.1746s/iter; left time: 182.5047s
Epoch: 23 cost time: 9.253857374191284
Epoch: 23, Steps: 143 | Train Loss: 0.7076071 Vali Loss: 0.3921763 Test Loss: 0.1568642
EarlyStopping counter: 4 out of 15
Updating learning rate to 5.764607523034242e-05
	iters: 100, epoch: 24 | loss: 0.6951616
	speed: 0.1923s/iter; left time: 173.4612s
Epoch: 24 cost time: 9.10703444480896
Epoch: 24, Steps: 143 | Train Loss: 0.7071827 Vali Loss: 0.3900636 Test Loss: 0.1568674
EarlyStopping counter: 5 out of 15
Updating learning rate to 4.611686018427394e-05
	iters: 100, epoch: 25 | loss: 0.7093697
	speed: 0.1638s/iter; left time: 124.3491s
Epoch: 25 cost time: 10.051366090774536
Epoch: 25, Steps: 143 | Train Loss: 0.7068385 Vali Loss: 0.3912999 Test Loss: 0.1570723
EarlyStopping counter: 6 out of 15
Updating learning rate to 3.689348814741915e-05
	iters: 100, epoch: 26 | loss: 0.7644582
	speed: 0.1682s/iter; left time: 103.6414s
Epoch: 26 cost time: 10.023703813552856
Epoch: 26, Steps: 143 | Train Loss: 0.7071044 Vali Loss: 0.3910562 Test Loss: 0.1570221
EarlyStopping counter: 7 out of 15
Updating learning rate to 2.951479051793532e-05
	iters: 100, epoch: 27 | loss: 0.7078987
	speed: 0.1876s/iter; left time: 88.7365s
Epoch: 27 cost time: 8.241039037704468
Epoch: 27, Steps: 143 | Train Loss: 0.7069675 Vali Loss: 0.3906059 Test Loss: 0.1568203
EarlyStopping counter: 8 out of 15
Updating learning rate to 2.361183241434826e-05
	iters: 100, epoch: 28 | loss: 0.9054092
	speed: 0.1630s/iter; left time: 53.7931s
Epoch: 28 cost time: 11.164967775344849
Epoch: 28, Steps: 143 | Train Loss: 0.7069099 Vali Loss: 0.3907543 Test Loss: 0.1568517
EarlyStopping counter: 9 out of 15
Updating learning rate to 1.888946593147861e-05
	iters: 100, epoch: 29 | loss: 0.7267174
	speed: 0.1572s/iter; left time: 29.3901s
Epoch: 29 cost time: 9.437384605407715
Epoch: 29, Steps: 143 | Train Loss: 0.7069237 Vali Loss: 0.3918954 Test Loss: 0.1568288
EarlyStopping counter: 10 out of 15
Updating learning rate to 1.5111572745182888e-05
	iters: 100, epoch: 30 | loss: 0.6293192
	speed: 0.1930s/iter; left time: 8.4937s
Epoch: 30 cost time: 9.03250765800476
Epoch: 30, Steps: 143 | Train Loss: 0.7070077 Vali Loss: 0.3893163 Test Loss: 0.1568433
EarlyStopping counter: 11 out of 15
Updating learning rate to 1.208925819614631e-05
>>>>>>>testing : Weather_96_96_CycleNet_custom_ftM_sl96_pl96_cycle144_mlp_fredf08_seed2024<<<<<<<<<<<<<<<<<<<<<<<<<<<<<<<<<
test 10444
mse:0.15739989280700684, mae:0.20099948346614838, smape:52.38032341003418
Traceback (most recent call last):
  File "/data/data_huaji/timeSeries/CycleNetBaseLine/run.py", line 234, in <module>
    exp.test(setting)
  File "/data/data_huaji/timeSeries/CycleNetBaseLine/exp/exp_main.py", line 337, in test
    np.save(folder_path + 'metrics.npy', np.array([mae, mse, rmse, mape, mspe, rse, corr, smape]))
ValueError: setting an array element with a sequence. The requested array has an inhomogeneous shape after 1 dimensions. The detected shape was (8,) + inhomogeneous part.
