Args in experiment:
Namespace(random_seed=2024, is_training=1, model_id='solar_96_720', model='CycleNet', data='Solar', root_path='./dataset/Solar/', data_path='solar_AL.txt', features='M', target='OT', freq='h', checkpoints='./checkpoints/', seq_len=96, label_len=0, pred_len=720, cycle=144, cycle_mode='lookup', cycle_rank=4, model_type='mlp', use_revin=0, mrt_layers=1, freq_layers=1, freq_v2_layers=0, freq_v3_layers=0, freq_v4_layers=0, sgf_layers=0, sgf_prior_path='', freq_loss_alpha=1.0, fusion_mode='parallel', fc_dropout=0.05, head_dropout=0.0, patch_len=16, stride=8, padding_patch='end', revin=0, affine=0, subtract_last=0, decomposition=0, kernel_size=25, individual=0, rnn_type='gru', dec_way='pmf', seg_len=48, channel_id=1, period_len=24, embed_type=0, enc_in=137, dec_in=7, c_out=7, d_model=512, n_heads=8, e_layers=2, d_layers=1, d_ff=2048, moving_avg=25, factor=1, distil=True, dropout=0, embed='timeF', activation='gelu', output_attention=False, do_predict=False, num_workers=10, itr=1, train_epochs=30, batch_size=64, patience=30, learning_rate=0.01, des='test', loss='mse', lradj='type3', pct_start=0.3, use_amp=False, use_gpu=True, gpu=0, use_multi_gpu=False, devices='0,1', test_flop=False)
Use GPU: cuda:0
>>>>>>>start training : solar_96_720_CycleNet_Solar_ftM_sl96_pl720_cycle144_mlp_mrt1_freq1_parallel_seed2024>>>>>>>>>>>>>>>>>>>>>>>>>>
train 35977
val 4537
test 9793
	iters: 100, epoch: 1 | loss: 0.2786537
	speed: 0.0700s/iter; left time: 1173.1987s
	iters: 200, epoch: 1 | loss: 0.2418623
	speed: 0.0490s/iter; left time: 816.5853s
	iters: 300, epoch: 1 | loss: 0.2299329
	speed: 0.0474s/iter; left time: 784.5532s
	iters: 400, epoch: 1 | loss: 0.2227495
	speed: 0.0440s/iter; left time: 724.3672s
	iters: 500, epoch: 1 | loss: 0.2108911
	speed: 0.0448s/iter; left time: 732.9241s
Epoch: 1 cost time: 28.34896445274353
Epoch: 1, Steps: 562 | Train Loss: 0.2622450 Vali Loss: 0.1806924 Test Loss: 0.2912803
Validation loss decreased (inf --> 0.180692).  Saving model ...
Updating learning rate to 0.01
	iters: 100, epoch: 2 | loss: 0.2031211
	speed: 0.3380s/iter; left time: 5475.3156s
	iters: 200, epoch: 2 | loss: 0.1950323
	speed: 0.0456s/iter; left time: 734.7761s
	iters: 300, epoch: 2 | loss: 0.2039586
	speed: 0.0483s/iter; left time: 773.3266s
	iters: 400, epoch: 2 | loss: 0.2234348
	speed: 0.0461s/iter; left time: 732.7631s
	iters: 500, epoch: 2 | loss: 0.1850866
	speed: 0.0458s/iter; left time: 723.3131s
Epoch: 2 cost time: 28.81118083000183
Epoch: 2, Steps: 562 | Train Loss: 0.2031590 Vali Loss: 0.1645355 Test Loss: 0.2447779
Validation loss decreased (0.180692 --> 0.164536).  Saving model ...
Updating learning rate to 0.01
	iters: 100, epoch: 3 | loss: 0.1819146
	speed: 0.3782s/iter; left time: 5913.6604s
	iters: 200, epoch: 3 | loss: 0.1866925
	speed: 0.0471s/iter; left time: 731.1031s
	iters: 300, epoch: 3 | loss: 0.1844712
	speed: 0.0462s/iter; left time: 713.7099s
	iters: 400, epoch: 3 | loss: 0.1973419
	speed: 0.0451s/iter; left time: 692.4031s
	iters: 500, epoch: 3 | loss: 0.1889817
	speed: 0.0475s/iter; left time: 723.3222s
Epoch: 3 cost time: 28.97346806526184
Epoch: 3, Steps: 562 | Train Loss: 0.1902655 Vali Loss: 0.1661140 Test Loss: 0.2176899
EarlyStopping counter: 1 out of 30
Updating learning rate to 0.01
	iters: 100, epoch: 4 | loss: 0.1999056
	speed: 0.3871s/iter; left time: 5835.1476s
	iters: 200, epoch: 4 | loss: 0.1837690
	speed: 0.0464s/iter; left time: 694.9143s
	iters: 300, epoch: 4 | loss: 0.2202380
	speed: 0.0463s/iter; left time: 688.3123s
	iters: 400, epoch: 4 | loss: 0.1902562
	speed: 0.0458s/iter; left time: 676.7714s
	iters: 500, epoch: 4 | loss: 0.2027250
	speed: 0.0464s/iter; left time: 680.7702s
Epoch: 4 cost time: 28.853883743286133
Epoch: 4, Steps: 562 | Train Loss: 0.1886949 Vali Loss: 0.1639944 Test Loss: 0.2190169
Validation loss decreased (0.164536 --> 0.163994).  Saving model ...
Updating learning rate to 0.008
	iters: 100, epoch: 5 | loss: 0.1594925
	speed: 0.3843s/iter; left time: 5577.9852s
	iters: 200, epoch: 5 | loss: 0.1775293
	speed: 0.0497s/iter; left time: 717.0087s
	iters: 300, epoch: 5 | loss: 0.2034451
	speed: 0.0502s/iter; left time: 718.4704s
	iters: 400, epoch: 5 | loss: 0.1717796
	speed: 0.0500s/iter; left time: 710.4990s
	iters: 500, epoch: 5 | loss: 0.1886822
	speed: 0.0459s/iter; left time: 647.3428s
Epoch: 5 cost time: 29.502763748168945
Epoch: 5, Steps: 562 | Train Loss: 0.1847436 Vali Loss: 0.1630947 Test Loss: 0.2160266
Validation loss decreased (0.163994 --> 0.163095).  Saving model ...
Updating learning rate to 0.006400000000000001
	iters: 100, epoch: 6 | loss: 0.1900100
	speed: 0.3865s/iter; left time: 5391.5002s
	iters: 200, epoch: 6 | loss: 0.2014032
	speed: 0.0469s/iter; left time: 650.1914s
	iters: 300, epoch: 6 | loss: 0.1945178
	speed: 0.0456s/iter; left time: 626.7633s
	iters: 400, epoch: 6 | loss: 0.1898303
	speed: 0.0451s/iter; left time: 615.4723s
	iters: 500, epoch: 6 | loss: 0.1818335
	speed: 0.0449s/iter; left time: 607.8920s
Epoch: 6 cost time: 29.02794098854065
Epoch: 6, Steps: 562 | Train Loss: 0.1826707 Vali Loss: 0.1634210 Test Loss: 0.2126433
EarlyStopping counter: 1 out of 30
Updating learning rate to 0.005120000000000001
	iters: 100, epoch: 7 | loss: 0.1947419
	speed: 0.4067s/iter; left time: 5444.8109s
	iters: 200, epoch: 7 | loss: 0.1772134
	speed: 0.0481s/iter; left time: 639.1811s
	iters: 300, epoch: 7 | loss: 0.1670875
	speed: 0.0469s/iter; left time: 618.9141s
	iters: 400, epoch: 7 | loss: 0.1969459
	speed: 0.0475s/iter; left time: 621.1989s
	iters: 500, epoch: 7 | loss: 0.1783577
	speed: 0.0457s/iter; left time: 594.1672s
Epoch: 7 cost time: 29.895585536956787
Epoch: 7, Steps: 562 | Train Loss: 0.1814609 Vali Loss: 0.1628820 Test Loss: 0.2189839
Validation loss decreased (0.163095 --> 0.162882).  Saving model ...
Updating learning rate to 0.004096000000000001
	iters: 100, epoch: 8 | loss: 0.1850238
	speed: 0.3985s/iter; left time: 5112.1452s
	iters: 200, epoch: 8 | loss: 0.1691721
	speed: 0.0465s/iter; left time: 591.7192s
	iters: 300, epoch: 8 | loss: 0.1732490
	speed: 0.0460s/iter; left time: 581.4156s
	iters: 400, epoch: 8 | loss: 0.1743323
	speed: 0.0454s/iter; left time: 568.7356s
	iters: 500, epoch: 8 | loss: 0.1928144
	speed: 0.0497s/iter; left time: 617.6290s
Epoch: 8 cost time: 29.834707260131836
Epoch: 8, Steps: 562 | Train Loss: 0.1798856 Vali Loss: 0.1609366 Test Loss: 0.2154877
Validation loss decreased (0.162882 --> 0.160937).  Saving model ...
Updating learning rate to 0.0032768000000000007
	iters: 100, epoch: 9 | loss: 0.1678254
	speed: 0.3959s/iter; left time: 4856.1431s
	iters: 200, epoch: 9 | loss: 0.1746763
	speed: 0.0492s/iter; left time: 599.0492s
	iters: 300, epoch: 9 | loss: 0.1812638
	speed: 0.0498s/iter; left time: 601.2220s
	iters: 400, epoch: 9 | loss: 0.1776559
	speed: 0.0503s/iter; left time: 601.8274s
	iters: 500, epoch: 9 | loss: 0.1834951
	speed: 0.0472s/iter; left time: 560.1804s
Epoch: 9 cost time: 30.508731603622437
Epoch: 9, Steps: 562 | Train Loss: 0.1789926 Vali Loss: 0.1654519 Test Loss: 0.2088090
EarlyStopping counter: 1 out of 30
Updating learning rate to 0.002621440000000001
	iters: 100, epoch: 10 | loss: 0.1713464
	speed: 0.3854s/iter; left time: 4510.0058s
	iters: 200, epoch: 10 | loss: 0.1818147
	speed: 0.0457s/iter; left time: 530.0999s
	iters: 300, epoch: 10 | loss: 0.2000044
	speed: 0.0442s/iter; left time: 508.3579s
	iters: 400, epoch: 10 | loss: 0.1904337
	speed: 0.0419s/iter; left time: 477.9170s
	iters: 500, epoch: 10 | loss: 0.1608783
	speed: 0.0426s/iter; left time: 481.1059s
Epoch: 10 cost time: 27.244237184524536
Epoch: 10, Steps: 562 | Train Loss: 0.1785187 Vali Loss: 0.1606696 Test Loss: 0.2122791
Validation loss decreased (0.160937 --> 0.160670).  Saving model ...
Updating learning rate to 0.002097152000000001
	iters: 100, epoch: 11 | loss: 0.1572019
	speed: 0.3652s/iter; left time: 4068.2096s
	iters: 200, epoch: 11 | loss: 0.1737885
	speed: 0.0441s/iter; left time: 486.7810s
	iters: 300, epoch: 11 | loss: 0.1720494
	speed: 0.0431s/iter; left time: 471.2521s
	iters: 400, epoch: 11 | loss: 0.1733982
	speed: 0.0437s/iter; left time: 474.1094s
	iters: 500, epoch: 11 | loss: 0.1696949
	speed: 0.0449s/iter; left time: 482.6193s
Epoch: 11 cost time: 27.405248403549194
Epoch: 11, Steps: 562 | Train Loss: 0.1772254 Vali Loss: 0.1637382 Test Loss: 0.2192499
EarlyStopping counter: 1 out of 30
Updating learning rate to 0.001677721600000001
	iters: 100, epoch: 12 | loss: 0.1652660
	speed: 0.3694s/iter; left time: 3907.7534s
	iters: 200, epoch: 12 | loss: 0.1694392
	speed: 0.0418s/iter; left time: 438.3529s
	iters: 300, epoch: 12 | loss: 0.1828568
	speed: 0.0439s/iter; left time: 455.4576s
	iters: 400, epoch: 12 | loss: 0.1675039
	speed: 0.0430s/iter; left time: 442.1612s
	iters: 500, epoch: 12 | loss: 0.1715337
	speed: 0.0439s/iter; left time: 446.9736s
Epoch: 12 cost time: 27.461153745651245
Epoch: 12, Steps: 562 | Train Loss: 0.1768645 Vali Loss: 0.1615628 Test Loss: 0.2107247
EarlyStopping counter: 2 out of 30
Updating learning rate to 0.0013421772800000006
	iters: 100, epoch: 13 | loss: 0.1576702
	speed: 0.3560s/iter; left time: 3565.7909s
	iters: 200, epoch: 13 | loss: 0.1741880
	speed: 0.0434s/iter; left time: 430.7232s
	iters: 300, epoch: 13 | loss: 0.1864577
	speed: 0.0436s/iter; left time: 428.0562s
	iters: 400, epoch: 13 | loss: 0.1738966
	speed: 0.0444s/iter; left time: 431.3248s
	iters: 500, epoch: 13 | loss: 0.1563056
	speed: 0.0418s/iter; left time: 401.8375s
Epoch: 13 cost time: 27.160865545272827
Epoch: 13, Steps: 562 | Train Loss: 0.1760981 Vali Loss: 0.1610195 Test Loss: 0.2097153
EarlyStopping counter: 3 out of 30
Updating learning rate to 0.0010737418240000006
	iters: 100, epoch: 14 | loss: 0.1719740
	speed: 0.3615s/iter; left time: 3417.7859s
	iters: 200, epoch: 14 | loss: 0.1795315
	speed: 0.0433s/iter; left time: 405.2347s
	iters: 300, epoch: 14 | loss: 0.1683168
	speed: 0.0433s/iter; left time: 401.1604s
	iters: 400, epoch: 14 | loss: 0.1892286
	speed: 0.0445s/iter; left time: 407.7728s
	iters: 500, epoch: 14 | loss: 0.2016281
	speed: 0.0428s/iter; left time: 387.9468s
Epoch: 14 cost time: 27.337204217910767
Epoch: 14, Steps: 562 | Train Loss: 0.1756967 Vali Loss: 0.1645977 Test Loss: 0.2113347
EarlyStopping counter: 4 out of 30
Updating learning rate to 0.0008589934592000006
	iters: 100, epoch: 15 | loss: 0.1598654
	speed: 0.3747s/iter; left time: 3332.3344s
	iters: 200, epoch: 15 | loss: 0.1805982
	speed: 0.0382s/iter; left time: 336.0306s
	iters: 300, epoch: 15 | loss: 0.1500355
	speed: 0.0467s/iter; left time: 405.5911s
	iters: 400, epoch: 15 | loss: 0.1625072
	speed: 0.0451s/iter; left time: 387.5324s
	iters: 500, epoch: 15 | loss: 0.1750031
	speed: 0.0435s/iter; left time: 369.3807s
Epoch: 15 cost time: 26.548038005828857
Epoch: 15, Steps: 562 | Train Loss: 0.1753027 Vali Loss: 0.1618652 Test Loss: 0.2081195
EarlyStopping counter: 5 out of 30
Updating learning rate to 0.0006871947673600004
	iters: 100, epoch: 16 | loss: 0.1641378
	speed: 0.3553s/iter; left time: 2960.2356s
	iters: 200, epoch: 16 | loss: 0.1846978
	speed: 0.0438s/iter; left time: 360.3627s
	iters: 300, epoch: 16 | loss: 0.1863061
	speed: 0.0430s/iter; left time: 349.4163s
	iters: 400, epoch: 16 | loss: 0.1709575
	speed: 0.0453s/iter; left time: 363.8149s
	iters: 500, epoch: 16 | loss: 0.1823001
	speed: 0.0434s/iter; left time: 343.8497s
Epoch: 16 cost time: 27.57776689529419
Epoch: 16, Steps: 562 | Train Loss: 0.1748292 Vali Loss: 0.1615359 Test Loss: 0.2093069
EarlyStopping counter: 6 out of 30
Updating learning rate to 0.0005497558138880004
	iters: 100, epoch: 17 | loss: 0.1826136
	speed: 0.3609s/iter; left time: 2803.5362s
	iters: 200, epoch: 17 | loss: 0.1738901
	speed: 0.0467s/iter; left time: 358.4452s
	iters: 300, epoch: 17 | loss: 0.2026912
	speed: 0.0446s/iter; left time: 337.8622s
	iters: 400, epoch: 17 | loss: 0.1812884
	speed: 0.0432s/iter; left time: 322.8031s
	iters: 500, epoch: 17 | loss: 0.1861283
	speed: 0.0472s/iter; left time: 347.4969s
Epoch: 17 cost time: 28.254160404205322
Epoch: 17, Steps: 562 | Train Loss: 0.1745143 Vali Loss: 0.1629200 Test Loss: 0.2115117
EarlyStopping counter: 7 out of 30
Updating learning rate to 0.00043980465111040037
	iters: 100, epoch: 18 | loss: 0.1673912
	speed: 0.3789s/iter; left time: 2730.4892s
	iters: 200, epoch: 18 | loss: 0.1915632
	speed: 0.0566s/iter; left time: 402.4368s
	iters: 300, epoch: 18 | loss: 0.1665618
	speed: 0.0521s/iter; left time: 365.2149s
	iters: 400, epoch: 18 | loss: 0.1374808
	speed: 0.0531s/iter; left time: 366.7595s
	iters: 500, epoch: 18 | loss: 0.1744223
	speed: 0.0416s/iter; left time: 283.4550s
Epoch: 18 cost time: 30.96476125717163
Epoch: 18, Steps: 562 | Train Loss: 0.1743832 Vali Loss: 0.1627721 Test Loss: 0.2089137
EarlyStopping counter: 8 out of 30
Updating learning rate to 0.0003518437208883203
	iters: 100, epoch: 19 | loss: 0.1566812
	speed: 0.3826s/iter; left time: 2542.2104s
	iters: 200, epoch: 19 | loss: 0.1668976
	speed: 0.0512s/iter; left time: 335.1981s
	iters: 300, epoch: 19 | loss: 0.1781802
	speed: 0.0488s/iter; left time: 314.3595s
	iters: 400, epoch: 19 | loss: 0.1736358
	speed: 0.0486s/iter; left time: 308.6479s
	iters: 500, epoch: 19 | loss: 0.1723077
	speed: 0.0489s/iter; left time: 305.1242s
Epoch: 19 cost time: 30.788367748260498
Epoch: 19, Steps: 562 | Train Loss: 0.1741254 Vali Loss: 0.1617172 Test Loss: 0.2092396
EarlyStopping counter: 9 out of 30
Updating learning rate to 0.00028147497671065624
	iters: 100, epoch: 20 | loss: 0.1807195
	speed: 0.3878s/iter; left time: 2358.9296s
	iters: 200, epoch: 20 | loss: 0.1648428
	speed: 0.0523s/iter; left time: 312.9137s
	iters: 300, epoch: 20 | loss: 0.1722939
	speed: 0.0497s/iter; left time: 292.6293s
	iters: 400, epoch: 20 | loss: 0.1805880
	speed: 0.0492s/iter; left time: 284.5770s
	iters: 500, epoch: 20 | loss: 0.1813796
	speed: 0.0485s/iter; left time: 275.9073s
Epoch: 20 cost time: 31.147013187408447
Epoch: 20, Steps: 562 | Train Loss: 0.1739347 Vali Loss: 0.1627826 Test Loss: 0.2074911
EarlyStopping counter: 10 out of 30
Updating learning rate to 0.00022517998136852504
	iters: 100, epoch: 21 | loss: 0.1659968
	speed: 0.3862s/iter; left time: 2132.2738s
	iters: 200, epoch: 21 | loss: 0.1739855
	speed: 0.0499s/iter; left time: 270.6778s
	iters: 300, epoch: 21 | loss: 0.1850071
	speed: 0.0477s/iter; left time: 253.8204s
	iters: 400, epoch: 21 | loss: 0.1755388
	speed: 0.0477s/iter; left time: 248.8508s
	iters: 500, epoch: 21 | loss: 0.1652746
	speed: 0.0508s/iter; left time: 259.9850s
Epoch: 21 cost time: 30.19460701942444
Epoch: 21, Steps: 562 | Train Loss: 0.1737918 Vali Loss: 0.1621419 Test Loss: 0.2086992
EarlyStopping counter: 11 out of 30
Updating learning rate to 0.00018014398509482002
	iters: 100, epoch: 22 | loss: 0.1680963
	speed: 0.3878s/iter; left time: 1923.3255s
	iters: 200, epoch: 22 | loss: 0.1787179
	speed: 0.0521s/iter; left time: 253.0628s
	iters: 300, epoch: 22 | loss: 0.1636263
	speed: 0.0506s/iter; left time: 240.8542s
	iters: 400, epoch: 22 | loss: 0.1933180
	speed: 0.0489s/iter; left time: 227.8681s
	iters: 500, epoch: 22 | loss: 0.1672476
	speed: 0.0498s/iter; left time: 226.9785s
Epoch: 22 cost time: 31.369683742523193
Epoch: 22, Steps: 562 | Train Loss: 0.1736926 Vali Loss: 0.1621263 Test Loss: 0.2081412
EarlyStopping counter: 12 out of 30
Updating learning rate to 0.00014411518807585602
	iters: 100, epoch: 23 | loss: 0.1835027
	speed: 0.3966s/iter; left time: 1743.6938s
	iters: 200, epoch: 23 | loss: 0.1666411
	speed: 0.0505s/iter; left time: 217.0663s
	iters: 300, epoch: 23 | loss: 0.1708523
	speed: 0.0488s/iter; left time: 204.6890s
	iters: 400, epoch: 23 | loss: 0.1928570
	speed: 0.0500s/iter; left time: 204.7546s
	iters: 500, epoch: 23 | loss: 0.1699406
	speed: 0.0473s/iter; left time: 188.9322s
Epoch: 23 cost time: 30.462223291397095
Epoch: 23, Steps: 562 | Train Loss: 0.1736250 Vali Loss: 0.1625841 Test Loss: 0.2091912
EarlyStopping counter: 13 out of 30
Updating learning rate to 0.00011529215046068484
	iters: 100, epoch: 24 | loss: 0.1780249
	speed: 0.4049s/iter; left time: 1552.9197s
	iters: 200, epoch: 24 | loss: 0.1848990
	speed: 0.0458s/iter; left time: 171.2097s
	iters: 300, epoch: 24 | loss: 0.1713106
	speed: 0.0424s/iter; left time: 154.2842s
	iters: 400, epoch: 24 | loss: 0.1702178
	speed: 0.0493s/iter; left time: 174.1443s
	iters: 500, epoch: 24 | loss: 0.1685880
	speed: 0.0507s/iter; left time: 174.0055s
Epoch: 24 cost time: 30.18336296081543
Epoch: 24, Steps: 562 | Train Loss: 0.1734991 Vali Loss: 0.1632449 Test Loss: 0.2085368
EarlyStopping counter: 14 out of 30
Updating learning rate to 9.223372036854788e-05
	iters: 100, epoch: 25 | loss: 0.1918495
	speed: 0.3864s/iter; left time: 1264.6936s
	iters: 200, epoch: 25 | loss: 0.1610522
	speed: 0.0513s/iter; left time: 162.9293s
	iters: 300, epoch: 25 | loss: 0.1592093
	speed: 0.0505s/iter; left time: 155.0619s
	iters: 400, epoch: 25 | loss: 0.1660601
	speed: 0.0497s/iter; left time: 147.6524s
	iters: 500, epoch: 25 | loss: 0.1563577
	speed: 0.0490s/iter; left time: 140.7342s
Epoch: 25 cost time: 30.85715341567993
Epoch: 25, Steps: 562 | Train Loss: 0.1734476 Vali Loss: 0.1626589 Test Loss: 0.2083413
EarlyStopping counter: 15 out of 30
Updating learning rate to 7.37869762948383e-05
	iters: 100, epoch: 26 | loss: 0.1723555
	speed: 0.3799s/iter; left time: 1029.9707s
	iters: 200, epoch: 26 | loss: 0.1647135
	speed: 0.0485s/iter; left time: 126.5201s
	iters: 300, epoch: 26 | loss: 0.1722760
	speed: 0.0469s/iter; left time: 117.8058s
	iters: 400, epoch: 26 | loss: 0.1749417
	speed: 0.0485s/iter; left time: 117.0139s
	iters: 500, epoch: 26 | loss: 0.1705796
	speed: 0.0466s/iter; left time: 107.7982s
Epoch: 26 cost time: 30.043500185012817
Epoch: 26, Steps: 562 | Train Loss: 0.1734114 Vali Loss: 0.1619501 Test Loss: 0.2088693
EarlyStopping counter: 16 out of 30
Updating learning rate to 5.902958103587064e-05
	iters: 100, epoch: 27 | loss: 0.1585426
	speed: 0.4081s/iter; left time: 877.0685s
	iters: 200, epoch: 27 | loss: 0.1806096
	speed: 0.0523s/iter; left time: 107.1138s
	iters: 300, epoch: 27 | loss: 0.1585397
	speed: 0.0546s/iter; left time: 106.4678s
	iters: 400, epoch: 27 | loss: 0.1639262
	speed: 0.0422s/iter; left time: 77.9446s
	iters: 500, epoch: 27 | loss: 0.1707798
	speed: 0.0454s/iter; left time: 79.4610s
Epoch: 27 cost time: 30.57320737838745
Epoch: 27, Steps: 562 | Train Loss: 0.1733763 Vali Loss: 0.1630893 Test Loss: 0.2076311
EarlyStopping counter: 17 out of 30
Updating learning rate to 4.722366482869652e-05
	iters: 100, epoch: 28 | loss: 0.1871911
	speed: 0.3828s/iter; left time: 607.4996s
	iters: 200, epoch: 28 | loss: 0.1517847
	speed: 0.0503s/iter; left time: 74.8043s
	iters: 300, epoch: 28 | loss: 0.1851621
	speed: 0.0514s/iter; left time: 71.3359s
	iters: 400, epoch: 28 | loss: 0.1689006
	speed: 0.0491s/iter; left time: 63.1809s
	iters: 500, epoch: 28 | loss: 0.1768040
	speed: 0.0489s/iter; left time: 58.0748s
Epoch: 28 cost time: 30.89880609512329
Epoch: 28, Steps: 562 | Train Loss: 0.1733188 Vali Loss: 0.1628721 Test Loss: 0.2070347
EarlyStopping counter: 18 out of 30
Updating learning rate to 3.777893186295722e-05
	iters: 100, epoch: 29 | loss: 0.1726722
	speed: 0.3857s/iter; left time: 395.3162s
	iters: 200, epoch: 29 | loss: 0.1665753
	speed: 0.0503s/iter; left time: 46.4981s
	iters: 300, epoch: 29 | loss: 0.1829935
	speed: 0.0503s/iter; left time: 41.5379s
	iters: 400, epoch: 29 | loss: 0.1656716
	speed: 0.0488s/iter; left time: 35.3520s
	iters: 500, epoch: 29 | loss: 0.1728353
	speed: 0.0478s/iter; left time: 29.8798s
Epoch: 29 cost time: 30.942235946655273
Epoch: 29, Steps: 562 | Train Loss: 0.1733101 Vali Loss: 0.1625056 Test Loss: 0.2088052
EarlyStopping counter: 19 out of 30
Updating learning rate to 3.0223145490365776e-05
	iters: 100, epoch: 30 | loss: 0.1922196
	speed: 0.3837s/iter; left time: 177.6471s
	iters: 200, epoch: 30 | loss: 0.1722063
	speed: 0.0489s/iter; left time: 17.7388s
	iters: 300, epoch: 30 | loss: 0.1561755
	speed: 0.0500s/iter; left time: 13.1373s
	iters: 400, epoch: 30 | loss: 0.1625542
	speed: 0.0507s/iter; left time: 8.2598s
	iters: 500, epoch: 30 | loss: 0.1798132
	speed: 0.0489s/iter; left time: 3.0806s
Epoch: 30 cost time: 30.906165838241577
Epoch: 30, Steps: 562 | Train Loss: 0.1732915 Vali Loss: 0.1627314 Test Loss: 0.2075609
EarlyStopping counter: 20 out of 30
Updating learning rate to 2.417851639229262e-05
>>>>>>>testing : solar_96_720_CycleNet_Solar_ftM_sl96_pl720_cycle144_mlp_mrt1_freq1_parallel_seed2024<<<<<<<<<<<<<<<<<<<<<<<<<<<<<<<<<
test 9793
mse:0.21241439878940582, mae:0.262935996055603
