============================================================
CONFIGURATION
============================================================
Device     : cuda:0
Dataset    : etth2
Pred len   : 336
Seed       : 2024

--- Data ---
enc_in     : 7
seq_len    : 96
cycle      : 24
use_revin  : 1
batch_size : 256

--- Model ---
model_type : mlp
d_model    : 512
mrt_layers : 1
freq_layers: 0
fusion     : mode=serial, gate=0, sparsity=0.0

--- Training ---
base_lr    : 0.005
Stage1     : epochs=30, patience=15
Stage2     : epochs=3, patience=3, freeze_backbone=1
Stage3 FreDF: False
Stage3a    : epochs=12, patience=6
Stage3b    : epochs=20, patience=10, freq×0.67 model×0.33 mrt×0.10
============================================================

============================================================
STAGE 1: Train MRT only (freq_layers=0)
============================================================
train 8209
val 2545
test 2545
Epoch: 1, Steps: 32 | Train: 0.6952788 Vali: 0.3849607 Test: 0.4405220
Validation loss decreased (inf --> 0.384961).  Saving model ...
Updating learning rate to 0.005
Epoch: 2, Steps: 32 | Train: 0.6709726 Vali: 0.3661919 Test: 0.4213604
Validation loss decreased (0.384961 --> 0.366192).  Saving model ...
Updating learning rate to 0.005
Epoch: 3, Steps: 32 | Train: 0.6275594 Vali: 0.3713531 Test: 0.4524003
EarlyStopping counter: 1 out of 15
Updating learning rate to 0.005
Epoch: 4, Steps: 32 | Train: 0.6140222 Vali: 0.3637923 Test: 0.4373618
Validation loss decreased (0.366192 --> 0.363792).  Saving model ...
Updating learning rate to 0.004
Epoch: 5, Steps: 32 | Train: 0.6027935 Vali: 0.3688685 Test: 0.4464419
EarlyStopping counter: 1 out of 15
Updating learning rate to 0.0032000000000000006
Epoch: 6, Steps: 32 | Train: 0.5929668 Vali: 0.3683307 Test: 0.4319040
EarlyStopping counter: 2 out of 15
Updating learning rate to 0.0025600000000000006
Epoch: 7, Steps: 32 | Train: 0.5806078 Vali: 0.3651425 Test: 0.4249479
EarlyStopping counter: 3 out of 15
Updating learning rate to 0.0020480000000000003
Epoch: 8, Steps: 32 | Train: 0.5732663 Vali: 0.3638381 Test: 0.4285938
EarlyStopping counter: 4 out of 15
Updating learning rate to 0.0016384000000000004
Epoch: 9, Steps: 32 | Train: 0.5683433 Vali: 0.3713304 Test: 0.4290445
EarlyStopping counter: 5 out of 15
Updating learning rate to 0.0013107200000000005
Epoch: 10, Steps: 32 | Train: 0.5633614 Vali: 0.3675015 Test: 0.4347745
EarlyStopping counter: 6 out of 15
Updating learning rate to 0.0010485760000000005
Epoch: 11, Steps: 32 | Train: 0.5589745 Vali: 0.3675584 Test: 0.4285967
EarlyStopping counter: 7 out of 15
Updating learning rate to 0.0008388608000000005
Epoch: 12, Steps: 32 | Train: 0.5538431 Vali: 0.3678116 Test: 0.4315736
EarlyStopping counter: 8 out of 15
Updating learning rate to 0.0006710886400000003
Epoch: 13, Steps: 32 | Train: 0.5514850 Vali: 0.3654600 Test: 0.4308582
EarlyStopping counter: 9 out of 15
Updating learning rate to 0.0005368709120000003
Epoch: 14, Steps: 32 | Train: 0.5490672 Vali: 0.3713361 Test: 0.4276315
EarlyStopping counter: 10 out of 15
Updating learning rate to 0.0004294967296000003
Epoch: 15, Steps: 32 | Train: 0.5468504 Vali: 0.3696615 Test: 0.4342063
EarlyStopping counter: 11 out of 15
Updating learning rate to 0.0003435973836800002
Epoch: 16, Steps: 32 | Train: 0.5443792 Vali: 0.3694046 Test: 0.4289923
EarlyStopping counter: 12 out of 15
Updating learning rate to 0.0002748779069440002
Epoch: 17, Steps: 32 | Train: 0.5426685 Vali: 0.3654969 Test: 0.4323012
EarlyStopping counter: 13 out of 15
Updating learning rate to 0.00021990232555520019
Epoch: 18, Steps: 32 | Train: 0.5417129 Vali: 0.3654452 Test: 0.4304443
EarlyStopping counter: 14 out of 15
Updating learning rate to 0.00017592186044416015
Epoch: 19, Steps: 32 | Train: 0.5406158 Vali: 0.3654698 Test: 0.4305009
EarlyStopping counter: 15 out of 15
Early stopping at epoch 19
STAGE 1 RESULT: mse=0.4354, mae=0.4452, smape=63.8499

============================================================
STAGE 2: Load MRT + add Freq branch (frozen backbone/MRT/cycle, max_epochs=3, patience=3)
============================================================
train 8209
val 2545
test 2545
Loaded 10 params from stage1, 0 new (Freq branch)
Trainable: 344 / 222,629 (0.2%)  freeze_backbone=1
Epoch: 1, Train: 0.6030625 Vali: 0.3653842
[diag s2-1]  freq.rs=-0.0040 mask.mean=0.438 mask.std=0.141  mrt.rs=+0.2799
Validation loss decreased (inf --> 0.365384).  Saving model ...
Epoch: 2, Train: 0.6036411 Vali: 0.3629727
[diag s2-2]  freq.rs=-0.0074 mask.mean=0.438 mask.std=0.141  mrt.rs=+0.2799
Validation loss decreased (0.365384 --> 0.362973).  Saving model ...
Epoch: 3, Train: 0.6035501 Vali: 0.3644768
[diag s2-3]  freq.rs=-0.0109 mask.mean=0.438 mask.std=0.141  mrt.rs=+0.2799
EarlyStopping counter: 1 out of 3
STAGE 2 complete.

============================================================
SKIPPING Stage 3a (--no_stage3a): Stage 2 -> Stage 3b directly
============================================================

============================================================
STAGE 3b: Unfreeze all, group-wise LR (base=0.001500, max_epochs=20, patience=10) (pure MSE)
  LR groups: freq/gate ×0.67, model ×0.33, mrt/cycle ×0.10
============================================================
train 8209
val 2545
test 2545
Loaded stage3a checkpoint, unfreezing all parameters.
  Group freq/gate: 344 params, LR=0.001005
  Group model: 222,032 params, LR=0.000495
  Group mrt/cycle: 253 params, LR=0.000150
Epoch: 1, Steps: 32 | Train: 0.5988511 Vali: 0.3647767 Test: 0.4269161
[diag 3b-1]  freq.rs=-0.0077 mask.mean=0.438 mask.std=0.141  mrt.rs=+0.2793
Validation loss decreased (inf --> 0.364777).  Saving model ...
Updating learning rate to 0.005
Epoch: 2, Steps: 32 | Train: 0.6130222 Vali: 0.3656499 Test: 0.4316437
[diag 3b-2]  freq.rs=-0.0783 mask.mean=0.441 mask.std=0.143  mrt.rs=+0.3157
EarlyStopping counter: 1 out of 10
Updating learning rate to 0.005
Epoch: 3, Steps: 32 | Train: 0.6006941 Vali: 0.3672518 Test: 0.4249686
[diag 3b-3]  freq.rs=-0.1544 mask.mean=0.443 mask.std=0.146  mrt.rs=+0.3655
EarlyStopping counter: 2 out of 10
Updating learning rate to 0.005
Epoch: 4, Steps: 32 | Train: 0.5825000 Vali: 0.3631581 Test: 0.4323209
[diag 3b-4]  freq.rs=-0.2005 mask.mean=0.443 mask.std=0.151  mrt.rs=+0.3793
Validation loss decreased (0.364777 --> 0.363158).  Saving model ...
Updating learning rate to 0.004
Epoch: 5, Steps: 32 | Train: 0.5716633 Vali: 0.3639550 Test: 0.4335800
[diag 3b-5]  freq.rs=-0.2345 mask.mean=0.443 mask.std=0.155  mrt.rs=+0.3915
EarlyStopping counter: 1 out of 10
Updating learning rate to 0.0032000000000000006
Epoch: 6, Steps: 32 | Train: 0.5641656 Vali: 0.3661708 Test: 0.4224740
[diag 3b-6]  freq.rs=-0.2659 mask.mean=0.442 mask.std=0.159  mrt.rs=+0.4110
EarlyStopping counter: 2 out of 10
Updating learning rate to 0.0025600000000000006
Epoch: 7, Steps: 32 | Train: 0.5533973 Vali: 0.3642796 Test: 0.4319980
[diag 3b-7]  freq.rs=-0.2692 mask.mean=0.441 mask.std=0.162  mrt.rs=+0.3997
EarlyStopping counter: 3 out of 10
Updating learning rate to 0.0020480000000000003
Epoch: 8, Steps: 32 | Train: 0.5420665 Vali: 0.3671817 Test: 0.4308930
[diag 3b-8]  freq.rs=-0.2716 mask.mean=0.440 mask.std=0.164  mrt.rs=+0.3953
EarlyStopping counter: 4 out of 10
Updating learning rate to 0.0016384000000000004
Epoch: 9, Steps: 32 | Train: 0.5325218 Vali: 0.3701787 Test: 0.4342491
[diag 3b-9]  freq.rs=-0.2637 mask.mean=0.438 mask.std=0.166  mrt.rs=+0.3877
EarlyStopping counter: 5 out of 10
Updating learning rate to 0.0013107200000000005
Epoch: 10, Steps: 32 | Train: 0.5285954 Vali: 0.3694557 Test: 0.4347067
[diag 3b-10]  freq.rs=-0.2541 mask.mean=0.437 mask.std=0.166  mrt.rs=+0.3845
EarlyStopping counter: 6 out of 10
Updating learning rate to 0.0010485760000000005
Epoch: 11, Steps: 32 | Train: 0.5200949 Vali: 0.3712235 Test: 0.4340353
[diag 3b-11]  freq.rs=-0.2462 mask.mean=0.436 mask.std=0.167  mrt.rs=+0.3831
EarlyStopping counter: 7 out of 10
Updating learning rate to 0.0008388608000000005
Epoch: 12, Steps: 32 | Train: 0.5164728 Vali: 0.3687913 Test: 0.4351774
[diag 3b-12]  freq.rs=-0.2350 mask.mean=0.435 mask.std=0.167  mrt.rs=+0.3764
EarlyStopping counter: 8 out of 10
Updating learning rate to 0.0006710886400000003
Epoch: 13, Steps: 32 | Train: 0.5120706 Vali: 0.3732437 Test: 0.4332143
[diag 3b-13]  freq.rs=-0.2264 mask.mean=0.434 mask.std=0.168  mrt.rs=+0.3752
EarlyStopping counter: 9 out of 10
Updating learning rate to 0.0005368709120000003
Epoch: 14, Steps: 32 | Train: 0.5083792 Vali: 0.3734742 Test: 0.4356086
[diag 3b-14]  freq.rs=-0.2177 mask.mean=0.433 mask.std=0.168  mrt.rs=+0.3724
EarlyStopping counter: 10 out of 10
Early stopping at epoch 14

============================================================
FINAL RESULT (Stage 3b): mse=0.4303, mae=0.4421, smape=63.8007
============================================================
[diag 3b-final]  freq.rs=-0.2005 mask.mean=0.443 mask.std=0.151  mrt.rs=+0.3793
