Args in experiment:
Namespace(random_seed=2024, is_training=1, model_id='ETTh2_96_336', model='CycleNet', data='ETTh2', root_path='./dataset/ETT-small/', data_path='ETTh2.csv', features='M', target='OT', freq='h', checkpoints='./checkpoints/', seq_len=96, label_len=0, pred_len=336, cycle=24, model_type='mlp', use_revin=1, mrt_layers=0, freq_layers=0, freq_v2_layers=0, freq_v3_layers=0, freq_v4_layers=0, sgf_layers=1, sgf_prior_path='./stability_priors/stability_ETTh2_cycle24_L96.npy', freq_loss_alpha=1.0, fc_dropout=0.05, head_dropout=0.0, patch_len=16, stride=8, padding_patch='end', revin=0, affine=0, subtract_last=0, decomposition=0, kernel_size=25, individual=0, rnn_type='gru', dec_way='pmf', seg_len=48, channel_id=1, period_len=24, embed_type=0, enc_in=7, dec_in=7, c_out=7, d_model=512, n_heads=8, e_layers=2, d_layers=1, d_ff=2048, moving_avg=25, factor=1, distil=True, dropout=0, embed='timeF', activation='gelu', output_attention=False, do_predict=False, num_workers=10, itr=1, train_epochs=30, batch_size=256, patience=15, learning_rate=0.005, des='test', loss='mse', lradj='type3', pct_start=0.3, use_amp=False, use_gpu=True, gpu=0, use_multi_gpu=False, devices='0,1', test_flop=False)
Loaded SGF prior from ./stability_priors/stability_ETTh2_cycle24_L96.npy, shape=(49,)
Use GPU: cuda:0
>>>>>>>start training : ETTh2_96_336_CycleNet_ETTh2_ftM_sl96_pl336_cycle24_mlp_sgf1_seed2024>>>>>>>>>>>>>>>>>>>>>>>>>>
train 8209
val 2545
test 2545
Epoch: 1 cost time: 3.835613250732422
Epoch: 1, Steps: 32 | Train Loss: 0.6966933 Vali Loss: 0.3854048 Test Loss: 0.4410825
Validation loss decreased (inf --> 0.385405).  Saving model ...
Updating learning rate to 0.005
Epoch: 2 cost time: 1.8553800582885742
Epoch: 2, Steps: 32 | Train Loss: 0.6675346 Vali Loss: 0.3668454 Test Loss: 0.4341562
Validation loss decreased (0.385405 --> 0.366845).  Saving model ...
Updating learning rate to 0.005
Epoch: 3 cost time: 1.7951655387878418
Epoch: 3, Steps: 32 | Train Loss: 0.6285764 Vali Loss: 0.3717593 Test Loss: 0.4277658
EarlyStopping counter: 1 out of 15
Updating learning rate to 0.005
Epoch: 4 cost time: 1.4309918880462646
Epoch: 4, Steps: 32 | Train Loss: 0.6116310 Vali Loss: 0.3682940 Test Loss: 0.4346980
EarlyStopping counter: 2 out of 15
Updating learning rate to 0.004
Epoch: 5 cost time: 1.654710292816162
Epoch: 5, Steps: 32 | Train Loss: 0.5970568 Vali Loss: 0.3640717 Test Loss: 0.4269556
Validation loss decreased (0.366845 --> 0.364072).  Saving model ...
Updating learning rate to 0.0032000000000000006
Epoch: 6 cost time: 1.5944509506225586
Epoch: 6, Steps: 32 | Train Loss: 0.5870398 Vali Loss: 0.3644726 Test Loss: 0.4367454
EarlyStopping counter: 1 out of 15
Updating learning rate to 0.0025600000000000006
Epoch: 7 cost time: 2.36441707611084
Epoch: 7, Steps: 32 | Train Loss: 0.5817137 Vali Loss: 0.3656667 Test Loss: 0.4259191
EarlyStopping counter: 2 out of 15
Updating learning rate to 0.0020480000000000003
Epoch: 8 cost time: 2.4576966762542725
Epoch: 8, Steps: 32 | Train Loss: 0.5733648 Vali Loss: 0.3707130 Test Loss: 0.4270650
EarlyStopping counter: 3 out of 15
Updating learning rate to 0.0016384000000000004
Epoch: 9 cost time: 2.6198103427886963
Epoch: 9, Steps: 32 | Train Loss: 0.5652977 Vali Loss: 0.3693177 Test Loss: 0.4332682
EarlyStopping counter: 4 out of 15
Updating learning rate to 0.0013107200000000005
Epoch: 10 cost time: 2.3285107612609863
Epoch: 10, Steps: 32 | Train Loss: 0.5600859 Vali Loss: 0.3653097 Test Loss: 0.4302531
EarlyStopping counter: 5 out of 15
Updating learning rate to 0.0010485760000000005
Epoch: 11 cost time: 2.231837749481201
Epoch: 11, Steps: 32 | Train Loss: 0.5549705 Vali Loss: 0.3739391 Test Loss: 0.4258954
EarlyStopping counter: 6 out of 15
Updating learning rate to 0.0008388608000000005
Epoch: 12 cost time: 2.0609002113342285
Epoch: 12, Steps: 32 | Train Loss: 0.5506098 Vali Loss: 0.3696444 Test Loss: 0.4333488
EarlyStopping counter: 7 out of 15
Updating learning rate to 0.0006710886400000003
Epoch: 13 cost time: 2.8003053665161133
Epoch: 13, Steps: 32 | Train Loss: 0.5468735 Vali Loss: 0.3710642 Test Loss: 0.4358809
EarlyStopping counter: 8 out of 15
Updating learning rate to 0.0005368709120000003
Epoch: 14 cost time: 2.395183563232422
Epoch: 14, Steps: 32 | Train Loss: 0.5443463 Vali Loss: 0.3713732 Test Loss: 0.4277589
EarlyStopping counter: 9 out of 15
Updating learning rate to 0.0004294967296000003
Epoch: 15 cost time: 2.6063687801361084
Epoch: 15, Steps: 32 | Train Loss: 0.5410043 Vali Loss: 0.3707268 Test Loss: 0.4294862
EarlyStopping counter: 10 out of 15
Updating learning rate to 0.0003435973836800002
Epoch: 16 cost time: 2.6031222343444824
Epoch: 16, Steps: 32 | Train Loss: 0.5373685 Vali Loss: 0.3744338 Test Loss: 0.4256483
EarlyStopping counter: 11 out of 15
Updating learning rate to 0.0002748779069440002
Epoch: 17 cost time: 2.583308696746826
Epoch: 17, Steps: 32 | Train Loss: 0.5356114 Vali Loss: 0.3693413 Test Loss: 0.4265688
EarlyStopping counter: 12 out of 15
Updating learning rate to 0.00021990232555520019
Epoch: 18 cost time: 2.470337152481079
Epoch: 18, Steps: 32 | Train Loss: 0.5339186 Vali Loss: 0.3723550 Test Loss: 0.4292279
EarlyStopping counter: 13 out of 15
Updating learning rate to 0.00017592186044416015
Epoch: 19 cost time: 1.9766871929168701
Epoch: 19, Steps: 32 | Train Loss: 0.5331546 Vali Loss: 0.3747705 Test Loss: 0.4282839
EarlyStopping counter: 14 out of 15
Updating learning rate to 0.00014073748835532812
Epoch: 20 cost time: 2.531726360321045
Epoch: 20, Steps: 32 | Train Loss: 0.5314186 Vali Loss: 0.3740541 Test Loss: 0.4280588
EarlyStopping counter: 15 out of 15
Early stopping
>>>>>>>testing : ETTh2_96_336_CycleNet_ETTh2_ftM_sl96_pl336_cycle24_mlp_sgf1_seed2024<<<<<<<<<<<<<<<<<<<<<<<<<<<<<<<<<
test 2545
mse:0.42474332451820374, mae:0.43518301844596863
