Args in experiment:
Namespace(random_seed=2024, is_training=1, model_id='ETTh2_96_96', model='CycleNet', data='ETTh2', root_path='./dataset/ETT-small/', data_path='ETTh2.csv', features='M', target='OT', freq='h', checkpoints='./checkpoints/', seq_len=96, label_len=0, pred_len=96, cycle=24, cycle_mode='lookup', cycle_rank=4, model_type='mlp', use_revin=1, mrt_layers=0, freq_layers=0, freq_v2_layers=0, freq_v3_layers=0, freq_v4_layers=0, sgf_layers=0, sgf_prior_path='', freq_loss_alpha=1.0, fc_dropout=0.05, head_dropout=0.0, patch_len=16, stride=8, padding_patch='end', revin=0, affine=0, subtract_last=0, decomposition=0, kernel_size=25, individual=0, rnn_type='gru', dec_way='pmf', seg_len=48, channel_id=1, period_len=24, embed_type=0, enc_in=7, dec_in=7, c_out=7, d_model=512, n_heads=8, e_layers=2, d_layers=1, d_ff=2048, moving_avg=25, factor=1, distil=True, dropout=0, embed='timeF', activation='gelu', output_attention=False, do_predict=False, num_workers=10, itr=1, train_epochs=30, batch_size=256, patience=15, learning_rate=0.005, des='test', loss='mse', lradj='type3', pct_start=0.3, use_amp=False, use_gpu=True, gpu=0, use_multi_gpu=False, devices='0,1', test_flop=False)
Use GPU: cuda:0
>>>>>>>start training : ETTh2_96_96_CycleNet_ETTh2_ftM_sl96_pl96_cycle24_mlp_seed2024>>>>>>>>>>>>>>>>>>>>>>>>>>
train 8449
val 2785
test 2785
Epoch: 1 cost time: 4.210068225860596
Epoch: 1, Steps: 33 | Train Loss: 0.4920172 Vali Loss: 0.2396794 Test Loss: 0.3203690
Validation loss decreased (inf --> 0.239679).  Saving model ...
Updating learning rate to 0.005
Epoch: 2 cost time: 1.6496436595916748
Epoch: 2, Steps: 33 | Train Loss: 0.4592057 Vali Loss: 0.2280143 Test Loss: 0.2963759
Validation loss decreased (0.239679 --> 0.228014).  Saving model ...
Updating learning rate to 0.005
Epoch: 3 cost time: 1.5636987686157227
Epoch: 3, Steps: 33 | Train Loss: 0.4018788 Vali Loss: 0.2162611 Test Loss: 0.2956411
Validation loss decreased (0.228014 --> 0.216261).  Saving model ...
Updating learning rate to 0.005
Epoch: 4 cost time: 1.4913554191589355
Epoch: 4, Steps: 33 | Train Loss: 0.3838919 Vali Loss: 0.2154003 Test Loss: 0.3033501
Validation loss decreased (0.216261 --> 0.215400).  Saving model ...
Updating learning rate to 0.004
Epoch: 5 cost time: 1.5406625270843506
Epoch: 5, Steps: 33 | Train Loss: 0.3783345 Vali Loss: 0.2159092 Test Loss: 0.2932713
EarlyStopping counter: 1 out of 15
Updating learning rate to 0.0032000000000000006
Epoch: 6 cost time: 1.477917194366455
Epoch: 6, Steps: 33 | Train Loss: 0.3662735 Vali Loss: 0.2160645 Test Loss: 0.3026677
EarlyStopping counter: 2 out of 15
Updating learning rate to 0.0025600000000000006
Epoch: 7 cost time: 1.64601469039917
Epoch: 7, Steps: 33 | Train Loss: 0.3581741 Vali Loss: 0.2143457 Test Loss: 0.3000587
Validation loss decreased (0.215400 --> 0.214346).  Saving model ...
Updating learning rate to 0.0020480000000000003
Epoch: 8 cost time: 1.4116735458374023
Epoch: 8, Steps: 33 | Train Loss: 0.3552094 Vali Loss: 0.2185599 Test Loss: 0.3027653
EarlyStopping counter: 1 out of 15
Updating learning rate to 0.0016384000000000004
Epoch: 9 cost time: 1.4393372535705566
Epoch: 9, Steps: 33 | Train Loss: 0.3461003 Vali Loss: 0.2174203 Test Loss: 0.3037875
EarlyStopping counter: 2 out of 15
Updating learning rate to 0.0013107200000000005
Epoch: 10 cost time: 1.3233859539031982
Epoch: 10, Steps: 33 | Train Loss: 0.3416162 Vali Loss: 0.2215801 Test Loss: 0.3004409
EarlyStopping counter: 3 out of 15
Updating learning rate to 0.0010485760000000005
Epoch: 11 cost time: 1.7575879096984863
Epoch: 11, Steps: 33 | Train Loss: 0.3379603 Vali Loss: 0.2180988 Test Loss: 0.3002346
EarlyStopping counter: 4 out of 15
Updating learning rate to 0.0008388608000000005
Epoch: 12 cost time: 1.4130349159240723
Epoch: 12, Steps: 33 | Train Loss: 0.3335837 Vali Loss: 0.2186753 Test Loss: 0.3034490
EarlyStopping counter: 5 out of 15
Updating learning rate to 0.0006710886400000003
Epoch: 13 cost time: 1.6060917377471924
Epoch: 13, Steps: 33 | Train Loss: 0.3303892 Vali Loss: 0.2178237 Test Loss: 0.3021649
EarlyStopping counter: 6 out of 15
Updating learning rate to 0.0005368709120000003
Epoch: 14 cost time: 1.4690680503845215
Epoch: 14, Steps: 33 | Train Loss: 0.3277648 Vali Loss: 0.2186461 Test Loss: 0.3033943
EarlyStopping counter: 7 out of 15
Updating learning rate to 0.0004294967296000003
Epoch: 15 cost time: 1.5553672313690186
Epoch: 15, Steps: 33 | Train Loss: 0.3259722 Vali Loss: 0.2176652 Test Loss: 0.3038263
EarlyStopping counter: 8 out of 15
Updating learning rate to 0.0003435973836800002
Epoch: 16 cost time: 1.5112180709838867
Epoch: 16, Steps: 33 | Train Loss: 0.3237630 Vali Loss: 0.2186259 Test Loss: 0.3018386
EarlyStopping counter: 9 out of 15
Updating learning rate to 0.0002748779069440002
Epoch: 17 cost time: 1.659520149230957
Epoch: 17, Steps: 33 | Train Loss: 0.3224091 Vali Loss: 0.2193244 Test Loss: 0.3019685
EarlyStopping counter: 10 out of 15
Updating learning rate to 0.00021990232555520019
Epoch: 18 cost time: 1.7749922275543213
Epoch: 18, Steps: 33 | Train Loss: 0.3212878 Vali Loss: 0.2192807 Test Loss: 0.3013120
EarlyStopping counter: 11 out of 15
Updating learning rate to 0.00017592186044416015
Epoch: 19 cost time: 1.9042797088623047
Epoch: 19, Steps: 33 | Train Loss: 0.3203526 Vali Loss: 0.2185741 Test Loss: 0.3013489
EarlyStopping counter: 12 out of 15
Updating learning rate to 0.00014073748835532812
Epoch: 20 cost time: 1.8430752754211426
Epoch: 20, Steps: 33 | Train Loss: 0.3192786 Vali Loss: 0.2202309 Test Loss: 0.3030437
EarlyStopping counter: 13 out of 15
Updating learning rate to 0.00011258999068426252
Epoch: 21 cost time: 1.9442079067230225
Epoch: 21, Steps: 33 | Train Loss: 0.3183500 Vali Loss: 0.2198771 Test Loss: 0.3021355
EarlyStopping counter: 14 out of 15
Updating learning rate to 9.007199254741001e-05
Epoch: 22 cost time: 1.6111764907836914
Epoch: 22, Steps: 33 | Train Loss: 0.3180318 Vali Loss: 0.2177639 Test Loss: 0.3021278
EarlyStopping counter: 15 out of 15
Early stopping
>>>>>>>testing : ETTh2_96_96_CycleNet_ETTh2_ftM_sl96_pl96_cycle24_mlp_seed2024<<<<<<<<<<<<<<<<<<<<<<<<<<<<<<<<<
test 2785
mse:0.2985142171382904, mae:0.344054251909256
