Args in experiment:
Namespace(random_seed=2024, is_training=1, model_id='ETTh2_96_336', model='CycleNet', data='ETTh2', root_path='./dataset/ETT-small/', data_path='ETTh2.csv', features='M', target='OT', freq='h', checkpoints='./checkpoints/', seq_len=96, label_len=0, pred_len=336, cycle=24, cycle_mode='lookup', cycle_rank=4, model_type='mlp', use_revin=1, mrt_layers=0, freq_layers=0, freq_v2_layers=0, freq_v3_layers=0, freq_v4_layers=0, sgf_layers=0, sgf_prior_path='', freq_loss_alpha=1.0, fc_dropout=0.05, head_dropout=0.0, patch_len=16, stride=8, padding_patch='end', revin=0, affine=0, subtract_last=0, decomposition=0, kernel_size=25, individual=0, rnn_type='gru', dec_way='pmf', seg_len=48, channel_id=1, period_len=24, embed_type=0, enc_in=7, dec_in=7, c_out=7, d_model=512, n_heads=8, e_layers=2, d_layers=1, d_ff=2048, moving_avg=25, factor=1, distil=True, dropout=0, embed='timeF', activation='gelu', output_attention=False, do_predict=False, num_workers=10, itr=1, train_epochs=30, batch_size=256, patience=15, learning_rate=0.005, des='test', loss='mse', lradj='type3', pct_start=0.3, use_amp=False, use_gpu=True, gpu=0, use_multi_gpu=False, devices='0,1', test_flop=False)
Use GPU: cuda:0
>>>>>>>start training : ETTh2_96_336_CycleNet_ETTh2_ftM_sl96_pl336_cycle24_mlp_seed2024>>>>>>>>>>>>>>>>>>>>>>>>>>
train 8209
val 2545
test 2545
Epoch: 1 cost time: 4.247037410736084
Epoch: 1, Steps: 32 | Train Loss: 0.6966912 Vali Loss: 0.3853809 Test Loss: 0.4410649
Validation loss decreased (inf --> 0.385381).  Saving model ...
Updating learning rate to 0.005
Epoch: 2 cost time: 1.6141412258148193
Epoch: 2, Steps: 32 | Train Loss: 0.6678955 Vali Loss: 0.3677225 Test Loss: 0.4352966
Validation loss decreased (0.385381 --> 0.367722).  Saving model ...
Updating learning rate to 0.005
Epoch: 3 cost time: 1.6098997592926025
Epoch: 3, Steps: 32 | Train Loss: 0.6284183 Vali Loss: 0.3715113 Test Loss: 0.4290240
EarlyStopping counter: 1 out of 15
Updating learning rate to 0.005
Epoch: 4 cost time: 1.606130599975586
Epoch: 4, Steps: 32 | Train Loss: 0.6116465 Vali Loss: 0.3681438 Test Loss: 0.4351830
EarlyStopping counter: 2 out of 15
Updating learning rate to 0.004
Epoch: 5 cost time: 1.6133754253387451
Epoch: 5, Steps: 32 | Train Loss: 0.5976335 Vali Loss: 0.3642259 Test Loss: 0.4276692
Validation loss decreased (0.367722 --> 0.364226).  Saving model ...
Updating learning rate to 0.0032000000000000006
Epoch: 6 cost time: 1.7131953239440918
Epoch: 6, Steps: 32 | Train Loss: 0.5874263 Vali Loss: 0.3652530 Test Loss: 0.4356832
EarlyStopping counter: 1 out of 15
Updating learning rate to 0.0025600000000000006
Epoch: 7 cost time: 1.4947435855865479
Epoch: 7, Steps: 32 | Train Loss: 0.5820348 Vali Loss: 0.3662893 Test Loss: 0.4245645
EarlyStopping counter: 2 out of 15
Updating learning rate to 0.0020480000000000003
Epoch: 8 cost time: 1.4907195568084717
Epoch: 8, Steps: 32 | Train Loss: 0.5736502 Vali Loss: 0.3703869 Test Loss: 0.4271142
EarlyStopping counter: 3 out of 15
Updating learning rate to 0.0016384000000000004
Epoch: 9 cost time: 1.7290711402893066
Epoch: 9, Steps: 32 | Train Loss: 0.5652239 Vali Loss: 0.3698315 Test Loss: 0.4326642
EarlyStopping counter: 4 out of 15
Updating learning rate to 0.0013107200000000005
Epoch: 10 cost time: 1.383378028869629
Epoch: 10, Steps: 32 | Train Loss: 0.5592509 Vali Loss: 0.3656869 Test Loss: 0.4291776
EarlyStopping counter: 5 out of 15
Updating learning rate to 0.0010485760000000005
Epoch: 11 cost time: 1.337916374206543
Epoch: 11, Steps: 32 | Train Loss: 0.5537711 Vali Loss: 0.3751309 Test Loss: 0.4254593
EarlyStopping counter: 6 out of 15
Updating learning rate to 0.0008388608000000005
Epoch: 12 cost time: 1.267237663269043
Epoch: 12, Steps: 32 | Train Loss: 0.5489663 Vali Loss: 0.3703092 Test Loss: 0.4327430
EarlyStopping counter: 7 out of 15
Updating learning rate to 0.0006710886400000003
Epoch: 13 cost time: 1.2739319801330566
Epoch: 13, Steps: 32 | Train Loss: 0.5448274 Vali Loss: 0.3715523 Test Loss: 0.4349673
EarlyStopping counter: 8 out of 15
Updating learning rate to 0.0005368709120000003
Epoch: 14 cost time: 1.5495874881744385
Epoch: 14, Steps: 32 | Train Loss: 0.5418004 Vali Loss: 0.3719674 Test Loss: 0.4270410
EarlyStopping counter: 9 out of 15
Updating learning rate to 0.0004294967296000003
Epoch: 15 cost time: 1.5587341785430908
Epoch: 15, Steps: 32 | Train Loss: 0.5383049 Vali Loss: 0.3709215 Test Loss: 0.4292894
EarlyStopping counter: 10 out of 15
Updating learning rate to 0.0003435973836800002
Epoch: 16 cost time: 1.6163711547851562
Epoch: 16, Steps: 32 | Train Loss: 0.5345609 Vali Loss: 0.3750956 Test Loss: 0.4250790
EarlyStopping counter: 11 out of 15
Updating learning rate to 0.0002748779069440002
Epoch: 17 cost time: 1.756913661956787
Epoch: 17, Steps: 32 | Train Loss: 0.5325245 Vali Loss: 0.3705545 Test Loss: 0.4253091
EarlyStopping counter: 12 out of 15
Updating learning rate to 0.00021990232555520019
Epoch: 18 cost time: 2.0314440727233887
Epoch: 18, Steps: 32 | Train Loss: 0.5307932 Vali Loss: 0.3732145 Test Loss: 0.4283317
EarlyStopping counter: 13 out of 15
Updating learning rate to 0.00017592186044416015
Epoch: 19 cost time: 1.838620662689209
Epoch: 19, Steps: 32 | Train Loss: 0.5299332 Vali Loss: 0.3753351 Test Loss: 0.4277012
EarlyStopping counter: 14 out of 15
Updating learning rate to 0.00014073748835532812
Epoch: 20 cost time: 1.7427668571472168
Epoch: 20, Steps: 32 | Train Loss: 0.5281622 Vali Loss: 0.3749127 Test Loss: 0.4270988
EarlyStopping counter: 15 out of 15
Early stopping
>>>>>>>testing : ETTh2_96_336_CycleNet_ETTh2_ftM_sl96_pl336_cycle24_mlp_seed2024<<<<<<<<<<<<<<<<<<<<<<<<<<<<<<<<<
test 2545
mse:0.4254457950592041, mae:0.4355625808238983
