Args in experiment:
Namespace(random_seed=2024, is_training=1, model_id='ETTh2_96_96', model='CycleNet', data='ETTh2', root_path='./dataset/ETT-small/', data_path='ETTh2.csv', features='M', target='OT', freq='h', checkpoints='./checkpoints/', seq_len=96, label_len=0, pred_len=96, cycle=24, model_type='mlp', use_revin=1, mrt_layers=0, freq_layers=1, fc_dropout=0.05, head_dropout=0.0, patch_len=16, stride=8, padding_patch='end', revin=0, affine=0, subtract_last=0, decomposition=0, kernel_size=25, individual=0, rnn_type='gru', dec_way='pmf', seg_len=48, channel_id=1, period_len=24, embed_type=0, enc_in=7, dec_in=7, c_out=7, d_model=512, n_heads=8, e_layers=2, d_layers=1, d_ff=2048, moving_avg=25, factor=1, distil=True, dropout=0, embed='timeF', activation='gelu', output_attention=False, do_predict=False, num_workers=10, itr=1, train_epochs=30, batch_size=256, patience=15, learning_rate=0.005, des='test', loss='mse', lradj='type3', pct_start=0.3, use_amp=False, use_gpu=True, gpu=0, use_multi_gpu=False, devices='0,1', test_flop=False)
Use GPU: cuda:0
>>>>>>>start training : ETTh2_96_96_CycleNet_ETTh2_ftM_sl96_pl96_cycle24_mlp_freq1_seed2024>>>>>>>>>>>>>>>>>>>>>>>>>>
train 8449
val 2785
test 2785
Epoch: 1 cost time: 3.403790235519409
Epoch: 1, Steps: 33 | Train Loss: 0.4920256 Vali Loss: 0.2396789 Test Loss: 0.3203703
Validation loss decreased (inf --> 0.239679).  Saving model ...
Updating learning rate to 0.005
Epoch: 2 cost time: 1.1670153141021729
Epoch: 2, Steps: 33 | Train Loss: 0.4585522 Vali Loss: 0.2268329 Test Loss: 0.2947223
Validation loss decreased (0.239679 --> 0.226833).  Saving model ...
Updating learning rate to 0.005
Epoch: 3 cost time: 1.1243767738342285
Epoch: 3, Steps: 33 | Train Loss: 0.4005998 Vali Loss: 0.2140356 Test Loss: 0.2933719
Validation loss decreased (0.226833 --> 0.214036).  Saving model ...
Updating learning rate to 0.005
Epoch: 4 cost time: 1.1583080291748047
Epoch: 4, Steps: 33 | Train Loss: 0.3817960 Vali Loss: 0.2137743 Test Loss: 0.3035940
Validation loss decreased (0.214036 --> 0.213774).  Saving model ...
Updating learning rate to 0.004
Epoch: 5 cost time: 1.1261711120605469
Epoch: 5, Steps: 33 | Train Loss: 0.3750614 Vali Loss: 0.2145083 Test Loss: 0.2931550
EarlyStopping counter: 1 out of 15
Updating learning rate to 0.0032000000000000006
Epoch: 6 cost time: 1.161322832107544
Epoch: 6, Steps: 33 | Train Loss: 0.3637490 Vali Loss: 0.2152476 Test Loss: 0.3022256
EarlyStopping counter: 2 out of 15
Updating learning rate to 0.0025600000000000006
Epoch: 7 cost time: 1.1860871315002441
Epoch: 7, Steps: 33 | Train Loss: 0.3563472 Vali Loss: 0.2134430 Test Loss: 0.2983956
Validation loss decreased (0.213774 --> 0.213443).  Saving model ...
Updating learning rate to 0.0020480000000000003
Epoch: 8 cost time: 1.241697072982788
Epoch: 8, Steps: 33 | Train Loss: 0.3526807 Vali Loss: 0.2190579 Test Loss: 0.2997633
EarlyStopping counter: 1 out of 15
Updating learning rate to 0.0016384000000000004
Epoch: 9 cost time: 1.0546467304229736
Epoch: 9, Steps: 33 | Train Loss: 0.3433450 Vali Loss: 0.2169012 Test Loss: 0.3032606
EarlyStopping counter: 2 out of 15
Updating learning rate to 0.0013107200000000005
Epoch: 10 cost time: 1.1227445602416992
Epoch: 10, Steps: 33 | Train Loss: 0.3391197 Vali Loss: 0.2209384 Test Loss: 0.2980309
EarlyStopping counter: 3 out of 15
Updating learning rate to 0.0010485760000000005
Epoch: 11 cost time: 0.9949924945831299
Epoch: 11, Steps: 33 | Train Loss: 0.3350514 Vali Loss: 0.2168888 Test Loss: 0.2986441
EarlyStopping counter: 4 out of 15
Updating learning rate to 0.0008388608000000005
Epoch: 12 cost time: 1.0627963542938232
Epoch: 12, Steps: 33 | Train Loss: 0.3307941 Vali Loss: 0.2180746 Test Loss: 0.3017230
EarlyStopping counter: 5 out of 15
Updating learning rate to 0.0006710886400000003
Epoch: 13 cost time: 1.006791353225708
Epoch: 13, Steps: 33 | Train Loss: 0.3283515 Vali Loss: 0.2179208 Test Loss: 0.2995766
EarlyStopping counter: 6 out of 15
Updating learning rate to 0.0005368709120000003
Epoch: 14 cost time: 1.034311294555664
Epoch: 14, Steps: 33 | Train Loss: 0.3259522 Vali Loss: 0.2188738 Test Loss: 0.3008431
EarlyStopping counter: 7 out of 15
Updating learning rate to 0.0004294967296000003
Epoch: 15 cost time: 1.0542161464691162
Epoch: 15, Steps: 33 | Train Loss: 0.3241104 Vali Loss: 0.2175339 Test Loss: 0.3025263
EarlyStopping counter: 8 out of 15
Updating learning rate to 0.0003435973836800002
Epoch: 16 cost time: 1.147022008895874
Epoch: 16, Steps: 33 | Train Loss: 0.3221849 Vali Loss: 0.2182864 Test Loss: 0.3005489
EarlyStopping counter: 9 out of 15
Updating learning rate to 0.0002748779069440002
Epoch: 17 cost time: 1.0836927890777588
Epoch: 17, Steps: 33 | Train Loss: 0.3209439 Vali Loss: 0.2191821 Test Loss: 0.3006246
EarlyStopping counter: 10 out of 15
Updating learning rate to 0.00021990232555520019
Epoch: 18 cost time: 1.027118444442749
Epoch: 18, Steps: 33 | Train Loss: 0.3200666 Vali Loss: 0.2190923 Test Loss: 0.2998321
EarlyStopping counter: 11 out of 15
Updating learning rate to 0.00017592186044416015
Epoch: 19 cost time: 0.9054598808288574
Epoch: 19, Steps: 33 | Train Loss: 0.3192101 Vali Loss: 0.2185783 Test Loss: 0.3002597
EarlyStopping counter: 12 out of 15
Updating learning rate to 0.00014073748835532812
Epoch: 20 cost time: 1.0474133491516113
Epoch: 20, Steps: 33 | Train Loss: 0.3182514 Vali Loss: 0.2198904 Test Loss: 0.3015449
EarlyStopping counter: 13 out of 15
Updating learning rate to 0.00011258999068426252
Epoch: 21 cost time: 1.1514339447021484
Epoch: 21, Steps: 33 | Train Loss: 0.3173809 Vali Loss: 0.2198111 Test Loss: 0.3009207
EarlyStopping counter: 14 out of 15
Updating learning rate to 9.007199254741001e-05
Epoch: 22 cost time: 1.1590642929077148
Epoch: 22, Steps: 33 | Train Loss: 0.3171585 Vali Loss: 0.2177307 Test Loss: 0.3007635
EarlyStopping counter: 15 out of 15
Early stopping
>>>>>>>testing : ETTh2_96_96_CycleNet_ETTh2_ftM_sl96_pl96_cycle24_mlp_freq1_seed2024<<<<<<<<<<<<<<<<<<<<<<<<<<<<<<<<<
test 2785
mse:0.2968531548976898, mae:0.3429335057735443
