Args in experiment:
Namespace(random_seed=2024, is_training=1, model_id='etth2_96_96', model='CycleNet', data='ETTh2', root_path='./dataset/ETT-small/', data_path='ETTh2.csv', features='M', target='OT', freq='h', checkpoints='./checkpoints/', seq_len=96, label_len=0, pred_len=96, cycle=24, cycle_mode='lookup', cycle_rank=4, model_type='mlp', use_revin=1, mrt_layers=1, freq_layers=0, freq_v2_layers=0, freq_v3_layers=0, freq_v4_layers=0, sgf_layers=0, sgf_prior_path='', freq_loss_alpha=0.8, fusion_mode='serial', fusion_order='mrt_freq', fusion_gate=0, fc_dropout=0.05, head_dropout=0.0, patch_len=16, stride=8, padding_patch='end', revin=0, affine=0, subtract_last=0, decomposition=0, kernel_size=25, individual=0, rnn_type='gru', dec_way='pmf', seg_len=48, channel_id=1, period_len=24, embed_type=0, enc_in=7, dec_in=7, c_out=7, d_model=512, n_heads=8, e_layers=2, d_layers=1, d_ff=2048, moving_avg=25, factor=1, distil=True, dropout=0, embed='timeF', activation='gelu', output_attention=False, do_predict=False, num_workers=10, itr=1, train_epochs=30, batch_size=256, patience=15, learning_rate=0.005, des='test', loss='mse', lradj='type3', pct_start=0.3, use_amp=False, use_gpu=True, gpu=0, use_multi_gpu=False, devices='0,1', test_flop=False)
Use GPU: cuda:0
>>>>>>>start training : etth2_96_96_CycleNet_ETTh2_ftM_sl96_pl96_cycle24_mlp_mrt1_fredf08_seed2024>>>>>>>>>>>>>>>>>>>>>>>>>>
train 8449
val 2785
test 2785
Epoch: 1 cost time: 3.2688043117523193
Epoch: 1, Steps: 33 | Train Loss: 0.9711952 Vali Loss: 0.2447667 Test Loss: 0.3233272
Validation loss decreased (inf --> 0.244767).  Saving model ...
Updating learning rate to 0.005
Epoch: 2 cost time: 2.2862799167633057
Epoch: 2, Steps: 33 | Train Loss: 0.8965445 Vali Loss: 0.2204144 Test Loss: 0.3045629
Validation loss decreased (0.244767 --> 0.220414).  Saving model ...
Updating learning rate to 0.005
Epoch: 3 cost time: 2.590707302093506
Epoch: 3, Steps: 33 | Train Loss: 0.8357511 Vali Loss: 0.2103926 Test Loss: 0.2868071
Validation loss decreased (0.220414 --> 0.210393).  Saving model ...
Updating learning rate to 0.005
Epoch: 4 cost time: 2.0212292671203613
Epoch: 4, Steps: 33 | Train Loss: 0.8172083 Vali Loss: 0.2134881 Test Loss: 0.2860708
EarlyStopping counter: 1 out of 15
Updating learning rate to 0.004
Epoch: 5 cost time: 1.779223918914795
Epoch: 5, Steps: 33 | Train Loss: 0.8025814 Vali Loss: 0.2088031 Test Loss: 0.2942621
Validation loss decreased (0.210393 --> 0.208803).  Saving model ...
Updating learning rate to 0.0032000000000000006
Epoch: 6 cost time: 2.691411256790161
Epoch: 6, Steps: 33 | Train Loss: 0.7897155 Vali Loss: 0.2112053 Test Loss: 0.2902010
EarlyStopping counter: 1 out of 15
Updating learning rate to 0.0025600000000000006
Epoch: 7 cost time: 2.8462421894073486
Epoch: 7, Steps: 33 | Train Loss: 0.7823273 Vali Loss: 0.2101409 Test Loss: 0.2923224
EarlyStopping counter: 2 out of 15
Updating learning rate to 0.0020480000000000003
Epoch: 8 cost time: 2.9188954830169678
Epoch: 8, Steps: 33 | Train Loss: 0.7765033 Vali Loss: 0.2098713 Test Loss: 0.2961212
EarlyStopping counter: 3 out of 15
Updating learning rate to 0.0016384000000000004
Epoch: 9 cost time: 2.251735210418701
Epoch: 9, Steps: 33 | Train Loss: 0.7691427 Vali Loss: 0.2108027 Test Loss: 0.2921663
EarlyStopping counter: 4 out of 15
Updating learning rate to 0.0013107200000000005
Epoch: 10 cost time: 2.520500898361206
Epoch: 10, Steps: 33 | Train Loss: 0.7633709 Vali Loss: 0.2116783 Test Loss: 0.2925976
EarlyStopping counter: 5 out of 15
Updating learning rate to 0.0010485760000000005
Epoch: 11 cost time: 2.065525531768799
Epoch: 11, Steps: 33 | Train Loss: 0.7589559 Vali Loss: 0.2107377 Test Loss: 0.2937505
EarlyStopping counter: 6 out of 15
Updating learning rate to 0.0008388608000000005
Epoch: 12 cost time: 3.056143045425415
Epoch: 12, Steps: 33 | Train Loss: 0.7560757 Vali Loss: 0.2096138 Test Loss: 0.2950447
EarlyStopping counter: 7 out of 15
Updating learning rate to 0.0006710886400000003
Epoch: 13 cost time: 2.8404176235198975
Epoch: 13, Steps: 33 | Train Loss: 0.7525380 Vali Loss: 0.2120962 Test Loss: 0.2929128
EarlyStopping counter: 8 out of 15
Updating learning rate to 0.0005368709120000003
Epoch: 14 cost time: 2.3530988693237305
Epoch: 14, Steps: 33 | Train Loss: 0.7502098 Vali Loss: 0.2109292 Test Loss: 0.2914990
EarlyStopping counter: 9 out of 15
Updating learning rate to 0.0004294967296000003
Epoch: 15 cost time: 2.473665714263916
Epoch: 15, Steps: 33 | Train Loss: 0.7489357 Vali Loss: 0.2137822 Test Loss: 0.2934278
EarlyStopping counter: 10 out of 15
Updating learning rate to 0.0003435973836800002
Epoch: 16 cost time: 2.138986110687256
Epoch: 16, Steps: 33 | Train Loss: 0.7468841 Vali Loss: 0.2133923 Test Loss: 0.2918391
EarlyStopping counter: 11 out of 15
Updating learning rate to 0.0002748779069440002
Epoch: 17 cost time: 2.4481704235076904
Epoch: 17, Steps: 33 | Train Loss: 0.7450711 Vali Loss: 0.2135475 Test Loss: 0.2938831
EarlyStopping counter: 12 out of 15
Updating learning rate to 0.00021990232555520019
Epoch: 18 cost time: 2.3661913871765137
Epoch: 18, Steps: 33 | Train Loss: 0.7434811 Vali Loss: 0.2140465 Test Loss: 0.2931447
EarlyStopping counter: 13 out of 15
Updating learning rate to 0.00017592186044416015
Epoch: 19 cost time: 2.98514723777771
Epoch: 19, Steps: 33 | Train Loss: 0.7428939 Vali Loss: 0.2130480 Test Loss: 0.2935527
EarlyStopping counter: 14 out of 15
Updating learning rate to 0.00014073748835532812
Epoch: 20 cost time: 3.0964908599853516
Epoch: 20, Steps: 33 | Train Loss: 0.7418774 Vali Loss: 0.2146347 Test Loss: 0.2934856
EarlyStopping counter: 15 out of 15
Early stopping
>>>>>>>testing : etth2_96_96_CycleNet_ETTh2_ftM_sl96_pl96_cycle24_mlp_mrt1_fredf08_seed2024<<<<<<<<<<<<<<<<<<<<<<<<<<<<<<<<<
test 2785
mse:0.29255181550979614, mae:0.3411552906036377, smape:52.40629315376282
