Device: cuda:0
Dataset: etth2 | Pred len: 336 | Seed: 2024
Stage3 FreDF: True

============================================================
STAGE 1: Train MRT only (freq_layers=0)
============================================================
train 8209
val 2545
test 2545
Epoch: 1, Steps: 32 | Train: 0.6952788 Vali: 0.3849607 Test: 0.4405220
Validation loss decreased (inf --> 0.384961).  Saving model ...
Updating learning rate to 0.005
Epoch: 2, Steps: 32 | Train: 0.6709726 Vali: 0.3661919 Test: 0.4213604
Validation loss decreased (0.384961 --> 0.366192).  Saving model ...
Updating learning rate to 0.005
Epoch: 3, Steps: 32 | Train: 0.6275594 Vali: 0.3713531 Test: 0.4524003
EarlyStopping counter: 1 out of 15
Updating learning rate to 0.005
Epoch: 4, Steps: 32 | Train: 0.6140223 Vali: 0.3637925 Test: 0.4373613
Validation loss decreased (0.366192 --> 0.363792).  Saving model ...
Updating learning rate to 0.004
Epoch: 5, Steps: 32 | Train: 0.6027927 Vali: 0.3688704 Test: 0.4464427
EarlyStopping counter: 1 out of 15
Updating learning rate to 0.0032000000000000006
Epoch: 6, Steps: 32 | Train: 0.5929687 Vali: 0.3683364 Test: 0.4318909
EarlyStopping counter: 2 out of 15
Updating learning rate to 0.0025600000000000006
Epoch: 7, Steps: 32 | Train: 0.5805938 Vali: 0.3651299 Test: 0.4249776
EarlyStopping counter: 3 out of 15
Updating learning rate to 0.0020480000000000003
Epoch: 8, Steps: 32 | Train: 0.5732535 Vali: 0.3638417 Test: 0.4285627
EarlyStopping counter: 4 out of 15
Updating learning rate to 0.0016384000000000004
Epoch: 9, Steps: 32 | Train: 0.5683565 Vali: 0.3712638 Test: 0.4291706
EarlyStopping counter: 5 out of 15
Updating learning rate to 0.0013107200000000005
Epoch: 10, Steps: 32 | Train: 0.5633740 Vali: 0.3674942 Test: 0.4347572
EarlyStopping counter: 6 out of 15
Updating learning rate to 0.0010485760000000005
Epoch: 11, Steps: 32 | Train: 0.5589969 Vali: 0.3675207 Test: 0.4285766
EarlyStopping counter: 7 out of 15
Updating learning rate to 0.0008388608000000005
Epoch: 12, Steps: 32 | Train: 0.5538571 Vali: 0.3677618 Test: 0.4315673
EarlyStopping counter: 8 out of 15
Updating learning rate to 0.0006710886400000003
Epoch: 13, Steps: 32 | Train: 0.5515031 Vali: 0.3654238 Test: 0.4308614
EarlyStopping counter: 9 out of 15
Updating learning rate to 0.0005368709120000003
Epoch: 14, Steps: 32 | Train: 0.5491038 Vali: 0.3712821 Test: 0.4276415
EarlyStopping counter: 10 out of 15
Updating learning rate to 0.0004294967296000003
Epoch: 15, Steps: 32 | Train: 0.5469099 Vali: 0.3696182 Test: 0.4341680
EarlyStopping counter: 11 out of 15
Updating learning rate to 0.0003435973836800002
Epoch: 16, Steps: 32 | Train: 0.5444197 Vali: 0.3693812 Test: 0.4289597
EarlyStopping counter: 12 out of 15
Updating learning rate to 0.0002748779069440002
Epoch: 17, Steps: 32 | Train: 0.5427173 Vali: 0.3654443 Test: 0.4322495
EarlyStopping counter: 13 out of 15
Updating learning rate to 0.00021990232555520019
Epoch: 18, Steps: 32 | Train: 0.5417574 Vali: 0.3654220 Test: 0.4303906
EarlyStopping counter: 14 out of 15
Updating learning rate to 0.00017592186044416015
Epoch: 19, Steps: 32 | Train: 0.5406602 Vali: 0.3654404 Test: 0.4304560
EarlyStopping counter: 15 out of 15
Early stopping at epoch 19
STAGE 1 RESULT: mse=0.4354, mae=0.4451, smape=63.8499

============================================================
STAGE 2: Load MRT + add Freq branch (frozen backbone/MRT/cycle)
============================================================
train 8209
val 2545
test 2545
Loaded 10 params from stage1, 0 new (Freq branch)
Trainable: 344 / 222,629 (0.2%)
Epoch: 1, Train: 0.6030596 Vali: 0.3653572
Validation loss decreased (inf --> 0.365357).  Saving model ...
Epoch: 2, Train: 0.6036293 Vali: 0.3629262
Validation loss decreased (0.365357 --> 0.362926).  Saving model ...
Epoch: 3, Train: 0.6035331 Vali: 0.3644075
EarlyStopping counter: 1 out of 3
STAGE 2 complete.

============================================================
STAGE 3: Unfreeze all, joint fine-tune (LR=0.0015 + FreDF(α=0.8))
============================================================
train 8209
val 2545
test 2545
Loaded stage2 checkpoint, unfreezing all parameters.
Epoch: 1, Steps: 32 | Train: 1.4778743 Vali: 0.3642188 Test: 0.4273929
Validation loss decreased (inf --> 0.364219).  Saving model ...
Updating learning rate to 0.0015
Epoch: 2, Steps: 32 | Train: 1.4711311 Vali: 0.3590570 Test: 0.4109285
Validation loss decreased (0.364219 --> 0.359057).  Saving model ...
Updating learning rate to 0.0015
Epoch: 3, Steps: 32 | Train: 1.4535209 Vali: 0.3598447 Test: 0.4179170
EarlyStopping counter: 1 out of 15
Updating learning rate to 0.0015
Epoch: 4, Steps: 32 | Train: 1.4457350 Vali: 0.3549221 Test: 0.4145861
Validation loss decreased (0.359057 --> 0.354922).  Saving model ...
Updating learning rate to 0.0012000000000000001
Epoch: 5, Steps: 32 | Train: 1.4381228 Vali: 0.3565437 Test: 0.4171834
EarlyStopping counter: 1 out of 15
Updating learning rate to 0.0009600000000000002
Epoch: 6, Steps: 32 | Train: 1.4336040 Vali: 0.3558931 Test: 0.4193117
EarlyStopping counter: 2 out of 15
Updating learning rate to 0.0007680000000000002
Epoch: 7, Steps: 32 | Train: 1.4274336 Vali: 0.3558941 Test: 0.4178163
EarlyStopping counter: 3 out of 15
Updating learning rate to 0.0006144000000000001
Epoch: 8, Steps: 32 | Train: 1.4233226 Vali: 0.3583470 Test: 0.4175549
EarlyStopping counter: 4 out of 15
Updating learning rate to 0.0004915200000000002
Epoch: 9, Steps: 32 | Train: 1.4195541 Vali: 0.3607150 Test: 0.4184501
EarlyStopping counter: 5 out of 15
Updating learning rate to 0.00039321600000000016
Epoch: 10, Steps: 32 | Train: 1.4183868 Vali: 0.3580408 Test: 0.4242992
EarlyStopping counter: 6 out of 15
Updating learning rate to 0.0003145728000000001
Epoch: 11, Steps: 32 | Train: 1.4161060 Vali: 0.3585762 Test: 0.4167638
EarlyStopping counter: 7 out of 15
Updating learning rate to 0.00025165824000000016
Epoch: 12, Steps: 32 | Train: 1.4142757 Vali: 0.3551403 Test: 0.4188615
EarlyStopping counter: 8 out of 15
Updating learning rate to 0.0002013265920000001
Epoch: 13, Steps: 32 | Train: 1.4129707 Vali: 0.3579311 Test: 0.4198231
EarlyStopping counter: 9 out of 15
Updating learning rate to 0.0001610612736000001
Epoch: 14, Steps: 32 | Train: 1.4117932 Vali: 0.3583519 Test: 0.4187829
EarlyStopping counter: 10 out of 15
Updating learning rate to 0.00012884901888000007
Epoch: 15, Steps: 32 | Train: 1.4094533 Vali: 0.3594081 Test: 0.4197675
EarlyStopping counter: 11 out of 15
Updating learning rate to 0.00010307921510400006
Epoch: 16, Steps: 32 | Train: 1.4101395 Vali: 0.3606171 Test: 0.4187882
EarlyStopping counter: 12 out of 15
Updating learning rate to 8.246337208320005e-05
Epoch: 17, Steps: 32 | Train: 1.4080428 Vali: 0.3606444 Test: 0.4189831
EarlyStopping counter: 13 out of 15
Updating learning rate to 6.597069766656006e-05
Epoch: 18, Steps: 32 | Train: 1.4093414 Vali: 0.3595353 Test: 0.4195295
EarlyStopping counter: 14 out of 15
Updating learning rate to 5.2776558133248044e-05
Epoch: 19, Steps: 32 | Train: 1.4083672 Vali: 0.3585428 Test: 0.4190400
EarlyStopping counter: 15 out of 15
Early stopping at epoch 19

============================================================
FINAL RESULT: mse=0.4122, mae=0.4265, smape=62.3450
============================================================
