Args in experiment:
Namespace(random_seed=2024, is_training=1, model_id='ETTh2_96_192', model='CycleNet', data='ETTh2', root_path='./dataset/ETT-small/', data_path='ETTh2.csv', features='M', target='OT', freq='h', checkpoints='./checkpoints/', seq_len=96, label_len=0, pred_len=192, cycle=24, model_type='mlp', use_revin=1, mrt_layers=0, freq_layers=0, freq_v2_layers=0, freq_v3_layers=0, freq_v4_layers=0, sgf_layers=1, sgf_prior_path='./stability_priors/stability_ETTh2_cycle24_L96.npy', freq_loss_alpha=1.0, fc_dropout=0.05, head_dropout=0.0, patch_len=16, stride=8, padding_patch='end', revin=0, affine=0, subtract_last=0, decomposition=0, kernel_size=25, individual=0, rnn_type='gru', dec_way='pmf', seg_len=48, channel_id=1, period_len=24, embed_type=0, enc_in=7, dec_in=7, c_out=7, d_model=512, n_heads=8, e_layers=2, d_layers=1, d_ff=2048, moving_avg=25, factor=1, distil=True, dropout=0, embed='timeF', activation='gelu', output_attention=False, do_predict=False, num_workers=10, itr=1, train_epochs=30, batch_size=256, patience=15, learning_rate=0.005, des='test', loss='mse', lradj='type3', pct_start=0.3, use_amp=False, use_gpu=True, gpu=0, use_multi_gpu=False, devices='0,1', test_flop=False)
Loaded SGF prior from ./stability_priors/stability_ETTh2_cycle24_L96.npy, shape=(49,)
Use GPU: cuda:0
>>>>>>>start training : ETTh2_96_192_CycleNet_ETTh2_ftM_sl96_pl192_cycle24_mlp_sgf1_seed2024>>>>>>>>>>>>>>>>>>>>>>>>>>
train 8353
val 2689
test 2689
Epoch: 1 cost time: 3.2664520740509033
Epoch: 1, Steps: 32 | Train Loss: 0.5950792 Vali Loss: 0.2988667 Test Loss: 0.4209736
Validation loss decreased (inf --> 0.298867).  Saving model ...
Updating learning rate to 0.005
Epoch: 2 cost time: 1.3383922576904297
Epoch: 2, Steps: 32 | Train Loss: 0.5548928 Vali Loss: 0.2792263 Test Loss: 0.3953430
Validation loss decreased (0.298867 --> 0.279226).  Saving model ...
Updating learning rate to 0.005
Epoch: 3 cost time: 2.2904133796691895
Epoch: 3, Steps: 32 | Train Loss: 0.5252360 Vali Loss: 0.2852680 Test Loss: 0.4032389
EarlyStopping counter: 1 out of 15
Updating learning rate to 0.005
Epoch: 4 cost time: 2.3299238681793213
Epoch: 4, Steps: 32 | Train Loss: 0.5078047 Vali Loss: 0.2811455 Test Loss: 0.3781542
EarlyStopping counter: 2 out of 15
Updating learning rate to 0.004
Epoch: 5 cost time: 2.148977518081665
Epoch: 5, Steps: 32 | Train Loss: 0.5000238 Vali Loss: 0.2753802 Test Loss: 0.3864572
Validation loss decreased (0.279226 --> 0.275380).  Saving model ...
Updating learning rate to 0.0032000000000000006
Epoch: 6 cost time: 1.7158927917480469
Epoch: 6, Steps: 32 | Train Loss: 0.4873133 Vali Loss: 0.2766730 Test Loss: 0.3847274
EarlyStopping counter: 1 out of 15
Updating learning rate to 0.0025600000000000006
Epoch: 7 cost time: 2.0394418239593506
Epoch: 7, Steps: 32 | Train Loss: 0.4793690 Vali Loss: 0.2779360 Test Loss: 0.3820682
EarlyStopping counter: 2 out of 15
Updating learning rate to 0.0020480000000000003
Epoch: 8 cost time: 2.213057279586792
Epoch: 8, Steps: 32 | Train Loss: 0.4762448 Vali Loss: 0.2788207 Test Loss: 0.3815700
EarlyStopping counter: 3 out of 15
Updating learning rate to 0.0016384000000000004
Epoch: 9 cost time: 2.3055124282836914
Epoch: 9, Steps: 32 | Train Loss: 0.4701185 Vali Loss: 0.2807783 Test Loss: 0.3804596
EarlyStopping counter: 4 out of 15
Updating learning rate to 0.0013107200000000005
Epoch: 10 cost time: 1.616962194442749
Epoch: 10, Steps: 32 | Train Loss: 0.4622782 Vali Loss: 0.2796914 Test Loss: 0.3795005
EarlyStopping counter: 5 out of 15
Updating learning rate to 0.0010485760000000005
Epoch: 11 cost time: 1.9122111797332764
Epoch: 11, Steps: 32 | Train Loss: 0.4589660 Vali Loss: 0.2794200 Test Loss: 0.3852234
EarlyStopping counter: 6 out of 15
Updating learning rate to 0.0008388608000000005
Epoch: 12 cost time: 2.432715654373169
Epoch: 12, Steps: 32 | Train Loss: 0.4530795 Vali Loss: 0.2817149 Test Loss: 0.3815764
EarlyStopping counter: 7 out of 15
Updating learning rate to 0.0006710886400000003
Epoch: 13 cost time: 2.005397081375122
Epoch: 13, Steps: 32 | Train Loss: 0.4492023 Vali Loss: 0.2834631 Test Loss: 0.3820302
EarlyStopping counter: 8 out of 15
Updating learning rate to 0.0005368709120000003
Epoch: 14 cost time: 1.9063279628753662
Epoch: 14, Steps: 32 | Train Loss: 0.4487112 Vali Loss: 0.2811074 Test Loss: 0.3810844
EarlyStopping counter: 9 out of 15
Updating learning rate to 0.0004294967296000003
Epoch: 15 cost time: 1.6737730503082275
Epoch: 15, Steps: 32 | Train Loss: 0.4438262 Vali Loss: 0.2826230 Test Loss: 0.3828612
EarlyStopping counter: 10 out of 15
Updating learning rate to 0.0003435973836800002
Epoch: 16 cost time: 1.975351333618164
Epoch: 16, Steps: 32 | Train Loss: 0.4422723 Vali Loss: 0.2830827 Test Loss: 0.3824785
EarlyStopping counter: 11 out of 15
Updating learning rate to 0.0002748779069440002
Epoch: 17 cost time: 2.4848310947418213
Epoch: 17, Steps: 32 | Train Loss: 0.4411087 Vali Loss: 0.2795463 Test Loss: 0.3829443
EarlyStopping counter: 12 out of 15
Updating learning rate to 0.00021990232555520019
Epoch: 18 cost time: 2.237186908721924
Epoch: 18, Steps: 32 | Train Loss: 0.4405517 Vali Loss: 0.2821486 Test Loss: 0.3819675
EarlyStopping counter: 13 out of 15
Updating learning rate to 0.00017592186044416015
Epoch: 19 cost time: 2.3865697383880615
Epoch: 19, Steps: 32 | Train Loss: 0.4410449 Vali Loss: 0.2822690 Test Loss: 0.3835530
EarlyStopping counter: 14 out of 15
Updating learning rate to 0.00014073748835532812
Epoch: 20 cost time: 2.1235287189483643
Epoch: 20, Steps: 32 | Train Loss: 0.4385214 Vali Loss: 0.2829306 Test Loss: 0.3820894
EarlyStopping counter: 15 out of 15
Early stopping
>>>>>>>testing : ETTh2_96_192_CycleNet_ETTh2_ftM_sl96_pl192_cycle24_mlp_sgf1_seed2024<<<<<<<<<<<<<<<<<<<<<<<<<<<<<<<<<
test 2689
mse:0.3739393949508667, mae:0.39891546964645386
