Args in experiment:
Namespace(random_seed=2024, is_training=1, model_id='ETTh2_96_96', model='CycleNet', data='ETTh2', root_path='./dataset/ETT-small/', data_path='ETTh2.csv', features='M', target='OT', freq='h', checkpoints='./checkpoints/', seq_len=96, label_len=0, pred_len=96, cycle=24, model_type='mlp', use_revin=1, mrt_layers=0, freq_layers=0, freq_v2_layers=1, fc_dropout=0.05, head_dropout=0.0, patch_len=16, stride=8, padding_patch='end', revin=0, affine=0, subtract_last=0, decomposition=0, kernel_size=25, individual=0, rnn_type='gru', dec_way='pmf', seg_len=48, channel_id=1, period_len=24, embed_type=0, enc_in=7, dec_in=7, c_out=7, d_model=512, n_heads=8, e_layers=2, d_layers=1, d_ff=2048, moving_avg=25, factor=1, distil=True, dropout=0, embed='timeF', activation='gelu', output_attention=False, do_predict=False, num_workers=10, itr=1, train_epochs=30, batch_size=256, patience=15, learning_rate=0.005, des='test', loss='mse', lradj='type3', pct_start=0.3, use_amp=False, use_gpu=True, gpu=0, use_multi_gpu=False, devices='0,1', test_flop=False)
Use GPU: cuda:0
>>>>>>>start training : ETTh2_96_96_CycleNet_ETTh2_ftM_sl96_pl96_cycle24_mlp_freqv21_seed2024>>>>>>>>>>>>>>>>>>>>>>>>>>
train 8449
val 2785
test 2785
Epoch: 1 cost time: 3.2331347465515137
Epoch: 1, Steps: 33 | Train Loss: 0.4920256 Vali Loss: 0.2396789 Test Loss: 0.3203702
Validation loss decreased (inf --> 0.239679).  Saving model ...
Updating learning rate to 0.005
Epoch: 2 cost time: 1.1244301795959473
Epoch: 2, Steps: 33 | Train Loss: 0.4585463 Vali Loss: 0.2268702 Test Loss: 0.2947066
Validation loss decreased (0.239679 --> 0.226870).  Saving model ...
Updating learning rate to 0.005
Epoch: 3 cost time: 1.217294692993164
Epoch: 3, Steps: 33 | Train Loss: 0.3997730 Vali Loss: 0.2139078 Test Loss: 0.2932819
Validation loss decreased (0.226870 --> 0.213908).  Saving model ...
Updating learning rate to 0.005
Epoch: 4 cost time: 1.2373123168945312
Epoch: 4, Steps: 33 | Train Loss: 0.3789623 Vali Loss: 0.2137289 Test Loss: 0.3033547
Validation loss decreased (0.213908 --> 0.213729).  Saving model ...
Updating learning rate to 0.004
Epoch: 5 cost time: 1.2455458641052246
Epoch: 5, Steps: 33 | Train Loss: 0.3699807 Vali Loss: 0.2137685 Test Loss: 0.2934611
EarlyStopping counter: 1 out of 15
Updating learning rate to 0.0032000000000000006
Epoch: 6 cost time: 1.25588059425354
Epoch: 6, Steps: 33 | Train Loss: 0.3576310 Vali Loss: 0.2159172 Test Loss: 0.3011851
EarlyStopping counter: 2 out of 15
Updating learning rate to 0.0025600000000000006
Epoch: 7 cost time: 1.3252182006835938
Epoch: 7, Steps: 33 | Train Loss: 0.3500838 Vali Loss: 0.2147581 Test Loss: 0.2977422
EarlyStopping counter: 3 out of 15
Updating learning rate to 0.0020480000000000003
Epoch: 8 cost time: 1.1700358390808105
Epoch: 8, Steps: 33 | Train Loss: 0.3450130 Vali Loss: 0.2198526 Test Loss: 0.2993286
EarlyStopping counter: 4 out of 15
Updating learning rate to 0.0016384000000000004
Epoch: 9 cost time: 1.511284589767456
Epoch: 9, Steps: 33 | Train Loss: 0.3367530 Vali Loss: 0.2182548 Test Loss: 0.3038510
EarlyStopping counter: 5 out of 15
Updating learning rate to 0.0013107200000000005
Epoch: 10 cost time: 1.3191909790039062
Epoch: 10, Steps: 33 | Train Loss: 0.3326551 Vali Loss: 0.2225288 Test Loss: 0.2981733
EarlyStopping counter: 6 out of 15
Updating learning rate to 0.0010485760000000005
Epoch: 11 cost time: 1.2330188751220703
Epoch: 11, Steps: 33 | Train Loss: 0.3290445 Vali Loss: 0.2182107 Test Loss: 0.2983584
EarlyStopping counter: 7 out of 15
Updating learning rate to 0.0008388608000000005
Epoch: 12 cost time: 1.3101310729980469
Epoch: 12, Steps: 33 | Train Loss: 0.3248218 Vali Loss: 0.2194387 Test Loss: 0.3003237
EarlyStopping counter: 8 out of 15
Updating learning rate to 0.0006710886400000003
Epoch: 13 cost time: 1.1671180725097656
Epoch: 13, Steps: 33 | Train Loss: 0.3221078 Vali Loss: 0.2193488 Test Loss: 0.2994005
EarlyStopping counter: 9 out of 15
Updating learning rate to 0.0005368709120000003
Epoch: 14 cost time: 1.3454813957214355
Epoch: 14, Steps: 33 | Train Loss: 0.3202129 Vali Loss: 0.2198837 Test Loss: 0.3001458
EarlyStopping counter: 10 out of 15
Updating learning rate to 0.0004294967296000003
Epoch: 15 cost time: 1.3702239990234375
Epoch: 15, Steps: 33 | Train Loss: 0.3184268 Vali Loss: 0.2187167 Test Loss: 0.3014620
EarlyStopping counter: 11 out of 15
Updating learning rate to 0.0003435973836800002
Epoch: 16 cost time: 1.2725310325622559
Epoch: 16, Steps: 33 | Train Loss: 0.3167736 Vali Loss: 0.2195413 Test Loss: 0.2996534
EarlyStopping counter: 12 out of 15
Updating learning rate to 0.0002748779069440002
Epoch: 17 cost time: 1.1229770183563232
Epoch: 17, Steps: 33 | Train Loss: 0.3155397 Vali Loss: 0.2204810 Test Loss: 0.2993801
EarlyStopping counter: 13 out of 15
Updating learning rate to 0.00021990232555520019
Epoch: 18 cost time: 1.1880519390106201
Epoch: 18, Steps: 33 | Train Loss: 0.3146497 Vali Loss: 0.2201089 Test Loss: 0.2988479
EarlyStopping counter: 14 out of 15
Updating learning rate to 0.00017592186044416015
Epoch: 19 cost time: 1.238396167755127
Epoch: 19, Steps: 33 | Train Loss: 0.3139094 Vali Loss: 0.2197937 Test Loss: 0.2993211
EarlyStopping counter: 15 out of 15
Early stopping
>>>>>>>testing : ETTh2_96_96_CycleNet_ETTh2_ftM_sl96_pl96_cycle24_mlp_freqv21_seed2024<<<<<<<<<<<<<<<<<<<<<<<<<<<<<<<<<
test 2785
mse:0.30164816975593567, mae:0.34920498728752136
