============================================================
CONFIGURATION
============================================================
Device     : cuda:0
Dataset    : etth2
Pred len   : 336
Seed       : 2024

--- Data ---
enc_in     : 7
seq_len    : 96
cycle      : 24
use_revin  : 1
batch_size : 256

--- Model ---
model_type : mlp
d_model    : 512
mrt_layers : 1
freq_layers: 0
fusion     : mode=serial, gate=0, sparsity=0.0

--- Training ---
base_lr    : 0.005
Stage1     : epochs=30, patience=15
Stage2     : epochs=3, patience=3, freeze_backbone=1
Stage3 FreDF: False
Stage3a    : epochs=12, patience=6
Stage3b    : epochs=20, patience=10, freq×1.00 model×1.00 mrt×1.00
============================================================

============================================================
STAGE 1: Train MRT only (freq_layers=0)
============================================================
train 8209
val 2545
test 2545
Epoch: 1, Steps: 32 | Train: 0.6952788 Vali: 0.3849607 Test: 0.4405220
Validation loss decreased (inf --> 0.384961).  Saving model ...
Updating learning rate to 0.005
Epoch: 2, Steps: 32 | Train: 0.6709726 Vali: 0.3661919 Test: 0.4213604
Validation loss decreased (0.384961 --> 0.366192).  Saving model ...
Updating learning rate to 0.005
Epoch: 3, Steps: 32 | Train: 0.6275593 Vali: 0.3713518 Test: 0.4523993
EarlyStopping counter: 1 out of 15
Updating learning rate to 0.005
Epoch: 4, Steps: 32 | Train: 0.6140247 Vali: 0.3637827 Test: 0.4373370
Validation loss decreased (0.366192 --> 0.363783).  Saving model ...
Updating learning rate to 0.004
Epoch: 5, Steps: 32 | Train: 0.6027978 Vali: 0.3688898 Test: 0.4465113
EarlyStopping counter: 1 out of 15
Updating learning rate to 0.0032000000000000006
Epoch: 6, Steps: 32 | Train: 0.5929859 Vali: 0.3683846 Test: 0.4317535
EarlyStopping counter: 2 out of 15
Updating learning rate to 0.0025600000000000006
Epoch: 7, Steps: 32 | Train: 0.5806076 Vali: 0.3651152 Test: 0.4249440
EarlyStopping counter: 3 out of 15
Updating learning rate to 0.0020480000000000003
Epoch: 8, Steps: 32 | Train: 0.5731965 Vali: 0.3638212 Test: 0.4284384
EarlyStopping counter: 4 out of 15
Updating learning rate to 0.0016384000000000004
Epoch: 9, Steps: 32 | Train: 0.5683282 Vali: 0.3713761 Test: 0.4291322
EarlyStopping counter: 5 out of 15
Updating learning rate to 0.0013107200000000005
Epoch: 10, Steps: 32 | Train: 0.5633229 Vali: 0.3675043 Test: 0.4345906
EarlyStopping counter: 6 out of 15
Updating learning rate to 0.0010485760000000005
Epoch: 11, Steps: 32 | Train: 0.5589485 Vali: 0.3675914 Test: 0.4284502
EarlyStopping counter: 7 out of 15
Updating learning rate to 0.0008388608000000005
Epoch: 12, Steps: 32 | Train: 0.5538242 Vali: 0.3677693 Test: 0.4314390
EarlyStopping counter: 8 out of 15
Updating learning rate to 0.0006710886400000003
Epoch: 13, Steps: 32 | Train: 0.5514375 Vali: 0.3654144 Test: 0.4307259
EarlyStopping counter: 9 out of 15
Updating learning rate to 0.0005368709120000003
Epoch: 14, Steps: 32 | Train: 0.5490687 Vali: 0.3712789 Test: 0.4276645
EarlyStopping counter: 10 out of 15
Updating learning rate to 0.0004294967296000003
Epoch: 15, Steps: 32 | Train: 0.5468624 Vali: 0.3696160 Test: 0.4341601
EarlyStopping counter: 11 out of 15
Updating learning rate to 0.0003435973836800002
Epoch: 16, Steps: 32 | Train: 0.5443849 Vali: 0.3693910 Test: 0.4289083
EarlyStopping counter: 12 out of 15
Updating learning rate to 0.0002748779069440002
Epoch: 17, Steps: 32 | Train: 0.5426663 Vali: 0.3654638 Test: 0.4322184
EarlyStopping counter: 13 out of 15
Updating learning rate to 0.00021990232555520019
Epoch: 18, Steps: 32 | Train: 0.5417040 Vali: 0.3654219 Test: 0.4303526
EarlyStopping counter: 14 out of 15
Updating learning rate to 0.00017592186044416015
Epoch: 19, Steps: 32 | Train: 0.5406104 Vali: 0.3654236 Test: 0.4304070
EarlyStopping counter: 15 out of 15
Early stopping at epoch 19
STAGE 1 RESULT: mse=0.4353, mae=0.4451, smape=63.8484

============================================================
STAGE 2: Load MRT + add Freq branch (frozen backbone/MRT/cycle, max_epochs=3, patience=3)
============================================================
train 8209
val 2545
test 2545
Loaded 10 params from stage1, 0 new (Freq branch)
Trainable: 344 / 222,629 (0.2%)  freeze_backbone=1
Epoch: 1, Train: 0.6030500 Vali: 0.3653737
[diag s2-1]  freq.rs=-0.0040 mask.mean=0.438 mask.std=0.141  mrt.rs=+0.2799
Validation loss decreased (inf --> 0.365374).  Saving model ...
Epoch: 2, Train: 0.6036285 Vali: 0.3629618
[diag s2-2]  freq.rs=-0.0074 mask.mean=0.438 mask.std=0.141  mrt.rs=+0.2799
Validation loss decreased (0.365374 --> 0.362962).  Saving model ...
Epoch: 3, Train: 0.6035377 Vali: 0.3644662
[diag s2-3]  freq.rs=-0.0109 mask.mean=0.438 mask.std=0.141  mrt.rs=+0.2799
EarlyStopping counter: 1 out of 3
STAGE 2 complete.

============================================================
SKIPPING Stage 3a (--no_stage3a): Stage 2 -> Stage 3b directly
============================================================

============================================================
STAGE 3b: Unfreeze all, group-wise LR (base=0.001500, max_epochs=20, patience=10) (pure MSE)
  LR groups: freq/gate ×1.00, model ×1.00, mrt/cycle ×1.00
============================================================
train 8209
val 2545
test 2545
Loaded stage3a checkpoint, unfreezing all parameters.
  Group freq/gate: 344 params, LR=0.001500
  Group model: 222,032 params, LR=0.001500
  Group mrt/cycle: 253 params, LR=0.001500
Epoch: 1, Steps: 32 | Train: 0.5988363 Vali: 0.3647725 Test: 0.4268793
[diag 3b-1]  freq.rs=-0.0077 mask.mean=0.438 mask.std=0.141  mrt.rs=+0.2792
Validation loss decreased (inf --> 0.364773).  Saving model ...
Updating learning rate to 0.005
Epoch: 2, Steps: 32 | Train: 0.6130326 Vali: 0.3658024 Test: 0.4317102
[diag 3b-2]  freq.rs=-0.0782 mask.mean=0.441 mask.std=0.143  mrt.rs=+0.3156
EarlyStopping counter: 1 out of 10
Updating learning rate to 0.005
Epoch: 3, Steps: 32 | Train: 0.6007083 Vali: 0.3669915 Test: 0.4254373
[diag 3b-3]  freq.rs=-0.1543 mask.mean=0.443 mask.std=0.146  mrt.rs=+0.3657
EarlyStopping counter: 2 out of 10
Updating learning rate to 0.005
Epoch: 4, Steps: 32 | Train: 0.5825802 Vali: 0.3630420 Test: 0.4322616
[diag 3b-4]  freq.rs=-0.2004 mask.mean=0.443 mask.std=0.151  mrt.rs=+0.3796
Validation loss decreased (0.364773 --> 0.363042).  Saving model ...
Updating learning rate to 0.004
Epoch: 5, Steps: 32 | Train: 0.5717296 Vali: 0.3635252 Test: 0.4331428
[diag 3b-5]  freq.rs=-0.2343 mask.mean=0.442 mask.std=0.155  mrt.rs=+0.3919
EarlyStopping counter: 1 out of 10
Updating learning rate to 0.0032000000000000006
Epoch: 6, Steps: 32 | Train: 0.5641044 Vali: 0.3660713 Test: 0.4229285
[diag 3b-6]  freq.rs=-0.2655 mask.mean=0.442 mask.std=0.159  mrt.rs=+0.4099
EarlyStopping counter: 2 out of 10
Updating learning rate to 0.0025600000000000006
Epoch: 7, Steps: 32 | Train: 0.5533052 Vali: 0.3636889 Test: 0.4322125
[diag 3b-7]  freq.rs=-0.2696 mask.mean=0.441 mask.std=0.162  mrt.rs=+0.3991
EarlyStopping counter: 3 out of 10
Updating learning rate to 0.0020480000000000003
Epoch: 8, Steps: 32 | Train: 0.5418736 Vali: 0.3668672 Test: 0.4302912
[diag 3b-8]  freq.rs=-0.2725 mask.mean=0.440 mask.std=0.164  mrt.rs=+0.3945
EarlyStopping counter: 4 out of 10
Updating learning rate to 0.0016384000000000004
Epoch: 9, Steps: 32 | Train: 0.5323796 Vali: 0.3697520 Test: 0.4336904
[diag 3b-9]  freq.rs=-0.2648 mask.mean=0.438 mask.std=0.166  mrt.rs=+0.3868
EarlyStopping counter: 5 out of 10
Updating learning rate to 0.0013107200000000005
Epoch: 10, Steps: 32 | Train: 0.5283312 Vali: 0.3692738 Test: 0.4336000
[diag 3b-10]  freq.rs=-0.2551 mask.mean=0.437 mask.std=0.166  mrt.rs=+0.3834
EarlyStopping counter: 6 out of 10
Updating learning rate to 0.0010485760000000005
Epoch: 11, Steps: 32 | Train: 0.5197144 Vali: 0.3705404 Test: 0.4332793
[diag 3b-11]  freq.rs=-0.2473 mask.mean=0.436 mask.std=0.167  mrt.rs=+0.3816
EarlyStopping counter: 7 out of 10
Updating learning rate to 0.0008388608000000005
Epoch: 12, Steps: 32 | Train: 0.5161458 Vali: 0.3681472 Test: 0.4345029
[diag 3b-12]  freq.rs=-0.2360 mask.mean=0.435 mask.std=0.167  mrt.rs=+0.3746
EarlyStopping counter: 8 out of 10
Updating learning rate to 0.0006710886400000003
Epoch: 13, Steps: 32 | Train: 0.5115403 Vali: 0.3725354 Test: 0.4321231
[diag 3b-13]  freq.rs=-0.2273 mask.mean=0.434 mask.std=0.168  mrt.rs=+0.3731
EarlyStopping counter: 9 out of 10
Updating learning rate to 0.0005368709120000003
Epoch: 14, Steps: 32 | Train: 0.5078420 Vali: 0.3728984 Test: 0.4349398
[diag 3b-14]  freq.rs=-0.2184 mask.mean=0.434 mask.std=0.168  mrt.rs=+0.3702
EarlyStopping counter: 10 out of 10
Early stopping at epoch 14

============================================================
FINAL RESULT (Stage 3b): mse=0.4302, mae=0.4421, smape=63.8150
============================================================
[diag 3b-final]  freq.rs=-0.2004 mask.mean=0.443 mask.std=0.151  mrt.rs=+0.3796
