Args in experiment:
Namespace(random_seed=2024, is_training=1, model_id='etth2_96_192', model='CycleNet', data='ETTh2', root_path='./dataset/ETT-small/', data_path='ETTh2.csv', features='M', target='OT', freq='h', checkpoints='./checkpoints/', seq_len=96, label_len=0, pred_len=192, cycle=24, cycle_mode='lookup', cycle_rank=4, model_type='mlp', use_revin=1, mrt_layers=1, freq_layers=0, freq_v2_layers=0, freq_v3_layers=0, freq_v4_layers=0, sgf_layers=0, sgf_prior_path='', freq_loss_alpha=0.8, fusion_mode='serial', fusion_order='mrt_freq', fusion_gate=0, fc_dropout=0.05, head_dropout=0.0, patch_len=16, stride=8, padding_patch='end', revin=0, affine=0, subtract_last=0, decomposition=0, kernel_size=25, individual=0, rnn_type='gru', dec_way='pmf', seg_len=48, channel_id=1, period_len=24, embed_type=0, enc_in=7, dec_in=7, c_out=7, d_model=512, n_heads=8, e_layers=2, d_layers=1, d_ff=2048, moving_avg=25, factor=1, distil=True, dropout=0, embed='timeF', activation='gelu', output_attention=False, do_predict=False, num_workers=10, itr=1, train_epochs=30, batch_size=256, patience=15, learning_rate=0.005, des='test', loss='mse', lradj='type3', pct_start=0.3, use_amp=False, use_gpu=True, gpu=0, use_multi_gpu=False, devices='0,1', test_flop=False)
Use GPU: cuda:0
>>>>>>>start training : etth2_96_192_CycleNet_ETTh2_ftM_sl96_pl192_cycle24_mlp_mrt1_fredf08_seed2024>>>>>>>>>>>>>>>>>>>>>>>>>>
train 8353
val 2689
test 2689
Epoch: 1 cost time: 3.806565999984741
Epoch: 1, Steps: 32 | Train Loss: 1.2923851 Vali Loss: 0.3076247 Test Loss: 0.4287784
Validation loss decreased (inf --> 0.307625).  Saving model ...
Updating learning rate to 0.005
Epoch: 2 cost time: 2.318528890609741
Epoch: 2, Steps: 32 | Train Loss: 1.2128219 Vali Loss: 0.2753359 Test Loss: 0.3838399
Validation loss decreased (0.307625 --> 0.275336).  Saving model ...
Updating learning rate to 0.005
Epoch: 3 cost time: 2.276719570159912
Epoch: 3, Steps: 32 | Train Loss: 1.1554724 Vali Loss: 0.2690032 Test Loss: 0.3807540
Validation loss decreased (0.275336 --> 0.269003).  Saving model ...
Updating learning rate to 0.005
Epoch: 4 cost time: 2.8751213550567627
Epoch: 4, Steps: 32 | Train Loss: 1.1339510 Vali Loss: 0.2708073 Test Loss: 0.3727749
EarlyStopping counter: 1 out of 15
Updating learning rate to 0.004
Epoch: 5 cost time: 1.9404184818267822
Epoch: 5, Steps: 32 | Train Loss: 1.1165789 Vali Loss: 0.2717913 Test Loss: 0.3748653
EarlyStopping counter: 2 out of 15
Updating learning rate to 0.0032000000000000006
Epoch: 6 cost time: 2.1686699390411377
Epoch: 6, Steps: 32 | Train Loss: 1.1081651 Vali Loss: 0.2733851 Test Loss: 0.3724475
EarlyStopping counter: 3 out of 15
Updating learning rate to 0.0025600000000000006
Epoch: 7 cost time: 2.700591802597046
Epoch: 7, Steps: 32 | Train Loss: 1.0989819 Vali Loss: 0.2748439 Test Loss: 0.3711894
EarlyStopping counter: 4 out of 15
Updating learning rate to 0.0020480000000000003
Epoch: 8 cost time: 1.7558484077453613
Epoch: 8, Steps: 32 | Train Loss: 1.0915463 Vali Loss: 0.2721702 Test Loss: 0.3715971
EarlyStopping counter: 5 out of 15
Updating learning rate to 0.0016384000000000004
Epoch: 9 cost time: 1.644942283630371
Epoch: 9, Steps: 32 | Train Loss: 1.0867389 Vali Loss: 0.2739726 Test Loss: 0.3717293
EarlyStopping counter: 6 out of 15
Updating learning rate to 0.0013107200000000005
Epoch: 10 cost time: 1.5852599143981934
Epoch: 10, Steps: 32 | Train Loss: 1.0803585 Vali Loss: 0.2730542 Test Loss: 0.3737868
EarlyStopping counter: 7 out of 15
Updating learning rate to 0.0010485760000000005
Epoch: 11 cost time: 2.3370776176452637
Epoch: 11, Steps: 32 | Train Loss: 1.0760179 Vali Loss: 0.2723262 Test Loss: 0.3731347
EarlyStopping counter: 8 out of 15
Updating learning rate to 0.0008388608000000005
Epoch: 12 cost time: 2.006290912628174
Epoch: 12, Steps: 32 | Train Loss: 1.0722060 Vali Loss: 0.2731106 Test Loss: 0.3731516
EarlyStopping counter: 9 out of 15
Updating learning rate to 0.0006710886400000003
Epoch: 13 cost time: 2.761996269226074
Epoch: 13, Steps: 32 | Train Loss: 1.0682519 Vali Loss: 0.2756571 Test Loss: 0.3726940
EarlyStopping counter: 10 out of 15
Updating learning rate to 0.0005368709120000003
Epoch: 14 cost time: 2.3305389881134033
Epoch: 14, Steps: 32 | Train Loss: 1.0665015 Vali Loss: 0.2755213 Test Loss: 0.3724890
EarlyStopping counter: 11 out of 15
Updating learning rate to 0.0004294967296000003
Epoch: 15 cost time: 2.677046775817871
Epoch: 15, Steps: 32 | Train Loss: 1.0644784 Vali Loss: 0.2749003 Test Loss: 0.3738644
EarlyStopping counter: 12 out of 15
Updating learning rate to 0.0003435973836800002
Epoch: 16 cost time: 3.0104150772094727
Epoch: 16, Steps: 32 | Train Loss: 1.0594941 Vali Loss: 0.2762372 Test Loss: 0.3725155
EarlyStopping counter: 13 out of 15
Updating learning rate to 0.0002748779069440002
Epoch: 17 cost time: 2.3965563774108887
Epoch: 17, Steps: 32 | Train Loss: 1.0569963 Vali Loss: 0.2772671 Test Loss: 0.3734628
EarlyStopping counter: 14 out of 15
Updating learning rate to 0.00021990232555520019
Epoch: 18 cost time: 2.974700689315796
Epoch: 18, Steps: 32 | Train Loss: 1.0567349 Vali Loss: 0.2745763 Test Loss: 0.3732662
EarlyStopping counter: 15 out of 15
Early stopping
>>>>>>>testing : etth2_96_192_CycleNet_ETTh2_ftM_sl96_pl192_cycle24_mlp_mrt1_fredf08_seed2024<<<<<<<<<<<<<<<<<<<<<<<<<<<<<<<<<
test 2689
mse:0.36669227480888367, mae:0.3912796974182129, smape:57.920098304748535
