Args in experiment:
Namespace(random_seed=2024, is_training=1, model_id='ETTh2_96_192', model='CycleNet', data='ETTh2', root_path='./dataset/ETT-small/', data_path='ETTh2.csv', features='M', target='OT', freq='h', checkpoints='./checkpoints/', seq_len=96, label_len=0, pred_len=192, cycle=24, cycle_mode='lookup', cycle_rank=4, model_type='mlp', use_revin=1, mrt_layers=0, freq_layers=0, freq_v2_layers=0, freq_v3_layers=0, freq_v4_layers=0, sgf_layers=0, sgf_prior_path='', freq_loss_alpha=1.0, fc_dropout=0.05, head_dropout=0.0, patch_len=16, stride=8, padding_patch='end', revin=0, affine=0, subtract_last=0, decomposition=0, kernel_size=25, individual=0, rnn_type='gru', dec_way='pmf', seg_len=48, channel_id=1, period_len=24, embed_type=0, enc_in=7, dec_in=7, c_out=7, d_model=512, n_heads=8, e_layers=2, d_layers=1, d_ff=2048, moving_avg=25, factor=1, distil=True, dropout=0, embed='timeF', activation='gelu', output_attention=False, do_predict=False, num_workers=10, itr=1, train_epochs=30, batch_size=256, patience=15, learning_rate=0.005, des='test', loss='mse', lradj='type3', pct_start=0.3, use_amp=False, use_gpu=True, gpu=0, use_multi_gpu=False, devices='0,1', test_flop=False)
Use GPU: cuda:0
>>>>>>>start training : ETTh2_96_192_CycleNet_ETTh2_ftM_sl96_pl192_cycle24_mlp_seed2024>>>>>>>>>>>>>>>>>>>>>>>>>>
train 8353
val 2689
test 2689
Epoch: 1 cost time: 3.955705404281616
Epoch: 1, Steps: 32 | Train Loss: 0.5950773 Vali Loss: 0.2988478 Test Loss: 0.4209597
Validation loss decreased (inf --> 0.298848).  Saving model ...
Updating learning rate to 0.005
Epoch: 2 cost time: 1.542020320892334
Epoch: 2, Steps: 32 | Train Loss: 0.5553201 Vali Loss: 0.2800561 Test Loss: 0.3965168
Validation loss decreased (0.298848 --> 0.280056).  Saving model ...
Updating learning rate to 0.005
Epoch: 3 cost time: 1.5097451210021973
Epoch: 3, Steps: 32 | Train Loss: 0.5254673 Vali Loss: 0.2852061 Test Loss: 0.4042948
EarlyStopping counter: 1 out of 15
Updating learning rate to 0.005
Epoch: 4 cost time: 1.5532159805297852
Epoch: 4, Steps: 32 | Train Loss: 0.5076019 Vali Loss: 0.2814091 Test Loss: 0.3795632
EarlyStopping counter: 2 out of 15
Updating learning rate to 0.004
Epoch: 5 cost time: 1.5534934997558594
Epoch: 5, Steps: 32 | Train Loss: 0.5001229 Vali Loss: 0.2769377 Test Loss: 0.3871633
Validation loss decreased (0.280056 --> 0.276938).  Saving model ...
Updating learning rate to 0.0032000000000000006
Epoch: 6 cost time: 1.5124549865722656
Epoch: 6, Steps: 32 | Train Loss: 0.4874323 Vali Loss: 0.2772358 Test Loss: 0.3851053
EarlyStopping counter: 1 out of 15
Updating learning rate to 0.0025600000000000006
Epoch: 7 cost time: 1.2502224445343018
Epoch: 7, Steps: 32 | Train Loss: 0.4793506 Vali Loss: 0.2779569 Test Loss: 0.3825242
EarlyStopping counter: 2 out of 15
Updating learning rate to 0.0020480000000000003
Epoch: 8 cost time: 1.1894347667694092
Epoch: 8, Steps: 32 | Train Loss: 0.4762330 Vali Loss: 0.2788521 Test Loss: 0.3825732
EarlyStopping counter: 3 out of 15
Updating learning rate to 0.0016384000000000004
Epoch: 9 cost time: 1.2605371475219727
Epoch: 9, Steps: 32 | Train Loss: 0.4700404 Vali Loss: 0.2806545 Test Loss: 0.3813757
EarlyStopping counter: 4 out of 15
Updating learning rate to 0.0013107200000000005
Epoch: 10 cost time: 1.2833843231201172
Epoch: 10, Steps: 32 | Train Loss: 0.4619540 Vali Loss: 0.2792175 Test Loss: 0.3806649
EarlyStopping counter: 5 out of 15
Updating learning rate to 0.0010485760000000005
Epoch: 11 cost time: 1.6096389293670654
Epoch: 11, Steps: 32 | Train Loss: 0.4583269 Vali Loss: 0.2793534 Test Loss: 0.3859695
EarlyStopping counter: 6 out of 15
Updating learning rate to 0.0008388608000000005
Epoch: 12 cost time: 1.6231708526611328
Epoch: 12, Steps: 32 | Train Loss: 0.4521789 Vali Loss: 0.2818386 Test Loss: 0.3822031
EarlyStopping counter: 7 out of 15
Updating learning rate to 0.0006710886400000003
Epoch: 13 cost time: 1.5594236850738525
Epoch: 13, Steps: 32 | Train Loss: 0.4481148 Vali Loss: 0.2829274 Test Loss: 0.3828728
EarlyStopping counter: 8 out of 15
Updating learning rate to 0.0005368709120000003
Epoch: 14 cost time: 1.5788109302520752
Epoch: 14, Steps: 32 | Train Loss: 0.4472211 Vali Loss: 0.2806736 Test Loss: 0.3814882
EarlyStopping counter: 9 out of 15
Updating learning rate to 0.0004294967296000003
Epoch: 15 cost time: 1.4181787967681885
Epoch: 15, Steps: 32 | Train Loss: 0.4418641 Vali Loss: 0.2824571 Test Loss: 0.3831182
EarlyStopping counter: 10 out of 15
Updating learning rate to 0.0003435973836800002
Epoch: 16 cost time: 1.7703790664672852
Epoch: 16, Steps: 32 | Train Loss: 0.4402327 Vali Loss: 0.2828496 Test Loss: 0.3826331
EarlyStopping counter: 11 out of 15
Updating learning rate to 0.0002748779069440002
Epoch: 17 cost time: 1.3459393978118896
Epoch: 17, Steps: 32 | Train Loss: 0.4387297 Vali Loss: 0.2792055 Test Loss: 0.3832493
EarlyStopping counter: 12 out of 15
Updating learning rate to 0.00021990232555520019
Epoch: 18 cost time: 1.3852910995483398
Epoch: 18, Steps: 32 | Train Loss: 0.4381322 Vali Loss: 0.2817336 Test Loss: 0.3823078
EarlyStopping counter: 13 out of 15
Updating learning rate to 0.00017592186044416015
Epoch: 19 cost time: 1.5867986679077148
Epoch: 19, Steps: 32 | Train Loss: 0.4384626 Vali Loss: 0.2817951 Test Loss: 0.3838595
EarlyStopping counter: 14 out of 15
Updating learning rate to 0.00014073748835532812
Epoch: 20 cost time: 1.609525203704834
Epoch: 20, Steps: 32 | Train Loss: 0.4358311 Vali Loss: 0.2825553 Test Loss: 0.3823150
EarlyStopping counter: 15 out of 15
Early stopping
>>>>>>>testing : ETTh2_96_192_CycleNet_ETTh2_ftM_sl96_pl192_cycle24_mlp_seed2024<<<<<<<<<<<<<<<<<<<<<<<<<<<<<<<<<
test 2689
mse:0.3745255172252655, mae:0.4003187417984009
