Args in experiment:
Namespace(random_seed=2024, is_training=1, model_id='ETTh2_96_720', model='CycleNet', data='ETTh2', root_path='./dataset/ETT-small/', data_path='ETTh2.csv', features='M', target='OT', freq='h', checkpoints='./checkpoints/', seq_len=96, label_len=0, pred_len=720, cycle=24, model_type='mlp', use_revin=1, mrt_layers=0, freq_layers=0, freq_v2_layers=0, freq_v3_layers=1, freq_v4_layers=0, fc_dropout=0.05, head_dropout=0.0, patch_len=16, stride=8, padding_patch='end', revin=0, affine=0, subtract_last=0, decomposition=0, kernel_size=25, individual=0, rnn_type='gru', dec_way='pmf', seg_len=48, channel_id=1, period_len=24, embed_type=0, enc_in=7, dec_in=7, c_out=7, d_model=512, n_heads=8, e_layers=2, d_layers=1, d_ff=2048, moving_avg=25, factor=1, distil=True, dropout=0, embed='timeF', activation='gelu', output_attention=False, do_predict=False, num_workers=10, itr=1, train_epochs=30, batch_size=256, patience=15, learning_rate=0.005, des='test', loss='mse', lradj='type3', pct_start=0.3, use_amp=False, use_gpu=True, gpu=0, use_multi_gpu=False, devices='0,1', test_flop=False)
Use GPU: cuda:0
>>>>>>>start training : ETTh2_96_720_CycleNet_ETTh2_ftM_sl96_pl720_cycle24_mlp_freqv31_seed2024>>>>>>>>>>>>>>>>>>>>>>>>>>
train 7825
val 2161
test 2161
Epoch: 1 cost time: 3.5170340538024902
Epoch: 1, Steps: 30 | Train Loss: 0.8837795 Vali Loss: 0.6253473 Test Loss: 0.4570404
Validation loss decreased (inf --> 0.625347).  Saving model ...
Updating learning rate to 0.005
Epoch: 2 cost time: 1.5700597763061523
Epoch: 2, Steps: 30 | Train Loss: 0.8619683 Vali Loss: 0.6106564 Test Loss: 0.4515362
Validation loss decreased (0.625347 --> 0.610656).  Saving model ...
Updating learning rate to 0.005
Epoch: 3 cost time: 1.6054496765136719
Epoch: 3, Steps: 30 | Train Loss: 0.8188617 Vali Loss: 0.6465943 Test Loss: 0.4804851
EarlyStopping counter: 1 out of 15
Updating learning rate to 0.005
Epoch: 4 cost time: 1.5618562698364258
Epoch: 4, Steps: 30 | Train Loss: 0.8046430 Vali Loss: 0.6264203 Test Loss: 0.4647649
EarlyStopping counter: 2 out of 15
Updating learning rate to 0.004
Epoch: 5 cost time: 1.5850601196289062
Epoch: 5, Steps: 30 | Train Loss: 0.7901137 Vali Loss: 0.6291804 Test Loss: 0.4772426
EarlyStopping counter: 3 out of 15
Updating learning rate to 0.0032000000000000006
Epoch: 6 cost time: 1.6432256698608398
Epoch: 6, Steps: 30 | Train Loss: 0.7772333 Vali Loss: 0.6263696 Test Loss: 0.4642812
EarlyStopping counter: 4 out of 15
Updating learning rate to 0.0025600000000000006
Epoch: 7 cost time: 1.7122828960418701
Epoch: 7, Steps: 30 | Train Loss: 0.7671127 Vali Loss: 0.6188750 Test Loss: 0.4736374
EarlyStopping counter: 5 out of 15
Updating learning rate to 0.0020480000000000003
Epoch: 8 cost time: 1.5098752975463867
Epoch: 8, Steps: 30 | Train Loss: 0.7590681 Vali Loss: 0.6171136 Test Loss: 0.4673286
EarlyStopping counter: 6 out of 15
Updating learning rate to 0.0016384000000000004
Epoch: 9 cost time: 1.5807969570159912
Epoch: 9, Steps: 30 | Train Loss: 0.7557513 Vali Loss: 0.6153683 Test Loss: 0.4682548
EarlyStopping counter: 7 out of 15
Updating learning rate to 0.0013107200000000005
Epoch: 10 cost time: 1.6427638530731201
Epoch: 10, Steps: 30 | Train Loss: 0.7447850 Vali Loss: 0.6142812 Test Loss: 0.4645791
EarlyStopping counter: 8 out of 15
Updating learning rate to 0.0010485760000000005
Epoch: 11 cost time: 1.7190096378326416
Epoch: 11, Steps: 30 | Train Loss: 0.7428760 Vali Loss: 0.6131128 Test Loss: 0.4704196
EarlyStopping counter: 9 out of 15
Updating learning rate to 0.0008388608000000005
Epoch: 12 cost time: 1.449150562286377
Epoch: 12, Steps: 30 | Train Loss: 0.7357266 Vali Loss: 0.6254557 Test Loss: 0.4641767
EarlyStopping counter: 10 out of 15
Updating learning rate to 0.0006710886400000003
Epoch: 13 cost time: 1.4732346534729004
Epoch: 13, Steps: 30 | Train Loss: 0.7358362 Vali Loss: 0.6215162 Test Loss: 0.4622940
EarlyStopping counter: 11 out of 15
Updating learning rate to 0.0005368709120000003
Epoch: 14 cost time: 1.3944735527038574
Epoch: 14, Steps: 30 | Train Loss: 0.7304729 Vali Loss: 0.6128556 Test Loss: 0.4666768
EarlyStopping counter: 12 out of 15
Updating learning rate to 0.0004294967296000003
Epoch: 15 cost time: 1.4866068363189697
Epoch: 15, Steps: 30 | Train Loss: 0.7282278 Vali Loss: 0.6163617 Test Loss: 0.4664919
EarlyStopping counter: 13 out of 15
Updating learning rate to 0.0003435973836800002
Epoch: 16 cost time: 1.56895112991333
Epoch: 16, Steps: 30 | Train Loss: 0.7234505 Vali Loss: 0.6168677 Test Loss: 0.4648366
EarlyStopping counter: 14 out of 15
Updating learning rate to 0.0002748779069440002
Epoch: 17 cost time: 1.3137516975402832
Epoch: 17, Steps: 30 | Train Loss: 0.7232485 Vali Loss: 0.6191685 Test Loss: 0.4628607
EarlyStopping counter: 15 out of 15
Early stopping
>>>>>>>testing : ETTh2_96_720_CycleNet_ETTh2_ftM_sl96_pl720_cycle24_mlp_freqv31_seed2024<<<<<<<<<<<<<<<<<<<<<<<<<<<<<<<<<
test 2161
mse:0.4387487471103668, mae:0.45064577460289
