Device: cuda:0
Dataset: etth2 | Pred len: 192 | Seed: 2024
Stage3 FreDF: False

============================================================
STAGE 1: Train MRT only (freq_layers=0)
============================================================
train 8353
val 2689
test 2689
Epoch: 1, Steps: 32 | Train: 0.5950085 Vali: 0.3014026 Test: 0.4212618
Validation loss decreased (inf --> 0.301403).  Saving model ...
Updating learning rate to 0.005
Epoch: 2, Steps: 32 | Train: 0.5644771 Vali: 0.2871662 Test: 0.3860593
Validation loss decreased (0.301403 --> 0.287166).  Saving model ...
Updating learning rate to 0.005
Epoch: 3, Steps: 32 | Train: 0.5236601 Vali: 0.2763478 Test: 0.3931812
Validation loss decreased (0.287166 --> 0.276348).  Saving model ...
Updating learning rate to 0.005
Epoch: 4, Steps: 32 | Train: 0.5044229 Vali: 0.2766997 Test: 0.3830409
EarlyStopping counter: 1 out of 15
Updating learning rate to 0.004
Epoch: 5, Steps: 32 | Train: 0.4903930 Vali: 0.2773397 Test: 0.3813050
EarlyStopping counter: 2 out of 15
Updating learning rate to 0.0032000000000000006
Epoch: 6, Steps: 32 | Train: 0.4811878 Vali: 0.2823107 Test: 0.3770320
EarlyStopping counter: 3 out of 15
Updating learning rate to 0.0025600000000000006
Epoch: 7, Steps: 32 | Train: 0.4774805 Vali: 0.2811443 Test: 0.3751476
EarlyStopping counter: 4 out of 15
Updating learning rate to 0.0020480000000000003
Epoch: 8, Steps: 32 | Train: 0.4695386 Vali: 0.2793583 Test: 0.3794888
EarlyStopping counter: 5 out of 15
Updating learning rate to 0.0016384000000000004
Epoch: 9, Steps: 32 | Train: 0.4636952 Vali: 0.2812045 Test: 0.3789146
EarlyStopping counter: 6 out of 15
Updating learning rate to 0.0013107200000000005
Epoch: 10, Steps: 32 | Train: 0.4585991 Vali: 0.2804702 Test: 0.3811793
EarlyStopping counter: 7 out of 15
Updating learning rate to 0.0010485760000000005
Epoch: 11, Steps: 32 | Train: 0.4540558 Vali: 0.2800343 Test: 0.3827962
EarlyStopping counter: 8 out of 15
Updating learning rate to 0.0008388608000000005
Epoch: 12, Steps: 32 | Train: 0.4511955 Vali: 0.2808381 Test: 0.3836260
EarlyStopping counter: 9 out of 15
Updating learning rate to 0.0006710886400000003
Epoch: 13, Steps: 32 | Train: 0.4478919 Vali: 0.2823252 Test: 0.3808192
EarlyStopping counter: 10 out of 15
Updating learning rate to 0.0005368709120000003
Epoch: 14, Steps: 32 | Train: 0.4458284 Vali: 0.2826706 Test: 0.3814723
EarlyStopping counter: 11 out of 15
Updating learning rate to 0.0004294967296000003
Epoch: 15, Steps: 32 | Train: 0.4439160 Vali: 0.2818777 Test: 0.3822072
EarlyStopping counter: 12 out of 15
Updating learning rate to 0.0003435973836800002
Epoch: 16, Steps: 32 | Train: 0.4396394 Vali: 0.2834663 Test: 0.3809869
EarlyStopping counter: 13 out of 15
Updating learning rate to 0.0002748779069440002
Epoch: 17, Steps: 32 | Train: 0.4371815 Vali: 0.2840135 Test: 0.3822901
EarlyStopping counter: 14 out of 15
Updating learning rate to 0.00021990232555520019
Epoch: 18, Steps: 32 | Train: 0.4366874 Vali: 0.2819840 Test: 0.3817885
EarlyStopping counter: 15 out of 15
Early stopping at epoch 18
STAGE 1 RESULT: mse=0.3787, mae=0.4011, smape=59.0682

============================================================
STAGE 2: Load MRT + add Freq branch (frozen backbone/MRT/cycle)
============================================================
train 8353
val 2689
test 2689
Loaded 10 params from stage1, 0 new (Freq branch)
Trainable: 344 / 148,757 (0.2%)
Epoch: 1, Train: 0.5073166 Vali: 0.2761604
Validation loss decreased (inf --> 0.276160).  Saving model ...
Epoch: 2, Train: 0.5067420 Vali: 0.2757116
Validation loss decreased (0.276160 --> 0.275712).  Saving model ...
Epoch: 3, Train: 0.4998308 Vali: 0.2745376
Validation loss decreased (0.275712 --> 0.274538).  Saving model ...
STAGE 2 complete.

============================================================
STAGE 3: Unfreeze all, joint fine-tune (LR=0.0015 (pure MSE))
============================================================
train 8353
val 2689
test 2689
Loaded stage2 checkpoint, unfreezing all parameters.
Epoch: 1, Steps: 32 | Train: 0.5026301 Vali: 0.2736474 Test: 0.3833718
Validation loss decreased (inf --> 0.273647).  Saving model ...
Updating learning rate to 0.0015
Epoch: 2, Steps: 32 | Train: 0.4986886 Vali: 0.2776417 Test: 0.3785002
EarlyStopping counter: 1 out of 15
Updating learning rate to 0.0015
Epoch: 3, Steps: 32 | Train: 0.4875244 Vali: 0.2760123 Test: 0.3808377
EarlyStopping counter: 2 out of 15
Updating learning rate to 0.0015
Epoch: 4, Steps: 32 | Train: 0.4848647 Vali: 0.2764549 Test: 0.3895417
EarlyStopping counter: 3 out of 15
Updating learning rate to 0.0012000000000000001
Epoch: 5, Steps: 32 | Train: 0.4794401 Vali: 0.2767718 Test: 0.3876906
EarlyStopping counter: 4 out of 15
Updating learning rate to 0.0009600000000000002
Epoch: 6, Steps: 32 | Train: 0.4743579 Vali: 0.2795959 Test: 0.3840431
EarlyStopping counter: 5 out of 15
Updating learning rate to 0.0007680000000000002
Epoch: 7, Steps: 32 | Train: 0.4683365 Vali: 0.2771383 Test: 0.3815175
EarlyStopping counter: 6 out of 15
Updating learning rate to 0.0006144000000000001
Epoch: 8, Steps: 32 | Train: 0.4668935 Vali: 0.2773227 Test: 0.3803895
EarlyStopping counter: 7 out of 15
Updating learning rate to 0.0004915200000000002
Epoch: 9, Steps: 32 | Train: 0.4654038 Vali: 0.2785258 Test: 0.3826182
EarlyStopping counter: 8 out of 15
Updating learning rate to 0.00039321600000000016
Epoch: 10, Steps: 32 | Train: 0.4605338 Vali: 0.2786629 Test: 0.3804048
EarlyStopping counter: 9 out of 15
Updating learning rate to 0.0003145728000000001
Epoch: 11, Steps: 32 | Train: 0.4608600 Vali: 0.2791615 Test: 0.3811008
EarlyStopping counter: 10 out of 15
Updating learning rate to 0.00025165824000000016
Epoch: 12, Steps: 32 | Train: 0.4614664 Vali: 0.2793721 Test: 0.3807351
EarlyStopping counter: 11 out of 15
Updating learning rate to 0.0002013265920000001
Epoch: 13, Steps: 32 | Train: 0.4556275 Vali: 0.2806116 Test: 0.3796172
EarlyStopping counter: 12 out of 15
Updating learning rate to 0.0001610612736000001
Epoch: 14, Steps: 32 | Train: 0.4547407 Vali: 0.2776031 Test: 0.3808784
EarlyStopping counter: 13 out of 15
Updating learning rate to 0.00012884901888000007
Epoch: 15, Steps: 32 | Train: 0.4574461 Vali: 0.2788169 Test: 0.3796379
EarlyStopping counter: 14 out of 15
Updating learning rate to 0.00010307921510400006
Epoch: 16, Steps: 32 | Train: 0.4568366 Vali: 0.2791052 Test: 0.3813116
EarlyStopping counter: 15 out of 15
Early stopping at epoch 16

============================================================
FINAL RESULT: mse=0.3701, mae=0.3943, smape=58.6191
============================================================
