Args in experiment:
Namespace(random_seed=2024, is_training=1, model_id='ETTh2_96_192', model='CycleNet', data='ETTh2', root_path='./dataset/ETT-small/', data_path='ETTh2.csv', features='M', target='OT', freq='h', checkpoints='./checkpoints/', seq_len=96, label_len=0, pred_len=192, cycle=24, model_type='mlp', use_revin=1, mrt_layers=0, freq_layers=1, fc_dropout=0.05, head_dropout=0.0, patch_len=16, stride=8, padding_patch='end', revin=0, affine=0, subtract_last=0, decomposition=0, kernel_size=25, individual=0, rnn_type='gru', dec_way='pmf', seg_len=48, channel_id=1, period_len=24, embed_type=0, enc_in=7, dec_in=7, c_out=7, d_model=512, n_heads=8, e_layers=2, d_layers=1, d_ff=2048, moving_avg=25, factor=1, distil=True, dropout=0, embed='timeF', activation='gelu', output_attention=False, do_predict=False, num_workers=10, itr=1, train_epochs=30, batch_size=256, patience=15, learning_rate=0.005, des='test', loss='mse', lradj='type3', pct_start=0.3, use_amp=False, use_gpu=True, gpu=0, use_multi_gpu=False, devices='0,1', test_flop=False)
Use GPU: cuda:0
>>>>>>>start training : ETTh2_96_192_CycleNet_ETTh2_ftM_sl96_pl192_cycle24_mlp_freq1_seed2024>>>>>>>>>>>>>>>>>>>>>>>>>>
train 8353
val 2689
test 2689
Epoch: 1 cost time: 3.7351927757263184
Epoch: 1, Steps: 32 | Train Loss: 0.5950846 Vali Loss: 0.2988602 Test Loss: 0.4209716
Validation loss decreased (inf --> 0.298860).  Saving model ...
Updating learning rate to 0.005
Epoch: 2 cost time: 1.072605848312378
Epoch: 2, Steps: 32 | Train Loss: 0.5545359 Vali Loss: 0.2797154 Test Loss: 0.3956251
Validation loss decreased (0.298860 --> 0.279715).  Saving model ...
Updating learning rate to 0.005
Epoch: 3 cost time: 1.100428581237793
Epoch: 3, Steps: 32 | Train Loss: 0.5237958 Vali Loss: 0.2858035 Test Loss: 0.4031678
EarlyStopping counter: 1 out of 15
Updating learning rate to 0.005
Epoch: 4 cost time: 1.2371845245361328
Epoch: 4, Steps: 32 | Train Loss: 0.5064272 Vali Loss: 0.2786753 Test Loss: 0.3778861
Validation loss decreased (0.279715 --> 0.278675).  Saving model ...
Updating learning rate to 0.004
Epoch: 5 cost time: 1.1242268085479736
Epoch: 5, Steps: 32 | Train Loss: 0.4980348 Vali Loss: 0.2760954 Test Loss: 0.3827566
Validation loss decreased (0.278675 --> 0.276095).  Saving model ...
Updating learning rate to 0.0032000000000000006
Epoch: 6 cost time: 1.0785648822784424
Epoch: 6, Steps: 32 | Train Loss: 0.4846132 Vali Loss: 0.2780860 Test Loss: 0.3848225
EarlyStopping counter: 1 out of 15
Updating learning rate to 0.0025600000000000006
Epoch: 7 cost time: 1.0658016204833984
Epoch: 7, Steps: 32 | Train Loss: 0.4758906 Vali Loss: 0.2782434 Test Loss: 0.3844881
EarlyStopping counter: 2 out of 15
Updating learning rate to 0.0020480000000000003
Epoch: 8 cost time: 1.0857675075531006
Epoch: 8, Steps: 32 | Train Loss: 0.4727010 Vali Loss: 0.2777293 Test Loss: 0.3823021
EarlyStopping counter: 3 out of 15
Updating learning rate to 0.0016384000000000004
Epoch: 9 cost time: 1.1797442436218262
Epoch: 9, Steps: 32 | Train Loss: 0.4646406 Vali Loss: 0.2807763 Test Loss: 0.3801495
EarlyStopping counter: 4 out of 15
Updating learning rate to 0.0013107200000000005
Epoch: 10 cost time: 1.3578968048095703
Epoch: 10, Steps: 32 | Train Loss: 0.4577246 Vali Loss: 0.2795934 Test Loss: 0.3791874
EarlyStopping counter: 5 out of 15
Updating learning rate to 0.0010485760000000005
Epoch: 11 cost time: 1.1620309352874756
Epoch: 11, Steps: 32 | Train Loss: 0.4541270 Vali Loss: 0.2801067 Test Loss: 0.3836399
EarlyStopping counter: 6 out of 15
Updating learning rate to 0.0008388608000000005
Epoch: 12 cost time: 1.1459078788757324
Epoch: 12, Steps: 32 | Train Loss: 0.4479027 Vali Loss: 0.2813344 Test Loss: 0.3818426
EarlyStopping counter: 7 out of 15
Updating learning rate to 0.0006710886400000003
Epoch: 13 cost time: 1.125232458114624
Epoch: 13, Steps: 32 | Train Loss: 0.4439359 Vali Loss: 0.2834427 Test Loss: 0.3806678
EarlyStopping counter: 8 out of 15
Updating learning rate to 0.0005368709120000003
Epoch: 14 cost time: 1.1234004497528076
Epoch: 14, Steps: 32 | Train Loss: 0.4434513 Vali Loss: 0.2809704 Test Loss: 0.3804764
EarlyStopping counter: 9 out of 15
Updating learning rate to 0.0004294967296000003
Epoch: 15 cost time: 1.111553430557251
Epoch: 15, Steps: 32 | Train Loss: 0.4386791 Vali Loss: 0.2827947 Test Loss: 0.3822560
EarlyStopping counter: 10 out of 15
Updating learning rate to 0.0003435973836800002
Epoch: 16 cost time: 1.0859129428863525
Epoch: 16, Steps: 32 | Train Loss: 0.4370438 Vali Loss: 0.2834789 Test Loss: 0.3814365
EarlyStopping counter: 11 out of 15
Updating learning rate to 0.0002748779069440002
Epoch: 17 cost time: 1.1013681888580322
Epoch: 17, Steps: 32 | Train Loss: 0.4360114 Vali Loss: 0.2801417 Test Loss: 0.3817163
EarlyStopping counter: 12 out of 15
Updating learning rate to 0.00021990232555520019
Epoch: 18 cost time: 1.0854949951171875
Epoch: 18, Steps: 32 | Train Loss: 0.4354844 Vali Loss: 0.2824170 Test Loss: 0.3812997
EarlyStopping counter: 13 out of 15
Updating learning rate to 0.00017592186044416015
Epoch: 19 cost time: 1.1209654808044434
Epoch: 19, Steps: 32 | Train Loss: 0.4358813 Vali Loss: 0.2829897 Test Loss: 0.3822291
EarlyStopping counter: 14 out of 15
Updating learning rate to 0.00014073748835532812
Epoch: 20 cost time: 1.070735216140747
Epoch: 20, Steps: 32 | Train Loss: 0.4334641 Vali Loss: 0.2833173 Test Loss: 0.3812812
EarlyStopping counter: 15 out of 15
Early stopping
>>>>>>>testing : ETTh2_96_192_CycleNet_ETTh2_ftM_sl96_pl192_cycle24_mlp_freq1_seed2024<<<<<<<<<<<<<<<<<<<<<<<<<<<<<<<<<
test 2689
mse:0.37036067247390747, mae:0.39631548523902893
