Args in experiment:
Namespace(random_seed=2024, is_training=1, model_id='ETTh2_96_96', model='CycleNet', data='ETTh2', root_path='./dataset/ETT-small/', data_path='ETTh2.csv', features='M', target='OT', freq='h', checkpoints='./checkpoints/', seq_len=96, label_len=0, pred_len=96, cycle=24, model_type='mlp', use_revin=1, mrt_layers=0, freq_layers=0, freq_v2_layers=0, freq_v3_layers=1, freq_v4_layers=0, fc_dropout=0.05, head_dropout=0.0, patch_len=16, stride=8, padding_patch='end', revin=0, affine=0, subtract_last=0, decomposition=0, kernel_size=25, individual=0, rnn_type='gru', dec_way='pmf', seg_len=48, channel_id=1, period_len=24, embed_type=0, enc_in=7, dec_in=7, c_out=7, d_model=512, n_heads=8, e_layers=2, d_layers=1, d_ff=2048, moving_avg=25, factor=1, distil=True, dropout=0, embed='timeF', activation='gelu', output_attention=False, do_predict=False, num_workers=10, itr=1, train_epochs=30, batch_size=256, patience=15, learning_rate=0.005, des='test', loss='mse', lradj='type3', pct_start=0.3, use_amp=False, use_gpu=True, gpu=0, use_multi_gpu=False, devices='0,1', test_flop=False)
Use GPU: cuda:0
>>>>>>>start training : ETTh2_96_96_CycleNet_ETTh2_ftM_sl96_pl96_cycle24_mlp_freqv31_seed2024>>>>>>>>>>>>>>>>>>>>>>>>>>
train 8449
val 2785
test 2785
Epoch: 1 cost time: 3.0281660556793213
Epoch: 1, Steps: 33 | Train Loss: 0.4940410 Vali Loss: 0.2408099 Test Loss: 0.3220398
Validation loss decreased (inf --> 0.240810).  Saving model ...
Updating learning rate to 0.005
Epoch: 2 cost time: 1.4202914237976074
Epoch: 2, Steps: 33 | Train Loss: 0.4544262 Vali Loss: 0.2296592 Test Loss: 0.2964853
Validation loss decreased (0.240810 --> 0.229659).  Saving model ...
Updating learning rate to 0.005
Epoch: 3 cost time: 1.352203130722046
Epoch: 3, Steps: 33 | Train Loss: 0.4069415 Vali Loss: 0.2150138 Test Loss: 0.3014814
Validation loss decreased (0.229659 --> 0.215014).  Saving model ...
Updating learning rate to 0.005
Epoch: 4 cost time: 1.3420214653015137
Epoch: 4, Steps: 33 | Train Loss: 0.3874542 Vali Loss: 0.2173267 Test Loss: 0.2951681
EarlyStopping counter: 1 out of 15
Updating learning rate to 0.004
Epoch: 5 cost time: 1.4733359813690186
Epoch: 5, Steps: 33 | Train Loss: 0.3714454 Vali Loss: 0.2179176 Test Loss: 0.2961361
EarlyStopping counter: 2 out of 15
Updating learning rate to 0.0032000000000000006
Epoch: 6 cost time: 1.3728022575378418
Epoch: 6, Steps: 33 | Train Loss: 0.3645345 Vali Loss: 0.2147836 Test Loss: 0.3029830
Validation loss decreased (0.215014 --> 0.214784).  Saving model ...
Updating learning rate to 0.0025600000000000006
Epoch: 7 cost time: 1.2936303615570068
Epoch: 7, Steps: 33 | Train Loss: 0.3540500 Vali Loss: 0.2150732 Test Loss: 0.3038675
EarlyStopping counter: 1 out of 15
Updating learning rate to 0.0020480000000000003
Epoch: 8 cost time: 1.3969700336456299
Epoch: 8, Steps: 33 | Train Loss: 0.3505035 Vali Loss: 0.2165734 Test Loss: 0.3014683
EarlyStopping counter: 2 out of 15
Updating learning rate to 0.0016384000000000004
Epoch: 9 cost time: 1.3230955600738525
Epoch: 9, Steps: 33 | Train Loss: 0.3445292 Vali Loss: 0.2164971 Test Loss: 0.2993392
EarlyStopping counter: 3 out of 15
Updating learning rate to 0.0013107200000000005
Epoch: 10 cost time: 1.438366413116455
Epoch: 10, Steps: 33 | Train Loss: 0.3392181 Vali Loss: 0.2151195 Test Loss: 0.3054307
EarlyStopping counter: 4 out of 15
Updating learning rate to 0.0010485760000000005
Epoch: 11 cost time: 1.4307425022125244
Epoch: 11, Steps: 33 | Train Loss: 0.3365731 Vali Loss: 0.2151012 Test Loss: 0.3029082
EarlyStopping counter: 5 out of 15
Updating learning rate to 0.0008388608000000005
Epoch: 12 cost time: 1.3660504817962646
Epoch: 12, Steps: 33 | Train Loss: 0.3323968 Vali Loss: 0.2186851 Test Loss: 0.2983171
EarlyStopping counter: 6 out of 15
Updating learning rate to 0.0006710886400000003
Epoch: 13 cost time: 1.4801726341247559
Epoch: 13, Steps: 33 | Train Loss: 0.3282981 Vali Loss: 0.2178934 Test Loss: 0.2990521
EarlyStopping counter: 7 out of 15
Updating learning rate to 0.0005368709120000003
Epoch: 14 cost time: 1.3298308849334717
Epoch: 14, Steps: 33 | Train Loss: 0.3258265 Vali Loss: 0.2165212 Test Loss: 0.2989831
EarlyStopping counter: 8 out of 15
Updating learning rate to 0.0004294967296000003
Epoch: 15 cost time: 1.3616671562194824
Epoch: 15, Steps: 33 | Train Loss: 0.3231951 Vali Loss: 0.2178379 Test Loss: 0.3003133
EarlyStopping counter: 9 out of 15
Updating learning rate to 0.0003435973836800002
Epoch: 16 cost time: 1.262033462524414
Epoch: 16, Steps: 33 | Train Loss: 0.3214839 Vali Loss: 0.2194652 Test Loss: 0.3010818
EarlyStopping counter: 10 out of 15
Updating learning rate to 0.0002748779069440002
Epoch: 17 cost time: 1.3868021965026855
Epoch: 17, Steps: 33 | Train Loss: 0.3202373 Vali Loss: 0.2172578 Test Loss: 0.2994806
EarlyStopping counter: 11 out of 15
Updating learning rate to 0.00021990232555520019
Epoch: 18 cost time: 1.3581650257110596
Epoch: 18, Steps: 33 | Train Loss: 0.3193030 Vali Loss: 0.2190950 Test Loss: 0.3003457
EarlyStopping counter: 12 out of 15
Updating learning rate to 0.00017592186044416015
Epoch: 19 cost time: 1.4041273593902588
Epoch: 19, Steps: 33 | Train Loss: 0.3180123 Vali Loss: 0.2188801 Test Loss: 0.2991230
EarlyStopping counter: 13 out of 15
Updating learning rate to 0.00014073748835532812
Epoch: 20 cost time: 1.4347906112670898
Epoch: 20, Steps: 33 | Train Loss: 0.3173692 Vali Loss: 0.2176410 Test Loss: 0.2993670
EarlyStopping counter: 14 out of 15
Updating learning rate to 0.00011258999068426252
Epoch: 21 cost time: 1.3673877716064453
Epoch: 21, Steps: 33 | Train Loss: 0.3165271 Vali Loss: 0.2180962 Test Loss: 0.2999833
EarlyStopping counter: 15 out of 15
Early stopping
>>>>>>>testing : ETTh2_96_96_CycleNet_ETTh2_ftM_sl96_pl96_cycle24_mlp_freqv31_seed2024<<<<<<<<<<<<<<<<<<<<<<<<<<<<<<<<<
test 2785
mse:0.3012528717517853, mae:0.348669171333313
