Args in experiment:
Namespace(random_seed=2024, is_training=1, model_id='ETTh2_96_192', model='CycleNet', data='ETTh2', root_path='./dataset/ETT-small/', data_path='ETTh2.csv', features='M', target='OT', freq='h', checkpoints='./checkpoints/', seq_len=96, label_len=0, pred_len=192, cycle=24, cycle_mode='lowrank', cycle_rank=4, model_type='mlp', use_revin=1, mrt_layers=0, freq_layers=0, freq_v2_layers=0, freq_v3_layers=0, freq_v4_layers=0, sgf_layers=0, sgf_prior_path='', freq_loss_alpha=1.0, fc_dropout=0.05, head_dropout=0.0, patch_len=16, stride=8, padding_patch='end', revin=0, affine=0, subtract_last=0, decomposition=0, kernel_size=25, individual=0, rnn_type='gru', dec_way='pmf', seg_len=48, channel_id=1, period_len=24, embed_type=0, enc_in=7, dec_in=7, c_out=7, d_model=512, n_heads=8, e_layers=2, d_layers=1, d_ff=2048, moving_avg=25, factor=1, distil=True, dropout=0, embed='timeF', activation='gelu', output_attention=False, do_predict=False, num_workers=10, itr=1, train_epochs=30, batch_size=256, patience=15, learning_rate=0.005, des='test', loss='mse', lradj='type3', pct_start=0.3, use_amp=False, use_gpu=True, gpu=0, use_multi_gpu=False, devices='0,1', test_flop=False)
Use GPU: cuda:0
>>>>>>>start training : ETTh2_96_192_CycleNet_ETTh2_ftM_sl96_pl192_cycle24_mlp_lowrank4_seed2024>>>>>>>>>>>>>>>>>>>>>>>>>>
train 8353
val 2689
test 2689
Epoch: 1 cost time: 4.004287242889404
Epoch: 1, Steps: 32 | Train Loss: 0.5951089 Vali Loss: 0.3006682 Test Loss: 0.4226844
Validation loss decreased (inf --> 0.300668).  Saving model ...
Updating learning rate to 0.005
Epoch: 2 cost time: 1.5847439765930176
Epoch: 2, Steps: 32 | Train Loss: 0.5617031 Vali Loss: 0.2837894 Test Loss: 0.4108474
Validation loss decreased (0.300668 --> 0.283789).  Saving model ...
Updating learning rate to 0.005
Epoch: 3 cost time: 1.5653080940246582
Epoch: 3, Steps: 32 | Train Loss: 0.5221256 Vali Loss: 0.2679149 Test Loss: 0.3916471
Validation loss decreased (0.283789 --> 0.267915).  Saving model ...
Updating learning rate to 0.005
Epoch: 4 cost time: 1.2861638069152832
Epoch: 4, Steps: 32 | Train Loss: 0.5091463 Vali Loss: 0.2761916 Test Loss: 0.3892876
EarlyStopping counter: 1 out of 15
Updating learning rate to 0.004
Epoch: 5 cost time: 1.2500603199005127
Epoch: 5, Steps: 32 | Train Loss: 0.4927746 Vali Loss: 0.2760676 Test Loss: 0.3881323
EarlyStopping counter: 2 out of 15
Updating learning rate to 0.0032000000000000006
Epoch: 6 cost time: 1.3653700351715088
Epoch: 6, Steps: 32 | Train Loss: 0.4860986 Vali Loss: 0.2813558 Test Loss: 0.3854285
EarlyStopping counter: 3 out of 15
Updating learning rate to 0.0025600000000000006
Epoch: 7 cost time: 1.469632625579834
Epoch: 7, Steps: 32 | Train Loss: 0.4747765 Vali Loss: 0.2807337 Test Loss: 0.3814622
EarlyStopping counter: 4 out of 15
Updating learning rate to 0.0020480000000000003
Epoch: 8 cost time: 1.4806101322174072
Epoch: 8, Steps: 32 | Train Loss: 0.4685279 Vali Loss: 0.2786400 Test Loss: 0.3836755
EarlyStopping counter: 5 out of 15
Updating learning rate to 0.0016384000000000004
Epoch: 9 cost time: 1.4777133464813232
Epoch: 9, Steps: 32 | Train Loss: 0.4664996 Vali Loss: 0.2799380 Test Loss: 0.3788991
EarlyStopping counter: 6 out of 15
Updating learning rate to 0.0013107200000000005
Epoch: 10 cost time: 1.5254499912261963
Epoch: 10, Steps: 32 | Train Loss: 0.4557966 Vali Loss: 0.2817818 Test Loss: 0.3788247
EarlyStopping counter: 7 out of 15
Updating learning rate to 0.0010485760000000005
Epoch: 11 cost time: 1.8305397033691406
Epoch: 11, Steps: 32 | Train Loss: 0.4504945 Vali Loss: 0.2846005 Test Loss: 0.3809918
EarlyStopping counter: 8 out of 15
Updating learning rate to 0.0008388608000000005
Epoch: 12 cost time: 1.6290652751922607
Epoch: 12, Steps: 32 | Train Loss: 0.4504398 Vali Loss: 0.2799605 Test Loss: 0.3797607
EarlyStopping counter: 9 out of 15
Updating learning rate to 0.0006710886400000003
Epoch: 13 cost time: 1.6355807781219482
Epoch: 13, Steps: 32 | Train Loss: 0.4457535 Vali Loss: 0.2828097 Test Loss: 0.3794580
EarlyStopping counter: 10 out of 15
Updating learning rate to 0.0005368709120000003
Epoch: 14 cost time: 1.8551523685455322
Epoch: 14, Steps: 32 | Train Loss: 0.4424395 Vali Loss: 0.2846258 Test Loss: 0.3792531
EarlyStopping counter: 11 out of 15
Updating learning rate to 0.0004294967296000003
Epoch: 15 cost time: 1.7081329822540283
Epoch: 15, Steps: 32 | Train Loss: 0.4381828 Vali Loss: 0.2859133 Test Loss: 0.3805003
EarlyStopping counter: 12 out of 15
Updating learning rate to 0.0003435973836800002
Epoch: 16 cost time: 1.4018223285675049
Epoch: 16, Steps: 32 | Train Loss: 0.4364337 Vali Loss: 0.2811081 Test Loss: 0.3820843
EarlyStopping counter: 13 out of 15
Updating learning rate to 0.0002748779069440002
Epoch: 17 cost time: 1.508573055267334
Epoch: 17, Steps: 32 | Train Loss: 0.4346677 Vali Loss: 0.2849040 Test Loss: 0.3796444
EarlyStopping counter: 14 out of 15
Updating learning rate to 0.00021990232555520019
Epoch: 18 cost time: 1.614288091659546
Epoch: 18, Steps: 32 | Train Loss: 0.4334680 Vali Loss: 0.2846713 Test Loss: 0.3795432
EarlyStopping counter: 15 out of 15
Early stopping
>>>>>>>testing : ETTh2_96_192_CycleNet_ETTh2_ftM_sl96_pl192_cycle24_mlp_lowrank4_seed2024<<<<<<<<<<<<<<<<<<<<<<<<<<<<<<<<<
test 2689
mse:0.3765663802623749, mae:0.39819610118865967
