Args in experiment:
Namespace(random_seed=2024, is_training=1, model_id='ETTh2_96_336', model='CycleNet', data='ETTh2', root_path='./dataset/ETT-small/', data_path='ETTh2.csv', features='M', target='OT', freq='h', checkpoints='./checkpoints/', seq_len=96, label_len=0, pred_len=336, cycle=24, model_type='mlp', use_revin=1, mrt_layers=0, freq_layers=0, freq_v2_layers=1, fc_dropout=0.05, head_dropout=0.0, patch_len=16, stride=8, padding_patch='end', revin=0, affine=0, subtract_last=0, decomposition=0, kernel_size=25, individual=0, rnn_type='gru', dec_way='pmf', seg_len=48, channel_id=1, period_len=24, embed_type=0, enc_in=7, dec_in=7, c_out=7, d_model=512, n_heads=8, e_layers=2, d_layers=1, d_ff=2048, moving_avg=25, factor=1, distil=True, dropout=0, embed='timeF', activation='gelu', output_attention=False, do_predict=False, num_workers=10, itr=1, train_epochs=30, batch_size=256, patience=15, learning_rate=0.005, des='test', loss='mse', lradj='type3', pct_start=0.3, use_amp=False, use_gpu=True, gpu=0, use_multi_gpu=False, devices='0,1', test_flop=False)
Use GPU: cuda:0
>>>>>>>start training : ETTh2_96_336_CycleNet_ETTh2_ftM_sl96_pl336_cycle24_mlp_freqv21_seed2024>>>>>>>>>>>>>>>>>>>>>>>>>>
train 8209
val 2545
test 2545
Epoch: 1 cost time: 3.885892868041992
Epoch: 1, Steps: 32 | Train Loss: 0.6966976 Vali Loss: 0.3853988 Test Loss: 0.4410734
Validation loss decreased (inf --> 0.385399).  Saving model ...
Updating learning rate to 0.005
Epoch: 2 cost time: 1.380819320678711
Epoch: 2, Steps: 32 | Train Loss: 0.6671127 Vali Loss: 0.3666804 Test Loss: 0.4343884
Validation loss decreased (0.385399 --> 0.366680).  Saving model ...
Updating learning rate to 0.005
Epoch: 3 cost time: 1.3583495616912842
Epoch: 3, Steps: 32 | Train Loss: 0.6263372 Vali Loss: 0.3708996 Test Loss: 0.4271595
EarlyStopping counter: 1 out of 15
Updating learning rate to 0.005
Epoch: 4 cost time: 1.4002563953399658
Epoch: 4, Steps: 32 | Train Loss: 0.6064055 Vali Loss: 0.3673707 Test Loss: 0.4365695
EarlyStopping counter: 2 out of 15
Updating learning rate to 0.004
Epoch: 5 cost time: 1.3510353565216064
Epoch: 5, Steps: 32 | Train Loss: 0.5907411 Vali Loss: 0.3630975 Test Loss: 0.4316216
Validation loss decreased (0.366680 --> 0.363098).  Saving model ...
Updating learning rate to 0.0032000000000000006
Epoch: 6 cost time: 1.3737032413482666
Epoch: 6, Steps: 32 | Train Loss: 0.5797376 Vali Loss: 0.3672656 Test Loss: 0.4356202
EarlyStopping counter: 1 out of 15
Updating learning rate to 0.0025600000000000006
Epoch: 7 cost time: 1.4550056457519531
Epoch: 7, Steps: 32 | Train Loss: 0.5743175 Vali Loss: 0.3645049 Test Loss: 0.4315286
EarlyStopping counter: 2 out of 15
Updating learning rate to 0.0020480000000000003
Epoch: 8 cost time: 1.2133729457855225
Epoch: 8, Steps: 32 | Train Loss: 0.5649620 Vali Loss: 0.3721996 Test Loss: 0.4287422
EarlyStopping counter: 3 out of 15
Updating learning rate to 0.0016384000000000004
Epoch: 9 cost time: 1.3690776824951172
Epoch: 9, Steps: 32 | Train Loss: 0.5575517 Vali Loss: 0.3718977 Test Loss: 0.4367544
EarlyStopping counter: 4 out of 15
Updating learning rate to 0.0013107200000000005
Epoch: 10 cost time: 1.3714628219604492
Epoch: 10, Steps: 32 | Train Loss: 0.5517370 Vali Loss: 0.3654374 Test Loss: 0.4323027
EarlyStopping counter: 5 out of 15
Updating learning rate to 0.0010485760000000005
Epoch: 11 cost time: 1.3625895977020264
Epoch: 11, Steps: 32 | Train Loss: 0.5461995 Vali Loss: 0.3731254 Test Loss: 0.4314514
EarlyStopping counter: 6 out of 15
Updating learning rate to 0.0008388608000000005
Epoch: 12 cost time: 1.3553376197814941
Epoch: 12, Steps: 32 | Train Loss: 0.5421251 Vali Loss: 0.3690518 Test Loss: 0.4352174
EarlyStopping counter: 7 out of 15
Updating learning rate to 0.0006710886400000003
Epoch: 13 cost time: 1.3692033290863037
Epoch: 13, Steps: 32 | Train Loss: 0.5388453 Vali Loss: 0.3715500 Test Loss: 0.4366356
EarlyStopping counter: 8 out of 15
Updating learning rate to 0.0005368709120000003
Epoch: 14 cost time: 1.3222320079803467
Epoch: 14, Steps: 32 | Train Loss: 0.5361263 Vali Loss: 0.3742265 Test Loss: 0.4289366
EarlyStopping counter: 9 out of 15
Updating learning rate to 0.0004294967296000003
Epoch: 15 cost time: 1.311549186706543
Epoch: 15, Steps: 32 | Train Loss: 0.5323477 Vali Loss: 0.3720341 Test Loss: 0.4308827
EarlyStopping counter: 10 out of 15
Updating learning rate to 0.0003435973836800002
Epoch: 16 cost time: 1.2853953838348389
Epoch: 16, Steps: 32 | Train Loss: 0.5291829 Vali Loss: 0.3754984 Test Loss: 0.4294155
EarlyStopping counter: 11 out of 15
Updating learning rate to 0.0002748779069440002
Epoch: 17 cost time: 1.4438979625701904
Epoch: 17, Steps: 32 | Train Loss: 0.5275050 Vali Loss: 0.3697682 Test Loss: 0.4299836
EarlyStopping counter: 12 out of 15
Updating learning rate to 0.00021990232555520019
Epoch: 18 cost time: 1.3424057960510254
Epoch: 18, Steps: 32 | Train Loss: 0.5258298 Vali Loss: 0.3734975 Test Loss: 0.4315762
EarlyStopping counter: 13 out of 15
Updating learning rate to 0.00017592186044416015
Epoch: 19 cost time: 1.3143095970153809
Epoch: 19, Steps: 32 | Train Loss: 0.5250668 Vali Loss: 0.3760229 Test Loss: 0.4303890
EarlyStopping counter: 14 out of 15
Updating learning rate to 0.00014073748835532812
Epoch: 20 cost time: 1.401756763458252
Epoch: 20, Steps: 32 | Train Loss: 0.5234434 Vali Loss: 0.3754324 Test Loss: 0.4308557
EarlyStopping counter: 15 out of 15
Early stopping
>>>>>>>testing : ETTh2_96_336_CycleNet_ETTh2_ftM_sl96_pl336_cycle24_mlp_freqv21_seed2024<<<<<<<<<<<<<<<<<<<<<<<<<<<<<<<<<
test 2545
mse:0.4294346272945404, mae:0.4382302165031433
