============================================================
CONFIGURATION
============================================================
Device     : cuda:0
Dataset    : traffic
Pred len   : 720
Seed       : 2024

--- Data ---
enc_in     : 862
seq_len    : 96
cycle      : 168
use_revin  : 1
batch_size : 64

--- Model ---
model_type : mlp
d_model    : 512
mrt_layers : 1
freq_layers: 0
fusion     : mode=serial, gate=0, sparsity=0.0

--- Training ---
base_lr    : 0.002
Stage1     : epochs=30, patience=15
Stage2     : epochs=3, patience=3, freeze_backbone=1
Stage3 FreDF: False
Stage3a    : epochs=12, patience=6
Stage3b    : epochs=20, patience=10, freq×0.67 model×0.33 mrt×0.10
============================================================

============================================================
STAGE 1: Train MRT only (freq_layers=0)
============================================================
train 11465
val 1037
test 2789
    iters: 100, epoch: 1 | loss: 0.5644739 | speed: 0.2496s/iter; left: 1316s
Epoch: 1, Steps: 179 | Train: 0.6693377 Vali: 0.6632676 Test: 0.8156396
Validation loss decreased (inf --> 0.663268).  Saving model ...
Updating learning rate to 0.002
    iters: 100, epoch: 2 | loss: 0.3299271 | speed: 0.2412s/iter; left: 1228s
Epoch: 2, Steps: 179 | Train: 0.3646750 Vali: 0.4687145 Test: 0.5348887
Validation loss decreased (0.663268 --> 0.468715).  Saving model ...
Updating learning rate to 0.002
    iters: 100, epoch: 3 | loss: 0.3182256 | speed: 0.2414s/iter; left: 1186s
Epoch: 3, Steps: 179 | Train: 0.3083346 Vali: 0.4445687 Test: 0.5029631
Validation loss decreased (0.468715 --> 0.444569).  Saving model ...
Updating learning rate to 0.002
    iters: 100, epoch: 4 | loss: 0.2872661 | speed: 0.2406s/iter; left: 1139s
Epoch: 4, Steps: 179 | Train: 0.2904226 Vali: 0.4370389 Test: 0.4960045
Validation loss decreased (0.444569 --> 0.437039).  Saving model ...
Updating learning rate to 0.0016
    iters: 100, epoch: 5 | loss: 0.2946351 | speed: 0.2394s/iter; left: 1090s
Epoch: 5, Steps: 179 | Train: 0.2854473 Vali: 0.4343558 Test: 0.4937161
Validation loss decreased (0.437039 --> 0.434356).  Saving model ...
Updating learning rate to 0.0012800000000000003
    iters: 100, epoch: 6 | loss: 0.2857455 | speed: 0.2397s/iter; left: 1049s
Epoch: 6, Steps: 179 | Train: 0.2832123 Vali: 0.4330820 Test: 0.4916493
Validation loss decreased (0.434356 --> 0.433082).  Saving model ...
Updating learning rate to 0.0010240000000000002
    iters: 100, epoch: 7 | loss: 0.2812579 | speed: 0.2399s/iter; left: 1007s
Epoch: 7, Steps: 179 | Train: 0.2818117 Vali: 0.4304651 Test: 0.4903447
Validation loss decreased (0.433082 --> 0.430465).  Saving model ...
Updating learning rate to 0.0008192000000000002
    iters: 100, epoch: 8 | loss: 0.2806132 | speed: 0.2401s/iter; left: 965s
Epoch: 8, Steps: 179 | Train: 0.2808660 Vali: 0.4296383 Test: 0.4894846
Validation loss decreased (0.430465 --> 0.429638).  Saving model ...
Updating learning rate to 0.0006553600000000002
    iters: 100, epoch: 9 | loss: 0.2773312 | speed: 0.2402s/iter; left: 922s
Epoch: 9, Steps: 179 | Train: 0.2800625 Vali: 0.4290047 Test: 0.4891524
Validation loss decreased (0.429638 --> 0.429005).  Saving model ...
Updating learning rate to 0.0005242880000000002
    iters: 100, epoch: 10 | loss: 0.2834651 | speed: 0.2404s/iter; left: 880s
Epoch: 10, Steps: 179 | Train: 0.2795167 Vali: 0.4286025 Test: 0.4890475
Validation loss decreased (0.429005 --> 0.428602).  Saving model ...
Updating learning rate to 0.0004194304000000002
    iters: 100, epoch: 11 | loss: 0.2854028 | speed: 0.2401s/iter; left: 836s
Epoch: 11, Steps: 179 | Train: 0.2790291 Vali: 0.4284459 Test: 0.4886172
Validation loss decreased (0.428602 --> 0.428446).  Saving model ...
Updating learning rate to 0.0003355443200000002
    iters: 100, epoch: 12 | loss: 0.2636883 | speed: 0.2406s/iter; left: 794s
Epoch: 12, Steps: 179 | Train: 0.2786395 Vali: 0.4278563 Test: 0.4880377
Validation loss decreased (0.428446 --> 0.427856).  Saving model ...
Updating learning rate to 0.00026843545600000016
    iters: 100, epoch: 13 | loss: 0.2808153 | speed: 0.2404s/iter; left: 751s
Epoch: 13, Steps: 179 | Train: 0.2783299 Vali: 0.4270449 Test: 0.4878894
Validation loss decreased (0.427856 --> 0.427045).  Saving model ...
Updating learning rate to 0.00021474836480000011
    iters: 100, epoch: 14 | loss: 0.2755477 | speed: 0.2405s/iter; left: 708s
Epoch: 14, Steps: 179 | Train: 0.2780552 Vali: 0.4270122 Test: 0.4878569
Validation loss decreased (0.427045 --> 0.427012).  Saving model ...
Updating learning rate to 0.0001717986918400001
    iters: 100, epoch: 15 | loss: 0.2753610 | speed: 0.2404s/iter; left: 665s
Epoch: 15, Steps: 179 | Train: 0.2778379 Vali: 0.4269167 Test: 0.4874680
Validation loss decreased (0.427012 --> 0.426917).  Saving model ...
Updating learning rate to 0.0001374389534720001
    iters: 100, epoch: 16 | loss: 0.2774119 | speed: 0.2409s/iter; left: 623s
Epoch: 16, Steps: 179 | Train: 0.2776502 Vali: 0.4269171 Test: 0.4875977
EarlyStopping counter: 1 out of 15
Updating learning rate to 0.00010995116277760008
    iters: 100, epoch: 17 | loss: 0.2815199 | speed: 0.2409s/iter; left: 580s
Epoch: 17, Steps: 179 | Train: 0.2774908 Vali: 0.4270984 Test: 0.4873776
EarlyStopping counter: 2 out of 15
Updating learning rate to 8.796093022208007e-05
    iters: 100, epoch: 18 | loss: 0.2723563 | speed: 0.2413s/iter; left: 538s
Epoch: 18, Steps: 179 | Train: 0.2773974 Vali: 0.4262965 Test: 0.4873032
Validation loss decreased (0.426917 --> 0.426297).  Saving model ...
Updating learning rate to 7.036874417766406e-05
    iters: 100, epoch: 19 | loss: 0.2854172 | speed: 0.2410s/iter; left: 494s
Epoch: 19, Steps: 179 | Train: 0.2772774 Vali: 0.4262236 Test: 0.4871884
Validation loss decreased (0.426297 --> 0.426224).  Saving model ...
Updating learning rate to 5.6294995342131246e-05
    iters: 100, epoch: 20 | loss: 0.2793657 | speed: 0.2392s/iter; left: 447s
Epoch: 20, Steps: 179 | Train: 0.2771807 Vali: 0.4261737 Test: 0.4870545
Validation loss decreased (0.426224 --> 0.426174).  Saving model ...
Updating learning rate to 4.5035996273705005e-05
    iters: 100, epoch: 21 | loss: 0.2680896 | speed: 0.2422s/iter; left: 410s
Epoch: 21, Steps: 179 | Train: 0.2771203 Vali: 0.4262924 Test: 0.4871846
EarlyStopping counter: 1 out of 15
Updating learning rate to 3.6028797018964005e-05
    iters: 100, epoch: 22 | loss: 0.2793536 | speed: 0.2391s/iter; left: 361s
Epoch: 22, Steps: 179 | Train: 0.2770729 Vali: 0.4260007 Test: 0.4872013
Validation loss decreased (0.426174 --> 0.426001).  Saving model ...
Updating learning rate to 2.8823037615171206e-05
    iters: 100, epoch: 23 | loss: 0.2730825 | speed: 0.2409s/iter; left: 321s
Epoch: 23, Steps: 179 | Train: 0.2770216 Vali: 0.4260610 Test: 0.4870652
EarlyStopping counter: 1 out of 15
Updating learning rate to 2.3058430092136966e-05
    iters: 100, epoch: 24 | loss: 0.2804229 | speed: 0.2427s/iter; left: 280s
Epoch: 24, Steps: 179 | Train: 0.2769724 Vali: 0.4262906 Test: 0.4871763
EarlyStopping counter: 2 out of 15
Updating learning rate to 1.8446744073709574e-05
    iters: 100, epoch: 25 | loss: 0.2752026 | speed: 0.2420s/iter; left: 236s
Epoch: 25, Steps: 179 | Train: 0.2769539 Vali: 0.4262864 Test: 0.4871637
EarlyStopping counter: 3 out of 15
Updating learning rate to 1.475739525896766e-05
    iters: 100, epoch: 26 | loss: 0.2729165 | speed: 0.2404s/iter; left: 191s
Epoch: 26, Steps: 179 | Train: 0.2769242 Vali: 0.4263035 Test: 0.4870522
EarlyStopping counter: 4 out of 15
Updating learning rate to 1.1805916207174129e-05
    iters: 100, epoch: 27 | loss: 0.2834799 | speed: 0.2414s/iter; left: 149s
Epoch: 27, Steps: 179 | Train: 0.2768899 Vali: 0.4266016 Test: 0.4870788
EarlyStopping counter: 5 out of 15
Updating learning rate to 9.444732965739304e-06
    iters: 100, epoch: 28 | loss: 0.2781248 | speed: 0.2411s/iter; left: 106s
Epoch: 28, Steps: 179 | Train: 0.2768913 Vali: 0.4259417 Test: 0.4870914
Validation loss decreased (0.426001 --> 0.425942).  Saving model ...
Updating learning rate to 7.555786372591443e-06
    iters: 100, epoch: 29 | loss: 0.2777160 | speed: 0.2435s/iter; left: 63s
Epoch: 29, Steps: 179 | Train: 0.2768776 Vali: 0.4264648 Test: 0.4870815
EarlyStopping counter: 1 out of 15
Updating learning rate to 6.044629098073155e-06
    iters: 100, epoch: 30 | loss: 0.2738238 | speed: 0.2404s/iter; left: 19s
Epoch: 30, Steps: 179 | Train: 0.2768807 Vali: 0.4257794 Test: 0.4870533
Validation loss decreased (0.425942 --> 0.425779).  Saving model ...
Updating learning rate to 4.835703278458524e-06
STAGE 1 RESULT: mse=0.4867, mae=0.3186, smape=55.8442

============================================================
STAGE 2: Load MRT + add Freq branch (frozen backbone/MRT/cycle, max_epochs=3, patience=3)
============================================================
train 11465
val 1037
test 2789
Loaded 11 params from stage1, 0 new (Freq branch)
Trainable: 42,239 / 475,728 (8.9%)  freeze_backbone=1
    iters: 100, epoch: 1 | loss: 2.1191120 | speed: 0.2170s/iter; left: 95s
Epoch: 1, Train: 2.0970535 Vali: 0.4264692
[diag s2-1]  freq.rs=+0.0077 mask.mean=0.438 mask.std=0.141  mrt.rs=-0.4158
Validation loss decreased (inf --> 0.426469).  Saving model ...
    iters: 100, epoch: 2 | loss: 2.0748270 | speed: 0.2151s/iter; left: 56s
Epoch: 2, Train: 2.0970522 Vali: 0.4259520
[diag s2-2]  freq.rs=+0.0129 mask.mean=0.438 mask.std=0.141  mrt.rs=-0.4158
Validation loss decreased (0.426469 --> 0.425952).  Saving model ...
    iters: 100, epoch: 3 | loss: 2.0898046 | speed: 0.2156s/iter; left: 17s
Epoch: 3, Train: 2.0969695 Vali: 0.4260156
[diag s2-3]  freq.rs=+0.0171 mask.mean=0.438 mask.std=0.141  mrt.rs=-0.4158
EarlyStopping counter: 1 out of 3
STAGE 2 complete.

============================================================
SKIPPING Stage 3a (--no_stage3a): Stage 2 -> Stage 3b directly
============================================================

============================================================
STAGE 3b: Unfreeze all, group-wise LR (base=0.000600, max_epochs=20, patience=10) (pure MSE)
  LR groups: freq/gate ×0.67, model ×0.33, mrt/cycle ×0.10
============================================================
train 11465
val 1037
test 2789
Loaded stage3a checkpoint, unfreezing all parameters.
  Group freq/gate: 42,239 params, LR=0.000402
  Group model: 419,024 params, LR=0.000198
  Group mrt/cycle: 14,465 params, LR=0.000060
    iters: 100, epoch: 1 | loss: 0.2751808 | speed: 0.2438s/iter; left: 849s
Epoch: 1, Steps: 179 | Train: 0.2769079 Vali: 0.4261752 Test: 0.4870501
[diag 3b-1]  freq.rs=+0.0125 mask.mean=0.438 mask.std=0.141  mrt.rs=-0.4161
Validation loss decreased (inf --> 0.426175).  Saving model ...
Updating learning rate to 0.002
    iters: 100, epoch: 2 | loss: 0.2777554 | speed: 0.2422s/iter; left: 800s
Epoch: 2, Steps: 179 | Train: 0.2800004 Vali: 0.4278412 Test: 0.4886425
[diag 3b-2]  freq.rs=-0.1381 mask.mean=0.439 mask.std=0.142  mrt.rs=-0.4590
EarlyStopping counter: 1 out of 10
Updating learning rate to 0.002
    iters: 100, epoch: 3 | loss: 0.2864009 | speed: 0.2414s/iter; left: 754s
Epoch: 3, Steps: 179 | Train: 0.2776919 Vali: 0.4271306 Test: 0.4900454
[diag 3b-3]  freq.rs=-0.3645 mask.mean=0.443 mask.std=0.150  mrt.rs=-0.4778
EarlyStopping counter: 2 out of 10
Updating learning rate to 0.002
    iters: 100, epoch: 4 | loss: 0.2718168 | speed: 0.2461s/iter; left: 725s
Epoch: 4, Steps: 179 | Train: 0.2760592 Vali: 0.4258168 Test: 0.4907548
[diag 3b-4]  freq.rs=-0.5803 mask.mean=0.445 mask.std=0.160  mrt.rs=-0.4954
Validation loss decreased (0.426175 --> 0.425817).  Saving model ...
Updating learning rate to 0.0016
    iters: 100, epoch: 5 | loss: 0.2837125 | speed: 0.2434s/iter; left: 673s
Epoch: 5, Steps: 179 | Train: 0.2742702 Vali: 0.4251483 Test: 0.4932680
[diag 3b-5]  freq.rs=-0.6813 mask.mean=0.446 mask.std=0.167  mrt.rs=-0.4984
Validation loss decreased (0.425817 --> 0.425148).  Saving model ...
Updating learning rate to 0.0012800000000000003
    iters: 100, epoch: 6 | loss: 0.2767574 | speed: 0.2443s/iter; left: 632s
Epoch: 6, Steps: 179 | Train: 0.2731948 Vali: 0.4255230 Test: 0.4945909
[diag 3b-6]  freq.rs=-0.7393 mask.mean=0.447 mask.std=0.171  mrt.rs=-0.4970
EarlyStopping counter: 1 out of 10
Updating learning rate to 0.0010240000000000002
    iters: 100, epoch: 7 | loss: 0.2671066 | speed: 0.2449s/iter; left: 590s
Epoch: 7, Steps: 179 | Train: 0.2724232 Vali: 0.4244959 Test: 0.4934971
[diag 3b-7]  freq.rs=-0.7737 mask.mean=0.448 mask.std=0.174  mrt.rs=-0.4957
Validation loss decreased (0.425148 --> 0.424496).  Saving model ...
Updating learning rate to 0.0008192000000000002
    iters: 100, epoch: 8 | loss: 0.2762263 | speed: 0.2429s/iter; left: 541s
Epoch: 8, Steps: 179 | Train: 0.2717803 Vali: 0.4242088 Test: 0.4945077
[diag 3b-8]  freq.rs=-0.7979 mask.mean=0.448 mask.std=0.176  mrt.rs=-0.4934
Validation loss decreased (0.424496 --> 0.424209).  Saving model ...
Updating learning rate to 0.0006553600000000002
    iters: 100, epoch: 9 | loss: 0.2765607 | speed: 0.2427s/iter; left: 497s
Epoch: 9, Steps: 179 | Train: 0.2713423 Vali: 0.4246595 Test: 0.4949751
[diag 3b-9]  freq.rs=-0.8148 mask.mean=0.449 mask.std=0.177  mrt.rs=-0.4917
EarlyStopping counter: 1 out of 10
Updating learning rate to 0.0005242880000000002
    iters: 100, epoch: 10 | loss: 0.2656684 | speed: 0.2418s/iter; left: 452s
Epoch: 10, Steps: 179 | Train: 0.2709757 Vali: 0.4254718 Test: 0.4949052
[diag 3b-10]  freq.rs=-0.8256 mask.mean=0.449 mask.std=0.178  mrt.rs=-0.4892
EarlyStopping counter: 2 out of 10
Updating learning rate to 0.0004194304000000002
    iters: 100, epoch: 11 | loss: 0.2671494 | speed: 0.2423s/iter; left: 410s
Epoch: 11, Steps: 179 | Train: 0.2706301 Vali: 0.4262494 Test: 0.4961758
[diag 3b-11]  freq.rs=-0.8330 mask.mean=0.449 mask.std=0.179  mrt.rs=-0.4867
EarlyStopping counter: 3 out of 10
Updating learning rate to 0.0003355443200000002
    iters: 100, epoch: 12 | loss: 0.2626472 | speed: 0.2442s/iter; left: 369s
Epoch: 12, Steps: 179 | Train: 0.2704367 Vali: 0.4248156 Test: 0.4961001
[diag 3b-12]  freq.rs=-0.8391 mask.mean=0.449 mask.std=0.180  mrt.rs=-0.4854
EarlyStopping counter: 4 out of 10
Updating learning rate to 0.00026843545600000016
    iters: 100, epoch: 13 | loss: 0.2674128 | speed: 0.2444s/iter; left: 326s
Epoch: 13, Steps: 179 | Train: 0.2701834 Vali: 0.4244326 Test: 0.4960221
[diag 3b-13]  freq.rs=-0.8434 mask.mean=0.449 mask.std=0.180  mrt.rs=-0.4838
EarlyStopping counter: 5 out of 10
Updating learning rate to 0.00021474836480000011
    iters: 100, epoch: 14 | loss: 0.2807228 | speed: 0.2445s/iter; left: 282s
Epoch: 14, Steps: 179 | Train: 0.2700856 Vali: 0.4254299 Test: 0.4963040
[diag 3b-14]  freq.rs=-0.8467 mask.mean=0.450 mask.std=0.181  mrt.rs=-0.4825
EarlyStopping counter: 6 out of 10
Updating learning rate to 0.0001717986918400001
    iters: 100, epoch: 15 | loss: 0.2651089 | speed: 0.2447s/iter; left: 239s
Epoch: 15, Steps: 179 | Train: 0.2699394 Vali: 0.4246558 Test: 0.4960795
[diag 3b-15]  freq.rs=-0.8491 mask.mean=0.450 mask.std=0.181  mrt.rs=-0.4815
EarlyStopping counter: 7 out of 10
Updating learning rate to 0.0001374389534720001
    iters: 100, epoch: 16 | loss: 0.2688953 | speed: 0.2443s/iter; left: 194s
Epoch: 16, Steps: 179 | Train: 0.2697811 Vali: 0.4249411 Test: 0.4961859
[diag 3b-16]  freq.rs=-0.8510 mask.mean=0.450 mask.std=0.181  mrt.rs=-0.4802
EarlyStopping counter: 8 out of 10
Updating learning rate to 0.00010995116277760008
    iters: 100, epoch: 17 | loss: 0.2762280 | speed: 0.2457s/iter; left: 152s
Epoch: 17, Steps: 179 | Train: 0.2697427 Vali: 0.4247483 Test: 0.4966078
[diag 3b-17]  freq.rs=-0.8525 mask.mean=0.450 mask.std=0.181  mrt.rs=-0.4797
EarlyStopping counter: 9 out of 10
Updating learning rate to 8.796093022208007e-05
    iters: 100, epoch: 18 | loss: 0.2707874 | speed: 0.2419s/iter; left: 106s
Epoch: 18, Steps: 179 | Train: 0.2696623 Vali: 0.4241881 Test: 0.4965461
[diag 3b-18]  freq.rs=-0.8536 mask.mean=0.450 mask.std=0.181  mrt.rs=-0.4791
Validation loss decreased (0.424209 --> 0.424188).  Saving model ...
Updating learning rate to 7.036874417766406e-05
    iters: 100, epoch: 19 | loss: 0.2775363 | speed: 0.2430s/iter; left: 63s
Epoch: 19, Steps: 179 | Train: 0.2696024 Vali: 0.4251082 Test: 0.4967522
[diag 3b-19]  freq.rs=-0.8546 mask.mean=0.450 mask.std=0.182  mrt.rs=-0.4784
EarlyStopping counter: 1 out of 10
Updating learning rate to 5.6294995342131246e-05
    iters: 100, epoch: 20 | loss: 0.2760736 | speed: 0.2417s/iter; left: 19s
Epoch: 20, Steps: 179 | Train: 0.2695312 Vali: 0.4243187 Test: 0.4965885
[diag 3b-20]  freq.rs=-0.8550 mask.mean=0.450 mask.std=0.182  mrt.rs=-0.4779
EarlyStopping counter: 2 out of 10
Updating learning rate to 4.5035996273705005e-05

============================================================
FINAL RESULT (Stage 3b): mse=0.4963, mae=0.3133, smape=55.0996
============================================================
[diag 3b-final]  freq.rs=-0.8536 mask.mean=0.450 mask.std=0.181  mrt.rs=-0.4791
