============================================================
CONFIGURATION
============================================================
Device     : cuda:0
Dataset    : traffic
Pred len   : 720
Seed       : 2024

--- Data ---
enc_in     : 862
seq_len    : 96
cycle      : 168
use_revin  : 1
batch_size : 64

--- Model ---
model_type : mlp
d_model    : 512
mrt_layers : 1
freq_layers: 0
fusion     : mode=serial, gate=0, sparsity=0.0

--- Training ---
base_lr    : 0.002
Stage1     : epochs=30, patience=15
Stage2     : epochs=3, patience=3, freeze_backbone=1
Stage3     : SKIPPED (stage2_only)
============================================================

============================================================
STAGE 1: Train MRT only (freq_layers=0)
============================================================
train 11465
val 1037
test 2789
    iters: 100, epoch: 1 | loss: 0.5644739 | speed: 0.2499s/iter; left: 1317s
Epoch: 1, Steps: 179 | Train: 0.6693377 Vali: 0.6632676 Test: 0.8156396
Validation loss decreased (inf --> 0.663268).  Saving model ...
Updating learning rate to 0.002
    iters: 100, epoch: 2 | loss: 0.3299271 | speed: 0.2431s/iter; left: 1238s
Epoch: 2, Steps: 179 | Train: 0.3646750 Vali: 0.4687145 Test: 0.5348888
Validation loss decreased (0.663268 --> 0.468714).  Saving model ...
Updating learning rate to 0.002
    iters: 100, epoch: 3 | loss: 0.3182257 | speed: 0.2430s/iter; left: 1194s
Epoch: 3, Steps: 179 | Train: 0.3083346 Vali: 0.4445687 Test: 0.5029629
Validation loss decreased (0.468714 --> 0.444569).  Saving model ...
Updating learning rate to 0.002
    iters: 100, epoch: 4 | loss: 0.2872662 | speed: 0.2440s/iter; left: 1155s
Epoch: 4, Steps: 179 | Train: 0.2904226 Vali: 0.4370386 Test: 0.4960024
Validation loss decreased (0.444569 --> 0.437039).  Saving model ...
Updating learning rate to 0.0016
    iters: 100, epoch: 5 | loss: 0.2946349 | speed: 0.2456s/iter; left: 1119s
Epoch: 5, Steps: 179 | Train: 0.2854472 Vali: 0.4343552 Test: 0.4937139
Validation loss decreased (0.437039 --> 0.434355).  Saving model ...
Updating learning rate to 0.0012800000000000003
    iters: 100, epoch: 6 | loss: 0.2857456 | speed: 0.2453s/iter; left: 1074s
Epoch: 6, Steps: 179 | Train: 0.2832124 Vali: 0.4330805 Test: 0.4916452
Validation loss decreased (0.434355 --> 0.433081).  Saving model ...
Updating learning rate to 0.0010240000000000002
    iters: 100, epoch: 7 | loss: 0.2812575 | speed: 0.2439s/iter; left: 1024s
Epoch: 7, Steps: 179 | Train: 0.2818118 Vali: 0.4304656 Test: 0.4903452
Validation loss decreased (0.433081 --> 0.430466).  Saving model ...
Updating learning rate to 0.0008192000000000002
    iters: 100, epoch: 8 | loss: 0.2806133 | speed: 0.2439s/iter; left: 980s
Epoch: 8, Steps: 179 | Train: 0.2808661 Vali: 0.4296383 Test: 0.4894868
Validation loss decreased (0.430466 --> 0.429638).  Saving model ...
Updating learning rate to 0.0006553600000000002
    iters: 100, epoch: 9 | loss: 0.2773318 | speed: 0.2461s/iter; left: 945s
Epoch: 9, Steps: 179 | Train: 0.2800625 Vali: 0.4290043 Test: 0.4891507
Validation loss decreased (0.429638 --> 0.429004).  Saving model ...
Updating learning rate to 0.0005242880000000002
    iters: 100, epoch: 10 | loss: 0.2834651 | speed: 0.2433s/iter; left: 891s
Epoch: 10, Steps: 179 | Train: 0.2795167 Vali: 0.4286032 Test: 0.4890512
Validation loss decreased (0.429004 --> 0.428603).  Saving model ...
Updating learning rate to 0.0004194304000000002
    iters: 100, epoch: 11 | loss: 0.2854026 | speed: 0.2429s/iter; left: 846s
Epoch: 11, Steps: 179 | Train: 0.2790291 Vali: 0.4284460 Test: 0.4886174
Validation loss decreased (0.428603 --> 0.428446).  Saving model ...
Updating learning rate to 0.0003355443200000002
    iters: 100, epoch: 12 | loss: 0.2636882 | speed: 0.2427s/iter; left: 801s
Epoch: 12, Steps: 179 | Train: 0.2786394 Vali: 0.4278560 Test: 0.4880383
Validation loss decreased (0.428446 --> 0.427856).  Saving model ...
Updating learning rate to 0.00026843545600000016
    iters: 100, epoch: 13 | loss: 0.2808156 | speed: 0.2423s/iter; left: 757s
Epoch: 13, Steps: 179 | Train: 0.2783298 Vali: 0.4270445 Test: 0.4878883
Validation loss decreased (0.427856 --> 0.427044).  Saving model ...
Updating learning rate to 0.00021474836480000011
    iters: 100, epoch: 14 | loss: 0.2755475 | speed: 0.2445s/iter; left: 720s
Epoch: 14, Steps: 179 | Train: 0.2780551 Vali: 0.4270116 Test: 0.4878561
Validation loss decreased (0.427044 --> 0.427012).  Saving model ...
Updating learning rate to 0.0001717986918400001
    iters: 100, epoch: 15 | loss: 0.2753616 | speed: 0.2432s/iter; left: 672s
Epoch: 15, Steps: 179 | Train: 0.2778378 Vali: 0.4269162 Test: 0.4874669
Validation loss decreased (0.427012 --> 0.426916).  Saving model ...
Updating learning rate to 0.0001374389534720001
    iters: 100, epoch: 16 | loss: 0.2774115 | speed: 0.2424s/iter; left: 627s
Epoch: 16, Steps: 179 | Train: 0.2776501 Vali: 0.4269167 Test: 0.4875956
EarlyStopping counter: 1 out of 15
Updating learning rate to 0.00010995116277760008
    iters: 100, epoch: 17 | loss: 0.2815199 | speed: 0.2426s/iter; left: 584s
Epoch: 17, Steps: 179 | Train: 0.2774907 Vali: 0.4270979 Test: 0.4873751
EarlyStopping counter: 2 out of 15
Updating learning rate to 8.796093022208007e-05
    iters: 100, epoch: 18 | loss: 0.2723561 | speed: 0.2432s/iter; left: 542s
Epoch: 18, Steps: 179 | Train: 0.2773973 Vali: 0.4262961 Test: 0.4873012
Validation loss decreased (0.426916 --> 0.426296).  Saving model ...
Updating learning rate to 7.036874417766406e-05
    iters: 100, epoch: 19 | loss: 0.2854169 | speed: 0.2428s/iter; left: 498s
Epoch: 19, Steps: 179 | Train: 0.2772773 Vali: 0.4262231 Test: 0.4871869
Validation loss decreased (0.426296 --> 0.426223).  Saving model ...
Updating learning rate to 5.6294995342131246e-05
    iters: 100, epoch: 20 | loss: 0.2793655 | speed: 0.2448s/iter; left: 458s
Epoch: 20, Steps: 179 | Train: 0.2771806 Vali: 0.4261734 Test: 0.4870535
Validation loss decreased (0.426223 --> 0.426173).  Saving model ...
Updating learning rate to 4.5035996273705005e-05
    iters: 100, epoch: 21 | loss: 0.2680895 | speed: 0.2450s/iter; left: 414s
Epoch: 21, Steps: 179 | Train: 0.2771203 Vali: 0.4262921 Test: 0.4871838
EarlyStopping counter: 1 out of 15
Updating learning rate to 3.6028797018964005e-05
    iters: 100, epoch: 22 | loss: 0.2793537 | speed: 0.2429s/iter; left: 367s
Epoch: 22, Steps: 179 | Train: 0.2770728 Vali: 0.4260003 Test: 0.4872002
Validation loss decreased (0.426173 --> 0.426000).  Saving model ...
Updating learning rate to 2.8823037615171206e-05
    iters: 100, epoch: 23 | loss: 0.2730823 | speed: 0.2438s/iter; left: 325s
Epoch: 23, Steps: 179 | Train: 0.2770215 Vali: 0.4260606 Test: 0.4870638
EarlyStopping counter: 1 out of 15
Updating learning rate to 2.3058430092136966e-05
    iters: 100, epoch: 24 | loss: 0.2804229 | speed: 0.2443s/iter; left: 282s
Epoch: 24, Steps: 179 | Train: 0.2769723 Vali: 0.4262902 Test: 0.4871751
EarlyStopping counter: 2 out of 15
Updating learning rate to 1.8446744073709574e-05
    iters: 100, epoch: 25 | loss: 0.2752021 | speed: 0.2435s/iter; left: 237s
Epoch: 25, Steps: 179 | Train: 0.2769538 Vali: 0.4262860 Test: 0.4871625
EarlyStopping counter: 3 out of 15
Updating learning rate to 1.475739525896766e-05
    iters: 100, epoch: 26 | loss: 0.2729166 | speed: 0.2458s/iter; left: 196s
Epoch: 26, Steps: 179 | Train: 0.2769241 Vali: 0.4263031 Test: 0.4870511
EarlyStopping counter: 4 out of 15
Updating learning rate to 1.1805916207174129e-05
    iters: 100, epoch: 27 | loss: 0.2834800 | speed: 0.2430s/iter; left: 150s
Epoch: 27, Steps: 179 | Train: 0.2768899 Vali: 0.4266013 Test: 0.4870779
EarlyStopping counter: 5 out of 15
Updating learning rate to 9.444732965739304e-06
    iters: 100, epoch: 28 | loss: 0.2781243 | speed: 0.2437s/iter; left: 107s
Epoch: 28, Steps: 179 | Train: 0.2768912 Vali: 0.4259413 Test: 0.4870905
Validation loss decreased (0.426000 --> 0.425941).  Saving model ...
Updating learning rate to 7.555786372591443e-06
    iters: 100, epoch: 29 | loss: 0.2777159 | speed: 0.2435s/iter; left: 63s
Epoch: 29, Steps: 179 | Train: 0.2768775 Vali: 0.4264644 Test: 0.4870807
EarlyStopping counter: 1 out of 15
Updating learning rate to 6.044629098073155e-06
    iters: 100, epoch: 30 | loss: 0.2738239 | speed: 0.2429s/iter; left: 19s
Epoch: 30, Steps: 179 | Train: 0.2768806 Vali: 0.4257791 Test: 0.4870525
Validation loss decreased (0.425941 --> 0.425779).  Saving model ...
Updating learning rate to 4.835703278458524e-06
STAGE 1 RESULT: mse=0.4867, mae=0.3186, smape=55.8442

============================================================
STAGE 2: Load MRT + add Freq branch (frozen backbone/MRT/cycle, max_epochs=3, patience=3)
============================================================
train 11465
val 1037
test 2789
Loaded 11 params from stage1, 0 new (Freq branch)
Trainable: 42,239 / 475,728 (8.9%)  freeze_backbone=1
    iters: 100, epoch: 1 | loss: 0.2830691 | speed: 0.2107s/iter; left: 92s
Epoch: 1, Train: 0.2768559 Vali: 0.4264624
[diag s2-1]  freq.rs=+0.0014 mask.mean=0.438 mask.std=0.141  mrt.rs=-0.4158
Validation loss decreased (inf --> 0.426462).  Saving model ...
    iters: 100, epoch: 2 | loss: 0.2719922 | speed: 0.2095s/iter; left: 54s
Epoch: 2, Train: 0.2768583 Vali: 0.4259392
[diag s2-2]  freq.rs=+0.0011 mask.mean=0.438 mask.std=0.141  mrt.rs=-0.4158
Validation loss decreased (0.426462 --> 0.425939).  Saving model ...
    iters: 100, epoch: 3 | loss: 0.2738440 | speed: 0.2107s/iter; left: 17s
Epoch: 3, Train: 0.2768378 Vali: 0.4259965
[diag s2-3]  freq.rs=+0.0012 mask.mean=0.438 mask.std=0.141  mrt.rs=-0.4158
EarlyStopping counter: 1 out of 3
STAGE 2 complete.

============================================================
STAGE 2 ONLY: Testing from Stage 2 checkpoint
============================================================
train 11465
val 1037
test 2789
[diag stage2-final]  freq.rs=+0.0011 mask.mean=0.438 mask.std=0.141  mrt.rs=-0.4158

============================================================
FINAL RESULT (Stage 2 only): mse=0.4867, mae=0.3186, smape=55.8442
============================================================
