============================================================
CONFIGURATION
============================================================
Device     : cuda:0
Dataset    : traffic
Pred len   : 336
Seed       : 2024

--- Data ---
enc_in     : 862
seq_len    : 96
cycle      : 168
use_revin  : 1
batch_size : 64

--- Model ---
model_type : mlp
d_model    : 512
mrt_layers : 1
freq_layers: 0
fusion     : mode=serial, gate=0, sparsity=0.0

--- Training ---
base_lr    : 0.002
Stage1     : epochs=30, patience=15
Stage2     : epochs=3, patience=3, freeze_backbone=0
Stage3     : SKIPPED (stage2_only)
============================================================

============================================================
STAGE 1: Train MRT only (freq_layers=0)
============================================================
train 11849
val 1421
test 3173
    iters: 100, epoch: 1 | loss: 0.5374975 | speed: 0.1738s/iter; left: 947s
Epoch: 1, Steps: 185 | Train: 0.6474841 Vali: 0.6183775 Test: 0.7699367
Validation loss decreased (inf --> 0.618378).  Saving model ...
Updating learning rate to 0.002
    iters: 100, epoch: 2 | loss: 0.3345019 | speed: 0.1710s/iter; left: 901s
Epoch: 2, Steps: 185 | Train: 0.3410029 Vali: 0.4225751 Test: 0.5066287
Validation loss decreased (0.618378 --> 0.422575).  Saving model ...
Updating learning rate to 0.002
    iters: 100, epoch: 3 | loss: 0.2925481 | speed: 0.1654s/iter; left: 841s
Epoch: 3, Steps: 185 | Train: 0.2878422 Vali: 0.4001505 Test: 0.4759461
Validation loss decreased (0.422575 --> 0.400151).  Saving model ...
Updating learning rate to 0.002
    iters: 100, epoch: 4 | loss: 0.2735229 | speed: 0.1634s/iter; left: 800s
Epoch: 4, Steps: 185 | Train: 0.2724130 Vali: 0.3957954 Test: 0.4714317
Validation loss decreased (0.400151 --> 0.395795).  Saving model ...
Updating learning rate to 0.0016
    iters: 100, epoch: 5 | loss: 0.2666012 | speed: 0.1655s/iter; left: 780s
Epoch: 5, Steps: 185 | Train: 0.2682165 Vali: 0.3927645 Test: 0.4683997
Validation loss decreased (0.395795 --> 0.392764).  Saving model ...
Updating learning rate to 0.0012800000000000003
    iters: 100, epoch: 6 | loss: 0.2719436 | speed: 0.1660s/iter; left: 751s
Epoch: 6, Steps: 185 | Train: 0.2660344 Vali: 0.3906870 Test: 0.4658195
Validation loss decreased (0.392764 --> 0.390687).  Saving model ...
Updating learning rate to 0.0010240000000000002
    iters: 100, epoch: 7 | loss: 0.2745785 | speed: 0.1641s/iter; left: 712s
Epoch: 7, Steps: 185 | Train: 0.2648050 Vali: 0.3890604 Test: 0.4640870
Validation loss decreased (0.390687 --> 0.389060).  Saving model ...
Updating learning rate to 0.0008192000000000002
    iters: 100, epoch: 8 | loss: 0.2504915 | speed: 0.1655s/iter; left: 688s
Epoch: 8, Steps: 185 | Train: 0.2639183 Vali: 0.3887725 Test: 0.4632326
Validation loss decreased (0.389060 --> 0.388773).  Saving model ...
Updating learning rate to 0.0006553600000000002
    iters: 100, epoch: 9 | loss: 0.2617542 | speed: 0.1638s/iter; left: 650s
Epoch: 9, Steps: 185 | Train: 0.2633205 Vali: 0.3882251 Test: 0.4627622
Validation loss decreased (0.388773 --> 0.388225).  Saving model ...
Updating learning rate to 0.0005242880000000002
    iters: 100, epoch: 10 | loss: 0.2657020 | speed: 0.1651s/iter; left: 625s
Epoch: 10, Steps: 185 | Train: 0.2626462 Vali: 0.3870869 Test: 0.4624325
Validation loss decreased (0.388225 --> 0.387087).  Saving model ...
Updating learning rate to 0.0004194304000000002
    iters: 100, epoch: 11 | loss: 0.2673720 | speed: 0.1644s/iter; left: 592s
Epoch: 11, Steps: 185 | Train: 0.2622852 Vali: 0.3868021 Test: 0.4617390
Validation loss decreased (0.387087 --> 0.386802).  Saving model ...
Updating learning rate to 0.0003355443200000002
    iters: 100, epoch: 12 | loss: 0.2698677 | speed: 0.1646s/iter; left: 562s
Epoch: 12, Steps: 185 | Train: 0.2618653 Vali: 0.3866568 Test: 0.4618586
Validation loss decreased (0.386802 --> 0.386657).  Saving model ...
Updating learning rate to 0.00026843545600000016
    iters: 100, epoch: 13 | loss: 0.2568989 | speed: 0.1654s/iter; left: 534s
Epoch: 13, Steps: 185 | Train: 0.2616162 Vali: 0.3861524 Test: 0.4614514
Validation loss decreased (0.386657 --> 0.386152).  Saving model ...
Updating learning rate to 0.00021474836480000011
    iters: 100, epoch: 14 | loss: 0.2651250 | speed: 0.1648s/iter; left: 502s
Epoch: 14, Steps: 185 | Train: 0.2613526 Vali: 0.3861068 Test: 0.4612052
Validation loss decreased (0.386152 --> 0.386107).  Saving model ...
Updating learning rate to 0.0001717986918400001
    iters: 100, epoch: 15 | loss: 0.2613537 | speed: 0.1641s/iter; left: 470s
Epoch: 15, Steps: 185 | Train: 0.2611295 Vali: 0.3856358 Test: 0.4611825
Validation loss decreased (0.386107 --> 0.385636).  Saving model ...
Updating learning rate to 0.0001374389534720001
    iters: 100, epoch: 16 | loss: 0.2648869 | speed: 0.1652s/iter; left: 442s
Epoch: 16, Steps: 185 | Train: 0.2609693 Vali: 0.3859626 Test: 0.4609737
EarlyStopping counter: 1 out of 15
Updating learning rate to 0.00010995116277760008
    iters: 100, epoch: 17 | loss: 0.2697977 | speed: 0.1658s/iter; left: 413s
Epoch: 17, Steps: 185 | Train: 0.2608577 Vali: 0.3856707 Test: 0.4610533
EarlyStopping counter: 2 out of 15
Updating learning rate to 8.796093022208007e-05
    iters: 100, epoch: 18 | loss: 0.2629984 | speed: 0.1665s/iter; left: 384s
Epoch: 18, Steps: 185 | Train: 0.2607061 Vali: 0.3856543 Test: 0.4607546
EarlyStopping counter: 3 out of 15
Updating learning rate to 7.036874417766406e-05
    iters: 100, epoch: 19 | loss: 0.2632417 | speed: 0.1652s/iter; left: 350s
Epoch: 19, Steps: 185 | Train: 0.2606162 Vali: 0.3855664 Test: 0.4607178
Validation loss decreased (0.385636 --> 0.385566).  Saving model ...
Updating learning rate to 5.6294995342131246e-05
    iters: 100, epoch: 20 | loss: 0.2636750 | speed: 0.1642s/iter; left: 318s
Epoch: 20, Steps: 185 | Train: 0.2605503 Vali: 0.3852752 Test: 0.4606553
Validation loss decreased (0.385566 --> 0.385275).  Saving model ...
Updating learning rate to 4.5035996273705005e-05
    iters: 100, epoch: 21 | loss: 0.2660509 | speed: 0.1638s/iter; left: 287s
Epoch: 21, Steps: 185 | Train: 0.2604721 Vali: 0.3855266 Test: 0.4605270
EarlyStopping counter: 1 out of 15
Updating learning rate to 3.6028797018964005e-05
    iters: 100, epoch: 22 | loss: 0.2617866 | speed: 0.1653s/iter; left: 259s
Epoch: 22, Steps: 185 | Train: 0.2604186 Vali: 0.3853102 Test: 0.4605934
EarlyStopping counter: 2 out of 15
Updating learning rate to 2.8823037615171206e-05
    iters: 100, epoch: 23 | loss: 0.2653242 | speed: 0.1648s/iter; left: 228s
Epoch: 23, Steps: 185 | Train: 0.2603703 Vali: 0.3856598 Test: 0.4604940
EarlyStopping counter: 3 out of 15
Updating learning rate to 2.3058430092136966e-05
    iters: 100, epoch: 24 | loss: 0.2598673 | speed: 0.1642s/iter; left: 196s
Epoch: 24, Steps: 185 | Train: 0.2603197 Vali: 0.3856526 Test: 0.4604869
EarlyStopping counter: 4 out of 15
Updating learning rate to 1.8446744073709574e-05
    iters: 100, epoch: 25 | loss: 0.2586036 | speed: 0.1653s/iter; left: 167s
Epoch: 25, Steps: 185 | Train: 0.2603138 Vali: 0.3852482 Test: 0.4604336
Validation loss decreased (0.385275 --> 0.385248).  Saving model ...
Updating learning rate to 1.475739525896766e-05
    iters: 100, epoch: 26 | loss: 0.2612912 | speed: 0.1654s/iter; left: 137s
Epoch: 26, Steps: 185 | Train: 0.2602849 Vali: 0.3851363 Test: 0.4603998
Validation loss decreased (0.385248 --> 0.385136).  Saving model ...
Updating learning rate to 1.1805916207174129e-05
    iters: 100, epoch: 27 | loss: 0.2594804 | speed: 0.1638s/iter; left: 105s
Epoch: 27, Steps: 185 | Train: 0.2602625 Vali: 0.3851756 Test: 0.4604990
EarlyStopping counter: 1 out of 15
Updating learning rate to 9.444732965739304e-06
    iters: 100, epoch: 28 | loss: 0.2511567 | speed: 0.1654s/iter; left: 75s
Epoch: 28, Steps: 185 | Train: 0.2602617 Vali: 0.3853525 Test: 0.4604153
EarlyStopping counter: 2 out of 15
Updating learning rate to 7.555786372591443e-06
    iters: 100, epoch: 29 | loss: 0.2486239 | speed: 0.1654s/iter; left: 45s
Epoch: 29, Steps: 185 | Train: 0.2602260 Vali: 0.3851475 Test: 0.4604175
EarlyStopping counter: 3 out of 15
Updating learning rate to 6.044629098073155e-06
    iters: 100, epoch: 30 | loss: 0.2600833 | speed: 0.1641s/iter; left: 14s
Epoch: 30, Steps: 185 | Train: 0.2602166 Vali: 0.3852745 Test: 0.4604095
EarlyStopping counter: 4 out of 15
Updating learning rate to 4.835703278458524e-06
STAGE 1 RESULT: mse=0.4583, mae=0.3026, smape=53.4520

============================================================
STAGE 2: Load MRT + add Freq branch (frozen backbone/MRT/cycle, max_epochs=3, patience=3)
============================================================
train 11849
val 1421
test 3173
Loaded 11 params from stage1, 0 new (Freq branch)
Trainable: 264,271 / 278,736 (94.8%)  freeze_backbone=0
    iters: 100, epoch: 1 | loss: 1.4547962 | speed: 0.1351s/iter; left: 62s
Epoch: 1, Train: 1.4564404 Vali: 0.3846306
[diag s2-1]  freq.rs=+0.0038 mask.mean=0.438 mask.std=0.141  mrt.rs=-0.4013
Validation loss decreased (inf --> 0.384631).  Saving model ...
    iters: 100, epoch: 2 | loss: 1.4389434 | speed: 0.1349s/iter; left: 37s
Epoch: 2, Train: 1.4557402 Vali: 0.3845513
[diag s2-2]  freq.rs=+0.0041 mask.mean=0.438 mask.std=0.141  mrt.rs=-0.4013
Validation loss decreased (0.384631 --> 0.384551).  Saving model ...
    iters: 100, epoch: 3 | loss: 1.4462044 | speed: 0.1359s/iter; left: 12s
Epoch: 3, Train: 1.4554396 Vali: 0.3842606
[diag s2-3]  freq.rs=+0.0035 mask.mean=0.438 mask.std=0.141  mrt.rs=-0.4013
Validation loss decreased (0.384551 --> 0.384261).  Saving model ...
STAGE 2 complete.

============================================================
STAGE 2 ONLY: Testing from Stage 2 checkpoint
============================================================
train 11849
val 1421
test 3173
[diag stage2-final]  freq.rs=+0.0035 mask.mean=0.438 mask.std=0.141  mrt.rs=-0.4013

============================================================
FINAL RESULT (Stage 2 only): mse=0.4582, mae=0.3020, smape=53.3260
============================================================
