============================================================
CONFIGURATION
============================================================
Device     : cuda:0
Dataset    : traffic
Pred len   : 96
Seed       : 2024

--- Data ---
enc_in     : 862
seq_len    : 96
cycle      : 168
use_revin  : 1
batch_size : 64

--- Model ---
model_type : mlp
d_model    : 512
mrt_layers : 1
freq_layers: 0
fusion     : mode=serial, gate=0, sparsity=0.0

--- Training ---
base_lr    : 0.002
Stage1     : epochs=30, patience=15
Stage2     : epochs=3, patience=3, freeze_backbone=1
Stage3 FreDF: True
Stage3a    : epochs=12, patience=6
Stage3b    : epochs=20, patience=10, freq×0.67 model×0.33 mrt×0.10
============================================================

============================================================
STAGE 1: Train MRT only (freq_layers=0)
============================================================
train 12089
val 1661
test 3413
    iters: 100, epoch: 1 | loss: 0.5719926 | speed: 0.1208s/iter; left: 670s
Epoch: 1, Steps: 188 | Train: 0.6526191 Vali: 0.6533755 Test: 0.7758187
Validation loss decreased (inf --> 0.653376).  Saving model ...
Updating learning rate to 0.002
    iters: 100, epoch: 2 | loss: 0.3217340 | speed: 0.1129s/iter; left: 604s
Epoch: 2, Steps: 188 | Train: 0.3337763 Vali: 0.4188413 Test: 0.4637996
Validation loss decreased (0.653376 --> 0.418841).  Saving model ...
Updating learning rate to 0.002
    iters: 100, epoch: 3 | loss: 0.2545168 | speed: 0.1130s/iter; left: 583s
Epoch: 3, Steps: 188 | Train: 0.2672487 Vali: 0.4099151 Test: 0.4518679
Validation loss decreased (0.418841 --> 0.409915).  Saving model ...
Updating learning rate to 0.002
    iters: 100, epoch: 4 | loss: 0.2896046 | speed: 0.1137s/iter; left: 566s
Epoch: 4, Steps: 188 | Train: 0.2607596 Vali: 0.4020103 Test: 0.4448168
Validation loss decreased (0.409915 --> 0.402010).  Saving model ...
Updating learning rate to 0.0016
    iters: 100, epoch: 5 | loss: 0.2520482 | speed: 0.1121s/iter; left: 537s
Epoch: 5, Steps: 188 | Train: 0.2554365 Vali: 0.3970696 Test: 0.4411210
Validation loss decreased (0.402010 --> 0.397070).  Saving model ...
Updating learning rate to 0.0012800000000000003
    iters: 100, epoch: 6 | loss: 0.2645868 | speed: 0.1139s/iter; left: 524s
Epoch: 6, Steps: 188 | Train: 0.2519633 Vali: 0.3941365 Test: 0.4396022
Validation loss decreased (0.397070 --> 0.394136).  Saving model ...
Updating learning rate to 0.0010240000000000002
    iters: 100, epoch: 7 | loss: 0.2676128 | speed: 0.1141s/iter; left: 504s
Epoch: 7, Steps: 188 | Train: 0.2501241 Vali: 0.3918470 Test: 0.4379726
Validation loss decreased (0.394136 --> 0.391847).  Saving model ...
Updating learning rate to 0.0008192000000000002
    iters: 100, epoch: 8 | loss: 0.2529686 | speed: 0.1129s/iter; left: 477s
Epoch: 8, Steps: 188 | Train: 0.2493954 Vali: 0.3926665 Test: 0.4376709
EarlyStopping counter: 1 out of 15
Updating learning rate to 0.0006553600000000002
    iters: 100, epoch: 9 | loss: 0.2735926 | speed: 0.1140s/iter; left: 460s
Epoch: 9, Steps: 188 | Train: 0.2484529 Vali: 0.3907723 Test: 0.4369431
Validation loss decreased (0.391847 --> 0.390772).  Saving model ...
Updating learning rate to 0.0005242880000000002
    iters: 100, epoch: 10 | loss: 0.2473131 | speed: 0.1134s/iter; left: 436s
Epoch: 10, Steps: 188 | Train: 0.2478131 Vali: 0.3901230 Test: 0.4364356
Validation loss decreased (0.390772 --> 0.390123).  Saving model ...
Updating learning rate to 0.0004194304000000002
    iters: 100, epoch: 11 | loss: 0.2478906 | speed: 0.1135s/iter; left: 415s
Epoch: 11, Steps: 188 | Train: 0.2473323 Vali: 0.3907623 Test: 0.4359389
EarlyStopping counter: 1 out of 15
Updating learning rate to 0.0003355443200000002
    iters: 100, epoch: 12 | loss: 0.2420024 | speed: 0.1135s/iter; left: 394s
Epoch: 12, Steps: 188 | Train: 0.2469859 Vali: 0.3905833 Test: 0.4355860
EarlyStopping counter: 2 out of 15
Updating learning rate to 0.00026843545600000016
    iters: 100, epoch: 13 | loss: 0.2591219 | speed: 0.1166s/iter; left: 383s
Epoch: 13, Steps: 188 | Train: 0.2467864 Vali: 0.3892061 Test: 0.4353703
Validation loss decreased (0.390123 --> 0.389206).  Saving model ...
Updating learning rate to 0.00021474836480000011
    iters: 100, epoch: 14 | loss: 0.2402440 | speed: 0.1159s/iter; left: 359s
Epoch: 14, Steps: 188 | Train: 0.2464053 Vali: 0.3895424 Test: 0.4352567
EarlyStopping counter: 1 out of 15
Updating learning rate to 0.0001717986918400001
    iters: 100, epoch: 15 | loss: 0.2523692 | speed: 0.1166s/iter; left: 339s
Epoch: 15, Steps: 188 | Train: 0.2463339 Vali: 0.3896345 Test: 0.4349007
EarlyStopping counter: 2 out of 15
Updating learning rate to 0.0001374389534720001
    iters: 100, epoch: 16 | loss: 0.2430754 | speed: 0.1156s/iter; left: 315s
Epoch: 16, Steps: 188 | Train: 0.2461790 Vali: 0.3891810 Test: 0.4347790
Validation loss decreased (0.389206 --> 0.389181).  Saving model ...
Updating learning rate to 0.00010995116277760008
    iters: 100, epoch: 17 | loss: 0.2398833 | speed: 0.1141s/iter; left: 289s
Epoch: 17, Steps: 188 | Train: 0.2459854 Vali: 0.3888655 Test: 0.4345052
Validation loss decreased (0.389181 --> 0.388866).  Saving model ...
Updating learning rate to 8.796093022208007e-05
    iters: 100, epoch: 18 | loss: 0.2394915 | speed: 0.1154s/iter; left: 271s
Epoch: 18, Steps: 188 | Train: 0.2458835 Vali: 0.3881203 Test: 0.4344407
Validation loss decreased (0.388866 --> 0.388120).  Saving model ...
Updating learning rate to 7.036874417766406e-05
    iters: 100, epoch: 19 | loss: 0.2564895 | speed: 0.1151s/iter; left: 248s
Epoch: 19, Steps: 188 | Train: 0.2457932 Vali: 0.3894114 Test: 0.4343980
EarlyStopping counter: 1 out of 15
Updating learning rate to 5.6294995342131246e-05
    iters: 100, epoch: 20 | loss: 0.2404071 | speed: 0.1156s/iter; left: 228s
Epoch: 20, Steps: 188 | Train: 0.2456616 Vali: 0.3887392 Test: 0.4343814
EarlyStopping counter: 2 out of 15
Updating learning rate to 4.5035996273705005e-05
    iters: 100, epoch: 21 | loss: 0.2732997 | speed: 0.1158s/iter; left: 206s
Epoch: 21, Steps: 188 | Train: 0.2456473 Vali: 0.3880681 Test: 0.4343328
Validation loss decreased (0.388120 --> 0.388068).  Saving model ...
Updating learning rate to 3.6028797018964005e-05
    iters: 100, epoch: 22 | loss: 0.2567300 | speed: 0.1162s/iter; left: 185s
Epoch: 22, Steps: 188 | Train: 0.2455061 Vali: 0.3885277 Test: 0.4342071
EarlyStopping counter: 1 out of 15
Updating learning rate to 2.8823037615171206e-05
    iters: 100, epoch: 23 | loss: 0.2634819 | speed: 0.1166s/iter; left: 164s
Epoch: 23, Steps: 188 | Train: 0.2454451 Vali: 0.3892146 Test: 0.4342535
EarlyStopping counter: 2 out of 15
Updating learning rate to 2.3058430092136966e-05
    iters: 100, epoch: 24 | loss: 0.2554092 | speed: 0.1153s/iter; left: 140s
Epoch: 24, Steps: 188 | Train: 0.2454524 Vali: 0.3879566 Test: 0.4341481
Validation loss decreased (0.388068 --> 0.387957).  Saving model ...
Updating learning rate to 1.8446744073709574e-05
    iters: 100, epoch: 25 | loss: 0.2420327 | speed: 0.1134s/iter; left: 117s
Epoch: 25, Steps: 188 | Train: 0.2453070 Vali: 0.3885630 Test: 0.4341392
EarlyStopping counter: 1 out of 15
Updating learning rate to 1.475739525896766e-05
    iters: 100, epoch: 26 | loss: 0.2501513 | speed: 0.1157s/iter; left: 97s
Epoch: 26, Steps: 188 | Train: 0.2454053 Vali: 0.3886174 Test: 0.4341264
EarlyStopping counter: 2 out of 15
Updating learning rate to 1.1805916207174129e-05
    iters: 100, epoch: 27 | loss: 0.2356099 | speed: 0.1159s/iter; left: 76s
Epoch: 27, Steps: 188 | Train: 0.2453860 Vali: 0.3885826 Test: 0.4341177
EarlyStopping counter: 3 out of 15
Updating learning rate to 9.444732965739304e-06
    iters: 100, epoch: 28 | loss: 0.2229373 | speed: 0.1153s/iter; left: 54s
Epoch: 28, Steps: 188 | Train: 0.2452985 Vali: 0.3875661 Test: 0.4341105
Validation loss decreased (0.387957 --> 0.387566).  Saving model ...
Updating learning rate to 7.555786372591443e-06
    iters: 100, epoch: 29 | loss: 0.2441396 | speed: 0.1128s/iter; left: 31s
Epoch: 29, Steps: 188 | Train: 0.2453808 Vali: 0.3873725 Test: 0.4340697
Validation loss decreased (0.387566 --> 0.387372).  Saving model ...
Updating learning rate to 6.044629098073155e-06
    iters: 100, epoch: 30 | loss: 0.2396456 | speed: 0.1137s/iter; left: 10s
Epoch: 30, Steps: 188 | Train: 0.2452674 Vali: 0.3885020 Test: 0.4340612
EarlyStopping counter: 1 out of 15
Updating learning rate to 4.835703278458524e-06
STAGE 1 RESULT: mse=0.4368, mae=0.2937, smape=52.9412

============================================================
STAGE 2: Load MRT + add Freq branch (frozen backbone/MRT/cycle, max_epochs=3, patience=3)
============================================================
train 12089
val 1661
test 3413
Loaded 11 params from stage1, 0 new (Freq branch)
Trainable: 42,239 / 155,616 (27.1%)  freeze_backbone=1
    iters: 100, epoch: 1 | loss: 0.8030584 | speed: 0.0833s/iter; left: 39s
Epoch: 1, Train: 0.8409580 Vali: 0.3891854
[diag s2-1]  freq.rs=+0.0055 mask.mean=0.438 mask.std=0.141  mrt.rs=-0.3668
Validation loss decreased (inf --> 0.389185).  Saving model ...
    iters: 100, epoch: 2 | loss: 0.8360519 | speed: 0.0823s/iter; left: 23s
Epoch: 2, Train: 0.8408949 Vali: 0.3886846
[diag s2-2]  freq.rs=+0.0094 mask.mean=0.438 mask.std=0.141  mrt.rs=-0.3668
Validation loss decreased (0.389185 --> 0.388685).  Saving model ...
    iters: 100, epoch: 3 | loss: 0.8120113 | speed: 0.0829s/iter; left: 7s
Epoch: 3, Train: 0.8408492 Vali: 0.3879685
[diag s2-3]  freq.rs=+0.0128 mask.mean=0.438 mask.std=0.141  mrt.rs=-0.3668
Validation loss decreased (0.388685 --> 0.387968).  Saving model ...
STAGE 2 complete.

============================================================
SKIPPING Stage 3a (--no_stage3a): Stage 2 -> Stage 3b directly
============================================================

============================================================
STAGE 3b: Unfreeze all, group-wise LR (base=0.000600, max_epochs=20, patience=10) + FreDF(α=0.8)
  LR groups: freq/gate ×0.67, model ×0.33, mrt/cycle ×0.10
============================================================
train 12089
val 1661
test 3413
Loaded stage3a checkpoint, unfreezing all parameters.
  Group freq/gate: 42,239 params, LR=0.000402
  Group model: 98,912 params, LR=0.000198
  Group mrt/cycle: 14,465 params, LR=0.000060
    iters: 100, epoch: 1 | loss: 0.8630133 | speed: 0.1182s/iter; left: 433s
Epoch: 1, Steps: 188 | Train: 0.8408337 Vali: 0.3875187 Test: 0.4342051
[diag 3b-1]  freq.rs=+0.0130 mask.mean=0.438 mask.std=0.141  mrt.rs=-0.3656
Validation loss decreased (inf --> 0.387519).  Saving model ...
Updating learning rate to 0.002
    iters: 100, epoch: 2 | loss: 0.9142981 | speed: 0.1161s/iter; left: 403s
Epoch: 2, Steps: 188 | Train: 0.8461235 Vali: 0.3912712 Test: 0.4362329
[diag 3b-2]  freq.rs=-0.1149 mask.mean=0.440 mask.std=0.143  mrt.rs=-0.3950
EarlyStopping counter: 1 out of 10
Updating learning rate to 0.002
    iters: 100, epoch: 3 | loss: 0.8305672 | speed: 0.1158s/iter; left: 380s
Epoch: 3, Steps: 188 | Train: 0.8406175 Vali: 0.3890375 Test: 0.4343198
[diag 3b-3]  freq.rs=-0.3498 mask.mean=0.445 mask.std=0.160  mrt.rs=-0.4172
EarlyStopping counter: 2 out of 10
Updating learning rate to 0.002
    iters: 100, epoch: 4 | loss: 0.8467872 | speed: 0.1166s/iter; left: 361s
Epoch: 4, Steps: 188 | Train: 0.8371812 Vali: 0.3861069 Test: 0.4329305
[diag 3b-4]  freq.rs=-0.5804 mask.mean=0.447 mask.std=0.179  mrt.rs=-0.4334
Validation loss decreased (0.387519 --> 0.386107).  Saving model ...
Updating learning rate to 0.0016
    iters: 100, epoch: 5 | loss: 0.8497959 | speed: 0.1155s/iter; left: 336s
Epoch: 5, Steps: 188 | Train: 0.8333194 Vali: 0.3862435 Test: 0.4319430
[diag 3b-5]  freq.rs=-0.6870 mask.mean=0.448 mask.std=0.189  mrt.rs=-0.4321
EarlyStopping counter: 1 out of 10
Updating learning rate to 0.0012800000000000003
    iters: 100, epoch: 6 | loss: 0.8416622 | speed: 0.1180s/iter; left: 321s
Epoch: 6, Steps: 188 | Train: 0.8311154 Vali: 0.3855104 Test: 0.4310401
[diag 3b-6]  freq.rs=-0.7414 mask.mean=0.448 mask.std=0.194  mrt.rs=-0.4300
Validation loss decreased (0.386107 --> 0.385510).  Saving model ...
Updating learning rate to 0.0010240000000000002
    iters: 100, epoch: 7 | loss: 0.8228071 | speed: 0.1176s/iter; left: 298s
Epoch: 7, Steps: 188 | Train: 0.8293678 Vali: 0.3828400 Test: 0.4307951
[diag 3b-7]  freq.rs=-0.7742 mask.mean=0.449 mask.std=0.197  mrt.rs=-0.4276
Validation loss decreased (0.385510 --> 0.382840).  Saving model ...
Updating learning rate to 0.0008192000000000002
    iters: 100, epoch: 8 | loss: 0.8358676 | speed: 0.1164s/iter; left: 273s
Epoch: 8, Steps: 188 | Train: 0.8285866 Vali: 0.3842188 Test: 0.4304726
[diag 3b-8]  freq.rs=-0.7961 mask.mean=0.449 mask.std=0.199  mrt.rs=-0.4251
EarlyStopping counter: 1 out of 10
Updating learning rate to 0.0006553600000000002
    iters: 100, epoch: 9 | loss: 0.8178629 | speed: 0.1163s/iter; left: 251s
Epoch: 9, Steps: 188 | Train: 0.8277157 Vali: 0.3844168 Test: 0.4303884
[diag 3b-9]  freq.rs=-0.8084 mask.mean=0.449 mask.std=0.200  mrt.rs=-0.4217
EarlyStopping counter: 2 out of 10
Updating learning rate to 0.0005242880000000002
    iters: 100, epoch: 10 | loss: 0.8513587 | speed: 0.1159s/iter; left: 228s
Epoch: 10, Steps: 188 | Train: 0.8266906 Vali: 0.3839122 Test: 0.4297862
[diag 3b-10]  freq.rs=-0.8179 mask.mean=0.449 mask.std=0.201  mrt.rs=-0.4197
EarlyStopping counter: 3 out of 10
Updating learning rate to 0.0004194304000000002
    iters: 100, epoch: 11 | loss: 0.8813713 | speed: 0.1178s/iter; left: 210s
Epoch: 11, Steps: 188 | Train: 0.8262790 Vali: 0.3828812 Test: 0.4296983
[diag 3b-11]  freq.rs=-0.8237 mask.mean=0.449 mask.std=0.201  mrt.rs=-0.4170
EarlyStopping counter: 4 out of 10
Updating learning rate to 0.0003355443200000002
    iters: 100, epoch: 12 | loss: 0.8064777 | speed: 0.1158s/iter; left: 185s
Epoch: 12, Steps: 188 | Train: 0.8255630 Vali: 0.3832497 Test: 0.4296877
[diag 3b-12]  freq.rs=-0.8293 mask.mean=0.449 mask.std=0.202  mrt.rs=-0.4146
EarlyStopping counter: 5 out of 10
Updating learning rate to 0.00026843545600000016
    iters: 100, epoch: 13 | loss: 0.8178184 | speed: 0.1159s/iter; left: 163s
Epoch: 13, Steps: 188 | Train: 0.8251279 Vali: 0.3838137 Test: 0.4294504
[diag 3b-13]  freq.rs=-0.8318 mask.mean=0.450 mask.std=0.202  mrt.rs=-0.4127
EarlyStopping counter: 6 out of 10
Updating learning rate to 0.00021474836480000011
    iters: 100, epoch: 14 | loss: 0.8169684 | speed: 0.1169s/iter; left: 142s
Epoch: 14, Steps: 188 | Train: 0.8244689 Vali: 0.3836243 Test: 0.4291064
[diag 3b-14]  freq.rs=-0.8339 mask.mean=0.450 mask.std=0.202  mrt.rs=-0.4109
EarlyStopping counter: 7 out of 10
Updating learning rate to 0.0001717986918400001
    iters: 100, epoch: 15 | loss: 0.8236021 | speed: 0.1160s/iter; left: 119s
Epoch: 15, Steps: 188 | Train: 0.8243625 Vali: 0.3822423 Test: 0.4289681
[diag 3b-15]  freq.rs=-0.8358 mask.mean=0.450 mask.std=0.202  mrt.rs=-0.4094
Validation loss decreased (0.382840 --> 0.382242).  Saving model ...
Updating learning rate to 0.0001374389534720001
    iters: 100, epoch: 16 | loss: 0.8312910 | speed: 0.1165s/iter; left: 98s
Epoch: 16, Steps: 188 | Train: 0.8241787 Vali: 0.3833880 Test: 0.4287799
[diag 3b-16]  freq.rs=-0.8370 mask.mean=0.450 mask.std=0.203  mrt.rs=-0.4085
EarlyStopping counter: 1 out of 10
Updating learning rate to 0.00010995116277760008
    iters: 100, epoch: 17 | loss: 0.8365111 | speed: 0.1178s/iter; left: 77s
Epoch: 17, Steps: 188 | Train: 0.8239011 Vali: 0.3838638 Test: 0.4288093
[diag 3b-17]  freq.rs=-0.8379 mask.mean=0.450 mask.std=0.203  mrt.rs=-0.4072
EarlyStopping counter: 2 out of 10
Updating learning rate to 8.796093022208007e-05
    iters: 100, epoch: 18 | loss: 0.8120840 | speed: 0.1161s/iter; left: 54s
Epoch: 18, Steps: 188 | Train: 0.8237930 Vali: 0.3832775 Test: 0.4288246
[diag 3b-18]  freq.rs=-0.8388 mask.mean=0.450 mask.std=0.203  mrt.rs=-0.4062
EarlyStopping counter: 3 out of 10
Updating learning rate to 7.036874417766406e-05
    iters: 100, epoch: 19 | loss: 0.8096371 | speed: 0.1179s/iter; left: 33s
Epoch: 19, Steps: 188 | Train: 0.8237078 Vali: 0.3827719 Test: 0.4286751
[diag 3b-19]  freq.rs=-0.8392 mask.mean=0.450 mask.std=0.203  mrt.rs=-0.4057
EarlyStopping counter: 4 out of 10
Updating learning rate to 5.6294995342131246e-05
    iters: 100, epoch: 20 | loss: 0.8192731 | speed: 0.1174s/iter; left: 10s
Epoch: 20, Steps: 188 | Train: 0.8234738 Vali: 0.3824352 Test: 0.4287506
[diag 3b-20]  freq.rs=-0.8397 mask.mean=0.450 mask.std=0.203  mrt.rs=-0.4050
EarlyStopping counter: 5 out of 10
Updating learning rate to 4.5035996273705005e-05

============================================================
FINAL RESULT (Stage 3b): mse=0.4316, mae=0.2865, smape=51.6361
============================================================
[diag 3b-final]  freq.rs=-0.8358 mask.mean=0.450 mask.std=0.202  mrt.rs=-0.4094
