============================================================
CONFIGURATION
============================================================
Device     : cuda:0
Dataset    : traffic
Pred len   : 96
Seed       : 2024

--- Data ---
enc_in     : 862
seq_len    : 96
cycle      : 168
use_revin  : 1
batch_size : 64

--- Model ---
model_type : mlp
d_model    : 512
mrt_layers : 1
freq_layers: 0
fusion     : mode=serial, gate=0, sparsity=0.0

--- Training ---
base_lr    : 0.002
Stage1     : epochs=30, patience=15
Stage2     : epochs=3, patience=3, freeze_backbone=1
Stage3 FreDF: False
Stage3a    : epochs=12, patience=6
Stage3b    : epochs=20, patience=10, freq×0.67 model×0.33 mrt×0.10
============================================================

============================================================
STAGE 1: Train MRT only (freq_layers=0)
============================================================
train 12089
val 1661
test 3413
    iters: 100, epoch: 1 | loss: 0.5719926 | speed: 0.1253s/iter; left: 694s
Epoch: 1, Steps: 188 | Train: 0.6526191 Vali: 0.6533755 Test: 0.7758187
Validation loss decreased (inf --> 0.653376).  Saving model ...
Updating learning rate to 0.002
    iters: 100, epoch: 2 | loss: 0.3217340 | speed: 0.1148s/iter; left: 615s
Epoch: 2, Steps: 188 | Train: 0.3337763 Vali: 0.4188413 Test: 0.4637996
Validation loss decreased (0.653376 --> 0.418841).  Saving model ...
Updating learning rate to 0.002
    iters: 100, epoch: 3 | loss: 0.2545169 | speed: 0.1161s/iter; left: 600s
Epoch: 3, Steps: 188 | Train: 0.2672487 Vali: 0.4099152 Test: 0.4518671
Validation loss decreased (0.418841 --> 0.409915).  Saving model ...
Updating learning rate to 0.002
    iters: 100, epoch: 4 | loss: 0.2896048 | speed: 0.1158s/iter; left: 576s
Epoch: 4, Steps: 188 | Train: 0.2607596 Vali: 0.4020096 Test: 0.4448164
Validation loss decreased (0.409915 --> 0.402010).  Saving model ...
Updating learning rate to 0.0016
    iters: 100, epoch: 5 | loss: 0.2520477 | speed: 0.1167s/iter; left: 559s
Epoch: 5, Steps: 188 | Train: 0.2554364 Vali: 0.3970678 Test: 0.4411196
Validation loss decreased (0.402010 --> 0.397068).  Saving model ...
Updating learning rate to 0.0012800000000000003
    iters: 100, epoch: 6 | loss: 0.2645860 | speed: 0.1159s/iter; left: 533s
Epoch: 6, Steps: 188 | Train: 0.2519630 Vali: 0.3941341 Test: 0.4396008
Validation loss decreased (0.397068 --> 0.394134).  Saving model ...
Updating learning rate to 0.0010240000000000002
    iters: 100, epoch: 7 | loss: 0.2676124 | speed: 0.1154s/iter; left: 509s
Epoch: 7, Steps: 188 | Train: 0.2501237 Vali: 0.3918451 Test: 0.4379714
Validation loss decreased (0.394134 --> 0.391845).  Saving model ...
Updating learning rate to 0.0008192000000000002
    iters: 100, epoch: 8 | loss: 0.2529687 | speed: 0.1156s/iter; left: 488s
Epoch: 8, Steps: 188 | Train: 0.2493952 Vali: 0.3926658 Test: 0.4376702
EarlyStopping counter: 1 out of 15
Updating learning rate to 0.0006553600000000002
    iters: 100, epoch: 9 | loss: 0.2735926 | speed: 0.1161s/iter; left: 469s
Epoch: 9, Steps: 188 | Train: 0.2484526 Vali: 0.3907735 Test: 0.4369459
Validation loss decreased (0.391845 --> 0.390773).  Saving model ...
Updating learning rate to 0.0005242880000000002
    iters: 100, epoch: 10 | loss: 0.2473126 | speed: 0.1178s/iter; left: 453s
Epoch: 10, Steps: 188 | Train: 0.2478128 Vali: 0.3901226 Test: 0.4364366
Validation loss decreased (0.390773 --> 0.390123).  Saving model ...
Updating learning rate to 0.0004194304000000002
    iters: 100, epoch: 11 | loss: 0.2478898 | speed: 0.1159s/iter; left: 424s
Epoch: 11, Steps: 188 | Train: 0.2473321 Vali: 0.3907618 Test: 0.4359393
EarlyStopping counter: 1 out of 15
Updating learning rate to 0.0003355443200000002
    iters: 100, epoch: 12 | loss: 0.2420018 | speed: 0.1162s/iter; left: 404s
Epoch: 12, Steps: 188 | Train: 0.2469857 Vali: 0.3905830 Test: 0.4355864
EarlyStopping counter: 2 out of 15
Updating learning rate to 0.00026843545600000016
    iters: 100, epoch: 13 | loss: 0.2591213 | speed: 0.1174s/iter; left: 386s
Epoch: 13, Steps: 188 | Train: 0.2467863 Vali: 0.3892055 Test: 0.4353704
Validation loss decreased (0.390123 --> 0.389205).  Saving model ...
Updating learning rate to 0.00021474836480000011
    iters: 100, epoch: 14 | loss: 0.2402440 | speed: 0.1166s/iter; left: 361s
Epoch: 14, Steps: 188 | Train: 0.2464052 Vali: 0.3895420 Test: 0.4352560
EarlyStopping counter: 1 out of 15
Updating learning rate to 0.0001717986918400001
    iters: 100, epoch: 15 | loss: 0.2523694 | speed: 0.1153s/iter; left: 335s
Epoch: 15, Steps: 188 | Train: 0.2463338 Vali: 0.3896342 Test: 0.4349006
EarlyStopping counter: 2 out of 15
Updating learning rate to 0.0001374389534720001
    iters: 100, epoch: 16 | loss: 0.2430755 | speed: 0.1158s/iter; left: 315s
Epoch: 16, Steps: 188 | Train: 0.2461789 Vali: 0.3891810 Test: 0.4347797
Validation loss decreased (0.389205 --> 0.389181).  Saving model ...
Updating learning rate to 0.00010995116277760008
    iters: 100, epoch: 17 | loss: 0.2398833 | speed: 0.1175s/iter; left: 298s
Epoch: 17, Steps: 188 | Train: 0.2459853 Vali: 0.3888653 Test: 0.4345054
Validation loss decreased (0.389181 --> 0.388865).  Saving model ...
Updating learning rate to 8.796093022208007e-05
    iters: 100, epoch: 18 | loss: 0.2394915 | speed: 0.1163s/iter; left: 273s
Epoch: 18, Steps: 188 | Train: 0.2458834 Vali: 0.3881201 Test: 0.4344404
Validation loss decreased (0.388865 --> 0.388120).  Saving model ...
Updating learning rate to 7.036874417766406e-05
    iters: 100, epoch: 19 | loss: 0.2564892 | speed: 0.1159s/iter; left: 250s
Epoch: 19, Steps: 188 | Train: 0.2457932 Vali: 0.3894111 Test: 0.4343977
EarlyStopping counter: 1 out of 15
Updating learning rate to 5.6294995342131246e-05
    iters: 100, epoch: 20 | loss: 0.2404078 | speed: 0.1159s/iter; left: 228s
Epoch: 20, Steps: 188 | Train: 0.2456616 Vali: 0.3887390 Test: 0.4343810
EarlyStopping counter: 2 out of 15
Updating learning rate to 4.5035996273705005e-05
    iters: 100, epoch: 21 | loss: 0.2732995 | speed: 0.1163s/iter; left: 207s
Epoch: 21, Steps: 188 | Train: 0.2456473 Vali: 0.3880682 Test: 0.4343330
Validation loss decreased (0.388120 --> 0.388068).  Saving model ...
Updating learning rate to 3.6028797018964005e-05
    iters: 100, epoch: 22 | loss: 0.2567302 | speed: 0.1161s/iter; left: 185s
Epoch: 22, Steps: 188 | Train: 0.2455061 Vali: 0.3885276 Test: 0.4342074
EarlyStopping counter: 1 out of 15
Updating learning rate to 2.8823037615171206e-05
    iters: 100, epoch: 23 | loss: 0.2634816 | speed: 0.1163s/iter; left: 163s
Epoch: 23, Steps: 188 | Train: 0.2454451 Vali: 0.3892144 Test: 0.4342536
EarlyStopping counter: 2 out of 15
Updating learning rate to 2.3058430092136966e-05
    iters: 100, epoch: 24 | loss: 0.2554090 | speed: 0.1169s/iter; left: 142s
Epoch: 24, Steps: 188 | Train: 0.2454523 Vali: 0.3879562 Test: 0.4341481
Validation loss decreased (0.388068 --> 0.387956).  Saving model ...
Updating learning rate to 1.8446744073709574e-05
    iters: 100, epoch: 25 | loss: 0.2420328 | speed: 0.1164s/iter; left: 120s
Epoch: 25, Steps: 188 | Train: 0.2453070 Vali: 0.3885628 Test: 0.4341394
EarlyStopping counter: 1 out of 15
Updating learning rate to 1.475739525896766e-05
    iters: 100, epoch: 26 | loss: 0.2501512 | speed: 0.1154s/iter; left: 97s
Epoch: 26, Steps: 188 | Train: 0.2454052 Vali: 0.3886171 Test: 0.4341264
EarlyStopping counter: 2 out of 15
Updating learning rate to 1.1805916207174129e-05
    iters: 100, epoch: 27 | loss: 0.2356101 | speed: 0.1155s/iter; left: 75s
Epoch: 27, Steps: 188 | Train: 0.2453859 Vali: 0.3885822 Test: 0.4341177
EarlyStopping counter: 3 out of 15
Updating learning rate to 9.444732965739304e-06
    iters: 100, epoch: 28 | loss: 0.2229377 | speed: 0.1154s/iter; left: 54s
Epoch: 28, Steps: 188 | Train: 0.2452985 Vali: 0.3875657 Test: 0.4341105
Validation loss decreased (0.387956 --> 0.387566).  Saving model ...
Updating learning rate to 7.555786372591443e-06
    iters: 100, epoch: 29 | loss: 0.2441397 | speed: 0.1156s/iter; left: 32s
Epoch: 29, Steps: 188 | Train: 0.2453808 Vali: 0.3873721 Test: 0.4340697
Validation loss decreased (0.387566 --> 0.387372).  Saving model ...
Updating learning rate to 6.044629098073155e-06
    iters: 100, epoch: 30 | loss: 0.2396455 | speed: 0.1168s/iter; left: 10s
Epoch: 30, Steps: 188 | Train: 0.2452674 Vali: 0.3885017 Test: 0.4340613
EarlyStopping counter: 1 out of 15
Updating learning rate to 4.835703278458524e-06
STAGE 1 RESULT: mse=0.4368, mae=0.2937, smape=52.9411

============================================================
STAGE 2: Load MRT + add Freq branch (frozen backbone/MRT/cycle, max_epochs=3, patience=3)
============================================================
train 12089
val 1661
test 3413
Loaded 11 params from stage1, 0 new (Freq branch)
Trainable: 42,239 / 155,616 (27.1%)  freeze_backbone=1
    iters: 100, epoch: 1 | loss: 0.2291491 | speed: 0.0824s/iter; left: 38s
Epoch: 1, Train: 0.2453361 Vali: 0.3891692
[diag s2-1]  freq.rs=+0.0007 mask.mean=0.438 mask.std=0.141  mrt.rs=-0.3668
Validation loss decreased (inf --> 0.389169).  Saving model ...
    iters: 100, epoch: 2 | loss: 0.2419475 | speed: 0.0823s/iter; left: 23s
Epoch: 2, Train: 0.2453279 Vali: 0.3886546
[diag s2-2]  freq.rs=+0.0008 mask.mean=0.438 mask.std=0.141  mrt.rs=-0.3668
Validation loss decreased (0.389169 --> 0.388655).  Saving model ...
    iters: 100, epoch: 3 | loss: 0.2299992 | speed: 0.0824s/iter; left: 7s
Epoch: 3, Train: 0.2453045 Vali: 0.3879287
[diag s2-3]  freq.rs=+0.0013 mask.mean=0.438 mask.std=0.141  mrt.rs=-0.3668
Validation loss decreased (0.388655 --> 0.387929).  Saving model ...
STAGE 2 complete.

============================================================
SKIPPING Stage 3a (--no_stage3a): Stage 2 -> Stage 3b directly
============================================================

============================================================
STAGE 3b: Unfreeze all, group-wise LR (base=0.000600, max_epochs=20, patience=10) (pure MSE)
  LR groups: freq/gate ×0.67, model ×0.33, mrt/cycle ×0.10
============================================================
train 12089
val 1661
test 3413
Loaded stage3a checkpoint, unfreezing all parameters.
  Group freq/gate: 42,239 params, LR=0.000402
  Group model: 98,912 params, LR=0.000198
  Group mrt/cycle: 14,465 params, LR=0.000060
    iters: 100, epoch: 1 | loss: 0.2578072 | speed: 0.1168s/iter; left: 428s
Epoch: 1, Steps: 188 | Train: 0.2454475 Vali: 0.3875239 Test: 0.4341101
[diag 3b-1]  freq.rs=+0.0013 mask.mean=0.438 mask.std=0.141  mrt.rs=-0.3670
Validation loss decreased (inf --> 0.387524).  Saving model ...
Updating learning rate to 0.002
    iters: 100, epoch: 2 | loss: 0.2863534 | speed: 0.1169s/iter; left: 406s
Epoch: 2, Steps: 188 | Train: 0.2489075 Vali: 0.3921157 Test: 0.4372625
[diag 3b-2]  freq.rs=-0.1430 mask.mean=0.440 mask.std=0.143  mrt.rs=-0.4058
EarlyStopping counter: 1 out of 10
Updating learning rate to 0.002
    iters: 100, epoch: 3 | loss: 0.2426571 | speed: 0.1177s/iter; left: 387s
Epoch: 3, Steps: 188 | Train: 0.2466446 Vali: 0.3901846 Test: 0.4355933
[diag 3b-3]  freq.rs=-0.3631 mask.mean=0.443 mask.std=0.153  mrt.rs=-0.4249
EarlyStopping counter: 2 out of 10
Updating learning rate to 0.002
    iters: 100, epoch: 4 | loss: 0.2471236 | speed: 0.1174s/iter; left: 364s
Epoch: 4, Steps: 188 | Train: 0.2453379 Vali: 0.3862681 Test: 0.4333917
[diag 3b-4]  freq.rs=-0.5711 mask.mean=0.445 mask.std=0.165  mrt.rs=-0.4436
Validation loss decreased (0.387524 --> 0.386268).  Saving model ...
Updating learning rate to 0.0016
    iters: 100, epoch: 5 | loss: 0.2533637 | speed: 0.1176s/iter; left: 342s
Epoch: 5, Steps: 188 | Train: 0.2433768 Vali: 0.3864605 Test: 0.4328502
[diag 3b-5]  freq.rs=-0.6731 mask.mean=0.446 mask.std=0.172  mrt.rs=-0.4446
EarlyStopping counter: 1 out of 10
Updating learning rate to 0.0012800000000000003
    iters: 100, epoch: 6 | loss: 0.2464116 | speed: 0.1174s/iter; left: 319s
Epoch: 6, Steps: 188 | Train: 0.2422785 Vali: 0.3850482 Test: 0.4311789
[diag 3b-6]  freq.rs=-0.7278 mask.mean=0.447 mask.std=0.176  mrt.rs=-0.4443
Validation loss decreased (0.386268 --> 0.385048).  Saving model ...
Updating learning rate to 0.0010240000000000002
    iters: 100, epoch: 7 | loss: 0.2432775 | speed: 0.1189s/iter; left: 301s
Epoch: 7, Steps: 188 | Train: 0.2413823 Vali: 0.3825608 Test: 0.4313255
[diag 3b-7]  freq.rs=-0.7624 mask.mean=0.447 mask.std=0.178  mrt.rs=-0.4426
Validation loss decreased (0.385048 --> 0.382561).  Saving model ...
Updating learning rate to 0.0008192000000000002
    iters: 100, epoch: 8 | loss: 0.2417948 | speed: 0.1183s/iter; left: 277s
Epoch: 8, Steps: 188 | Train: 0.2409703 Vali: 0.3839877 Test: 0.4310715
[diag 3b-8]  freq.rs=-0.7850 mask.mean=0.447 mask.std=0.180  mrt.rs=-0.4398
EarlyStopping counter: 1 out of 10
Updating learning rate to 0.0006553600000000002
    iters: 100, epoch: 9 | loss: 0.2404513 | speed: 0.1143s/iter; left: 247s
Epoch: 9, Steps: 188 | Train: 0.2405277 Vali: 0.3838586 Test: 0.4307558
[diag 3b-9]  freq.rs=-0.7987 mask.mean=0.447 mask.std=0.181  mrt.rs=-0.4378
EarlyStopping counter: 2 out of 10
Updating learning rate to 0.0005242880000000002
    iters: 100, epoch: 10 | loss: 0.2542391 | speed: 0.1173s/iter; left: 231s
Epoch: 10, Steps: 188 | Train: 0.2400445 Vali: 0.3829607 Test: 0.4300156
[diag 3b-10]  freq.rs=-0.8096 mask.mean=0.447 mask.std=0.182  mrt.rs=-0.4364
EarlyStopping counter: 3 out of 10
Updating learning rate to 0.0004194304000000002
    iters: 100, epoch: 11 | loss: 0.2649213 | speed: 0.1176s/iter; left: 209s
Epoch: 11, Steps: 188 | Train: 0.2398068 Vali: 0.3821173 Test: 0.4298976
[diag 3b-11]  freq.rs=-0.8163 mask.mean=0.448 mask.std=0.183  mrt.rs=-0.4340
Validation loss decreased (0.382561 --> 0.382117).  Saving model ...
Updating learning rate to 0.0003355443200000002
    iters: 100, epoch: 12 | loss: 0.2308450 | speed: 0.1190s/iter; left: 190s
Epoch: 12, Steps: 188 | Train: 0.2395323 Vali: 0.3824322 Test: 0.4299713
[diag 3b-12]  freq.rs=-0.8227 mask.mean=0.448 mask.std=0.183  mrt.rs=-0.4322
EarlyStopping counter: 1 out of 10
Updating learning rate to 0.00026843545600000016
    iters: 100, epoch: 13 | loss: 0.2330012 | speed: 0.1144s/iter; left: 161s
Epoch: 13, Steps: 188 | Train: 0.2392845 Vali: 0.3828842 Test: 0.4297394
[diag 3b-13]  freq.rs=-0.8260 mask.mean=0.448 mask.std=0.184  mrt.rs=-0.4308
EarlyStopping counter: 2 out of 10
Updating learning rate to 0.00021474836480000011
    iters: 100, epoch: 14 | loss: 0.2346198 | speed: 0.1151s/iter; left: 140s
Epoch: 14, Steps: 188 | Train: 0.2389633 Vali: 0.3826887 Test: 0.4295361
[diag 3b-14]  freq.rs=-0.8288 mask.mean=0.448 mask.std=0.184  mrt.rs=-0.4294
EarlyStopping counter: 3 out of 10
Updating learning rate to 0.0001717986918400001
    iters: 100, epoch: 15 | loss: 0.2375891 | speed: 0.1141s/iter; left: 117s
Epoch: 15, Steps: 188 | Train: 0.2389305 Vali: 0.3813048 Test: 0.4293619
[diag 3b-15]  freq.rs=-0.8311 mask.mean=0.448 mask.std=0.184  mrt.rs=-0.4282
Validation loss decreased (0.382117 --> 0.381305).  Saving model ...
Updating learning rate to 0.0001374389534720001
    iters: 100, epoch: 16 | loss: 0.2387564 | speed: 0.1152s/iter; left: 97s
Epoch: 16, Steps: 188 | Train: 0.2387787 Vali: 0.3824263 Test: 0.4292624
[diag 3b-16]  freq.rs=-0.8325 mask.mean=0.448 mask.std=0.184  mrt.rs=-0.4274
EarlyStopping counter: 1 out of 10
Updating learning rate to 0.00010995116277760008
    iters: 100, epoch: 17 | loss: 0.2419340 | speed: 0.1171s/iter; left: 76s
Epoch: 17, Steps: 188 | Train: 0.2386613 Vali: 0.3828482 Test: 0.4291391
[diag 3b-17]  freq.rs=-0.8336 mask.mean=0.448 mask.std=0.185  mrt.rs=-0.4262
EarlyStopping counter: 2 out of 10
Updating learning rate to 8.796093022208007e-05
    iters: 100, epoch: 18 | loss: 0.2318942 | speed: 0.1155s/iter; left: 54s
Epoch: 18, Steps: 188 | Train: 0.2386145 Vali: 0.3821652 Test: 0.4291941
[diag 3b-18]  freq.rs=-0.8348 mask.mean=0.448 mask.std=0.185  mrt.rs=-0.4255
EarlyStopping counter: 3 out of 10
Updating learning rate to 7.036874417766406e-05
    iters: 100, epoch: 19 | loss: 0.2300317 | speed: 0.1146s/iter; left: 32s
Epoch: 19, Steps: 188 | Train: 0.2385687 Vali: 0.3817245 Test: 0.4290198
[diag 3b-19]  freq.rs=-0.8353 mask.mean=0.448 mask.std=0.185  mrt.rs=-0.4250
EarlyStopping counter: 4 out of 10
Updating learning rate to 5.6294995342131246e-05
    iters: 100, epoch: 20 | loss: 0.2368753 | speed: 0.1151s/iter; left: 10s
Epoch: 20, Steps: 188 | Train: 0.2384783 Vali: 0.3814341 Test: 0.4291019
[diag 3b-20]  freq.rs=-0.8360 mask.mean=0.448 mask.std=0.185  mrt.rs=-0.4244
EarlyStopping counter: 5 out of 10
Updating learning rate to 4.5035996273705005e-05

============================================================
FINAL RESULT (Stage 3b): mse=0.4320, mae=0.2892, smape=52.2886
============================================================
[diag 3b-final]  freq.rs=-0.8311 mask.mean=0.448 mask.std=0.184  mrt.rs=-0.4282
