============================================================
CONFIGURATION
============================================================
Device     : cuda:0
Dataset    : traffic
Pred len   : 720
Seed       : 2024

--- Data ---
enc_in     : 862
seq_len    : 96
cycle      : 168
use_revin  : 1
batch_size : 64

--- Model ---
model_type : mlp
d_model    : 512
mrt_layers : 1
freq_layers: 0
fusion     : mode=serial, gate=0, sparsity=0.0

--- Training ---
base_lr    : 0.002
Stage1     : epochs=30, patience=15
Stage2     : epochs=3, patience=3, freeze_backbone=0
Stage3     : SKIPPED (stage2_only)
============================================================

============================================================
STAGE 1: Train MRT only (freq_layers=0)
============================================================
train 11465
val 1037
test 2789
    iters: 100, epoch: 1 | loss: 0.5644739 | speed: 0.2560s/iter; left: 1349s
Epoch: 1, Steps: 179 | Train: 0.6693377 Vali: 0.6632676 Test: 0.8156396
Validation loss decreased (inf --> 0.663268).  Saving model ...
Updating learning rate to 0.002
    iters: 100, epoch: 2 | loss: 0.3299271 | speed: 0.2442s/iter; left: 1243s
Epoch: 2, Steps: 179 | Train: 0.3646750 Vali: 0.4687145 Test: 0.5348887
Validation loss decreased (0.663268 --> 0.468714).  Saving model ...
Updating learning rate to 0.002
    iters: 100, epoch: 3 | loss: 0.3182258 | speed: 0.2416s/iter; left: 1187s
Epoch: 3, Steps: 179 | Train: 0.3083346 Vali: 0.4445686 Test: 0.5029629
Validation loss decreased (0.468714 --> 0.444569).  Saving model ...
Updating learning rate to 0.002
    iters: 100, epoch: 4 | loss: 0.2872662 | speed: 0.2421s/iter; left: 1146s
Epoch: 4, Steps: 179 | Train: 0.2904226 Vali: 0.4370388 Test: 0.4960020
Validation loss decreased (0.444569 --> 0.437039).  Saving model ...
Updating learning rate to 0.0016
    iters: 100, epoch: 5 | loss: 0.2946352 | speed: 0.2419s/iter; left: 1102s
Epoch: 5, Steps: 179 | Train: 0.2854472 Vali: 0.4343556 Test: 0.4937143
Validation loss decreased (0.437039 --> 0.434356).  Saving model ...
Updating learning rate to 0.0012800000000000003
    iters: 100, epoch: 6 | loss: 0.2857461 | speed: 0.2418s/iter; left: 1058s
Epoch: 6, Steps: 179 | Train: 0.2832124 Vali: 0.4330809 Test: 0.4916455
Validation loss decreased (0.434356 --> 0.433081).  Saving model ...
Updating learning rate to 0.0010240000000000002
    iters: 100, epoch: 7 | loss: 0.2812578 | speed: 0.2415s/iter; left: 1014s
Epoch: 7, Steps: 179 | Train: 0.2818118 Vali: 0.4304651 Test: 0.4903453
Validation loss decreased (0.433081 --> 0.430465).  Saving model ...
Updating learning rate to 0.0008192000000000002
    iters: 100, epoch: 8 | loss: 0.2806132 | speed: 0.2410s/iter; left: 968s
Epoch: 8, Steps: 179 | Train: 0.2808661 Vali: 0.4296382 Test: 0.4894877
Validation loss decreased (0.430465 --> 0.429638).  Saving model ...
Updating learning rate to 0.0006553600000000002
    iters: 100, epoch: 9 | loss: 0.2773317 | speed: 0.2420s/iter; left: 929s
Epoch: 9, Steps: 179 | Train: 0.2800626 Vali: 0.4290035 Test: 0.4891513
Validation loss decreased (0.429638 --> 0.429003).  Saving model ...
Updating learning rate to 0.0005242880000000002
    iters: 100, epoch: 10 | loss: 0.2834651 | speed: 0.2415s/iter; left: 884s
Epoch: 10, Steps: 179 | Train: 0.2795168 Vali: 0.4286020 Test: 0.4890469
Validation loss decreased (0.429003 --> 0.428602).  Saving model ...
Updating learning rate to 0.0004194304000000002
    iters: 100, epoch: 11 | loss: 0.2854029 | speed: 0.2422s/iter; left: 843s
Epoch: 11, Steps: 179 | Train: 0.2790292 Vali: 0.4284461 Test: 0.4886165
Validation loss decreased (0.428602 --> 0.428446).  Saving model ...
Updating learning rate to 0.0003355443200000002
    iters: 100, epoch: 12 | loss: 0.2636888 | speed: 0.2424s/iter; left: 801s
Epoch: 12, Steps: 179 | Train: 0.2786396 Vali: 0.4278561 Test: 0.4880374
Validation loss decreased (0.428446 --> 0.427856).  Saving model ...
Updating learning rate to 0.00026843545600000016
    iters: 100, epoch: 13 | loss: 0.2808158 | speed: 0.2439s/iter; left: 762s
Epoch: 13, Steps: 179 | Train: 0.2783299 Vali: 0.4270448 Test: 0.4878887
Validation loss decreased (0.427856 --> 0.427045).  Saving model ...
Updating learning rate to 0.00021474836480000011
    iters: 100, epoch: 14 | loss: 0.2755475 | speed: 0.2443s/iter; left: 719s
Epoch: 14, Steps: 179 | Train: 0.2780553 Vali: 0.4270121 Test: 0.4878574
Validation loss decreased (0.427045 --> 0.427012).  Saving model ...
Updating learning rate to 0.0001717986918400001
    iters: 100, epoch: 15 | loss: 0.2753607 | speed: 0.2431s/iter; left: 672s
Epoch: 15, Steps: 179 | Train: 0.2778380 Vali: 0.4269170 Test: 0.4874691
Validation loss decreased (0.427012 --> 0.426917).  Saving model ...
Updating learning rate to 0.0001374389534720001
    iters: 100, epoch: 16 | loss: 0.2774119 | speed: 0.2405s/iter; left: 622s
Epoch: 16, Steps: 179 | Train: 0.2776503 Vali: 0.4269169 Test: 0.4875965
Validation loss decreased (0.426917 --> 0.426917).  Saving model ...
Updating learning rate to 0.00010995116277760008
    iters: 100, epoch: 17 | loss: 0.2815198 | speed: 0.2429s/iter; left: 585s
Epoch: 17, Steps: 179 | Train: 0.2774909 Vali: 0.4270981 Test: 0.4873759
EarlyStopping counter: 1 out of 15
Updating learning rate to 8.796093022208007e-05
    iters: 100, epoch: 18 | loss: 0.2723565 | speed: 0.2413s/iter; left: 538s
Epoch: 18, Steps: 179 | Train: 0.2773975 Vali: 0.4262963 Test: 0.4873019
Validation loss decreased (0.426917 --> 0.426296).  Saving model ...
Updating learning rate to 7.036874417766406e-05
    iters: 100, epoch: 19 | loss: 0.2854173 | speed: 0.2418s/iter; left: 495s
Epoch: 19, Steps: 179 | Train: 0.2772775 Vali: 0.4262235 Test: 0.4871880
Validation loss decreased (0.426296 --> 0.426223).  Saving model ...
Updating learning rate to 5.6294995342131246e-05
    iters: 100, epoch: 20 | loss: 0.2793660 | speed: 0.2415s/iter; left: 452s
Epoch: 20, Steps: 179 | Train: 0.2771808 Vali: 0.4261738 Test: 0.4870547
Validation loss decreased (0.426223 --> 0.426174).  Saving model ...
Updating learning rate to 4.5035996273705005e-05
    iters: 100, epoch: 21 | loss: 0.2680901 | speed: 0.2402s/iter; left: 406s
Epoch: 21, Steps: 179 | Train: 0.2771204 Vali: 0.4262925 Test: 0.4871843
EarlyStopping counter: 1 out of 15
Updating learning rate to 3.6028797018964005e-05
    iters: 100, epoch: 22 | loss: 0.2793539 | speed: 0.2414s/iter; left: 365s
Epoch: 22, Steps: 179 | Train: 0.2770730 Vali: 0.4260008 Test: 0.4872006
Validation loss decreased (0.426174 --> 0.426001).  Saving model ...
Updating learning rate to 2.8823037615171206e-05
    iters: 100, epoch: 23 | loss: 0.2730833 | speed: 0.2430s/iter; left: 324s
Epoch: 23, Steps: 179 | Train: 0.2770217 Vali: 0.4260610 Test: 0.4870645
EarlyStopping counter: 1 out of 15
Updating learning rate to 2.3058430092136966e-05
    iters: 100, epoch: 24 | loss: 0.2804236 | speed: 0.2423s/iter; left: 280s
Epoch: 24, Steps: 179 | Train: 0.2769725 Vali: 0.4262905 Test: 0.4871755
EarlyStopping counter: 2 out of 15
Updating learning rate to 1.8446744073709574e-05
    iters: 100, epoch: 25 | loss: 0.2752025 | speed: 0.2413s/iter; left: 235s
Epoch: 25, Steps: 179 | Train: 0.2769540 Vali: 0.4262863 Test: 0.4871628
EarlyStopping counter: 3 out of 15
Updating learning rate to 1.475739525896766e-05
    iters: 100, epoch: 26 | loss: 0.2729169 | speed: 0.2414s/iter; left: 192s
Epoch: 26, Steps: 179 | Train: 0.2769243 Vali: 0.4263035 Test: 0.4870512
EarlyStopping counter: 4 out of 15
Updating learning rate to 1.1805916207174129e-05
    iters: 100, epoch: 27 | loss: 0.2834800 | speed: 0.2433s/iter; left: 150s
Epoch: 27, Steps: 179 | Train: 0.2768900 Vali: 0.4266016 Test: 0.4870779
EarlyStopping counter: 5 out of 15
Updating learning rate to 9.444732965739304e-06
    iters: 100, epoch: 28 | loss: 0.2781239 | speed: 0.2414s/iter; left: 106s
Epoch: 28, Steps: 179 | Train: 0.2768914 Vali: 0.4259417 Test: 0.4870905
Validation loss decreased (0.426001 --> 0.425942).  Saving model ...
Updating learning rate to 7.555786372591443e-06
    iters: 100, epoch: 29 | loss: 0.2777165 | speed: 0.2428s/iter; left: 63s
Epoch: 29, Steps: 179 | Train: 0.2768777 Vali: 0.4264647 Test: 0.4870805
EarlyStopping counter: 1 out of 15
Updating learning rate to 6.044629098073155e-06
    iters: 100, epoch: 30 | loss: 0.2738238 | speed: 0.2423s/iter; left: 19s
Epoch: 30, Steps: 179 | Train: 0.2768808 Vali: 0.4257793 Test: 0.4870523
Validation loss decreased (0.425942 --> 0.425779).  Saving model ...
Updating learning rate to 4.835703278458524e-06
STAGE 1 RESULT: mse=0.4867, mae=0.3186, smape=55.8443

============================================================
STAGE 2: Load MRT + add Freq branch (frozen backbone/MRT/cycle, max_epochs=3, patience=3)
============================================================
train 11465
val 1037
test 2789
Loaded 11 params from stage1, 0 new (Freq branch)
Trainable: 461,263 / 475,728 (97.0%)  freeze_backbone=0
    iters: 100, epoch: 1 | loss: 0.2831270 | speed: 0.2133s/iter; left: 93s
Epoch: 1, Train: 0.2770821 Vali: 0.4265060
[diag s2-1]  freq.rs=-0.0002 mask.mean=0.438 mask.std=0.141  mrt.rs=-0.4158
Validation loss decreased (inf --> 0.426506).  Saving model ...
    iters: 100, epoch: 2 | loss: 0.2721519 | speed: 0.2120s/iter; left: 55s
Epoch: 2, Train: 0.2769928 Vali: 0.4258742
[diag s2-2]  freq.rs=-0.0004 mask.mean=0.438 mask.std=0.141  mrt.rs=-0.4158
Validation loss decreased (0.426506 --> 0.425874).  Saving model ...
    iters: 100, epoch: 3 | loss: 0.2738855 | speed: 0.2135s/iter; left: 17s
Epoch: 3, Train: 0.2768844 Vali: 0.4259273
[diag s2-3]  freq.rs=-0.0004 mask.mean=0.438 mask.std=0.141  mrt.rs=-0.4158
EarlyStopping counter: 1 out of 3
STAGE 2 complete.

============================================================
STAGE 2 ONLY: Testing from Stage 2 checkpoint
============================================================
train 11465
val 1037
test 2789
[diag stage2-final]  freq.rs=-0.0004 mask.mean=0.438 mask.std=0.141  mrt.rs=-0.4158

============================================================
FINAL RESULT (Stage 2 only): mse=0.4868, mae=0.3186, smape=55.8515
============================================================
