============================================================
CONFIGURATION
============================================================
Device     : cuda:0
Dataset    : traffic
Pred len   : 720
Seed       : 2024

--- Data ---
enc_in     : 862
seq_len    : 96
cycle      : 168
use_revin  : 1
batch_size : 64

--- Model ---
model_type : mlp
d_model    : 512
mrt_layers : 1
freq_layers: 0
fusion     : mode=serial, gate=0, sparsity=0.0

--- Training ---
base_lr    : 0.002
Stage1     : epochs=30, patience=15
Stage2     : epochs=3, patience=3, freeze_backbone=1
Stage3 FreDF: True
Stage3a    : epochs=12, patience=6
Stage3b    : epochs=20, patience=10, freq×0.67 model×0.33 mrt×0.10
============================================================

============================================================
STAGE 1: Train MRT only (freq_layers=0)
============================================================
train 11465
val 1037
test 2789
    iters: 100, epoch: 1 | loss: 0.5644739 | speed: 0.2629s/iter; left: 1386s
Epoch: 1, Steps: 179 | Train: 0.6693377 Vali: 0.6632676 Test: 0.8156396
Validation loss decreased (inf --> 0.663268).  Saving model ...
Updating learning rate to 0.002
    iters: 100, epoch: 2 | loss: 0.3299271 | speed: 0.2514s/iter; left: 1280s
Epoch: 2, Steps: 179 | Train: 0.3646750 Vali: 0.4687146 Test: 0.5348887
Validation loss decreased (0.663268 --> 0.468715).  Saving model ...
Updating learning rate to 0.002
    iters: 100, epoch: 3 | loss: 0.3182257 | speed: 0.2514s/iter; left: 1235s
