Args in experiment:
Namespace(random_seed=2024, is_training=1, model_id='Solar_96_336', model='CycleNet', data='Solar', root_path='./dataset/Solar/', data_path='solar_AL.txt', features='M', target='OT', freq='h', checkpoints='./checkpoints/', seq_len=96, label_len=0, pred_len=336, cycle=144, model_type='mlp', use_revin=0, msc_layers=0, freq_layers=0, channel_attn_layers=0, mrt_layers=1, modern_layers=0, fc_dropout=0.05, head_dropout=0.0, patch_len=16, stride=8, padding_patch='end', revin=0, affine=0, subtract_last=0, decomposition=0, kernel_size=25, individual=0, rnn_type='gru', dec_way='pmf', seg_len=48, channel_id=1, period_len=24, embed_type=0, enc_in=137, dec_in=7, c_out=7, d_model=512, n_heads=8, e_layers=2, d_layers=1, d_ff=2048, moving_avg=25, factor=1, distil=True, dropout=0, embed='timeF', activation='gelu', output_attention=False, do_predict=False, num_workers=10, itr=1, train_epochs=30, batch_size=64, patience=5, learning_rate=0.01, des='test', loss='mse', lradj='type3', pct_start=0.3, use_amp=False, use_gpu=True, gpu=0, use_multi_gpu=False, devices='0,1', test_flop=False)
Use GPU: cuda:0
>>>>>>>start training : Solar_96_336_CycleNet_Solar_ftM_sl96_pl336_cycle144_mlp_mrt1_seed2024>>>>>>>>>>>>>>>>>>>>>>>>>>
train 36361
val 4921
test 10177
	iters: 100, epoch: 1 | loss: 0.2434614
	speed: 0.0385s/iter; left time: 651.6306s
	iters: 200, epoch: 1 | loss: 0.2262792
	speed: 0.0206s/iter; left time: 346.4656s
	iters: 300, epoch: 1 | loss: 0.2375501
	speed: 0.0213s/iter; left time: 356.2556s
	iters: 400, epoch: 1 | loss: 0.2135786
	speed: 0.0206s/iter; left time: 343.0042s
	iters: 500, epoch: 1 | loss: 0.1986222
	speed: 0.0208s/iter; left time: 343.8453s
Epoch: 1 cost time: 13.765660762786865
Epoch: 1, Steps: 568 | Train Loss: 0.2580783 Vali Loss: 0.1839628 Test Loss: 0.2867599
Validation loss decreased (inf --> 0.183963).  Saving model ...
Updating learning rate to 0.01
	iters: 100, epoch: 2 | loss: 0.2011286
	speed: 0.1421s/iter; left time: 2326.7185s
	iters: 200, epoch: 2 | loss: 0.1818973
	speed: 0.0211s/iter; left time: 343.7812s
	iters: 300, epoch: 2 | loss: 0.1926803
	speed: 0.0209s/iter; left time: 338.0841s
	iters: 400, epoch: 2 | loss: 0.1914475
	speed: 0.0214s/iter; left time: 343.8482s
	iters: 500, epoch: 2 | loss: 0.2048489
	speed: 0.0208s/iter; left time: 331.4439s
Epoch: 2 cost time: 13.55630111694336
Epoch: 2, Steps: 568 | Train Loss: 0.2007290 Vali Loss: 0.1673924 Test Loss: 0.2270577
Validation loss decreased (0.183963 --> 0.167392).  Saving model ...
Updating learning rate to 0.01
	iters: 100, epoch: 3 | loss: 0.1748958
	speed: 0.1511s/iter; left time: 2388.3129s
	iters: 200, epoch: 3 | loss: 0.2075938
	speed: 0.0204s/iter; left time: 319.7681s
	iters: 300, epoch: 3 | loss: 0.1814598
	speed: 0.0211s/iter; left time: 329.0632s
	iters: 400, epoch: 3 | loss: 0.1811125
	speed: 0.0202s/iter; left time: 313.5099s
	iters: 500, epoch: 3 | loss: 0.1926540
	speed: 0.0206s/iter; left time: 317.2097s
Epoch: 3 cost time: 13.367425918579102
Epoch: 3, Steps: 568 | Train Loss: 0.1857554 Vali Loss: 0.1660504 Test Loss: 0.2166456
Validation loss decreased (0.167392 --> 0.166050).  Saving model ...
Updating learning rate to 0.01
	iters: 100, epoch: 4 | loss: 0.1840569
	speed: 0.1569s/iter; left time: 2390.3265s
	iters: 200, epoch: 4 | loss: 0.1747275
	speed: 0.0201s/iter; left time: 304.3615s
	iters: 300, epoch: 4 | loss: 0.2217892
	speed: 0.0199s/iter; left time: 299.6967s
	iters: 400, epoch: 4 | loss: 0.1840180
	speed: 0.0198s/iter; left time: 295.4116s
	iters: 500, epoch: 4 | loss: 0.1816269
	speed: 0.0199s/iter; left time: 295.6298s
Epoch: 4 cost time: 13.152388095855713
Epoch: 4, Steps: 568 | Train Loss: 0.1845712 Vali Loss: 0.1666697 Test Loss: 0.2109062
EarlyStopping counter: 1 out of 5
Updating learning rate to 0.008
	iters: 100, epoch: 5 | loss: 0.1628696
	speed: 0.1576s/iter; left time: 2311.4765s
	iters: 200, epoch: 5 | loss: 0.2012862
	speed: 0.0209s/iter; left time: 303.9826s
	iters: 300, epoch: 5 | loss: 0.1806141
	speed: 0.0201s/iter; left time: 290.5543s
	iters: 400, epoch: 5 | loss: 0.1917537
	speed: 0.0210s/iter; left time: 302.0285s
	iters: 500, epoch: 5 | loss: 0.1800324
	speed: 0.0203s/iter; left time: 290.2909s
Epoch: 5 cost time: 13.431060314178467
Epoch: 5, Steps: 568 | Train Loss: 0.1816564 Vali Loss: 0.1668873 Test Loss: 0.2221381
EarlyStopping counter: 2 out of 5
Updating learning rate to 0.006400000000000001
	iters: 100, epoch: 6 | loss: 0.1725082
	speed: 0.1561s/iter; left time: 2201.5372s
	iters: 200, epoch: 6 | loss: 0.1774769
	speed: 0.0210s/iter; left time: 293.5691s
	iters: 300, epoch: 6 | loss: 0.1660038
	speed: 0.0208s/iter; left time: 289.1901s
	iters: 400, epoch: 6 | loss: 0.1719064
	speed: 0.0213s/iter; left time: 294.1063s
	iters: 500, epoch: 6 | loss: 0.1993791
	speed: 0.0216s/iter; left time: 295.6538s
Epoch: 6 cost time: 13.77798318862915
Epoch: 6, Steps: 568 | Train Loss: 0.1786467 Vali Loss: 0.1657497 Test Loss: 0.2253266
Validation loss decreased (0.166050 --> 0.165750).  Saving model ...
Updating learning rate to 0.005120000000000001
	iters: 100, epoch: 7 | loss: 0.1712725
	speed: 0.1581s/iter; left time: 2139.7546s
	iters: 200, epoch: 7 | loss: 0.1738627
	speed: 0.0207s/iter; left time: 277.4489s
	iters: 300, epoch: 7 | loss: 0.1777363
	speed: 0.0207s/iter; left time: 276.6120s
	iters: 400, epoch: 7 | loss: 0.1881870
	speed: 0.0202s/iter; left time: 267.5884s
	iters: 500, epoch: 7 | loss: 0.1731700
	speed: 0.0209s/iter; left time: 274.1841s
Epoch: 7 cost time: 13.413801431655884
Epoch: 7, Steps: 568 | Train Loss: 0.1771831 Vali Loss: 0.1645035 Test Loss: 0.2085352
Validation loss decreased (0.165750 --> 0.164504).  Saving model ...
Updating learning rate to 0.004096000000000001
	iters: 100, epoch: 8 | loss: 0.1824390
	speed: 0.1585s/iter; left time: 2055.1878s
	iters: 200, epoch: 8 | loss: 0.1740970
	speed: 0.0202s/iter; left time: 259.9152s
	iters: 300, epoch: 8 | loss: 0.1725608
	speed: 0.0200s/iter; left time: 255.7399s
	iters: 400, epoch: 8 | loss: 0.1696101
	speed: 0.0201s/iter; left time: 254.6955s
	iters: 500, epoch: 8 | loss: 0.1757350
	speed: 0.0198s/iter; left time: 248.6660s
Epoch: 8 cost time: 13.252687692642212
Epoch: 8, Steps: 568 | Train Loss: 0.1758227 Vali Loss: 0.1653295 Test Loss: 0.2183269
EarlyStopping counter: 1 out of 5
Updating learning rate to 0.0032768000000000007
	iters: 100, epoch: 9 | loss: 0.1731253
	speed: 0.1575s/iter; left time: 1952.9889s
	iters: 200, epoch: 9 | loss: 0.1734512
	speed: 0.0204s/iter; left time: 250.4889s
	iters: 300, epoch: 9 | loss: 0.1668485
	speed: 0.0208s/iter; left time: 253.3159s
	iters: 400, epoch: 9 | loss: 0.1564848
	speed: 0.0205s/iter; left time: 247.6061s
	iters: 500, epoch: 9 | loss: 0.1680308
	speed: 0.0204s/iter; left time: 244.5177s
Epoch: 9 cost time: 13.323548078536987
Epoch: 9, Steps: 568 | Train Loss: 0.1747178 Vali Loss: 0.1625715 Test Loss: 0.2098896
Validation loss decreased (0.164504 --> 0.162571).  Saving model ...
Updating learning rate to 0.002621440000000001
	iters: 100, epoch: 10 | loss: 0.1899880
	speed: 0.1587s/iter; left time: 1877.7928s
	iters: 200, epoch: 10 | loss: 0.1823812
	speed: 0.0214s/iter; left time: 251.3961s
	iters: 300, epoch: 10 | loss: 0.1668722
	speed: 0.0216s/iter; left time: 250.6809s
	iters: 400, epoch: 10 | loss: 0.1798254
	speed: 0.0210s/iter; left time: 242.1380s
	iters: 500, epoch: 10 | loss: 0.1800266
	speed: 0.0212s/iter; left time: 242.3735s
Epoch: 10 cost time: 13.755393266677856
Epoch: 10, Steps: 568 | Train Loss: 0.1735811 Vali Loss: 0.1628838 Test Loss: 0.2065692
EarlyStopping counter: 1 out of 5
Updating learning rate to 0.002097152000000001
	iters: 100, epoch: 11 | loss: 0.1944697
	speed: 0.1578s/iter; left time: 1777.1570s
	iters: 200, epoch: 11 | loss: 0.1817846
	speed: 0.0205s/iter; left time: 228.8391s
	iters: 300, epoch: 11 | loss: 0.1561453
	speed: 0.0203s/iter; left time: 224.8703s
	iters: 400, epoch: 11 | loss: 0.1771276
	speed: 0.0207s/iter; left time: 226.8787s
	iters: 500, epoch: 11 | loss: 0.1863816
	speed: 0.0206s/iter; left time: 223.6178s
Epoch: 11 cost time: 13.536828517913818
Epoch: 11, Steps: 568 | Train Loss: 0.1730574 Vali Loss: 0.1673168 Test Loss: 0.2111887
EarlyStopping counter: 2 out of 5
Updating learning rate to 0.001677721600000001
	iters: 100, epoch: 12 | loss: 0.1941722
	speed: 0.1551s/iter; left time: 1658.6494s
	iters: 200, epoch: 12 | loss: 0.1613367
	speed: 0.0205s/iter; left time: 217.1372s
	iters: 300, epoch: 12 | loss: 0.1487351
	speed: 0.0209s/iter; left time: 218.8166s
	iters: 400, epoch: 12 | loss: 0.1783187
	speed: 0.0204s/iter; left time: 212.5230s
	iters: 500, epoch: 12 | loss: 0.1805439
	speed: 0.0207s/iter; left time: 212.6902s
Epoch: 12 cost time: 13.425299882888794
Epoch: 12, Steps: 568 | Train Loss: 0.1720865 Vali Loss: 0.1653083 Test Loss: 0.2083702
EarlyStopping counter: 3 out of 5
Updating learning rate to 0.0013421772800000006
	iters: 100, epoch: 13 | loss: 0.1692604
	speed: 0.1570s/iter; left time: 1589.4047s
	iters: 200, epoch: 13 | loss: 0.1677326
	speed: 0.0203s/iter; left time: 203.3159s
	iters: 300, epoch: 13 | loss: 0.1616940
	speed: 0.0204s/iter; left time: 202.8971s
	iters: 400, epoch: 13 | loss: 0.1743996
	speed: 0.0218s/iter; left time: 213.9597s
	iters: 500, epoch: 13 | loss: 0.1687895
	speed: 0.0210s/iter; left time: 203.9970s
Epoch: 13 cost time: 13.5393705368042
Epoch: 13, Steps: 568 | Train Loss: 0.1715726 Vali Loss: 0.1629209 Test Loss: 0.2061866
EarlyStopping counter: 4 out of 5
Updating learning rate to 0.0010737418240000006
	iters: 100, epoch: 14 | loss: 0.1721584
	speed: 0.1556s/iter; left time: 1486.7780s
	iters: 200, epoch: 14 | loss: 0.1541790
	speed: 0.0206s/iter; left time: 195.2599s
	iters: 300, epoch: 14 | loss: 0.1922833
	speed: 0.0209s/iter; left time: 195.6986s
	iters: 400, epoch: 14 | loss: 0.1582821
	speed: 0.0204s/iter; left time: 188.5053s
	iters: 500, epoch: 14 | loss: 0.1713533
	speed: 0.0204s/iter; left time: 187.1201s
Epoch: 14 cost time: 13.415109634399414
Epoch: 14, Steps: 568 | Train Loss: 0.1707963 Vali Loss: 0.1629395 Test Loss: 0.2099511
EarlyStopping counter: 5 out of 5
Early stopping
>>>>>>>testing : Solar_96_336_CycleNet_Solar_ftM_sl96_pl336_cycle144_mlp_mrt1_seed2024<<<<<<<<<<<<<<<<<<<<<<<<<<<<<<<<<
test 10177
mse:0.2083713412284851, mae:0.2611899673938751
