Args in experiment:
Namespace(random_seed=2024, is_training=1, model_id='solar_96_720', model='CycleNet', data='Solar', root_path='./dataset/Solar/', data_path='solar_AL.txt', features='M', target='OT', freq='h', checkpoints='./checkpoints/', seq_len=96, label_len=0, pred_len=720, cycle=144, model_type='mlp', use_revin=0, mrt_layers=0, freq_layers=1, fc_dropout=0.05, head_dropout=0.0, patch_len=16, stride=8, padding_patch='end', revin=0, affine=0, subtract_last=0, decomposition=0, kernel_size=25, individual=0, rnn_type='gru', dec_way='pmf', seg_len=48, channel_id=1, period_len=24, embed_type=0, enc_in=137, dec_in=7, c_out=7, d_model=512, n_heads=8, e_layers=2, d_layers=1, d_ff=2048, moving_avg=25, factor=1, distil=True, dropout=0, embed='timeF', activation='gelu', output_attention=False, do_predict=False, num_workers=10, itr=1, train_epochs=30, batch_size=64, patience=15, learning_rate=0.01, des='test', loss='mse', lradj='type3', pct_start=0.3, use_amp=False, use_gpu=True, gpu=0, use_multi_gpu=False, devices='0,1', test_flop=False)
Use GPU: cuda:0
>>>>>>>start training : solar_96_720_CycleNet_Solar_ftM_sl96_pl720_cycle144_mlp_freq1_seed2024>>>>>>>>>>>>>>>>>>>>>>>>>>
train 35977
val 4537
test 9793
	iters: 100, epoch: 1 | loss: 0.2685440
	speed: 0.0579s/iter; left time: 969.6371s
	iters: 200, epoch: 1 | loss: 0.2739393
	speed: 0.0352s/iter; left time: 585.7700s
	iters: 300, epoch: 1 | loss: 0.2195737
	speed: 0.0365s/iter; left time: 603.7541s
	iters: 400, epoch: 1 | loss: 0.2161690
	speed: 0.0357s/iter; left time: 587.9732s
	iters: 500, epoch: 1 | loss: 0.2164756
	speed: 0.0348s/iter; left time: 570.1140s
Epoch: 1 cost time: 22.207387924194336
Epoch: 1, Steps: 562 | Train Loss: 0.2614861 Vali Loss: 0.1785986 Test Loss: 0.2825388
Validation loss decreased (inf --> 0.178599).  Saving model ...
Updating learning rate to 0.01
	iters: 100, epoch: 2 | loss: 0.2113256
	speed: 0.2432s/iter; left time: 3939.2194s
	iters: 200, epoch: 2 | loss: 0.1793804
	speed: 0.0379s/iter; left time: 610.7079s
	iters: 300, epoch: 2 | loss: 0.1831378
	speed: 0.0398s/iter; left time: 637.3714s
	iters: 400, epoch: 2 | loss: 0.1785732
	speed: 0.0397s/iter; left time: 631.9355s
	iters: 500, epoch: 2 | loss: 0.1836720
	speed: 0.0400s/iter; left time: 632.4099s
Epoch: 2 cost time: 23.975566864013672
Epoch: 2, Steps: 562 | Train Loss: 0.2046059 Vali Loss: 0.1651792 Test Loss: 0.2463377
Validation loss decreased (0.178599 --> 0.165179).  Saving model ...
Updating learning rate to 0.01
	iters: 100, epoch: 3 | loss: 0.1852510
	speed: 0.2799s/iter; left time: 4377.0144s
	iters: 200, epoch: 3 | loss: 0.1877577
	speed: 0.0360s/iter; left time: 558.6537s
	iters: 300, epoch: 3 | loss: 0.1971541
	speed: 0.0358s/iter; left time: 552.5046s
	iters: 400, epoch: 3 | loss: 0.2056530
	speed: 0.0361s/iter; left time: 553.6736s
	iters: 500, epoch: 3 | loss: 0.1935768
	speed: 0.0359s/iter; left time: 547.5539s
Epoch: 3 cost time: 22.239341497421265
Epoch: 3, Steps: 562 | Train Loss: 0.1883177 Vali Loss: 0.1614904 Test Loss: 0.2310276
Validation loss decreased (0.165179 --> 0.161490).  Saving model ...
Updating learning rate to 0.01
	iters: 100, epoch: 4 | loss: 0.1675545
	speed: 0.2857s/iter; left time: 4306.7957s
	iters: 200, epoch: 4 | loss: 0.1844584
	speed: 0.0380s/iter; left time: 569.6403s
	iters: 300, epoch: 4 | loss: 0.2070604
	speed: 0.0387s/iter; left time: 575.3216s
	iters: 400, epoch: 4 | loss: 0.1866373
	speed: 0.0372s/iter; left time: 549.5144s
	iters: 500, epoch: 4 | loss: 0.1718371
	speed: 0.0379s/iter; left time: 555.6869s
Epoch: 4 cost time: 23.58543300628662
Epoch: 4, Steps: 562 | Train Loss: 0.1861041 Vali Loss: 0.1649076 Test Loss: 0.2237334
EarlyStopping counter: 1 out of 15
Updating learning rate to 0.008
	iters: 100, epoch: 5 | loss: 0.1838561
	speed: 0.2989s/iter; left time: 4338.4233s
	iters: 200, epoch: 5 | loss: 0.1960889
	speed: 0.0382s/iter; left time: 550.8455s
	iters: 300, epoch: 5 | loss: 0.1806893
	speed: 0.0403s/iter; left time: 576.6674s
	iters: 400, epoch: 5 | loss: 0.1821312
	speed: 0.0385s/iter; left time: 547.4808s
	iters: 500, epoch: 5 | loss: 0.1764688
	speed: 0.0387s/iter; left time: 545.5672s
Epoch: 5 cost time: 24.582037687301636
Epoch: 5, Steps: 562 | Train Loss: 0.1840583 Vali Loss: 0.1645470 Test Loss: 0.2136233
EarlyStopping counter: 2 out of 15
Updating learning rate to 0.006400000000000001
	iters: 100, epoch: 6 | loss: 0.1793171
	speed: 0.2981s/iter; left time: 4158.3592s
	iters: 200, epoch: 6 | loss: 0.1672352
	speed: 0.0380s/iter; left time: 525.8552s
	iters: 300, epoch: 6 | loss: 0.1862761
	speed: 0.0380s/iter; left time: 522.2364s
	iters: 400, epoch: 6 | loss: 0.1580258
	speed: 0.0391s/iter; left time: 533.7506s
	iters: 500, epoch: 6 | loss: 0.1831860
	speed: 0.0383s/iter; left time: 518.9779s
Epoch: 6 cost time: 23.96555995941162
Epoch: 6, Steps: 562 | Train Loss: 0.1822914 Vali Loss: 0.1664087 Test Loss: 0.2240828
EarlyStopping counter: 3 out of 15
Updating learning rate to 0.005120000000000001
	iters: 100, epoch: 7 | loss: 0.1816929
	speed: 0.3069s/iter; left time: 4108.8648s
	iters: 200, epoch: 7 | loss: 0.1641283
	speed: 0.0422s/iter; left time: 560.8849s
	iters: 300, epoch: 7 | loss: 0.1753206
	speed: 0.0424s/iter; left time: 559.0442s
	iters: 400, epoch: 7 | loss: 0.1762809
	speed: 0.0420s/iter; left time: 549.8805s
	iters: 500, epoch: 7 | loss: 0.1865709
	speed: 0.0416s/iter; left time: 540.0817s
Epoch: 7 cost time: 26.209062337875366
Epoch: 7, Steps: 562 | Train Loss: 0.1804614 Vali Loss: 0.1634123 Test Loss: 0.2146960
EarlyStopping counter: 4 out of 15
Updating learning rate to 0.004096000000000001
	iters: 100, epoch: 8 | loss: 0.1712721
	speed: 0.3017s/iter; left time: 3869.7050s
	iters: 200, epoch: 8 | loss: 0.1749098
	speed: 0.0382s/iter; left time: 485.5377s
	iters: 300, epoch: 8 | loss: 0.1797242
	speed: 0.0432s/iter; left time: 545.5876s
	iters: 400, epoch: 8 | loss: 0.1738611
	speed: 0.0396s/iter; left time: 495.5639s
	iters: 500, epoch: 8 | loss: 0.1951468
	speed: 0.0370s/iter; left time: 459.2925s
Epoch: 8 cost time: 24.601830005645752
Epoch: 8, Steps: 562 | Train Loss: 0.1800718 Vali Loss: 0.1617493 Test Loss: 0.2158255
EarlyStopping counter: 5 out of 15
Updating learning rate to 0.0032768000000000007
	iters: 100, epoch: 9 | loss: 0.1794268
	speed: 0.3237s/iter; left time: 3970.1685s
	iters: 200, epoch: 9 | loss: 0.1716669
	speed: 0.0428s/iter; left time: 520.9593s
	iters: 300, epoch: 9 | loss: 0.1834123
	speed: 0.0454s/iter; left time: 548.1665s
	iters: 400, epoch: 9 | loss: 0.1648630
	speed: 0.0420s/iter; left time: 503.1254s
	iters: 500, epoch: 9 | loss: 0.1975672
	speed: 0.0411s/iter; left time: 487.6902s
Epoch: 9 cost time: 26.745105504989624
Epoch: 9, Steps: 562 | Train Loss: 0.1789533 Vali Loss: 0.1635844 Test Loss: 0.2122458
EarlyStopping counter: 6 out of 15
Updating learning rate to 0.002621440000000001
	iters: 100, epoch: 10 | loss: 0.1627159
	speed: 0.3128s/iter; left time: 3660.8996s
	iters: 200, epoch: 10 | loss: 0.1629381
	speed: 0.0406s/iter; left time: 470.6183s
	iters: 300, epoch: 10 | loss: 0.1808632
	speed: 0.0410s/iter; left time: 471.3394s
	iters: 400, epoch: 10 | loss: 0.1766687
	speed: 0.0384s/iter; left time: 437.4266s
	iters: 500, epoch: 10 | loss: 0.1714824
	speed: 0.0346s/iter; left time: 391.4434s
Epoch: 10 cost time: 24.476789712905884
Epoch: 10, Steps: 562 | Train Loss: 0.1781996 Vali Loss: 0.1604057 Test Loss: 0.2171883
Validation loss decreased (0.161490 --> 0.160406).  Saving model ...
Updating learning rate to 0.002097152000000001
	iters: 100, epoch: 11 | loss: 0.1955875
	speed: 0.3032s/iter; left time: 3377.7518s
	iters: 200, epoch: 11 | loss: 0.1821200
	speed: 0.0383s/iter; left time: 422.7884s
	iters: 300, epoch: 11 | loss: 0.1749085
	speed: 0.0391s/iter; left time: 428.2089s
	iters: 400, epoch: 11 | loss: 0.1771539
	speed: 0.0398s/iter; left time: 431.2011s
	iters: 500, epoch: 11 | loss: 0.1833504
	speed: 0.0373s/iter; left time: 401.1216s
Epoch: 11 cost time: 24.402612686157227
Epoch: 11, Steps: 562 | Train Loss: 0.1775183 Vali Loss: 0.1642081 Test Loss: 0.2142935
EarlyStopping counter: 1 out of 15
Updating learning rate to 0.001677721600000001
	iters: 100, epoch: 12 | loss: 0.1780075
	speed: 0.3098s/iter; left time: 3277.1136s
	iters: 200, epoch: 12 | loss: 0.1741561
	speed: 0.0414s/iter; left time: 434.2357s
	iters: 300, epoch: 12 | loss: 0.1543122
	speed: 0.0413s/iter; left time: 429.0870s
	iters: 400, epoch: 12 | loss: 0.1800069
	speed: 0.0398s/iter; left time: 409.2926s
	iters: 500, epoch: 12 | loss: 0.1921468
	speed: 0.0396s/iter; left time: 403.1189s
Epoch: 12 cost time: 25.274110317230225
Epoch: 12, Steps: 562 | Train Loss: 0.1770488 Vali Loss: 0.1601481 Test Loss: 0.2145831
Validation loss decreased (0.160406 --> 0.160148).  Saving model ...
Updating learning rate to 0.0013421772800000006
	iters: 100, epoch: 13 | loss: 0.1689275
	speed: 0.3002s/iter; left time: 3006.9332s
	iters: 200, epoch: 13 | loss: 0.1658731
	speed: 0.0375s/iter; left time: 372.3153s
	iters: 300, epoch: 13 | loss: 0.1894058
	speed: 0.0362s/iter; left time: 355.6610s
	iters: 400, epoch: 13 | loss: 0.1819481
	speed: 0.0339s/iter; left time: 329.3773s
	iters: 500, epoch: 13 | loss: 0.1732709
	speed: 0.0391s/iter; left time: 376.4956s
Epoch: 13 cost time: 23.694265842437744
Epoch: 13, Steps: 562 | Train Loss: 0.1764154 Vali Loss: 0.1615108 Test Loss: 0.2139022
EarlyStopping counter: 1 out of 15
Updating learning rate to 0.0010737418240000006
	iters: 100, epoch: 14 | loss: 0.1658312
	speed: 0.3070s/iter; left time: 2902.8324s
	iters: 200, epoch: 14 | loss: 0.1570219
	speed: 0.0391s/iter; left time: 365.6904s
	iters: 300, epoch: 14 | loss: 0.1780830
	speed: 0.0378s/iter; left time: 349.8317s
	iters: 400, epoch: 14 | loss: 0.1730074
	speed: 0.0396s/iter; left time: 362.4259s
	iters: 500, epoch: 14 | loss: 0.1677092
	speed: 0.0389s/iter; left time: 352.6005s
Epoch: 14 cost time: 24.828019618988037
Epoch: 14, Steps: 562 | Train Loss: 0.1759651 Vali Loss: 0.1621575 Test Loss: 0.2101451
EarlyStopping counter: 2 out of 15
Updating learning rate to 0.0008589934592000006
	iters: 100, epoch: 15 | loss: 0.1767271
	speed: 0.3056s/iter; left time: 2718.1336s
	iters: 200, epoch: 15 | loss: 0.1770797
	speed: 0.0370s/iter; left time: 325.7386s
	iters: 300, epoch: 15 | loss: 0.1777564
	speed: 0.0364s/iter; left time: 316.7920s
	iters: 400, epoch: 15 | loss: 0.1658410
	speed: 0.0377s/iter; left time: 324.2191s
	iters: 500, epoch: 15 | loss: 0.1776343
	speed: 0.0374s/iter; left time: 317.9115s
Epoch: 15 cost time: 23.892430305480957
Epoch: 15, Steps: 562 | Train Loss: 0.1756960 Vali Loss: 0.1616977 Test Loss: 0.2116508
EarlyStopping counter: 3 out of 15
Updating learning rate to 0.0006871947673600004
	iters: 100, epoch: 16 | loss: 0.1869977
	speed: 0.2998s/iter; left time: 2498.0275s
	iters: 200, epoch: 16 | loss: 0.1680281
	speed: 0.0395s/iter; left time: 325.0761s
	iters: 300, epoch: 16 | loss: 0.1652130
	speed: 0.0430s/iter; left time: 349.5038s
	iters: 400, epoch: 16 | loss: 0.1721258
	speed: 0.0447s/iter; left time: 359.2276s
	iters: 500, epoch: 16 | loss: 0.1706275
	speed: 0.0415s/iter; left time: 329.1014s
Epoch: 16 cost time: 26.303159713745117
Epoch: 16, Steps: 562 | Train Loss: 0.1752748 Vali Loss: 0.1618947 Test Loss: 0.2101324
EarlyStopping counter: 4 out of 15
Updating learning rate to 0.0005497558138880004
	iters: 100, epoch: 17 | loss: 0.1671399
	speed: 0.3156s/iter; left time: 2452.1582s
	iters: 200, epoch: 17 | loss: 0.1828932
	speed: 0.0422s/iter; left time: 323.8459s
	iters: 300, epoch: 17 | loss: 0.1912605
	speed: 0.0421s/iter; left time: 318.6100s
	iters: 400, epoch: 17 | loss: 0.1871005
	speed: 0.0432s/iter; left time: 322.6412s
	iters: 500, epoch: 17 | loss: 0.1667874
	speed: 0.0434s/iter; left time: 319.8486s
Epoch: 17 cost time: 26.55636429786682
Epoch: 17, Steps: 562 | Train Loss: 0.1749030 Vali Loss: 0.1637643 Test Loss: 0.2085686
EarlyStopping counter: 5 out of 15
Updating learning rate to 0.00043980465111040037
	iters: 100, epoch: 18 | loss: 0.1635228
	speed: 0.2967s/iter; left time: 2138.0933s
	iters: 200, epoch: 18 | loss: 0.1827709
	speed: 0.0383s/iter; left time: 272.3701s
	iters: 300, epoch: 18 | loss: 0.1859335
	speed: 0.0381s/iter; left time: 266.6899s
	iters: 400, epoch: 18 | loss: 0.1779257
	speed: 0.0385s/iter; left time: 265.6798s
	iters: 500, epoch: 18 | loss: 0.1944492
	speed: 0.0397s/iter; left time: 270.5280s
Epoch: 18 cost time: 24.224210500717163
Epoch: 18, Steps: 562 | Train Loss: 0.1747377 Vali Loss: 0.1630525 Test Loss: 0.2088105
EarlyStopping counter: 6 out of 15
Updating learning rate to 0.0003518437208883203
	iters: 100, epoch: 19 | loss: 0.1740308
	speed: 0.3075s/iter; left time: 2043.5958s
	iters: 200, epoch: 19 | loss: 0.1572805
	speed: 0.0418s/iter; left time: 273.5263s
	iters: 300, epoch: 19 | loss: 0.1832059
	speed: 0.0432s/iter; left time: 278.2065s
	iters: 400, epoch: 19 | loss: 0.1581864
	speed: 0.0409s/iter; left time: 259.8188s
	iters: 500, epoch: 19 | loss: 0.1928909
	speed: 0.0408s/iter; left time: 254.5768s
Epoch: 19 cost time: 26.02274489402771
Epoch: 19, Steps: 562 | Train Loss: 0.1746001 Vali Loss: 0.1616893 Test Loss: 0.2105868
EarlyStopping counter: 7 out of 15
Updating learning rate to 0.00028147497671065624
	iters: 100, epoch: 20 | loss: 0.1852408
	speed: 0.3046s/iter; left time: 1852.5891s
	iters: 200, epoch: 20 | loss: 0.1911294
	speed: 0.0367s/iter; left time: 219.6039s
	iters: 300, epoch: 20 | loss: 0.1869494
	speed: 0.0363s/iter; left time: 213.7590s
	iters: 400, epoch: 20 | loss: 0.1644778
	speed: 0.0388s/iter; left time: 224.5390s
	iters: 500, epoch: 20 | loss: 0.1581367
	speed: 0.0393s/iter; left time: 223.4712s
Epoch: 20 cost time: 23.6134831905365
Epoch: 20, Steps: 562 | Train Loss: 0.1744084 Vali Loss: 0.1624421 Test Loss: 0.2087997
EarlyStopping counter: 8 out of 15
Updating learning rate to 0.00022517998136852504
	iters: 100, epoch: 21 | loss: 0.1736725
	speed: 0.3013s/iter; left time: 1663.7157s
	iters: 200, epoch: 21 | loss: 0.1649649
	speed: 0.0393s/iter; left time: 213.0902s
	iters: 300, epoch: 21 | loss: 0.1621972
	speed: 0.0406s/iter; left time: 215.9173s
	iters: 400, epoch: 21 | loss: 0.1692263
	speed: 0.0419s/iter; left time: 218.7729s
	iters: 500, epoch: 21 | loss: 0.1654017
	speed: 0.0436s/iter; left time: 223.1707s
Epoch: 21 cost time: 25.932373762130737
Epoch: 21, Steps: 562 | Train Loss: 0.1742623 Vali Loss: 0.1645486 Test Loss: 0.2082852
EarlyStopping counter: 9 out of 15
Updating learning rate to 0.00018014398509482002
	iters: 100, epoch: 22 | loss: 0.1725348
	speed: 0.3168s/iter; left time: 1571.0957s
	iters: 200, epoch: 22 | loss: 0.1823151
	speed: 0.0423s/iter; left time: 205.4694s
	iters: 300, epoch: 22 | loss: 0.1774878
	speed: 0.0393s/iter; left time: 187.2583s
	iters: 400, epoch: 22 | loss: 0.1607702
	speed: 0.0392s/iter; left time: 182.8618s
	iters: 500, epoch: 22 | loss: 0.1779972
	speed: 0.0407s/iter; left time: 185.5614s
Epoch: 22 cost time: 25.228729248046875
Epoch: 22, Steps: 562 | Train Loss: 0.1741474 Vali Loss: 0.1627816 Test Loss: 0.2092095
EarlyStopping counter: 10 out of 15
Updating learning rate to 0.00014411518807585602
	iters: 100, epoch: 23 | loss: 0.1946328
	speed: 0.2988s/iter; left time: 1313.7696s
	iters: 200, epoch: 23 | loss: 0.1517581
	speed: 0.0403s/iter; left time: 173.3807s
	iters: 300, epoch: 23 | loss: 0.1663947
	speed: 0.0401s/iter; left time: 168.1462s
	iters: 400, epoch: 23 | loss: 0.1727802
	speed: 0.0411s/iter; left time: 168.3355s
	iters: 500, epoch: 23 | loss: 0.1729429
	speed: 0.0423s/iter; left time: 169.2019s
Epoch: 23 cost time: 25.700857400894165
Epoch: 23, Steps: 562 | Train Loss: 0.1740728 Vali Loss: 0.1621206 Test Loss: 0.2106646
EarlyStopping counter: 11 out of 15
Updating learning rate to 0.00011529215046068484
	iters: 100, epoch: 24 | loss: 0.1786782
	speed: 0.3076s/iter; left time: 1179.6041s
	iters: 200, epoch: 24 | loss: 0.1886916
	speed: 0.0385s/iter; left time: 143.6396s
	iters: 300, epoch: 24 | loss: 0.1601555
	speed: 0.0392s/iter; left time: 142.6174s
	iters: 400, epoch: 24 | loss: 0.1673186
	speed: 0.0432s/iter; left time: 152.6723s
	iters: 500, epoch: 24 | loss: 0.1843801
	speed: 0.0412s/iter; left time: 141.6702s
Epoch: 24 cost time: 25.48507571220398
Epoch: 24, Steps: 562 | Train Loss: 0.1739847 Vali Loss: 0.1615299 Test Loss: 0.2099288
EarlyStopping counter: 12 out of 15
Updating learning rate to 9.223372036854788e-05
	iters: 100, epoch: 25 | loss: 0.1733037
	speed: 0.2940s/iter; left time: 962.1838s
	iters: 200, epoch: 25 | loss: 0.1942419
	speed: 0.0340s/iter; left time: 108.0011s
	iters: 300, epoch: 25 | loss: 0.1802449
	speed: 0.0373s/iter; left time: 114.6140s
	iters: 400, epoch: 25 | loss: 0.1644555
	speed: 0.0345s/iter; left time: 102.6125s
	iters: 500, epoch: 25 | loss: 0.1696898
	speed: 0.0333s/iter; left time: 95.7156s
Epoch: 25 cost time: 21.879291534423828
Epoch: 25, Steps: 562 | Train Loss: 0.1739210 Vali Loss: 0.1629571 Test Loss: 0.2086386
EarlyStopping counter: 13 out of 15
Updating learning rate to 7.37869762948383e-05
	iters: 100, epoch: 26 | loss: 0.1709459
	speed: 0.3017s/iter; left time: 817.9420s
	iters: 200, epoch: 26 | loss: 0.1786488
	speed: 0.0418s/iter; left time: 109.2542s
	iters: 300, epoch: 26 | loss: 0.1790077
	speed: 0.0436s/iter; left time: 109.4981s
	iters: 400, epoch: 26 | loss: 0.1727034
	speed: 0.0423s/iter; left time: 101.9006s
	iters: 500, epoch: 26 | loss: 0.1482403
	speed: 0.0411s/iter; left time: 95.0428s
Epoch: 26 cost time: 26.31079077720642
Epoch: 26, Steps: 562 | Train Loss: 0.1738768 Vali Loss: 0.1624095 Test Loss: 0.2089376
EarlyStopping counter: 14 out of 15
Updating learning rate to 5.902958103587064e-05
	iters: 100, epoch: 27 | loss: 0.1743380
	speed: 0.3181s/iter; left time: 683.6538s
	iters: 200, epoch: 27 | loss: 0.1775517
	speed: 0.0431s/iter; left time: 88.3367s
	iters: 300, epoch: 27 | loss: 0.1693253
	speed: 0.0424s/iter; left time: 82.6356s
	iters: 400, epoch: 27 | loss: 0.1654212
	speed: 0.0360s/iter; left time: 66.6391s
	iters: 500, epoch: 27 | loss: 0.1666258
	speed: 0.0348s/iter; left time: 60.8816s
Epoch: 27 cost time: 24.822580575942993
Epoch: 27, Steps: 562 | Train Loss: 0.1738476 Vali Loss: 0.1621032 Test Loss: 0.2093966
EarlyStopping counter: 15 out of 15
Early stopping
>>>>>>>testing : solar_96_720_CycleNet_Solar_ftM_sl96_pl720_cycle144_mlp_freq1_seed2024<<<<<<<<<<<<<<<<<<<<<<<<<<<<<<<<<
test 9793
mse:0.21446359157562256, mae:0.2596554756164551
