Args in experiment:
Namespace(random_seed=2028, is_training=1, model_id='Solar_96_720', model='CycleNet', data='Solar', root_path='./dataset/Solar/', data_path='solar_AL.txt', features='M', target='OT', freq='h', checkpoints='./checkpoints/', seq_len=96, label_len=0, pred_len=720, cycle=144, model_type='mlp', use_revin=0, msc_layers=0, freq_layers=0, channel_attn_layers=0, mrt_layers=1, modern_layers=0, fc_dropout=0.05, head_dropout=0.0, patch_len=16, stride=8, padding_patch='end', revin=0, affine=0, subtract_last=0, decomposition=0, kernel_size=25, individual=0, rnn_type='gru', dec_way='pmf', seg_len=48, channel_id=1, period_len=24, embed_type=0, enc_in=137, dec_in=7, c_out=7, d_model=512, n_heads=8, e_layers=2, d_layers=1, d_ff=2048, moving_avg=25, factor=1, distil=True, dropout=0, embed='timeF', activation='gelu', output_attention=False, do_predict=False, num_workers=10, itr=1, train_epochs=30, batch_size=64, patience=30, learning_rate=0.01, des='test', loss='mse', lradj='type3', pct_start=0.3, use_amp=False, use_gpu=True, gpu=0, use_multi_gpu=False, devices='0,1', test_flop=False)
Use GPU: cuda:0
>>>>>>>start training : Solar_96_720_CycleNet_Solar_ftM_sl96_pl720_cycle144_mlp_mrt1_seed2028>>>>>>>>>>>>>>>>>>>>>>>>>>
train 35977
val 4537
test 9793
	iters: 100, epoch: 1 | loss: 0.2890469
	speed: 0.0611s/iter; left time: 1024.7134s
	iters: 200, epoch: 1 | loss: 0.2900855
	speed: 0.0397s/iter; left time: 661.6515s
	iters: 300, epoch: 1 | loss: 0.2395037
	speed: 0.0398s/iter; left time: 658.4812s
	iters: 400, epoch: 1 | loss: 0.2342406
	speed: 0.0388s/iter; left time: 638.1223s
	iters: 500, epoch: 1 | loss: 0.2130032
	speed: 0.0393s/iter; left time: 643.3065s
Epoch: 1 cost time: 24.26448154449463
Epoch: 1, Steps: 562 | Train Loss: 0.2623129 Vali Loss: 0.1793446 Test Loss: 0.2910657
Validation loss decreased (inf --> 0.179345).  Saving model ...
Updating learning rate to 0.01
	iters: 100, epoch: 2 | loss: 0.2092167
	speed: 0.2527s/iter; left time: 4093.6422s
	iters: 200, epoch: 2 | loss: 0.2001872
	speed: 0.0370s/iter; left time: 595.4578s
	iters: 300, epoch: 2 | loss: 0.2132602
	speed: 0.0384s/iter; left time: 614.3568s
	iters: 400, epoch: 2 | loss: 0.1847622
	speed: 0.0394s/iter; left time: 626.4181s
	iters: 500, epoch: 2 | loss: 0.1904583
	speed: 0.0357s/iter; left time: 563.7590s
Epoch: 2 cost time: 23.134479522705078
Epoch: 2, Steps: 562 | Train Loss: 0.2038224 Vali Loss: 0.1620827 Test Loss: 0.2380167
Validation loss decreased (0.179345 --> 0.162083).  Saving model ...
Updating learning rate to 0.01
	iters: 100, epoch: 3 | loss: 0.1890805
	speed: 0.2935s/iter; left time: 4588.7874s
	iters: 200, epoch: 3 | loss: 0.1927104
	speed: 0.0393s/iter; left time: 611.3057s
	iters: 300, epoch: 3 | loss: 0.2061536
	speed: 0.0385s/iter; left time: 594.4225s
	iters: 400, epoch: 3 | loss: 0.2016123
	speed: 0.0377s/iter; left time: 577.4636s
	iters: 500, epoch: 3 | loss: 0.1970613
	speed: 0.0384s/iter; left time: 585.5179s
Epoch: 3 cost time: 23.94048762321472
Epoch: 3, Steps: 562 | Train Loss: 0.1908292 Vali Loss: 0.1695144 Test Loss: 0.2432875
EarlyStopping counter: 1 out of 30
Updating learning rate to 0.01
	iters: 100, epoch: 4 | loss: 0.2080507
	speed: 0.3117s/iter; left time: 4699.3191s
	iters: 200, epoch: 4 | loss: 0.1784259
	speed: 0.0381s/iter; left time: 570.2225s
	iters: 300, epoch: 4 | loss: 0.1897886
	speed: 0.0378s/iter; left time: 562.9144s
	iters: 400, epoch: 4 | loss: 0.1780488
	speed: 0.0379s/iter; left time: 559.3674s
	iters: 500, epoch: 4 | loss: 0.1800512
	speed: 0.0389s/iter; left time: 570.6325s
Epoch: 4 cost time: 24.21241283416748
Epoch: 4, Steps: 562 | Train Loss: 0.1889373 Vali Loss: 0.1646726 Test Loss: 0.2177327
EarlyStopping counter: 2 out of 30
Updating learning rate to 0.008
	iters: 100, epoch: 5 | loss: 0.1808915
	speed: 0.2961s/iter; left time: 4296.8556s
	iters: 200, epoch: 5 | loss: 0.1972394
	speed: 0.0366s/iter; left time: 528.1292s
	iters: 300, epoch: 5 | loss: 0.1827238
	speed: 0.0353s/iter; left time: 505.2300s
	iters: 400, epoch: 5 | loss: 0.2093417
	speed: 0.0364s/iter; left time: 517.1602s
	iters: 500, epoch: 5 | loss: 0.1752817
	speed: 0.0332s/iter; left time: 468.5633s
Epoch: 5 cost time: 22.400915384292603
Epoch: 5, Steps: 562 | Train Loss: 0.1843364 Vali Loss: 0.1630514 Test Loss: 0.2168005
EarlyStopping counter: 3 out of 30
Updating learning rate to 0.006400000000000001
	iters: 100, epoch: 6 | loss: 0.1732967
	speed: 0.2801s/iter; left time: 3907.3530s
	iters: 200, epoch: 6 | loss: 0.1807441
	speed: 0.0341s/iter; left time: 472.1191s
	iters: 300, epoch: 6 | loss: 0.1886008
	speed: 0.0334s/iter; left time: 459.0341s
	iters: 400, epoch: 6 | loss: 0.1795346
	speed: 0.0324s/iter; left time: 442.1966s
	iters: 500, epoch: 6 | loss: 0.1814354
	speed: 0.0301s/iter; left time: 407.6309s
Epoch: 6 cost time: 20.64416790008545
Epoch: 6, Steps: 562 | Train Loss: 0.1832545 Vali Loss: 0.1679195 Test Loss: 0.2318588
EarlyStopping counter: 4 out of 30
Updating learning rate to 0.005120000000000001
	iters: 100, epoch: 7 | loss: 0.1798281
	speed: 0.2485s/iter; left time: 3327.3756s
	iters: 200, epoch: 7 | loss: 0.1846681
	speed: 0.0313s/iter; left time: 415.6686s
	iters: 300, epoch: 7 | loss: 0.1902218
	speed: 0.0301s/iter; left time: 396.7326s
	iters: 400, epoch: 7 | loss: 0.1831869
	speed: 0.0310s/iter; left time: 406.3189s
	iters: 500, epoch: 7 | loss: 0.1756451
	speed: 0.0302s/iter; left time: 391.6833s
Epoch: 7 cost time: 19.380786180496216
Epoch: 7, Steps: 562 | Train Loss: 0.1821517 Vali Loss: 0.1622764 Test Loss: 0.2156309
EarlyStopping counter: 5 out of 30
Updating learning rate to 0.004096000000000001
	iters: 100, epoch: 8 | loss: 0.1679756
	speed: 0.2438s/iter; left time: 3127.6424s
	iters: 200, epoch: 8 | loss: 0.1743121
	speed: 0.0304s/iter; left time: 386.3786s
	iters: 300, epoch: 8 | loss: 0.1704729
	speed: 0.0298s/iter; left time: 376.1866s
	iters: 400, epoch: 8 | loss: 0.1915928
	speed: 0.0293s/iter; left time: 367.1539s
	iters: 500, epoch: 8 | loss: 0.1944746
	speed: 0.0294s/iter; left time: 365.8008s
Epoch: 8 cost time: 19.1797354221344
Epoch: 8, Steps: 562 | Train Loss: 0.1804986 Vali Loss: 0.1657542 Test Loss: 0.2134343
EarlyStopping counter: 6 out of 30
Updating learning rate to 0.0032768000000000007
	iters: 100, epoch: 9 | loss: 0.1848918
	speed: 0.2501s/iter; left time: 3067.0829s
	iters: 200, epoch: 9 | loss: 0.1889592
	speed: 0.0305s/iter; left time: 370.9997s
	iters: 300, epoch: 9 | loss: 0.1916213
	speed: 0.0321s/iter; left time: 387.1200s
	iters: 400, epoch: 9 | loss: 0.1615309
	speed: 0.0312s/iter; left time: 373.8857s
	iters: 500, epoch: 9 | loss: 0.1809234
	speed: 0.0325s/iter; left time: 385.2947s
Epoch: 9 cost time: 19.972643613815308
Epoch: 9, Steps: 562 | Train Loss: 0.1791900 Vali Loss: 0.1618674 Test Loss: 0.2137563
Validation loss decreased (0.162083 --> 0.161867).  Saving model ...
Updating learning rate to 0.002621440000000001
	iters: 100, epoch: 10 | loss: 0.1824315
	speed: 0.2558s/iter; left time: 2993.3293s
	iters: 200, epoch: 10 | loss: 0.1780713
	speed: 0.0318s/iter; left time: 368.3953s
	iters: 300, epoch: 10 | loss: 0.1834799
	speed: 0.0301s/iter; left time: 346.7666s
	iters: 400, epoch: 10 | loss: 0.1847826
	speed: 0.0309s/iter; left time: 352.7875s
	iters: 500, epoch: 10 | loss: 0.1863413
	speed: 0.0307s/iter; left time: 347.5633s
Epoch: 10 cost time: 19.743982791900635
Epoch: 10, Steps: 562 | Train Loss: 0.1785629 Vali Loss: 0.1626507 Test Loss: 0.2114775
EarlyStopping counter: 1 out of 30
Updating learning rate to 0.002097152000000001
	iters: 100, epoch: 11 | loss: 0.1974829
	speed: 0.2503s/iter; left time: 2788.8868s
	iters: 200, epoch: 11 | loss: 0.1662216
	speed: 0.0300s/iter; left time: 330.7386s
	iters: 300, epoch: 11 | loss: 0.1866048
	speed: 0.0303s/iter; left time: 331.4053s
	iters: 400, epoch: 11 | loss: 0.1705164
	speed: 0.0314s/iter; left time: 340.2228s
	iters: 500, epoch: 11 | loss: 0.1792834
	speed: 0.0309s/iter; left time: 331.9971s
Epoch: 11 cost time: 19.714513540267944
Epoch: 11, Steps: 562 | Train Loss: 0.1775580 Vali Loss: 0.1612137 Test Loss: 0.2106535
Validation loss decreased (0.161867 --> 0.161214).  Saving model ...
Updating learning rate to 0.001677721600000001
	iters: 100, epoch: 12 | loss: 0.1765493
	speed: 0.2487s/iter; left time: 2630.9166s
	iters: 200, epoch: 12 | loss: 0.1773126
	speed: 0.0310s/iter; left time: 324.6494s
	iters: 300, epoch: 12 | loss: 0.1774359
	speed: 0.0302s/iter; left time: 313.7575s
	iters: 400, epoch: 12 | loss: 0.1873724
	speed: 0.0306s/iter; left time: 314.6134s
	iters: 500, epoch: 12 | loss: 0.2051042
	speed: 0.0313s/iter; left time: 319.0321s
Epoch: 12 cost time: 19.672959327697754
Epoch: 12, Steps: 562 | Train Loss: 0.1773359 Vali Loss: 0.1634126 Test Loss: 0.2134337
EarlyStopping counter: 1 out of 30
Updating learning rate to 0.0013421772800000006
	iters: 100, epoch: 13 | loss: 0.1833327
	speed: 0.2479s/iter; left time: 2483.5668s
	iters: 200, epoch: 13 | loss: 0.1781747
	speed: 0.0316s/iter; left time: 313.2816s
	iters: 300, epoch: 13 | loss: 0.1766062
	speed: 0.0310s/iter; left time: 304.3591s
	iters: 400, epoch: 13 | loss: 0.1847384
	speed: 0.0306s/iter; left time: 297.6961s
	iters: 500, epoch: 13 | loss: 0.1784440
	speed: 0.0317s/iter; left time: 304.9157s
Epoch: 13 cost time: 20.059314012527466
Epoch: 13, Steps: 562 | Train Loss: 0.1766292 Vali Loss: 0.1636389 Test Loss: 0.2089664
EarlyStopping counter: 2 out of 30
Updating learning rate to 0.0010737418240000006
	iters: 100, epoch: 14 | loss: 0.1626725
	speed: 0.2539s/iter; left time: 2400.8664s
	iters: 200, epoch: 14 | loss: 0.1712319
	speed: 0.0318s/iter; left time: 297.5033s
	iters: 300, epoch: 14 | loss: 0.1723334
	speed: 0.0299s/iter; left time: 276.9712s
	iters: 400, epoch: 14 | loss: 0.1829948
	speed: 0.0316s/iter; left time: 289.5680s
	iters: 500, epoch: 14 | loss: 0.1789808
	speed: 0.0303s/iter; left time: 274.3108s
Epoch: 14 cost time: 19.73055076599121
Epoch: 14, Steps: 562 | Train Loss: 0.1760094 Vali Loss: 0.1621308 Test Loss: 0.2116846
EarlyStopping counter: 3 out of 30
Updating learning rate to 0.0008589934592000006
	iters: 100, epoch: 15 | loss: 0.1568102
	speed: 0.2515s/iter; left time: 2236.7998s
	iters: 200, epoch: 15 | loss: 0.1776271
	speed: 0.0315s/iter; left time: 276.7597s
	iters: 300, epoch: 15 | loss: 0.1779747
	speed: 0.0303s/iter; left time: 263.6940s
	iters: 400, epoch: 15 | loss: 0.1889211
	speed: 0.0317s/iter; left time: 272.0181s
	iters: 500, epoch: 15 | loss: 0.1571136
	speed: 0.0314s/iter; left time: 266.6607s
Epoch: 15 cost time: 19.937040090560913
Epoch: 15, Steps: 562 | Train Loss: 0.1755318 Vali Loss: 0.1615417 Test Loss: 0.2102943
EarlyStopping counter: 4 out of 30
Updating learning rate to 0.0006871947673600004
	iters: 100, epoch: 16 | loss: 0.1797568
	speed: 0.2514s/iter; left time: 2094.5725s
	iters: 200, epoch: 16 | loss: 0.1893759
	speed: 0.0299s/iter; left time: 246.3092s
	iters: 300, epoch: 16 | loss: 0.1715574
	speed: 0.0305s/iter; left time: 247.6059s
	iters: 400, epoch: 16 | loss: 0.1688554
	speed: 0.0339s/iter; left time: 272.6129s
	iters: 500, epoch: 16 | loss: 0.1964896
	speed: 0.0321s/iter; left time: 254.3682s
Epoch: 16 cost time: 20.000142335891724
Epoch: 16, Steps: 562 | Train Loss: 0.1751248 Vali Loss: 0.1632880 Test Loss: 0.2114906
EarlyStopping counter: 5 out of 30
Updating learning rate to 0.0005497558138880004
	iters: 100, epoch: 17 | loss: 0.1684636
	speed: 0.2505s/iter; left time: 1946.1898s
	iters: 200, epoch: 17 | loss: 0.1882441
	speed: 0.0312s/iter; left time: 238.9296s
	iters: 300, epoch: 17 | loss: 0.1801872
	speed: 0.0307s/iter; left time: 232.2837s
	iters: 400, epoch: 17 | loss: 0.1604386
	speed: 0.0313s/iter; left time: 233.9845s
	iters: 500, epoch: 17 | loss: 0.1666968
	speed: 0.0318s/iter; left time: 234.3845s
Epoch: 17 cost time: 19.916834115982056
Epoch: 17, Steps: 562 | Train Loss: 0.1748863 Vali Loss: 0.1630291 Test Loss: 0.2101011
EarlyStopping counter: 6 out of 30
Updating learning rate to 0.00043980465111040037
	iters: 100, epoch: 18 | loss: 0.1624915
	speed: 0.2505s/iter; left time: 1805.2170s
	iters: 200, epoch: 18 | loss: 0.1816219
	speed: 0.0308s/iter; left time: 219.1796s
	iters: 300, epoch: 18 | loss: 0.1531445
	speed: 0.0304s/iter; left time: 213.0815s
	iters: 400, epoch: 18 | loss: 0.1658093
	speed: 0.0314s/iter; left time: 216.7779s
	iters: 500, epoch: 18 | loss: 0.1653489
	speed: 0.0320s/iter; left time: 217.8366s
Epoch: 18 cost time: 19.910011768341064
Epoch: 18, Steps: 562 | Train Loss: 0.1747110 Vali Loss: 0.1615136 Test Loss: 0.2083215
EarlyStopping counter: 7 out of 30
Updating learning rate to 0.0003518437208883203
	iters: 100, epoch: 19 | loss: 0.1838355
	speed: 0.2511s/iter; left time: 1668.8697s
	iters: 200, epoch: 19 | loss: 0.1657990
	speed: 0.0317s/iter; left time: 207.3909s
	iters: 300, epoch: 19 | loss: 0.1743978
	speed: 0.0311s/iter; left time: 200.4357s
	iters: 400, epoch: 19 | loss: 0.1764747
	speed: 0.0310s/iter; left time: 196.6642s
	iters: 500, epoch: 19 | loss: 0.1721132
	speed: 0.0304s/iter; left time: 189.6106s
Epoch: 19 cost time: 19.785630226135254
Epoch: 19, Steps: 562 | Train Loss: 0.1745300 Vali Loss: 0.1627288 Test Loss: 0.2073871
EarlyStopping counter: 8 out of 30
Updating learning rate to 0.00028147497671065624
	iters: 100, epoch: 20 | loss: 0.1763977
	speed: 0.2546s/iter; left time: 1548.7646s
	iters: 200, epoch: 20 | loss: 0.1662522
	speed: 0.0308s/iter; left time: 184.4891s
	iters: 300, epoch: 20 | loss: 0.1729687
	speed: 0.0304s/iter; left time: 178.8415s
	iters: 400, epoch: 20 | loss: 0.1672759
	speed: 0.0306s/iter; left time: 176.6915s
	iters: 500, epoch: 20 | loss: 0.1690967
	speed: 0.0321s/iter; left time: 182.4699s
Epoch: 20 cost time: 20.16252589225769
Epoch: 20, Steps: 562 | Train Loss: 0.1742970 Vali Loss: 0.1626159 Test Loss: 0.2087380
EarlyStopping counter: 9 out of 30
Updating learning rate to 0.00022517998136852504
	iters: 100, epoch: 21 | loss: 0.1790102
	speed: 0.2526s/iter; left time: 1394.8491s
	iters: 200, epoch: 21 | loss: 0.1673608
	speed: 0.0301s/iter; left time: 163.0680s
	iters: 300, epoch: 21 | loss: 0.1934408
	speed: 0.0302s/iter; left time: 160.8373s
	iters: 400, epoch: 21 | loss: 0.1777816
	speed: 0.0305s/iter; left time: 159.4815s
	iters: 500, epoch: 21 | loss: 0.1913211
	speed: 0.0307s/iter; left time: 157.3972s
Epoch: 21 cost time: 19.606884717941284
Epoch: 21, Steps: 562 | Train Loss: 0.1741159 Vali Loss: 0.1627151 Test Loss: 0.2083174
EarlyStopping counter: 10 out of 30
Updating learning rate to 0.00018014398509482002
	iters: 100, epoch: 22 | loss: 0.1794933
	speed: 0.2521s/iter; left time: 1250.1346s
	iters: 200, epoch: 22 | loss: 0.1683661
	speed: 0.0309s/iter; left time: 150.0515s
	iters: 300, epoch: 22 | loss: 0.1484502
	speed: 0.0311s/iter; left time: 148.0427s
	iters: 400, epoch: 22 | loss: 0.1557227
	speed: 0.0310s/iter; left time: 144.2669s
	iters: 500, epoch: 22 | loss: 0.1783372
	speed: 0.0310s/iter; left time: 141.2546s
Epoch: 22 cost time: 19.899699687957764
Epoch: 22, Steps: 562 | Train Loss: 0.1739862 Vali Loss: 0.1633253 Test Loss: 0.2085986
EarlyStopping counter: 11 out of 30
Updating learning rate to 0.00014411518807585602
	iters: 100, epoch: 23 | loss: 0.1655562
	speed: 0.2531s/iter; left time: 1112.7378s
	iters: 200, epoch: 23 | loss: 0.1698250
	speed: 0.0311s/iter; left time: 133.7755s
	iters: 300, epoch: 23 | loss: 0.1733500
	speed: 0.0311s/iter; left time: 130.3914s
	iters: 400, epoch: 23 | loss: 0.1746704
	speed: 0.0319s/iter; left time: 130.6036s
	iters: 500, epoch: 23 | loss: 0.1828293
	speed: 0.0304s/iter; left time: 121.5647s
Epoch: 23 cost time: 19.9165940284729
Epoch: 23, Steps: 562 | Train Loss: 0.1738931 Vali Loss: 0.1627001 Test Loss: 0.2086825
EarlyStopping counter: 12 out of 30
Updating learning rate to 0.00011529215046068484
	iters: 100, epoch: 24 | loss: 0.1560641
	speed: 0.2497s/iter; left time: 957.5121s
	iters: 200, epoch: 24 | loss: 0.1550460
	speed: 0.0307s/iter; left time: 114.6652s
	iters: 300, epoch: 24 | loss: 0.1688624
	speed: 0.0307s/iter; left time: 111.6580s
	iters: 400, epoch: 24 | loss: 0.1564534
	speed: 0.0308s/iter; left time: 108.8088s
	iters: 500, epoch: 24 | loss: 0.1719977
	speed: 0.0311s/iter; left time: 106.9411s
Epoch: 24 cost time: 19.673673152923584
Epoch: 24, Steps: 562 | Train Loss: 0.1738050 Vali Loss: 0.1626977 Test Loss: 0.2080707
EarlyStopping counter: 13 out of 30
Updating learning rate to 9.223372036854788e-05
	iters: 100, epoch: 25 | loss: 0.2020286
	speed: 0.2480s/iter; left time: 811.8334s
	iters: 200, epoch: 25 | loss: 0.1638771
	speed: 0.0301s/iter; left time: 95.6651s
	iters: 300, epoch: 25 | loss: 0.1795755
	speed: 0.0308s/iter; left time: 94.5658s
	iters: 400, epoch: 25 | loss: 0.1779937
	speed: 0.0311s/iter; left time: 92.3230s
	iters: 500, epoch: 25 | loss: 0.1727742
	speed: 0.0302s/iter; left time: 86.8818s
Epoch: 25 cost time: 19.6193368434906
Epoch: 25, Steps: 562 | Train Loss: 0.1737516 Vali Loss: 0.1622527 Test Loss: 0.2081078
EarlyStopping counter: 14 out of 30
Updating learning rate to 7.37869762948383e-05
	iters: 100, epoch: 26 | loss: 0.1618571
	speed: 0.2471s/iter; left time: 669.8765s
	iters: 200, epoch: 26 | loss: 0.1710596
	speed: 0.0311s/iter; left time: 81.2863s
	iters: 300, epoch: 26 | loss: 0.1702993
	speed: 0.0310s/iter; left time: 77.8217s
	iters: 400, epoch: 26 | loss: 0.1691879
	speed: 0.0305s/iter; left time: 73.5194s
	iters: 500, epoch: 26 | loss: 0.1657253
	speed: 0.0299s/iter; left time: 69.0622s
Epoch: 26 cost time: 19.514360904693604
Epoch: 26, Steps: 562 | Train Loss: 0.1737040 Vali Loss: 0.1630297 Test Loss: 0.2086036
EarlyStopping counter: 15 out of 30
Updating learning rate to 5.902958103587064e-05
	iters: 100, epoch: 27 | loss: 0.1518008
	speed: 0.2484s/iter; left time: 533.7136s
	iters: 200, epoch: 27 | loss: 0.1818241
	speed: 0.0298s/iter; left time: 61.0853s
	iters: 300, epoch: 27 | loss: 0.1862787
	speed: 0.0313s/iter; left time: 60.9738s
	iters: 400, epoch: 27 | loss: 0.1794581
	speed: 0.0301s/iter; left time: 55.5629s
	iters: 500, epoch: 27 | loss: 0.1614465
	speed: 0.0316s/iter; left time: 55.2564s
Epoch: 27 cost time: 19.72826099395752
Epoch: 27, Steps: 562 | Train Loss: 0.1736629 Vali Loss: 0.1623027 Test Loss: 0.2084377
EarlyStopping counter: 16 out of 30
Updating learning rate to 4.722366482869652e-05
	iters: 100, epoch: 28 | loss: 0.1786637
	speed: 0.2552s/iter; left time: 404.9897s
	iters: 200, epoch: 28 | loss: 0.1920553
	speed: 0.0316s/iter; left time: 46.9780s
	iters: 300, epoch: 28 | loss: 0.1767995
	speed: 0.0312s/iter; left time: 43.2055s
	iters: 400, epoch: 28 | loss: 0.1739441
	speed: 0.0312s/iter; left time: 40.1553s
	iters: 500, epoch: 28 | loss: 0.1706652
	speed: 0.0311s/iter; left time: 36.9089s
Epoch: 28 cost time: 20.25018620491028
Epoch: 28, Steps: 562 | Train Loss: 0.1736390 Vali Loss: 0.1621550 Test Loss: 0.2090229
EarlyStopping counter: 17 out of 30
Updating learning rate to 3.777893186295722e-05
	iters: 100, epoch: 29 | loss: 0.1686925
	speed: 0.2500s/iter; left time: 256.2366s
	iters: 200, epoch: 29 | loss: 0.1557917
	speed: 0.0301s/iter; left time: 27.8187s
	iters: 300, epoch: 29 | loss: 0.1603407
	speed: 0.0309s/iter; left time: 25.4684s
	iters: 400, epoch: 29 | loss: 0.1855091
	speed: 0.0305s/iter; left time: 22.1431s
	iters: 500, epoch: 29 | loss: 0.1775221
	speed: 0.0306s/iter; left time: 19.1533s
Epoch: 29 cost time: 19.509005546569824
Epoch: 29, Steps: 562 | Train Loss: 0.1735976 Vali Loss: 0.1625797 Test Loss: 0.2086090
EarlyStopping counter: 18 out of 30
Updating learning rate to 3.0223145490365776e-05
	iters: 100, epoch: 30 | loss: 0.1796357
	speed: 0.2445s/iter; left time: 113.2229s
	iters: 200, epoch: 30 | loss: 0.1767457
	speed: 0.0309s/iter; left time: 11.2251s
	iters: 300, epoch: 30 | loss: 0.1757020
	speed: 0.0302s/iter; left time: 7.9430s
	iters: 400, epoch: 30 | loss: 0.1541052
	speed: 0.0304s/iter; left time: 4.9619s
	iters: 500, epoch: 30 | loss: 0.1849483
	speed: 0.0321s/iter; left time: 2.0227s
Epoch: 30 cost time: 19.65468692779541
Epoch: 30, Steps: 562 | Train Loss: 0.1735677 Vali Loss: 0.1629239 Test Loss: 0.2086825
EarlyStopping counter: 19 out of 30
Updating learning rate to 2.417851639229262e-05
>>>>>>>testing : Solar_96_720_CycleNet_Solar_ftM_sl96_pl720_cycle144_mlp_mrt1_seed2028<<<<<<<<<<<<<<<<<<<<<<<<<<<<<<<<<
test 9793
mse:0.21061743795871735, mae:0.26105666160583496
