Args in experiment:
Namespace(random_seed=2024, is_training=1, model_id='Solar_96_336', model='CycleNet', data='Solar', root_path='./dataset/Solar/', data_path='solar_AL.txt', features='M', target='OT', freq='h', checkpoints='./checkpoints/', seq_len=96, label_len=0, pred_len=336, cycle=144, cycle_mode='lookup', cycle_rank=4, model_type='mlp', use_revin=0, mrt_layers=0, freq_layers=0, freq_v2_layers=0, freq_v3_layers=0, freq_v4_layers=0, sgf_layers=0, sgf_prior_path='', freq_loss_alpha=0.8, fusion_mode='serial', fusion_order='mrt_freq', fusion_gate=0, fc_dropout=0.05, head_dropout=0.0, patch_len=16, stride=8, padding_patch='end', revin=0, affine=0, subtract_last=0, decomposition=0, kernel_size=25, individual=0, rnn_type='gru', dec_way='pmf', seg_len=48, channel_id=1, period_len=24, embed_type=0, enc_in=137, dec_in=7, c_out=7, d_model=512, n_heads=8, e_layers=2, d_layers=1, d_ff=2048, moving_avg=25, factor=1, distil=True, dropout=0, embed='timeF', activation='gelu', output_attention=False, do_predict=False, num_workers=10, itr=1, train_epochs=30, batch_size=64, patience=15, learning_rate=0.01, des='test', loss='mse', lradj='type3', pct_start=0.3, use_amp=False, use_gpu=True, gpu=0, use_multi_gpu=False, devices='0,1', test_flop=False)
Use GPU: cuda:0
>>>>>>>start training : Solar_96_336_CycleNet_Solar_ftM_sl96_pl336_cycle144_mlp_fredf08_seed2024>>>>>>>>>>>>>>>>>>>>>>>>>>
train 36361
val 4921
test 10177
	iters: 100, epoch: 1 | loss: 0.9482026
	speed: 0.0601s/iter; left time: 1018.5193s
	iters: 200, epoch: 1 | loss: 0.8797479
	speed: 0.0479s/iter; left time: 806.2637s
	iters: 300, epoch: 1 | loss: 0.9397265
	speed: 0.0429s/iter; left time: 718.5937s
	iters: 400, epoch: 1 | loss: 0.9653587
	speed: 0.0452s/iter; left time: 751.8535s
	iters: 500, epoch: 1 | loss: 0.9900234
	speed: 0.0491s/iter; left time: 812.3948s
Epoch: 1 cost time: 27.729856252670288
Epoch: 1, Steps: 568 | Train Loss: 0.9786306 Vali Loss: 0.1952763 Test Loss: 0.3163033
Validation loss decreased (inf --> 0.195276).  Saving model ...
Updating learning rate to 0.01
	iters: 100, epoch: 2 | loss: 0.8642439
	speed: 0.3339s/iter; left time: 5466.3550s
	iters: 200, epoch: 2 | loss: 0.8970283
	speed: 0.0435s/iter; left time: 708.5758s
	iters: 300, epoch: 2 | loss: 0.8519122
	speed: 0.0410s/iter; left time: 663.5946s
	iters: 400, epoch: 2 | loss: 0.8328106
	speed: 0.0502s/iter; left time: 806.7524s
	iters: 500, epoch: 2 | loss: 0.8445455
	speed: 0.0412s/iter; left time: 658.4821s
Epoch: 2 cost time: 26.76486611366272
Epoch: 2, Steps: 568 | Train Loss: 0.8864493 Vali Loss: 0.1698433 Test Loss: 0.2540534
Validation loss decreased (0.195276 --> 0.169843).  Saving model ...
Updating learning rate to 0.01
	iters: 100, epoch: 3 | loss: 0.8298558
	speed: 0.3571s/iter; left time: 5644.5027s
	iters: 200, epoch: 3 | loss: 0.8339521
	speed: 0.0455s/iter; left time: 714.0804s
	iters: 300, epoch: 3 | loss: 0.8374130
	speed: 0.0414s/iter; left time: 646.0240s
	iters: 400, epoch: 3 | loss: 0.8217433
	speed: 0.0422s/iter; left time: 654.7277s
	iters: 500, epoch: 3 | loss: 0.7900517
	speed: 0.0489s/iter; left time: 752.7760s
Epoch: 3 cost time: 26.890642404556274
Epoch: 3, Steps: 568 | Train Loss: 0.8293860 Vali Loss: 0.1689640 Test Loss: 0.2360675
Validation loss decreased (0.169843 --> 0.168964).  Saving model ...
Updating learning rate to 0.01
	iters: 100, epoch: 4 | loss: 0.8200715
	speed: 0.3429s/iter; left time: 5225.4802s
	iters: 200, epoch: 4 | loss: 0.8815162
	speed: 0.0434s/iter; left time: 657.4051s
	iters: 300, epoch: 4 | loss: 0.8115675
	speed: 0.0432s/iter; left time: 650.2249s
	iters: 400, epoch: 4 | loss: 0.7891256
	speed: 0.0438s/iter; left time: 653.7987s
	iters: 500, epoch: 4 | loss: 0.8112216
	speed: 0.0441s/iter; left time: 653.7572s
Epoch: 4 cost time: 25.873757123947144
Epoch: 4, Steps: 568 | Train Loss: 0.8271591 Vali Loss: 0.1716599 Test Loss: 0.2434916
EarlyStopping counter: 1 out of 15
Updating learning rate to 0.008
	iters: 100, epoch: 5 | loss: 0.7688025
	speed: 0.3620s/iter; left time: 5309.5853s
	iters: 200, epoch: 5 | loss: 0.8027933
	speed: 0.0434s/iter; left time: 631.9787s
	iters: 300, epoch: 5 | loss: 0.8101788
	speed: 0.0478s/iter; left time: 691.3805s
	iters: 400, epoch: 5 | loss: 0.8478737
	speed: 0.0455s/iter; left time: 654.3361s
	iters: 500, epoch: 5 | loss: 0.8229713
	speed: 0.0450s/iter; left time: 642.4758s
Epoch: 5 cost time: 26.327579498291016
Epoch: 5, Steps: 568 | Train Loss: 0.8192071 Vali Loss: 0.1669738 Test Loss: 0.2275818
Validation loss decreased (0.168964 --> 0.166974).  Saving model ...
Updating learning rate to 0.006400000000000001
	iters: 100, epoch: 6 | loss: 0.7826473
	speed: 0.3633s/iter; left time: 5123.0314s
	iters: 200, epoch: 6 | loss: 0.7853244
	speed: 0.0419s/iter; left time: 586.6943s
	iters: 300, epoch: 6 | loss: 0.8307419
	speed: 0.0438s/iter; left time: 608.2072s
	iters: 400, epoch: 6 | loss: 0.8677326
	speed: 0.0425s/iter; left time: 586.5537s
	iters: 500, epoch: 6 | loss: 0.8201877
	speed: 0.0450s/iter; left time: 615.9397s
Epoch: 6 cost time: 26.154318809509277
Epoch: 6, Steps: 568 | Train Loss: 0.8157103 Vali Loss: 0.1778701 Test Loss: 0.2390390
EarlyStopping counter: 1 out of 15
Updating learning rate to 0.005120000000000001
	iters: 100, epoch: 7 | loss: 0.8177873
	speed: 0.3501s/iter; left time: 4737.4703s
	iters: 200, epoch: 7 | loss: 0.8341253
	speed: 0.0528s/iter; left time: 709.6319s
	iters: 300, epoch: 7 | loss: 0.8398243
	speed: 0.0451s/iter; left time: 601.7058s
	iters: 400, epoch: 7 | loss: 0.7897451
	speed: 0.0427s/iter; left time: 564.9310s
	iters: 500, epoch: 7 | loss: 0.8173057
	speed: 0.0448s/iter; left time: 588.6081s
Epoch: 7 cost time: 27.776060104370117
Epoch: 7, Steps: 568 | Train Loss: 0.8116475 Vali Loss: 0.1675842 Test Loss: 0.2257932
EarlyStopping counter: 2 out of 15
Updating learning rate to 0.004096000000000001
	iters: 100, epoch: 8 | loss: 0.8298181
	speed: 0.3406s/iter; left time: 4415.6727s
	iters: 200, epoch: 8 | loss: 0.8083179
	speed: 0.0497s/iter; left time: 639.3603s
	iters: 300, epoch: 8 | loss: 0.8217309
	speed: 0.0478s/iter; left time: 609.8632s
	iters: 400, epoch: 8 | loss: 0.8273144
	speed: 0.0468s/iter; left time: 592.5413s
	iters: 500, epoch: 8 | loss: 0.8063539
	speed: 0.0419s/iter; left time: 526.1669s
Epoch: 8 cost time: 27.47311305999756
Epoch: 8, Steps: 568 | Train Loss: 0.8089765 Vali Loss: 0.1643599 Test Loss: 0.2188546
Validation loss decreased (0.166974 --> 0.164360).  Saving model ...
Updating learning rate to 0.0032768000000000007
	iters: 100, epoch: 9 | loss: 0.8255572
	speed: 0.3432s/iter; left time: 4254.7808s
	iters: 200, epoch: 9 | loss: 0.7915454
	speed: 0.0320s/iter; left time: 393.7567s
	iters: 300, epoch: 9 | loss: 0.8356951
	speed: 0.0486s/iter; left time: 592.2495s
	iters: 400, epoch: 9 | loss: 0.7793034
	speed: 0.0458s/iter; left time: 554.4328s
	iters: 500, epoch: 9 | loss: 0.7439202
	speed: 0.0457s/iter; left time: 548.5812s
Epoch: 9 cost time: 25.045444011688232
Epoch: 9, Steps: 568 | Train Loss: 0.8059059 Vali Loss: 0.1700074 Test Loss: 0.2181335
EarlyStopping counter: 1 out of 15
Updating learning rate to 0.002621440000000001
	iters: 100, epoch: 10 | loss: 0.7934051
	speed: 0.3454s/iter; left time: 4085.1468s
	iters: 200, epoch: 10 | loss: 0.7847844
	speed: 0.0400s/iter; left time: 469.5147s
	iters: 300, epoch: 10 | loss: 0.8462615
	speed: 0.0480s/iter; left time: 558.5282s
	iters: 400, epoch: 10 | loss: 0.7736326
	speed: 0.0395s/iter; left time: 455.4310s
	iters: 500, epoch: 10 | loss: 0.8642077
	speed: 0.0465s/iter; left time: 531.9419s
Epoch: 10 cost time: 26.86888027191162
Epoch: 10, Steps: 568 | Train Loss: 0.8036647 Vali Loss: 0.1682556 Test Loss: 0.2187717
EarlyStopping counter: 2 out of 15
Updating learning rate to 0.002097152000000001
	iters: 100, epoch: 11 | loss: 0.7940404
	speed: 0.3640s/iter; left time: 4099.0700s
	iters: 200, epoch: 11 | loss: 0.8057929
	speed: 0.0459s/iter; left time: 511.8476s
	iters: 300, epoch: 11 | loss: 0.8272071
	speed: 0.0427s/iter; left time: 472.2480s
	iters: 400, epoch: 11 | loss: 0.8082302
	speed: 0.0462s/iter; left time: 506.3940s
	iters: 500, epoch: 11 | loss: 0.8265792
	speed: 0.0399s/iter; left time: 432.9268s
Epoch: 11 cost time: 26.577616691589355
Epoch: 11, Steps: 568 | Train Loss: 0.8022072 Vali Loss: 0.1660195 Test Loss: 0.2194020
EarlyStopping counter: 3 out of 15
Updating learning rate to 0.001677721600000001
	iters: 100, epoch: 12 | loss: 0.8144728
	speed: 0.3597s/iter; left time: 3846.7653s
	iters: 200, epoch: 12 | loss: 0.8168178
	speed: 0.0459s/iter; left time: 486.3626s
	iters: 300, epoch: 12 | loss: 0.8011847
	speed: 0.0437s/iter; left time: 458.5776s
	iters: 400, epoch: 12 | loss: 0.7807755
	speed: 0.0418s/iter; left time: 434.2761s
	iters: 500, epoch: 12 | loss: 0.8473368
	speed: 0.0466s/iter; left time: 479.9022s
Epoch: 12 cost time: 26.504009246826172
Epoch: 12, Steps: 568 | Train Loss: 0.8006360 Vali Loss: 0.1653927 Test Loss: 0.2126570
EarlyStopping counter: 4 out of 15
Updating learning rate to 0.0013421772800000006
	iters: 100, epoch: 13 | loss: 0.7892067
	speed: 0.3466s/iter; left time: 3508.9424s
	iters: 200, epoch: 13 | loss: 0.7765168
	speed: 0.0453s/iter; left time: 453.8284s
	iters: 300, epoch: 13 | loss: 0.7764769
	speed: 0.0453s/iter; left time: 449.3051s
	iters: 400, epoch: 13 | loss: 0.8617998
	speed: 0.0451s/iter; left time: 443.0185s
	iters: 500, epoch: 13 | loss: 0.8546214
	speed: 0.0441s/iter; left time: 428.8787s
Epoch: 13 cost time: 26.606034755706787
Epoch: 13, Steps: 568 | Train Loss: 0.7996741 Vali Loss: 0.1680488 Test Loss: 0.2183023
EarlyStopping counter: 5 out of 15
Updating learning rate to 0.0010737418240000006
	iters: 100, epoch: 14 | loss: 0.8335075
	speed: 0.3633s/iter; left time: 3471.8152s
	iters: 200, epoch: 14 | loss: 0.7554026
	speed: 0.0455s/iter; left time: 430.1787s
	iters: 300, epoch: 14 | loss: 0.8457484
	speed: 0.0436s/iter; left time: 408.4103s
	iters: 400, epoch: 14 | loss: 0.8265388
	speed: 0.0451s/iter; left time: 417.6262s
	iters: 500, epoch: 14 | loss: 0.8307824
	speed: 0.0429s/iter; left time: 392.4796s
Epoch: 14 cost time: 26.353052377700806
Epoch: 14, Steps: 568 | Train Loss: 0.7981189 Vali Loss: 0.1661065 Test Loss: 0.2152016
EarlyStopping counter: 6 out of 15
Updating learning rate to 0.0008589934592000006
	iters: 100, epoch: 15 | loss: 0.7875609
	speed: 0.3562s/iter; left time: 3201.9619s
	iters: 200, epoch: 15 | loss: 0.7509770
	speed: 0.0425s/iter; left time: 378.1709s
	iters: 300, epoch: 15 | loss: 0.7524744
	speed: 0.0431s/iter; left time: 378.8356s
	iters: 400, epoch: 15 | loss: 0.7738650
	speed: 0.0433s/iter; left time: 376.2153s
	iters: 500, epoch: 15 | loss: 0.8070510
	speed: 0.0436s/iter; left time: 374.2843s
Epoch: 15 cost time: 26.407854557037354
Epoch: 15, Steps: 568 | Train Loss: 0.7972685 Vali Loss: 0.1644557 Test Loss: 0.2131709
EarlyStopping counter: 7 out of 15
Updating learning rate to 0.0006871947673600004
	iters: 100, epoch: 16 | loss: 0.7777343
	speed: 0.3522s/iter; left time: 2965.6464s
	iters: 200, epoch: 16 | loss: 0.7992185
	speed: 0.0506s/iter; left time: 420.6959s
	iters: 300, epoch: 16 | loss: 0.8036132
	speed: 0.0484s/iter; left time: 398.1646s
	iters: 400, epoch: 16 | loss: 0.8417788
	speed: 0.0403s/iter; left time: 327.3079s
	iters: 500, epoch: 16 | loss: 0.8241687
	speed: 0.0444s/iter; left time: 355.9032s
Epoch: 16 cost time: 28.282459497451782
Epoch: 16, Steps: 568 | Train Loss: 0.7961855 Vali Loss: 0.1658813 Test Loss: 0.2127284
EarlyStopping counter: 8 out of 15
Updating learning rate to 0.0005497558138880004
	iters: 100, epoch: 17 | loss: 0.7673101
	speed: 0.3542s/iter; left time: 2781.1741s
	iters: 200, epoch: 17 | loss: 0.8305883
	speed: 0.0491s/iter; left time: 380.6251s
	iters: 300, epoch: 17 | loss: 0.7646455
	speed: 0.0459s/iter; left time: 351.1535s
	iters: 400, epoch: 17 | loss: 0.7984339
	speed: 0.0443s/iter; left time: 334.2678s
	iters: 500, epoch: 17 | loss: 0.8164879
	speed: 0.0392s/iter; left time: 292.0598s
Epoch: 17 cost time: 26.35211443901062
Epoch: 17, Steps: 568 | Train Loss: 0.7953803 Vali Loss: 0.1657770 Test Loss: 0.2138606
EarlyStopping counter: 9 out of 15
Updating learning rate to 0.00043980465111040037
	iters: 100, epoch: 18 | loss: 0.7910699
	speed: 0.3409s/iter; left time: 2483.4630s
	iters: 200, epoch: 18 | loss: 0.7850296
	speed: 0.0484s/iter; left time: 347.8706s
	iters: 300, epoch: 18 | loss: 0.8357465
	speed: 0.0442s/iter; left time: 313.4994s
	iters: 400, epoch: 18 | loss: 0.8179770
	speed: 0.0477s/iter; left time: 333.2973s
	iters: 500, epoch: 18 | loss: 0.7788458
	speed: 0.0458s/iter; left time: 315.2063s
Epoch: 18 cost time: 27.364208459854126
Epoch: 18, Steps: 568 | Train Loss: 0.7949306 Vali Loss: 0.1637073 Test Loss: 0.2130207
Validation loss decreased (0.164360 --> 0.163707).  Saving model ...
Updating learning rate to 0.0003518437208883203
	iters: 100, epoch: 19 | loss: 0.7689978
	speed: 0.3373s/iter; left time: 2265.9734s
	iters: 200, epoch: 19 | loss: 0.7910797
	speed: 0.0408s/iter; left time: 269.9174s
	iters: 300, epoch: 19 | loss: 0.8029778
	speed: 0.0486s/iter; left time: 316.4468s
	iters: 400, epoch: 19 | loss: 0.7935474
	speed: 0.0415s/iter; left time: 266.2019s
	iters: 500, epoch: 19 | loss: 0.8209929
	speed: 0.0498s/iter; left time: 314.4053s
Epoch: 19 cost time: 26.814696550369263
Epoch: 19, Steps: 568 | Train Loss: 0.7943147 Vali Loss: 0.1657024 Test Loss: 0.2136410
EarlyStopping counter: 1 out of 15
Updating learning rate to 0.00028147497671065624
	iters: 100, epoch: 20 | loss: 0.8298274
	speed: 0.2666s/iter; left time: 1639.4244s
	iters: 200, epoch: 20 | loss: 0.7680992
	speed: 0.0420s/iter; left time: 254.2997s
	iters: 300, epoch: 20 | loss: 0.8377630
	speed: 0.0368s/iter; left time: 219.2050s
	iters: 400, epoch: 20 | loss: 0.8080204
	speed: 0.0304s/iter; left time: 178.0143s
	iters: 500, epoch: 20 | loss: 0.7713130
	speed: 0.0272s/iter; left time: 156.4501s
Epoch: 20 cost time: 20.277923822402954
Epoch: 20, Steps: 568 | Train Loss: 0.7937845 Vali Loss: 0.1636313 Test Loss: 0.2162960
Validation loss decreased (0.163707 --> 0.163631).  Saving model ...
Updating learning rate to 0.00022517998136852504
	iters: 100, epoch: 21 | loss: 0.7157621
	speed: 0.1987s/iter; left time: 1108.7413s
	iters: 200, epoch: 21 | loss: 0.8097789
	speed: 0.0284s/iter; left time: 155.5033s
	iters: 300, epoch: 21 | loss: 0.8038367
	speed: 0.0265s/iter; left time: 142.5692s
	iters: 400, epoch: 21 | loss: 0.7962635
	speed: 0.0264s/iter; left time: 139.4432s
	iters: 500, epoch: 21 | loss: 0.8440411
	speed: 0.0284s/iter; left time: 147.1195s
Epoch: 21 cost time: 17.317356824874878
Epoch: 21, Steps: 568 | Train Loss: 0.7933043 Vali Loss: 0.1651375 Test Loss: 0.2144964
EarlyStopping counter: 1 out of 15
Updating learning rate to 0.00018014398509482002
	iters: 100, epoch: 22 | loss: 0.8422595
	speed: 0.1962s/iter; left time: 983.7153s
	iters: 200, epoch: 22 | loss: 0.8515629
	speed: 0.0365s/iter; left time: 179.2646s
	iters: 300, epoch: 22 | loss: 0.7195277
	speed: 0.0334s/iter; left time: 160.8441s
	iters: 400, epoch: 22 | loss: 0.8055159
	speed: 0.0290s/iter; left time: 136.8143s
	iters: 500, epoch: 22 | loss: 0.7801158
	speed: 0.0270s/iter; left time: 124.6837s
Epoch: 22 cost time: 18.498682022094727
Epoch: 22, Steps: 568 | Train Loss: 0.7930889 Vali Loss: 0.1633468 Test Loss: 0.2125238
Validation loss decreased (0.163631 --> 0.163347).  Saving model ...
Updating learning rate to 0.00014411518807585602
	iters: 100, epoch: 23 | loss: 0.7984527
	speed: 0.1918s/iter; left time: 852.7568s
	iters: 200, epoch: 23 | loss: 0.8350522
	speed: 0.0295s/iter; left time: 128.0076s
	iters: 300, epoch: 23 | loss: 0.7934719
	speed: 0.0404s/iter; left time: 171.3891s
	iters: 400, epoch: 23 | loss: 0.8522304
	speed: 0.0442s/iter; left time: 183.3393s
	iters: 500, epoch: 23 | loss: 0.7732720
	speed: 0.0419s/iter; left time: 169.6199s
Epoch: 23 cost time: 22.926832914352417
Epoch: 23, Steps: 568 | Train Loss: 0.7927262 Vali Loss: 0.1641543 Test Loss: 0.2114426
EarlyStopping counter: 1 out of 15
Updating learning rate to 0.00011529215046068484
	iters: 100, epoch: 24 | loss: 0.7936289
	speed: 0.3442s/iter; left time: 1334.3671s
	iters: 200, epoch: 24 | loss: 0.8104035
	speed: 0.0373s/iter; left time: 140.8006s
	iters: 300, epoch: 24 | loss: 0.8323814
	speed: 0.0451s/iter; left time: 165.8968s
	iters: 400, epoch: 24 | loss: 0.7833456
	speed: 0.0419s/iter; left time: 149.7515s
	iters: 500, epoch: 24 | loss: 0.8103592
	speed: 0.0422s/iter; left time: 146.8503s
Epoch: 24 cost time: 24.278366804122925
Epoch: 24, Steps: 568 | Train Loss: 0.7925823 Vali Loss: 0.1643000 Test Loss: 0.2140154
EarlyStopping counter: 2 out of 15
Updating learning rate to 9.223372036854788e-05
	iters: 100, epoch: 25 | loss: 0.8295795
	speed: 0.3137s/iter; left time: 1037.9448s
	iters: 200, epoch: 25 | loss: 0.7639017
	speed: 0.0459s/iter; left time: 147.3962s
	iters: 300, epoch: 25 | loss: 0.8041213
	speed: 0.0395s/iter; left time: 122.6755s
	iters: 400, epoch: 25 | loss: 0.8094897
	speed: 0.0436s/iter; left time: 131.3121s
	iters: 500, epoch: 25 | loss: 0.7889771
	speed: 0.0452s/iter; left time: 131.3452s
Epoch: 25 cost time: 25.610406398773193
Epoch: 25, Steps: 568 | Train Loss: 0.7923587 Vali Loss: 0.1647543 Test Loss: 0.2134388
EarlyStopping counter: 3 out of 15
Updating learning rate to 7.37869762948383e-05
	iters: 100, epoch: 26 | loss: 0.8055339
	speed: 0.3379s/iter; left time: 926.2114s
	iters: 200, epoch: 26 | loss: 0.8263433
	speed: 0.0420s/iter; left time: 110.8542s
	iters: 300, epoch: 26 | loss: 0.8002153
	speed: 0.0407s/iter; left time: 103.4688s
	iters: 400, epoch: 26 | loss: 0.8018432
	speed: 0.0421s/iter; left time: 102.8288s
	iters: 500, epoch: 26 | loss: 0.7966822
	speed: 0.0433s/iter; left time: 101.3907s
Epoch: 26 cost time: 25.081587314605713
Epoch: 26, Steps: 568 | Train Loss: 0.7922282 Vali Loss: 0.1640660 Test Loss: 0.2123036
EarlyStopping counter: 4 out of 15
Updating learning rate to 5.902958103587064e-05
	iters: 100, epoch: 27 | loss: 0.8076068
	speed: 0.3231s/iter; left time: 702.0502s
	iters: 200, epoch: 27 | loss: 0.7820560
	speed: 0.0457s/iter; left time: 94.7326s
	iters: 300, epoch: 27 | loss: 0.8128862
	speed: 0.0432s/iter; left time: 85.2844s
	iters: 400, epoch: 27 | loss: 0.7958361
	speed: 0.0454s/iter; left time: 84.9966s
	iters: 500, epoch: 27 | loss: 0.7748296
	speed: 0.0427s/iter; left time: 75.7920s
Epoch: 27 cost time: 26.173744440078735
Epoch: 27, Steps: 568 | Train Loss: 0.7920868 Vali Loss: 0.1644348 Test Loss: 0.2136943
EarlyStopping counter: 5 out of 15
Updating learning rate to 4.722366482869652e-05
	iters: 100, epoch: 28 | loss: 0.7789634
	speed: 0.3282s/iter; left time: 526.7156s
	iters: 200, epoch: 28 | loss: 0.7721556
	speed: 0.0449s/iter; left time: 67.5494s
	iters: 300, epoch: 28 | loss: 0.7626225
	speed: 0.0394s/iter; left time: 55.4172s
	iters: 400, epoch: 28 | loss: 0.7407613
	speed: 0.0426s/iter; left time: 55.6367s
	iters: 500, epoch: 28 | loss: 0.7154620
	speed: 0.0452s/iter; left time: 54.5088s
Epoch: 28 cost time: 25.85028862953186
Epoch: 28, Steps: 568 | Train Loss: 0.7919728 Vali Loss: 0.1633245 Test Loss: 0.2136421
Validation loss decreased (0.163347 --> 0.163325).  Saving model ...
Updating learning rate to 3.777893186295722e-05
	iters: 100, epoch: 29 | loss: 0.8032303
	speed: 0.3426s/iter; left time: 355.2893s
	iters: 200, epoch: 29 | loss: 0.8141129
	speed: 0.0440s/iter; left time: 41.2346s
	iters: 300, epoch: 29 | loss: 0.8265955
	speed: 0.0467s/iter; left time: 39.1020s
	iters: 400, epoch: 29 | loss: 0.8252433
	speed: 0.0450s/iter; left time: 33.1657s
	iters: 500, epoch: 29 | loss: 0.7886832
	speed: 0.0450s/iter; left time: 28.6573s
Epoch: 29 cost time: 27.271920680999756
Epoch: 29, Steps: 568 | Train Loss: 0.7918656 Vali Loss: 0.1636279 Test Loss: 0.2142713
EarlyStopping counter: 1 out of 15
Updating learning rate to 3.0223145490365776e-05
	iters: 100, epoch: 30 | loss: 0.8064932
	speed: 0.3395s/iter; left time: 159.2384s
	iters: 200, epoch: 30 | loss: 0.7902797
	speed: 0.0469s/iter; left time: 17.2883s
	iters: 300, epoch: 30 | loss: 0.7825625
	speed: 0.0436s/iter; left time: 11.7156s
	iters: 400, epoch: 30 | loss: 0.8307055
	speed: 0.0433s/iter; left time: 7.3097s
	iters: 500, epoch: 30 | loss: 0.7797729
	speed: 0.0387s/iter; left time: 2.6717s
Epoch: 30 cost time: 25.952395915985107
Epoch: 30, Steps: 568 | Train Loss: 0.7917528 Vali Loss: 0.1644532 Test Loss: 0.2133047
EarlyStopping counter: 2 out of 15
Updating learning rate to 2.417851639229262e-05
>>>>>>>testing : Solar_96_336_CycleNet_Solar_ftM_sl96_pl336_cycle144_mlp_fredf08_seed2024<<<<<<<<<<<<<<<<<<<<<<<<<<<<<<<<<
test 10177
mse:0.21214620769023895, mae:0.25603345036506653, smape:40.02130329608917
Traceback (most recent call last):
  File "/data/data_huaji/timeSeries/CycleNetBaseLine/run.py", line 234, in <module>
    exp.test(setting)
  File "/data/data_huaji/timeSeries/CycleNetBaseLine/exp/exp_main.py", line 337, in test
    np.save(folder_path + 'metrics.npy', np.array([mae, mse, rmse, mape, mspe, rse, corr, smape]))
ValueError: setting an array element with a sequence. The requested array has an inhomogeneous shape after 1 dimensions. The detected shape was (8,) + inhomogeneous part.
