Device: cuda:0
Dataset: solar | Pred len: 720 | Seed: 2024
Stage3 FreDF: False

============================================================
STAGE 1: Train MRT only (freq_layers=0)
============================================================
train 35977
val 4537
test 9793
Traceback (most recent call last):
  File "/data/data_huaji/timeSeries/CycleNetBaseLine/scripts/multi_stage_train.py", line 537, in <module>
    stage1_path = stage1_train_mrt(base_args, device)
  File "/data/data_huaji/timeSeries/CycleNetBaseLine/scripts/multi_stage_train.py", line 345, in stage1_train_mrt
    train_loss = train_one_epoch(model, train_loader, optimizer, criterion, device, args, scheduler, epoch)
  File "/data/data_huaji/timeSeries/CycleNetBaseLine/scripts/multi_stage_train.py", line 234, in train_one_epoch
    loss.backward()
  File "/data/data_linsf/Anaconda3/envs/TimeSeries_huaji/lib/python3.10/site-packages/torch/_tensor.py", line 487, in backward
    torch.autograd.backward(
  File "/data/data_linsf/Anaconda3/envs/TimeSeries_huaji/lib/python3.10/site-packages/torch/autograd/__init__.py", line 200, in backward
    Variable._execution_engine.run_backward(  # Calls into the C++ engine to run the backward pass
torch.cuda.OutOfMemoryError: CUDA out of memory. Tried to allocate 50.00 MiB (GPU 0; 23.69 GiB total capacity; 178.34 MiB already allocated; 47.19 MiB free; 202.00 MiB reserved in total by PyTorch) If reserved memory is >> allocated memory try setting max_split_size_mb to avoid fragmentation.  See documentation for Memory Management and PYTORCH_CUDA_ALLOC_CONF
